03:11:26.628 [main                     ] DEBUG Logger               - Configured Logger
03:11:26.649 [main                     ] DEBUG GameApplication      - Logging settings
Title: Bomberman Game
Version: 1.0
Width: 480
Height: 480
Fullscreen: false
Intro: false
Profiling: false
Single step:false
App Mode: DEVELOPER
Menu Key: ESCAPE
Stage Style: DECORATED
Scene Factory: class com.almasb.fxgl.app.scene.SceneFactory

03:11:27.006 [JavaFX Application Thread] DEBUG FXGLApplication      - Initializing FXGL
03:11:27.011 [JavaFX Application Thread] INFO  Engine               - FXGL-17.3 (30.03.2023 11.49) on WINDOWS (J:23.0.2 FX:17.0.6)
03:11:27.011 [JavaFX Application Thread] DEBUG Engine               - JRE Vendor Name: Oracle Corporation
03:11:27.011 [JavaFX Application Thread] DEBUG Engine               - Running on OS: Windows 11 version 10.0
03:11:27.011 [JavaFX Application Thread] DEBUG Engine               - Architecture: amd64
03:11:27.012 [JavaFX Application Thread] INFO  Engine               - Source code and latest versions at: https://github.com/AlmasB/FXGL
03:11:27.012 [JavaFX Application Thread] INFO  Engine               -       Ask questions and discuss at: https://github.com/AlmasB/FXGL/discussions
03:11:27.012 [JavaFX Application Thread] INFO  Engine               -              Join the FXGL chat at: https://gitter.im/AlmasB/FXGL
03:11:27.103 [JavaFX Application Thread] DEBUG PrimaryStageWindow   - Creating a JavaFX scene
03:11:27.152 [JavaFX Application Thread] DEBUG PrimaryStageWindow   - Target settings size: 480.0 x 480.0
03:11:27.154 [JavaFX Application Thread] DEBUG PrimaryStageWindow   - Scaled scene size:    480.0 x 480.0
03:11:27.154 [JavaFX Application Thread] DEBUG PrimaryStageWindow   - Scaled ratio: (1.0, 1.0)
03:11:27.155 [JavaFX Application Thread] DEBUG PrimaryStageWindow   - Set initial scene to FXGLStartupScene
03:11:27.160 [JavaFX Application Thread] DEBUG PrimaryStageWindow   - Opening main window
03:11:27.238 [JavaFX Application Thread] DEBUG PrimaryStageWindow   - Window border size: (14.666656494140625, 37.33331298828125)
03:11:27.238 [JavaFX Application Thread] DEBUG PrimaryStageWindow   - Scaled size: 480.0 x 480.0
03:11:27.238 [JavaFX Application Thread] DEBUG PrimaryStageWindow   - Scaled ratio: (1.0, 1.0)
03:11:27.240 [JavaFX Application Thread] DEBUG PrimaryStageWindow   - Scene size: 480.0 x 480.0
03:11:27.240 [JavaFX Application Thread] DEBUG PrimaryStageWindow   - Stage size: 494.6666564941406 x 517.3333129882812
03:11:27.246 [FXGL Background Thread 1 ] DEBUG Engine               - Initializing environment variables
03:11:27.330 [FXGL Background Thread 1 ] DEBUG FXGLAssetLoaderServi - User app class for loading assets: class org.example.demo.HelloApplication
03:11:27.330 [FXGL Background Thread 1 ] DEBUG GameApplicationServi - Applying CSS: fxgl_dark.css
03:11:27.331 [FXGL Background Thread 1 ] DEBUG FXGLAssetLoaderServi - Loading from file system: jar:file:///C:/Users/admin/.m2/repository/com/github/almasb/fxgl/17.3/fxgl-17.3.jar!/fxglassets/ui/css/fxgl_dark.css
03:11:27.381 [FXGL Background Thread 1 ] DEBUG GameApplicationServi - Initializing application scenes
03:11:27.425 [FXGL Background Thread 1 ] DEBUG GameWorld            - Game world initialized
03:11:27.503 [FXGL Background Thread 1 ] DEBUG PhysicsWorld         - Physics world initialized: appHeight=480, physics.ppm=50.0
03:11:27.503 [FXGL Background Thread 1 ] DEBUG PhysicsWorld         - Using strategy: BRUTE_FORCE
03:11:27.507 [FXGL Background Thread 1 ] DEBUG GameScene            - Game scene initialized: 480x480
03:11:27.520 [FXGL Background Thread 1 ] WARN  FXGL.DefaultMenu     - FXGLDefaultMenu is not designed for resolutions < 800x600
03:11:27.520 [FXGL Background Thread 1 ] DEBUG FXGL.DefaultMenu     - createMenuBodyGameMenu()
03:11:27.531 [FXGL Background Thread 1 ] DEBUG FXGL.DefaultMenu     - createOptionsMenu()
03:11:27.542 [FXGL Background Thread 1 ] DEBUG FXGLAssetLoaderServi - Loading from file system: jar:file:///C:/Users/admin/.m2/repository/com/github/almasb/fxgl/17.3/fxgl-17.3.jar!/fxglassets/textures/particles/smoke.png
03:11:27.629 [FXGL Background Thread 1 ] DEBUG FXGLAssetLoaderServi - Loading from file system: jar:file:///C:/Users/admin/.m2/repository/com/github/almasb/fxgl/17.3/fxgl-17.3.jar!/fxglassets/textures/particles/trace_horizontal.png
03:11:27.658 [FXGL Background Thread 1 ] DEBUG GameApplicationServi - Application scenes initialized
03:11:27.669 [FXGL Background Thread 1 ] DEBUG SystemBundleService  - Loading FXGL system data
03:11:27.673 [FXGL Background Thread 1 ] DEBUG FileSystemAccess     - Reading from: C:\Users\admin\OneDrive\Máy tính\btl\baitaplonOOP\system\fxgl.bundle
03:11:27.679 [FXGL Background Thread 1 ] DEBUG SystemBundleService  - Bundle FXGL: {}
03:11:27.679 [FXGL Background Thread 1 ] DEBUG UpdaterService       - Checking for updates
03:11:27.683 [FXGL Background Thread 4 ] DEBUG FXGLApplication      - Loading fonts
03:11:27.684 [FXGL Background Thread 4 ] DEBUG FXGLAssetLoaderServi - Loading from file system: jar:file:///C:/Users/admin/.m2/repository/com/github/almasb/fxgl/17.3/fxgl-17.3.jar!/fxglassets/ui/fonts/VarelaRound-Regular.ttf
03:11:27.684 [FXGL Background Thread 1 ] DEBUG FXGLApplication      - Loading default localization
03:11:27.685 [FXGL Background Thread 1 ] DEBUG FXGLAssetLoaderServi - Loading from file system: jar:file:///C:/Users/admin/.m2/repository/com/github/almasb/fxgl/17.3/fxgl-17.3.jar!/fxglassets/languages/english.lang
03:11:27.706 [FXGL Background Thread 1 ] INFO  FXGLApplication      - FXGL initialization took: 0.460 sec
03:11:27.706 [JavaFX Application Thread] DEBUG Input                - Clearing active input actions
03:11:27.716 [JavaFX Application Thread] DEBUG Input                - Registered new binding: Move Up - W
03:11:27.716 [JavaFX Application Thread] DEBUG Input                - Registered new binding: Move Down - S
03:11:27.716 [JavaFX Application Thread] DEBUG Input                - Registered new binding: Move Left - A
03:11:27.717 [JavaFX Application Thread] DEBUG Input                - Registered new binding: Move Right - D
03:11:27.717 [JavaFX Application Thread] DEBUG Input                - Registered new binding: Đặt bom - Space
03:11:27.718 [JavaFX Application Thread] DEBUG FXGLAssetLoaderServi - Loading from file system: jar:file:///C:/Users/admin/.m2/repository/com/github/almasb/fxgl/17.3/fxgl-17.3.jar!/fxglassets/textures/fxgl_icon.png
03:11:27.736 [FXGL Background Thread 4 ] DEBUG FXGLAssetLoaderServi - Loading from file system: jar:file:///C:/Users/admin/.m2/repository/com/github/almasb/fxgl/17.3/fxgl-17.3.jar!/fxglassets/ui/fonts/Abel-Regular.ttf
03:11:27.741 [JavaFX Application Thread] DEBUG FXGLAssetLoaderServi - Loading from file system: jar:file:///C:/Users/admin/.m2/repository/com/github/almasb/fxgl/17.3/fxgl-17.3.jar!/fxglassets/textures/fxgl_default_cursor.png
03:11:27.743 [JavaFX Application Thread] DEBUG Input                - Registered new binding: Screenshot - CTRL+8
03:11:27.744 [JavaFX Application Thread] DEBUG Input                - Registered new binding: System info dump - CTRL+9
03:11:27.744 [JavaFX Application Thread] DEBUG Input                - Registered new binding: Restart - CTRL+R
03:11:27.745 [JavaFX Application Thread] DEBUG Input                - Registered new binding: Toggle Debug Camera - CTRL+7
03:11:27.750 [JavaFX Application Thread] DEBUG LoopRunner           - Starting loop
03:11:27.750 [JavaFX Application Thread] DEBUG LoopRunner           - Initializing JavaFX AnimationTimerLoop
03:11:27.752 [JavaFX Application Thread] DEBUG GameApplicationServi - Starting new game
03:11:27.753 [JavaFX Application Thread] DEBUG Input                - Clearing active input actions
03:11:27.754 [FXGL Background Thread 4 ] DEBUG FXGLAssetLoaderServi - Loading from file system: jar:file:///C:/Users/admin/.m2/repository/com/github/almasb/fxgl/17.3/fxgl-17.3.jar!/fxglassets/ui/fonts/TerminalLandMono-Regular.otf
03:11:27.768 [JavaFX Application Thread] DEBUG GameApplicationServi - Removing overlay from FXGLStartupScene and adding to FXGLLoadingScene
03:11:27.769 [JavaFX Application Thread] DEBUG PrimaryStageWindow   - FXGLStartupScene -> FXGLLoadingScene
03:11:27.769 [JavaFX Application Thread] DEBUG GameApplicationServi - Clearing previous game
03:11:27.769 [JavaFX Application Thread] DEBUG GameScene            - Clearing game scene
03:11:27.769 [JavaFX Application Thread] DEBUG GameWorld            - Clearing game world
03:11:27.769 [JavaFX Application Thread] DEBUG PhysicsWorld         - Clearing physics world
03:11:27.771 [FXGL Background Thread 4 ] DEBUG FXGLAssetLoaderServi - Loading from file system: jar:file:///C:/Users/admin/.m2/repository/com/github/almasb/fxgl/17.3/fxgl-17.3.jar!/fxglassets/ui/fonts/Courier-Prime.ttf
03:11:27.771 [FXGL Background Thread 1 ] DEBUG FXGLApplication      - Initializing game
03:11:27.818 [JavaFX Application Thread] DEBUG FXGLApplication      - Registering font factories with UI factory
03:11:28.039 [FXGL Background Thread 1 ] INFO  FXGLApplication      - Game initialization took: 0.269 sec
03:11:28.049 [JavaFX Application Thread] DEBUG Input                - Clearing active input actions
03:11:28.070 [JavaFX Application Thread] DEBUG GameApplicationServi - Removing overlay from FXGLLoadingScene and adding to GameScene
03:11:28.070 [JavaFX Application Thread] DEBUG PrimaryStageWindow   - FXGLLoadingScene -> GameScene
03:11:28.483 [FXGL Background Thread 2 ] INFO  UpdaterService       - Your current version:  17.3
03:11:28.483 [FXGL Background Thread 2 ] INFO  UpdaterService       - Latest stable version: 21.1
03:11:30.683 [FXGL Background Thread 3 ] DEBUG Engine               - Logging environment variables
03:11:30.685 [FXGL Background Thread 3 ] DEBUG Engine               - achievements: []
03:11:30.685 [FXGL Background Thread 3 ] DEBUG Engine               - actualHeight: 480.0
03:11:30.685 [FXGL Background Thread 3 ] DEBUG Engine               - actualHeightProperty: ReadOnlyDoubleProperty [value: 480.0]
03:11:30.685 [FXGL Background Thread 3 ] DEBUG Engine               - actualWidth: 480.0
03:11:30.686 [FXGL Background Thread 3 ] DEBUG Engine               - actualWidthProperty: ReadOnlyDoubleProperty [value: 480.0]
03:11:30.686 [FXGL Background Thread 3 ] DEBUG Engine               - appIcon: fxgl_icon.png
03:11:30.686 [FXGL Background Thread 3 ] DEBUG Engine               - applicationMode: DEVELOPER
03:11:30.686 [FXGL Background Thread 3 ] DEBUG Engine               - cSSList: [fxgl_dark.css]
03:11:30.686 [FXGL Background Thread 3 ] DEBUG Engine               - collisionDetectionStrategy: BRUTE_FORCE
03:11:30.686 [FXGL Background Thread 3 ] DEBUG Engine               - configClass: Optional.empty
03:11:30.687 [FXGL Background Thread 3 ] DEBUG Engine               - credits: []
03:11:30.687 [FXGL Background Thread 3 ] DEBUG Engine               - defaultCursor: CursorInfo(imageName=fxgl_default_cursor.png, hotspotX=7.0, hotspotY=6.0)
03:11:30.689 [FXGL Background Thread 3 ] DEBUG Engine               - devBBoxColorProperty: ObjectProperty [value: 0xff0000ff]
03:11:30.689 [FXGL Background Thread 3 ] DEBUG Engine               - devEnableDebugCameraProperty: BooleanProperty [value: false]
03:11:30.689 [FXGL Background Thread 3 ] DEBUG Engine               - devSensorColorProperty: ObjectProperty [value: 0xffff00ff]
03:11:30.690 [FXGL Background Thread 3 ] DEBUG Engine               - devShowBBoxProperty: BooleanProperty [value: false]
03:11:30.690 [FXGL Background Thread 3 ] DEBUG Engine               - devShowPositionProperty: BooleanProperty [value: false]
03:11:30.690 [FXGL Background Thread 3 ] DEBUG Engine               - enabledMenuItems: []
03:11:30.690 [FXGL Background Thread 3 ] DEBUG Engine               - engineServices: [class com.almasb.fxgl.app.services.FXGLAssetLoaderService, class com.almasb.fxgl.app.FXGLApplication$GameApplicationService, class com.almasb.fxgl.app.services.FXGLDialogService, class com.almasb.fxgl.app.services.IOTaskExecutorService, class com.almasb.fxgl.io.FileSystemService, class com.almasb.fxgl.localization.LocalizationService, class com.almasb.fxgl.app.services.SystemBundleService, class com.almasb.fxgl.profile.SaveLoadService, class com.almasb.fxgl.ui.FXGLUIFactoryServiceProvider, class com.almasb.fxgl.ui.FXGLDialogFactoryServiceProvider, class com.almasb.fxgl.audio.AudioPlayer, class com.almasb.fxgl.notification.impl.NotificationServiceProvider, class com.almasb.fxgl.achievement.AchievementService, class com.almasb.fxgl.cutscene.CutsceneService, class com.almasb.fxgl.minigames.MiniGameService, class com.almasb.fxgl.net.NetService, class com.almasb.fxgl.app.services.UpdaterService, class com.almasb.fxgl.dev.DevService]
03:11:30.690 [FXGL Background Thread 3 ] DEBUG Engine               - fontGame: Abel-Regular.ttf
03:11:30.691 [FXGL Background Thread 3 ] DEBUG Engine               - fontMono: TerminalLandMono-Regular.otf
03:11:30.691 [FXGL Background Thread 3 ] DEBUG Engine               - fontSizeScaleUI: 1.0
03:11:30.691 [FXGL Background Thread 3 ] DEBUG Engine               - fontText: Courier-Prime.ttf
03:11:30.691 [FXGL Background Thread 3 ] DEBUG Engine               - fontUI: VarelaRound-Regular.ttf
03:11:30.691 [FXGL Background Thread 3 ] DEBUG Engine               - fullScreen: BooleanProperty [value: false]
03:11:30.691 [FXGL Background Thread 3 ] DEBUG Engine               - gameDifficulty: MEDIUM
03:11:30.691 [FXGL Background Thread 3 ] DEBUG Engine               - gameDifficultyProperty: ObjectProperty [value: MEDIUM]
03:11:30.692 [FXGL Background Thread 3 ] DEBUG Engine               - globalMusicVolume: 0.5
03:11:30.692 [FXGL Background Thread 3 ] DEBUG Engine               - globalMusicVolumeProperty: DoubleProperty [value: 0.5]
03:11:30.692 [FXGL Background Thread 3 ] DEBUG Engine               - globalSoundVolume: 0.5
03:11:30.692 [FXGL Background Thread 3 ] DEBUG Engine               - globalSoundVolumeProperty: DoubleProperty [value: 0.5]
03:11:30.694 [FXGL Background Thread 3 ] DEBUG Engine               - height: 480
03:11:30.694 [FXGL Background Thread 3 ] DEBUG Engine               - is3D: false
03:11:30.694 [FXGL Background Thread 3 ] DEBUG Engine               - isAndroid: false
03:11:30.694 [FXGL Background Thread 3 ] DEBUG Engine               - isBrowser: false
03:11:30.694 [FXGL Background Thread 3 ] DEBUG Engine               - isClickFeedbackEnabled: false
03:11:30.694 [FXGL Background Thread 3 ] DEBUG Engine               - isCloseConfirmation: false
03:11:30.694 [FXGL Background Thread 3 ] DEBUG Engine               - isDesktop: true
03:11:30.694 [FXGL Background Thread 3 ] DEBUG Engine               - isDeveloperMenuEnabled: false
03:11:30.695 [FXGL Background Thread 3 ] DEBUG Engine               - isEmbedded: false
03:11:30.695 [FXGL Background Thread 3 ] DEBUG Engine               - isEntityPreloadEnabled: true
03:11:30.695 [FXGL Background Thread 3 ] DEBUG Engine               - isExperimentalTiledLargeMap: false
03:11:30.695 [FXGL Background Thread 3 ] DEBUG Engine               - isFileSystemWriteAllowed: true
03:11:30.695 [FXGL Background Thread 3 ] DEBUG Engine               - isFullScreenAllowed: false
03:11:30.695 [FXGL Background Thread 3 ] DEBUG Engine               - isFullScreenFromStart: false
03:11:30.695 [FXGL Background Thread 3 ] DEBUG Engine               - isGameMenuEnabled: true
03:11:30.695 [FXGL Background Thread 3 ] DEBUG Engine               - isIOS: false
03:11:30.695 [FXGL Background Thread 3 ] DEBUG Engine               - isIntroEnabled: false
03:11:30.696 [FXGL Background Thread 3 ] DEBUG Engine               - isLinux: false
03:11:30.697 [FXGL Background Thread 3 ] DEBUG Engine               - isMac: false
03:11:30.697 [FXGL Background Thread 3 ] DEBUG Engine               - isMainMenuEnabled: false
03:11:30.697 [FXGL Background Thread 3 ] DEBUG Engine               - isManualResizeEnabled: false
03:11:30.697 [FXGL Background Thread 3 ] DEBUG Engine               - isMobile: false
03:11:30.697 [FXGL Background Thread 3 ] DEBUG Engine               - isNative: false
03:11:30.697 [FXGL Background Thread 3 ] DEBUG Engine               - isPauseMusicWhenMinimized: true
03:11:30.697 [FXGL Background Thread 3 ] DEBUG Engine               - isPreserveResizeRatio: false
03:11:30.697 [FXGL Background Thread 3 ] DEBUG Engine               - isProfilingEnabled: false
03:11:30.697 [FXGL Background Thread 3 ] DEBUG Engine               - isScaleAffectedOnResize: true
03:11:30.697 [FXGL Background Thread 3 ] DEBUG Engine               - isSingleStep: false
03:11:30.697 [FXGL Background Thread 3 ] DEBUG Engine               - isUserProfileEnabled: false
03:11:30.697 [FXGL Background Thread 3 ] DEBUG Engine               - isWindows: true
03:11:30.697 [FXGL Background Thread 3 ] DEBUG Engine               - language: ObjectProperty [value: ENGLISH]
03:11:30.697 [FXGL Background Thread 3 ] DEBUG Engine               - menuKey: ESCAPE
03:11:30.697 [FXGL Background Thread 3 ] DEBUG Engine               - mouseSensitivity: 0.2
03:11:30.697 [FXGL Background Thread 3 ] DEBUG Engine               - notificationViewClass: class com.almasb.fxgl.notification.view.XboxNotificationView
03:11:30.697 [FXGL Background Thread 3 ] DEBUG Engine               - pixelsPerMeter: 50.0
03:11:30.698 [FXGL Background Thread 3 ] DEBUG Engine               - platform: WINDOWS
03:11:30.698 [FXGL Background Thread 3 ] DEBUG Engine               - prefHeightProperty: ReadOnlyDoubleProperty [value: 480.0]
03:11:30.698 [FXGL Background Thread 3 ] DEBUG Engine               - prefWidthProperty: ReadOnlyDoubleProperty [value: 480.0]
03:11:30.698 [FXGL Background Thread 3 ] DEBUG Engine               - profileDir: profiles/
03:11:30.698 [FXGL Background Thread 3 ] DEBUG Engine               - profileName: StringProperty [value: DEFAULT]
03:11:30.698 [FXGL Background Thread 3 ] DEBUG Engine               - randomSeed: -1
03:11:30.698 [FXGL Background Thread 3 ] DEBUG Engine               - runtimeInfo: RuntimeInfo(platform=WINDOWS, version=17.3, build=30.03.2023 11.49)
03:11:30.698 [FXGL Background Thread 3 ] DEBUG Engine               - saveFileExt: sav
03:11:30.698 [FXGL Background Thread 3 ] DEBUG Engine               - scaledHeightProp$fxgl: DoubleProperty [bound, value: 480.0]
03:11:30.699 [FXGL Background Thread 3 ] DEBUG Engine               - scaledWidthProp$fxgl: DoubleProperty [bound, value: 480.0]
03:11:30.699 [FXGL Background Thread 3 ] DEBUG Engine               - sceneFactory: com.almasb.fxgl.app.scene.SceneFactory@43408a65
03:11:30.699 [FXGL Background Thread 3 ] DEBUG Engine               - secondsIn24h: 60
03:11:30.699 [FXGL Background Thread 3 ] DEBUG Engine               - soundMenuBack: menu/back.wav
03:11:30.699 [FXGL Background Thread 3 ] DEBUG Engine               - soundMenuPress: menu/press.wav
03:11:30.699 [FXGL Background Thread 3 ] DEBUG Engine               - soundMenuSelect: menu/select.wav
03:11:30.699 [FXGL Background Thread 3 ] DEBUG Engine               - soundNotification: core/notification.wav
03:11:30.699 [FXGL Background Thread 3 ] DEBUG Engine               - stageStyle: DECORATED
03:11:30.699 [FXGL Background Thread 3 ] DEBUG Engine               - supportedLanguages: [ENGLISH, FRENCH, GERMAN, HUNGARIAN, RUSSIAN]
03:11:30.700 [FXGL Background Thread 3 ] DEBUG Engine               - ticksPerSecond: -1
03:11:30.700 [FXGL Background Thread 3 ] DEBUG Engine               - title: Bomberman Game
03:11:30.700 [FXGL Background Thread 3 ] DEBUG Engine               - urlGithub: https://github.com/AlmasB/FXGL
03:11:30.700 [FXGL Background Thread 3 ] DEBUG Engine               - urlLeaderboard: http://fxgl-top.herokuapp.com/
03:11:30.700 [FXGL Background Thread 3 ] DEBUG Engine               - urlPOM: https://raw.githubusercontent.com/AlmasB/FXGL/release/README.md
03:11:30.700 [FXGL Background Thread 3 ] DEBUG Engine               - userAppClass: class org.example.demo.HelloApplication
03:11:30.700 [FXGL Background Thread 3 ] DEBUG Engine               - version: 1.0
03:11:30.700 [FXGL Background Thread 3 ] DEBUG Engine               - versionCheckDays: 7
03:11:30.700 [FXGL Background Thread 3 ] DEBUG Engine               - width: 480
03:11:30.700 [FXGL Background Thread 3 ] DEBUG Engine               - Logging services
03:11:30.700 [FXGL Background Thread 3 ] DEBUG Engine               - class com.almasb.fxgl.app.services.FXGLAssetLoaderService
03:11:30.700 [FXGL Background Thread 3 ] DEBUG Engine               - class com.almasb.fxgl.app.FXGLApplication$GameApplicationService
03:11:30.700 [FXGL Background Thread 3 ] DEBUG Engine               - class com.almasb.fxgl.app.services.FXGLDialogService
03:11:30.700 [FXGL Background Thread 3 ] DEBUG Engine               - class com.almasb.fxgl.app.services.IOTaskExecutorService
03:11:30.700 [FXGL Background Thread 3 ] DEBUG Engine               - class com.almasb.fxgl.io.FileSystemService
03:11:30.700 [FXGL Background Thread 3 ] DEBUG Engine               - class com.almasb.fxgl.localization.LocalizationService
03:11:30.700 [FXGL Background Thread 3 ] DEBUG Engine               - class com.almasb.fxgl.app.services.SystemBundleService
03:11:30.701 [FXGL Background Thread 3 ] DEBUG Engine               - class com.almasb.fxgl.profile.SaveLoadService
03:11:30.701 [FXGL Background Thread 3 ] DEBUG Engine               - class com.almasb.fxgl.ui.FXGLUIFactoryServiceProvider
03:11:30.701 [FXGL Background Thread 3 ] DEBUG Engine               - class com.almasb.fxgl.ui.FXGLDialogFactoryServiceProvider
03:11:30.701 [FXGL Background Thread 3 ] DEBUG Engine               - class com.almasb.fxgl.audio.AudioPlayer
03:11:30.701 [FXGL Background Thread 3 ] DEBUG Engine               - class com.almasb.fxgl.notification.impl.NotificationServiceProvider
03:11:30.701 [FXGL Background Thread 3 ] DEBUG Engine               - class com.almasb.fxgl.achievement.AchievementService
03:11:30.701 [FXGL Background Thread 3 ] DEBUG Engine               - class com.almasb.fxgl.cutscene.CutsceneService
03:11:30.701 [FXGL Background Thread 3 ] DEBUG Engine               - class com.almasb.fxgl.minigames.MiniGameService
03:11:30.701 [FXGL Background Thread 3 ] DEBUG Engine               - class com.almasb.fxgl.net.NetService
03:11:30.701 [FXGL Background Thread 3 ] DEBUG Engine               - class com.almasb.fxgl.app.services.UpdaterService
03:11:30.701 [FXGL Background Thread 3 ] DEBUG Engine               - class com.almasb.fxgl.dev.DevService
03:11:33.416 [JavaFX Application Thread] WARN  FXGLAssetLoaderServi - Asset "/assets/textures/sprites/explosion.png" was not found!
03:11:33.416 [JavaFX Application Thread] WARN  FXGLAssetLoaderServi - Failed to load IMAGE
03:11:33.439 [JavaFX Application Thread] WARN  FXGLAssetLoaderServi - Asset "/assets/textures/sprites/explosion.png" was not found!
03:11:33.439 [JavaFX Application Thread] WARN  FXGLAssetLoaderServi - Failed to load IMAGE
03:11:33.439 [JavaFX Application Thread] WARN  FXGLAssetLoaderServi - Asset "/assets/textures/sprites/explosion.png" was not found!
03:11:33.441 [JavaFX Application Thread] WARN  FXGLAssetLoaderServi - Failed to load IMAGE
03:11:33.441 [JavaFX Application Thread] WARN  FXGLAssetLoaderServi - Asset "/assets/textures/sprites/explosion.png" was not found!
03:11:33.442 [JavaFX Application Thread] WARN  FXGLAssetLoaderServi - Failed to load IMAGE
03:11:33.442 [JavaFX Application Thread] WARN  FXGLAssetLoaderServi - Asset "/assets/textures/sprites/explosion.png" was not found!
03:11:33.442 [JavaFX Application Thread] WARN  FXGLAssetLoaderServi - Failed to load IMAGE
03:11:33.443 [JavaFX Application Thread] WARN  FXGLAssetLoaderServi - Asset "/assets/textures/sprites/explosion.png" was not found!
03:11:33.443 [JavaFX Application Thread] WARN  FXGLAssetLoaderServi - Failed to load IMAGE
03:11:33.443 [JavaFX Application Thread] WARN  FXGLAssetLoaderServi - Asset "/assets/textures/sprites/explosion.png" was not found!
03:11:33.443 [JavaFX Application Thread] WARN  FXGLAssetLoaderServi - Failed to load IMAGE
03:11:39.517 [JavaFX Application Thread] WARN  FXGLAssetLoaderServi - Asset "/assets/textures/sprites/explosion.png" was not found!
03:11:39.517 [JavaFX Application Thread] WARN  FXGLAssetLoaderServi - Failed to load IMAGE
03:11:39.518 [JavaFX Application Thread] WARN  FXGLAssetLoaderServi - Asset "/assets/textures/sprites/explosion.png" was not found!
03:11:39.518 [JavaFX Application Thread] WARN  FXGLAssetLoaderServi - Failed to load IMAGE
03:11:39.541 [JavaFX Application Thread] WARN  FXGLAssetLoaderServi - Asset "/assets/textures/sprites/explosion.png" was not found!
03:11:39.541 [JavaFX Application Thread] WARN  FXGLAssetLoaderServi - Failed to load IMAGE
03:11:39.541 [JavaFX Application Thread] WARN  FXGLAssetLoaderServi - Asset "/assets/textures/sprites/explosion.png" was not found!
03:11:39.542 [JavaFX Application Thread] WARN  FXGLAssetLoaderServi - Failed to load IMAGE
03:11:39.542 [JavaFX Application Thread] WARN  FXGLAssetLoaderServi - Asset "/assets/textures/sprites/explosion.png" was not found!
03:11:39.542 [JavaFX Application Thread] WARN  FXGLAssetLoaderServi - Failed to load IMAGE
03:11:39.543 [JavaFX Application Thread] WARN  FXGLAssetLoaderServi - Asset "/assets/textures/sprites/explosion.png" was not found!
03:11:39.543 [JavaFX Application Thread] WARN  FXGLAssetLoaderServi - Failed to load IMAGE
03:11:39.543 [JavaFX Application Thread] WARN  FXGLAssetLoaderServi - Asset "/assets/textures/sprites/explosion.png" was not found!
03:11:39.543 [JavaFX Application Thread] WARN  FXGLAssetLoaderServi - Failed to load IMAGE
03:11:45.331 [JavaFX Application Thread] WARN  FXGLAssetLoaderServi - Asset "/assets/textures/sprites/explosion.png" was not found!
03:11:45.332 [JavaFX Application Thread] WARN  FXGLAssetLoaderServi - Failed to load IMAGE
03:11:45.334 [JavaFX Application Thread] WARN  FXGLAssetLoaderServi - Asset "/assets/textures/sprites/explosion.png" was not found!
03:11:45.335 [JavaFX Application Thread] WARN  FXGLAssetLoaderServi - Failed to load IMAGE
03:11:45.349 [JavaFX Application Thread] WARN  FXGLAssetLoaderServi - Asset "/assets/textures/sprites/explosion.png" was not found!
03:11:45.349 [JavaFX Application Thread] WARN  FXGLAssetLoaderServi - Failed to load IMAGE
03:11:45.350 [JavaFX Application Thread] WARN  FXGLAssetLoaderServi - Asset "/assets/textures/sprites/explosion.png" was not found!
03:11:45.350 [JavaFX Application Thread] WARN  FXGLAssetLoaderServi - Failed to load IMAGE
03:11:45.359 [JavaFX Application Thread] WARN  FXGLAssetLoaderServi - Asset "/assets/textures/sprites/explosion.png" was not found!
03:11:45.359 [JavaFX Application Thread] WARN  FXGLAssetLoaderServi - Failed to load IMAGE
03:11:45.360 [JavaFX Application Thread] WARN  FXGLAssetLoaderServi - Asset "/assets/textures/sprites/explosion.png" was not found!
03:11:45.360 [JavaFX Application Thread] WARN  FXGLAssetLoaderServi - Failed to load IMAGE
03:11:45.368 [JavaFX Application Thread] WARN  FXGLAssetLoaderServi - Asset "/assets/textures/sprites/explosion.png" was not found!
03:11:45.370 [JavaFX Application Thread] WARN  FXGLAssetLoaderServi - Failed to load IMAGE
03:11:45.370 [JavaFX Application Thread] WARN  FXGLAssetLoaderServi - Asset "/assets/textures/sprites/explosion.png" was not found!
03:11:45.370 [JavaFX Application Thread] WARN  FXGLAssetLoaderServi - Failed to load IMAGE
03:11:45.370 [JavaFX Application Thread] WARN  FXGLAssetLoaderServi - Asset "/assets/textures/sprites/explosion.png" was not found!
03:11:45.371 [JavaFX Application Thread] WARN  FXGLAssetLoaderServi - Failed to load IMAGE
03:11:50.627 [JavaFX Application Thread] WARN  FXGLAssetLoaderServi - Asset "/assets/textures/sprites/explosion.png" was not found!
03:11:50.627 [JavaFX Application Thread] WARN  FXGLAssetLoaderServi - Failed to load IMAGE
03:11:50.631 [JavaFX Application Thread] WARN  FXGLAssetLoaderServi - Asset "/assets/textures/sprites/explosion.png" was not found!
03:11:50.631 [JavaFX Application Thread] WARN  FXGLAssetLoaderServi - Failed to load IMAGE
03:11:50.633 [JavaFX Application Thread] WARN  FXGLAssetLoaderServi - Asset "/assets/textures/sprites/explosion.png" was not found!
03:11:50.633 [JavaFX Application Thread] WARN  FXGLAssetLoaderServi - Failed to load IMAGE
03:11:50.634 [JavaFX Application Thread] WARN  FXGLAssetLoaderServi - Asset "/assets/textures/sprites/explosion.png" was not found!
03:11:50.634 [JavaFX Application Thread] WARN  FXGLAssetLoaderServi - Failed to load IMAGE
03:11:50.635 [JavaFX Application Thread] WARN  FXGLAssetLoaderServi - Asset "/assets/textures/sprites/explosion.png" was not found!
03:11:50.635 [JavaFX Application Thread] WARN  FXGLAssetLoaderServi - Failed to load IMAGE
03:11:50.635 [JavaFX Application Thread] WARN  FXGLAssetLoaderServi - Asset "/assets/textures/sprites/explosion.png" was not found!
03:11:50.636 [JavaFX Application Thread] WARN  FXGLAssetLoaderServi - Failed to load IMAGE
03:11:50.636 [JavaFX Application Thread] WARN  FXGLAssetLoaderServi - Asset "/assets/textures/sprites/explosion.png" was not found!
03:11:50.636 [JavaFX Application Thread] WARN  FXGLAssetLoaderServi - Failed to load IMAGE
03:11:52.881 [JavaFX Application Thread] WARN  FXGLAssetLoaderServi - Asset "/assets/textures/sprites/explosion.png" was not found!
03:11:52.882 [JavaFX Application Thread] WARN  FXGLAssetLoaderServi - Failed to load IMAGE
03:11:52.883 [JavaFX Application Thread] WARN  FXGLAssetLoaderServi - Asset "/assets/textures/sprites/explosion.png" was not found!
03:11:52.883 [JavaFX Application Thread] WARN  FXGLAssetLoaderServi - Failed to load IMAGE
03:11:52.885 [JavaFX Application Thread] WARN  FXGLAssetLoaderServi - Asset "/assets/textures/sprites/explosion.png" was not found!
03:11:52.885 [JavaFX Application Thread] WARN  FXGLAssetLoaderServi - Failed to load IMAGE
03:11:52.888 [JavaFX Application Thread] WARN  FXGLAssetLoaderServi - Asset "/assets/textures/sprites/explosion.png" was not found!
03:11:52.888 [JavaFX Application Thread] WARN  FXGLAssetLoaderServi - Failed to load IMAGE
03:11:52.889 [JavaFX Application Thread] WARN  FXGLAssetLoaderServi - Asset "/assets/textures/sprites/explosion.png" was not found!
03:11:52.889 [JavaFX Application Thread] WARN  FXGLAssetLoaderServi - Failed to load IMAGE
03:11:52.890 [JavaFX Application Thread] WARN  FXGLAssetLoaderServi - Asset "/assets/textures/sprites/explosion.png" was not found!
03:11:52.890 [JavaFX Application Thread] WARN  FXGLAssetLoaderServi - Failed to load IMAGE
03:11:52.890 [JavaFX Application Thread] WARN  FXGLAssetLoaderServi - Asset "/assets/textures/sprites/explosion.png" was not found!
03:11:52.891 [JavaFX Application Thread] WARN  FXGLAssetLoaderServi - Failed to load IMAGE
03:11:56.147 [JavaFX Application Thread] WARN  FXGLAssetLoaderServi - Asset "/assets/textures/sprites/explosion.png" was not found!
03:11:56.148 [JavaFX Application Thread] WARN  FXGLAssetLoaderServi - Failed to load IMAGE
03:11:56.148 [JavaFX Application Thread] WARN  FXGLAssetLoaderServi - Asset "/assets/textures/sprites/explosion.png" was not found!
03:11:56.148 [JavaFX Application Thread] WARN  FXGLAssetLoaderServi - Failed to load IMAGE
03:11:56.149 [JavaFX Application Thread] WARN  FXGLAssetLoaderServi - Asset "/assets/textures/sprites/explosion.png" was not found!
03:11:56.149 [JavaFX Application Thread] WARN  FXGLAssetLoaderServi - Failed to load IMAGE
03:11:56.150 [JavaFX Application Thread] WARN  FXGLAssetLoaderServi - Asset "/assets/textures/sprites/explosion.png" was not found!
03:11:56.150 [JavaFX Application Thread] WARN  FXGLAssetLoaderServi - Failed to load IMAGE
03:11:56.151 [JavaFX Application Thread] WARN  FXGLAssetLoaderServi - Asset "/assets/textures/sprites/explosion.png" was not found!
03:11:56.151 [JavaFX Application Thread] WARN  FXGLAssetLoaderServi - Failed to load IMAGE
03:11:56.151 [JavaFX Application Thread] WARN  FXGLAssetLoaderServi - Asset "/assets/textures/sprites/explosion.png" was not found!
03:11:56.151 [JavaFX Application Thread] WARN  FXGLAssetLoaderServi - Failed to load IMAGE
03:11:56.151 [JavaFX Application Thread] WARN  FXGLAssetLoaderServi - Asset "/assets/textures/sprites/explosion.png" was not found!
03:11:56.151 [JavaFX Application Thread] WARN  FXGLAssetLoaderServi - Failed to load IMAGE
03:12:00.182 [JavaFX Application Thread] WARN  FXGLAssetLoaderServi - Asset "/assets/textures/sprites/explosion.png" was not found!
03:12:00.182 [JavaFX Application Thread] WARN  FXGLAssetLoaderServi - Failed to load IMAGE
03:12:00.184 [JavaFX Application Thread] WARN  FXGLAssetLoaderServi - Asset "/assets/textures/sprites/explosion.png" was not found!
03:12:00.184 [JavaFX Application Thread] WARN  FXGLAssetLoaderServi - Failed to load IMAGE
03:12:00.185 [JavaFX Application Thread] WARN  FXGLAssetLoaderServi - Asset "/assets/textures/sprites/explosion.png" was not found!
03:12:00.185 [JavaFX Application Thread] WARN  FXGLAssetLoaderServi - Failed to load IMAGE
03:12:00.186 [JavaFX Application Thread] WARN  FXGLAssetLoaderServi - Asset "/assets/textures/sprites/explosion.png" was not found!
03:12:00.186 [JavaFX Application Thread] WARN  FXGLAssetLoaderServi - Failed to load IMAGE
03:12:00.187 [JavaFX Application Thread] WARN  FXGLAssetLoaderServi - Asset "/assets/textures/sprites/explosion.png" was not found!
03:12:00.187 [JavaFX Application Thread] WARN  FXGLAssetLoaderServi - Failed to load IMAGE
03:12:00.188 [JavaFX Application Thread] WARN  FXGLAssetLoaderServi - Asset "/assets/textures/sprites/explosion.png" was not found!
03:12:00.188 [JavaFX Application Thread] WARN  FXGLAssetLoaderServi - Failed to load IMAGE
03:12:00.189 [JavaFX Application Thread] WARN  FXGLAssetLoaderServi - Asset "/assets/textures/sprites/explosion.png" was not found!
03:12:00.189 [JavaFX Application Thread] WARN  FXGLAssetLoaderServi - Failed to load IMAGE
03:12:00.190 [JavaFX Application Thread] WARN  FXGLAssetLoaderServi - Asset "/assets/textures/sprites/explosion.png" was not found!
03:12:00.190 [JavaFX Application Thread] WARN  FXGLAssetLoaderServi - Failed to load IMAGE
03:12:00.190 [JavaFX Application Thread] WARN  FXGLAssetLoaderServi - Asset "/assets/textures/sprites/explosion.png" was not found!
03:12:00.191 [JavaFX Application Thread] WARN  FXGLAssetLoaderServi - Failed to load IMAGE
03:12:04.285 [JavaFX Application Thread] WARN  FXGLAssetLoaderServi - Asset "/assets/textures/sprites/explosion.png" was not found!
03:12:04.286 [JavaFX Application Thread] WARN  FXGLAssetLoaderServi - Failed to load IMAGE
03:12:04.287 [JavaFX Application Thread] WARN  FXGLAssetLoaderServi - Asset "/assets/textures/sprites/explosion.png" was not found!
03:12:04.287 [JavaFX Application Thread] WARN  FXGLAssetLoaderServi - Failed to load IMAGE
03:12:04.288 [JavaFX Application Thread] WARN  FXGLAssetLoaderServi - Asset "/assets/textures/sprites/explosion.png" was not found!
03:12:04.288 [JavaFX Application Thread] WARN  FXGLAssetLoaderServi - Failed to load IMAGE
03:12:04.305 [JavaFX Application Thread] WARN  FXGLAssetLoaderServi - Asset "/assets/textures/sprites/explosion.png" was not found!
03:12:04.305 [JavaFX Application Thread] WARN  FXGLAssetLoaderServi - Failed to load IMAGE
03:12:04.306 [JavaFX Application Thread] WARN  FXGLAssetLoaderServi - Asset "/assets/textures/sprites/explosion.png" was not found!
03:12:04.306 [JavaFX Application Thread] WARN  FXGLAssetLoaderServi - Failed to load IMAGE
03:12:04.308 [JavaFX Application Thread] WARN  FXGLAssetLoaderServi - Asset "/assets/textures/sprites/explosion.png" was not found!
03:12:04.308 [JavaFX Application Thread] WARN  FXGLAssetLoaderServi - Failed to load IMAGE
03:12:04.308 [JavaFX Application Thread] WARN  FXGLAssetLoaderServi - Asset "/assets/textures/sprites/explosion.png" was not found!
03:12:04.308 [JavaFX Application Thread] WARN  FXGLAssetLoaderServi - Failed to load IMAGE
03:12:04.308 [JavaFX Application Thread] WARN  FXGLAssetLoaderServi - Asset "/assets/textures/sprites/explosion.png" was not found!
03:12:04.309 [JavaFX Application Thread] WARN  FXGLAssetLoaderServi - Failed to load IMAGE
03:12:05.448 [JavaFX Application Thread] WARN  FXGLAssetLoaderServi - Asset "/assets/textures/sprites/explosion.png" was not found!
03:12:05.448 [JavaFX Application Thread] WARN  FXGLAssetLoaderServi - Failed to load IMAGE
03:12:05.449 [JavaFX Application Thread] WARN  FXGLAssetLoaderServi - Asset "/assets/textures/sprites/explosion.png" was not found!
03:12:05.449 [JavaFX Application Thread] WARN  FXGLAssetLoaderServi - Failed to load IMAGE
03:12:05.449 [JavaFX Application Thread] WARN  FXGLAssetLoaderServi - Asset "/assets/textures/sprites/explosion.png" was not found!
03:12:05.450 [JavaFX Application Thread] WARN  FXGLAssetLoaderServi - Failed to load IMAGE
03:12:05.450 [JavaFX Application Thread] WARN  FXGLAssetLoaderServi - Asset "/assets/textures/sprites/explosion.png" was not found!
03:12:05.450 [JavaFX Application Thread] WARN  FXGLAssetLoaderServi - Failed to load IMAGE
03:12:05.451 [JavaFX Application Thread] WARN  FXGLAssetLoaderServi - Asset "/assets/textures/sprites/explosion.png" was not found!
03:12:05.451 [JavaFX Application Thread] WARN  FXGLAssetLoaderServi - Failed to load IMAGE
03:12:05.452 [JavaFX Application Thread] WARN  FXGLAssetLoaderServi - Asset "/assets/textures/sprites/explosion.png" was not found!
03:12:05.452 [JavaFX Application Thread] WARN  FXGLAssetLoaderServi - Failed to load IMAGE
03:12:05.453 [JavaFX Application Thread] WARN  FXGLAssetLoaderServi - Asset "/assets/textures/sprites/explosion.png" was not found!
03:12:05.453 [JavaFX Application Thread] WARN  FXGLAssetLoaderServi - Failed to load IMAGE
03:12:08.800 [JavaFX Application Thread] WARN  FXGLAssetLoaderServi - Asset "/assets/textures/sprites/explosion.png" was not found!
03:12:08.800 [JavaFX Application Thread] WARN  FXGLAssetLoaderServi - Failed to load IMAGE
03:12:08.801 [JavaFX Application Thread] WARN  FXGLAssetLoaderServi - Asset "/assets/textures/sprites/explosion.png" was not found!
03:12:08.801 [JavaFX Application Thread] WARN  FXGLAssetLoaderServi - Failed to load IMAGE
03:12:08.807 [JavaFX Application Thread] DEBUG PrimaryStageWindow   - Push state: DialogSubScene
03:12:08.807 [JavaFX Application Thread] DEBUG Input                - Clearing active input actions
03:12:08.813 [JavaFX Application Thread] DEBUG GameApplicationServi - Removing overlay from GameScene and adding to DialogSubScene
03:12:08.814 [JavaFX Application Thread] DEBUG PrimaryStageWindow   - GameScene -> DialogSubScene
03:12:08.815 [JavaFX Application Thread] WARN  FXGLAssetLoaderServi - Asset "/assets/textures/sprites/explosion.png" was not found!
03:12:08.815 [JavaFX Application Thread] WARN  FXGLAssetLoaderServi - Failed to load IMAGE
03:12:08.815 [JavaFX Application Thread] WARN  GameWorld            - Attempted to remove entity which is not active
03:12:08.816 [JavaFX Application Thread] WARN  FXGLAssetLoaderServi - Asset "/assets/textures/sprites/explosion.png" was not found!
03:12:08.816 [JavaFX Application Thread] WARN  FXGLAssetLoaderServi - Failed to load IMAGE
03:12:08.816 [JavaFX Application Thread] WARN  FXGLAssetLoaderServi - Asset "/assets/textures/sprites/explosion.png" was not found!
03:12:08.816 [JavaFX Application Thread] WARN  FXGLAssetLoaderServi - Failed to load IMAGE
03:12:08.817 [JavaFX Application Thread] WARN  GameWorld            - Attempted to remove entity which is not active
03:12:08.817 [JavaFX Application Thread] WARN  FXGLAssetLoaderServi - Asset "/assets/textures/sprites/explosion.png" was not found!
03:12:08.817 [JavaFX Application Thread] WARN  FXGLAssetLoaderServi - Failed to load IMAGE
03:12:08.818 [JavaFX Application Thread] WARN  FXGLAssetLoaderServi - Asset "/assets/textures/sprites/explosion.png" was not found!
03:12:08.818 [JavaFX Application Thread] WARN  FXGLAssetLoaderServi - Failed to load IMAGE
03:12:08.818 [JavaFX Application Thread] WARN  GameWorld            - Attempted to remove entity which is not active
03:12:08.818 [JavaFX Application Thread] WARN  FXGLAssetLoaderServi - Asset "/assets/textures/sprites/explosion.png" was not found!
03:12:08.818 [JavaFX Application Thread] WARN  FXGLAssetLoaderServi - Failed to load IMAGE
03:12:11.298 [JavaFX Application Thread] DEBUG FXGLApplication      - Exiting FXGL
03:12:11.298 [JavaFX Application Thread] DEBUG LoopRunner           - Stopping loop
03:12:11.298 [JavaFX Application Thread] DEBUG SystemBundleService  - Saving FXGL system data
03:12:11.302 [JavaFX Application Thread] DEBUG FileSystemAccess     - Writing to: C:\Users\admin\OneDrive\Máy tính\btl\baitaplonOOP\system\fxgl.bundle
03:12:11.306 [JavaFX Application Thread] DEBUG Async                - Shutting down background threads
03:12:11.306 [JavaFX Application Thread] DEBUG PrimaryStageWindow   - Closing main window
03:12:11.321 [JavaFX Application Thread] DEBUG Logger               - Closing Logger
