00:08:44.440 [main                     ] DEBUG Logger               - Configured Logger
00:08:44.457 [main                     ] DEBUG GameApplication      - Logging settings
Title: Bomberman Game
Version: 1.0
Width: 480
Height: 480
Fullscreen: false
Intro: false
Profiling: false
Single step:false
App Mode: DEVELOPER
Menu Key: ESCAPE
Stage Style: DECORATED
Scene Factory: class com.almasb.fxgl.app.scene.SceneFactory

00:08:44.785 [JavaFX Application Thread] DEBUG FXGLApplication      - Initializing FXGL
00:08:44.790 [JavaFX Application Thread] INFO  Engine               - FXGL-17.3 (30.03.2023 11.49) on WINDOWS (J:23.0.2 FX:17.0.6)
00:08:44.790 [JavaFX Application Thread] DEBUG Engine               - JRE Vendor Name: Oracle Corporation
00:08:44.790 [JavaFX Application Thread] DEBUG Engine               - Running on OS: Windows 11 version 10.0
00:08:44.791 [JavaFX Application Thread] DEBUG Engine               - Architecture: amd64
00:08:44.791 [JavaFX Application Thread] INFO  Engine               - Source code and latest versions at: https://github.com/AlmasB/FXGL
00:08:44.791 [JavaFX Application Thread] INFO  Engine               -       Ask questions and discuss at: https://github.com/AlmasB/FXGL/discussions
00:08:44.791 [JavaFX Application Thread] INFO  Engine               -              Join the FXGL chat at: https://gitter.im/AlmasB/FXGL
00:08:44.850 [JavaFX Application Thread] DEBUG PrimaryStageWindow   - Creating a JavaFX scene
00:08:44.889 [JavaFX Application Thread] DEBUG PrimaryStageWindow   - Target settings size: 480.0 x 480.0
00:08:44.889 [JavaFX Application Thread] DEBUG PrimaryStageWindow   - Scaled scene size:    480.0 x 480.0
00:08:44.890 [JavaFX Application Thread] DEBUG PrimaryStageWindow   - Scaled ratio: (1.0, 1.0)
00:08:44.890 [JavaFX Application Thread] DEBUG PrimaryStageWindow   - Set initial scene to FXGLStartupScene
00:08:44.896 [JavaFX Application Thread] DEBUG PrimaryStageWindow   - Opening main window
00:08:44.958 [JavaFX Application Thread] DEBUG PrimaryStageWindow   - Window border size: (14.399993896484375, 37.5999755859375)
00:08:44.959 [JavaFX Application Thread] DEBUG PrimaryStageWindow   - Scaled size: 480.0 x 480.0
00:08:44.959 [JavaFX Application Thread] DEBUG PrimaryStageWindow   - Scaled ratio: (1.0, 1.0)
00:08:44.959 [JavaFX Application Thread] DEBUG PrimaryStageWindow   - Scene size: 480.0 x 480.0
00:08:44.959 [JavaFX Application Thread] DEBUG PrimaryStageWindow   - Stage size: 494.3999938964844 x 517.5999755859375
00:08:44.966 [FXGL Background Thread 1 ] DEBUG Engine               - Initializing environment variables
00:08:45.034 [FXGL Background Thread 1 ] DEBUG FXGLAssetLoaderServi - User app class for loading assets: class org.example.demo.BombermanApp
00:08:45.034 [FXGL Background Thread 1 ] DEBUG GameApplicationServi - Applying CSS: fxgl_dark.css
00:08:45.034 [FXGL Background Thread 1 ] DEBUG FXGLAssetLoaderServi - Loading from file system: jar:file:///C:/Users/PC/.m2/repository/com/github/almasb/fxgl/17.3/fxgl-17.3.jar!/fxglassets/ui/css/fxgl_dark.css
00:08:45.074 [FXGL Background Thread 1 ] DEBUG GameApplicationServi - Initializing application scenes
00:08:45.118 [FXGL Background Thread 1 ] DEBUG GameWorld            - Game world initialized
00:08:45.176 [FXGL Background Thread 1 ] DEBUG PhysicsWorld         - Physics world initialized: appHeight=480, physics.ppm=50.0
00:08:45.176 [FXGL Background Thread 1 ] DEBUG PhysicsWorld         - Using strategy: BRUTE_FORCE
00:08:45.180 [FXGL Background Thread 1 ] DEBUG GameScene            - Game scene initialized: 480x480
00:08:45.189 [FXGL Background Thread 1 ] WARN  FXGL.DefaultMenu     - FXGLDefaultMenu is not designed for resolutions < 800x600
00:08:45.189 [FXGL Background Thread 1 ] DEBUG FXGL.DefaultMenu     - createMenuBodyMainMenu()
00:08:45.197 [FXGL Background Thread 1 ] DEBUG FXGL.DefaultMenu     - createOptionsMenu()
00:08:45.203 [FXGL Background Thread 1 ] DEBUG FXGLAssetLoaderServi - Loading from file system: jar:file:///C:/Users/PC/.m2/repository/com/github/almasb/fxgl/17.3/fxgl-17.3.jar!/fxglassets/textures/particles/smoke.png
00:08:45.275 [FXGL Background Thread 1 ] DEBUG FXGLAssetLoaderServi - Loading from file system: jar:file:///C:/Users/PC/.m2/repository/com/github/almasb/fxgl/17.3/fxgl-17.3.jar!/fxglassets/textures/particles/trace_horizontal.png
00:08:45.296 [FXGL Background Thread 1 ] WARN  FXGL.DefaultMenu     - FXGLDefaultMenu is not designed for resolutions < 800x600
00:08:45.296 [FXGL Background Thread 1 ] DEBUG FXGL.DefaultMenu     - createMenuBodyGameMenu()
00:08:45.296 [FXGL Background Thread 1 ] DEBUG FXGL.DefaultMenu     - createOptionsMenu()
00:08:45.305 [FXGL Background Thread 1 ] DEBUG GameApplicationServi - Application scenes initialized
00:08:45.313 [FXGL Background Thread 1 ] DEBUG SystemBundleService  - Loading FXGL system data
00:08:45.315 [FXGL Background Thread 1 ] DEBUG FileSystemAccess     - Reading from: C:\Users\PC\Downloads\baitaplonOOP-long (8)\baitaplonOOP-long\system\fxgl.bundle
00:08:45.320 [FXGL Background Thread 1 ] DEBUG SystemBundleService  - Bundle FXGL: {}
00:08:45.320 [FXGL Background Thread 1 ] DEBUG UpdaterService       - Checking for updates
00:08:45.324 [FXGL Background Thread 4 ] DEBUG FXGLApplication      - Loading fonts
00:08:45.325 [FXGL Background Thread 4 ] DEBUG FXGLAssetLoaderServi - Loading from file system: jar:file:///C:/Users/PC/.m2/repository/com/github/almasb/fxgl/17.3/fxgl-17.3.jar!/fxglassets/ui/fonts/VarelaRound-Regular.ttf
00:08:45.327 [FXGL Background Thread 1 ] DEBUG FXGLApplication      - Loading default localization
00:08:45.328 [FXGL Background Thread 1 ] DEBUG FXGLAssetLoaderServi - Loading from file system: jar:file:///C:/Users/PC/.m2/repository/com/github/almasb/fxgl/17.3/fxgl-17.3.jar!/fxglassets/languages/english.lang
00:08:45.349 [FXGL Background Thread 1 ] INFO  FXGLApplication      - FXGL initialization took: 0.382 sec
00:08:45.350 [JavaFX Application Thread] DEBUG Input                - Clearing active input actions
00:08:45.350 [JavaFX Application Thread] DEBUG FXGLAssetLoaderServi - Loading from file system: jar:file:///C:/Users/PC/.m2/repository/com/github/almasb/fxgl/17.3/fxgl-17.3.jar!/fxglassets/textures/fxgl_icon.png
00:08:45.358 [FXGL Background Thread 4 ] DEBUG FXGLAssetLoaderServi - Loading from file system: jar:file:///C:/Users/PC/.m2/repository/com/github/almasb/fxgl/17.3/fxgl-17.3.jar!/fxglassets/ui/fonts/Abel-Regular.ttf
00:08:45.363 [FXGL Background Thread 4 ] DEBUG FXGLAssetLoaderServi - Loading from file system: jar:file:///C:/Users/PC/.m2/repository/com/github/almasb/fxgl/17.3/fxgl-17.3.jar!/fxglassets/ui/fonts/TerminalLandMono-Regular.otf
00:08:45.366 [FXGL Background Thread 4 ] DEBUG FXGLAssetLoaderServi - Loading from file system: jar:file:///C:/Users/PC/.m2/repository/com/github/almasb/fxgl/17.3/fxgl-17.3.jar!/fxglassets/ui/fonts/Courier-Prime.ttf
00:08:45.371 [JavaFX Application Thread] DEBUG FXGLAssetLoaderServi - Loading from file system: jar:file:///C:/Users/PC/.m2/repository/com/github/almasb/fxgl/17.3/fxgl-17.3.jar!/fxglassets/textures/fxgl_default_cursor.png
00:08:45.379 [JavaFX Application Thread] DEBUG Input                - Registered new binding: Screenshot - CTRL+8
00:08:45.379 [JavaFX Application Thread] DEBUG Input                - Registered new binding: System info dump - CTRL+9
00:08:45.379 [JavaFX Application Thread] DEBUG Input                - Registered new binding: Restart - CTRL+R
00:08:45.380 [JavaFX Application Thread] DEBUG Input                - Registered new binding: Toggle Debug Camera - CTRL+7
00:08:45.382 [JavaFX Application Thread] DEBUG LoopRunner           - Starting loop
00:08:45.382 [JavaFX Application Thread] DEBUG LoopRunner           - Initializing JavaFX AnimationTimerLoop
00:08:45.385 [JavaFX Application Thread] DEBUG Input                - Clearing active input actions
00:08:45.392 [JavaFX Application Thread] DEBUG GameApplicationServi - Removing overlay from FXGLStartupScene and adding to FXGLMainMenuDummyScene
00:08:45.393 [JavaFX Application Thread] DEBUG PrimaryStageWindow   - FXGLStartupScene -> FXGLMainMenuDummyScene
00:08:45.393 [JavaFX Application Thread] DEBUG PrimaryStageWindow   - Push state: FXGLDefaultMenu
00:08:45.397 [JavaFX Application Thread] DEBUG Input                - Clearing active input actions
00:08:45.406 [JavaFX Application Thread] DEBUG GameApplicationServi - Removing overlay from FXGLMainMenuDummyScene and adding to FXGLDefaultMenu
00:08:45.406 [JavaFX Application Thread] DEBUG PrimaryStageWindow   - FXGLMainMenuDummyScene -> FXGLDefaultMenu
00:08:45.407 [JavaFX Application Thread] DEBUG FXGLApplication      - Registering font factories with UI factory
00:08:45.967 [FXGL Background Thread 2 ] INFO  UpdaterService       - Your current version:  17.3
00:08:45.967 [FXGL Background Thread 2 ] INFO  UpdaterService       - Latest stable version: 21.1
00:08:46.445 [JavaFX Application Thread] DEBUG Menu                 - fireNewGame()
00:08:46.445 [JavaFX Application Thread] DEBUG GameApplicationServi - Starting new game
00:08:46.446 [JavaFX Application Thread] DEBUG PrimaryStageWindow   - Pop state: FXGLDefaultMenu
00:08:46.446 [JavaFX Application Thread] DEBUG Input                - Clearing active input actions
00:08:46.447 [JavaFX Application Thread] DEBUG GameApplicationServi - Removing overlay from FXGLDefaultMenu and adding to FXGLMainMenuDummyScene
00:08:46.448 [JavaFX Application Thread] DEBUG PrimaryStageWindow   - FXGLMainMenuDummyScene <- FXGLDefaultMenu
00:08:46.448 [JavaFX Application Thread] DEBUG Input                - Clearing active input actions
00:08:46.454 [JavaFX Application Thread] DEBUG GameApplicationServi - Removing overlay from FXGLMainMenuDummyScene and adding to FXGLLoadingScene
00:08:46.454 [JavaFX Application Thread] DEBUG PrimaryStageWindow   - FXGLMainMenuDummyScene -> FXGLLoadingScene
00:08:46.454 [JavaFX Application Thread] DEBUG GameApplicationServi - Clearing previous game
00:08:46.454 [JavaFX Application Thread] DEBUG GameScene            - Clearing game scene
00:08:46.454 [JavaFX Application Thread] DEBUG GameWorld            - Clearing game world
00:08:46.454 [JavaFX Application Thread] DEBUG PhysicsWorld         - Clearing physics world
00:08:46.457 [FXGL Background Thread 2 ] DEBUG FXGLApplication      - Initializing game
00:08:46.458 [FXGL Background Thread 2 ] INFO  FXGLApplication      - Game initialization took: 0.001 sec
00:08:46.474 [JavaFX Application Thread] DEBUG Input                - Clearing active input actions
00:08:46.483 [JavaFX Application Thread] DEBUG GameApplicationServi - Removing overlay from FXGLLoadingScene and adding to GameScene
00:08:46.483 [JavaFX Application Thread] DEBUG PrimaryStageWindow   - FXGLLoadingScene -> GameScene
00:08:47.879 [JavaFX Application Thread] DEBUG FXGLApplication      - Exiting FXGL
00:08:47.879 [JavaFX Application Thread] DEBUG LoopRunner           - Stopping loop
00:08:47.879 [JavaFX Application Thread] DEBUG SystemBundleService  - Saving FXGL system data
00:08:47.882 [JavaFX Application Thread] DEBUG FileSystemAccess     - Writing to: C:\Users\PC\Downloads\baitaplonOOP-long (8)\baitaplonOOP-long\system\fxgl.bundle
00:08:47.885 [JavaFX Application Thread] DEBUG Async                - Shutting down background threads
00:08:47.886 [JavaFX Application Thread] DEBUG PrimaryStageWindow   - Closing main window
00:08:47.905 [JavaFX Application Thread] DEBUG Logger               - Closing Logger
