03:12:23.707 [main                     ] DEBUG Logger               - Configured Logger
03:12:23.728 [main                     ] DEBUG GameApplication      - Logging settings
Title: Bomberman Game
Version: 1.0
Width: 480
Height: 480
Fullscreen: false
Intro: false
Profiling: false
Single step:false
App Mode: DEVELOPER
Menu Key: ESCAPE
Stage Style: DECORATED
Scene Factory: class com.almasb.fxgl.app.scene.SceneFactory

03:12:24.044 [JavaFX Application Thread] DEBUG FXGLApplication      - Initializing FXGL
03:12:24.048 [JavaFX Application Thread] INFO  Engine               - FXGL-17.3 (30.03.2023 11.49) on WINDOWS (J:23.0.2 FX:17.0.6)
03:12:24.050 [JavaFX Application Thread] DEBUG Engine               - JRE Vendor Name: Oracle Corporation
03:12:24.050 [JavaFX Application Thread] DEBUG Engine               - Running on OS: Windows 11 version 10.0
03:12:24.050 [JavaFX Application Thread] DEBUG Engine               - Architecture: amd64
03:12:24.050 [JavaFX Application Thread] INFO  Engine               - Source code and latest versions at: https://github.com/AlmasB/FXGL
03:12:24.051 [JavaFX Application Thread] INFO  Engine               -       Ask questions and discuss at: https://github.com/AlmasB/FXGL/discussions
03:12:24.051 [JavaFX Application Thread] INFO  Engine               -              Join the FXGL chat at: https://gitter.im/AlmasB/FXGL
03:12:24.139 [JavaFX Application Thread] DEBUG PrimaryStageWindow   - Creating a JavaFX scene
03:12:24.192 [JavaFX Application Thread] DEBUG PrimaryStageWindow   - Target settings size: 480.0 x 480.0
03:12:24.193 [JavaFX Application Thread] DEBUG PrimaryStageWindow   - Scaled scene size:    480.0 x 480.0
03:12:24.193 [JavaFX Application Thread] DEBUG PrimaryStageWindow   - Scaled ratio: (1.0, 1.0)
03:12:24.194 [JavaFX Application Thread] DEBUG PrimaryStageWindow   - Set initial scene to FXGLStartupScene
03:12:24.202 [JavaFX Application Thread] DEBUG PrimaryStageWindow   - Opening main window
03:12:24.290 [JavaFX Application Thread] DEBUG PrimaryStageWindow   - Window border size: (14.666656494140625, 37.33331298828125)
03:12:24.290 [JavaFX Application Thread] DEBUG PrimaryStageWindow   - Scaled size: 480.0 x 480.0
03:12:24.291 [JavaFX Application Thread] DEBUG PrimaryStageWindow   - Scaled ratio: (1.0, 1.0)
03:12:24.291 [JavaFX Application Thread] DEBUG PrimaryStageWindow   - Scene size: 480.0 x 480.0
03:12:24.291 [JavaFX Application Thread] DEBUG PrimaryStageWindow   - Stage size: 494.6666564941406 x 517.3333129882812
03:12:24.299 [FXGL Background Thread 1 ] DEBUG Engine               - Initializing environment variables
03:12:24.383 [FXGL Background Thread 1 ] DEBUG FXGLAssetLoaderServi - User app class for loading assets: class org.example.demo.HelloApplication
03:12:24.383 [FXGL Background Thread 1 ] DEBUG GameApplicationServi - Applying CSS: fxgl_dark.css
03:12:24.384 [FXGL Background Thread 1 ] DEBUG FXGLAssetLoaderServi - Loading from file system: jar:file:///C:/Users/admin/.m2/repository/com/github/almasb/fxgl/17.3/fxgl-17.3.jar!/fxglassets/ui/css/fxgl_dark.css
03:12:24.432 [FXGL Background Thread 1 ] DEBUG GameApplicationServi - Initializing application scenes
03:12:24.476 [FXGL Background Thread 1 ] DEBUG GameWorld            - Game world initialized
03:12:24.556 [FXGL Background Thread 1 ] DEBUG PhysicsWorld         - Physics world initialized: appHeight=480, physics.ppm=50.0
03:12:24.556 [FXGL Background Thread 1 ] DEBUG PhysicsWorld         - Using strategy: BRUTE_FORCE
03:12:24.562 [FXGL Background Thread 1 ] DEBUG GameScene            - Game scene initialized: 480x480
03:12:24.578 [FXGL Background Thread 1 ] WARN  FXGL.DefaultMenu     - FXGLDefaultMenu is not designed for resolutions < 800x600
03:12:24.578 [FXGL Background Thread 1 ] DEBUG FXGL.DefaultMenu     - createMenuBodyGameMenu()
03:12:24.597 [FXGL Background Thread 1 ] DEBUG FXGL.DefaultMenu     - createOptionsMenu()
03:12:24.608 [FXGL Background Thread 1 ] DEBUG FXGLAssetLoaderServi - Loading from file system: jar:file:///C:/Users/admin/.m2/repository/com/github/almasb/fxgl/17.3/fxgl-17.3.jar!/fxglassets/textures/particles/smoke.png
03:12:24.705 [FXGL Background Thread 1 ] DEBUG FXGLAssetLoaderServi - Loading from file system: jar:file:///C:/Users/admin/.m2/repository/com/github/almasb/fxgl/17.3/fxgl-17.3.jar!/fxglassets/textures/particles/trace_horizontal.png
03:12:24.734 [FXGL Background Thread 1 ] DEBUG GameApplicationServi - Application scenes initialized
03:12:24.744 [FXGL Background Thread 1 ] DEBUG SystemBundleService  - Loading FXGL system data
03:12:24.747 [FXGL Background Thread 1 ] DEBUG FileSystemAccess     - Reading from: C:\Users\admin\OneDrive\Máy tính\btl\baitaplonOOP\system\fxgl.bundle
03:12:24.754 [FXGL Background Thread 1 ] DEBUG SystemBundleService  - Bundle FXGL: {}
03:12:24.754 [FXGL Background Thread 1 ] DEBUG UpdaterService       - Checking for updates
03:12:24.759 [FXGL Background Thread 4 ] DEBUG FXGLApplication      - Loading fonts
03:12:24.759 [FXGL Background Thread 4 ] DEBUG FXGLAssetLoaderServi - Loading from file system: jar:file:///C:/Users/admin/.m2/repository/com/github/almasb/fxgl/17.3/fxgl-17.3.jar!/fxglassets/ui/fonts/VarelaRound-Regular.ttf
03:12:24.759 [FXGL Background Thread 1 ] DEBUG FXGLApplication      - Loading default localization
03:12:24.760 [FXGL Background Thread 1 ] DEBUG FXGLAssetLoaderServi - Loading from file system: jar:file:///C:/Users/admin/.m2/repository/com/github/almasb/fxgl/17.3/fxgl-17.3.jar!/fxglassets/languages/english.lang
03:12:24.780 [FXGL Background Thread 1 ] INFO  FXGLApplication      - FXGL initialization took: 0.481 sec
03:12:24.781 [JavaFX Application Thread] DEBUG Input                - Clearing active input actions
03:12:24.792 [JavaFX Application Thread] DEBUG Input                - Registered new binding: Move Up - W
03:12:24.792 [JavaFX Application Thread] DEBUG Input                - Registered new binding: Move Down - S
03:12:24.792 [JavaFX Application Thread] DEBUG Input                - Registered new binding: Move Left - A
03:12:24.792 [JavaFX Application Thread] DEBUG Input                - Registered new binding: Move Right - D
03:12:24.793 [JavaFX Application Thread] DEBUG Input                - Registered new binding: Đặt bom - Space
03:12:24.793 [JavaFX Application Thread] DEBUG FXGLAssetLoaderServi - Loading from file system: jar:file:///C:/Users/admin/.m2/repository/com/github/almasb/fxgl/17.3/fxgl-17.3.jar!/fxglassets/textures/fxgl_icon.png
03:12:24.813 [FXGL Background Thread 4 ] DEBUG FXGLAssetLoaderServi - Loading from file system: jar:file:///C:/Users/admin/.m2/repository/com/github/almasb/fxgl/17.3/fxgl-17.3.jar!/fxglassets/ui/fonts/Abel-Regular.ttf
03:12:24.820 [JavaFX Application Thread] DEBUG FXGLAssetLoaderServi - Loading from file system: jar:file:///C:/Users/admin/.m2/repository/com/github/almasb/fxgl/17.3/fxgl-17.3.jar!/fxglassets/textures/fxgl_default_cursor.png
03:12:24.824 [JavaFX Application Thread] DEBUG Input                - Registered new binding: Screenshot - CTRL+8
03:12:24.825 [JavaFX Application Thread] DEBUG Input                - Registered new binding: System info dump - CTRL+9
03:12:24.825 [JavaFX Application Thread] DEBUG Input                - Registered new binding: Restart - CTRL+R
03:12:24.826 [JavaFX Application Thread] DEBUG Input                - Registered new binding: Toggle Debug Camera - CTRL+7
03:12:24.830 [JavaFX Application Thread] DEBUG LoopRunner           - Starting loop
03:12:24.830 [JavaFX Application Thread] DEBUG LoopRunner           - Initializing JavaFX AnimationTimerLoop
03:12:24.831 [JavaFX Application Thread] DEBUG GameApplicationServi - Starting new game
03:12:24.832 [JavaFX Application Thread] DEBUG Input                - Clearing active input actions
03:12:24.834 [FXGL Background Thread 4 ] DEBUG FXGLAssetLoaderServi - Loading from file system: jar:file:///C:/Users/admin/.m2/repository/com/github/almasb/fxgl/17.3/fxgl-17.3.jar!/fxglassets/ui/fonts/TerminalLandMono-Regular.otf
03:12:24.845 [JavaFX Application Thread] DEBUG GameApplicationServi - Removing overlay from FXGLStartupScene and adding to FXGLLoadingScene
03:12:24.846 [JavaFX Application Thread] DEBUG PrimaryStageWindow   - FXGLStartupScene -> FXGLLoadingScene
03:12:24.846 [JavaFX Application Thread] DEBUG GameApplicationServi - Clearing previous game
03:12:24.846 [JavaFX Application Thread] DEBUG GameScene            - Clearing game scene
03:12:24.846 [JavaFX Application Thread] DEBUG GameWorld            - Clearing game world
03:12:24.846 [JavaFX Application Thread] DEBUG PhysicsWorld         - Clearing physics world
03:12:24.848 [FXGL Background Thread 1 ] DEBUG FXGLApplication      - Initializing game
03:12:24.849 [FXGL Background Thread 4 ] DEBUG FXGLAssetLoaderServi - Loading from file system: jar:file:///C:/Users/admin/.m2/repository/com/github/almasb/fxgl/17.3/fxgl-17.3.jar!/fxglassets/ui/fonts/Courier-Prime.ttf
03:12:24.900 [JavaFX Application Thread] DEBUG FXGLApplication      - Registering font factories with UI factory
03:12:25.152 [FXGL Background Thread 1 ] INFO  FXGLApplication      - Game initialization took: 0.304 sec
03:12:25.152 [JavaFX Application Thread] DEBUG Input                - Clearing active input actions
03:12:25.177 [JavaFX Application Thread] DEBUG GameApplicationServi - Removing overlay from FXGLLoadingScene and adding to GameScene
03:12:25.178 [JavaFX Application Thread] DEBUG PrimaryStageWindow   - FXGLLoadingScene -> GameScene
03:12:25.395 [FXGL Background Thread 2 ] INFO  UpdaterService       - Your current version:  17.3
03:12:25.395 [FXGL Background Thread 2 ] INFO  UpdaterService       - Latest stable version: 21.1
03:12:27.758 [FXGL Background Thread 3 ] DEBUG Engine               - Logging environment variables
03:12:27.759 [FXGL Background Thread 3 ] DEBUG Engine               - achievements: []
03:12:27.760 [FXGL Background Thread 3 ] DEBUG Engine               - actualHeight: 480.0
03:12:27.760 [FXGL Background Thread 3 ] DEBUG Engine               - actualHeightProperty: ReadOnlyDoubleProperty [value: 480.0]
03:12:27.760 [FXGL Background Thread 3 ] DEBUG Engine               - actualWidth: 480.0
03:12:27.760 [FXGL Background Thread 3 ] DEBUG Engine               - actualWidthProperty: ReadOnlyDoubleProperty [value: 480.0]
03:12:27.760 [FXGL Background Thread 3 ] DEBUG Engine               - appIcon: fxgl_icon.png
03:12:27.761 [FXGL Background Thread 3 ] DEBUG Engine               - applicationMode: DEVELOPER
03:12:27.761 [FXGL Background Thread 3 ] DEBUG Engine               - cSSList: [fxgl_dark.css]
03:12:27.761 [FXGL Background Thread 3 ] DEBUG Engine               - collisionDetectionStrategy: BRUTE_FORCE
03:12:27.761 [FXGL Background Thread 3 ] DEBUG Engine               - configClass: Optional.empty
03:12:27.761 [FXGL Background Thread 3 ] DEBUG Engine               - credits: []
03:12:27.762 [FXGL Background Thread 3 ] DEBUG Engine               - defaultCursor: CursorInfo(imageName=fxgl_default_cursor.png, hotspotX=7.0, hotspotY=6.0)
03:12:27.762 [FXGL Background Thread 3 ] DEBUG Engine               - devBBoxColorProperty: ObjectProperty [value: 0xff0000ff]
03:12:27.762 [FXGL Background Thread 3 ] DEBUG Engine               - devEnableDebugCameraProperty: BooleanProperty [value: false]
03:12:27.763 [FXGL Background Thread 3 ] DEBUG Engine               - devSensorColorProperty: ObjectProperty [value: 0xffff00ff]
03:12:27.763 [FXGL Background Thread 3 ] DEBUG Engine               - devShowBBoxProperty: BooleanProperty [value: false]
03:12:27.763 [FXGL Background Thread 3 ] DEBUG Engine               - devShowPositionProperty: BooleanProperty [value: false]
03:12:27.763 [FXGL Background Thread 3 ] DEBUG Engine               - enabledMenuItems: []
03:12:27.763 [FXGL Background Thread 3 ] DEBUG Engine               - engineServices: [class com.almasb.fxgl.app.services.FXGLAssetLoaderService, class com.almasb.fxgl.app.FXGLApplication$GameApplicationService, class com.almasb.fxgl.app.services.FXGLDialogService, class com.almasb.fxgl.app.services.IOTaskExecutorService, class com.almasb.fxgl.io.FileSystemService, class com.almasb.fxgl.localization.LocalizationService, class com.almasb.fxgl.app.services.SystemBundleService, class com.almasb.fxgl.profile.SaveLoadService, class com.almasb.fxgl.ui.FXGLUIFactoryServiceProvider, class com.almasb.fxgl.ui.FXGLDialogFactoryServiceProvider, class com.almasb.fxgl.audio.AudioPlayer, class com.almasb.fxgl.notification.impl.NotificationServiceProvider, class com.almasb.fxgl.achievement.AchievementService, class com.almasb.fxgl.cutscene.CutsceneService, class com.almasb.fxgl.minigames.MiniGameService, class com.almasb.fxgl.net.NetService, class com.almasb.fxgl.app.services.UpdaterService, class com.almasb.fxgl.dev.DevService]
03:12:27.763 [FXGL Background Thread 3 ] DEBUG Engine               - fontGame: Abel-Regular.ttf
03:12:27.763 [FXGL Background Thread 3 ] DEBUG Engine               - fontMono: TerminalLandMono-Regular.otf
03:12:27.763 [FXGL Background Thread 3 ] DEBUG Engine               - fontSizeScaleUI: 1.0
03:12:27.764 [FXGL Background Thread 3 ] DEBUG Engine               - fontText: Courier-Prime.ttf
03:12:27.764 [FXGL Background Thread 3 ] DEBUG Engine               - fontUI: VarelaRound-Regular.ttf
03:12:27.764 [FXGL Background Thread 3 ] DEBUG Engine               - fullScreen: BooleanProperty [value: false]
03:12:27.764 [FXGL Background Thread 3 ] DEBUG Engine               - gameDifficulty: MEDIUM
03:12:27.764 [FXGL Background Thread 3 ] DEBUG Engine               - gameDifficultyProperty: ObjectProperty [value: MEDIUM]
03:12:27.764 [FXGL Background Thread 3 ] DEBUG Engine               - globalMusicVolume: 0.5
03:12:27.764 [FXGL Background Thread 3 ] DEBUG Engine               - globalMusicVolumeProperty: DoubleProperty [value: 0.5]
03:12:27.766 [FXGL Background Thread 3 ] DEBUG Engine               - globalSoundVolume: 0.5
03:12:27.766 [FXGL Background Thread 3 ] DEBUG Engine               - globalSoundVolumeProperty: DoubleProperty [value: 0.5]
03:12:27.766 [FXGL Background Thread 3 ] DEBUG Engine               - height: 480
03:12:27.766 [FXGL Background Thread 3 ] DEBUG Engine               - is3D: false
03:12:27.766 [FXGL Background Thread 3 ] DEBUG Engine               - isAndroid: false
03:12:27.766 [FXGL Background Thread 3 ] DEBUG Engine               - isBrowser: false
03:12:27.766 [FXGL Background Thread 3 ] DEBUG Engine               - isClickFeedbackEnabled: false
03:12:27.766 [FXGL Background Thread 3 ] DEBUG Engine               - isCloseConfirmation: false
03:12:27.766 [FXGL Background Thread 3 ] DEBUG Engine               - isDesktop: true
03:12:27.766 [FXGL Background Thread 3 ] DEBUG Engine               - isDeveloperMenuEnabled: false
03:12:27.767 [FXGL Background Thread 3 ] DEBUG Engine               - isEmbedded: false
03:12:27.767 [FXGL Background Thread 3 ] DEBUG Engine               - isEntityPreloadEnabled: true
03:12:27.767 [FXGL Background Thread 3 ] DEBUG Engine               - isExperimentalTiledLargeMap: false
03:12:27.767 [FXGL Background Thread 3 ] DEBUG Engine               - isFileSystemWriteAllowed: true
03:12:27.767 [FXGL Background Thread 3 ] DEBUG Engine               - isFullScreenAllowed: false
03:12:27.767 [FXGL Background Thread 3 ] DEBUG Engine               - isFullScreenFromStart: false
03:12:27.767 [FXGL Background Thread 3 ] DEBUG Engine               - isGameMenuEnabled: true
03:12:27.767 [FXGL Background Thread 3 ] DEBUG Engine               - isIOS: false
03:12:27.768 [FXGL Background Thread 3 ] DEBUG Engine               - isIntroEnabled: false
03:12:27.768 [FXGL Background Thread 3 ] DEBUG Engine               - isLinux: false
03:12:27.768 [FXGL Background Thread 3 ] DEBUG Engine               - isMac: false
03:12:27.768 [FXGL Background Thread 3 ] DEBUG Engine               - isMainMenuEnabled: false
03:12:27.768 [FXGL Background Thread 3 ] DEBUG Engine               - isManualResizeEnabled: false
03:12:27.768 [FXGL Background Thread 3 ] DEBUG Engine               - isMobile: false
03:12:27.768 [FXGL Background Thread 3 ] DEBUG Engine               - isNative: false
03:12:27.768 [FXGL Background Thread 3 ] DEBUG Engine               - isPauseMusicWhenMinimized: true
03:12:27.769 [FXGL Background Thread 3 ] DEBUG Engine               - isPreserveResizeRatio: false
03:12:27.769 [FXGL Background Thread 3 ] DEBUG Engine               - isProfilingEnabled: false
03:12:27.769 [FXGL Background Thread 3 ] DEBUG Engine               - isScaleAffectedOnResize: true
03:12:27.769 [FXGL Background Thread 3 ] DEBUG Engine               - isSingleStep: false
03:12:27.769 [FXGL Background Thread 3 ] DEBUG Engine               - isUserProfileEnabled: false
03:12:27.769 [FXGL Background Thread 3 ] DEBUG Engine               - isWindows: true
03:12:27.769 [FXGL Background Thread 3 ] DEBUG Engine               - language: ObjectProperty [value: ENGLISH]
03:12:27.769 [FXGL Background Thread 3 ] DEBUG Engine               - menuKey: ESCAPE
03:12:27.769 [FXGL Background Thread 3 ] DEBUG Engine               - mouseSensitivity: 0.2
03:12:27.770 [FXGL Background Thread 3 ] DEBUG Engine               - notificationViewClass: class com.almasb.fxgl.notification.view.XboxNotificationView
03:12:27.770 [FXGL Background Thread 3 ] DEBUG Engine               - pixelsPerMeter: 50.0
03:12:27.770 [FXGL Background Thread 3 ] DEBUG Engine               - platform: WINDOWS
03:12:27.770 [FXGL Background Thread 3 ] DEBUG Engine               - prefHeightProperty: ReadOnlyDoubleProperty [value: 480.0]
03:12:27.770 [FXGL Background Thread 3 ] DEBUG Engine               - prefWidthProperty: ReadOnlyDoubleProperty [value: 480.0]
03:12:27.770 [FXGL Background Thread 3 ] DEBUG Engine               - profileDir: profiles/
03:12:27.770 [FXGL Background Thread 3 ] DEBUG Engine               - profileName: StringProperty [value: DEFAULT]
03:12:27.770 [FXGL Background Thread 3 ] DEBUG Engine               - randomSeed: -1
03:12:27.771 [FXGL Background Thread 3 ] DEBUG Engine               - runtimeInfo: RuntimeInfo(platform=WINDOWS, version=17.3, build=30.03.2023 11.49)
03:12:27.771 [FXGL Background Thread 3 ] DEBUG Engine               - saveFileExt: sav
03:12:27.771 [FXGL Background Thread 3 ] DEBUG Engine               - scaledHeightProp$fxgl: DoubleProperty [bound, value: 480.0]
03:12:27.771 [FXGL Background Thread 3 ] DEBUG Engine               - scaledWidthProp$fxgl: DoubleProperty [bound, value: 480.0]
03:12:27.771 [FXGL Background Thread 3 ] DEBUG Engine               - sceneFactory: com.almasb.fxgl.app.scene.SceneFactory@7b4e2dcd
03:12:27.772 [FXGL Background Thread 3 ] DEBUG Engine               - secondsIn24h: 60
03:12:27.772 [FXGL Background Thread 3 ] DEBUG Engine               - soundMenuBack: menu/back.wav
03:12:27.772 [FXGL Background Thread 3 ] DEBUG Engine               - soundMenuPress: menu/press.wav
03:12:27.772 [FXGL Background Thread 3 ] DEBUG Engine               - soundMenuSelect: menu/select.wav
03:12:27.772 [FXGL Background Thread 3 ] DEBUG Engine               - soundNotification: core/notification.wav
03:12:27.772 [FXGL Background Thread 3 ] DEBUG Engine               - stageStyle: DECORATED
03:12:27.772 [FXGL Background Thread 3 ] DEBUG Engine               - supportedLanguages: [ENGLISH, FRENCH, GERMAN, HUNGARIAN, RUSSIAN]
03:12:27.772 [FXGL Background Thread 3 ] DEBUG Engine               - ticksPerSecond: -1
03:12:27.772 [FXGL Background Thread 3 ] DEBUG Engine               - title: Bomberman Game
03:12:27.772 [FXGL Background Thread 3 ] DEBUG Engine               - urlGithub: https://github.com/AlmasB/FXGL
03:12:27.772 [FXGL Background Thread 3 ] DEBUG Engine               - urlLeaderboard: http://fxgl-top.herokuapp.com/
03:12:27.772 [FXGL Background Thread 3 ] DEBUG Engine               - urlPOM: https://raw.githubusercontent.com/AlmasB/FXGL/release/README.md
03:12:27.772 [FXGL Background Thread 3 ] DEBUG Engine               - userAppClass: class org.example.demo.HelloApplication
03:12:27.772 [FXGL Background Thread 3 ] DEBUG Engine               - version: 1.0
03:12:27.773 [FXGL Background Thread 3 ] DEBUG Engine               - versionCheckDays: 7
03:12:27.773 [FXGL Background Thread 3 ] DEBUG Engine               - width: 480
03:12:27.773 [FXGL Background Thread 3 ] DEBUG Engine               - Logging services
03:12:27.773 [FXGL Background Thread 3 ] DEBUG Engine               - class com.almasb.fxgl.app.services.FXGLAssetLoaderService
03:12:27.773 [FXGL Background Thread 3 ] DEBUG Engine               - class com.almasb.fxgl.app.FXGLApplication$GameApplicationService
03:12:27.773 [FXGL Background Thread 3 ] DEBUG Engine               - class com.almasb.fxgl.app.services.FXGLDialogService
03:12:27.773 [FXGL Background Thread 3 ] DEBUG Engine               - class com.almasb.fxgl.app.services.IOTaskExecutorService
03:12:27.773 [FXGL Background Thread 3 ] DEBUG Engine               - class com.almasb.fxgl.io.FileSystemService
03:12:27.773 [FXGL Background Thread 3 ] DEBUG Engine               - class com.almasb.fxgl.localization.LocalizationService
03:12:27.773 [FXGL Background Thread 3 ] DEBUG Engine               - class com.almasb.fxgl.app.services.SystemBundleService
03:12:27.773 [FXGL Background Thread 3 ] DEBUG Engine               - class com.almasb.fxgl.profile.SaveLoadService
03:12:27.773 [FXGL Background Thread 3 ] DEBUG Engine               - class com.almasb.fxgl.ui.FXGLUIFactoryServiceProvider
03:12:27.773 [FXGL Background Thread 3 ] DEBUG Engine               - class com.almasb.fxgl.ui.FXGLDialogFactoryServiceProvider
03:12:27.773 [FXGL Background Thread 3 ] DEBUG Engine               - class com.almasb.fxgl.audio.AudioPlayer
03:12:27.773 [FXGL Background Thread 3 ] DEBUG Engine               - class com.almasb.fxgl.notification.impl.NotificationServiceProvider
03:12:27.773 [FXGL Background Thread 3 ] DEBUG Engine               - class com.almasb.fxgl.achievement.AchievementService
03:12:27.773 [FXGL Background Thread 3 ] DEBUG Engine               - class com.almasb.fxgl.cutscene.CutsceneService
03:12:27.774 [FXGL Background Thread 3 ] DEBUG Engine               - class com.almasb.fxgl.minigames.MiniGameService
03:12:27.774 [FXGL Background Thread 3 ] DEBUG Engine               - class com.almasb.fxgl.net.NetService
03:12:27.774 [FXGL Background Thread 3 ] DEBUG Engine               - class com.almasb.fxgl.app.services.UpdaterService
03:12:27.774 [FXGL Background Thread 3 ] DEBUG Engine               - class com.almasb.fxgl.dev.DevService
03:12:28.786 [JavaFX Application Thread] WARN  FXGLAssetLoaderServi - Asset "/assets/textures/sprites/explosion.png" was not found!
03:12:28.786 [JavaFX Application Thread] WARN  FXGLAssetLoaderServi - Failed to load IMAGE
03:12:28.802 [JavaFX Application Thread] WARN  FXGLAssetLoaderServi - Asset "/assets/textures/sprites/explosion.png" was not found!
03:12:28.803 [JavaFX Application Thread] WARN  FXGLAssetLoaderServi - Failed to load IMAGE
03:12:28.804 [JavaFX Application Thread] WARN  FXGLAssetLoaderServi - Asset "/assets/textures/sprites/explosion.png" was not found!
03:12:28.804 [JavaFX Application Thread] WARN  FXGLAssetLoaderServi - Failed to load IMAGE
03:12:28.804 [JavaFX Application Thread] WARN  FXGLAssetLoaderServi - Asset "/assets/textures/sprites/explosion.png" was not found!
03:12:28.805 [JavaFX Application Thread] WARN  FXGLAssetLoaderServi - Failed to load IMAGE
03:12:28.805 [JavaFX Application Thread] WARN  FXGLAssetLoaderServi - Asset "/assets/textures/sprites/explosion.png" was not found!
03:12:28.805 [JavaFX Application Thread] WARN  FXGLAssetLoaderServi - Failed to load IMAGE
03:12:28.806 [JavaFX Application Thread] WARN  FXGLAssetLoaderServi - Asset "/assets/textures/sprites/explosion.png" was not found!
03:12:28.806 [JavaFX Application Thread] WARN  FXGLAssetLoaderServi - Failed to load IMAGE
03:12:28.806 [JavaFX Application Thread] WARN  FXGLAssetLoaderServi - Asset "/assets/textures/sprites/explosion.png" was not found!
03:12:28.806 [JavaFX Application Thread] WARN  FXGLAssetLoaderServi - Failed to load IMAGE
03:12:37.477 [JavaFX Application Thread] WARN  FXGLAssetLoaderServi - Asset "/assets/textures/sprites/explosion.png" was not found!
03:12:37.477 [JavaFX Application Thread] WARN  FXGLAssetLoaderServi - Failed to load IMAGE
03:12:37.478 [JavaFX Application Thread] WARN  FXGLAssetLoaderServi - Asset "/assets/textures/sprites/explosion.png" was not found!
03:12:37.479 [JavaFX Application Thread] WARN  FXGLAssetLoaderServi - Failed to load IMAGE
03:12:37.480 [JavaFX Application Thread] WARN  FXGLAssetLoaderServi - Asset "/assets/textures/sprites/explosion.png" was not found!
03:12:37.480 [JavaFX Application Thread] WARN  FXGLAssetLoaderServi - Failed to load IMAGE
03:12:37.481 [JavaFX Application Thread] WARN  FXGLAssetLoaderServi - Asset "/assets/textures/sprites/explosion.png" was not found!
03:12:37.481 [JavaFX Application Thread] WARN  FXGLAssetLoaderServi - Failed to load IMAGE
03:12:37.482 [JavaFX Application Thread] WARN  FXGLAssetLoaderServi - Asset "/assets/textures/sprites/explosion.png" was not found!
03:12:37.482 [JavaFX Application Thread] WARN  FXGLAssetLoaderServi - Failed to load IMAGE
03:12:37.482 [JavaFX Application Thread] WARN  FXGLAssetLoaderServi - Asset "/assets/textures/sprites/explosion.png" was not found!
03:12:37.482 [JavaFX Application Thread] WARN  FXGLAssetLoaderServi - Failed to load IMAGE
03:12:37.482 [JavaFX Application Thread] WARN  FXGLAssetLoaderServi - Asset "/assets/textures/sprites/explosion.png" was not found!
03:12:37.482 [JavaFX Application Thread] WARN  FXGLAssetLoaderServi - Failed to load IMAGE
03:12:54.657 [JavaFX Application Thread] WARN  FXGLAssetLoaderServi - Asset "/assets/textures/sprites/explosion.png" was not found!
03:12:54.657 [JavaFX Application Thread] WARN  FXGLAssetLoaderServi - Failed to load IMAGE
03:12:54.665 [JavaFX Application Thread] WARN  FXGLAssetLoaderServi - Asset "/assets/textures/sprites/explosion.png" was not found!
03:12:54.666 [JavaFX Application Thread] WARN  FXGLAssetLoaderServi - Failed to load IMAGE
03:12:54.667 [JavaFX Application Thread] WARN  FXGLAssetLoaderServi - Asset "/assets/textures/sprites/explosion.png" was not found!
03:12:54.667 [JavaFX Application Thread] WARN  FXGLAssetLoaderServi - Failed to load IMAGE
03:12:54.680 [JavaFX Application Thread] WARN  FXGLAssetLoaderServi - Asset "/assets/textures/sprites/explosion.png" was not found!
03:12:54.680 [JavaFX Application Thread] WARN  FXGLAssetLoaderServi - Failed to load IMAGE
03:12:54.680 [JavaFX Application Thread] WARN  FXGLAssetLoaderServi - Asset "/assets/textures/sprites/explosion.png" was not found!
03:12:54.681 [JavaFX Application Thread] WARN  FXGLAssetLoaderServi - Failed to load IMAGE
03:12:54.681 [JavaFX Application Thread] WARN  FXGLAssetLoaderServi - Asset "/assets/textures/sprites/explosion.png" was not found!
03:12:54.681 [JavaFX Application Thread] WARN  FXGLAssetLoaderServi - Failed to load IMAGE
03:12:54.681 [JavaFX Application Thread] WARN  FXGLAssetLoaderServi - Asset "/assets/textures/sprites/explosion.png" was not found!
03:12:54.682 [JavaFX Application Thread] WARN  FXGLAssetLoaderServi - Failed to load IMAGE
03:12:59.042 [JavaFX Application Thread] WARN  FXGLAssetLoaderServi - Asset "/assets/textures/sprites/explosion.png" was not found!
03:12:59.043 [JavaFX Application Thread] WARN  FXGLAssetLoaderServi - Failed to load IMAGE
03:12:59.044 [JavaFX Application Thread] WARN  FXGLAssetLoaderServi - Asset "/assets/textures/sprites/explosion.png" was not found!
03:12:59.045 [JavaFX Application Thread] WARN  FXGLAssetLoaderServi - Failed to load IMAGE
03:12:59.046 [JavaFX Application Thread] WARN  FXGLAssetLoaderServi - Asset "/assets/textures/sprites/explosion.png" was not found!
03:12:59.047 [JavaFX Application Thread] WARN  FXGLAssetLoaderServi - Failed to load IMAGE
03:12:59.048 [JavaFX Application Thread] WARN  FXGLAssetLoaderServi - Asset "/assets/textures/sprites/explosion.png" was not found!
03:12:59.048 [JavaFX Application Thread] WARN  FXGLAssetLoaderServi - Failed to load IMAGE
03:12:59.049 [JavaFX Application Thread] WARN  FXGLAssetLoaderServi - Asset "/assets/textures/sprites/explosion.png" was not found!
03:12:59.050 [JavaFX Application Thread] WARN  FXGLAssetLoaderServi - Failed to load IMAGE
03:12:59.050 [JavaFX Application Thread] WARN  FXGLAssetLoaderServi - Asset "/assets/textures/sprites/explosion.png" was not found!
03:12:59.051 [JavaFX Application Thread] WARN  FXGLAssetLoaderServi - Failed to load IMAGE
03:12:59.051 [JavaFX Application Thread] WARN  FXGLAssetLoaderServi - Asset "/assets/textures/sprites/explosion.png" was not found!
03:12:59.051 [JavaFX Application Thread] WARN  FXGLAssetLoaderServi - Failed to load IMAGE
03:13:02.560 [JavaFX Application Thread] WARN  FXGLAssetLoaderServi - Asset "/assets/textures/sprites/explosion.png" was not found!
03:13:02.560 [JavaFX Application Thread] WARN  FXGLAssetLoaderServi - Failed to load IMAGE
03:13:02.561 [JavaFX Application Thread] WARN  FXGLAssetLoaderServi - Asset "/assets/textures/sprites/explosion.png" was not found!
03:13:02.561 [JavaFX Application Thread] WARN  FXGLAssetLoaderServi - Failed to load IMAGE
03:13:02.562 [JavaFX Application Thread] WARN  FXGLAssetLoaderServi - Asset "/assets/textures/sprites/explosion.png" was not found!
03:13:02.562 [JavaFX Application Thread] WARN  FXGLAssetLoaderServi - Failed to load IMAGE
03:13:02.563 [JavaFX Application Thread] WARN  FXGLAssetLoaderServi - Asset "/assets/textures/sprites/explosion.png" was not found!
03:13:02.563 [JavaFX Application Thread] WARN  FXGLAssetLoaderServi - Failed to load IMAGE
03:13:02.564 [JavaFX Application Thread] WARN  FXGLAssetLoaderServi - Asset "/assets/textures/sprites/explosion.png" was not found!
03:13:02.564 [JavaFX Application Thread] WARN  FXGLAssetLoaderServi - Failed to load IMAGE
03:13:02.565 [JavaFX Application Thread] WARN  FXGLAssetLoaderServi - Asset "/assets/textures/sprites/explosion.png" was not found!
03:13:02.565 [JavaFX Application Thread] WARN  FXGLAssetLoaderServi - Failed to load IMAGE
03:13:02.566 [JavaFX Application Thread] WARN  FXGLAssetLoaderServi - Asset "/assets/textures/sprites/explosion.png" was not found!
03:13:02.567 [JavaFX Application Thread] WARN  FXGLAssetLoaderServi - Failed to load IMAGE
03:13:06.622 [JavaFX Application Thread] WARN  FXGLAssetLoaderServi - Asset "/assets/textures/sprites/explosion.png" was not found!
03:13:06.623 [JavaFX Application Thread] WARN  FXGLAssetLoaderServi - Failed to load IMAGE
03:13:06.625 [JavaFX Application Thread] WARN  FXGLAssetLoaderServi - Asset "/assets/textures/sprites/explosion.png" was not found!
03:13:06.625 [JavaFX Application Thread] WARN  FXGLAssetLoaderServi - Failed to load IMAGE
03:13:06.627 [JavaFX Application Thread] WARN  FXGLAssetLoaderServi - Asset "/assets/textures/sprites/explosion.png" was not found!
03:13:06.629 [JavaFX Application Thread] WARN  FXGLAssetLoaderServi - Failed to load IMAGE
03:13:06.629 [JavaFX Application Thread] WARN  FXGLAssetLoaderServi - Asset "/assets/textures/sprites/explosion.png" was not found!
03:13:06.630 [JavaFX Application Thread] WARN  FXGLAssetLoaderServi - Failed to load IMAGE
03:13:06.630 [JavaFX Application Thread] WARN  FXGLAssetLoaderServi - Asset "/assets/textures/sprites/explosion.png" was not found!
03:13:06.630 [JavaFX Application Thread] WARN  FXGLAssetLoaderServi - Failed to load IMAGE
03:13:06.631 [JavaFX Application Thread] WARN  FXGLAssetLoaderServi - Asset "/assets/textures/sprites/explosion.png" was not found!
03:13:06.631 [JavaFX Application Thread] WARN  FXGLAssetLoaderServi - Failed to load IMAGE
03:13:06.631 [JavaFX Application Thread] WARN  FXGLAssetLoaderServi - Asset "/assets/textures/sprites/explosion.png" was not found!
03:13:06.631 [JavaFX Application Thread] WARN  FXGLAssetLoaderServi - Failed to load IMAGE
03:13:11.608 [JavaFX Application Thread] WARN  FXGLAssetLoaderServi - Asset "/assets/textures/sprites/explosion.png" was not found!
03:13:11.609 [JavaFX Application Thread] WARN  FXGLAssetLoaderServi - Failed to load IMAGE
03:13:11.610 [JavaFX Application Thread] WARN  FXGLAssetLoaderServi - Asset "/assets/textures/sprites/explosion.png" was not found!
03:13:11.610 [JavaFX Application Thread] WARN  FXGLAssetLoaderServi - Failed to load IMAGE
03:13:11.614 [JavaFX Application Thread] WARN  FXGLAssetLoaderServi - Asset "/assets/textures/sprites/explosion.png" was not found!
03:13:11.614 [JavaFX Application Thread] WARN  FXGLAssetLoaderServi - Failed to load IMAGE
03:13:11.616 [JavaFX Application Thread] WARN  FXGLAssetLoaderServi - Asset "/assets/textures/sprites/explosion.png" was not found!
03:13:11.616 [JavaFX Application Thread] WARN  FXGLAssetLoaderServi - Failed to load IMAGE
03:13:11.617 [JavaFX Application Thread] WARN  FXGLAssetLoaderServi - Asset "/assets/textures/sprites/explosion.png" was not found!
03:13:11.617 [JavaFX Application Thread] WARN  FXGLAssetLoaderServi - Failed to load IMAGE
03:13:11.618 [JavaFX Application Thread] WARN  FXGLAssetLoaderServi - Asset "/assets/textures/sprites/explosion.png" was not found!
03:13:11.618 [JavaFX Application Thread] WARN  FXGLAssetLoaderServi - Failed to load IMAGE
03:13:11.620 [JavaFX Application Thread] WARN  FXGLAssetLoaderServi - Asset "/assets/textures/sprites/explosion.png" was not found!
03:13:11.620 [JavaFX Application Thread] WARN  FXGLAssetLoaderServi - Failed to load IMAGE
03:13:16.922 [JavaFX Application Thread] WARN  FXGLAssetLoaderServi - Asset "/assets/textures/sprites/explosion.png" was not found!
03:13:16.923 [JavaFX Application Thread] WARN  FXGLAssetLoaderServi - Failed to load IMAGE
03:13:16.927 [JavaFX Application Thread] WARN  FXGLAssetLoaderServi - Asset "/assets/textures/sprites/explosion.png" was not found!
03:13:16.927 [JavaFX Application Thread] WARN  FXGLAssetLoaderServi - Failed to load IMAGE
03:13:16.928 [JavaFX Application Thread] WARN  FXGLAssetLoaderServi - Asset "/assets/textures/sprites/explosion.png" was not found!
03:13:16.928 [JavaFX Application Thread] WARN  FXGLAssetLoaderServi - Failed to load IMAGE
03:13:16.938 [JavaFX Application Thread] WARN  FXGLAssetLoaderServi - Asset "/assets/textures/sprites/explosion.png" was not found!
03:13:16.939 [JavaFX Application Thread] WARN  FXGLAssetLoaderServi - Failed to load IMAGE
03:13:16.939 [JavaFX Application Thread] WARN  FXGLAssetLoaderServi - Asset "/assets/textures/sprites/explosion.png" was not found!
03:13:16.939 [JavaFX Application Thread] WARN  FXGLAssetLoaderServi - Failed to load IMAGE
03:13:16.939 [JavaFX Application Thread] WARN  FXGLAssetLoaderServi - Asset "/assets/textures/sprites/explosion.png" was not found!
03:13:16.940 [JavaFX Application Thread] WARN  FXGLAssetLoaderServi - Failed to load IMAGE
03:13:16.940 [JavaFX Application Thread] WARN  FXGLAssetLoaderServi - Asset "/assets/textures/sprites/explosion.png" was not found!
03:13:16.940 [JavaFX Application Thread] WARN  FXGLAssetLoaderServi - Failed to load IMAGE
03:13:22.336 [JavaFX Application Thread] WARN  FXGLAssetLoaderServi - Asset "/assets/textures/sprites/explosion.png" was not found!
03:13:22.336 [JavaFX Application Thread] WARN  FXGLAssetLoaderServi - Failed to load IMAGE
03:13:22.337 [JavaFX Application Thread] WARN  FXGLAssetLoaderServi - Asset "/assets/textures/sprites/explosion.png" was not found!
03:13:22.337 [JavaFX Application Thread] WARN  FXGLAssetLoaderServi - Failed to load IMAGE
03:13:22.357 [JavaFX Application Thread] WARN  FXGLAssetLoaderServi - Asset "/assets/textures/sprites/explosion.png" was not found!
03:13:22.357 [JavaFX Application Thread] WARN  FXGLAssetLoaderServi - Failed to load IMAGE
03:13:22.357 [JavaFX Application Thread] WARN  FXGLAssetLoaderServi - Asset "/assets/textures/sprites/explosion.png" was not found!
03:13:22.357 [JavaFX Application Thread] WARN  FXGLAssetLoaderServi - Failed to load IMAGE
03:13:22.365 [JavaFX Application Thread] WARN  FXGLAssetLoaderServi - Asset "/assets/textures/sprites/explosion.png" was not found!
03:13:22.365 [JavaFX Application Thread] WARN  FXGLAssetLoaderServi - Failed to load IMAGE
03:13:22.365 [JavaFX Application Thread] WARN  FXGLAssetLoaderServi - Asset "/assets/textures/sprites/explosion.png" was not found!
03:13:22.365 [JavaFX Application Thread] WARN  FXGLAssetLoaderServi - Failed to load IMAGE
03:13:22.366 [JavaFX Application Thread] WARN  FXGLAssetLoaderServi - Asset "/assets/textures/sprites/explosion.png" was not found!
03:13:22.366 [JavaFX Application Thread] WARN  FXGLAssetLoaderServi - Failed to load IMAGE
03:13:22.366 [JavaFX Application Thread] WARN  FXGLAssetLoaderServi - Asset "/assets/textures/sprites/explosion.png" was not found!
03:13:22.366 [JavaFX Application Thread] WARN  FXGLAssetLoaderServi - Failed to load IMAGE
03:13:22.367 [JavaFX Application Thread] WARN  FXGLAssetLoaderServi - Asset "/assets/textures/sprites/explosion.png" was not found!
03:13:22.367 [JavaFX Application Thread] WARN  FXGLAssetLoaderServi - Failed to load IMAGE
03:13:25.586 [JavaFX Application Thread] WARN  FXGLAssetLoaderServi - Asset "/assets/textures/sprites/explosion.png" was not found!
03:13:25.586 [JavaFX Application Thread] WARN  FXGLAssetLoaderServi - Failed to load IMAGE
03:13:25.588 [JavaFX Application Thread] WARN  FXGLAssetLoaderServi - Asset "/assets/textures/sprites/explosion.png" was not found!
03:13:25.588 [JavaFX Application Thread] WARN  FXGLAssetLoaderServi - Failed to load IMAGE
03:13:25.603 [JavaFX Application Thread] WARN  FXGLAssetLoaderServi - Asset "/assets/textures/sprites/explosion.png" was not found!
03:13:25.603 [JavaFX Application Thread] WARN  FXGLAssetLoaderServi - Failed to load IMAGE
03:13:25.604 [JavaFX Application Thread] WARN  FXGLAssetLoaderServi - Asset "/assets/textures/sprites/explosion.png" was not found!
03:13:25.604 [JavaFX Application Thread] WARN  FXGLAssetLoaderServi - Failed to load IMAGE
03:13:25.604 [JavaFX Application Thread] WARN  FXGLAssetLoaderServi - Asset "/assets/textures/sprites/explosion.png" was not found!
03:13:25.604 [JavaFX Application Thread] WARN  FXGLAssetLoaderServi - Failed to load IMAGE
03:13:25.604 [JavaFX Application Thread] WARN  FXGLAssetLoaderServi - Asset "/assets/textures/sprites/explosion.png" was not found!
03:13:25.604 [JavaFX Application Thread] WARN  FXGLAssetLoaderServi - Failed to load IMAGE
03:13:25.605 [JavaFX Application Thread] WARN  FXGLAssetLoaderServi - Asset "/assets/textures/sprites/explosion.png" was not found!
03:13:25.605 [JavaFX Application Thread] WARN  FXGLAssetLoaderServi - Failed to load IMAGE
03:13:29.428 [JavaFX Application Thread] WARN  FXGLAssetLoaderServi - Asset "/assets/textures/sprites/explosion.png" was not found!
03:13:29.428 [JavaFX Application Thread] WARN  FXGLAssetLoaderServi - Failed to load IMAGE
03:13:29.429 [JavaFX Application Thread] WARN  FXGLAssetLoaderServi - Asset "/assets/textures/sprites/explosion.png" was not found!
03:13:29.429 [JavaFX Application Thread] WARN  FXGLAssetLoaderServi - Failed to load IMAGE
03:13:29.443 [JavaFX Application Thread] WARN  FXGLAssetLoaderServi - Asset "/assets/textures/sprites/explosion.png" was not found!
03:13:29.443 [JavaFX Application Thread] WARN  FXGLAssetLoaderServi - Failed to load IMAGE
03:13:29.444 [JavaFX Application Thread] WARN  FXGLAssetLoaderServi - Asset "/assets/textures/sprites/explosion.png" was not found!
03:13:29.444 [JavaFX Application Thread] WARN  FXGLAssetLoaderServi - Failed to load IMAGE
03:13:29.444 [JavaFX Application Thread] WARN  FXGLAssetLoaderServi - Asset "/assets/textures/sprites/explosion.png" was not found!
03:13:29.444 [JavaFX Application Thread] WARN  FXGLAssetLoaderServi - Failed to load IMAGE
03:13:29.445 [JavaFX Application Thread] WARN  FXGLAssetLoaderServi - Asset "/assets/textures/sprites/explosion.png" was not found!
03:13:29.445 [JavaFX Application Thread] WARN  FXGLAssetLoaderServi - Failed to load IMAGE
03:13:29.445 [JavaFX Application Thread] WARN  FXGLAssetLoaderServi - Asset "/assets/textures/sprites/explosion.png" was not found!
03:13:29.445 [JavaFX Application Thread] WARN  FXGLAssetLoaderServi - Failed to load IMAGE
03:13:29.445 [JavaFX Application Thread] WARN  FXGLAssetLoaderServi - Asset "/assets/textures/sprites/explosion.png" was not found!
03:13:29.445 [JavaFX Application Thread] WARN  FXGLAssetLoaderServi - Failed to load IMAGE
03:13:29.446 [JavaFX Application Thread] WARN  FXGLAssetLoaderServi - Asset "/assets/textures/sprites/explosion.png" was not found!
03:13:29.446 [JavaFX Application Thread] WARN  FXGLAssetLoaderServi - Failed to load IMAGE
03:13:33.620 [JavaFX Application Thread] WARN  FXGLAssetLoaderServi - Asset "/assets/textures/sprites/explosion.png" was not found!
03:13:33.620 [JavaFX Application Thread] WARN  FXGLAssetLoaderServi - Failed to load IMAGE
03:13:33.621 [JavaFX Application Thread] WARN  FXGLAssetLoaderServi - Asset "/assets/textures/sprites/explosion.png" was not found!
03:13:33.621 [JavaFX Application Thread] WARN  FXGLAssetLoaderServi - Failed to load IMAGE
03:13:33.636 [JavaFX Application Thread] WARN  FXGLAssetLoaderServi - Asset "/assets/textures/sprites/explosion.png" was not found!
03:13:33.636 [JavaFX Application Thread] WARN  FXGLAssetLoaderServi - Failed to load IMAGE
03:13:33.636 [JavaFX Application Thread] WARN  FXGLAssetLoaderServi - Asset "/assets/textures/sprites/explosion.png" was not found!
03:13:33.636 [JavaFX Application Thread] WARN  FXGLAssetLoaderServi - Failed to load IMAGE
03:13:33.636 [JavaFX Application Thread] WARN  FXGLAssetLoaderServi - Asset "/assets/textures/sprites/explosion.png" was not found!
03:13:33.636 [JavaFX Application Thread] WARN  FXGLAssetLoaderServi - Failed to load IMAGE
03:13:33.636 [JavaFX Application Thread] WARN  FXGLAssetLoaderServi - Asset "/assets/textures/sprites/explosion.png" was not found!
03:13:33.636 [JavaFX Application Thread] WARN  FXGLAssetLoaderServi - Failed to load IMAGE
03:13:33.637 [JavaFX Application Thread] WARN  FXGLAssetLoaderServi - Asset "/assets/textures/sprites/explosion.png" was not found!
03:13:33.637 [JavaFX Application Thread] WARN  FXGLAssetLoaderServi - Failed to load IMAGE
03:13:36.616 [JavaFX Application Thread] WARN  FXGLAssetLoaderServi - Asset "/assets/textures/sprites/explosion.png" was not found!
03:13:36.616 [JavaFX Application Thread] WARN  FXGLAssetLoaderServi - Failed to load IMAGE
03:13:36.617 [JavaFX Application Thread] WARN  FXGLAssetLoaderServi - Asset "/assets/textures/sprites/explosion.png" was not found!
03:13:36.617 [JavaFX Application Thread] WARN  FXGLAssetLoaderServi - Failed to load IMAGE
03:13:36.617 [JavaFX Application Thread] WARN  FXGLAssetLoaderServi - Asset "/assets/textures/sprites/explosion.png" was not found!
03:13:36.618 [JavaFX Application Thread] WARN  FXGLAssetLoaderServi - Failed to load IMAGE
03:13:36.618 [JavaFX Application Thread] WARN  FXGLAssetLoaderServi - Asset "/assets/textures/sprites/explosion.png" was not found!
03:13:36.618 [JavaFX Application Thread] WARN  FXGLAssetLoaderServi - Failed to load IMAGE
03:13:36.620 [JavaFX Application Thread] WARN  FXGLAssetLoaderServi - Asset "/assets/textures/sprites/explosion.png" was not found!
03:13:36.620 [JavaFX Application Thread] WARN  FXGLAssetLoaderServi - Failed to load IMAGE
03:13:36.620 [JavaFX Application Thread] WARN  FXGLAssetLoaderServi - Asset "/assets/textures/sprites/explosion.png" was not found!
03:13:36.621 [JavaFX Application Thread] WARN  FXGLAssetLoaderServi - Failed to load IMAGE
03:13:36.621 [JavaFX Application Thread] WARN  FXGLAssetLoaderServi - Asset "/assets/textures/sprites/explosion.png" was not found!
03:13:36.621 [JavaFX Application Thread] WARN  FXGLAssetLoaderServi - Failed to load IMAGE
03:13:40.334 [JavaFX Application Thread] WARN  FXGLAssetLoaderServi - Asset "/assets/textures/sprites/explosion.png" was not found!
03:13:40.335 [JavaFX Application Thread] WARN  FXGLAssetLoaderServi - Failed to load IMAGE
03:13:40.340 [JavaFX Application Thread] WARN  FXGLAssetLoaderServi - Asset "/assets/textures/sprites/explosion.png" was not found!
03:13:40.340 [JavaFX Application Thread] WARN  FXGLAssetLoaderServi - Failed to load IMAGE
03:13:40.342 [JavaFX Application Thread] WARN  FXGLAssetLoaderServi - Asset "/assets/textures/sprites/explosion.png" was not found!
03:13:40.342 [JavaFX Application Thread] WARN  FXGLAssetLoaderServi - Failed to load IMAGE
03:13:40.352 [JavaFX Application Thread] WARN  FXGLAssetLoaderServi - Asset "/assets/textures/sprites/explosion.png" was not found!
03:13:40.352 [JavaFX Application Thread] WARN  FXGLAssetLoaderServi - Failed to load IMAGE
03:13:40.352 [JavaFX Application Thread] WARN  FXGLAssetLoaderServi - Asset "/assets/textures/sprites/explosion.png" was not found!
03:13:40.352 [JavaFX Application Thread] WARN  FXGLAssetLoaderServi - Failed to load IMAGE
03:13:40.353 [JavaFX Application Thread] WARN  FXGLAssetLoaderServi - Asset "/assets/textures/sprites/explosion.png" was not found!
03:13:40.353 [JavaFX Application Thread] WARN  FXGLAssetLoaderServi - Failed to load IMAGE
03:13:40.354 [JavaFX Application Thread] WARN  FXGLAssetLoaderServi - Asset "/assets/textures/sprites/explosion.png" was not found!
03:13:40.354 [JavaFX Application Thread] WARN  FXGLAssetLoaderServi - Failed to load IMAGE
03:13:43.188 [JavaFX Application Thread] WARN  FXGLAssetLoaderServi - Asset "/assets/textures/sprites/explosion.png" was not found!
03:13:43.188 [JavaFX Application Thread] WARN  FXGLAssetLoaderServi - Failed to load IMAGE
03:13:43.189 [JavaFX Application Thread] WARN  FXGLAssetLoaderServi - Asset "/assets/textures/sprites/explosion.png" was not found!
03:13:43.189 [JavaFX Application Thread] WARN  FXGLAssetLoaderServi - Failed to load IMAGE
03:13:43.190 [JavaFX Application Thread] WARN  FXGLAssetLoaderServi - Asset "/assets/textures/sprites/explosion.png" was not found!
03:13:43.190 [JavaFX Application Thread] WARN  FXGLAssetLoaderServi - Failed to load IMAGE
03:13:43.190 [JavaFX Application Thread] WARN  FXGLAssetLoaderServi - Asset "/assets/textures/sprites/explosion.png" was not found!
03:13:43.190 [JavaFX Application Thread] WARN  FXGLAssetLoaderServi - Failed to load IMAGE
03:13:43.200 [JavaFX Application Thread] WARN  FXGLAssetLoaderServi - Asset "/assets/textures/sprites/explosion.png" was not found!
03:13:43.200 [JavaFX Application Thread] WARN  FXGLAssetLoaderServi - Failed to load IMAGE
03:13:43.200 [JavaFX Application Thread] WARN  FXGLAssetLoaderServi - Asset "/assets/textures/sprites/explosion.png" was not found!
03:13:43.201 [JavaFX Application Thread] WARN  FXGLAssetLoaderServi - Failed to load IMAGE
03:13:43.201 [JavaFX Application Thread] WARN  FXGLAssetLoaderServi - Asset "/assets/textures/sprites/explosion.png" was not found!
03:13:43.201 [JavaFX Application Thread] WARN  FXGLAssetLoaderServi - Failed to load IMAGE
03:13:43.201 [JavaFX Application Thread] WARN  FXGLAssetLoaderServi - Asset "/assets/textures/sprites/explosion.png" was not found!
03:13:43.201 [JavaFX Application Thread] WARN  FXGLAssetLoaderServi - Failed to load IMAGE
03:13:43.202 [JavaFX Application Thread] WARN  FXGLAssetLoaderServi - Asset "/assets/textures/sprites/explosion.png" was not found!
03:13:43.202 [JavaFX Application Thread] WARN  FXGLAssetLoaderServi - Failed to load IMAGE
03:13:45.026 [JavaFX Application Thread] WARN  FXGLAssetLoaderServi - Asset "/assets/textures/sprites/explosion.png" was not found!
03:13:45.026 [JavaFX Application Thread] WARN  FXGLAssetLoaderServi - Failed to load IMAGE
03:13:45.026 [JavaFX Application Thread] WARN  FXGLAssetLoaderServi - Asset "/assets/textures/sprites/explosion.png" was not found!
03:13:45.027 [JavaFX Application Thread] WARN  FXGLAssetLoaderServi - Failed to load IMAGE
03:13:45.027 [JavaFX Application Thread] WARN  FXGLAssetLoaderServi - Asset "/assets/textures/sprites/explosion.png" was not found!
03:13:45.027 [JavaFX Application Thread] WARN  FXGLAssetLoaderServi - Failed to load IMAGE
03:13:45.040 [JavaFX Application Thread] WARN  FXGLAssetLoaderServi - Asset "/assets/textures/sprites/explosion.png" was not found!
03:13:45.040 [JavaFX Application Thread] WARN  FXGLAssetLoaderServi - Failed to load IMAGE
03:13:45.040 [JavaFX Application Thread] WARN  FXGLAssetLoaderServi - Asset "/assets/textures/sprites/explosion.png" was not found!
03:13:45.042 [JavaFX Application Thread] WARN  FXGLAssetLoaderServi - Failed to load IMAGE
03:13:45.042 [JavaFX Application Thread] WARN  FXGLAssetLoaderServi - Asset "/assets/textures/sprites/explosion.png" was not found!
03:13:45.042 [JavaFX Application Thread] WARN  FXGLAssetLoaderServi - Failed to load IMAGE
03:13:45.042 [JavaFX Application Thread] WARN  FXGLAssetLoaderServi - Asset "/assets/textures/sprites/explosion.png" was not found!
03:13:45.042 [JavaFX Application Thread] WARN  FXGLAssetLoaderServi - Failed to load IMAGE
03:13:47.983 [JavaFX Application Thread] WARN  FXGLAssetLoaderServi - Asset "/assets/textures/sprites/explosion.png" was not found!
03:13:47.983 [JavaFX Application Thread] WARN  FXGLAssetLoaderServi - Failed to load IMAGE
03:13:47.985 [JavaFX Application Thread] WARN  FXGLAssetLoaderServi - Asset "/assets/textures/sprites/explosion.png" was not found!
03:13:47.985 [JavaFX Application Thread] WARN  FXGLAssetLoaderServi - Failed to load IMAGE
03:13:47.999 [JavaFX Application Thread] WARN  FXGLAssetLoaderServi - Asset "/assets/textures/sprites/explosion.png" was not found!
03:13:47.999 [JavaFX Application Thread] WARN  FXGLAssetLoaderServi - Failed to load IMAGE
03:13:47.999 [JavaFX Application Thread] WARN  FXGLAssetLoaderServi - Asset "/assets/textures/sprites/explosion.png" was not found!
03:13:47.999 [JavaFX Application Thread] WARN  FXGLAssetLoaderServi - Failed to load IMAGE
03:13:48.005 [JavaFX Application Thread] WARN  FXGLAssetLoaderServi - Asset "/assets/textures/sprites/explosion.png" was not found!
03:13:48.005 [JavaFX Application Thread] WARN  FXGLAssetLoaderServi - Failed to load IMAGE
03:13:48.006 [JavaFX Application Thread] WARN  FXGLAssetLoaderServi - Asset "/assets/textures/sprites/explosion.png" was not found!
03:13:48.006 [JavaFX Application Thread] WARN  FXGLAssetLoaderServi - Failed to load IMAGE
03:13:48.006 [JavaFX Application Thread] WARN  FXGLAssetLoaderServi - Asset "/assets/textures/sprites/explosion.png" was not found!
03:13:48.006 [JavaFX Application Thread] WARN  FXGLAssetLoaderServi - Failed to load IMAGE
03:13:48.006 [JavaFX Application Thread] WARN  FXGLAssetLoaderServi - Asset "/assets/textures/sprites/explosion.png" was not found!
03:13:48.006 [JavaFX Application Thread] WARN  FXGLAssetLoaderServi - Failed to load IMAGE
03:13:48.006 [JavaFX Application Thread] WARN  FXGLAssetLoaderServi - Asset "/assets/textures/sprites/explosion.png" was not found!
03:13:48.007 [JavaFX Application Thread] WARN  FXGLAssetLoaderServi - Failed to load IMAGE
03:13:49.681 [JavaFX Application Thread] WARN  FXGLAssetLoaderServi - Asset "/assets/textures/sprites/explosion.png" was not found!
03:13:49.682 [JavaFX Application Thread] WARN  FXGLAssetLoaderServi - Failed to load IMAGE
03:13:49.682 [JavaFX Application Thread] WARN  FXGLAssetLoaderServi - Asset "/assets/textures/sprites/explosion.png" was not found!
03:13:49.682 [JavaFX Application Thread] WARN  FXGLAssetLoaderServi - Failed to load IMAGE
03:13:49.683 [JavaFX Application Thread] WARN  FXGLAssetLoaderServi - Asset "/assets/textures/sprites/explosion.png" was not found!
03:13:49.683 [JavaFX Application Thread] WARN  FXGLAssetLoaderServi - Failed to load IMAGE
03:13:49.683 [JavaFX Application Thread] WARN  FXGLAssetLoaderServi - Asset "/assets/textures/sprites/explosion.png" was not found!
03:13:49.683 [JavaFX Application Thread] WARN  FXGLAssetLoaderServi - Failed to load IMAGE
03:13:49.684 [JavaFX Application Thread] WARN  FXGLAssetLoaderServi - Asset "/assets/textures/sprites/explosion.png" was not found!
03:13:49.684 [JavaFX Application Thread] WARN  FXGLAssetLoaderServi - Failed to load IMAGE
03:13:49.684 [JavaFX Application Thread] WARN  FXGLAssetLoaderServi - Asset "/assets/textures/sprites/explosion.png" was not found!
03:13:49.684 [JavaFX Application Thread] WARN  FXGLAssetLoaderServi - Failed to load IMAGE
03:13:49.685 [JavaFX Application Thread] WARN  FXGLAssetLoaderServi - Asset "/assets/textures/sprites/explosion.png" was not found!
03:13:49.685 [JavaFX Application Thread] WARN  FXGLAssetLoaderServi - Failed to load IMAGE
03:13:52.530 [JavaFX Application Thread] WARN  FXGLAssetLoaderServi - Asset "/assets/textures/sprites/explosion.png" was not found!
03:13:52.531 [JavaFX Application Thread] WARN  FXGLAssetLoaderServi - Failed to load IMAGE
03:13:52.531 [JavaFX Application Thread] WARN  FXGLAssetLoaderServi - Asset "/assets/textures/sprites/explosion.png" was not found!
03:13:52.531 [JavaFX Application Thread] WARN  FXGLAssetLoaderServi - Failed to load IMAGE
03:13:52.531 [JavaFX Application Thread] WARN  FXGLAssetLoaderServi - Asset "/assets/textures/sprites/explosion.png" was not found!
03:13:52.531 [JavaFX Application Thread] WARN  FXGLAssetLoaderServi - Failed to load IMAGE
03:13:52.531 [JavaFX Application Thread] WARN  FXGLAssetLoaderServi - Asset "/assets/textures/sprites/explosion.png" was not found!
03:13:52.531 [JavaFX Application Thread] WARN  FXGLAssetLoaderServi - Failed to load IMAGE
03:13:52.533 [JavaFX Application Thread] WARN  FXGLAssetLoaderServi - Asset "/assets/textures/sprites/explosion.png" was not found!
03:13:52.533 [JavaFX Application Thread] WARN  FXGLAssetLoaderServi - Failed to load IMAGE
03:13:52.533 [JavaFX Application Thread] WARN  FXGLAssetLoaderServi - Asset "/assets/textures/sprites/explosion.png" was not found!
03:13:52.533 [JavaFX Application Thread] WARN  FXGLAssetLoaderServi - Failed to load IMAGE
03:13:52.533 [JavaFX Application Thread] WARN  FXGLAssetLoaderServi - Asset "/assets/textures/sprites/explosion.png" was not found!
03:13:52.533 [JavaFX Application Thread] WARN  FXGLAssetLoaderServi - Failed to load IMAGE
03:13:52.757 [JavaFX Application Thread] DEBUG PrimaryStageWindow   - Push state: DialogSubScene
03:13:52.757 [JavaFX Application Thread] DEBUG Input                - Clearing active input actions
03:13:52.761 [JavaFX Application Thread] DEBUG GameApplicationServi - Removing overlay from GameScene and adding to DialogSubScene
03:13:52.761 [JavaFX Application Thread] DEBUG PrimaryStageWindow   - GameScene -> DialogSubScene
03:13:53.413 [JavaFX Application Thread] WARN  FXGLAssetLoaderServi - Asset "/assets/textures/sprites/explosion.png" was not found!
03:13:53.413 [JavaFX Application Thread] WARN  FXGLAssetLoaderServi - Failed to load IMAGE
03:13:53.415 [JavaFX Application Thread] WARN  FXGLAssetLoaderServi - Asset "/assets/textures/sprites/explosion.png" was not found!
03:13:53.415 [JavaFX Application Thread] WARN  FXGLAssetLoaderServi - Failed to load IMAGE
03:13:53.419 [JavaFX Application Thread] WARN  FXGLAssetLoaderServi - Asset "/assets/textures/sprites/explosion.png" was not found!
03:13:53.419 [JavaFX Application Thread] WARN  FXGLAssetLoaderServi - Failed to load IMAGE
03:13:53.420 [JavaFX Application Thread] WARN  FXGLAssetLoaderServi - Asset "/assets/textures/sprites/explosion.png" was not found!
03:13:53.420 [JavaFX Application Thread] WARN  FXGLAssetLoaderServi - Failed to load IMAGE
03:13:53.421 [JavaFX Application Thread] WARN  FXGLAssetLoaderServi - Asset "/assets/textures/sprites/explosion.png" was not found!
03:13:53.421 [JavaFX Application Thread] WARN  FXGLAssetLoaderServi - Failed to load IMAGE
03:13:53.422 [JavaFX Application Thread] WARN  FXGLAssetLoaderServi - Asset "/assets/textures/sprites/explosion.png" was not found!
03:13:53.422 [JavaFX Application Thread] WARN  FXGLAssetLoaderServi - Failed to load IMAGE
03:13:53.423 [JavaFX Application Thread] WARN  FXGLAssetLoaderServi - Asset "/assets/textures/sprites/explosion.png" was not found!
03:13:53.424 [JavaFX Application Thread] WARN  FXGLAssetLoaderServi - Failed to load IMAGE
03:13:55.968 [JavaFX Application Thread] DEBUG PrimaryStageWindow   - Pop state: DialogSubScene
03:13:55.968 [JavaFX Application Thread] DEBUG Input                - Clearing active input actions
03:13:55.970 [JavaFX Application Thread] DEBUG GameApplicationServi - Removing overlay from DialogSubScene and adding to GameScene
03:13:55.970 [JavaFX Application Thread] DEBUG PrimaryStageWindow   - GameScene <- DialogSubScene
03:13:55.971 [JavaFX Application Thread] DEBUG FXGLApplication      - Exiting FXGL
03:13:55.971 [JavaFX Application Thread] DEBUG LoopRunner           - Stopping loop
03:13:55.971 [JavaFX Application Thread] DEBUG SystemBundleService  - Saving FXGL system data
03:13:55.975 [JavaFX Application Thread] DEBUG FileSystemAccess     - Writing to: C:\Users\admin\OneDrive\Máy tính\btl\baitaplonOOP\system\fxgl.bundle
03:13:55.979 [JavaFX Application Thread] DEBUG Async                - Shutting down background threads
03:13:55.980 [JavaFX Application Thread] DEBUG PrimaryStageWindow   - Closing main window
03:13:55.996 [JavaFX Application Thread] DEBUG Logger               - Closing Logger
