08:21:53.737 [main                     ] DEBUG Logger               - Configured Logger
08:21:53.761 [main                     ] DEBUG GameApplication      - Logging settings
Title: Bomberman Game
Version: 1.0
Width: 5120
Height: 3200
Fullscreen: false
Intro: false
Profiling: false
Single step:false
App Mode: DEVELOPER
Menu Key: ESCAPE
Stage Style: DECORATED
Scene Factory: class com.almasb.fxgl.app.scene.SceneFactory

08:21:54.269 [JavaFX Application Thread] DEBUG FXGLApplication      - Initializing FXGL
08:21:54.274 [JavaFX Application Thread] INFO  Engine               - FXGL-17.3 (30.03.2023 11.49) on WINDOWS (J:23.0.2 FX:17.0.6)
08:21:54.274 [JavaFX Application Thread] DEBUG Engine               - JRE Vendor Name: Oracle Corporation
08:21:54.274 [JavaFX Application Thread] DEBUG Engine               - Running on OS: Windows 11 version 10.0
08:21:54.274 [JavaFX Application Thread] DEBUG Engine               - Architecture: amd64
08:21:54.274 [JavaFX Application Thread] INFO  Engine               - Source code and latest versions at: https://github.com/AlmasB/FXGL
08:21:54.274 [JavaFX Application Thread] INFO  Engine               -       Ask questions and discuss at: https://github.com/AlmasB/FXGL/discussions
08:21:54.274 [JavaFX Application Thread] INFO  Engine               -              Join the FXGL chat at: https://gitter.im/AlmasB/FXGL
08:21:54.379 [JavaFX Application Thread] DEBUG PrimaryStageWindow   - Creating a JavaFX scene
08:21:54.379 [JavaFX Application Thread] DEBUG PrimaryStageWindow   - Target size > screen size
08:21:54.422 [JavaFX Application Thread] DEBUG PrimaryStageWindow   - Target settings size: 5120.0 x 3200.0
08:21:54.423 [JavaFX Application Thread] DEBUG PrimaryStageWindow   - Scaled scene size:    1050.0 x 671.0
08:21:54.423 [JavaFX Application Thread] DEBUG PrimaryStageWindow   - Scaled ratio: (0.205078125, 0.2096875)
08:21:54.424 [JavaFX Application Thread] DEBUG PrimaryStageWindow   - Set initial scene to FXGLStartupScene
08:21:54.430 [JavaFX Application Thread] DEBUG PrimaryStageWindow   - Opening main window
08:21:54.523 [JavaFX Application Thread] DEBUG PrimaryStageWindow   - Window border size: (14.6666259765625, 37.66668701171875)
08:21:54.523 [JavaFX Application Thread] DEBUG PrimaryStageWindow   - Scaled size: 1050.0 x 671.0
08:21:54.524 [JavaFX Application Thread] DEBUG PrimaryStageWindow   - Scaled ratio: (0.205078125, 0.2096875)
08:21:54.524 [JavaFX Application Thread] DEBUG PrimaryStageWindow   - Scene size: 1050.0 x 671.0
08:21:54.524 [JavaFX Application Thread] DEBUG PrimaryStageWindow   - Stage size: 1064.6666259765625 x 708.6666870117188
08:21:54.530 [FXGL Background Thread 1 ] DEBUG Engine               - Initializing environment variables
08:21:54.572 [FXGL Background Thread 1 ] DEBUG FXGLAssetLoaderServi - User app class for loading assets: class org.example.demo.HelloApplication
08:21:54.572 [FXGL Background Thread 1 ] DEBUG GameApplicationServi - Applying CSS: fxgl_dark.css
08:21:54.573 [FXGL Background Thread 1 ] DEBUG FXGLAssetLoaderServi - Loading from file system: jar:file:///C:/Users/My%20Laptop/.m2/repository/com/github/almasb/fxgl/17.3/fxgl-17.3.jar!/fxglassets/ui/css/fxgl_dark.css
08:21:54.616 [FXGL Background Thread 1 ] DEBUG GameApplicationServi - Initializing application scenes
08:21:54.654 [FXGL Background Thread 1 ] DEBUG GameWorld            - Game world initialized
08:21:54.712 [FXGL Background Thread 1 ] DEBUG PhysicsWorld         - Physics world initialized: appHeight=3200, physics.ppm=50.0
08:21:54.712 [FXGL Background Thread 1 ] DEBUG PhysicsWorld         - Using strategy: BRUTE_FORCE
08:21:54.716 [FXGL Background Thread 1 ] DEBUG GameScene            - Game scene initialized: 5120x3200
08:21:54.727 [FXGL Background Thread 1 ] DEBUG FXGL.DefaultMenu     - createMenuBodyGameMenu()
08:21:54.741 [FXGL Background Thread 1 ] DEBUG FXGL.DefaultMenu     - createOptionsMenu()
08:21:54.750 [FXGL Background Thread 1 ] DEBUG FXGLAssetLoaderServi - Loading from file system: jar:file:///C:/Users/My%20Laptop/.m2/repository/com/github/almasb/fxgl/17.3/fxgl-17.3.jar!/fxglassets/textures/particles/smoke.png
08:21:54.847 [FXGL Background Thread 1 ] DEBUG FXGLAssetLoaderServi - Loading from file system: jar:file:///C:/Users/My%20Laptop/.m2/repository/com/github/almasb/fxgl/17.3/fxgl-17.3.jar!/fxglassets/textures/particles/trace_horizontal.png
08:21:54.874 [FXGL Background Thread 1 ] DEBUG GameApplicationServi - Application scenes initialized
08:21:54.886 [FXGL Background Thread 1 ] DEBUG SystemBundleService  - Loading FXGL system data
08:21:54.888 [FXGL Background Thread 1 ] DEBUG FileSystemAccess     - Reading from: C:\OOP\baitaplonOOP-main\system\fxgl.bundle
08:21:54.890 [FXGL Background Thread 1 ] DEBUG SystemBundleService  - Bundle FXGL: {}
08:21:54.890 [FXGL Background Thread 1 ] DEBUG UpdaterService       - Checking for updates
08:21:54.893 [FXGL Background Thread 4 ] DEBUG FXGLApplication      - Loading fonts
08:21:54.893 [FXGL Background Thread 4 ] DEBUG FXGLAssetLoaderServi - Loading from file system: jar:file:///C:/Users/My%20Laptop/.m2/repository/com/github/almasb/fxgl/17.3/fxgl-17.3.jar!/fxglassets/ui/fonts/VarelaRound-Regular.ttf
08:21:54.894 [FXGL Background Thread 1 ] DEBUG FXGLApplication      - Loading default localization
08:21:54.894 [FXGL Background Thread 1 ] DEBUG FXGLAssetLoaderServi - Loading from file system: jar:file:///C:/Users/My%20Laptop/.m2/repository/com/github/almasb/fxgl/17.3/fxgl-17.3.jar!/fxglassets/languages/english.lang
08:21:54.919 [FXGL Background Thread 1 ] INFO  FXGLApplication      - FXGL initialization took: 0.390 sec
08:21:54.920 [JavaFX Application Thread] DEBUG FXGLAssetLoaderServi - Loading from file system: jar:file:///C:/Users/My%20Laptop/.m2/repository/com/github/almasb/fxgl/17.3/fxgl-17.3.jar!/fxglassets/textures/fxgl_icon.png
08:21:54.923 [FXGL Background Thread 4 ] DEBUG FXGLAssetLoaderServi - Loading from file system: jar:file:///C:/Users/My%20Laptop/.m2/repository/com/github/almasb/fxgl/17.3/fxgl-17.3.jar!/fxglassets/ui/fonts/Abel-Regular.ttf
08:21:54.943 [FXGL Background Thread 4 ] DEBUG FXGLAssetLoaderServi - Loading from file system: jar:file:///C:/Users/My%20Laptop/.m2/repository/com/github/almasb/fxgl/17.3/fxgl-17.3.jar!/fxglassets/ui/fonts/TerminalLandMono-Regular.otf
08:21:54.951 [JavaFX Application Thread] DEBUG FXGLAssetLoaderServi - Loading from file system: jar:file:///C:/Users/My%20Laptop/.m2/repository/com/github/almasb/fxgl/17.3/fxgl-17.3.jar!/fxglassets/textures/fxgl_default_cursor.png
08:21:54.962 [FXGL Background Thread 4 ] DEBUG FXGLAssetLoaderServi - Loading from file system: jar:file:///C:/Users/My%20Laptop/.m2/repository/com/github/almasb/fxgl/17.3/fxgl-17.3.jar!/fxglassets/ui/fonts/Courier-Prime.ttf
08:21:54.965 [JavaFX Application Thread] DEBUG Input                - Registered new binding: Screenshot - CTRL+8
08:21:54.965 [JavaFX Application Thread] DEBUG Input                - Registered new binding: System info dump - CTRL+9
08:21:54.966 [JavaFX Application Thread] DEBUG Input                - Registered new binding: Restart - CTRL+R
08:21:54.967 [JavaFX Application Thread] DEBUG Input                - Registered new binding: Toggle Debug Camera - CTRL+7
08:21:54.969 [JavaFX Application Thread] DEBUG LoopRunner           - Starting loop
08:21:54.969 [JavaFX Application Thread] DEBUG LoopRunner           - Initializing JavaFX AnimationTimerLoop
08:21:54.969 [JavaFX Application Thread] DEBUG GameApplicationServi - Starting new game
08:21:54.971 [JavaFX Application Thread] DEBUG Input                - Clearing active input actions
08:21:54.981 [JavaFX Application Thread] DEBUG GameApplicationServi - Removing overlay from FXGLStartupScene and adding to FXGLLoadingScene
08:21:54.981 [JavaFX Application Thread] DEBUG PrimaryStageWindow   - FXGLStartupScene -> FXGLLoadingScene
08:21:54.981 [JavaFX Application Thread] DEBUG GameApplicationServi - Clearing previous game
08:21:54.982 [JavaFX Application Thread] DEBUG GameScene            - Clearing game scene
08:21:54.982 [JavaFX Application Thread] DEBUG GameWorld            - Clearing game world
08:21:54.982 [JavaFX Application Thread] DEBUG PhysicsWorld         - Clearing physics world
08:21:54.983 [FXGL Background Thread 4 ] DEBUG FXGLApplication      - Initializing game
08:21:55.011 [JavaFX Application Thread] DEBUG FXGLApplication      - Registering font factories with UI factory
08:21:55.580 [FXGL Background Thread 4 ] DEBUG Input                - Clearing active input actions
08:21:55.580 [FXGL Background Thread 4 ] DEBUG Input                - Registered new binding: Move Up - W
08:21:55.580 [FXGL Background Thread 4 ] DEBUG Input                - Registered new binding: Move Down - S
08:21:55.580 [FXGL Background Thread 4 ] DEBUG Input                - Registered new binding: Move Left - A
08:21:55.580 [FXGL Background Thread 4 ] DEBUG Input                - Registered new binding: Move Right - D
08:21:55.580 [FXGL Background Thread 4 ] DEBUG Input                - Registered new binding: Đặt bom - Space
08:21:55.669 [FXGL Background Thread 2 ] INFO  UpdaterService       - Your current version:  17.3
08:21:55.671 [FXGL Background Thread 2 ] INFO  UpdaterService       - Latest stable version: 21.1
08:21:57.893 [FXGL Background Thread 3 ] DEBUG Engine               - Logging environment variables
08:21:57.893 [FXGL Background Thread 3 ] DEBUG Engine               - achievements: []
08:21:57.893 [FXGL Background Thread 3 ] DEBUG Engine               - actualHeight: 671.0
08:21:57.894 [FXGL Background Thread 3 ] DEBUG Engine               - actualHeightProperty: ReadOnlyDoubleProperty [value: 671.0]
08:21:57.894 [FXGL Background Thread 3 ] DEBUG Engine               - actualWidth: 1050.0
08:21:57.894 [FXGL Background Thread 3 ] DEBUG Engine               - actualWidthProperty: ReadOnlyDoubleProperty [value: 1050.0]
08:21:57.894 [FXGL Background Thread 3 ] DEBUG Engine               - appIcon: fxgl_icon.png
08:21:57.894 [FXGL Background Thread 3 ] DEBUG Engine               - applicationMode: DEVELOPER
08:21:57.894 [FXGL Background Thread 3 ] DEBUG Engine               - cSSList: [fxgl_dark.css]
08:21:57.894 [FXGL Background Thread 3 ] DEBUG Engine               - collisionDetectionStrategy: BRUTE_FORCE
08:21:57.894 [FXGL Background Thread 3 ] DEBUG Engine               - configClass: Optional.empty
08:21:57.894 [FXGL Background Thread 3 ] DEBUG Engine               - credits: []
08:21:57.894 [FXGL Background Thread 3 ] DEBUG Engine               - defaultCursor: CursorInfo(imageName=fxgl_default_cursor.png, hotspotX=7.0, hotspotY=6.0)
08:21:57.894 [FXGL Background Thread 3 ] DEBUG Engine               - devBBoxColorProperty: ObjectProperty [value: 0xff0000ff]
08:21:57.894 [FXGL Background Thread 3 ] DEBUG Engine               - devEnableDebugCameraProperty: BooleanProperty [value: false]
08:21:57.894 [FXGL Background Thread 3 ] DEBUG Engine               - devSensorColorProperty: ObjectProperty [value: 0xffff00ff]
08:21:57.895 [FXGL Background Thread 3 ] DEBUG Engine               - devShowBBoxProperty: BooleanProperty [value: false]
08:21:57.895 [FXGL Background Thread 3 ] DEBUG Engine               - devShowPositionProperty: BooleanProperty [value: false]
08:21:57.895 [FXGL Background Thread 3 ] DEBUG Engine               - enabledMenuItems: []
08:21:57.895 [FXGL Background Thread 3 ] DEBUG Engine               - engineServices: [class com.almasb.fxgl.app.services.FXGLAssetLoaderService, class com.almasb.fxgl.app.FXGLApplication$GameApplicationService, class com.almasb.fxgl.app.services.FXGLDialogService, class com.almasb.fxgl.app.services.IOTaskExecutorService, class com.almasb.fxgl.io.FileSystemService, class com.almasb.fxgl.localization.LocalizationService, class com.almasb.fxgl.app.services.SystemBundleService, class com.almasb.fxgl.profile.SaveLoadService, class com.almasb.fxgl.ui.FXGLUIFactoryServiceProvider, class com.almasb.fxgl.ui.FXGLDialogFactoryServiceProvider, class com.almasb.fxgl.audio.AudioPlayer, class com.almasb.fxgl.notification.impl.NotificationServiceProvider, class com.almasb.fxgl.achievement.AchievementService, class com.almasb.fxgl.cutscene.CutsceneService, class com.almasb.fxgl.minigames.MiniGameService, class com.almasb.fxgl.net.NetService, class com.almasb.fxgl.app.services.UpdaterService, class com.almasb.fxgl.dev.DevService]
08:21:57.895 [FXGL Background Thread 3 ] DEBUG Engine               - fontGame: Abel-Regular.ttf
08:21:57.895 [FXGL Background Thread 3 ] DEBUG Engine               - fontMono: TerminalLandMono-Regular.otf
08:21:57.895 [FXGL Background Thread 3 ] DEBUG Engine               - fontSizeScaleUI: 1.0
08:21:57.895 [FXGL Background Thread 3 ] DEBUG Engine               - fontText: Courier-Prime.ttf
08:21:57.895 [FXGL Background Thread 3 ] DEBUG Engine               - fontUI: VarelaRound-Regular.ttf
08:21:57.895 [FXGL Background Thread 3 ] DEBUG Engine               - fullScreen: BooleanProperty [value: false]
08:21:57.895 [FXGL Background Thread 3 ] DEBUG Engine               - gameDifficulty: MEDIUM
08:21:57.895 [FXGL Background Thread 3 ] DEBUG Engine               - gameDifficultyProperty: ObjectProperty [value: MEDIUM]
08:21:57.895 [FXGL Background Thread 3 ] DEBUG Engine               - globalMusicVolume: 0.5
08:21:57.895 [FXGL Background Thread 3 ] DEBUG Engine               - globalMusicVolumeProperty: DoubleProperty [value: 0.5]
08:21:57.895 [FXGL Background Thread 3 ] DEBUG Engine               - globalSoundVolume: 0.5
08:21:57.895 [FXGL Background Thread 3 ] DEBUG Engine               - globalSoundVolumeProperty: DoubleProperty [value: 0.5]
08:21:57.895 [FXGL Background Thread 3 ] DEBUG Engine               - height: 3200
08:21:57.895 [FXGL Background Thread 3 ] DEBUG Engine               - is3D: false
08:21:57.895 [FXGL Background Thread 3 ] DEBUG Engine               - isAndroid: false
08:21:57.896 [FXGL Background Thread 3 ] DEBUG Engine               - isBrowser: false
08:21:57.896 [FXGL Background Thread 3 ] DEBUG Engine               - isClickFeedbackEnabled: false
08:21:57.896 [FXGL Background Thread 3 ] DEBUG Engine               - isCloseConfirmation: false
08:21:57.896 [FXGL Background Thread 3 ] DEBUG Engine               - isDesktop: true
08:21:57.896 [FXGL Background Thread 3 ] DEBUG Engine               - isDeveloperMenuEnabled: false
08:21:57.896 [FXGL Background Thread 3 ] DEBUG Engine               - isEmbedded: false
08:21:57.896 [FXGL Background Thread 3 ] DEBUG Engine               - isEntityPreloadEnabled: true
08:21:57.896 [FXGL Background Thread 3 ] DEBUG Engine               - isExperimentalTiledLargeMap: false
08:21:57.896 [FXGL Background Thread 3 ] DEBUG Engine               - isFileSystemWriteAllowed: true
08:21:57.896 [FXGL Background Thread 3 ] DEBUG Engine               - isFullScreenAllowed: false
08:21:57.896 [FXGL Background Thread 3 ] DEBUG Engine               - isFullScreenFromStart: false
08:21:57.896 [FXGL Background Thread 3 ] DEBUG Engine               - isGameMenuEnabled: true
08:21:57.896 [FXGL Background Thread 3 ] DEBUG Engine               - isIOS: false
08:21:57.896 [FXGL Background Thread 3 ] DEBUG Engine               - isIntroEnabled: false
08:21:57.896 [FXGL Background Thread 3 ] DEBUG Engine               - isLinux: false
08:21:57.896 [FXGL Background Thread 3 ] DEBUG Engine               - isMac: false
08:21:57.896 [FXGL Background Thread 3 ] DEBUG Engine               - isMainMenuEnabled: false
08:21:57.896 [FXGL Background Thread 3 ] DEBUG Engine               - isManualResizeEnabled: false
08:21:57.896 [FXGL Background Thread 3 ] DEBUG Engine               - isMobile: false
08:21:57.897 [FXGL Background Thread 3 ] DEBUG Engine               - isNative: false
08:21:57.897 [FXGL Background Thread 3 ] DEBUG Engine               - isPauseMusicWhenMinimized: true
08:21:57.897 [FXGL Background Thread 3 ] DEBUG Engine               - isPreserveResizeRatio: false
08:21:57.897 [FXGL Background Thread 3 ] DEBUG Engine               - isProfilingEnabled: false
08:21:57.897 [FXGL Background Thread 3 ] DEBUG Engine               - isScaleAffectedOnResize: true
08:21:57.897 [FXGL Background Thread 3 ] DEBUG Engine               - isSingleStep: false
08:21:57.897 [FXGL Background Thread 3 ] DEBUG Engine               - isUserProfileEnabled: false
08:21:57.897 [FXGL Background Thread 3 ] DEBUG Engine               - isWindows: true
08:21:57.897 [FXGL Background Thread 3 ] DEBUG Engine               - language: ObjectProperty [value: ENGLISH]
08:21:57.897 [FXGL Background Thread 3 ] DEBUG Engine               - menuKey: ESCAPE
08:21:57.897 [FXGL Background Thread 3 ] DEBUG Engine               - mouseSensitivity: 0.2
08:21:57.897 [FXGL Background Thread 3 ] DEBUG Engine               - notificationViewClass: class com.almasb.fxgl.notification.view.XboxNotificationView
08:21:57.897 [FXGL Background Thread 3 ] DEBUG Engine               - pixelsPerMeter: 50.0
08:21:57.897 [FXGL Background Thread 3 ] DEBUG Engine               - platform: WINDOWS
08:21:57.897 [FXGL Background Thread 3 ] DEBUG Engine               - prefHeightProperty: ReadOnlyDoubleProperty [value: 3200.0]
08:21:57.897 [FXGL Background Thread 3 ] DEBUG Engine               - prefWidthProperty: ReadOnlyDoubleProperty [value: 5120.0]
08:21:57.897 [FXGL Background Thread 3 ] DEBUG Engine               - profileDir: profiles/
08:21:57.897 [FXGL Background Thread 3 ] DEBUG Engine               - profileName: StringProperty [value: DEFAULT]
08:21:57.897 [FXGL Background Thread 3 ] DEBUG Engine               - randomSeed: -1
08:21:57.898 [FXGL Background Thread 3 ] DEBUG Engine               - runtimeInfo: RuntimeInfo(platform=WINDOWS, version=17.3, build=30.03.2023 11.49)
08:21:57.898 [FXGL Background Thread 3 ] DEBUG Engine               - saveFileExt: sav
08:21:57.898 [FXGL Background Thread 3 ] DEBUG Engine               - scaledHeightProp$fxgl: DoubleProperty [bound, value: 671.0]
08:21:57.898 [FXGL Background Thread 3 ] DEBUG Engine               - scaledWidthProp$fxgl: DoubleProperty [bound, value: 1050.0]
08:21:57.898 [FXGL Background Thread 3 ] DEBUG Engine               - sceneFactory: com.almasb.fxgl.app.scene.SceneFactory@698509e7
08:21:57.898 [FXGL Background Thread 3 ] DEBUG Engine               - secondsIn24h: 60
08:21:57.898 [FXGL Background Thread 3 ] DEBUG Engine               - soundMenuBack: menu/back.wav
08:21:57.898 [FXGL Background Thread 3 ] DEBUG Engine               - soundMenuPress: menu/press.wav
08:21:57.898 [FXGL Background Thread 3 ] DEBUG Engine               - soundMenuSelect: menu/select.wav
08:21:57.898 [FXGL Background Thread 3 ] DEBUG Engine               - soundNotification: core/notification.wav
08:21:57.898 [FXGL Background Thread 3 ] DEBUG Engine               - stageStyle: DECORATED
08:21:57.898 [FXGL Background Thread 3 ] DEBUG Engine               - supportedLanguages: [ENGLISH, FRENCH, GERMAN, HUNGARIAN, RUSSIAN]
08:21:57.898 [FXGL Background Thread 3 ] DEBUG Engine               - ticksPerSecond: -1
08:21:57.898 [FXGL Background Thread 3 ] DEBUG Engine               - title: Bomberman Game
08:21:57.898 [FXGL Background Thread 3 ] DEBUG Engine               - urlGithub: https://github.com/AlmasB/FXGL
08:21:57.898 [FXGL Background Thread 3 ] DEBUG Engine               - urlLeaderboard: http://fxgl-top.herokuapp.com/
08:21:57.898 [FXGL Background Thread 3 ] DEBUG Engine               - urlPOM: https://raw.githubusercontent.com/AlmasB/FXGL/release/README.md
08:21:57.898 [FXGL Background Thread 3 ] DEBUG Engine               - userAppClass: class org.example.demo.HelloApplication
08:21:57.898 [FXGL Background Thread 3 ] DEBUG Engine               - version: 1.0
08:21:57.899 [FXGL Background Thread 3 ] DEBUG Engine               - versionCheckDays: 7
08:21:57.899 [FXGL Background Thread 3 ] DEBUG Engine               - width: 5120
08:21:57.899 [FXGL Background Thread 3 ] DEBUG Engine               - Logging services
08:21:57.899 [FXGL Background Thread 3 ] DEBUG Engine               - class com.almasb.fxgl.app.services.FXGLAssetLoaderService
08:21:57.899 [FXGL Background Thread 3 ] DEBUG Engine               - class com.almasb.fxgl.app.FXGLApplication$GameApplicationService
08:21:57.899 [FXGL Background Thread 3 ] DEBUG Engine               - class com.almasb.fxgl.app.services.FXGLDialogService
08:21:57.899 [FXGL Background Thread 3 ] DEBUG Engine               - class com.almasb.fxgl.app.services.IOTaskExecutorService
08:21:57.899 [FXGL Background Thread 3 ] DEBUG Engine               - class com.almasb.fxgl.io.FileSystemService
08:21:57.899 [FXGL Background Thread 3 ] DEBUG Engine               - class com.almasb.fxgl.localization.LocalizationService
08:21:57.899 [FXGL Background Thread 3 ] DEBUG Engine               - class com.almasb.fxgl.app.services.SystemBundleService
08:21:57.899 [FXGL Background Thread 3 ] DEBUG Engine               - class com.almasb.fxgl.profile.SaveLoadService
08:21:57.899 [FXGL Background Thread 3 ] DEBUG Engine               - class com.almasb.fxgl.ui.FXGLUIFactoryServiceProvider
08:21:57.899 [FXGL Background Thread 3 ] DEBUG Engine               - class com.almasb.fxgl.ui.FXGLDialogFactoryServiceProvider
08:21:57.899 [FXGL Background Thread 3 ] DEBUG Engine               - class com.almasb.fxgl.audio.AudioPlayer
08:21:57.899 [FXGL Background Thread 3 ] DEBUG Engine               - class com.almasb.fxgl.notification.impl.NotificationServiceProvider
08:21:57.899 [FXGL Background Thread 3 ] DEBUG Engine               - class com.almasb.fxgl.achievement.AchievementService
08:21:57.899 [FXGL Background Thread 3 ] DEBUG Engine               - class com.almasb.fxgl.cutscene.CutsceneService
08:21:57.899 [FXGL Background Thread 3 ] DEBUG Engine               - class com.almasb.fxgl.minigames.MiniGameService
08:21:57.899 [FXGL Background Thread 3 ] DEBUG Engine               - class com.almasb.fxgl.net.NetService
08:21:57.899 [FXGL Background Thread 3 ] DEBUG Engine               - class com.almasb.fxgl.app.services.UpdaterService
08:21:57.899 [FXGL Background Thread 3 ] DEBUG Engine               - class com.almasb.fxgl.dev.DevService
08:21:58.125 [FXGL Background Thread 4 ] INFO  FXGLApplication      - Game initialization took: 3.141 sec
08:21:58.125 [JavaFX Application Thread] DEBUG Input                - Clearing active input actions
08:21:58.196 [JavaFX Application Thread] DEBUG GameApplicationServi - Removing overlay from FXGLLoadingScene and adding to GameScene
08:21:58.196 [JavaFX Application Thread] DEBUG PrimaryStageWindow   - FXGLLoadingScene -> GameScene
08:23:15.615 [JavaFX Application Thread] DEBUG FXGLApplication      - Exiting FXGL
08:23:15.615 [JavaFX Application Thread] DEBUG LoopRunner           - Stopping loop
08:23:15.615 [JavaFX Application Thread] DEBUG SystemBundleService  - Saving FXGL system data
08:23:15.618 [JavaFX Application Thread] DEBUG FileSystemAccess     - Writing to: C:\OOP\baitaplonOOP-main\system\fxgl.bundle
08:23:15.619 [JavaFX Application Thread] DEBUG Async                - Shutting down background threads
08:23:15.619 [JavaFX Application Thread] DEBUG PrimaryStageWindow   - Closing main window
08:23:15.636 [JavaFX Application Thread] DEBUG Logger               - Closing Logger
