20:22:11.497 [main                     ] DEBUG Logger               - Configured Logger
20:22:11.523 [main                     ] DEBUG GameApplication      - Logging settings
Title: Bomberman Game
Version: 1.0
Width: 480
Height: 480
Fullscreen: false
Intro: false
Profiling: false
Single step:false
App Mode: DEVELOPER
Menu Key: ESCAPE
Stage Style: DECORATED
Scene Factory: class com.almasb.fxgl.app.scene.SceneFactory

20:22:11.896 [JavaFX Application Thread] DEBUG FXGLApplication      - Initializing FXGL
20:22:11.899 [JavaFX Application Thread] INFO  Engine               - FXGL-17.3 (30.03.2023 11.49) on WINDOWS (J:23.0.2 FX:17.0.6)
20:22:11.899 [JavaFX Application Thread] DEBUG Engine               - JRE Vendor Name: Oracle Corporation
20:22:11.899 [JavaFX Application Thread] DEBUG Engine               - Running on OS: Windows 11 version 10.0
20:22:11.899 [JavaFX Application Thread] DEBUG Engine               - Architecture: amd64
20:22:11.899 [JavaFX Application Thread] INFO  Engine               - Source code and latest versions at: https://github.com/AlmasB/FXGL
20:22:11.900 [JavaFX Application Thread] INFO  Engine               -       Ask questions and discuss at: https://github.com/AlmasB/FXGL/discussions
20:22:11.900 [JavaFX Application Thread] INFO  Engine               -              Join the FXGL chat at: https://gitter.im/AlmasB/FXGL
20:22:11.958 [JavaFX Application Thread] DEBUG PrimaryStageWindow   - Creating a JavaFX scene
20:22:12.004 [JavaFX Application Thread] DEBUG PrimaryStageWindow   - Target settings size: 480.0 x 480.0
20:22:12.004 [JavaFX Application Thread] DEBUG PrimaryStageWindow   - Scaled scene size:    480.0 x 480.0
20:22:12.004 [JavaFX Application Thread] DEBUG PrimaryStageWindow   - Scaled ratio: (1.0, 1.0)
20:22:12.005 [JavaFX Application Thread] DEBUG PrimaryStageWindow   - Set initial scene to FXGLStartupScene
20:22:12.010 [JavaFX Application Thread] DEBUG PrimaryStageWindow   - Opening main window
20:22:12.078 [JavaFX Application Thread] DEBUG PrimaryStageWindow   - Window border size: (14.399993896484375, 37.5999755859375)
20:22:12.078 [JavaFX Application Thread] DEBUG PrimaryStageWindow   - Scaled size: 480.0 x 480.0
20:22:12.078 [JavaFX Application Thread] DEBUG PrimaryStageWindow   - Scaled ratio: (1.0, 1.0)
20:22:12.078 [JavaFX Application Thread] DEBUG PrimaryStageWindow   - Scene size: 480.0 x 480.0
20:22:12.078 [JavaFX Application Thread] DEBUG PrimaryStageWindow   - Stage size: 494.3999938964844 x 517.5999755859375
20:22:12.084 [FXGL Background Thread 1 ] DEBUG Engine               - Initializing environment variables
20:22:12.174 [FXGL Background Thread 1 ] DEBUG FXGLAssetLoaderServi - User app class for loading assets: class org.example.demo.HelloApplication
20:22:12.174 [FXGL Background Thread 1 ] DEBUG GameApplicationServi - Applying CSS: fxgl_dark.css
20:22:12.175 [FXGL Background Thread 1 ] DEBUG FXGLAssetLoaderServi - Loading from file system: jar:file:///C:/Users/PC/.m2/repository/com/github/almasb/fxgl/17.3/fxgl-17.3.jar!/fxglassets/ui/css/fxgl_dark.css
20:22:12.231 [FXGL Background Thread 1 ] DEBUG GameApplicationServi - Initializing application scenes
20:22:12.300 [FXGL Background Thread 1 ] DEBUG GameWorld            - Game world initialized
20:22:12.361 [FXGL Background Thread 1 ] DEBUG PhysicsWorld         - Physics world initialized: appHeight=480, physics.ppm=50.0
20:22:12.361 [FXGL Background Thread 1 ] DEBUG PhysicsWorld         - Using strategy: BRUTE_FORCE
20:22:12.368 [FXGL Background Thread 1 ] DEBUG GameScene            - Game scene initialized: 480x480
20:22:12.382 [FXGL Background Thread 1 ] WARN  FXGL.DefaultMenu     - FXGLDefaultMenu is not designed for resolutions < 800x600
20:22:12.382 [FXGL Background Thread 1 ] DEBUG FXGL.DefaultMenu     - createMenuBodyGameMenu()
20:22:12.391 [FXGL Background Thread 1 ] DEBUG FXGL.DefaultMenu     - createOptionsMenu()
20:22:12.398 [FXGL Background Thread 1 ] DEBUG FXGLAssetLoaderServi - Loading from file system: jar:file:///C:/Users/PC/.m2/repository/com/github/almasb/fxgl/17.3/fxgl-17.3.jar!/fxglassets/textures/particles/smoke.png
20:22:12.486 [FXGL Background Thread 1 ] DEBUG FXGLAssetLoaderServi - Loading from file system: jar:file:///C:/Users/PC/.m2/repository/com/github/almasb/fxgl/17.3/fxgl-17.3.jar!/fxglassets/textures/particles/trace_horizontal.png
20:22:12.510 [FXGL Background Thread 1 ] DEBUG GameApplicationServi - Application scenes initialized
20:22:12.517 [FXGL Background Thread 1 ] DEBUG SystemBundleService  - Loading FXGL system data
20:22:12.523 [FXGL Background Thread 1 ] DEBUG FileSystemAccess     - Reading from: C:\Users\PC\Downloads\baitaplonOOP-long (5)\baitaplonOOP-long\system\fxgl.bundle
20:22:12.528 [FXGL Background Thread 1 ] DEBUG SystemBundleService  - Bundle FXGL: {}
20:22:12.529 [FXGL Background Thread 1 ] DEBUG UpdaterService       - Checking for updates
20:22:12.536 [FXGL Background Thread 4 ] DEBUG FXGLApplication      - Loading fonts
20:22:12.537 [FXGL Background Thread 4 ] DEBUG FXGLAssetLoaderServi - Loading from file system: jar:file:///C:/Users/PC/.m2/repository/com/github/almasb/fxgl/17.3/fxgl-17.3.jar!/fxglassets/ui/fonts/VarelaRound-Regular.ttf
20:22:12.539 [FXGL Background Thread 1 ] DEBUG FXGLApplication      - Loading default localization
20:22:12.540 [FXGL Background Thread 1 ] DEBUG FXGLAssetLoaderServi - Loading from file system: jar:file:///C:/Users/PC/.m2/repository/com/github/almasb/fxgl/17.3/fxgl-17.3.jar!/fxglassets/languages/english.lang
20:22:12.590 [FXGL Background Thread 4 ] DEBUG FXGLAssetLoaderServi - Loading from file system: jar:file:///C:/Users/PC/.m2/repository/com/github/almasb/fxgl/17.3/fxgl-17.3.jar!/fxglassets/ui/fonts/Abel-Regular.ttf
20:22:12.593 [FXGL Background Thread 4 ] DEBUG FXGLAssetLoaderServi - Loading from file system: jar:file:///C:/Users/PC/.m2/repository/com/github/almasb/fxgl/17.3/fxgl-17.3.jar!/fxglassets/ui/fonts/TerminalLandMono-Regular.otf
20:22:12.596 [FXGL Background Thread 4 ] DEBUG FXGLAssetLoaderServi - Loading from file system: jar:file:///C:/Users/PC/.m2/repository/com/github/almasb/fxgl/17.3/fxgl-17.3.jar!/fxglassets/ui/fonts/Courier-Prime.ttf
20:22:12.597 [FXGL Background Thread 1 ] INFO  FXGLApplication      - FXGL initialization took: 0.514 sec
20:22:12.598 [JavaFX Application Thread] DEBUG Input                - Clearing active input actions
20:22:12.609 [JavaFX Application Thread] DEBUG Input                - Registered new binding: Move Up - W
20:22:12.609 [JavaFX Application Thread] DEBUG Input                - Registered new binding: Move Down - S
20:22:12.609 [JavaFX Application Thread] DEBUG Input                - Registered new binding: Move Left - A
20:22:12.610 [JavaFX Application Thread] DEBUG Input                - Registered new binding: Move Right - D
20:22:12.610 [JavaFX Application Thread] DEBUG Input                - Registered new binding: Place Bomb - Space
20:22:12.610 [JavaFX Application Thread] DEBUG FXGLAssetLoaderServi - Loading from file system: jar:file:///C:/Users/PC/.m2/repository/com/github/almasb/fxgl/17.3/fxgl-17.3.jar!/fxglassets/textures/fxgl_icon.png
20:22:12.624 [JavaFX Application Thread] DEBUG FXGLAssetLoaderServi - Loading from file system: jar:file:///C:/Users/PC/.m2/repository/com/github/almasb/fxgl/17.3/fxgl-17.3.jar!/fxglassets/textures/fxgl_default_cursor.png
20:22:12.628 [JavaFX Application Thread] DEBUG Input                - Registered new binding: Screenshot - CTRL+8
20:22:12.628 [JavaFX Application Thread] DEBUG Input                - Registered new binding: System info dump - CTRL+9
20:22:12.628 [JavaFX Application Thread] DEBUG Input                - Registered new binding: Restart - CTRL+R
20:22:12.630 [JavaFX Application Thread] DEBUG Input                - Registered new binding: Toggle Debug Camera - CTRL+7
20:22:12.632 [JavaFX Application Thread] DEBUG LoopRunner           - Starting loop
20:22:12.633 [JavaFX Application Thread] DEBUG LoopRunner           - Initializing JavaFX AnimationTimerLoop
20:22:12.634 [JavaFX Application Thread] DEBUG GameApplicationServi - Starting new game
20:22:12.634 [JavaFX Application Thread] DEBUG Input                - Clearing active input actions
20:22:12.648 [JavaFX Application Thread] DEBUG GameApplicationServi - Removing overlay from FXGLStartupScene and adding to FXGLLoadingScene
20:22:12.649 [JavaFX Application Thread] DEBUG PrimaryStageWindow   - FXGLStartupScene -> FXGLLoadingScene
20:22:12.649 [JavaFX Application Thread] DEBUG GameApplicationServi - Clearing previous game
20:22:12.649 [JavaFX Application Thread] DEBUG GameScene            - Clearing game scene
20:22:12.649 [JavaFX Application Thread] DEBUG GameWorld            - Clearing game world
20:22:12.649 [JavaFX Application Thread] DEBUG PhysicsWorld         - Clearing physics world
20:22:12.651 [FXGL Background Thread 4 ] DEBUG FXGLApplication      - Initializing game
20:22:12.651 [JavaFX Application Thread] DEBUG FXGLApplication      - Registering font factories with UI factory
20:22:12.885 [FXGL Background Thread 4 ] INFO  FXGLApplication      - Game initialization took: 0.234 sec
20:22:12.887 [JavaFX Application Thread] DEBUG Input                - Clearing active input actions
20:22:12.908 [JavaFX Application Thread] DEBUG GameApplicationServi - Removing overlay from FXGLLoadingScene and adding to GameScene
20:22:12.908 [JavaFX Application Thread] DEBUG PrimaryStageWindow   - FXGLLoadingScene -> GameScene
20:22:13.100 [FXGL Background Thread 2 ] INFO  UpdaterService       - Your current version:  17.3
20:22:13.101 [FXGL Background Thread 2 ] INFO  UpdaterService       - Latest stable version: 21.1
20:22:15.535 [FXGL Background Thread 3 ] DEBUG Engine               - Logging environment variables
20:22:15.537 [FXGL Background Thread 3 ] DEBUG Engine               - achievements: []
20:22:15.537 [FXGL Background Thread 3 ] DEBUG Engine               - actualHeight: 480.0
20:22:15.537 [FXGL Background Thread 3 ] DEBUG Engine               - actualHeightProperty: ReadOnlyDoubleProperty [value: 480.0]
20:22:15.537 [FXGL Background Thread 3 ] DEBUG Engine               - actualWidth: 480.0
20:22:15.538 [FXGL Background Thread 3 ] DEBUG Engine               - actualWidthProperty: ReadOnlyDoubleProperty [value: 480.0]
20:22:15.538 [FXGL Background Thread 3 ] DEBUG Engine               - appIcon: fxgl_icon.png
20:22:15.538 [FXGL Background Thread 3 ] DEBUG Engine               - applicationMode: DEVELOPER
20:22:15.539 [FXGL Background Thread 3 ] DEBUG Engine               - cSSList: [fxgl_dark.css]
20:22:15.539 [FXGL Background Thread 3 ] DEBUG Engine               - collisionDetectionStrategy: BRUTE_FORCE
20:22:15.539 [FXGL Background Thread 3 ] DEBUG Engine               - configClass: Optional.empty
20:22:15.539 [FXGL Background Thread 3 ] DEBUG Engine               - credits: []
20:22:15.540 [FXGL Background Thread 3 ] DEBUG Engine               - defaultCursor: CursorInfo(imageName=fxgl_default_cursor.png, hotspotX=7.0, hotspotY=6.0)
20:22:15.541 [FXGL Background Thread 3 ] DEBUG Engine               - devBBoxColorProperty: ObjectProperty [value: 0xff0000ff]
20:22:15.541 [FXGL Background Thread 3 ] DEBUG Engine               - devEnableDebugCameraProperty: BooleanProperty [value: false]
20:22:15.541 [FXGL Background Thread 3 ] DEBUG Engine               - devSensorColorProperty: ObjectProperty [value: 0xffff00ff]
20:22:15.541 [FXGL Background Thread 3 ] DEBUG Engine               - devShowBBoxProperty: BooleanProperty [value: false]
20:22:15.542 [FXGL Background Thread 3 ] DEBUG Engine               - devShowPositionProperty: BooleanProperty [value: false]
20:22:15.542 [FXGL Background Thread 3 ] DEBUG Engine               - enabledMenuItems: []
20:22:15.542 [FXGL Background Thread 3 ] DEBUG Engine               - engineServices: [class com.almasb.fxgl.app.services.FXGLAssetLoaderService, class com.almasb.fxgl.app.FXGLApplication$GameApplicationService, class com.almasb.fxgl.app.services.FXGLDialogService, class com.almasb.fxgl.app.services.IOTaskExecutorService, class com.almasb.fxgl.io.FileSystemService, class com.almasb.fxgl.localization.LocalizationService, class com.almasb.fxgl.app.services.SystemBundleService, class com.almasb.fxgl.profile.SaveLoadService, class com.almasb.fxgl.ui.FXGLUIFactoryServiceProvider, class com.almasb.fxgl.ui.FXGLDialogFactoryServiceProvider, class com.almasb.fxgl.audio.AudioPlayer, class com.almasb.fxgl.notification.impl.NotificationServiceProvider, class com.almasb.fxgl.achievement.AchievementService, class com.almasb.fxgl.cutscene.CutsceneService, class com.almasb.fxgl.minigames.MiniGameService, class com.almasb.fxgl.net.NetService, class com.almasb.fxgl.app.services.UpdaterService, class com.almasb.fxgl.dev.DevService]
20:22:15.542 [FXGL Background Thread 3 ] DEBUG Engine               - fontGame: Abel-Regular.ttf
20:22:15.542 [FXGL Background Thread 3 ] DEBUG Engine               - fontMono: TerminalLandMono-Regular.otf
20:22:15.543 [FXGL Background Thread 3 ] DEBUG Engine               - fontSizeScaleUI: 1.0
20:22:15.543 [FXGL Background Thread 3 ] DEBUG Engine               - fontText: Courier-Prime.ttf
20:22:15.543 [FXGL Background Thread 3 ] DEBUG Engine               - fontUI: VarelaRound-Regular.ttf
20:22:15.543 [FXGL Background Thread 3 ] DEBUG Engine               - fullScreen: BooleanProperty [value: false]
20:22:15.543 [FXGL Background Thread 3 ] DEBUG Engine               - gameDifficulty: MEDIUM
20:22:15.544 [FXGL Background Thread 3 ] DEBUG Engine               - gameDifficultyProperty: ObjectProperty [value: MEDIUM]
20:22:15.544 [FXGL Background Thread 3 ] DEBUG Engine               - globalMusicVolume: 0.5
20:22:15.544 [FXGL Background Thread 3 ] DEBUG Engine               - globalMusicVolumeProperty: DoubleProperty [value: 0.5]
20:22:15.544 [FXGL Background Thread 3 ] DEBUG Engine               - globalSoundVolume: 0.5
20:22:15.544 [FXGL Background Thread 3 ] DEBUG Engine               - globalSoundVolumeProperty: DoubleProperty [value: 0.5]
20:22:15.544 [FXGL Background Thread 3 ] DEBUG Engine               - height: 480
20:22:15.544 [FXGL Background Thread 3 ] DEBUG Engine               - is3D: false
20:22:15.544 [FXGL Background Thread 3 ] DEBUG Engine               - isAndroid: false
20:22:15.544 [FXGL Background Thread 3 ] DEBUG Engine               - isBrowser: false
20:22:15.544 [FXGL Background Thread 3 ] DEBUG Engine               - isClickFeedbackEnabled: false
20:22:15.544 [FXGL Background Thread 3 ] DEBUG Engine               - isCloseConfirmation: false
20:22:15.544 [FXGL Background Thread 3 ] DEBUG Engine               - isDesktop: true
20:22:15.544 [FXGL Background Thread 3 ] DEBUG Engine               - isDeveloperMenuEnabled: false
20:22:15.544 [FXGL Background Thread 3 ] DEBUG Engine               - isEmbedded: false
20:22:15.544 [FXGL Background Thread 3 ] DEBUG Engine               - isEntityPreloadEnabled: true
20:22:15.545 [FXGL Background Thread 3 ] DEBUG Engine               - isExperimentalTiledLargeMap: false
20:22:15.545 [FXGL Background Thread 3 ] DEBUG Engine               - isFileSystemWriteAllowed: true
20:22:15.545 [FXGL Background Thread 3 ] DEBUG Engine               - isFullScreenAllowed: false
20:22:15.545 [FXGL Background Thread 3 ] DEBUG Engine               - isFullScreenFromStart: false
20:22:15.545 [FXGL Background Thread 3 ] DEBUG Engine               - isGameMenuEnabled: true
20:22:15.545 [FXGL Background Thread 3 ] DEBUG Engine               - isIOS: false
20:22:15.545 [FXGL Background Thread 3 ] DEBUG Engine               - isIntroEnabled: false
20:22:15.545 [FXGL Background Thread 3 ] DEBUG Engine               - isLinux: false
20:22:15.545 [FXGL Background Thread 3 ] DEBUG Engine               - isMac: false
20:22:15.545 [FXGL Background Thread 3 ] DEBUG Engine               - isMainMenuEnabled: false
20:22:15.545 [FXGL Background Thread 3 ] DEBUG Engine               - isManualResizeEnabled: false
20:22:15.545 [FXGL Background Thread 3 ] DEBUG Engine               - isMobile: false
20:22:15.545 [FXGL Background Thread 3 ] DEBUG Engine               - isNative: false
20:22:15.545 [FXGL Background Thread 3 ] DEBUG Engine               - isPauseMusicWhenMinimized: true
20:22:15.545 [FXGL Background Thread 3 ] DEBUG Engine               - isPreserveResizeRatio: false
20:22:15.545 [FXGL Background Thread 3 ] DEBUG Engine               - isProfilingEnabled: false
20:22:15.545 [FXGL Background Thread 3 ] DEBUG Engine               - isScaleAffectedOnResize: true
20:22:15.546 [FXGL Background Thread 3 ] DEBUG Engine               - isSingleStep: false
20:22:15.546 [FXGL Background Thread 3 ] DEBUG Engine               - isUserProfileEnabled: false
20:22:15.546 [FXGL Background Thread 3 ] DEBUG Engine               - isWindows: true
20:22:15.546 [FXGL Background Thread 3 ] DEBUG Engine               - language: ObjectProperty [value: ENGLISH]
20:22:15.546 [FXGL Background Thread 3 ] DEBUG Engine               - menuKey: ESCAPE
20:22:15.546 [FXGL Background Thread 3 ] DEBUG Engine               - mouseSensitivity: 0.2
20:22:15.546 [FXGL Background Thread 3 ] DEBUG Engine               - notificationViewClass: class com.almasb.fxgl.notification.view.XboxNotificationView
20:22:15.546 [FXGL Background Thread 3 ] DEBUG Engine               - pixelsPerMeter: 50.0
20:22:15.546 [FXGL Background Thread 3 ] DEBUG Engine               - platform: WINDOWS
20:22:15.546 [FXGL Background Thread 3 ] DEBUG Engine               - prefHeightProperty: ReadOnlyDoubleProperty [value: 480.0]
20:22:15.546 [FXGL Background Thread 3 ] DEBUG Engine               - prefWidthProperty: ReadOnlyDoubleProperty [value: 480.0]
20:22:15.546 [FXGL Background Thread 3 ] DEBUG Engine               - profileDir: profiles/
20:22:15.546 [FXGL Background Thread 3 ] DEBUG Engine               - profileName: StringProperty [value: DEFAULT]
20:22:15.546 [FXGL Background Thread 3 ] DEBUG Engine               - randomSeed: -1
20:22:15.546 [FXGL Background Thread 3 ] DEBUG Engine               - runtimeInfo: RuntimeInfo(platform=WINDOWS, version=17.3, build=30.03.2023 11.49)
20:22:15.546 [FXGL Background Thread 3 ] DEBUG Engine               - saveFileExt: sav
20:22:15.546 [FXGL Background Thread 3 ] DEBUG Engine               - scaledHeightProp$fxgl: DoubleProperty [bound, value: 480.0]
20:22:15.547 [FXGL Background Thread 3 ] DEBUG Engine               - scaledWidthProp$fxgl: DoubleProperty [bound, value: 480.0]
20:22:15.547 [FXGL Background Thread 3 ] DEBUG Engine               - sceneFactory: com.almasb.fxgl.app.scene.SceneFactory@50de442b
20:22:15.547 [FXGL Background Thread 3 ] DEBUG Engine               - secondsIn24h: 60
20:22:15.547 [FXGL Background Thread 3 ] DEBUG Engine               - soundMenuBack: menu/back.wav
20:22:15.547 [FXGL Background Thread 3 ] DEBUG Engine               - soundMenuPress: menu/press.wav
20:22:15.547 [FXGL Background Thread 3 ] DEBUG Engine               - soundMenuSelect: menu/select.wav
20:22:15.547 [FXGL Background Thread 3 ] DEBUG Engine               - soundNotification: core/notification.wav
20:22:15.547 [FXGL Background Thread 3 ] DEBUG Engine               - stageStyle: DECORATED
20:22:15.547 [FXGL Background Thread 3 ] DEBUG Engine               - supportedLanguages: [ENGLISH, FRENCH, GERMAN, HUNGARIAN, RUSSIAN]
20:22:15.547 [FXGL Background Thread 3 ] DEBUG Engine               - ticksPerSecond: -1
20:22:15.547 [FXGL Background Thread 3 ] DEBUG Engine               - title: Bomberman Game
20:22:15.547 [FXGL Background Thread 3 ] DEBUG Engine               - urlGithub: https://github.com/AlmasB/FXGL
20:22:15.547 [FXGL Background Thread 3 ] DEBUG Engine               - urlLeaderboard: http://fxgl-top.herokuapp.com/
20:22:15.547 [FXGL Background Thread 3 ] DEBUG Engine               - urlPOM: https://raw.githubusercontent.com/AlmasB/FXGL/release/README.md
20:22:15.547 [FXGL Background Thread 3 ] DEBUG Engine               - userAppClass: class org.example.demo.HelloApplication
20:22:15.547 [FXGL Background Thread 3 ] DEBUG Engine               - version: 1.0
20:22:15.547 [FXGL Background Thread 3 ] DEBUG Engine               - versionCheckDays: 7
20:22:15.547 [FXGL Background Thread 3 ] DEBUG Engine               - width: 480
20:22:15.547 [FXGL Background Thread 3 ] DEBUG Engine               - Logging services
20:22:15.547 [FXGL Background Thread 3 ] DEBUG Engine               - class com.almasb.fxgl.app.services.FXGLAssetLoaderService
20:22:15.547 [FXGL Background Thread 3 ] DEBUG Engine               - class com.almasb.fxgl.app.FXGLApplication$GameApplicationService
20:22:15.547 [FXGL Background Thread 3 ] DEBUG Engine               - class com.almasb.fxgl.app.services.FXGLDialogService
20:22:15.547 [FXGL Background Thread 3 ] DEBUG Engine               - class com.almasb.fxgl.app.services.IOTaskExecutorService
20:22:15.547 [FXGL Background Thread 3 ] DEBUG Engine               - class com.almasb.fxgl.io.FileSystemService
20:22:15.547 [FXGL Background Thread 3 ] DEBUG Engine               - class com.almasb.fxgl.localization.LocalizationService
20:22:15.548 [FXGL Background Thread 3 ] DEBUG Engine               - class com.almasb.fxgl.app.services.SystemBundleService
20:22:15.548 [FXGL Background Thread 3 ] DEBUG Engine               - class com.almasb.fxgl.profile.SaveLoadService
20:22:15.548 [FXGL Background Thread 3 ] DEBUG Engine               - class com.almasb.fxgl.ui.FXGLUIFactoryServiceProvider
20:22:15.548 [FXGL Background Thread 3 ] DEBUG Engine               - class com.almasb.fxgl.ui.FXGLDialogFactoryServiceProvider
20:22:15.548 [FXGL Background Thread 3 ] DEBUG Engine               - class com.almasb.fxgl.audio.AudioPlayer
20:22:15.548 [FXGL Background Thread 3 ] DEBUG Engine               - class com.almasb.fxgl.notification.impl.NotificationServiceProvider
20:22:15.548 [FXGL Background Thread 3 ] DEBUG Engine               - class com.almasb.fxgl.achievement.AchievementService
20:22:15.548 [FXGL Background Thread 3 ] DEBUG Engine               - class com.almasb.fxgl.cutscene.CutsceneService
20:22:15.548 [FXGL Background Thread 3 ] DEBUG Engine               - class com.almasb.fxgl.minigames.MiniGameService
20:22:15.548 [FXGL Background Thread 3 ] DEBUG Engine               - class com.almasb.fxgl.net.NetService
20:22:15.548 [FXGL Background Thread 3 ] DEBUG Engine               - class com.almasb.fxgl.app.services.UpdaterService
20:22:15.548 [FXGL Background Thread 3 ] DEBUG Engine               - class com.almasb.fxgl.dev.DevService
20:22:18.386 [JavaFX Application Thread] WARN  FXGLAssetLoaderServi - Asset "/assets/textures/sprites/bomb.png" was not found!
20:22:18.387 [JavaFX Application Thread] WARN  FXGLAssetLoaderServi - Failed to load IMAGE
20:22:20.385 [JavaFX Application Thread] WARN  FXGLAssetLoaderServi - Asset "/assets/textures/sprites/explosion.png" was not found!
20:22:20.386 [JavaFX Application Thread] WARN  FXGLAssetLoaderServi - Failed to load IMAGE
20:22:20.388 [JavaFX Application Thread] WARN  FXGLAssetLoaderServi - Asset "/assets/textures/sprites/explosion.png" was not found!
20:22:20.388 [JavaFX Application Thread] WARN  FXGLAssetLoaderServi - Failed to load IMAGE
20:22:20.389 [JavaFX Application Thread] WARN  FXGLAssetLoaderServi - Asset "/assets/textures/sprites/explosion.png" was not found!
20:22:20.389 [JavaFX Application Thread] WARN  FXGLAssetLoaderServi - Failed to load IMAGE
20:22:20.390 [JavaFX Application Thread] WARN  FXGLAssetLoaderServi - Asset "/assets/textures/sprites/explosion.png" was not found!
20:22:20.390 [JavaFX Application Thread] WARN  FXGLAssetLoaderServi - Failed to load IMAGE
20:22:23.441 [JavaFX Application Thread] WARN  FXGLAssetLoaderServi - Asset "/assets/textures/sprites/bomb.png" was not found!
20:22:23.442 [JavaFX Application Thread] WARN  FXGLAssetLoaderServi - Failed to load IMAGE
20:22:25.442 [JavaFX Application Thread] WARN  FXGLAssetLoaderServi - Asset "/assets/textures/sprites/explosion.png" was not found!
20:22:25.442 [JavaFX Application Thread] WARN  FXGLAssetLoaderServi - Failed to load IMAGE
20:22:25.444 [JavaFX Application Thread] WARN  FXGLAssetLoaderServi - Asset "/assets/textures/sprites/explosion.png" was not found!
20:22:25.444 [JavaFX Application Thread] WARN  FXGLAssetLoaderServi - Failed to load IMAGE
20:22:25.445 [JavaFX Application Thread] WARN  FXGLAssetLoaderServi - Asset "/assets/textures/sprites/explosion.png" was not found!
20:22:25.445 [JavaFX Application Thread] WARN  FXGLAssetLoaderServi - Failed to load IMAGE
20:22:25.446 [JavaFX Application Thread] WARN  FXGLAssetLoaderServi - Asset "/assets/textures/sprites/explosion.png" was not found!
20:22:25.446 [JavaFX Application Thread] WARN  FXGLAssetLoaderServi - Failed to load IMAGE
20:22:25.447 [JavaFX Application Thread] WARN  FXGLAssetLoaderServi - Asset "/assets/textures/sprites/explosion.png" was not found!
20:22:25.447 [JavaFX Application Thread] WARN  FXGLAssetLoaderServi - Failed to load IMAGE
20:22:28.225 [JavaFX Application Thread] WARN  FXGLAssetLoaderServi - Asset "/assets/textures/sprites/bomb.png" was not found!
20:22:28.225 [JavaFX Application Thread] WARN  FXGLAssetLoaderServi - Failed to load IMAGE
20:22:30.228 [JavaFX Application Thread] WARN  FXGLAssetLoaderServi - Asset "/assets/textures/sprites/explosion.png" was not found!
20:22:30.228 [JavaFX Application Thread] WARN  FXGLAssetLoaderServi - Failed to load IMAGE
20:22:30.230 [JavaFX Application Thread] WARN  FXGLAssetLoaderServi - Asset "/assets/textures/sprites/explosion.png" was not found!
20:22:30.230 [JavaFX Application Thread] WARN  FXGLAssetLoaderServi - Failed to load IMAGE
20:22:30.231 [JavaFX Application Thread] WARN  FXGLAssetLoaderServi - Asset "/assets/textures/sprites/explosion.png" was not found!
20:22:30.231 [JavaFX Application Thread] WARN  FXGLAssetLoaderServi - Failed to load IMAGE
20:22:30.232 [JavaFX Application Thread] WARN  FXGLAssetLoaderServi - Asset "/assets/textures/sprites/explosion.png" was not found!
20:22:30.232 [JavaFX Application Thread] WARN  FXGLAssetLoaderServi - Failed to load IMAGE
20:22:30.233 [JavaFX Application Thread] WARN  FXGLAssetLoaderServi - Asset "/assets/textures/sprites/explosion.png" was not found!
20:22:30.233 [JavaFX Application Thread] WARN  FXGLAssetLoaderServi - Failed to load IMAGE
20:22:35.322 [JavaFX Application Thread] WARN  FXGLAssetLoaderServi - Asset "/assets/textures/sprites/bomb.png" was not found!
20:22:35.322 [JavaFX Application Thread] WARN  FXGLAssetLoaderServi - Failed to load IMAGE
20:22:37.330 [JavaFX Application Thread] WARN  FXGLAssetLoaderServi - Asset "/assets/textures/sprites/explosion.png" was not found!
20:22:37.330 [JavaFX Application Thread] WARN  FXGLAssetLoaderServi - Failed to load IMAGE
20:22:37.331 [JavaFX Application Thread] WARN  FXGLAssetLoaderServi - Asset "/assets/textures/sprites/explosion.png" was not found!
20:22:37.331 [JavaFX Application Thread] WARN  FXGLAssetLoaderServi - Failed to load IMAGE
20:22:37.332 [JavaFX Application Thread] WARN  FXGLAssetLoaderServi - Asset "/assets/textures/sprites/explosion.png" was not found!
20:22:37.332 [JavaFX Application Thread] WARN  FXGLAssetLoaderServi - Failed to load IMAGE
20:22:40.393 [JavaFX Application Thread] WARN  FXGLAssetLoaderServi - Asset "/assets/textures/sprites/bomb.png" was not found!
20:22:40.393 [JavaFX Application Thread] WARN  FXGLAssetLoaderServi - Failed to load IMAGE
20:22:42.401 [JavaFX Application Thread] WARN  FXGLAssetLoaderServi - Asset "/assets/textures/sprites/explosion.png" was not found!
20:22:42.401 [JavaFX Application Thread] WARN  FXGLAssetLoaderServi - Failed to load IMAGE
20:22:42.402 [JavaFX Application Thread] WARN  FXGLAssetLoaderServi - Asset "/assets/textures/sprites/explosion.png" was not found!
20:22:42.402 [JavaFX Application Thread] WARN  FXGLAssetLoaderServi - Failed to load IMAGE
20:22:42.403 [JavaFX Application Thread] WARN  FXGLAssetLoaderServi - Asset "/assets/textures/sprites/explosion.png" was not found!
20:22:42.403 [JavaFX Application Thread] WARN  FXGLAssetLoaderServi - Failed to load IMAGE
20:22:46.859 [JavaFX Application Thread] WARN  FXGLAssetLoaderServi - Asset "/assets/textures/sprites/bomb.png" was not found!
20:22:46.859 [JavaFX Application Thread] WARN  FXGLAssetLoaderServi - Failed to load IMAGE
20:22:48.866 [JavaFX Application Thread] WARN  FXGLAssetLoaderServi - Asset "/assets/textures/sprites/explosion.png" was not found!
20:22:48.867 [JavaFX Application Thread] WARN  FXGLAssetLoaderServi - Failed to load IMAGE
20:22:48.867 [JavaFX Application Thread] WARN  FXGLAssetLoaderServi - Asset "/assets/textures/sprites/explosion.png" was not found!
20:22:48.867 [JavaFX Application Thread] WARN  FXGLAssetLoaderServi - Failed to load IMAGE
20:22:48.868 [JavaFX Application Thread] WARN  FXGLAssetLoaderServi - Asset "/assets/textures/sprites/explosion.png" was not found!
20:22:48.868 [JavaFX Application Thread] WARN  FXGLAssetLoaderServi - Failed to load IMAGE
20:22:51.212 [JavaFX Application Thread] WARN  FXGLAssetLoaderServi - Asset "/assets/textures/sprites/bomb.png" was not found!
20:22:51.212 [JavaFX Application Thread] WARN  FXGLAssetLoaderServi - Failed to load IMAGE
20:22:53.219 [JavaFX Application Thread] WARN  FXGLAssetLoaderServi - Asset "/assets/textures/sprites/explosion.png" was not found!
20:22:53.219 [JavaFX Application Thread] WARN  FXGLAssetLoaderServi - Failed to load IMAGE
20:22:53.220 [JavaFX Application Thread] WARN  FXGLAssetLoaderServi - Asset "/assets/textures/sprites/explosion.png" was not found!
20:22:53.221 [JavaFX Application Thread] WARN  FXGLAssetLoaderServi - Failed to load IMAGE
20:22:53.222 [JavaFX Application Thread] WARN  FXGLAssetLoaderServi - Asset "/assets/textures/sprites/explosion.png" was not found!
20:22:53.222 [JavaFX Application Thread] WARN  FXGLAssetLoaderServi - Failed to load IMAGE
20:25:44.571 [JavaFX Application Thread] WARN  FXGLAssetLoaderServi - Asset "/assets/textures/sprites/bomb.png" was not found!
20:25:44.572 [JavaFX Application Thread] WARN  FXGLAssetLoaderServi - Failed to load IMAGE
20:25:46.579 [JavaFX Application Thread] WARN  FXGLAssetLoaderServi - Asset "/assets/textures/sprites/explosion.png" was not found!
20:25:46.579 [JavaFX Application Thread] WARN  FXGLAssetLoaderServi - Failed to load IMAGE
20:25:46.580 [JavaFX Application Thread] WARN  FXGLAssetLoaderServi - Asset "/assets/textures/sprites/explosion.png" was not found!
20:25:46.581 [JavaFX Application Thread] WARN  FXGLAssetLoaderServi - Failed to load IMAGE
20:25:46.581 [JavaFX Application Thread] WARN  FXGLAssetLoaderServi - Asset "/assets/textures/sprites/explosion.png" was not found!
20:25:46.581 [JavaFX Application Thread] WARN  FXGLAssetLoaderServi - Failed to load IMAGE
20:25:46.582 [JavaFX Application Thread] WARN  FXGLAssetLoaderServi - Asset "/assets/textures/sprites/explosion.png" was not found!
20:25:46.582 [JavaFX Application Thread] WARN  FXGLAssetLoaderServi - Failed to load IMAGE
20:25:50.671 [JavaFX Application Thread] WARN  FXGLAssetLoaderServi - Asset "/assets/textures/sprites/bomb.png" was not found!
20:25:50.671 [JavaFX Application Thread] WARN  FXGLAssetLoaderServi - Failed to load IMAGE
20:25:52.674 [JavaFX Application Thread] WARN  FXGLAssetLoaderServi - Asset "/assets/textures/sprites/explosion.png" was not found!
20:25:52.675 [JavaFX Application Thread] WARN  FXGLAssetLoaderServi - Failed to load IMAGE
20:25:52.676 [JavaFX Application Thread] WARN  FXGLAssetLoaderServi - Asset "/assets/textures/sprites/explosion.png" was not found!
20:25:52.676 [JavaFX Application Thread] WARN  FXGLAssetLoaderServi - Failed to load IMAGE
20:25:52.677 [JavaFX Application Thread] WARN  FXGLAssetLoaderServi - Asset "/assets/textures/sprites/explosion.png" was not found!
20:25:52.677 [JavaFX Application Thread] WARN  FXGLAssetLoaderServi - Failed to load IMAGE
20:25:58.654 [JavaFX Application Thread] WARN  FXGLAssetLoaderServi - Asset "/assets/textures/sprites/bomb.png" was not found!
20:25:58.654 [JavaFX Application Thread] WARN  FXGLAssetLoaderServi - Failed to load IMAGE
20:26:00.659 [JavaFX Application Thread] WARN  FXGLAssetLoaderServi - Asset "/assets/textures/sprites/explosion.png" was not found!
20:26:00.659 [JavaFX Application Thread] WARN  FXGLAssetLoaderServi - Failed to load IMAGE
20:26:00.660 [JavaFX Application Thread] WARN  FXGLAssetLoaderServi - Asset "/assets/textures/sprites/explosion.png" was not found!
20:26:00.660 [JavaFX Application Thread] WARN  FXGLAssetLoaderServi - Failed to load IMAGE
20:26:00.661 [JavaFX Application Thread] WARN  FXGLAssetLoaderServi - Asset "/assets/textures/sprites/explosion.png" was not found!
20:26:00.661 [JavaFX Application Thread] WARN  FXGLAssetLoaderServi - Failed to load IMAGE
20:26:00.662 [JavaFX Application Thread] WARN  FXGLAssetLoaderServi - Asset "/assets/textures/sprites/explosion.png" was not found!
20:26:00.662 [JavaFX Application Thread] WARN  FXGLAssetLoaderServi - Failed to load IMAGE
20:26:00.663 [JavaFX Application Thread] WARN  FXGLAssetLoaderServi - Asset "/assets/textures/sprites/explosion.png" was not found!
20:26:00.663 [JavaFX Application Thread] WARN  FXGLAssetLoaderServi - Failed to load IMAGE
20:26:06.784 [JavaFX Application Thread] WARN  FXGLAssetLoaderServi - Asset "/assets/textures/sprites/bomb.png" was not found!
20:26:06.784 [JavaFX Application Thread] WARN  FXGLAssetLoaderServi - Failed to load IMAGE
20:26:08.803 [JavaFX Application Thread] WARN  FXGLAssetLoaderServi - Asset "/assets/textures/sprites/explosion.png" was not found!
20:26:08.803 [JavaFX Application Thread] WARN  FXGLAssetLoaderServi - Failed to load IMAGE
20:26:08.804 [JavaFX Application Thread] WARN  FXGLAssetLoaderServi - Asset "/assets/textures/sprites/explosion.png" was not found!
20:26:08.804 [JavaFX Application Thread] WARN  FXGLAssetLoaderServi - Failed to load IMAGE
20:26:08.805 [JavaFX Application Thread] WARN  FXGLAssetLoaderServi - Asset "/assets/textures/sprites/explosion.png" was not found!
20:26:08.805 [JavaFX Application Thread] WARN  FXGLAssetLoaderServi - Failed to load IMAGE
20:28:00.374 [JavaFX Application Thread] DEBUG FXGLApplication      - Exiting FXGL
20:28:00.374 [JavaFX Application Thread] DEBUG LoopRunner           - Stopping loop
20:28:00.374 [JavaFX Application Thread] DEBUG SystemBundleService  - Saving FXGL system data
20:28:00.376 [JavaFX Application Thread] DEBUG FileSystemAccess     - Writing to: C:\Users\PC\Downloads\baitaplonOOP-long (5)\baitaplonOOP-long\system\fxgl.bundle
20:28:00.378 [JavaFX Application Thread] DEBUG Async                - Shutting down background threads
20:28:00.378 [JavaFX Application Thread] DEBUG PrimaryStageWindow   - Closing main window
20:28:00.407 [JavaFX Application Thread] DEBUG Logger               - Closing Logger
