14:56:44.816 [main                     ] DEBUG Logger               - Configured Logger
14:56:44.846 [main                     ] DEBUG GameApplication      - Logging settings
Title: Bomberman Game
Version: 1.0
Width: 480
Height: 352
Fullscreen: false
Intro: false
Profiling: false
Single step:false
App Mode: DEVELOPER
Menu Key: ESCAPE
Stage Style: DECORATED
Scene Factory: class com.almasb.fxgl.app.scene.SceneFactory

14:56:45.191 [JavaFX Application Thread] DEBUG FXGLApplication      - Initializing FXGL
14:56:45.196 [JavaFX Application Thread] INFO  Engine               - FXGL-17.3 (30.03.2023 11.49) on WINDOWS (J:23.0.2 FX:17.0.6)
14:56:45.196 [JavaFX Application Thread] DEBUG Engine               - JRE Vendor Name: Oracle Corporation
14:56:45.197 [JavaFX Application Thread] DEBUG Engine               - Running on OS: Windows 11 version 10.0
14:56:45.197 [JavaFX Application Thread] DEBUG Engine               - Architecture: amd64
14:56:45.197 [JavaFX Application Thread] INFO  Engine               - Source code and latest versions at: https://github.com/AlmasB/FXGL
14:56:45.197 [JavaFX Application Thread] INFO  Engine               -       Ask questions and discuss at: https://github.com/AlmasB/FXGL/discussions
14:56:45.197 [JavaFX Application Thread] INFO  Engine               -              Join the FXGL chat at: https://gitter.im/AlmasB/FXGL
14:56:45.292 [JavaFX Application Thread] DEBUG PrimaryStageWindow   - Creating a JavaFX scene
14:56:45.348 [JavaFX Application Thread] DEBUG PrimaryStageWindow   - Target settings size: 480.0 x 352.0
14:56:45.348 [JavaFX Application Thread] DEBUG PrimaryStageWindow   - Scaled scene size:    480.0 x 352.0
14:56:45.348 [JavaFX Application Thread] DEBUG PrimaryStageWindow   - Scaled ratio: (1.0, 1.0)
14:56:45.349 [JavaFX Application Thread] DEBUG PrimaryStageWindow   - Set initial scene to FXGLStartupScene
14:56:45.356 [JavaFX Application Thread] DEBUG PrimaryStageWindow   - Opening main window
14:56:45.441 [JavaFX Application Thread] DEBUG PrimaryStageWindow   - Window border size: (14.666656494140625, 37.333343505859375)
14:56:45.442 [JavaFX Application Thread] DEBUG PrimaryStageWindow   - Scaled size: 480.0 x 352.0
14:56:45.442 [JavaFX Application Thread] DEBUG PrimaryStageWindow   - Scaled ratio: (1.0, 1.0)
14:56:45.442 [JavaFX Application Thread] DEBUG PrimaryStageWindow   - Scene size: 480.0 x 352.0
14:56:45.442 [JavaFX Application Thread] DEBUG PrimaryStageWindow   - Stage size: 494.6666564941406 x 389.3333435058594
14:56:45.451 [FXGL Background Thread 1 ] DEBUG Engine               - Initializing environment variables
14:56:45.538 [FXGL Background Thread 1 ] DEBUG FXGLAssetLoaderServi - User app class for loading assets: class org.example.demo.HelloApplication
14:56:45.538 [FXGL Background Thread 1 ] DEBUG GameApplicationServi - Applying CSS: fxgl_dark.css
14:56:45.539 [FXGL Background Thread 1 ] DEBUG FXGLAssetLoaderServi - Loading from file system: jar:file:///C:/Users/admin/.m2/repository/com/github/almasb/fxgl/17.3/fxgl-17.3.jar!/fxglassets/ui/css/fxgl_dark.css
14:56:45.591 [FXGL Background Thread 1 ] DEBUG GameApplicationServi - Initializing application scenes
14:56:45.640 [FXGL Background Thread 1 ] DEBUG GameWorld            - Game world initialized
14:56:45.737 [FXGL Background Thread 1 ] DEBUG PhysicsWorld         - Physics world initialized: appHeight=352, physics.ppm=50.0
14:56:45.737 [FXGL Background Thread 1 ] DEBUG PhysicsWorld         - Using strategy: BRUTE_FORCE
14:56:45.741 [FXGL Background Thread 1 ] DEBUG GameScene            - Game scene initialized: 480x352
14:56:45.760 [FXGL Background Thread 1 ] WARN  FXGL.DefaultMenu     - FXGLDefaultMenu is not designed for resolutions < 800x600
14:56:45.760 [FXGL Background Thread 1 ] DEBUG FXGL.DefaultMenu     - createMenuBodyGameMenu()
14:56:45.779 [FXGL Background Thread 1 ] DEBUG FXGL.DefaultMenu     - createOptionsMenu()
14:56:45.788 [FXGL Background Thread 1 ] DEBUG FXGLAssetLoaderServi - Loading from file system: jar:file:///C:/Users/admin/.m2/repository/com/github/almasb/fxgl/17.3/fxgl-17.3.jar!/fxglassets/textures/particles/smoke.png
14:56:45.889 [FXGL Background Thread 1 ] DEBUG FXGLAssetLoaderServi - Loading from file system: jar:file:///C:/Users/admin/.m2/repository/com/github/almasb/fxgl/17.3/fxgl-17.3.jar!/fxglassets/textures/particles/trace_horizontal.png
14:56:45.918 [FXGL Background Thread 1 ] DEBUG GameApplicationServi - Application scenes initialized
14:56:45.928 [FXGL Background Thread 1 ] DEBUG SystemBundleService  - Loading FXGL system data
14:56:45.931 [FXGL Background Thread 1 ] DEBUG FileSystemAccess     - Reading from: C:\Users\admin\OneDrive\Máy tính\btl\baitaplonOOP\system\fxgl.bundle
14:56:45.938 [FXGL Background Thread 1 ] DEBUG SystemBundleService  - Bundle FXGL: {}
14:56:45.938 [FXGL Background Thread 1 ] DEBUG UpdaterService       - Checking for updates
14:56:45.943 [FXGL Background Thread 4 ] DEBUG FXGLApplication      - Loading fonts
14:56:45.944 [FXGL Background Thread 1 ] DEBUG FXGLApplication      - Loading default localization
14:56:45.944 [FXGL Background Thread 4 ] DEBUG FXGLAssetLoaderServi - Loading from file system: jar:file:///C:/Users/admin/.m2/repository/com/github/almasb/fxgl/17.3/fxgl-17.3.jar!/fxglassets/ui/fonts/VarelaRound-Regular.ttf
14:56:45.945 [FXGL Background Thread 1 ] DEBUG FXGLAssetLoaderServi - Loading from file system: jar:file:///C:/Users/admin/.m2/repository/com/github/almasb/fxgl/17.3/fxgl-17.3.jar!/fxglassets/languages/english.lang
14:56:45.968 [FXGL Background Thread 1 ] INFO  FXGLApplication      - FXGL initialization took: 0.517 sec
14:56:45.970 [JavaFX Application Thread] DEBUG FXGLAssetLoaderServi - Loading from file system: jar:file:///C:/Users/admin/.m2/repository/com/github/almasb/fxgl/17.3/fxgl-17.3.jar!/fxglassets/textures/fxgl_icon.png
14:56:45.998 [JavaFX Application Thread] DEBUG FXGLAssetLoaderServi - Loading from file system: jar:file:///C:/Users/admin/.m2/repository/com/github/almasb/fxgl/17.3/fxgl-17.3.jar!/fxglassets/textures/fxgl_default_cursor.png
14:56:45.998 [FXGL Background Thread 4 ] DEBUG FXGLAssetLoaderServi - Loading from file system: jar:file:///C:/Users/admin/.m2/repository/com/github/almasb/fxgl/17.3/fxgl-17.3.jar!/fxglassets/ui/fonts/Abel-Regular.ttf
14:56:46.014 [JavaFX Application Thread] DEBUG Input                - Registered new binding: Screenshot - CTRL+8
14:56:46.014 [JavaFX Application Thread] DEBUG Input                - Registered new binding: System info dump - CTRL+9
14:56:46.014 [FXGL Background Thread 4 ] DEBUG FXGLAssetLoaderServi - Loading from file system: jar:file:///C:/Users/admin/.m2/repository/com/github/almasb/fxgl/17.3/fxgl-17.3.jar!/fxglassets/ui/fonts/TerminalLandMono-Regular.otf
14:56:46.015 [JavaFX Application Thread] DEBUG Input                - Registered new binding: Restart - CTRL+R
14:56:46.016 [JavaFX Application Thread] DEBUG Input                - Registered new binding: Toggle Debug Camera - CTRL+7
14:56:46.020 [JavaFX Application Thread] DEBUG LoopRunner           - Starting loop
14:56:46.020 [JavaFX Application Thread] DEBUG LoopRunner           - Initializing JavaFX AnimationTimerLoop
14:56:46.021 [JavaFX Application Thread] DEBUG GameApplicationServi - Starting new game
14:56:46.021 [JavaFX Application Thread] DEBUG Input                - Clearing active input actions
14:56:46.033 [FXGL Background Thread 4 ] DEBUG FXGLAssetLoaderServi - Loading from file system: jar:file:///C:/Users/admin/.m2/repository/com/github/almasb/fxgl/17.3/fxgl-17.3.jar!/fxglassets/ui/fonts/Courier-Prime.ttf
14:56:46.040 [JavaFX Application Thread] DEBUG GameApplicationServi - Removing overlay from FXGLStartupScene and adding to FXGLLoadingScene
14:56:46.041 [JavaFX Application Thread] DEBUG PrimaryStageWindow   - FXGLStartupScene -> FXGLLoadingScene
14:56:46.041 [JavaFX Application Thread] DEBUG GameApplicationServi - Clearing previous game
14:56:46.041 [JavaFX Application Thread] DEBUG GameScene            - Clearing game scene
14:56:46.042 [JavaFX Application Thread] DEBUG GameWorld            - Clearing game world
14:56:46.042 [JavaFX Application Thread] DEBUG PhysicsWorld         - Clearing physics world
14:56:46.043 [FXGL Background Thread 1 ] DEBUG FXGLApplication      - Initializing game
14:56:46.087 [JavaFX Application Thread] DEBUG FXGLApplication      - Registering font factories with UI factory
14:56:46.330 [FXGL Background Thread 1 ] DEBUG Input                - Clearing active input actions
14:56:46.330 [FXGL Background Thread 1 ] DEBUG Input                - Registered new binding: Move Up - W
14:56:46.330 [FXGL Background Thread 1 ] DEBUG Input                - Registered new binding: Move Down - S
14:56:46.331 [FXGL Background Thread 1 ] DEBUG Input                - Registered new binding: Move Left - A
14:56:46.331 [FXGL Background Thread 1 ] DEBUG Input                - Registered new binding: Move Right - D
14:56:46.331 [FXGL Background Thread 1 ] DEBUG Input                - Registered new binding: Đặt bom - Space
14:56:46.348 [FXGL Background Thread 1 ] INFO  FXGLApplication      - Game initialization took: 0.305 sec
14:56:46.351 [JavaFX Application Thread] DEBUG Input                - Clearing active input actions
14:56:46.387 [JavaFX Application Thread] DEBUG GameApplicationServi - Removing overlay from FXGLLoadingScene and adding to GameScene
14:56:46.387 [JavaFX Application Thread] DEBUG PrimaryStageWindow   - FXGLLoadingScene -> GameScene
14:56:47.964 [FXGL Background Thread 2 ] INFO  UpdaterService       - Your current version:  17.3
14:56:47.964 [FXGL Background Thread 2 ] INFO  UpdaterService       - Latest stable version: 21.1
14:56:48.510 [JavaFX Application Thread] DEBUG PrimaryStageWindow   - Push state: DialogSubScene
14:56:48.511 [JavaFX Application Thread] DEBUG Input                - Clearing active input actions
14:56:48.514 [JavaFX Application Thread] DEBUG GameApplicationServi - Removing overlay from GameScene and adding to DialogSubScene
14:56:48.514 [JavaFX Application Thread] DEBUG PrimaryStageWindow   - GameScene -> DialogSubScene
14:56:48.942 [FXGL Background Thread 3 ] DEBUG Engine               - Logging environment variables
14:56:48.945 [FXGL Background Thread 3 ] DEBUG Engine               - achievements: []
14:56:48.945 [FXGL Background Thread 3 ] DEBUG Engine               - actualHeight: 352.0
14:56:48.945 [FXGL Background Thread 3 ] DEBUG Engine               - actualHeightProperty: ReadOnlyDoubleProperty [value: 352.0]
14:56:48.946 [FXGL Background Thread 3 ] DEBUG Engine               - actualWidth: 480.0
14:56:48.947 [FXGL Background Thread 3 ] DEBUG Engine               - actualWidthProperty: ReadOnlyDoubleProperty [value: 480.0]
14:56:48.947 [FXGL Background Thread 3 ] DEBUG Engine               - appIcon: fxgl_icon.png
14:56:48.948 [FXGL Background Thread 3 ] DEBUG Engine               - applicationMode: DEVELOPER
14:56:48.948 [FXGL Background Thread 3 ] DEBUG Engine               - cSSList: [fxgl_dark.css]
14:56:48.948 [FXGL Background Thread 3 ] DEBUG Engine               - collisionDetectionStrategy: BRUTE_FORCE
14:56:48.948 [FXGL Background Thread 3 ] DEBUG Engine               - configClass: Optional.empty
14:56:48.948 [FXGL Background Thread 3 ] DEBUG Engine               - credits: []
14:56:48.950 [FXGL Background Thread 3 ] DEBUG Engine               - defaultCursor: CursorInfo(imageName=fxgl_default_cursor.png, hotspotX=7.0, hotspotY=6.0)
14:56:48.951 [FXGL Background Thread 3 ] DEBUG Engine               - devBBoxColorProperty: ObjectProperty [value: 0xff0000ff]
14:56:48.951 [FXGL Background Thread 3 ] DEBUG Engine               - devEnableDebugCameraProperty: BooleanProperty [value: false]
14:56:48.952 [FXGL Background Thread 3 ] DEBUG Engine               - devSensorColorProperty: ObjectProperty [value: 0xffff00ff]
14:56:48.952 [FXGL Background Thread 3 ] DEBUG Engine               - devShowBBoxProperty: BooleanProperty [value: false]
14:56:48.952 [FXGL Background Thread 3 ] DEBUG Engine               - devShowPositionProperty: BooleanProperty [value: false]
14:56:48.952 [FXGL Background Thread 3 ] DEBUG Engine               - enabledMenuItems: []
14:56:48.952 [FXGL Background Thread 3 ] DEBUG Engine               - engineServices: [class com.almasb.fxgl.app.services.FXGLAssetLoaderService, class com.almasb.fxgl.app.FXGLApplication$GameApplicationService, class com.almasb.fxgl.app.services.FXGLDialogService, class com.almasb.fxgl.app.services.IOTaskExecutorService, class com.almasb.fxgl.io.FileSystemService, class com.almasb.fxgl.localization.LocalizationService, class com.almasb.fxgl.app.services.SystemBundleService, class com.almasb.fxgl.profile.SaveLoadService, class com.almasb.fxgl.ui.FXGLUIFactoryServiceProvider, class com.almasb.fxgl.ui.FXGLDialogFactoryServiceProvider, class com.almasb.fxgl.audio.AudioPlayer, class com.almasb.fxgl.notification.impl.NotificationServiceProvider, class com.almasb.fxgl.achievement.AchievementService, class com.almasb.fxgl.cutscene.CutsceneService, class com.almasb.fxgl.minigames.MiniGameService, class com.almasb.fxgl.net.NetService, class com.almasb.fxgl.app.services.UpdaterService, class com.almasb.fxgl.dev.DevService]
14:56:48.952 [FXGL Background Thread 3 ] DEBUG Engine               - fontGame: Abel-Regular.ttf
14:56:48.953 [FXGL Background Thread 3 ] DEBUG Engine               - fontMono: TerminalLandMono-Regular.otf
14:56:48.953 [FXGL Background Thread 3 ] DEBUG Engine               - fontSizeScaleUI: 1.0
14:56:48.953 [FXGL Background Thread 3 ] DEBUG Engine               - fontText: Courier-Prime.ttf
14:56:48.953 [FXGL Background Thread 3 ] DEBUG Engine               - fontUI: VarelaRound-Regular.ttf
14:56:48.953 [FXGL Background Thread 3 ] DEBUG Engine               - fullScreen: BooleanProperty [value: false]
14:56:48.953 [FXGL Background Thread 3 ] DEBUG Engine               - gameDifficulty: MEDIUM
14:56:48.953 [FXGL Background Thread 3 ] DEBUG Engine               - gameDifficultyProperty: ObjectProperty [value: MEDIUM]
14:56:48.953 [FXGL Background Thread 3 ] DEBUG Engine               - globalMusicVolume: 0.5
14:56:48.953 [FXGL Background Thread 3 ] DEBUG Engine               - globalMusicVolumeProperty: DoubleProperty [value: 0.5]
14:56:48.953 [FXGL Background Thread 3 ] DEBUG Engine               - globalSoundVolume: 0.5
14:56:48.954 [FXGL Background Thread 3 ] DEBUG Engine               - globalSoundVolumeProperty: DoubleProperty [value: 0.5]
14:56:48.954 [FXGL Background Thread 3 ] DEBUG Engine               - height: 352
14:56:48.954 [FXGL Background Thread 3 ] DEBUG Engine               - is3D: false
14:56:48.954 [FXGL Background Thread 3 ] DEBUG Engine               - isAndroid: false
14:56:48.954 [FXGL Background Thread 3 ] DEBUG Engine               - isBrowser: false
14:56:48.954 [FXGL Background Thread 3 ] DEBUG Engine               - isClickFeedbackEnabled: false
14:56:48.954 [FXGL Background Thread 3 ] DEBUG Engine               - isCloseConfirmation: false
14:56:48.954 [FXGL Background Thread 3 ] DEBUG Engine               - isDesktop: true
14:56:48.954 [FXGL Background Thread 3 ] DEBUG Engine               - isDeveloperMenuEnabled: false
14:56:48.954 [FXGL Background Thread 3 ] DEBUG Engine               - isEmbedded: false
14:56:48.955 [FXGL Background Thread 3 ] DEBUG Engine               - isEntityPreloadEnabled: true
14:56:48.955 [FXGL Background Thread 3 ] DEBUG Engine               - isExperimentalTiledLargeMap: false
14:56:48.956 [FXGL Background Thread 3 ] DEBUG Engine               - isFileSystemWriteAllowed: true
14:56:48.956 [FXGL Background Thread 3 ] DEBUG Engine               - isFullScreenAllowed: false
14:56:48.956 [FXGL Background Thread 3 ] DEBUG Engine               - isFullScreenFromStart: false
14:56:48.957 [FXGL Background Thread 3 ] DEBUG Engine               - isGameMenuEnabled: true
14:56:48.957 [FXGL Background Thread 3 ] DEBUG Engine               - isIOS: false
14:56:48.957 [FXGL Background Thread 3 ] DEBUG Engine               - isIntroEnabled: false
14:56:48.957 [FXGL Background Thread 3 ] DEBUG Engine               - isLinux: false
14:56:48.957 [FXGL Background Thread 3 ] DEBUG Engine               - isMac: false
14:56:48.957 [FXGL Background Thread 3 ] DEBUG Engine               - isMainMenuEnabled: false
14:56:48.957 [FXGL Background Thread 3 ] DEBUG Engine               - isManualResizeEnabled: false
14:56:48.959 [FXGL Background Thread 3 ] DEBUG Engine               - isMobile: false
14:56:48.959 [FXGL Background Thread 3 ] DEBUG Engine               - isNative: false
14:56:48.959 [FXGL Background Thread 3 ] DEBUG Engine               - isPauseMusicWhenMinimized: true
14:56:48.959 [FXGL Background Thread 3 ] DEBUG Engine               - isPreserveResizeRatio: false
14:56:48.959 [FXGL Background Thread 3 ] DEBUG Engine               - isProfilingEnabled: false
14:56:48.959 [FXGL Background Thread 3 ] DEBUG Engine               - isScaleAffectedOnResize: true
14:56:48.959 [FXGL Background Thread 3 ] DEBUG Engine               - isSingleStep: false
14:56:48.959 [FXGL Background Thread 3 ] DEBUG Engine               - isUserProfileEnabled: false
14:56:48.959 [FXGL Background Thread 3 ] DEBUG Engine               - isWindows: true
14:56:48.960 [FXGL Background Thread 3 ] DEBUG Engine               - language: ObjectProperty [value: ENGLISH]
14:56:48.960 [FXGL Background Thread 3 ] DEBUG Engine               - menuKey: ESCAPE
14:56:48.960 [FXGL Background Thread 3 ] DEBUG Engine               - mouseSensitivity: 0.2
14:56:48.960 [FXGL Background Thread 3 ] DEBUG Engine               - notificationViewClass: class com.almasb.fxgl.notification.view.XboxNotificationView
14:56:48.960 [FXGL Background Thread 3 ] DEBUG Engine               - pixelsPerMeter: 50.0
14:56:48.960 [FXGL Background Thread 3 ] DEBUG Engine               - platform: WINDOWS
14:56:48.960 [FXGL Background Thread 3 ] DEBUG Engine               - prefHeightProperty: ReadOnlyDoubleProperty [value: 352.0]
14:56:48.960 [FXGL Background Thread 3 ] DEBUG Engine               - prefWidthProperty: ReadOnlyDoubleProperty [value: 480.0]
14:56:48.960 [FXGL Background Thread 3 ] DEBUG Engine               - profileDir: profiles/
14:56:48.960 [FXGL Background Thread 3 ] DEBUG Engine               - profileName: StringProperty [value: DEFAULT]
14:56:48.960 [FXGL Background Thread 3 ] DEBUG Engine               - randomSeed: -1
14:56:48.961 [FXGL Background Thread 3 ] DEBUG Engine               - runtimeInfo: RuntimeInfo(platform=WINDOWS, version=17.3, build=30.03.2023 11.49)
14:56:48.961 [FXGL Background Thread 3 ] DEBUG Engine               - saveFileExt: sav
14:56:48.961 [FXGL Background Thread 3 ] DEBUG Engine               - scaledHeightProp$fxgl: DoubleProperty [bound, value: 352.0]
14:56:48.961 [FXGL Background Thread 3 ] DEBUG Engine               - scaledWidthProp$fxgl: DoubleProperty [bound, value: 480.0]
14:56:48.961 [FXGL Background Thread 3 ] DEBUG Engine               - sceneFactory: com.almasb.fxgl.app.scene.SceneFactory@743be489
14:56:48.961 [FXGL Background Thread 3 ] DEBUG Engine               - secondsIn24h: 60
14:56:48.961 [FXGL Background Thread 3 ] DEBUG Engine               - soundMenuBack: menu/back.wav
14:56:48.961 [FXGL Background Thread 3 ] DEBUG Engine               - soundMenuPress: menu/press.wav
14:56:48.961 [FXGL Background Thread 3 ] DEBUG Engine               - soundMenuSelect: menu/select.wav
14:56:48.961 [FXGL Background Thread 3 ] DEBUG Engine               - soundNotification: core/notification.wav
14:56:48.961 [FXGL Background Thread 3 ] DEBUG Engine               - stageStyle: DECORATED
14:56:48.961 [FXGL Background Thread 3 ] DEBUG Engine               - supportedLanguages: [ENGLISH, FRENCH, GERMAN, HUNGARIAN, RUSSIAN]
14:56:48.962 [FXGL Background Thread 3 ] DEBUG Engine               - ticksPerSecond: -1
14:56:48.962 [FXGL Background Thread 3 ] DEBUG Engine               - title: Bomberman Game
14:56:48.962 [FXGL Background Thread 3 ] DEBUG Engine               - urlGithub: https://github.com/AlmasB/FXGL
14:56:48.962 [FXGL Background Thread 3 ] DEBUG Engine               - urlLeaderboard: http://fxgl-top.herokuapp.com/
14:56:48.962 [FXGL Background Thread 3 ] DEBUG Engine               - urlPOM: https://raw.githubusercontent.com/AlmasB/FXGL/release/README.md
14:56:48.962 [FXGL Background Thread 3 ] DEBUG Engine               - userAppClass: class org.example.demo.HelloApplication
14:56:48.962 [FXGL Background Thread 3 ] DEBUG Engine               - version: 1.0
14:56:48.962 [FXGL Background Thread 3 ] DEBUG Engine               - versionCheckDays: 7
14:56:48.962 [FXGL Background Thread 3 ] DEBUG Engine               - width: 480
14:56:48.962 [FXGL Background Thread 3 ] DEBUG Engine               - Logging services
14:56:48.962 [FXGL Background Thread 3 ] DEBUG Engine               - class com.almasb.fxgl.app.services.FXGLAssetLoaderService
14:56:48.962 [FXGL Background Thread 3 ] DEBUG Engine               - class com.almasb.fxgl.app.FXGLApplication$GameApplicationService
14:56:48.962 [FXGL Background Thread 3 ] DEBUG Engine               - class com.almasb.fxgl.app.services.FXGLDialogService
14:56:48.962 [FXGL Background Thread 3 ] DEBUG Engine               - class com.almasb.fxgl.app.services.IOTaskExecutorService
14:56:48.962 [FXGL Background Thread 3 ] DEBUG Engine               - class com.almasb.fxgl.io.FileSystemService
14:56:48.962 [FXGL Background Thread 3 ] DEBUG Engine               - class com.almasb.fxgl.localization.LocalizationService
14:56:48.962 [FXGL Background Thread 3 ] DEBUG Engine               - class com.almasb.fxgl.app.services.SystemBundleService
14:56:48.963 [FXGL Background Thread 3 ] DEBUG Engine               - class com.almasb.fxgl.profile.SaveLoadService
14:56:48.963 [FXGL Background Thread 3 ] DEBUG Engine               - class com.almasb.fxgl.ui.FXGLUIFactoryServiceProvider
14:56:48.963 [FXGL Background Thread 3 ] DEBUG Engine               - class com.almasb.fxgl.ui.FXGLDialogFactoryServiceProvider
14:56:48.963 [FXGL Background Thread 3 ] DEBUG Engine               - class com.almasb.fxgl.audio.AudioPlayer
14:56:48.963 [FXGL Background Thread 3 ] DEBUG Engine               - class com.almasb.fxgl.notification.impl.NotificationServiceProvider
14:56:48.963 [FXGL Background Thread 3 ] DEBUG Engine               - class com.almasb.fxgl.achievement.AchievementService
14:56:48.963 [FXGL Background Thread 3 ] DEBUG Engine               - class com.almasb.fxgl.cutscene.CutsceneService
14:56:48.963 [FXGL Background Thread 3 ] DEBUG Engine               - class com.almasb.fxgl.minigames.MiniGameService
14:56:48.963 [FXGL Background Thread 3 ] DEBUG Engine               - class com.almasb.fxgl.net.NetService
14:56:48.963 [FXGL Background Thread 3 ] DEBUG Engine               - class com.almasb.fxgl.app.services.UpdaterService
14:56:48.963 [FXGL Background Thread 3 ] DEBUG Engine               - class com.almasb.fxgl.dev.DevService
14:56:50.916 [JavaFX Application Thread] DEBUG FXGLApplication      - Exiting FXGL
14:56:50.916 [JavaFX Application Thread] DEBUG LoopRunner           - Stopping loop
14:56:50.917 [JavaFX Application Thread] DEBUG SystemBundleService  - Saving FXGL system data
14:56:50.920 [JavaFX Application Thread] DEBUG FileSystemAccess     - Writing to: C:\Users\admin\OneDrive\Máy tính\btl\baitaplonOOP\system\fxgl.bundle
14:56:50.922 [JavaFX Application Thread] DEBUG Async                - Shutting down background threads
14:56:50.923 [JavaFX Application Thread] DEBUG PrimaryStageWindow   - Closing main window
14:56:50.944 [JavaFX Application Thread] DEBUG Logger               - Closing Logger
