19:53:04.315 [main                     ] DEBUG Logger               - Configured Logger
19:53:04.346 [main                     ] DEBUG GameApplication      - Logging settings
Title: Bomberman Game
Version: 1.0
Width: 480
Height: 480
Fullscreen: false
Intro: false
Profiling: false
Single step:false
App Mode: DEVELOPER
Menu Key: ESCAPE
Stage Style: DECORATED
Scene Factory: class com.almasb.fxgl.app.scene.SceneFactory

19:53:04.696 [JavaFX Application Thread] DEBUG FXGLApplication      - Initializing FXGL
19:53:04.701 [JavaFX Application Thread] INFO  Engine               - FXGL-17.3 (30.03.2023 11.49) on WINDOWS (J:23.0.2 FX:17.0.6)
19:53:04.701 [JavaFX Application Thread] DEBUG Engine               - JRE Vendor Name: Oracle Corporation
19:53:04.701 [JavaFX Application Thread] DEBUG Engine               - Running on OS: Windows 11 version 10.0
19:53:04.701 [JavaFX Application Thread] DEBUG Engine               - Architecture: amd64
19:53:04.701 [JavaFX Application Thread] INFO  Engine               - Source code and latest versions at: https://github.com/AlmasB/FXGL
19:53:04.701 [JavaFX Application Thread] INFO  Engine               -       Ask questions and discuss at: https://github.com/AlmasB/FXGL/discussions
19:53:04.701 [JavaFX Application Thread] INFO  Engine               -              Join the FXGL chat at: https://gitter.im/AlmasB/FXGL
19:53:04.761 [JavaFX Application Thread] DEBUG PrimaryStageWindow   - Creating a JavaFX scene
19:53:04.814 [JavaFX Application Thread] DEBUG PrimaryStageWindow   - Target settings size: 480.0 x 480.0
19:53:04.814 [JavaFX Application Thread] DEBUG PrimaryStageWindow   - Scaled scene size:    480.0 x 480.0
19:53:04.814 [JavaFX Application Thread] DEBUG PrimaryStageWindow   - Scaled ratio: (1.0, 1.0)
19:53:04.815 [JavaFX Application Thread] DEBUG PrimaryStageWindow   - Set initial scene to FXGLStartupScene
19:53:04.819 [JavaFX Application Thread] DEBUG PrimaryStageWindow   - Opening main window
19:53:04.893 [JavaFX Application Thread] DEBUG PrimaryStageWindow   - Window border size: (14.399993896484375, 37.5999755859375)
19:53:04.893 [JavaFX Application Thread] DEBUG PrimaryStageWindow   - Scaled size: 480.0 x 480.0
19:53:04.893 [JavaFX Application Thread] DEBUG PrimaryStageWindow   - Scaled ratio: (1.0, 1.0)
19:53:04.894 [JavaFX Application Thread] DEBUG PrimaryStageWindow   - Scene size: 480.0 x 480.0
19:53:04.894 [JavaFX Application Thread] DEBUG PrimaryStageWindow   - Stage size: 494.3999938964844 x 517.5999755859375
19:53:04.904 [FXGL Background Thread 1 ] DEBUG Engine               - Initializing environment variables
19:53:05.000 [FXGL Background Thread 1 ] DEBUG FXGLAssetLoaderServi - User app class for loading assets: class org.example.demo.HelloApplication
19:53:05.000 [FXGL Background Thread 1 ] DEBUG GameApplicationServi - Applying CSS: fxgl_dark.css
19:53:05.002 [FXGL Background Thread 1 ] DEBUG FXGLAssetLoaderServi - Loading from file system: jar:file:///C:/Users/PC/.m2/repository/com/github/almasb/fxgl/17.3/fxgl-17.3.jar!/fxglassets/ui/css/fxgl_dark.css
19:53:05.069 [FXGL Background Thread 1 ] DEBUG GameApplicationServi - Initializing application scenes
19:53:05.131 [FXGL Background Thread 1 ] DEBUG GameWorld            - Game world initialized
19:53:05.203 [FXGL Background Thread 1 ] DEBUG PhysicsWorld         - Physics world initialized: appHeight=480, physics.ppm=50.0
19:53:05.203 [FXGL Background Thread 1 ] DEBUG PhysicsWorld         - Using strategy: BRUTE_FORCE
19:53:05.206 [FXGL Background Thread 1 ] DEBUG GameScene            - Game scene initialized: 480x480
19:53:05.214 [FXGL Background Thread 1 ] WARN  FXGL.DefaultMenu     - FXGLDefaultMenu is not designed for resolutions < 800x600
19:53:05.214 [FXGL Background Thread 1 ] DEBUG FXGL.DefaultMenu     - createMenuBodyGameMenu()
19:53:05.224 [FXGL Background Thread 1 ] DEBUG FXGL.DefaultMenu     - createOptionsMenu()
19:53:05.231 [FXGL Background Thread 1 ] DEBUG FXGLAssetLoaderServi - Loading from file system: jar:file:///C:/Users/PC/.m2/repository/com/github/almasb/fxgl/17.3/fxgl-17.3.jar!/fxglassets/textures/particles/smoke.png
19:53:05.302 [FXGL Background Thread 1 ] DEBUG FXGLAssetLoaderServi - Loading from file system: jar:file:///C:/Users/PC/.m2/repository/com/github/almasb/fxgl/17.3/fxgl-17.3.jar!/fxglassets/textures/particles/trace_horizontal.png
19:53:05.325 [FXGL Background Thread 1 ] DEBUG GameApplicationServi - Application scenes initialized
19:53:05.337 [FXGL Background Thread 1 ] DEBUG SystemBundleService  - Loading FXGL system data
19:53:05.340 [FXGL Background Thread 1 ] DEBUG FileSystemAccess     - Reading from: C:\Users\PC\Downloads\baitaplonOOP-long (5)\baitaplonOOP-long\system\fxgl.bundle
19:53:05.346 [FXGL Background Thread 1 ] DEBUG SystemBundleService  - Bundle FXGL: {}
19:53:05.346 [FXGL Background Thread 1 ] DEBUG UpdaterService       - Checking for updates
19:53:05.350 [FXGL Background Thread 4 ] DEBUG FXGLApplication      - Loading fonts
19:53:05.350 [FXGL Background Thread 4 ] DEBUG FXGLAssetLoaderServi - Loading from file system: jar:file:///C:/Users/PC/.m2/repository/com/github/almasb/fxgl/17.3/fxgl-17.3.jar!/fxglassets/ui/fonts/VarelaRound-Regular.ttf
19:53:05.350 [FXGL Background Thread 1 ] DEBUG FXGLApplication      - Loading default localization
19:53:05.351 [FXGL Background Thread 1 ] DEBUG FXGLAssetLoaderServi - Loading from file system: jar:file:///C:/Users/PC/.m2/repository/com/github/almasb/fxgl/17.3/fxgl-17.3.jar!/fxglassets/languages/english.lang
19:53:05.378 [FXGL Background Thread 1 ] INFO  FXGLApplication      - FXGL initialization took: 0.475 sec
19:53:05.379 [JavaFX Application Thread] DEBUG Input                - Clearing active input actions
19:53:05.387 [FXGL Background Thread 4 ] DEBUG FXGLAssetLoaderServi - Loading from file system: jar:file:///C:/Users/PC/.m2/repository/com/github/almasb/fxgl/17.3/fxgl-17.3.jar!/fxglassets/ui/fonts/Abel-Regular.ttf
19:53:05.389 [JavaFX Application Thread] DEBUG Input                - Registered new binding: Move Up - W
19:53:05.390 [JavaFX Application Thread] DEBUG Input                - Registered new binding: Move Down - S
19:53:05.390 [JavaFX Application Thread] DEBUG Input                - Registered new binding: Move Left - A
19:53:05.390 [JavaFX Application Thread] DEBUG Input                - Registered new binding: Move Right - D
19:53:05.390 [JavaFX Application Thread] DEBUG Input                - Registered new binding: Place Bomb - Space
19:53:05.390 [JavaFX Application Thread] DEBUG FXGLAssetLoaderServi - Loading from file system: jar:file:///C:/Users/PC/.m2/repository/com/github/almasb/fxgl/17.3/fxgl-17.3.jar!/fxglassets/textures/fxgl_icon.png
19:53:05.390 [FXGL Background Thread 4 ] DEBUG FXGLAssetLoaderServi - Loading from file system: jar:file:///C:/Users/PC/.m2/repository/com/github/almasb/fxgl/17.3/fxgl-17.3.jar!/fxglassets/ui/fonts/TerminalLandMono-Regular.otf
19:53:05.396 [FXGL Background Thread 4 ] DEBUG FXGLAssetLoaderServi - Loading from file system: jar:file:///C:/Users/PC/.m2/repository/com/github/almasb/fxgl/17.3/fxgl-17.3.jar!/fxglassets/ui/fonts/Courier-Prime.ttf
19:53:05.413 [JavaFX Application Thread] DEBUG FXGLAssetLoaderServi - Loading from file system: jar:file:///C:/Users/PC/.m2/repository/com/github/almasb/fxgl/17.3/fxgl-17.3.jar!/fxglassets/textures/fxgl_default_cursor.png
19:53:05.420 [JavaFX Application Thread] DEBUG Input                - Registered new binding: Screenshot - CTRL+8
19:53:05.421 [JavaFX Application Thread] DEBUG Input                - Registered new binding: System info dump - CTRL+9
19:53:05.421 [JavaFX Application Thread] DEBUG Input                - Registered new binding: Restart - CTRL+R
19:53:05.423 [JavaFX Application Thread] DEBUG Input                - Registered new binding: Toggle Debug Camera - CTRL+7
19:53:05.426 [JavaFX Application Thread] DEBUG LoopRunner           - Starting loop
19:53:05.426 [JavaFX Application Thread] DEBUG LoopRunner           - Initializing JavaFX AnimationTimerLoop
19:53:05.429 [JavaFX Application Thread] DEBUG GameApplicationServi - Starting new game
19:53:05.430 [JavaFX Application Thread] DEBUG Input                - Clearing active input actions
19:53:05.439 [JavaFX Application Thread] DEBUG GameApplicationServi - Removing overlay from FXGLStartupScene and adding to FXGLLoadingScene
19:53:05.439 [JavaFX Application Thread] DEBUG PrimaryStageWindow   - FXGLStartupScene -> FXGLLoadingScene
19:53:05.439 [JavaFX Application Thread] DEBUG GameApplicationServi - Clearing previous game
19:53:05.439 [JavaFX Application Thread] DEBUG GameScene            - Clearing game scene
19:53:05.439 [JavaFX Application Thread] DEBUG GameWorld            - Clearing game world
19:53:05.439 [JavaFX Application Thread] DEBUG PhysicsWorld         - Clearing physics world
19:53:05.441 [JavaFX Application Thread] DEBUG FXGLApplication      - Registering font factories with UI factory
19:53:05.441 [FXGL Background Thread 4 ] DEBUG FXGLApplication      - Initializing game
19:53:05.680 [FXGL Background Thread 4 ] INFO  FXGLApplication      - Game initialization took: 0.239 sec
19:53:05.685 [JavaFX Application Thread] DEBUG Input                - Clearing active input actions
19:53:05.699 [JavaFX Application Thread] DEBUG GameApplicationServi - Removing overlay from FXGLLoadingScene and adding to GameScene
19:53:05.699 [JavaFX Application Thread] DEBUG PrimaryStageWindow   - FXGLLoadingScene -> GameScene
19:53:05.991 [FXGL Background Thread 2 ] INFO  UpdaterService       - Your current version:  17.3
19:53:05.991 [FXGL Background Thread 2 ] INFO  UpdaterService       - Latest stable version: 21.1
19:53:08.349 [FXGL Background Thread 3 ] DEBUG Engine               - Logging environment variables
19:53:08.349 [FXGL Background Thread 3 ] DEBUG Engine               - achievements: []
19:53:08.349 [FXGL Background Thread 3 ] DEBUG Engine               - actualHeight: 480.0
19:53:08.349 [FXGL Background Thread 3 ] DEBUG Engine               - actualHeightProperty: ReadOnlyDoubleProperty [value: 480.0]
19:53:08.349 [FXGL Background Thread 3 ] DEBUG Engine               - actualWidth: 480.0
19:53:08.349 [FXGL Background Thread 3 ] DEBUG Engine               - actualWidthProperty: ReadOnlyDoubleProperty [value: 480.0]
19:53:08.349 [FXGL Background Thread 3 ] DEBUG Engine               - appIcon: fxgl_icon.png
19:53:08.349 [FXGL Background Thread 3 ] DEBUG Engine               - applicationMode: DEVELOPER
19:53:08.350 [FXGL Background Thread 3 ] DEBUG Engine               - cSSList: [fxgl_dark.css]
19:53:08.350 [FXGL Background Thread 3 ] DEBUG Engine               - collisionDetectionStrategy: BRUTE_FORCE
19:53:08.350 [FXGL Background Thread 3 ] DEBUG Engine               - configClass: Optional.empty
19:53:08.350 [FXGL Background Thread 3 ] DEBUG Engine               - credits: []
19:53:08.350 [FXGL Background Thread 3 ] DEBUG Engine               - defaultCursor: CursorInfo(imageName=fxgl_default_cursor.png, hotspotX=7.0, hotspotY=6.0)
19:53:08.350 [FXGL Background Thread 3 ] DEBUG Engine               - devBBoxColorProperty: ObjectProperty [value: 0xff0000ff]
19:53:08.350 [FXGL Background Thread 3 ] DEBUG Engine               - devEnableDebugCameraProperty: BooleanProperty [value: false]
19:53:08.350 [FXGL Background Thread 3 ] DEBUG Engine               - devSensorColorProperty: ObjectProperty [value: 0xffff00ff]
19:53:08.350 [FXGL Background Thread 3 ] DEBUG Engine               - devShowBBoxProperty: BooleanProperty [value: false]
19:53:08.350 [FXGL Background Thread 3 ] DEBUG Engine               - devShowPositionProperty: BooleanProperty [value: false]
19:53:08.350 [FXGL Background Thread 3 ] DEBUG Engine               - enabledMenuItems: []
19:53:08.350 [FXGL Background Thread 3 ] DEBUG Engine               - engineServices: [class com.almasb.fxgl.app.services.FXGLAssetLoaderService, class com.almasb.fxgl.app.FXGLApplication$GameApplicationService, class com.almasb.fxgl.app.services.FXGLDialogService, class com.almasb.fxgl.app.services.IOTaskExecutorService, class com.almasb.fxgl.io.FileSystemService, class com.almasb.fxgl.localization.LocalizationService, class com.almasb.fxgl.app.services.SystemBundleService, class com.almasb.fxgl.profile.SaveLoadService, class com.almasb.fxgl.ui.FXGLUIFactoryServiceProvider, class com.almasb.fxgl.ui.FXGLDialogFactoryServiceProvider, class com.almasb.fxgl.audio.AudioPlayer, class com.almasb.fxgl.notification.impl.NotificationServiceProvider, class com.almasb.fxgl.achievement.AchievementService, class com.almasb.fxgl.cutscene.CutsceneService, class com.almasb.fxgl.minigames.MiniGameService, class com.almasb.fxgl.net.NetService, class com.almasb.fxgl.app.services.UpdaterService, class com.almasb.fxgl.dev.DevService]
19:53:08.350 [FXGL Background Thread 3 ] DEBUG Engine               - fontGame: Abel-Regular.ttf
19:53:08.350 [FXGL Background Thread 3 ] DEBUG Engine               - fontMono: TerminalLandMono-Regular.otf
19:53:08.350 [FXGL Background Thread 3 ] DEBUG Engine               - fontSizeScaleUI: 1.0
19:53:08.350 [FXGL Background Thread 3 ] DEBUG Engine               - fontText: Courier-Prime.ttf
19:53:08.350 [FXGL Background Thread 3 ] DEBUG Engine               - fontUI: VarelaRound-Regular.ttf
19:53:08.350 [FXGL Background Thread 3 ] DEBUG Engine               - fullScreen: BooleanProperty [value: false]
19:53:08.351 [FXGL Background Thread 3 ] DEBUG Engine               - gameDifficulty: MEDIUM
19:53:08.351 [FXGL Background Thread 3 ] DEBUG Engine               - gameDifficultyProperty: ObjectProperty [value: MEDIUM]
19:53:08.351 [FXGL Background Thread 3 ] DEBUG Engine               - globalMusicVolume: 0.5
19:53:08.351 [FXGL Background Thread 3 ] DEBUG Engine               - globalMusicVolumeProperty: DoubleProperty [value: 0.5]
19:53:08.351 [FXGL Background Thread 3 ] DEBUG Engine               - globalSoundVolume: 0.5
19:53:08.351 [FXGL Background Thread 3 ] DEBUG Engine               - globalSoundVolumeProperty: DoubleProperty [value: 0.5]
19:53:08.351 [FXGL Background Thread 3 ] DEBUG Engine               - height: 480
19:53:08.351 [FXGL Background Thread 3 ] DEBUG Engine               - is3D: false
19:53:08.351 [FXGL Background Thread 3 ] DEBUG Engine               - isAndroid: false
19:53:08.351 [FXGL Background Thread 3 ] DEBUG Engine               - isBrowser: false
19:53:08.351 [FXGL Background Thread 3 ] DEBUG Engine               - isClickFeedbackEnabled: false
19:53:08.351 [FXGL Background Thread 3 ] DEBUG Engine               - isCloseConfirmation: false
19:53:08.351 [FXGL Background Thread 3 ] DEBUG Engine               - isDesktop: true
19:53:08.351 [FXGL Background Thread 3 ] DEBUG Engine               - isDeveloperMenuEnabled: false
19:53:08.351 [FXGL Background Thread 3 ] DEBUG Engine               - isEmbedded: false
19:53:08.351 [FXGL Background Thread 3 ] DEBUG Engine               - isEntityPreloadEnabled: true
19:53:08.351 [FXGL Background Thread 3 ] DEBUG Engine               - isExperimentalTiledLargeMap: false
19:53:08.351 [FXGL Background Thread 3 ] DEBUG Engine               - isFileSystemWriteAllowed: true
19:53:08.351 [FXGL Background Thread 3 ] DEBUG Engine               - isFullScreenAllowed: false
19:53:08.351 [FXGL Background Thread 3 ] DEBUG Engine               - isFullScreenFromStart: false
19:53:08.351 [FXGL Background Thread 3 ] DEBUG Engine               - isGameMenuEnabled: true
19:53:08.352 [FXGL Background Thread 3 ] DEBUG Engine               - isIOS: false
19:53:08.352 [FXGL Background Thread 3 ] DEBUG Engine               - isIntroEnabled: false
19:53:08.352 [FXGL Background Thread 3 ] DEBUG Engine               - isLinux: false
19:53:08.352 [FXGL Background Thread 3 ] DEBUG Engine               - isMac: false
19:53:08.352 [FXGL Background Thread 3 ] DEBUG Engine               - isMainMenuEnabled: false
19:53:08.352 [FXGL Background Thread 3 ] DEBUG Engine               - isManualResizeEnabled: false
19:53:08.352 [FXGL Background Thread 3 ] DEBUG Engine               - isMobile: false
19:53:08.352 [FXGL Background Thread 3 ] DEBUG Engine               - isNative: false
19:53:08.352 [FXGL Background Thread 3 ] DEBUG Engine               - isPauseMusicWhenMinimized: true
19:53:08.352 [FXGL Background Thread 3 ] DEBUG Engine               - isPreserveResizeRatio: false
19:53:08.352 [FXGL Background Thread 3 ] DEBUG Engine               - isProfilingEnabled: false
19:53:08.352 [FXGL Background Thread 3 ] DEBUG Engine               - isScaleAffectedOnResize: true
19:53:08.352 [FXGL Background Thread 3 ] DEBUG Engine               - isSingleStep: false
19:53:08.352 [FXGL Background Thread 3 ] DEBUG Engine               - isUserProfileEnabled: false
19:53:08.352 [FXGL Background Thread 3 ] DEBUG Engine               - isWindows: true
19:53:08.352 [FXGL Background Thread 3 ] DEBUG Engine               - language: ObjectProperty [value: ENGLISH]
19:53:08.352 [FXGL Background Thread 3 ] DEBUG Engine               - menuKey: ESCAPE
19:53:08.353 [FXGL Background Thread 3 ] DEBUG Engine               - mouseSensitivity: 0.2
19:53:08.353 [FXGL Background Thread 3 ] DEBUG Engine               - notificationViewClass: class com.almasb.fxgl.notification.view.XboxNotificationView
19:53:08.353 [FXGL Background Thread 3 ] DEBUG Engine               - pixelsPerMeter: 50.0
19:53:08.353 [FXGL Background Thread 3 ] DEBUG Engine               - platform: WINDOWS
19:53:08.353 [FXGL Background Thread 3 ] DEBUG Engine               - prefHeightProperty: ReadOnlyDoubleProperty [value: 480.0]
19:53:08.353 [FXGL Background Thread 3 ] DEBUG Engine               - prefWidthProperty: ReadOnlyDoubleProperty [value: 480.0]
19:53:08.353 [FXGL Background Thread 3 ] DEBUG Engine               - profileDir: profiles/
19:53:08.353 [FXGL Background Thread 3 ] DEBUG Engine               - profileName: StringProperty [value: DEFAULT]
19:53:08.353 [FXGL Background Thread 3 ] DEBUG Engine               - randomSeed: -1
19:53:08.353 [FXGL Background Thread 3 ] DEBUG Engine               - runtimeInfo: RuntimeInfo(platform=WINDOWS, version=17.3, build=30.03.2023 11.49)
19:53:08.353 [FXGL Background Thread 3 ] DEBUG Engine               - saveFileExt: sav
19:53:08.353 [FXGL Background Thread 3 ] DEBUG Engine               - scaledHeightProp$fxgl: DoubleProperty [bound, value: 480.0]
19:53:08.353 [FXGL Background Thread 3 ] DEBUG Engine               - scaledWidthProp$fxgl: DoubleProperty [bound, value: 480.0]
19:53:08.353 [FXGL Background Thread 3 ] DEBUG Engine               - sceneFactory: com.almasb.fxgl.app.scene.SceneFactory@87f3eed
19:53:08.353 [FXGL Background Thread 3 ] DEBUG Engine               - secondsIn24h: 60
19:53:08.353 [FXGL Background Thread 3 ] DEBUG Engine               - soundMenuBack: menu/back.wav
19:53:08.353 [FXGL Background Thread 3 ] DEBUG Engine               - soundMenuPress: menu/press.wav
19:53:08.353 [FXGL Background Thread 3 ] DEBUG Engine               - soundMenuSelect: menu/select.wav
19:53:08.354 [FXGL Background Thread 3 ] DEBUG Engine               - soundNotification: core/notification.wav
19:53:08.354 [FXGL Background Thread 3 ] DEBUG Engine               - stageStyle: DECORATED
19:53:08.354 [FXGL Background Thread 3 ] DEBUG Engine               - supportedLanguages: [ENGLISH, FRENCH, GERMAN, HUNGARIAN, RUSSIAN]
19:53:08.354 [FXGL Background Thread 3 ] DEBUG Engine               - ticksPerSecond: -1
19:53:08.354 [FXGL Background Thread 3 ] DEBUG Engine               - title: Bomberman Game
19:53:08.354 [FXGL Background Thread 3 ] DEBUG Engine               - urlGithub: https://github.com/AlmasB/FXGL
19:53:08.354 [FXGL Background Thread 3 ] DEBUG Engine               - urlLeaderboard: http://fxgl-top.herokuapp.com/
19:53:08.354 [FXGL Background Thread 3 ] DEBUG Engine               - urlPOM: https://raw.githubusercontent.com/AlmasB/FXGL/release/README.md
19:53:08.354 [FXGL Background Thread 3 ] DEBUG Engine               - userAppClass: class org.example.demo.HelloApplication
19:53:08.354 [FXGL Background Thread 3 ] DEBUG Engine               - version: 1.0
19:53:08.354 [FXGL Background Thread 3 ] DEBUG Engine               - versionCheckDays: 7
19:53:08.354 [FXGL Background Thread 3 ] DEBUG Engine               - width: 480
19:53:08.354 [FXGL Background Thread 3 ] DEBUG Engine               - Logging services
19:53:08.354 [FXGL Background Thread 3 ] DEBUG Engine               - class com.almasb.fxgl.app.services.FXGLAssetLoaderService
19:53:08.354 [FXGL Background Thread 3 ] DEBUG Engine               - class com.almasb.fxgl.app.FXGLApplication$GameApplicationService
19:53:08.354 [FXGL Background Thread 3 ] DEBUG Engine               - class com.almasb.fxgl.app.services.FXGLDialogService
19:53:08.354 [FXGL Background Thread 3 ] DEBUG Engine               - class com.almasb.fxgl.app.services.IOTaskExecutorService
19:53:08.354 [FXGL Background Thread 3 ] DEBUG Engine               - class com.almasb.fxgl.io.FileSystemService
19:53:08.354 [FXGL Background Thread 3 ] DEBUG Engine               - class com.almasb.fxgl.localization.LocalizationService
19:53:08.354 [FXGL Background Thread 3 ] DEBUG Engine               - class com.almasb.fxgl.app.services.SystemBundleService
19:53:08.354 [FXGL Background Thread 3 ] DEBUG Engine               - class com.almasb.fxgl.profile.SaveLoadService
19:53:08.354 [FXGL Background Thread 3 ] DEBUG Engine               - class com.almasb.fxgl.ui.FXGLUIFactoryServiceProvider
19:53:08.354 [FXGL Background Thread 3 ] DEBUG Engine               - class com.almasb.fxgl.ui.FXGLDialogFactoryServiceProvider
19:53:08.354 [FXGL Background Thread 3 ] DEBUG Engine               - class com.almasb.fxgl.audio.AudioPlayer
19:53:08.354 [FXGL Background Thread 3 ] DEBUG Engine               - class com.almasb.fxgl.notification.impl.NotificationServiceProvider
19:53:08.354 [FXGL Background Thread 3 ] DEBUG Engine               - class com.almasb.fxgl.achievement.AchievementService
19:53:08.354 [FXGL Background Thread 3 ] DEBUG Engine               - class com.almasb.fxgl.cutscene.CutsceneService
19:53:08.355 [FXGL Background Thread 3 ] DEBUG Engine               - class com.almasb.fxgl.minigames.MiniGameService
19:53:08.355 [FXGL Background Thread 3 ] DEBUG Engine               - class com.almasb.fxgl.net.NetService
19:53:08.355 [FXGL Background Thread 3 ] DEBUG Engine               - class com.almasb.fxgl.app.services.UpdaterService
19:53:08.355 [FXGL Background Thread 3 ] DEBUG Engine               - class com.almasb.fxgl.dev.DevService
19:53:11.820 [JavaFX Application Thread] WARN  FXGLAssetLoaderServi - Asset "/assets/textures/sprites/bomb.png" was not found!
19:53:11.820 [JavaFX Application Thread] WARN  FXGLAssetLoaderServi - Failed to load IMAGE
19:53:13.822 [JavaFX Application Thread] WARN  FXGLAssetLoaderServi - Asset "/assets/textures/sprites/explosion.png" was not found!
19:53:13.823 [JavaFX Application Thread] WARN  FXGLAssetLoaderServi - Failed to load IMAGE
19:53:22.800 [JavaFX Application Thread] DEBUG FXGLApplication      - Exiting FXGL
19:53:22.800 [JavaFX Application Thread] DEBUG LoopRunner           - Stopping loop
19:53:22.800 [JavaFX Application Thread] DEBUG SystemBundleService  - Saving FXGL system data
19:53:22.805 [JavaFX Application Thread] DEBUG FileSystemAccess     - Writing to: C:\Users\PC\Downloads\baitaplonOOP-long (5)\baitaplonOOP-long\system\fxgl.bundle
19:53:22.809 [JavaFX Application Thread] DEBUG Async                - Shutting down background threads
19:53:22.809 [JavaFX Application Thread] DEBUG PrimaryStageWindow   - Closing main window
19:53:22.855 [JavaFX Application Thread] DEBUG Logger               - Closing Logger
