13:57:14.345 [main                     ] DEBUG Logger               - Configured Logger
13:57:14.369 [main                     ] DEBUG GameApplication      - Logging settings
Title: Bomberman Game
Version: 1.0
Width: 480
Height: 480
Fullscreen: false
Intro: false
Profiling: false
Single step:false
App Mode: DEVELOPER
Menu Key: ESCAPE
Stage Style: DECORATED
Scene Factory: class com.almasb.fxgl.app.scene.SceneFactory

13:57:14.793 [JavaFX Application Thread] DEBUG FXGLApplication      - Initializing FXGL
13:57:14.798 [JavaFX Application Thread] INFO  Engine               - FXGL-17.3 (30.03.2023 11.49) on WINDOWS (J:23.0.2 FX:17.0.6)
13:57:14.798 [JavaFX Application Thread] DEBUG Engine               - JRE Vendor Name: Oracle Corporation
13:57:14.798 [JavaFX Application Thread] DEBUG Engine               - Running on OS: Windows 11 version 10.0
13:57:14.799 [JavaFX Application Thread] DEBUG Engine               - Architecture: amd64
13:57:14.799 [JavaFX Application Thread] INFO  Engine               - Source code and latest versions at: https://github.com/AlmasB/FXGL
13:57:14.799 [JavaFX Application Thread] INFO  Engine               -       Ask questions and discuss at: https://github.com/AlmasB/FXGL/discussions
13:57:14.799 [JavaFX Application Thread] INFO  Engine               -              Join the FXGL chat at: https://gitter.im/AlmasB/FXGL
13:57:14.897 [JavaFX Application Thread] DEBUG PrimaryStageWindow   - Creating a JavaFX scene
13:57:14.945 [JavaFX Application Thread] DEBUG PrimaryStageWindow   - Target settings size: 480.0 x 480.0
13:57:14.945 [JavaFX Application Thread] DEBUG PrimaryStageWindow   - Scaled scene size:    480.0 x 480.0
13:57:14.946 [JavaFX Application Thread] DEBUG PrimaryStageWindow   - Scaled ratio: (1.0, 1.0)
13:57:14.947 [JavaFX Application Thread] DEBUG PrimaryStageWindow   - Set initial scene to FXGLStartupScene
13:57:14.953 [JavaFX Application Thread] DEBUG PrimaryStageWindow   - Opening main window
13:57:15.034 [JavaFX Application Thread] DEBUG PrimaryStageWindow   - Window border size: (14.666656494140625, 37.33331298828125)
13:57:15.036 [JavaFX Application Thread] DEBUG PrimaryStageWindow   - Scaled size: 480.0 x 480.0
13:57:15.036 [JavaFX Application Thread] DEBUG PrimaryStageWindow   - Scaled ratio: (1.0, 1.0)
13:57:15.036 [JavaFX Application Thread] DEBUG PrimaryStageWindow   - Scene size: 480.0 x 480.0
13:57:15.036 [JavaFX Application Thread] DEBUG PrimaryStageWindow   - Stage size: 494.6666564941406 x 517.3333129882812
13:57:15.052 [FXGL Background Thread 1 ] DEBUG Engine               - Initializing environment variables
13:57:15.127 [FXGL Background Thread 1 ] DEBUG FXGLAssetLoaderServi - User app class for loading assets: class org.example.demo.HelloApplication
13:57:15.127 [FXGL Background Thread 1 ] DEBUG GameApplicationServi - Applying CSS: fxgl_dark.css
13:57:15.129 [FXGL Background Thread 1 ] DEBUG FXGLAssetLoaderServi - Loading from file system: jar:file:///C:/Users/admin/.m2/repository/com/github/almasb/fxgl/17.3/fxgl-17.3.jar!/fxglassets/ui/css/fxgl_dark.css
13:57:15.162 [FXGL Background Thread 1 ] DEBUG GameApplicationServi - Initializing application scenes
13:57:15.197 [FXGL Background Thread 1 ] DEBUG GameWorld            - Game world initialized
13:57:15.252 [FXGL Background Thread 1 ] DEBUG PhysicsWorld         - Physics world initialized: appHeight=480, physics.ppm=50.0
13:57:15.252 [FXGL Background Thread 1 ] DEBUG PhysicsWorld         - Using strategy: BRUTE_FORCE
13:57:15.258 [FXGL Background Thread 1 ] DEBUG GameScene            - Game scene initialized: 480x480
13:57:15.267 [FXGL Background Thread 1 ] WARN  FXGL.DefaultMenu     - FXGLDefaultMenu is not designed for resolutions < 800x600
13:57:15.267 [FXGL Background Thread 1 ] DEBUG FXGL.DefaultMenu     - createMenuBodyGameMenu()
13:57:15.280 [FXGL Background Thread 1 ] DEBUG FXGL.DefaultMenu     - createOptionsMenu()
13:57:15.287 [FXGL Background Thread 1 ] DEBUG FXGLAssetLoaderServi - Loading from file system: jar:file:///C:/Users/admin/.m2/repository/com/github/almasb/fxgl/17.3/fxgl-17.3.jar!/fxglassets/textures/particles/smoke.png
13:57:15.379 [FXGL Background Thread 1 ] DEBUG FXGLAssetLoaderServi - Loading from file system: jar:file:///C:/Users/admin/.m2/repository/com/github/almasb/fxgl/17.3/fxgl-17.3.jar!/fxglassets/textures/particles/trace_horizontal.png
13:57:15.399 [FXGL Background Thread 1 ] DEBUG GameApplicationServi - Application scenes initialized
13:57:15.413 [FXGL Background Thread 1 ] DEBUG SystemBundleService  - Loading FXGL system data
13:57:15.417 [FXGL Background Thread 1 ] DEBUG FileSystemAccess     - Reading from: C:\Users\admin\OneDrive\Máy tính\btl\baitaplonOOP\system\fxgl.bundle
13:57:15.427 [FXGL Background Thread 1 ] DEBUG SystemBundleService  - Bundle FXGL: {}
13:57:15.427 [FXGL Background Thread 1 ] DEBUG UpdaterService       - Checking for updates
13:57:15.432 [FXGL Background Thread 4 ] DEBUG FXGLApplication      - Loading fonts
13:57:15.432 [FXGL Background Thread 4 ] DEBUG FXGLAssetLoaderServi - Loading from file system: jar:file:///C:/Users/admin/.m2/repository/com/github/almasb/fxgl/17.3/fxgl-17.3.jar!/fxglassets/ui/fonts/VarelaRound-Regular.ttf
13:57:15.432 [FXGL Background Thread 1 ] DEBUG FXGLApplication      - Loading default localization
13:57:15.433 [FXGL Background Thread 1 ] DEBUG FXGLAssetLoaderServi - Loading from file system: jar:file:///C:/Users/admin/.m2/repository/com/github/almasb/fxgl/17.3/fxgl-17.3.jar!/fxglassets/languages/english.lang
13:57:15.453 [FXGL Background Thread 1 ] INFO  FXGLApplication      - FXGL initialization took: 0.402 sec
13:57:15.455 [JavaFX Application Thread] DEBUG FXGLAssetLoaderServi - Loading from file system: jar:file:///C:/Users/admin/.m2/repository/com/github/almasb/fxgl/17.3/fxgl-17.3.jar!/fxglassets/textures/fxgl_icon.png
13:57:15.469 [JavaFX Application Thread] DEBUG FXGLAssetLoaderServi - Loading from file system: jar:file:///C:/Users/admin/.m2/repository/com/github/almasb/fxgl/17.3/fxgl-17.3.jar!/fxglassets/textures/fxgl_default_cursor.png
13:57:15.479 [JavaFX Application Thread] DEBUG Input                - Registered new binding: Screenshot - CTRL+8
13:57:15.479 [FXGL Background Thread 4 ] DEBUG FXGLAssetLoaderServi - Loading from file system: jar:file:///C:/Users/admin/.m2/repository/com/github/almasb/fxgl/17.3/fxgl-17.3.jar!/fxglassets/ui/fonts/Abel-Regular.ttf
13:57:15.480 [JavaFX Application Thread] DEBUG Input                - Registered new binding: System info dump - CTRL+9
13:57:15.480 [JavaFX Application Thread] DEBUG Input                - Registered new binding: Restart - CTRL+R
13:57:15.480 [JavaFX Application Thread] DEBUG Input                - Registered new binding: Toggle Debug Camera - CTRL+7
13:57:15.483 [JavaFX Application Thread] DEBUG LoopRunner           - Starting loop
13:57:15.483 [JavaFX Application Thread] DEBUG LoopRunner           - Initializing JavaFX AnimationTimerLoop
13:57:15.484 [JavaFX Application Thread] DEBUG GameApplicationServi - Starting new game
13:57:15.484 [JavaFX Application Thread] DEBUG Input                - Clearing active input actions
13:57:15.493 [JavaFX Application Thread] DEBUG GameApplicationServi - Removing overlay from FXGLStartupScene and adding to FXGLLoadingScene
13:57:15.494 [JavaFX Application Thread] DEBUG PrimaryStageWindow   - FXGLStartupScene -> FXGLLoadingScene
13:57:15.494 [FXGL Background Thread 4 ] DEBUG FXGLAssetLoaderServi - Loading from file system: jar:file:///C:/Users/admin/.m2/repository/com/github/almasb/fxgl/17.3/fxgl-17.3.jar!/fxglassets/ui/fonts/TerminalLandMono-Regular.otf
13:57:15.494 [JavaFX Application Thread] DEBUG GameApplicationServi - Clearing previous game
13:57:15.494 [JavaFX Application Thread] DEBUG GameScene            - Clearing game scene
13:57:15.494 [JavaFX Application Thread] DEBUG GameWorld            - Clearing game world
13:57:15.494 [JavaFX Application Thread] DEBUG PhysicsWorld         - Clearing physics world
13:57:15.496 [FXGL Background Thread 1 ] DEBUG FXGLApplication      - Initializing game
13:57:15.510 [FXGL Background Thread 4 ] DEBUG FXGLAssetLoaderServi - Loading from file system: jar:file:///C:/Users/admin/.m2/repository/com/github/almasb/fxgl/17.3/fxgl-17.3.jar!/fxglassets/ui/fonts/Courier-Prime.ttf
13:57:15.533 [JavaFX Application Thread] DEBUG FXGLApplication      - Registering font factories with UI factory
13:57:15.757 [FXGL Background Thread 1 ] DEBUG Input                - Clearing active input actions
13:57:15.757 [FXGL Background Thread 1 ] DEBUG Input                - Registered new binding: Move Up - W
13:57:15.757 [FXGL Background Thread 1 ] DEBUG Input                - Registered new binding: Move Down - S
13:57:15.757 [FXGL Background Thread 1 ] DEBUG Input                - Registered new binding: Move Left - A
13:57:15.759 [FXGL Background Thread 1 ] DEBUG Input                - Registered new binding: Move Right - D
13:57:15.759 [FXGL Background Thread 1 ] DEBUG Input                - Registered new binding: Đặt bom - Space
13:57:15.811 [FXGL Background Thread 1 ] INFO  FXGLApplication      - Game initialization took: 0.315 sec
13:57:15.811 [JavaFX Application Thread] DEBUG Input                - Clearing active input actions
13:57:15.832 [JavaFX Application Thread] DEBUG GameApplicationServi - Removing overlay from FXGLLoadingScene and adding to GameScene
13:57:15.833 [JavaFX Application Thread] DEBUG PrimaryStageWindow   - FXGLLoadingScene -> GameScene
13:57:16.281 [FXGL Background Thread 2 ] INFO  UpdaterService       - Your current version:  17.3
13:57:16.281 [FXGL Background Thread 2 ] INFO  UpdaterService       - Latest stable version: 21.1
13:57:18.431 [FXGL Background Thread 3 ] DEBUG Engine               - Logging environment variables
13:57:18.434 [FXGL Background Thread 3 ] DEBUG Engine               - achievements: []
13:57:18.434 [FXGL Background Thread 3 ] DEBUG Engine               - actualHeight: 480.0
13:57:18.434 [FXGL Background Thread 3 ] DEBUG Engine               - actualHeightProperty: ReadOnlyDoubleProperty [value: 480.0]
13:57:18.435 [FXGL Background Thread 3 ] DEBUG Engine               - actualWidth: 480.0
13:57:18.435 [FXGL Background Thread 3 ] DEBUG Engine               - actualWidthProperty: ReadOnlyDoubleProperty [value: 480.0]
13:57:18.435 [FXGL Background Thread 3 ] DEBUG Engine               - appIcon: fxgl_icon.png
13:57:18.435 [FXGL Background Thread 3 ] DEBUG Engine               - applicationMode: DEVELOPER
13:57:18.435 [FXGL Background Thread 3 ] DEBUG Engine               - cSSList: [fxgl_dark.css]
13:57:18.436 [FXGL Background Thread 3 ] DEBUG Engine               - collisionDetectionStrategy: BRUTE_FORCE
13:57:18.436 [FXGL Background Thread 3 ] DEBUG Engine               - configClass: Optional.empty
13:57:18.437 [FXGL Background Thread 3 ] DEBUG Engine               - credits: []
13:57:18.438 [FXGL Background Thread 3 ] DEBUG Engine               - defaultCursor: CursorInfo(imageName=fxgl_default_cursor.png, hotspotX=7.0, hotspotY=6.0)
13:57:18.438 [FXGL Background Thread 3 ] DEBUG Engine               - devBBoxColorProperty: ObjectProperty [value: 0xff0000ff]
13:57:18.438 [FXGL Background Thread 3 ] DEBUG Engine               - devEnableDebugCameraProperty: BooleanProperty [value: false]
13:57:18.439 [FXGL Background Thread 3 ] DEBUG Engine               - devSensorColorProperty: ObjectProperty [value: 0xffff00ff]
13:57:18.439 [FXGL Background Thread 3 ] DEBUG Engine               - devShowBBoxProperty: BooleanProperty [value: false]
13:57:18.439 [FXGL Background Thread 3 ] DEBUG Engine               - devShowPositionProperty: BooleanProperty [value: false]
13:57:18.439 [FXGL Background Thread 3 ] DEBUG Engine               - enabledMenuItems: []
13:57:18.439 [FXGL Background Thread 3 ] DEBUG Engine               - engineServices: [class com.almasb.fxgl.app.services.FXGLAssetLoaderService, class com.almasb.fxgl.app.FXGLApplication$GameApplicationService, class com.almasb.fxgl.app.services.FXGLDialogService, class com.almasb.fxgl.app.services.IOTaskExecutorService, class com.almasb.fxgl.io.FileSystemService, class com.almasb.fxgl.localization.LocalizationService, class com.almasb.fxgl.app.services.SystemBundleService, class com.almasb.fxgl.profile.SaveLoadService, class com.almasb.fxgl.ui.FXGLUIFactoryServiceProvider, class com.almasb.fxgl.ui.FXGLDialogFactoryServiceProvider, class com.almasb.fxgl.audio.AudioPlayer, class com.almasb.fxgl.notification.impl.NotificationServiceProvider, class com.almasb.fxgl.achievement.AchievementService, class com.almasb.fxgl.cutscene.CutsceneService, class com.almasb.fxgl.minigames.MiniGameService, class com.almasb.fxgl.net.NetService, class com.almasb.fxgl.app.services.UpdaterService, class com.almasb.fxgl.dev.DevService]
13:57:18.439 [FXGL Background Thread 3 ] DEBUG Engine               - fontGame: Abel-Regular.ttf
13:57:18.439 [FXGL Background Thread 3 ] DEBUG Engine               - fontMono: TerminalLandMono-Regular.otf
13:57:18.439 [FXGL Background Thread 3 ] DEBUG Engine               - fontSizeScaleUI: 1.0
13:57:18.439 [FXGL Background Thread 3 ] DEBUG Engine               - fontText: Courier-Prime.ttf
13:57:18.439 [FXGL Background Thread 3 ] DEBUG Engine               - fontUI: VarelaRound-Regular.ttf
13:57:18.439 [FXGL Background Thread 3 ] DEBUG Engine               - fullScreen: BooleanProperty [value: false]
13:57:18.440 [FXGL Background Thread 3 ] DEBUG Engine               - gameDifficulty: MEDIUM
13:57:18.440 [FXGL Background Thread 3 ] DEBUG Engine               - gameDifficultyProperty: ObjectProperty [value: MEDIUM]
13:57:18.440 [FXGL Background Thread 3 ] DEBUG Engine               - globalMusicVolume: 0.5
13:57:18.440 [FXGL Background Thread 3 ] DEBUG Engine               - globalMusicVolumeProperty: DoubleProperty [value: 0.5]
13:57:18.440 [FXGL Background Thread 3 ] DEBUG Engine               - globalSoundVolume: 0.5
13:57:18.440 [FXGL Background Thread 3 ] DEBUG Engine               - globalSoundVolumeProperty: DoubleProperty [value: 0.5]
13:57:18.440 [FXGL Background Thread 3 ] DEBUG Engine               - height: 480
13:57:18.440 [FXGL Background Thread 3 ] DEBUG Engine               - is3D: false
13:57:18.440 [FXGL Background Thread 3 ] DEBUG Engine               - isAndroid: false
13:57:18.440 [FXGL Background Thread 3 ] DEBUG Engine               - isBrowser: false
13:57:18.440 [FXGL Background Thread 3 ] DEBUG Engine               - isClickFeedbackEnabled: false
13:57:18.440 [FXGL Background Thread 3 ] DEBUG Engine               - isCloseConfirmation: false
13:57:18.440 [FXGL Background Thread 3 ] DEBUG Engine               - isDesktop: true
13:57:18.442 [FXGL Background Thread 3 ] DEBUG Engine               - isDeveloperMenuEnabled: false
13:57:18.442 [FXGL Background Thread 3 ] DEBUG Engine               - isEmbedded: false
13:57:18.442 [FXGL Background Thread 3 ] DEBUG Engine               - isEntityPreloadEnabled: true
13:57:18.442 [FXGL Background Thread 3 ] DEBUG Engine               - isExperimentalTiledLargeMap: false
13:57:18.442 [FXGL Background Thread 3 ] DEBUG Engine               - isFileSystemWriteAllowed: true
13:57:18.442 [FXGL Background Thread 3 ] DEBUG Engine               - isFullScreenAllowed: false
13:57:18.442 [FXGL Background Thread 3 ] DEBUG Engine               - isFullScreenFromStart: false
13:57:18.442 [FXGL Background Thread 3 ] DEBUG Engine               - isGameMenuEnabled: true
13:57:18.442 [FXGL Background Thread 3 ] DEBUG Engine               - isIOS: false
13:57:18.442 [FXGL Background Thread 3 ] DEBUG Engine               - isIntroEnabled: false
13:57:18.442 [FXGL Background Thread 3 ] DEBUG Engine               - isLinux: false
13:57:18.443 [FXGL Background Thread 3 ] DEBUG Engine               - isMac: false
13:57:18.443 [FXGL Background Thread 3 ] DEBUG Engine               - isMainMenuEnabled: false
13:57:18.443 [FXGL Background Thread 3 ] DEBUG Engine               - isManualResizeEnabled: false
13:57:18.443 [FXGL Background Thread 3 ] DEBUG Engine               - isMobile: false
13:57:18.443 [FXGL Background Thread 3 ] DEBUG Engine               - isNative: false
13:57:18.443 [FXGL Background Thread 3 ] DEBUG Engine               - isPauseMusicWhenMinimized: true
13:57:18.443 [FXGL Background Thread 3 ] DEBUG Engine               - isPreserveResizeRatio: false
13:57:18.443 [FXGL Background Thread 3 ] DEBUG Engine               - isProfilingEnabled: false
13:57:18.443 [FXGL Background Thread 3 ] DEBUG Engine               - isScaleAffectedOnResize: true
13:57:18.443 [FXGL Background Thread 3 ] DEBUG Engine               - isSingleStep: false
13:57:18.443 [FXGL Background Thread 3 ] DEBUG Engine               - isUserProfileEnabled: false
13:57:18.443 [FXGL Background Thread 3 ] DEBUG Engine               - isWindows: true
13:57:18.443 [FXGL Background Thread 3 ] DEBUG Engine               - language: ObjectProperty [value: ENGLISH]
13:57:18.443 [FXGL Background Thread 3 ] DEBUG Engine               - menuKey: ESCAPE
13:57:18.444 [FXGL Background Thread 3 ] DEBUG Engine               - mouseSensitivity: 0.2
13:57:18.444 [FXGL Background Thread 3 ] DEBUG Engine               - notificationViewClass: class com.almasb.fxgl.notification.view.XboxNotificationView
13:57:18.444 [FXGL Background Thread 3 ] DEBUG Engine               - pixelsPerMeter: 50.0
13:57:18.444 [FXGL Background Thread 3 ] DEBUG Engine               - platform: WINDOWS
13:57:18.444 [FXGL Background Thread 3 ] DEBUG Engine               - prefHeightProperty: ReadOnlyDoubleProperty [value: 480.0]
13:57:18.444 [FXGL Background Thread 3 ] DEBUG Engine               - prefWidthProperty: ReadOnlyDoubleProperty [value: 480.0]
13:57:18.444 [FXGL Background Thread 3 ] DEBUG Engine               - profileDir: profiles/
13:57:18.444 [FXGL Background Thread 3 ] DEBUG Engine               - profileName: StringProperty [value: DEFAULT]
13:57:18.444 [FXGL Background Thread 3 ] DEBUG Engine               - randomSeed: -1
13:57:18.444 [FXGL Background Thread 3 ] DEBUG Engine               - runtimeInfo: RuntimeInfo(platform=WINDOWS, version=17.3, build=30.03.2023 11.49)
13:57:18.445 [FXGL Background Thread 3 ] DEBUG Engine               - saveFileExt: sav
13:57:18.445 [FXGL Background Thread 3 ] DEBUG Engine               - scaledHeightProp$fxgl: DoubleProperty [bound, value: 480.0]
13:57:18.445 [FXGL Background Thread 3 ] DEBUG Engine               - scaledWidthProp$fxgl: DoubleProperty [bound, value: 480.0]
13:57:18.445 [FXGL Background Thread 3 ] DEBUG Engine               - sceneFactory: com.almasb.fxgl.app.scene.SceneFactory@31d12bfd
13:57:18.445 [FXGL Background Thread 3 ] DEBUG Engine               - secondsIn24h: 60
13:57:18.445 [FXGL Background Thread 3 ] DEBUG Engine               - soundMenuBack: menu/back.wav
13:57:18.445 [FXGL Background Thread 3 ] DEBUG Engine               - soundMenuPress: menu/press.wav
13:57:18.445 [FXGL Background Thread 3 ] DEBUG Engine               - soundMenuSelect: menu/select.wav
13:57:18.445 [FXGL Background Thread 3 ] DEBUG Engine               - soundNotification: core/notification.wav
13:57:18.445 [FXGL Background Thread 3 ] DEBUG Engine               - stageStyle: DECORATED
13:57:18.445 [FXGL Background Thread 3 ] DEBUG Engine               - supportedLanguages: [ENGLISH, FRENCH, GERMAN, HUNGARIAN, RUSSIAN]
13:57:18.445 [FXGL Background Thread 3 ] DEBUG Engine               - ticksPerSecond: -1
13:57:18.445 [FXGL Background Thread 3 ] DEBUG Engine               - title: Bomberman Game
13:57:18.445 [FXGL Background Thread 3 ] DEBUG Engine               - urlGithub: https://github.com/AlmasB/FXGL
13:57:18.445 [FXGL Background Thread 3 ] DEBUG Engine               - urlLeaderboard: http://fxgl-top.herokuapp.com/
13:57:18.445 [FXGL Background Thread 3 ] DEBUG Engine               - urlPOM: https://raw.githubusercontent.com/AlmasB/FXGL/release/README.md
13:57:18.445 [FXGL Background Thread 3 ] DEBUG Engine               - userAppClass: class org.example.demo.HelloApplication
13:57:18.445 [FXGL Background Thread 3 ] DEBUG Engine               - version: 1.0
13:57:18.445 [FXGL Background Thread 3 ] DEBUG Engine               - versionCheckDays: 7
13:57:18.445 [FXGL Background Thread 3 ] DEBUG Engine               - width: 480
13:57:18.445 [FXGL Background Thread 3 ] DEBUG Engine               - Logging services
13:57:18.445 [FXGL Background Thread 3 ] DEBUG Engine               - class com.almasb.fxgl.app.services.FXGLAssetLoaderService
13:57:18.445 [FXGL Background Thread 3 ] DEBUG Engine               - class com.almasb.fxgl.app.FXGLApplication$GameApplicationService
13:57:18.445 [FXGL Background Thread 3 ] DEBUG Engine               - class com.almasb.fxgl.app.services.FXGLDialogService
13:57:18.445 [FXGL Background Thread 3 ] DEBUG Engine               - class com.almasb.fxgl.app.services.IOTaskExecutorService
13:57:18.445 [FXGL Background Thread 3 ] DEBUG Engine               - class com.almasb.fxgl.io.FileSystemService
13:57:18.445 [FXGL Background Thread 3 ] DEBUG Engine               - class com.almasb.fxgl.localization.LocalizationService
13:57:18.445 [FXGL Background Thread 3 ] DEBUG Engine               - class com.almasb.fxgl.app.services.SystemBundleService
13:57:18.445 [FXGL Background Thread 3 ] DEBUG Engine               - class com.almasb.fxgl.profile.SaveLoadService
13:57:18.446 [FXGL Background Thread 3 ] DEBUG Engine               - class com.almasb.fxgl.ui.FXGLUIFactoryServiceProvider
13:57:18.446 [FXGL Background Thread 3 ] DEBUG Engine               - class com.almasb.fxgl.ui.FXGLDialogFactoryServiceProvider
13:57:18.446 [FXGL Background Thread 3 ] DEBUG Engine               - class com.almasb.fxgl.audio.AudioPlayer
13:57:18.446 [FXGL Background Thread 3 ] DEBUG Engine               - class com.almasb.fxgl.notification.impl.NotificationServiceProvider
13:57:18.446 [FXGL Background Thread 3 ] DEBUG Engine               - class com.almasb.fxgl.achievement.AchievementService
13:57:18.446 [FXGL Background Thread 3 ] DEBUG Engine               - class com.almasb.fxgl.cutscene.CutsceneService
13:57:18.446 [FXGL Background Thread 3 ] DEBUG Engine               - class com.almasb.fxgl.minigames.MiniGameService
13:57:18.446 [FXGL Background Thread 3 ] DEBUG Engine               - class com.almasb.fxgl.net.NetService
13:57:18.446 [FXGL Background Thread 3 ] DEBUG Engine               - class com.almasb.fxgl.app.services.UpdaterService
13:57:18.446 [FXGL Background Thread 3 ] DEBUG Engine               - class com.almasb.fxgl.dev.DevService
13:57:38.239 [JavaFX Application Thread] DEBUG PrimaryStageWindow   - Push state: DialogSubScene
13:57:38.240 [JavaFX Application Thread] DEBUG Input                - Clearing active input actions
13:57:38.244 [JavaFX Application Thread] DEBUG GameApplicationServi - Removing overlay from GameScene and adding to DialogSubScene
13:57:38.244 [JavaFX Application Thread] DEBUG PrimaryStageWindow   - GameScene -> DialogSubScene
13:57:40.558 [JavaFX Application Thread] DEBUG PrimaryStageWindow   - Pop state: DialogSubScene
13:57:40.559 [JavaFX Application Thread] DEBUG Input                - Clearing active input actions
13:57:40.560 [JavaFX Application Thread] DEBUG GameApplicationServi - Removing overlay from DialogSubScene and adding to GameScene
13:57:40.561 [JavaFX Application Thread] DEBUG PrimaryStageWindow   - GameScene <- DialogSubScene
13:57:40.561 [JavaFX Application Thread] DEBUG FXGLApplication      - Exiting FXGL
13:57:40.561 [JavaFX Application Thread] DEBUG LoopRunner           - Stopping loop
13:57:40.561 [JavaFX Application Thread] DEBUG SystemBundleService  - Saving FXGL system data
13:57:40.570 [JavaFX Application Thread] DEBUG FileSystemAccess     - Writing to: C:\Users\admin\OneDrive\Máy tính\btl\baitaplonOOP\system\fxgl.bundle
13:57:40.573 [JavaFX Application Thread] DEBUG Async                - Shutting down background threads
13:57:40.573 [JavaFX Application Thread] DEBUG PrimaryStageWindow   - Closing main window
13:57:40.594 [JavaFX Application Thread] DEBUG Logger               - Closing Logger
