23:32:38.223 [main                     ] DEBUG Logger               - Configured Logger
23:32:38.256 [main                     ] DEBUG GameApplication      - Logging settings
Title: Bomberman Game
Version: 1.0
Width: 480
Height: 480
Fullscreen: false
Intro: false
Profiling: false
Single step:false
App Mode: DEVELOPER
Menu Key: ESCAPE
Stage Style: DECORATED
Scene Factory: class com.almasb.fxgl.app.scene.SceneFactory

23:32:38.751 [JavaFX Application Thread] DEBUG FXGLApplication      - Initializing FXGL
23:32:38.757 [JavaFX Application Thread] INFO  Engine               - FXGL-17.3 (30.03.2023 11.49) on WINDOWS (J:23.0.2 FX:17.0.6)
23:32:38.758 [JavaFX Application Thread] DEBUG Engine               - JRE Vendor Name: Oracle Corporation
23:32:38.758 [JavaFX Application Thread] DEBUG Engine               - Running on OS: Windows 11 version 10.0
23:32:38.758 [JavaFX Application Thread] DEBUG Engine               - Architecture: amd64
23:32:38.759 [JavaFX Application Thread] INFO  Engine               - Source code and latest versions at: https://github.com/AlmasB/FXGL
23:32:38.759 [JavaFX Application Thread] INFO  Engine               -       Ask questions and discuss at: https://github.com/AlmasB/FXGL/discussions
23:32:38.759 [JavaFX Application Thread] INFO  Engine               -              Join the FXGL chat at: https://gitter.im/AlmasB/FXGL
23:32:38.855 [JavaFX Application Thread] DEBUG PrimaryStageWindow   - Creating a JavaFX scene
23:32:38.902 [JavaFX Application Thread] DEBUG PrimaryStageWindow   - Target settings size: 480.0 x 480.0
23:32:38.902 [JavaFX Application Thread] DEBUG PrimaryStageWindow   - Scaled scene size:    480.0 x 480.0
23:32:38.903 [JavaFX Application Thread] DEBUG PrimaryStageWindow   - Scaled ratio: (1.0, 1.0)
23:32:38.903 [JavaFX Application Thread] DEBUG PrimaryStageWindow   - Set initial scene to FXGLStartupScene
23:32:38.912 [JavaFX Application Thread] DEBUG PrimaryStageWindow   - Opening main window
23:32:39.011 [JavaFX Application Thread] DEBUG PrimaryStageWindow   - Window border size: (14.399993896484375, 37.5999755859375)
23:32:39.011 [JavaFX Application Thread] DEBUG PrimaryStageWindow   - Scaled size: 480.0 x 480.0
23:32:39.012 [JavaFX Application Thread] DEBUG PrimaryStageWindow   - Scaled ratio: (1.0, 1.0)
23:32:39.012 [JavaFX Application Thread] DEBUG PrimaryStageWindow   - Scene size: 480.0 x 480.0
23:32:39.012 [JavaFX Application Thread] DEBUG PrimaryStageWindow   - Stage size: 494.3999938964844 x 517.5999755859375
23:32:39.023 [FXGL Background Thread 1 ] DEBUG Engine               - Initializing environment variables
23:32:39.128 [FXGL Background Thread 1 ] DEBUG FXGLAssetLoaderServi - User app class for loading assets: class org.example.demo.HelloApplication
23:32:39.129 [FXGL Background Thread 1 ] DEBUG GameApplicationServi - Applying CSS: fxgl_dark.css
23:32:39.129 [FXGL Background Thread 1 ] DEBUG FXGLAssetLoaderServi - Loading from file system: jar:file:///C:/Users/PC/.m2/repository/com/github/almasb/fxgl/17.3/fxgl-17.3.jar!/fxglassets/ui/css/fxgl_dark.css
23:32:39.193 [FXGL Background Thread 1 ] DEBUG GameApplicationServi - Initializing application scenes
23:32:39.251 [FXGL Background Thread 1 ] DEBUG GameWorld            - Game world initialized
23:32:39.358 [FXGL Background Thread 1 ] DEBUG PhysicsWorld         - Physics world initialized: appHeight=480, physics.ppm=50.0
23:32:39.358 [FXGL Background Thread 1 ] DEBUG PhysicsWorld         - Using strategy: BRUTE_FORCE
23:32:39.362 [FXGL Background Thread 1 ] DEBUG GameScene            - Game scene initialized: 480x480
23:32:39.377 [FXGL Background Thread 1 ] WARN  FXGL.DefaultMenu     - FXGLDefaultMenu is not designed for resolutions < 800x600
23:32:39.378 [FXGL Background Thread 1 ] DEBUG FXGL.DefaultMenu     - createMenuBodyMainMenu()
23:32:39.392 [FXGL Background Thread 1 ] DEBUG FXGL.DefaultMenu     - createOptionsMenu()
23:32:39.402 [FXGL Background Thread 1 ] DEBUG FXGLAssetLoaderServi - Loading from file system: jar:file:///C:/Users/PC/.m2/repository/com/github/almasb/fxgl/17.3/fxgl-17.3.jar!/fxglassets/textures/particles/smoke.png
23:32:39.527 [FXGL Background Thread 1 ] DEBUG FXGLAssetLoaderServi - Loading from file system: jar:file:///C:/Users/PC/.m2/repository/com/github/almasb/fxgl/17.3/fxgl-17.3.jar!/fxglassets/textures/particles/trace_horizontal.png
23:32:39.563 [FXGL Background Thread 1 ] WARN  FXGL.DefaultMenu     - FXGLDefaultMenu is not designed for resolutions < 800x600
23:32:39.563 [FXGL Background Thread 1 ] DEBUG FXGL.DefaultMenu     - createMenuBodyGameMenu()
23:32:39.565 [FXGL Background Thread 1 ] DEBUG FXGL.DefaultMenu     - createOptionsMenu()
23:32:39.577 [FXGL Background Thread 1 ] DEBUG GameApplicationServi - Application scenes initialized
23:32:39.591 [FXGL Background Thread 1 ] DEBUG SystemBundleService  - Loading FXGL system data
23:32:39.601 [FXGL Background Thread 1 ] DEBUG FileSystemAccess     - Reading from: D:\nguyenquangtruong\system\fxgl.bundle
23:32:39.613 [FXGL Background Thread 1 ] DEBUG SystemBundleService  - Bundle FXGL: {}
23:32:39.613 [FXGL Background Thread 1 ] DEBUG UpdaterService       - Checking for updates
23:32:39.619 [FXGL Background Thread 4 ] DEBUG FXGLApplication      - Loading fonts
23:32:39.620 [FXGL Background Thread 4 ] DEBUG FXGLAssetLoaderServi - Loading from file system: jar:file:///C:/Users/PC/.m2/repository/com/github/almasb/fxgl/17.3/fxgl-17.3.jar!/fxglassets/ui/fonts/VarelaRound-Regular.ttf
23:32:39.621 [FXGL Background Thread 1 ] DEBUG FXGLApplication      - Loading default localization
23:32:39.621 [FXGL Background Thread 1 ] DEBUG FXGLAssetLoaderServi - Loading from file system: jar:file:///C:/Users/PC/.m2/repository/com/github/almasb/fxgl/17.3/fxgl-17.3.jar!/fxglassets/languages/english.lang
23:32:39.673 [FXGL Background Thread 1 ] INFO  FXGLApplication      - FXGL initialization took: 0.650 sec
23:32:39.675 [JavaFX Application Thread] DEBUG Input                - Clearing active input actions
23:32:39.676 [JavaFX Application Thread] DEBUG FXGLAssetLoaderServi - Loading from file system: jar:file:///C:/Users/PC/.m2/repository/com/github/almasb/fxgl/17.3/fxgl-17.3.jar!/fxglassets/textures/fxgl_icon.png
23:32:39.681 [FXGL Background Thread 4 ] DEBUG FXGLAssetLoaderServi - Loading from file system: jar:file:///C:/Users/PC/.m2/repository/com/github/almasb/fxgl/17.3/fxgl-17.3.jar!/fxglassets/ui/fonts/Abel-Regular.ttf
23:32:39.688 [FXGL Background Thread 4 ] DEBUG FXGLAssetLoaderServi - Loading from file system: jar:file:///C:/Users/PC/.m2/repository/com/github/almasb/fxgl/17.3/fxgl-17.3.jar!/fxglassets/ui/fonts/TerminalLandMono-Regular.otf
23:32:39.696 [FXGL Background Thread 4 ] DEBUG FXGLAssetLoaderServi - Loading from file system: jar:file:///C:/Users/PC/.m2/repository/com/github/almasb/fxgl/17.3/fxgl-17.3.jar!/fxglassets/ui/fonts/Courier-Prime.ttf
23:32:39.719 [JavaFX Application Thread] DEBUG FXGLAssetLoaderServi - Loading from file system: jar:file:///C:/Users/PC/.m2/repository/com/github/almasb/fxgl/17.3/fxgl-17.3.jar!/fxglassets/textures/fxgl_default_cursor.png
23:32:39.738 [JavaFX Application Thread] DEBUG Input                - Registered new binding: Screenshot - CTRL+8
23:32:39.740 [JavaFX Application Thread] DEBUG Input                - Registered new binding: System info dump - CTRL+9
23:32:39.741 [JavaFX Application Thread] DEBUG Input                - Registered new binding: Restart - CTRL+R
23:32:39.742 [JavaFX Application Thread] DEBUG Input                - Registered new binding: Toggle Debug Camera - CTRL+7
23:32:39.747 [JavaFX Application Thread] DEBUG LoopRunner           - Starting loop
23:32:39.748 [JavaFX Application Thread] DEBUG LoopRunner           - Initializing JavaFX AnimationTimerLoop
23:32:39.754 [JavaFX Application Thread] DEBUG Input                - Clearing active input actions
23:32:39.766 [JavaFX Application Thread] DEBUG GameApplicationServi - Removing overlay from FXGLStartupScene and adding to FXGLMainMenuDummyScene
23:32:39.767 [JavaFX Application Thread] DEBUG PrimaryStageWindow   - FXGLStartupScene -> FXGLMainMenuDummyScene
23:32:39.767 [JavaFX Application Thread] DEBUG PrimaryStageWindow   - Push state: FXGLDefaultMenu
23:32:39.775 [JavaFX Application Thread] DEBUG Input                - Clearing active input actions
23:32:39.789 [JavaFX Application Thread] DEBUG GameApplicationServi - Removing overlay from FXGLMainMenuDummyScene and adding to FXGLDefaultMenu
23:32:39.790 [JavaFX Application Thread] DEBUG PrimaryStageWindow   - FXGLMainMenuDummyScene -> FXGLDefaultMenu
23:32:39.791 [JavaFX Application Thread] DEBUG FXGLApplication      - Registering font factories with UI factory
23:32:40.974 [FXGL Background Thread 2 ] INFO  UpdaterService       - Your current version:  17.3
23:32:40.975 [FXGL Background Thread 2 ] INFO  UpdaterService       - Latest stable version: 21.1
23:32:42.499 [JavaFX Application Thread] DEBUG Menu                 - fireNewGame()
23:32:42.499 [JavaFX Application Thread] DEBUG GameApplicationServi - Starting new game
23:32:42.501 [JavaFX Application Thread] DEBUG PrimaryStageWindow   - Pop state: FXGLDefaultMenu
23:32:42.501 [JavaFX Application Thread] DEBUG Input                - Clearing active input actions
23:32:42.502 [JavaFX Application Thread] DEBUG GameApplicationServi - Removing overlay from FXGLDefaultMenu and adding to FXGLMainMenuDummyScene
23:32:42.502 [JavaFX Application Thread] DEBUG PrimaryStageWindow   - FXGLMainMenuDummyScene <- FXGLDefaultMenu
23:32:42.503 [JavaFX Application Thread] DEBUG Input                - Clearing active input actions
23:32:42.511 [JavaFX Application Thread] DEBUG GameApplicationServi - Removing overlay from FXGLMainMenuDummyScene and adding to FXGLLoadingScene
23:32:42.511 [JavaFX Application Thread] DEBUG PrimaryStageWindow   - FXGLMainMenuDummyScene -> FXGLLoadingScene
23:32:42.511 [JavaFX Application Thread] DEBUG GameApplicationServi - Clearing previous game
23:32:42.511 [JavaFX Application Thread] DEBUG GameScene            - Clearing game scene
23:32:42.511 [JavaFX Application Thread] DEBUG GameWorld            - Clearing game world
23:32:42.512 [JavaFX Application Thread] DEBUG PhysicsWorld         - Clearing physics world
23:32:42.516 [FXGL Background Thread 2 ] DEBUG FXGLApplication      - Initializing game
23:32:42.517 [FXGL Background Thread 2 ] INFO  FXGLApplication      - Game initialization took: 0.001 sec
23:32:42.546 [JavaFX Application Thread] DEBUG Input                - Clearing active input actions
23:32:42.561 [JavaFX Application Thread] DEBUG GameApplicationServi - Removing overlay from FXGLLoadingScene and adding to GameScene
23:32:42.561 [JavaFX Application Thread] DEBUG PrimaryStageWindow   - FXGLLoadingScene -> GameScene
23:32:42.617 [FXGL Background Thread 3 ] DEBUG Engine               - Logging environment variables
23:32:42.617 [FXGL Background Thread 3 ] DEBUG Engine               - achievements: []
23:32:42.618 [FXGL Background Thread 3 ] DEBUG Engine               - actualHeight: 480.0
23:32:42.618 [FXGL Background Thread 3 ] DEBUG Engine               - actualHeightProperty: ReadOnlyDoubleProperty [value: 480.0]
23:32:42.618 [FXGL Background Thread 3 ] DEBUG Engine               - actualWidth: 480.0
23:32:42.618 [FXGL Background Thread 3 ] DEBUG Engine               - actualWidthProperty: ReadOnlyDoubleProperty [value: 480.0]
23:32:42.618 [FXGL Background Thread 3 ] DEBUG Engine               - appIcon: fxgl_icon.png
23:32:42.618 [FXGL Background Thread 3 ] DEBUG Engine               - applicationMode: DEVELOPER
23:32:42.618 [FXGL Background Thread 3 ] DEBUG Engine               - cSSList: [fxgl_dark.css]
23:32:42.618 [FXGL Background Thread 3 ] DEBUG Engine               - collisionDetectionStrategy: BRUTE_FORCE
23:32:42.618 [FXGL Background Thread 3 ] DEBUG Engine               - configClass: Optional.empty
23:32:42.618 [FXGL Background Thread 3 ] DEBUG Engine               - credits: []
23:32:42.618 [FXGL Background Thread 3 ] DEBUG Engine               - defaultCursor: CursorInfo(imageName=fxgl_default_cursor.png, hotspotX=7.0, hotspotY=6.0)
23:32:42.619 [FXGL Background Thread 3 ] DEBUG Engine               - devBBoxColorProperty: ObjectProperty [value: 0xff0000ff]
23:32:42.619 [FXGL Background Thread 3 ] DEBUG Engine               - devEnableDebugCameraProperty: BooleanProperty [value: false]
23:32:42.619 [FXGL Background Thread 3 ] DEBUG Engine               - devSensorColorProperty: ObjectProperty [value: 0xffff00ff]
23:32:42.619 [FXGL Background Thread 3 ] DEBUG Engine               - devShowBBoxProperty: BooleanProperty [value: false]
23:32:42.619 [FXGL Background Thread 3 ] DEBUG Engine               - devShowPositionProperty: BooleanProperty [value: false]
23:32:42.620 [FXGL Background Thread 3 ] DEBUG Engine               - enabledMenuItems: []
23:32:42.620 [FXGL Background Thread 3 ] DEBUG Engine               - engineServices: [class com.almasb.fxgl.app.services.FXGLAssetLoaderService, class com.almasb.fxgl.app.FXGLApplication$GameApplicationService, class com.almasb.fxgl.app.services.FXGLDialogService, class com.almasb.fxgl.app.services.IOTaskExecutorService, class com.almasb.fxgl.io.FileSystemService, class com.almasb.fxgl.localization.LocalizationService, class com.almasb.fxgl.app.services.SystemBundleService, class com.almasb.fxgl.profile.SaveLoadService, class com.almasb.fxgl.ui.FXGLUIFactoryServiceProvider, class com.almasb.fxgl.ui.FXGLDialogFactoryServiceProvider, class com.almasb.fxgl.audio.AudioPlayer, class com.almasb.fxgl.notification.impl.NotificationServiceProvider, class com.almasb.fxgl.achievement.AchievementService, class com.almasb.fxgl.cutscene.CutsceneService, class com.almasb.fxgl.minigames.MiniGameService, class com.almasb.fxgl.net.NetService, class com.almasb.fxgl.app.services.UpdaterService, class com.almasb.fxgl.dev.DevService]
23:32:42.620 [FXGL Background Thread 3 ] DEBUG Engine               - fontGame: Abel-Regular.ttf
23:32:42.620 [FXGL Background Thread 3 ] DEBUG Engine               - fontMono: TerminalLandMono-Regular.otf
23:32:42.620 [FXGL Background Thread 3 ] DEBUG Engine               - fontSizeScaleUI: 1.0
23:32:42.620 [FXGL Background Thread 3 ] DEBUG Engine               - fontText: Courier-Prime.ttf
23:32:42.620 [FXGL Background Thread 3 ] DEBUG Engine               - fontUI: VarelaRound-Regular.ttf
23:32:42.620 [FXGL Background Thread 3 ] DEBUG Engine               - fullScreen: BooleanProperty [value: false]
23:32:42.620 [FXGL Background Thread 3 ] DEBUG Engine               - gameDifficulty: MEDIUM
23:32:42.620 [FXGL Background Thread 3 ] DEBUG Engine               - gameDifficultyProperty: ObjectProperty [value: MEDIUM]
23:32:42.621 [FXGL Background Thread 3 ] DEBUG Engine               - globalMusicVolume: 0.5
23:32:42.621 [FXGL Background Thread 3 ] DEBUG Engine               - globalMusicVolumeProperty: DoubleProperty [value: 0.5]
23:32:42.621 [FXGL Background Thread 3 ] DEBUG Engine               - globalSoundVolume: 0.5
23:32:42.621 [FXGL Background Thread 3 ] DEBUG Engine               - globalSoundVolumeProperty: DoubleProperty [value: 0.5]
23:32:42.621 [FXGL Background Thread 3 ] DEBUG Engine               - height: 480
23:32:42.621 [FXGL Background Thread 3 ] DEBUG Engine               - is3D: false
23:32:42.621 [FXGL Background Thread 3 ] DEBUG Engine               - isAndroid: false
23:32:42.621 [FXGL Background Thread 3 ] DEBUG Engine               - isBrowser: false
23:32:42.621 [FXGL Background Thread 3 ] DEBUG Engine               - isClickFeedbackEnabled: false
23:32:42.621 [FXGL Background Thread 3 ] DEBUG Engine               - isCloseConfirmation: false
23:32:42.621 [FXGL Background Thread 3 ] DEBUG Engine               - isDesktop: true
23:32:42.622 [FXGL Background Thread 3 ] DEBUG Engine               - isDeveloperMenuEnabled: false
23:32:42.622 [FXGL Background Thread 3 ] DEBUG Engine               - isEmbedded: false
23:32:42.622 [FXGL Background Thread 3 ] DEBUG Engine               - isEntityPreloadEnabled: true
23:32:42.622 [FXGL Background Thread 3 ] DEBUG Engine               - isExperimentalTiledLargeMap: false
23:32:42.622 [FXGL Background Thread 3 ] DEBUG Engine               - isFileSystemWriteAllowed: true
23:32:42.622 [FXGL Background Thread 3 ] DEBUG Engine               - isFullScreenAllowed: false
23:32:42.622 [FXGL Background Thread 3 ] DEBUG Engine               - isFullScreenFromStart: false
23:32:42.622 [FXGL Background Thread 3 ] DEBUG Engine               - isGameMenuEnabled: true
23:32:42.622 [FXGL Background Thread 3 ] DEBUG Engine               - isIOS: false
23:32:42.622 [FXGL Background Thread 3 ] DEBUG Engine               - isIntroEnabled: false
23:32:42.622 [FXGL Background Thread 3 ] DEBUG Engine               - isLinux: false
23:32:42.622 [FXGL Background Thread 3 ] DEBUG Engine               - isMac: false
23:32:42.622 [FXGL Background Thread 3 ] DEBUG Engine               - isMainMenuEnabled: true
23:32:42.622 [FXGL Background Thread 3 ] DEBUG Engine               - isManualResizeEnabled: false
23:32:42.622 [FXGL Background Thread 3 ] DEBUG Engine               - isMobile: false
23:32:42.622 [FXGL Background Thread 3 ] DEBUG Engine               - isNative: false
23:32:42.622 [FXGL Background Thread 3 ] DEBUG Engine               - isPauseMusicWhenMinimized: true
23:32:42.622 [FXGL Background Thread 3 ] DEBUG Engine               - isPreserveResizeRatio: false
23:32:42.622 [FXGL Background Thread 3 ] DEBUG Engine               - isProfilingEnabled: false
23:32:42.623 [FXGL Background Thread 3 ] DEBUG Engine               - isScaleAffectedOnResize: true
23:32:42.623 [FXGL Background Thread 3 ] DEBUG Engine               - isSingleStep: false
23:32:42.623 [FXGL Background Thread 3 ] DEBUG Engine               - isUserProfileEnabled: false
23:32:42.623 [FXGL Background Thread 3 ] DEBUG Engine               - isWindows: true
23:32:42.623 [FXGL Background Thread 3 ] DEBUG Engine               - language: ObjectProperty [value: ENGLISH]
23:32:42.623 [FXGL Background Thread 3 ] DEBUG Engine               - menuKey: ESCAPE
23:32:42.623 [FXGL Background Thread 3 ] DEBUG Engine               - mouseSensitivity: 0.2
23:32:42.623 [FXGL Background Thread 3 ] DEBUG Engine               - notificationViewClass: class com.almasb.fxgl.notification.view.XboxNotificationView
23:32:42.623 [FXGL Background Thread 3 ] DEBUG Engine               - pixelsPerMeter: 50.0
23:32:42.623 [FXGL Background Thread 3 ] DEBUG Engine               - platform: WINDOWS
23:32:42.623 [FXGL Background Thread 3 ] DEBUG Engine               - prefHeightProperty: ReadOnlyDoubleProperty [value: 480.0]
23:32:42.623 [FXGL Background Thread 3 ] DEBUG Engine               - prefWidthProperty: ReadOnlyDoubleProperty [value: 480.0]
23:32:42.623 [FXGL Background Thread 3 ] DEBUG Engine               - profileDir: profiles/
23:32:42.623 [FXGL Background Thread 3 ] DEBUG Engine               - profileName: StringProperty [value: DEFAULT]
23:32:42.623 [FXGL Background Thread 3 ] DEBUG Engine               - randomSeed: -1
23:32:42.624 [FXGL Background Thread 3 ] DEBUG Engine               - runtimeInfo: RuntimeInfo(platform=WINDOWS, version=17.3, build=30.03.2023 11.49)
23:32:42.624 [FXGL Background Thread 3 ] DEBUG Engine               - saveFileExt: sav
23:32:42.624 [FXGL Background Thread 3 ] DEBUG Engine               - scaledHeightProp$fxgl: DoubleProperty [bound, value: 480.0]
23:32:42.624 [FXGL Background Thread 3 ] DEBUG Engine               - scaledWidthProp$fxgl: DoubleProperty [bound, value: 480.0]
23:32:42.624 [FXGL Background Thread 3 ] DEBUG Engine               - sceneFactory: com.almasb.fxgl.app.scene.SceneFactory@45f012f6
23:32:42.624 [FXGL Background Thread 3 ] DEBUG Engine               - secondsIn24h: 60
23:32:42.624 [FXGL Background Thread 3 ] DEBUG Engine               - soundMenuBack: menu/back.wav
23:32:42.624 [FXGL Background Thread 3 ] DEBUG Engine               - soundMenuPress: menu/press.wav
23:32:42.624 [FXGL Background Thread 3 ] DEBUG Engine               - soundMenuSelect: menu/select.wav
23:32:42.624 [FXGL Background Thread 3 ] DEBUG Engine               - soundNotification: core/notification.wav
23:32:42.624 [FXGL Background Thread 3 ] DEBUG Engine               - stageStyle: DECORATED
23:32:42.624 [FXGL Background Thread 3 ] DEBUG Engine               - supportedLanguages: [ENGLISH, FRENCH, GERMAN, HUNGARIAN, RUSSIAN]
23:32:42.624 [FXGL Background Thread 3 ] DEBUG Engine               - ticksPerSecond: -1
23:32:42.624 [FXGL Background Thread 3 ] DEBUG Engine               - title: Bomberman Game
23:32:42.624 [FXGL Background Thread 3 ] DEBUG Engine               - urlGithub: https://github.com/AlmasB/FXGL
23:32:42.624 [FXGL Background Thread 3 ] DEBUG Engine               - urlLeaderboard: http://fxgl-top.herokuapp.com/
23:32:42.625 [FXGL Background Thread 3 ] DEBUG Engine               - urlPOM: https://raw.githubusercontent.com/AlmasB/FXGL/release/README.md
23:32:42.625 [FXGL Background Thread 3 ] DEBUG Engine               - userAppClass: class org.example.demo.HelloApplication
23:32:42.625 [FXGL Background Thread 3 ] DEBUG Engine               - version: 1.0
23:32:42.625 [FXGL Background Thread 3 ] DEBUG Engine               - versionCheckDays: 7
23:32:42.625 [FXGL Background Thread 3 ] DEBUG Engine               - width: 480
23:32:42.625 [FXGL Background Thread 3 ] DEBUG Engine               - Logging services
23:32:42.625 [FXGL Background Thread 3 ] DEBUG Engine               - class com.almasb.fxgl.app.services.FXGLAssetLoaderService
23:32:42.625 [FXGL Background Thread 3 ] DEBUG Engine               - class com.almasb.fxgl.app.FXGLApplication$GameApplicationService
23:32:42.625 [FXGL Background Thread 3 ] DEBUG Engine               - class com.almasb.fxgl.app.services.FXGLDialogService
23:32:42.625 [FXGL Background Thread 3 ] DEBUG Engine               - class com.almasb.fxgl.app.services.IOTaskExecutorService
23:32:42.625 [FXGL Background Thread 3 ] DEBUG Engine               - class com.almasb.fxgl.io.FileSystemService
23:32:42.625 [FXGL Background Thread 3 ] DEBUG Engine               - class com.almasb.fxgl.localization.LocalizationService
23:32:42.625 [FXGL Background Thread 3 ] DEBUG Engine               - class com.almasb.fxgl.app.services.SystemBundleService
23:32:42.625 [FXGL Background Thread 3 ] DEBUG Engine               - class com.almasb.fxgl.profile.SaveLoadService
23:32:42.625 [FXGL Background Thread 3 ] DEBUG Engine               - class com.almasb.fxgl.ui.FXGLUIFactoryServiceProvider
23:32:42.625 [FXGL Background Thread 3 ] DEBUG Engine               - class com.almasb.fxgl.ui.FXGLDialogFactoryServiceProvider
23:32:42.625 [FXGL Background Thread 3 ] DEBUG Engine               - class com.almasb.fxgl.audio.AudioPlayer
23:32:42.625 [FXGL Background Thread 3 ] DEBUG Engine               - class com.almasb.fxgl.notification.impl.NotificationServiceProvider
23:32:42.625 [FXGL Background Thread 3 ] DEBUG Engine               - class com.almasb.fxgl.achievement.AchievementService
23:32:42.625 [FXGL Background Thread 3 ] DEBUG Engine               - class com.almasb.fxgl.cutscene.CutsceneService
23:32:42.625 [FXGL Background Thread 3 ] DEBUG Engine               - class com.almasb.fxgl.minigames.MiniGameService
23:32:42.625 [FXGL Background Thread 3 ] DEBUG Engine               - class com.almasb.fxgl.net.NetService
23:32:42.625 [FXGL Background Thread 3 ] DEBUG Engine               - class com.almasb.fxgl.app.services.UpdaterService
23:32:42.625 [FXGL Background Thread 3 ] DEBUG Engine               - class com.almasb.fxgl.dev.DevService
23:32:50.060 [JavaFX Application Thread] DEBUG FXGLApplication      - Exiting FXGL
23:32:50.061 [JavaFX Application Thread] DEBUG LoopRunner           - Stopping loop
23:32:50.061 [JavaFX Application Thread] DEBUG SystemBundleService  - Saving FXGL system data
23:32:50.065 [JavaFX Application Thread] DEBUG FileSystemAccess     - Writing to: D:\nguyenquangtruong\system\fxgl.bundle
23:32:50.068 [JavaFX Application Thread] DEBUG Async                - Shutting down background threads
23:32:50.069 [JavaFX Application Thread] DEBUG PrimaryStageWindow   - Closing main window
23:32:50.107 [JavaFX Application Thread] DEBUG Logger               - Closing Logger
