16:44:47.840 [main                     ] DEBUG Logger               - Configured Logger
16:44:47.862 [main                     ] DEBUG GameApplication      - Logging settings
Title: Bomberman Game
Version: 1.0
Width: 480
Height: 480
Fullscreen: false
Intro: false
Profiling: false
Single step:false
App Mode: DEVELOPER
Menu Key: ESCAPE
Stage Style: DECORATED
Scene Factory: class com.almasb.fxgl.app.scene.SceneFactory

16:44:48.163 [JavaFX Application Thread] DEBUG FXGLApplication      - Initializing FXGL
16:44:48.166 [JavaFX Application Thread] INFO  Engine               - FXGL-17.3 (30.03.2023 11.49) on WINDOWS (J:23.0.2 FX:17.0.6)
16:44:48.168 [JavaFX Application Thread] DEBUG Engine               - JRE Vendor Name: Oracle Corporation
16:44:48.168 [JavaFX Application Thread] DEBUG Engine               - Running on OS: Windows 11 version 10.0
16:44:48.168 [JavaFX Application Thread] DEBUG Engine               - Architecture: amd64
16:44:48.168 [JavaFX Application Thread] INFO  Engine               - Source code and latest versions at: https://github.com/AlmasB/FXGL
16:44:48.168 [JavaFX Application Thread] INFO  Engine               -       Ask questions and discuss at: https://github.com/AlmasB/FXGL/discussions
16:44:48.168 [JavaFX Application Thread] INFO  Engine               -              Join the FXGL chat at: https://gitter.im/AlmasB/FXGL
16:44:48.242 [JavaFX Application Thread] DEBUG PrimaryStageWindow   - Creating a JavaFX scene
16:44:48.285 [JavaFX Application Thread] DEBUG PrimaryStageWindow   - Target settings size: 480.0 x 480.0
16:44:48.285 [JavaFX Application Thread] DEBUG PrimaryStageWindow   - Scaled scene size:    480.0 x 480.0
16:44:48.286 [JavaFX Application Thread] DEBUG PrimaryStageWindow   - Scaled ratio: (1.0, 1.0)
16:44:48.286 [JavaFX Application Thread] DEBUG PrimaryStageWindow   - Set initial scene to FXGLStartupScene
16:44:48.292 [JavaFX Application Thread] DEBUG PrimaryStageWindow   - Opening main window
16:44:48.362 [JavaFX Application Thread] DEBUG PrimaryStageWindow   - Window border size: (14.666656494140625, 37.33331298828125)
16:44:48.362 [JavaFX Application Thread] DEBUG PrimaryStageWindow   - Scaled size: 480.0 x 480.0
16:44:48.362 [JavaFX Application Thread] DEBUG PrimaryStageWindow   - Scaled ratio: (1.0, 1.0)
16:44:48.362 [JavaFX Application Thread] DEBUG PrimaryStageWindow   - Scene size: 480.0 x 480.0
16:44:48.362 [JavaFX Application Thread] DEBUG PrimaryStageWindow   - Stage size: 494.6666564941406 x 517.3333129882812
16:44:48.368 [FXGL Background Thread 1 ] DEBUG Engine               - Initializing environment variables
16:44:48.443 [FXGL Background Thread 1 ] DEBUG FXGLAssetLoaderServi - User app class for loading assets: class org.example.demo.HelloApplication
16:44:48.443 [FXGL Background Thread 1 ] DEBUG GameApplicationServi - Applying CSS: fxgl_dark.css
16:44:48.443 [FXGL Background Thread 1 ] DEBUG FXGLAssetLoaderServi - Loading from file system: jar:file:///C:/Users/admin/.m2/repository/com/github/almasb/fxgl/17.3/fxgl-17.3.jar!/fxglassets/ui/css/fxgl_dark.css
16:44:48.483 [FXGL Background Thread 1 ] DEBUG GameApplicationServi - Initializing application scenes
16:44:48.518 [FXGL Background Thread 1 ] DEBUG GameWorld            - Game world initialized
16:44:48.587 [FXGL Background Thread 1 ] DEBUG PhysicsWorld         - Physics world initialized: appHeight=480, physics.ppm=50.0
16:44:48.587 [FXGL Background Thread 1 ] DEBUG PhysicsWorld         - Using strategy: BRUTE_FORCE
16:44:48.591 [FXGL Background Thread 1 ] DEBUG GameScene            - Game scene initialized: 480x480
16:44:48.601 [FXGL Background Thread 1 ] WARN  FXGL.DefaultMenu     - FXGLDefaultMenu is not designed for resolutions < 800x600
16:44:48.601 [FXGL Background Thread 1 ] DEBUG FXGL.DefaultMenu     - createMenuBodyGameMenu()
16:44:48.615 [FXGL Background Thread 1 ] DEBUG FXGL.DefaultMenu     - createOptionsMenu()
16:44:48.624 [FXGL Background Thread 1 ] DEBUG FXGLAssetLoaderServi - Loading from file system: jar:file:///C:/Users/admin/.m2/repository/com/github/almasb/fxgl/17.3/fxgl-17.3.jar!/fxglassets/textures/particles/smoke.png
16:44:48.714 [FXGL Background Thread 1 ] DEBUG FXGLAssetLoaderServi - Loading from file system: jar:file:///C:/Users/admin/.m2/repository/com/github/almasb/fxgl/17.3/fxgl-17.3.jar!/fxglassets/textures/particles/trace_horizontal.png
16:44:48.740 [FXGL Background Thread 1 ] DEBUG GameApplicationServi - Application scenes initialized
16:44:48.750 [FXGL Background Thread 1 ] DEBUG SystemBundleService  - Loading FXGL system data
16:44:48.753 [FXGL Background Thread 1 ] DEBUG FileSystemAccess     - Reading from: C:\Users\admin\OneDrive\Máy tính\btl\baitaplonOOP\system\fxgl.bundle
16:44:48.758 [FXGL Background Thread 1 ] DEBUG SystemBundleService  - Bundle FXGL: {}
16:44:48.758 [FXGL Background Thread 1 ] DEBUG UpdaterService       - Checking for updates
16:44:48.763 [FXGL Background Thread 4 ] DEBUG FXGLApplication      - Loading fonts
16:44:48.764 [FXGL Background Thread 1 ] DEBUG FXGLApplication      - Loading default localization
16:44:48.764 [FXGL Background Thread 4 ] DEBUG FXGLAssetLoaderServi - Loading from file system: jar:file:///C:/Users/admin/.m2/repository/com/github/almasb/fxgl/17.3/fxgl-17.3.jar!/fxglassets/ui/fonts/VarelaRound-Regular.ttf
16:44:48.784 [FXGL Background Thread 1 ] INFO  FXGLApplication      - FXGL initialization took: 0.416 sec
16:44:48.784 [JavaFX Application Thread] DEBUG Input                - Clearing active input actions
16:44:48.795 [JavaFX Application Thread] DEBUG Input                - Registered new binding: Move Up - W
16:44:48.796 [JavaFX Application Thread] DEBUG Input                - Registered new binding: Move Down - S
16:44:48.796 [JavaFX Application Thread] DEBUG Input                - Registered new binding: Move Left - A
16:44:48.796 [JavaFX Application Thread] DEBUG Input                - Registered new binding: Move Right - D
16:44:48.796 [JavaFX Application Thread] DEBUG FXGLAssetLoaderServi - Loading from file system: jar:file:///C:/Users/admin/.m2/repository/com/github/almasb/fxgl/17.3/fxgl-17.3.jar!/fxglassets/textures/fxgl_icon.png
16:44:48.808 [FXGL Background Thread 4 ] DEBUG FXGLAssetLoaderServi - Loading from file system: jar:file:///C:/Users/admin/.m2/repository/com/github/almasb/fxgl/17.3/fxgl-17.3.jar!/fxglassets/ui/fonts/Abel-Regular.ttf
16:44:48.813 [JavaFX Application Thread] DEBUG FXGLAssetLoaderServi - Loading from file system: jar:file:///C:/Users/admin/.m2/repository/com/github/almasb/fxgl/17.3/fxgl-17.3.jar!/fxglassets/textures/fxgl_default_cursor.png
16:44:48.816 [JavaFX Application Thread] DEBUG Input                - Registered new binding: Screenshot - CTRL+8
16:44:48.816 [JavaFX Application Thread] DEBUG Input                - Registered new binding: System info dump - CTRL+9
16:44:48.817 [JavaFX Application Thread] DEBUG Input                - Registered new binding: Restart - CTRL+R
16:44:48.817 [JavaFX Application Thread] DEBUG Input                - Registered new binding: Toggle Debug Camera - CTRL+7
16:44:48.822 [JavaFX Application Thread] DEBUG LoopRunner           - Starting loop
16:44:48.822 [JavaFX Application Thread] DEBUG LoopRunner           - Initializing JavaFX AnimationTimerLoop
16:44:48.823 [JavaFX Application Thread] DEBUG GameApplicationServi - Starting new game
16:44:48.823 [FXGL Background Thread 4 ] DEBUG FXGLAssetLoaderServi - Loading from file system: jar:file:///C:/Users/admin/.m2/repository/com/github/almasb/fxgl/17.3/fxgl-17.3.jar!/fxglassets/ui/fonts/TerminalLandMono-Regular.otf
16:44:48.823 [JavaFX Application Thread] DEBUG Input                - Clearing active input actions
16:44:48.832 [JavaFX Application Thread] DEBUG GameApplicationServi - Removing overlay from FXGLStartupScene and adding to FXGLLoadingScene
16:44:48.834 [JavaFX Application Thread] DEBUG PrimaryStageWindow   - FXGLStartupScene -> FXGLLoadingScene
16:44:48.834 [JavaFX Application Thread] DEBUG GameApplicationServi - Clearing previous game
16:44:48.834 [JavaFX Application Thread] DEBUG GameScene            - Clearing game scene
16:44:48.834 [JavaFX Application Thread] DEBUG GameWorld            - Clearing game world
16:44:48.834 [JavaFX Application Thread] DEBUG PhysicsWorld         - Clearing physics world
16:44:48.835 [FXGL Background Thread 4 ] DEBUG FXGLAssetLoaderServi - Loading from file system: jar:file:///C:/Users/admin/.m2/repository/com/github/almasb/fxgl/17.3/fxgl-17.3.jar!/fxglassets/ui/fonts/Courier-Prime.ttf
16:44:48.836 [FXGL Background Thread 1 ] DEBUG FXGLApplication      - Initializing game
16:44:48.877 [JavaFX Application Thread] DEBUG FXGLApplication      - Registering font factories with UI factory
16:44:49.024 [JavaFX Application Thread] DEBUG LoopRunner           - Stopping loop
16:44:49.025 [JavaFX Application Thread] FATAL FXGLApplication      - Uncaught Exception:
java.lang.RuntimeException: Initialization failed
	at com.almasb.fxgl.all@17.3/com.almasb.fxgl.app.FXGLApplication$InitAppTask.failed(FXGLApplication.kt:343)
	at javafx.graphics/javafx.concurrent.Task.setState(Task.java:710)
	at javafx.graphics/javafx.concurrent.Task$TaskCallable.lambda$call$2(Task.java:1456)
	at javafx.graphics/com.sun.javafx.application.PlatformImpl.lambda$runLater$10(PlatformImpl.java:457)
	at java.base/java.security.AccessController.doPrivileged(AccessController.java:400)
	at javafx.graphics/com.sun.javafx.application.PlatformImpl.lambda$runLater$11(PlatformImpl.java:456)
	at javafx.graphics/com.sun.glass.ui.InvokeLaterDispatcher$Future.run(InvokeLaterDispatcher.java:96)
	at javafx.graphics/com.sun.glass.ui.win.WinApplication._runLoop(Native Method)
	at javafx.graphics/com.sun.glass.ui.win.WinApplication.lambda$runLoop$3(WinApplication.java:184)
	at java.base/java.lang.Thread.run(Thread.java:1575)
Caused by: java.lang.NullPointerException: Cannot load from object array because "this.map" is null
	at org.example.demo/org.example.demo.Enemy.canMove(Enemy.java:31)
	at org.example.demo/org.example.demo.Balloon.moveBalloon(Balloon.java:61)
	at org.example.demo/org.example.demo.Balloon.onAdded(Balloon.java:24)
	at com.almasb.fxgl.entity@17.3/com.almasb.fxgl.entity.Entity.addComponentNoChecks(Entity.java:401)
	at com.almasb.fxgl.entity@17.3/com.almasb.fxgl.entity.Entity.addComponent(Entity.java:393)
	at com.almasb.fxgl.all@17.3/com.almasb.fxgl.dsl.EntityBuilder.with(EntityBuilder.kt:202)
	at org.example.demo/org.example.demo.GameInitializerMap.spawnEnemy(GameInitializerMap.java:126)
	at org.example.demo/org.example.demo.GameInitializerMap.spawnEnemies(GameInitializerMap.java:104)
	at org.example.demo/org.example.demo.GameInitializerMap.initGame(GameInitializerMap.java:96)
	at org.example.demo/org.example.demo.BombermanApp.initGame(BombermanApp.java:49)
	at com.almasb.fxgl.all@17.3/com.almasb.fxgl.app.FXGLApplication$InitAppTask.initGame(FXGLApplication.kt:339)
	at com.almasb.fxgl.all@17.3/com.almasb.fxgl.app.FXGLApplication$InitAppTask.call(FXGLApplication.kt:319)
	at com.almasb.fxgl.all@17.3/com.almasb.fxgl.app.FXGLApplication$InitAppTask.call(FXGLApplication.kt:311)
	at javafx.graphics/javafx.concurrent.Task$TaskCallable.call(Task.java:1426)
	at java.base/java.util.concurrent.FutureTask.run(FutureTask.java:317)
	at java.base/java.util.concurrent.Executors$RunnableAdapter.call(Executors.java:572)
	at java.base/java.util.concurrent.FutureTask.run(FutureTask.java:317)
	at java.base/java.util.concurrent.ThreadPoolExecutor.runWorker(ThreadPoolExecutor.java:1144)
	at java.base/java.util.concurrent.ThreadPoolExecutor$Worker.run(ThreadPoolExecutor.java:642)
	... 1 more

16:44:49.025 [JavaFX Application Thread] FATAL FXGLApplication      - Application will now exit
16:44:49.038 [JavaFX Application Thread] DEBUG PrimaryStageWindow   - Push state: ErrorSubScene
16:44:49.040 [JavaFX Application Thread] DEBUG Input                - Clearing active input actions
16:44:49.043 [JavaFX Application Thread] DEBUG GameApplicationServi - Removing overlay from FXGLLoadingScene and adding to ErrorSubScene
16:44:49.043 [JavaFX Application Thread] DEBUG PrimaryStageWindow   - FXGLLoadingScene -> ErrorSubScene
16:44:49.311 [FXGL Background Thread 2 ] INFO  UpdaterService       - Your current version:  17.3
16:44:49.311 [FXGL Background Thread 2 ] INFO  UpdaterService       - Latest stable version: 21.1
16:44:51.762 [FXGL Background Thread 3 ] DEBUG Engine               - Logging environment variables
16:44:51.764 [FXGL Background Thread 3 ] DEBUG Engine               - achievements: []
16:44:51.764 [FXGL Background Thread 3 ] DEBUG Engine               - actualHeight: 480.0
16:44:51.764 [FXGL Background Thread 3 ] DEBUG Engine               - actualHeightProperty: ReadOnlyDoubleProperty [value: 480.0]
16:44:51.764 [FXGL Background Thread 3 ] DEBUG Engine               - actualWidth: 480.0
16:44:51.765 [FXGL Background Thread 3 ] DEBUG Engine               - actualWidthProperty: ReadOnlyDoubleProperty [value: 480.0]
16:44:51.765 [FXGL Background Thread 3 ] DEBUG Engine               - appIcon: fxgl_icon.png
16:44:51.765 [FXGL Background Thread 3 ] DEBUG Engine               - applicationMode: DEVELOPER
16:44:51.765 [FXGL Background Thread 3 ] DEBUG Engine               - cSSList: [fxgl_dark.css]
16:44:51.765 [FXGL Background Thread 3 ] DEBUG Engine               - collisionDetectionStrategy: BRUTE_FORCE
16:44:51.765 [FXGL Background Thread 3 ] DEBUG Engine               - configClass: Optional.empty
16:44:51.766 [FXGL Background Thread 3 ] DEBUG Engine               - credits: []
16:44:51.766 [FXGL Background Thread 3 ] DEBUG Engine               - defaultCursor: CursorInfo(imageName=fxgl_default_cursor.png, hotspotX=7.0, hotspotY=6.0)
16:44:51.767 [FXGL Background Thread 3 ] DEBUG Engine               - devBBoxColorProperty: ObjectProperty [value: 0xff0000ff]
16:44:51.767 [FXGL Background Thread 3 ] DEBUG Engine               - devEnableDebugCameraProperty: BooleanProperty [value: false]
16:44:51.767 [FXGL Background Thread 3 ] DEBUG Engine               - devSensorColorProperty: ObjectProperty [value: 0xffff00ff]
16:44:51.767 [FXGL Background Thread 3 ] DEBUG Engine               - devShowBBoxProperty: BooleanProperty [value: false]
16:44:51.767 [FXGL Background Thread 3 ] DEBUG Engine               - devShowPositionProperty: BooleanProperty [value: false]
16:44:51.767 [FXGL Background Thread 3 ] DEBUG Engine               - enabledMenuItems: []
16:44:51.768 [FXGL Background Thread 3 ] DEBUG Engine               - engineServices: [class com.almasb.fxgl.app.services.FXGLAssetLoaderService, class com.almasb.fxgl.app.FXGLApplication$GameApplicationService, class com.almasb.fxgl.app.services.FXGLDialogService, class com.almasb.fxgl.app.services.IOTaskExecutorService, class com.almasb.fxgl.io.FileSystemService, class com.almasb.fxgl.localization.LocalizationService, class com.almasb.fxgl.app.services.SystemBundleService, class com.almasb.fxgl.profile.SaveLoadService, class com.almasb.fxgl.ui.FXGLUIFactoryServiceProvider, class com.almasb.fxgl.ui.FXGLDialogFactoryServiceProvider, class com.almasb.fxgl.audio.AudioPlayer, class com.almasb.fxgl.notification.impl.NotificationServiceProvider, class com.almasb.fxgl.achievement.AchievementService, class com.almasb.fxgl.cutscene.CutsceneService, class com.almasb.fxgl.minigames.MiniGameService, class com.almasb.fxgl.net.NetService, class com.almasb.fxgl.app.services.UpdaterService, class com.almasb.fxgl.dev.DevService]
16:44:51.768 [FXGL Background Thread 3 ] DEBUG Engine               - fontGame: Abel-Regular.ttf
16:44:51.768 [FXGL Background Thread 3 ] DEBUG Engine               - fontMono: TerminalLandMono-Regular.otf
16:44:51.768 [FXGL Background Thread 3 ] DEBUG Engine               - fontSizeScaleUI: 1.0
16:44:51.768 [FXGL Background Thread 3 ] DEBUG Engine               - fontText: Courier-Prime.ttf
16:44:51.768 [FXGL Background Thread 3 ] DEBUG Engine               - fontUI: VarelaRound-Regular.ttf
16:44:51.768 [FXGL Background Thread 3 ] DEBUG Engine               - fullScreen: BooleanProperty [value: false]
16:44:51.768 [FXGL Background Thread 3 ] DEBUG Engine               - gameDifficulty: MEDIUM
16:44:51.768 [FXGL Background Thread 3 ] DEBUG Engine               - gameDifficultyProperty: ObjectProperty [value: MEDIUM]
16:44:51.768 [FXGL Background Thread 3 ] DEBUG Engine               - globalMusicVolume: 0.5
16:44:51.769 [FXGL Background Thread 3 ] DEBUG Engine               - globalMusicVolumeProperty: DoubleProperty [value: 0.5]
16:44:51.769 [FXGL Background Thread 3 ] DEBUG Engine               - globalSoundVolume: 0.5
16:44:51.769 [FXGL Background Thread 3 ] DEBUG Engine               - globalSoundVolumeProperty: DoubleProperty [value: 0.5]
16:44:51.769 [FXGL Background Thread 3 ] DEBUG Engine               - height: 480
16:44:51.769 [FXGL Background Thread 3 ] DEBUG Engine               - is3D: false
16:44:51.769 [FXGL Background Thread 3 ] DEBUG Engine               - isAndroid: false
16:44:51.769 [FXGL Background Thread 3 ] DEBUG Engine               - isBrowser: false
16:44:51.769 [FXGL Background Thread 3 ] DEBUG Engine               - isClickFeedbackEnabled: false
16:44:51.769 [FXGL Background Thread 3 ] DEBUG Engine               - isCloseConfirmation: false
16:44:51.769 [FXGL Background Thread 3 ] DEBUG Engine               - isDesktop: true
16:44:51.770 [FXGL Background Thread 3 ] DEBUG Engine               - isDeveloperMenuEnabled: false
16:44:51.770 [FXGL Background Thread 3 ] DEBUG Engine               - isEmbedded: false
16:44:51.770 [FXGL Background Thread 3 ] DEBUG Engine               - isEntityPreloadEnabled: true
16:44:51.770 [FXGL Background Thread 3 ] DEBUG Engine               - isExperimentalTiledLargeMap: false
16:44:51.770 [FXGL Background Thread 3 ] DEBUG Engine               - isFileSystemWriteAllowed: true
16:44:51.771 [FXGL Background Thread 3 ] DEBUG Engine               - isFullScreenAllowed: false
16:44:51.771 [FXGL Background Thread 3 ] DEBUG Engine               - isFullScreenFromStart: false
16:44:51.771 [FXGL Background Thread 3 ] DEBUG Engine               - isGameMenuEnabled: true
16:44:51.771 [FXGL Background Thread 3 ] DEBUG Engine               - isIOS: false
16:44:51.771 [FXGL Background Thread 3 ] DEBUG Engine               - isIntroEnabled: false
16:44:51.771 [FXGL Background Thread 3 ] DEBUG Engine               - isLinux: false
16:44:51.772 [FXGL Background Thread 3 ] DEBUG Engine               - isMac: false
16:44:51.772 [FXGL Background Thread 3 ] DEBUG Engine               - isMainMenuEnabled: false
16:44:51.772 [FXGL Background Thread 3 ] DEBUG Engine               - isManualResizeEnabled: false
16:44:51.772 [FXGL Background Thread 3 ] DEBUG Engine               - isMobile: false
16:44:51.772 [FXGL Background Thread 3 ] DEBUG Engine               - isNative: false
16:44:51.772 [FXGL Background Thread 3 ] DEBUG Engine               - isPauseMusicWhenMinimized: true
16:44:51.772 [FXGL Background Thread 3 ] DEBUG Engine               - isPreserveResizeRatio: false
16:44:51.772 [FXGL Background Thread 3 ] DEBUG Engine               - isProfilingEnabled: false
16:44:51.772 [FXGL Background Thread 3 ] DEBUG Engine               - isScaleAffectedOnResize: true
16:44:51.772 [FXGL Background Thread 3 ] DEBUG Engine               - isSingleStep: false
16:44:51.772 [FXGL Background Thread 3 ] DEBUG Engine               - isUserProfileEnabled: false
16:44:51.772 [FXGL Background Thread 3 ] DEBUG Engine               - isWindows: true
16:44:51.772 [FXGL Background Thread 3 ] DEBUG Engine               - language: ObjectProperty [value: ENGLISH]
16:44:51.773 [FXGL Background Thread 3 ] DEBUG Engine               - menuKey: ESCAPE
16:44:51.773 [FXGL Background Thread 3 ] DEBUG Engine               - mouseSensitivity: 0.2
16:44:51.773 [FXGL Background Thread 3 ] DEBUG Engine               - notificationViewClass: class com.almasb.fxgl.notification.view.XboxNotificationView
16:44:51.773 [FXGL Background Thread 3 ] DEBUG Engine               - pixelsPerMeter: 50.0
16:44:51.773 [FXGL Background Thread 3 ] DEBUG Engine               - platform: WINDOWS
16:44:51.773 [FXGL Background Thread 3 ] DEBUG Engine               - prefHeightProperty: ReadOnlyDoubleProperty [value: 480.0]
16:44:51.773 [FXGL Background Thread 3 ] DEBUG Engine               - prefWidthProperty: ReadOnlyDoubleProperty [value: 480.0]
16:44:51.773 [FXGL Background Thread 3 ] DEBUG Engine               - profileDir: profiles/
16:44:51.773 [FXGL Background Thread 3 ] DEBUG Engine               - profileName: StringProperty [value: DEFAULT]
16:44:51.773 [FXGL Background Thread 3 ] DEBUG Engine               - randomSeed: -1
16:44:51.773 [FXGL Background Thread 3 ] DEBUG Engine               - runtimeInfo: RuntimeInfo(platform=WINDOWS, version=17.3, build=30.03.2023 11.49)
16:44:51.774 [FXGL Background Thread 3 ] DEBUG Engine               - saveFileExt: sav
16:44:51.774 [FXGL Background Thread 3 ] DEBUG Engine               - scaledHeightProp$fxgl: DoubleProperty [bound, value: 480.0]
16:44:51.774 [FXGL Background Thread 3 ] DEBUG Engine               - scaledWidthProp$fxgl: DoubleProperty [bound, value: 480.0]
16:44:51.774 [FXGL Background Thread 3 ] DEBUG Engine               - sceneFactory: com.almasb.fxgl.app.scene.SceneFactory@686476f4
16:44:51.774 [FXGL Background Thread 3 ] DEBUG Engine               - secondsIn24h: 60
16:44:51.774 [FXGL Background Thread 3 ] DEBUG Engine               - soundMenuBack: menu/back.wav
16:44:51.774 [FXGL Background Thread 3 ] DEBUG Engine               - soundMenuPress: menu/press.wav
16:44:51.774 [FXGL Background Thread 3 ] DEBUG Engine               - soundMenuSelect: menu/select.wav
16:44:51.774 [FXGL Background Thread 3 ] DEBUG Engine               - soundNotification: core/notification.wav
16:44:51.774 [FXGL Background Thread 3 ] DEBUG Engine               - stageStyle: DECORATED
16:44:51.774 [FXGL Background Thread 3 ] DEBUG Engine               - supportedLanguages: [ENGLISH, FRENCH, GERMAN, HUNGARIAN, RUSSIAN]
16:44:51.774 [FXGL Background Thread 3 ] DEBUG Engine               - ticksPerSecond: -1
16:44:51.775 [FXGL Background Thread 3 ] DEBUG Engine               - title: Bomberman Game
16:44:51.775 [FXGL Background Thread 3 ] DEBUG Engine               - urlGithub: https://github.com/AlmasB/FXGL
16:44:51.775 [FXGL Background Thread 3 ] DEBUG Engine               - urlLeaderboard: http://fxgl-top.herokuapp.com/
16:44:51.775 [FXGL Background Thread 3 ] DEBUG Engine               - urlPOM: https://raw.githubusercontent.com/AlmasB/FXGL/release/README.md
16:44:51.775 [FXGL Background Thread 3 ] DEBUG Engine               - userAppClass: class org.example.demo.HelloApplication
16:44:51.775 [FXGL Background Thread 3 ] DEBUG Engine               - version: 1.0
16:44:51.775 [FXGL Background Thread 3 ] DEBUG Engine               - versionCheckDays: 7
16:44:51.775 [FXGL Background Thread 3 ] DEBUG Engine               - width: 480
16:44:51.775 [FXGL Background Thread 3 ] DEBUG Engine               - Logging services
16:44:51.775 [FXGL Background Thread 3 ] DEBUG Engine               - class com.almasb.fxgl.app.services.FXGLAssetLoaderService
16:44:51.775 [FXGL Background Thread 3 ] DEBUG Engine               - class com.almasb.fxgl.app.FXGLApplication$GameApplicationService
16:44:51.775 [FXGL Background Thread 3 ] DEBUG Engine               - class com.almasb.fxgl.app.services.FXGLDialogService
16:44:51.775 [FXGL Background Thread 3 ] DEBUG Engine               - class com.almasb.fxgl.app.services.IOTaskExecutorService
16:44:51.775 [FXGL Background Thread 3 ] DEBUG Engine               - class com.almasb.fxgl.io.FileSystemService
16:44:51.775 [FXGL Background Thread 3 ] DEBUG Engine               - class com.almasb.fxgl.localization.LocalizationService
16:44:51.775 [FXGL Background Thread 3 ] DEBUG Engine               - class com.almasb.fxgl.app.services.SystemBundleService
16:44:51.775 [FXGL Background Thread 3 ] DEBUG Engine               - class com.almasb.fxgl.profile.SaveLoadService
16:44:51.776 [FXGL Background Thread 3 ] DEBUG Engine               - class com.almasb.fxgl.ui.FXGLUIFactoryServiceProvider
16:44:51.776 [FXGL Background Thread 3 ] DEBUG Engine               - class com.almasb.fxgl.ui.FXGLDialogFactoryServiceProvider
16:44:51.776 [FXGL Background Thread 3 ] DEBUG Engine               - class com.almasb.fxgl.audio.AudioPlayer
16:44:51.776 [FXGL Background Thread 3 ] DEBUG Engine               - class com.almasb.fxgl.notification.impl.NotificationServiceProvider
16:44:51.776 [FXGL Background Thread 3 ] DEBUG Engine               - class com.almasb.fxgl.achievement.AchievementService
16:44:51.776 [FXGL Background Thread 3 ] DEBUG Engine               - class com.almasb.fxgl.cutscene.CutsceneService
16:44:51.776 [FXGL Background Thread 3 ] DEBUG Engine               - class com.almasb.fxgl.minigames.MiniGameService
16:44:51.776 [FXGL Background Thread 3 ] DEBUG Engine               - class com.almasb.fxgl.net.NetService
16:44:51.776 [FXGL Background Thread 3 ] DEBUG Engine               - class com.almasb.fxgl.app.services.UpdaterService
16:44:51.776 [FXGL Background Thread 3 ] DEBUG Engine               - class com.almasb.fxgl.dev.DevService
16:44:53.343 [JavaFX Application Thread] DEBUG FXGLApplication      - Exiting FXGL
16:44:53.343 [JavaFX Application Thread] DEBUG Async                - Shutting down background threads
16:44:53.344 [JavaFX Application Thread] DEBUG PrimaryStageWindow   - Closing main window
16:44:53.364 [JavaFX Application Thread] DEBUG Logger               - Closing Logger
