11:23:04.708 [main                     ] DEBUG Logger               - Configured Logger
11:23:04.731 [main                     ] DEBUG GameApplication      - Logging settings
Title: Bomberman Game
Version: 1.0
Width: 480
Height: 480
Fullscreen: false
Intro: false
Profiling: false
Single step:false
App Mode: DEVELOPER
Menu Key: ESCAPE
Stage Style: DECORATED
Scene Factory: class com.almasb.fxgl.app.scene.SceneFactory

11:23:05.275 [JavaFX Application Thread] DEBUG FXGLApplication      - Initializing FXGL
11:23:05.279 [JavaFX Application Thread] INFO  Engine               - FXGL-17.3 (30.03.2023 11.49) on WINDOWS (J:23.0.2 FX:17.0.6)
11:23:05.280 [JavaFX Application Thread] DEBUG Engine               - JRE Vendor Name: Oracle Corporation
11:23:05.280 [JavaFX Application Thread] DEBUG Engine               - Running on OS: Windows 11 version 10.0
11:23:05.280 [JavaFX Application Thread] DEBUG Engine               - Architecture: amd64
11:23:05.280 [JavaFX Application Thread] INFO  Engine               - Source code and latest versions at: https://github.com/AlmasB/FXGL
11:23:05.280 [JavaFX Application Thread] INFO  Engine               -       Ask questions and discuss at: https://github.com/AlmasB/FXGL/discussions
11:23:05.280 [JavaFX Application Thread] INFO  Engine               -              Join the FXGL chat at: https://gitter.im/AlmasB/FXGL
11:23:05.391 [JavaFX Application Thread] DEBUG PrimaryStageWindow   - Creating a JavaFX scene
11:23:05.432 [JavaFX Application Thread] DEBUG PrimaryStageWindow   - Target settings size: 480.0 x 480.0
11:23:05.432 [JavaFX Application Thread] DEBUG PrimaryStageWindow   - Scaled scene size:    480.0 x 480.0
11:23:05.432 [JavaFX Application Thread] DEBUG PrimaryStageWindow   - Scaled ratio: (1.0, 1.0)
11:23:05.433 [JavaFX Application Thread] DEBUG PrimaryStageWindow   - Set initial scene to FXGLStartupScene
11:23:05.440 [JavaFX Application Thread] DEBUG PrimaryStageWindow   - Opening main window
11:23:05.533 [JavaFX Application Thread] DEBUG PrimaryStageWindow   - Window border size: (14.666656494140625, 37.33331298828125)
11:23:05.534 [JavaFX Application Thread] DEBUG PrimaryStageWindow   - Scaled size: 480.0 x 480.0
11:23:05.534 [JavaFX Application Thread] DEBUG PrimaryStageWindow   - Scaled ratio: (1.0, 1.0)
11:23:05.534 [JavaFX Application Thread] DEBUG PrimaryStageWindow   - Scene size: 480.0 x 480.0
11:23:05.534 [JavaFX Application Thread] DEBUG PrimaryStageWindow   - Stage size: 494.6666564941406 x 517.3333129882812
11:23:05.540 [FXGL Background Thread 1 ] DEBUG Engine               - Initializing environment variables
11:23:05.580 [FXGL Background Thread 1 ] DEBUG FXGLAssetLoaderServi - User app class for loading assets: class org.example.demo.HelloApplication
11:23:05.580 [FXGL Background Thread 1 ] DEBUG GameApplicationServi - Applying CSS: fxgl_dark.css
11:23:05.581 [FXGL Background Thread 1 ] DEBUG FXGLAssetLoaderServi - Loading from file system: jar:file:///C:/Users/My%20Laptop/.m2/repository/com/github/almasb/fxgl/17.3/fxgl-17.3.jar!/fxglassets/ui/css/fxgl_dark.css
11:23:05.631 [FXGL Background Thread 1 ] DEBUG GameApplicationServi - Initializing application scenes
11:23:05.669 [FXGL Background Thread 1 ] DEBUG GameWorld            - Game world initialized
11:23:05.733 [FXGL Background Thread 1 ] DEBUG PhysicsWorld         - Physics world initialized: appHeight=480, physics.ppm=50.0
11:23:05.734 [FXGL Background Thread 1 ] DEBUG PhysicsWorld         - Using strategy: BRUTE_FORCE
11:23:05.737 [FXGL Background Thread 1 ] DEBUG GameScene            - Game scene initialized: 480x480
11:23:05.750 [FXGL Background Thread 1 ] WARN  FXGL.DefaultMenu     - FXGLDefaultMenu is not designed for resolutions < 800x600
11:23:05.750 [FXGL Background Thread 1 ] DEBUG FXGL.DefaultMenu     - createMenuBodyGameMenu()
11:23:05.765 [FXGL Background Thread 1 ] DEBUG FXGL.DefaultMenu     - createOptionsMenu()
11:23:05.774 [FXGL Background Thread 1 ] DEBUG FXGLAssetLoaderServi - Loading from file system: jar:file:///C:/Users/My%20Laptop/.m2/repository/com/github/almasb/fxgl/17.3/fxgl-17.3.jar!/fxglassets/textures/particles/smoke.png
11:23:05.884 [FXGL Background Thread 1 ] DEBUG FXGLAssetLoaderServi - Loading from file system: jar:file:///C:/Users/My%20Laptop/.m2/repository/com/github/almasb/fxgl/17.3/fxgl-17.3.jar!/fxglassets/textures/particles/trace_horizontal.png
11:23:05.909 [FXGL Background Thread 1 ] DEBUG GameApplicationServi - Application scenes initialized
11:23:05.923 [FXGL Background Thread 1 ] DEBUG SystemBundleService  - Loading FXGL system data
11:23:05.925 [FXGL Background Thread 1 ] DEBUG FileSystemAccess     - Reading from: C:\OOP\baitaplonOOP\system\fxgl.bundle
11:23:05.929 [FXGL Background Thread 1 ] DEBUG SystemBundleService  - Bundle FXGL: {}
11:23:05.929 [FXGL Background Thread 1 ] DEBUG UpdaterService       - Checking for updates
11:23:05.933 [FXGL Background Thread 4 ] DEBUG FXGLApplication      - Loading fonts
11:23:05.934 [FXGL Background Thread 1 ] DEBUG FXGLApplication      - Loading default localization
11:23:05.934 [FXGL Background Thread 4 ] DEBUG FXGLAssetLoaderServi - Loading from file system: jar:file:///C:/Users/My%20Laptop/.m2/repository/com/github/almasb/fxgl/17.3/fxgl-17.3.jar!/fxglassets/ui/fonts/VarelaRound-Regular.ttf
11:23:05.934 [FXGL Background Thread 1 ] DEBUG FXGLAssetLoaderServi - Loading from file system: jar:file:///C:/Users/My%20Laptop/.m2/repository/com/github/almasb/fxgl/17.3/fxgl-17.3.jar!/fxglassets/languages/english.lang
11:23:05.955 [FXGL Background Thread 1 ] INFO  FXGLApplication      - FXGL initialization took: 0.415 sec
11:23:05.964 [FXGL Background Thread 4 ] DEBUG FXGLAssetLoaderServi - Loading from file system: jar:file:///C:/Users/My%20Laptop/.m2/repository/com/github/almasb/fxgl/17.3/fxgl-17.3.jar!/fxglassets/ui/fonts/Abel-Regular.ttf
11:23:05.967 [JavaFX Application Thread] DEBUG Input                - Clearing active input actions
11:23:05.979 [JavaFX Application Thread] DEBUG Input                - Registered new binding: Move Up - W
11:23:05.979 [JavaFX Application Thread] DEBUG Input                - Registered new binding: Move Down - S
11:23:05.979 [JavaFX Application Thread] DEBUG Input                - Registered new binding: Move Left - A
11:23:05.979 [JavaFX Application Thread] DEBUG Input                - Registered new binding: Move Right - D
11:23:05.979 [JavaFX Application Thread] DEBUG Input                - Registered new binding: Đặt bom - Space
11:23:05.980 [JavaFX Application Thread] DEBUG FXGLAssetLoaderServi - Loading from file system: jar:file:///C:/Users/My%20Laptop/.m2/repository/com/github/almasb/fxgl/17.3/fxgl-17.3.jar!/fxglassets/textures/fxgl_icon.png
11:23:05.980 [FXGL Background Thread 4 ] DEBUG FXGLAssetLoaderServi - Loading from file system: jar:file:///C:/Users/My%20Laptop/.m2/repository/com/github/almasb/fxgl/17.3/fxgl-17.3.jar!/fxglassets/ui/fonts/TerminalLandMono-Regular.otf
11:23:05.997 [FXGL Background Thread 4 ] DEBUG FXGLAssetLoaderServi - Loading from file system: jar:file:///C:/Users/My%20Laptop/.m2/repository/com/github/almasb/fxgl/17.3/fxgl-17.3.jar!/fxglassets/ui/fonts/Courier-Prime.ttf
11:23:06.003 [JavaFX Application Thread] DEBUG FXGLAssetLoaderServi - Loading from file system: jar:file:///C:/Users/My%20Laptop/.m2/repository/com/github/almasb/fxgl/17.3/fxgl-17.3.jar!/fxglassets/textures/fxgl_default_cursor.png
11:23:06.005 [JavaFX Application Thread] DEBUG Input                - Registered new binding: Screenshot - CTRL+8
11:23:06.005 [JavaFX Application Thread] DEBUG Input                - Registered new binding: System info dump - CTRL+9
11:23:06.007 [JavaFX Application Thread] DEBUG Input                - Registered new binding: Restart - CTRL+R
11:23:06.008 [JavaFX Application Thread] DEBUG Input                - Registered new binding: Toggle Debug Camera - CTRL+7
11:23:06.011 [JavaFX Application Thread] DEBUG LoopRunner           - Starting loop
11:23:06.011 [JavaFX Application Thread] DEBUG LoopRunner           - Initializing JavaFX AnimationTimerLoop
11:23:06.012 [JavaFX Application Thread] DEBUG GameApplicationServi - Starting new game
11:23:06.013 [JavaFX Application Thread] DEBUG Input                - Clearing active input actions
11:23:06.022 [JavaFX Application Thread] DEBUG GameApplicationServi - Removing overlay from FXGLStartupScene and adding to FXGLLoadingScene
11:23:06.022 [JavaFX Application Thread] DEBUG PrimaryStageWindow   - FXGLStartupScene -> FXGLLoadingScene
11:23:06.022 [JavaFX Application Thread] DEBUG GameApplicationServi - Clearing previous game
11:23:06.022 [JavaFX Application Thread] DEBUG GameScene            - Clearing game scene
11:23:06.022 [JavaFX Application Thread] DEBUG GameWorld            - Clearing game world
11:23:06.022 [JavaFX Application Thread] DEBUG PhysicsWorld         - Clearing physics world
11:23:06.024 [FXGL Background Thread 4 ] DEBUG FXGLApplication      - Initializing game
11:23:06.024 [JavaFX Application Thread] DEBUG FXGLApplication      - Registering font factories with UI factory
11:23:06.294 [FXGL Background Thread 4 ] INFO  FXGLApplication      - Game initialization took: 0.270 sec
11:23:06.294 [JavaFX Application Thread] DEBUG Input                - Clearing active input actions
11:23:06.313 [JavaFX Application Thread] DEBUG GameApplicationServi - Removing overlay from FXGLLoadingScene and adding to GameScene
11:23:06.313 [JavaFX Application Thread] DEBUG PrimaryStageWindow   - FXGLLoadingScene -> GameScene
11:23:06.785 [FXGL Background Thread 2 ] INFO  UpdaterService       - Your current version:  17.3
11:23:06.786 [FXGL Background Thread 2 ] INFO  UpdaterService       - Latest stable version: 21.1
11:23:08.931 [FXGL Background Thread 3 ] DEBUG Engine               - Logging environment variables
11:23:08.931 [FXGL Background Thread 3 ] DEBUG Engine               - achievements: []
11:23:08.931 [FXGL Background Thread 3 ] DEBUG Engine               - actualHeight: 480.0
11:23:08.931 [FXGL Background Thread 3 ] DEBUG Engine               - actualHeightProperty: ReadOnlyDoubleProperty [value: 480.0]
11:23:08.931 [FXGL Background Thread 3 ] DEBUG Engine               - actualWidth: 480.0
11:23:08.931 [FXGL Background Thread 3 ] DEBUG Engine               - actualWidthProperty: ReadOnlyDoubleProperty [value: 480.0]
11:23:08.933 [FXGL Background Thread 3 ] DEBUG Engine               - appIcon: fxgl_icon.png
11:23:08.933 [FXGL Background Thread 3 ] DEBUG Engine               - applicationMode: DEVELOPER
11:23:08.933 [FXGL Background Thread 3 ] DEBUG Engine               - cSSList: [fxgl_dark.css]
11:23:08.933 [FXGL Background Thread 3 ] DEBUG Engine               - collisionDetectionStrategy: BRUTE_FORCE
11:23:08.933 [FXGL Background Thread 3 ] DEBUG Engine               - configClass: Optional.empty
11:23:08.933 [FXGL Background Thread 3 ] DEBUG Engine               - credits: []
11:23:08.933 [FXGL Background Thread 3 ] DEBUG Engine               - defaultCursor: CursorInfo(imageName=fxgl_default_cursor.png, hotspotX=7.0, hotspotY=6.0)
11:23:08.933 [FXGL Background Thread 3 ] DEBUG Engine               - devBBoxColorProperty: ObjectProperty [value: 0xff0000ff]
11:23:08.933 [FXGL Background Thread 3 ] DEBUG Engine               - devEnableDebugCameraProperty: BooleanProperty [value: false]
11:23:08.933 [FXGL Background Thread 3 ] DEBUG Engine               - devSensorColorProperty: ObjectProperty [value: 0xffff00ff]
11:23:08.933 [FXGL Background Thread 3 ] DEBUG Engine               - devShowBBoxProperty: BooleanProperty [value: false]
11:23:08.933 [FXGL Background Thread 3 ] DEBUG Engine               - devShowPositionProperty: BooleanProperty [value: false]
11:23:08.933 [FXGL Background Thread 3 ] DEBUG Engine               - enabledMenuItems: []
11:23:08.933 [FXGL Background Thread 3 ] DEBUG Engine               - engineServices: [class com.almasb.fxgl.app.services.FXGLAssetLoaderService, class com.almasb.fxgl.app.FXGLApplication$GameApplicationService, class com.almasb.fxgl.app.services.FXGLDialogService, class com.almasb.fxgl.app.services.IOTaskExecutorService, class com.almasb.fxgl.io.FileSystemService, class com.almasb.fxgl.localization.LocalizationService, class com.almasb.fxgl.app.services.SystemBundleService, class com.almasb.fxgl.profile.SaveLoadService, class com.almasb.fxgl.ui.FXGLUIFactoryServiceProvider, class com.almasb.fxgl.ui.FXGLDialogFactoryServiceProvider, class com.almasb.fxgl.audio.AudioPlayer, class com.almasb.fxgl.notification.impl.NotificationServiceProvider, class com.almasb.fxgl.achievement.AchievementService, class com.almasb.fxgl.cutscene.CutsceneService, class com.almasb.fxgl.minigames.MiniGameService, class com.almasb.fxgl.net.NetService, class com.almasb.fxgl.app.services.UpdaterService, class com.almasb.fxgl.dev.DevService]
11:23:08.934 [FXGL Background Thread 3 ] DEBUG Engine               - fontGame: Abel-Regular.ttf
11:23:08.934 [FXGL Background Thread 3 ] DEBUG Engine               - fontMono: TerminalLandMono-Regular.otf
11:23:08.934 [FXGL Background Thread 3 ] DEBUG Engine               - fontSizeScaleUI: 1.0
11:23:08.934 [FXGL Background Thread 3 ] DEBUG Engine               - fontText: Courier-Prime.ttf
11:23:08.934 [FXGL Background Thread 3 ] DEBUG Engine               - fontUI: VarelaRound-Regular.ttf
11:23:08.934 [FXGL Background Thread 3 ] DEBUG Engine               - fullScreen: BooleanProperty [value: false]
11:23:08.934 [FXGL Background Thread 3 ] DEBUG Engine               - gameDifficulty: MEDIUM
11:23:08.934 [FXGL Background Thread 3 ] DEBUG Engine               - gameDifficultyProperty: ObjectProperty [value: MEDIUM]
11:23:08.934 [FXGL Background Thread 3 ] DEBUG Engine               - globalMusicVolume: 0.5
11:23:08.934 [FXGL Background Thread 3 ] DEBUG Engine               - globalMusicVolumeProperty: DoubleProperty [value: 0.5]
11:23:08.934 [FXGL Background Thread 3 ] DEBUG Engine               - globalSoundVolume: 0.5
11:23:08.934 [FXGL Background Thread 3 ] DEBUG Engine               - globalSoundVolumeProperty: DoubleProperty [value: 0.5]
11:23:08.934 [FXGL Background Thread 3 ] DEBUG Engine               - height: 480
11:23:08.934 [FXGL Background Thread 3 ] DEBUG Engine               - is3D: false
11:23:08.934 [FXGL Background Thread 3 ] DEBUG Engine               - isAndroid: false
11:23:08.934 [FXGL Background Thread 3 ] DEBUG Engine               - isBrowser: false
11:23:08.934 [FXGL Background Thread 3 ] DEBUG Engine               - isClickFeedbackEnabled: false
11:23:08.935 [FXGL Background Thread 3 ] DEBUG Engine               - isCloseConfirmation: false
11:23:08.935 [FXGL Background Thread 3 ] DEBUG Engine               - isDesktop: true
11:23:08.935 [FXGL Background Thread 3 ] DEBUG Engine               - isDeveloperMenuEnabled: false
11:23:08.935 [FXGL Background Thread 3 ] DEBUG Engine               - isEmbedded: false
11:23:08.935 [FXGL Background Thread 3 ] DEBUG Engine               - isEntityPreloadEnabled: true
11:23:08.935 [FXGL Background Thread 3 ] DEBUG Engine               - isExperimentalTiledLargeMap: false
11:23:08.935 [FXGL Background Thread 3 ] DEBUG Engine               - isFileSystemWriteAllowed: true
11:23:08.935 [FXGL Background Thread 3 ] DEBUG Engine               - isFullScreenAllowed: false
11:23:08.935 [FXGL Background Thread 3 ] DEBUG Engine               - isFullScreenFromStart: false
11:23:08.935 [FXGL Background Thread 3 ] DEBUG Engine               - isGameMenuEnabled: true
11:23:08.935 [FXGL Background Thread 3 ] DEBUG Engine               - isIOS: false
11:23:08.935 [FXGL Background Thread 3 ] DEBUG Engine               - isIntroEnabled: false
11:23:08.935 [FXGL Background Thread 3 ] DEBUG Engine               - isLinux: false
11:23:08.935 [FXGL Background Thread 3 ] DEBUG Engine               - isMac: false
11:23:08.935 [FXGL Background Thread 3 ] DEBUG Engine               - isMainMenuEnabled: false
11:23:08.935 [FXGL Background Thread 3 ] DEBUG Engine               - isManualResizeEnabled: false
11:23:08.935 [FXGL Background Thread 3 ] DEBUG Engine               - isMobile: false
11:23:08.936 [FXGL Background Thread 3 ] DEBUG Engine               - isNative: false
11:23:08.936 [FXGL Background Thread 3 ] DEBUG Engine               - isPauseMusicWhenMinimized: true
11:23:08.936 [FXGL Background Thread 3 ] DEBUG Engine               - isPreserveResizeRatio: false
11:23:08.936 [FXGL Background Thread 3 ] DEBUG Engine               - isProfilingEnabled: false
11:23:08.936 [FXGL Background Thread 3 ] DEBUG Engine               - isScaleAffectedOnResize: true
11:23:08.936 [FXGL Background Thread 3 ] DEBUG Engine               - isSingleStep: false
11:23:08.936 [FXGL Background Thread 3 ] DEBUG Engine               - isUserProfileEnabled: false
11:23:08.936 [FXGL Background Thread 3 ] DEBUG Engine               - isWindows: true
11:23:08.936 [FXGL Background Thread 3 ] DEBUG Engine               - language: ObjectProperty [value: ENGLISH]
11:23:08.936 [FXGL Background Thread 3 ] DEBUG Engine               - menuKey: ESCAPE
11:23:08.936 [FXGL Background Thread 3 ] DEBUG Engine               - mouseSensitivity: 0.2
11:23:08.936 [FXGL Background Thread 3 ] DEBUG Engine               - notificationViewClass: class com.almasb.fxgl.notification.view.XboxNotificationView
11:23:08.936 [FXGL Background Thread 3 ] DEBUG Engine               - pixelsPerMeter: 50.0
11:23:08.936 [FXGL Background Thread 3 ] DEBUG Engine               - platform: WINDOWS
11:23:08.936 [FXGL Background Thread 3 ] DEBUG Engine               - prefHeightProperty: ReadOnlyDoubleProperty [value: 480.0]
11:23:08.936 [FXGL Background Thread 3 ] DEBUG Engine               - prefWidthProperty: ReadOnlyDoubleProperty [value: 480.0]
11:23:08.936 [FXGL Background Thread 3 ] DEBUG Engine               - profileDir: profiles/
11:23:08.938 [FXGL Background Thread 3 ] DEBUG Engine               - profileName: StringProperty [value: DEFAULT]
11:23:08.938 [FXGL Background Thread 3 ] DEBUG Engine               - randomSeed: -1
11:23:08.938 [FXGL Background Thread 3 ] DEBUG Engine               - runtimeInfo: RuntimeInfo(platform=WINDOWS, version=17.3, build=30.03.2023 11.49)
11:23:08.938 [FXGL Background Thread 3 ] DEBUG Engine               - saveFileExt: sav
11:23:08.938 [FXGL Background Thread 3 ] DEBUG Engine               - scaledHeightProp$fxgl: DoubleProperty [bound, value: 480.0]
11:23:08.938 [FXGL Background Thread 3 ] DEBUG Engine               - scaledWidthProp$fxgl: DoubleProperty [bound, value: 480.0]
11:23:08.938 [FXGL Background Thread 3 ] DEBUG Engine               - sceneFactory: com.almasb.fxgl.app.scene.SceneFactory@4657b6ed
11:23:08.938 [FXGL Background Thread 3 ] DEBUG Engine               - secondsIn24h: 60
11:23:08.938 [FXGL Background Thread 3 ] DEBUG Engine               - soundMenuBack: menu/back.wav
11:23:08.939 [FXGL Background Thread 3 ] DEBUG Engine               - soundMenuPress: menu/press.wav
11:23:08.939 [FXGL Background Thread 3 ] DEBUG Engine               - soundMenuSelect: menu/select.wav
11:23:08.939 [FXGL Background Thread 3 ] DEBUG Engine               - soundNotification: core/notification.wav
11:23:08.939 [FXGL Background Thread 3 ] DEBUG Engine               - stageStyle: DECORATED
11:23:08.939 [FXGL Background Thread 3 ] DEBUG Engine               - supportedLanguages: [ENGLISH, FRENCH, GERMAN, HUNGARIAN, RUSSIAN]
11:23:08.939 [FXGL Background Thread 3 ] DEBUG Engine               - ticksPerSecond: -1
11:23:08.939 [FXGL Background Thread 3 ] DEBUG Engine               - title: Bomberman Game
11:23:08.939 [FXGL Background Thread 3 ] DEBUG Engine               - urlGithub: https://github.com/AlmasB/FXGL
11:23:08.939 [FXGL Background Thread 3 ] DEBUG Engine               - urlLeaderboard: http://fxgl-top.herokuapp.com/
11:23:08.939 [FXGL Background Thread 3 ] DEBUG Engine               - urlPOM: https://raw.githubusercontent.com/AlmasB/FXGL/release/README.md
11:23:08.939 [FXGL Background Thread 3 ] DEBUG Engine               - userAppClass: class org.example.demo.HelloApplication
11:23:08.939 [FXGL Background Thread 3 ] DEBUG Engine               - version: 1.0
11:23:08.939 [FXGL Background Thread 3 ] DEBUG Engine               - versionCheckDays: 7
11:23:08.940 [FXGL Background Thread 3 ] DEBUG Engine               - width: 480
11:23:08.940 [FXGL Background Thread 3 ] DEBUG Engine               - Logging services
11:23:08.940 [FXGL Background Thread 3 ] DEBUG Engine               - class com.almasb.fxgl.app.services.FXGLAssetLoaderService
11:23:08.940 [FXGL Background Thread 3 ] DEBUG Engine               - class com.almasb.fxgl.app.FXGLApplication$GameApplicationService
11:23:08.940 [FXGL Background Thread 3 ] DEBUG Engine               - class com.almasb.fxgl.app.services.FXGLDialogService
11:23:08.940 [FXGL Background Thread 3 ] DEBUG Engine               - class com.almasb.fxgl.app.services.IOTaskExecutorService
11:23:08.940 [FXGL Background Thread 3 ] DEBUG Engine               - class com.almasb.fxgl.io.FileSystemService
11:23:08.940 [FXGL Background Thread 3 ] DEBUG Engine               - class com.almasb.fxgl.localization.LocalizationService
11:23:08.940 [FXGL Background Thread 3 ] DEBUG Engine               - class com.almasb.fxgl.app.services.SystemBundleService
11:23:08.940 [FXGL Background Thread 3 ] DEBUG Engine               - class com.almasb.fxgl.profile.SaveLoadService
11:23:08.940 [FXGL Background Thread 3 ] DEBUG Engine               - class com.almasb.fxgl.ui.FXGLUIFactoryServiceProvider
11:23:08.940 [FXGL Background Thread 3 ] DEBUG Engine               - class com.almasb.fxgl.ui.FXGLDialogFactoryServiceProvider
11:23:08.940 [FXGL Background Thread 3 ] DEBUG Engine               - class com.almasb.fxgl.audio.AudioPlayer
11:23:08.940 [FXGL Background Thread 3 ] DEBUG Engine               - class com.almasb.fxgl.notification.impl.NotificationServiceProvider
11:23:08.940 [FXGL Background Thread 3 ] DEBUG Engine               - class com.almasb.fxgl.achievement.AchievementService
11:23:08.940 [FXGL Background Thread 3 ] DEBUG Engine               - class com.almasb.fxgl.cutscene.CutsceneService
11:23:08.940 [FXGL Background Thread 3 ] DEBUG Engine               - class com.almasb.fxgl.minigames.MiniGameService
11:23:08.940 [FXGL Background Thread 3 ] DEBUG Engine               - class com.almasb.fxgl.net.NetService
11:23:08.941 [FXGL Background Thread 3 ] DEBUG Engine               - class com.almasb.fxgl.app.services.UpdaterService
11:23:08.941 [FXGL Background Thread 3 ] DEBUG Engine               - class com.almasb.fxgl.dev.DevService
11:23:41.277 [JavaFX Application Thread] DEBUG FXGLApplication      - Exiting FXGL
11:23:41.277 [JavaFX Application Thread] DEBUG LoopRunner           - Stopping loop
11:23:41.277 [JavaFX Application Thread] DEBUG SystemBundleService  - Saving FXGL system data
11:23:41.280 [JavaFX Application Thread] DEBUG FileSystemAccess     - Writing to: C:\OOP\baitaplonOOP\system\fxgl.bundle
11:23:41.281 [JavaFX Application Thread] DEBUG Async                - Shutting down background threads
11:23:41.281 [JavaFX Application Thread] DEBUG PrimaryStageWindow   - Closing main window
11:23:41.297 [JavaFX Application Thread] DEBUG Logger               - Closing Logger
