14:13:54.389 [main                     ] DEBUG Logger               - Configured Logger
14:13:54.404 [main                     ] DEBUG GameApplication      - Logging settings
Title: Bomberman Game
Version: 1.0
Width: 480
Height: 480
Fullscreen: false
Intro: false
Profiling: false
Single step:false
App Mode: DEVELOPER
Menu Key: ESCAPE
Stage Style: DECORATED
Scene Factory: class org.example.demo.BombermanApp$1

14:13:54.696 [JavaFX Application Thread] DEBUG FXGLApplication      - Initializing FXGL
14:13:54.699 [JavaFX Application Thread] INFO  Engine               - FXGL-17.3 (30.03.2023 11.49) on WINDOWS (J:23.0.2 FX:17.0.6)
14:13:54.699 [JavaFX Application Thread] DEBUG Engine               - JRE Vendor Name: Oracle Corporation
14:13:54.699 [JavaFX Application Thread] DEBUG Engine               - Running on OS: Windows 11 version 10.0
14:13:54.699 [JavaFX Application Thread] DEBUG Engine               - Architecture: amd64
14:13:54.700 [JavaFX Application Thread] INFO  Engine               - Source code and latest versions at: https://github.com/AlmasB/FXGL
14:13:54.700 [JavaFX Application Thread] INFO  Engine               -       Ask questions and discuss at: https://github.com/AlmasB/FXGL/discussions
14:13:54.700 [JavaFX Application Thread] INFO  Engine               -              Join the FXGL chat at: https://gitter.im/AlmasB/FXGL
14:13:54.776 [JavaFX Application Thread] DEBUG PrimaryStageWindow   - Creating a JavaFX scene
14:13:54.823 [JavaFX Application Thread] DEBUG PrimaryStageWindow   - Target settings size: 480.0 x 480.0
14:13:54.824 [JavaFX Application Thread] DEBUG PrimaryStageWindow   - Scaled scene size:    480.0 x 480.0
14:13:54.824 [JavaFX Application Thread] DEBUG PrimaryStageWindow   - Scaled ratio: (1.0, 1.0)
14:13:54.825 [JavaFX Application Thread] DEBUG PrimaryStageWindow   - Set initial scene to FXGLStartupScene
14:13:54.831 [JavaFX Application Thread] DEBUG PrimaryStageWindow   - Opening main window
14:13:54.902 [JavaFX Application Thread] DEBUG PrimaryStageWindow   - Window border size: (14.666656494140625, 37.33331298828125)
14:13:54.902 [JavaFX Application Thread] DEBUG PrimaryStageWindow   - Scaled size: 480.0 x 480.0
14:13:54.903 [JavaFX Application Thread] DEBUG PrimaryStageWindow   - Scaled ratio: (1.0, 1.0)
14:13:54.903 [JavaFX Application Thread] DEBUG PrimaryStageWindow   - Scene size: 480.0 x 480.0
14:13:54.903 [JavaFX Application Thread] DEBUG PrimaryStageWindow   - Stage size: 494.6666564941406 x 517.3333129882812
14:13:54.910 [FXGL Background Thread 1 ] DEBUG Engine               - Initializing environment variables
14:13:54.987 [FXGL Background Thread 1 ] DEBUG FXGLAssetLoaderServi - User app class for loading assets: class org.example.demo.HelloApplication
14:13:54.987 [FXGL Background Thread 1 ] DEBUG GameApplicationServi - Applying CSS: fxgl_dark.css
14:13:54.988 [FXGL Background Thread 1 ] DEBUG FXGLAssetLoaderServi - Loading from file system: jar:file:///C:/Users/admin/.m2/repository/com/github/almasb/fxgl/17.3/fxgl-17.3.jar!/fxglassets/ui/css/fxgl_dark.css
14:13:55.028 [FXGL Background Thread 1 ] DEBUG GameApplicationServi - Initializing application scenes
14:13:55.062 [FXGL Background Thread 1 ] DEBUG GameWorld            - Game world initialized
14:13:55.134 [FXGL Background Thread 1 ] DEBUG PhysicsWorld         - Physics world initialized: appHeight=480, physics.ppm=50.0
14:13:55.135 [FXGL Background Thread 1 ] DEBUG PhysicsWorld         - Using strategy: BRUTE_FORCE
14:13:55.139 [FXGL Background Thread 1 ] DEBUG GameScene            - Game scene initialized: 480x480
14:13:55.151 [FXGL Background Thread 1 ] WARN  FXGL.DefaultMenu     - FXGLDefaultMenu is not designed for resolutions < 800x600
14:13:55.152 [FXGL Background Thread 1 ] DEBUG FXGL.DefaultMenu     - createMenuBodyGameMenu()
14:13:55.159 [FXGL Background Thread 1 ] DEBUG FXGL.DefaultMenu     - createOptionsMenu()
14:13:55.169 [FXGL Background Thread 1 ] DEBUG FXGLAssetLoaderServi - Loading from file system: jar:file:///C:/Users/admin/.m2/repository/com/github/almasb/fxgl/17.3/fxgl-17.3.jar!/fxglassets/textures/particles/smoke.png
14:13:55.239 [FXGL Background Thread 1 ] DEBUG FXGLAssetLoaderServi - Loading from file system: jar:file:///C:/Users/admin/.m2/repository/com/github/almasb/fxgl/17.3/fxgl-17.3.jar!/fxglassets/textures/particles/trace_horizontal.png
14:13:55.270 [FXGL Background Thread 1 ] DEBUG GameApplicationServi - Application scenes initialized
14:13:55.281 [FXGL Background Thread 1 ] DEBUG SystemBundleService  - Loading FXGL system data
14:13:55.284 [FXGL Background Thread 1 ] DEBUG FileSystemAccess     - Reading from: C:\Users\admin\OneDrive\Máy tính\btl\baitaplonOOP\system\fxgl.bundle
14:13:55.290 [FXGL Background Thread 1 ] DEBUG SystemBundleService  - Bundle FXGL: {}
14:13:55.290 [FXGL Background Thread 1 ] DEBUG UpdaterService       - Checking for updates
14:13:55.296 [FXGL Background Thread 4 ] DEBUG FXGLApplication      - Loading fonts
14:13:55.296 [FXGL Background Thread 4 ] DEBUG FXGLAssetLoaderServi - Loading from file system: jar:file:///C:/Users/admin/.m2/repository/com/github/almasb/fxgl/17.3/fxgl-17.3.jar!/fxglassets/ui/fonts/VarelaRound-Regular.ttf
14:13:55.296 [FXGL Background Thread 1 ] DEBUG FXGLApplication      - Loading default localization
14:13:55.297 [FXGL Background Thread 1 ] DEBUG FXGLAssetLoaderServi - Loading from file system: jar:file:///C:/Users/admin/.m2/repository/com/github/almasb/fxgl/17.3/fxgl-17.3.jar!/fxglassets/languages/english.lang
14:13:55.317 [FXGL Background Thread 1 ] INFO  FXGLApplication      - FXGL initialization took: 0.407 sec
14:13:55.321 [JavaFX Application Thread] DEBUG Input                - Clearing active input actions
14:13:55.332 [JavaFX Application Thread] DEBUG Input                - Registered new binding: Move Up - W
14:13:55.332 [JavaFX Application Thread] DEBUG Input                - Registered new binding: Move Down - S
14:13:55.332 [JavaFX Application Thread] DEBUG Input                - Registered new binding: Move Left - A
14:13:55.333 [JavaFX Application Thread] DEBUG Input                - Registered new binding: Move Right - D
14:13:55.333 [JavaFX Application Thread] DEBUG Input                - Registered new binding: Đặt bom - Space
14:13:55.334 [JavaFX Application Thread] DEBUG FXGLAssetLoaderServi - Loading from file system: jar:file:///C:/Users/admin/.m2/repository/com/github/almasb/fxgl/17.3/fxgl-17.3.jar!/fxglassets/textures/fxgl_icon.png
14:13:55.344 [FXGL Background Thread 4 ] DEBUG FXGLAssetLoaderServi - Loading from file system: jar:file:///C:/Users/admin/.m2/repository/com/github/almasb/fxgl/17.3/fxgl-17.3.jar!/fxglassets/ui/fonts/Abel-Regular.ttf
14:13:55.354 [JavaFX Application Thread] DEBUG FXGLAssetLoaderServi - Loading from file system: jar:file:///C:/Users/admin/.m2/repository/com/github/almasb/fxgl/17.3/fxgl-17.3.jar!/fxglassets/textures/fxgl_default_cursor.png
14:13:55.356 [FXGL Background Thread 4 ] DEBUG FXGLAssetLoaderServi - Loading from file system: jar:file:///C:/Users/admin/.m2/repository/com/github/almasb/fxgl/17.3/fxgl-17.3.jar!/fxglassets/ui/fonts/TerminalLandMono-Regular.otf
14:13:55.357 [JavaFX Application Thread] DEBUG Input                - Registered new binding: Screenshot - CTRL+8
14:13:55.357 [JavaFX Application Thread] DEBUG Input                - Registered new binding: System info dump - CTRL+9
14:13:55.357 [JavaFX Application Thread] DEBUG Input                - Registered new binding: Restart - CTRL+R
14:13:55.358 [JavaFX Application Thread] DEBUG Input                - Registered new binding: Toggle Debug Camera - CTRL+7
14:13:55.360 [JavaFX Application Thread] DEBUG LoopRunner           - Starting loop
14:13:55.361 [JavaFX Application Thread] DEBUG LoopRunner           - Initializing JavaFX AnimationTimerLoop
14:13:55.363 [JavaFX Application Thread] DEBUG Input                - Clearing active input actions
14:13:55.371 [FXGL Background Thread 4 ] DEBUG FXGLAssetLoaderServi - Loading from file system: jar:file:///C:/Users/admin/.m2/repository/com/github/almasb/fxgl/17.3/fxgl-17.3.jar!/fxglassets/ui/fonts/Courier-Prime.ttf
14:13:55.372 [JavaFX Application Thread] DEBUG GameApplicationServi - Removing overlay from FXGLStartupScene and adding to FXGLMainMenuDummyScene
14:13:55.372 [JavaFX Application Thread] DEBUG PrimaryStageWindow   - FXGLStartupScene -> FXGLMainMenuDummyScene
14:13:55.373 [JavaFX Application Thread] DEBUG PrimaryStageWindow   - Push state: ViewMenu
14:13:55.373 [JavaFX Application Thread] DEBUG Input                - Clearing active input actions
14:13:55.380 [JavaFX Application Thread] DEBUG GameApplicationServi - Removing overlay from FXGLMainMenuDummyScene and adding to ViewMenu
14:13:55.381 [JavaFX Application Thread] DEBUG PrimaryStageWindow   - FXGLMainMenuDummyScene -> ViewMenu
14:13:55.446 [JavaFX Application Thread] DEBUG FXGLApplication      - Registering font factories with UI factory
14:13:56.668 [FXGL Background Thread 2 ] INFO  UpdaterService       - Your current version:  17.3
14:13:56.668 [FXGL Background Thread 2 ] INFO  UpdaterService       - Latest stable version: 21.1
14:13:57.706 [JavaFX Application Thread] DEBUG GameApplicationServi - Starting new game
14:13:57.706 [JavaFX Application Thread] DEBUG PrimaryStageWindow   - Pop state: ViewMenu
14:13:57.707 [JavaFX Application Thread] DEBUG Input                - Clearing active input actions
14:13:57.709 [JavaFX Application Thread] DEBUG GameApplicationServi - Removing overlay from ViewMenu and adding to FXGLMainMenuDummyScene
14:13:57.710 [JavaFX Application Thread] DEBUG PrimaryStageWindow   - FXGLMainMenuDummyScene <- ViewMenu
14:13:57.711 [JavaFX Application Thread] DEBUG Input                - Clearing active input actions
14:13:57.731 [JavaFX Application Thread] DEBUG GameApplicationServi - Removing overlay from FXGLMainMenuDummyScene and adding to FXGLLoadingScene
14:13:57.731 [JavaFX Application Thread] DEBUG PrimaryStageWindow   - FXGLMainMenuDummyScene -> FXGLLoadingScene
14:13:57.731 [JavaFX Application Thread] DEBUG GameApplicationServi - Clearing previous game
14:13:57.731 [JavaFX Application Thread] DEBUG GameScene            - Clearing game scene
14:13:57.732 [JavaFX Application Thread] DEBUG GameWorld            - Clearing game world
14:13:57.732 [JavaFX Application Thread] DEBUG PhysicsWorld         - Clearing physics world
14:13:57.737 [FXGL Background Thread 2 ] DEBUG FXGLApplication      - Initializing game
14:13:57.964 [FXGL Background Thread 2 ] INFO  FXGLApplication      - Game initialization took: 0.227 sec
14:13:57.964 [JavaFX Application Thread] DEBUG Input                - Clearing active input actions
14:13:57.975 [JavaFX Application Thread] DEBUG GameApplicationServi - Removing overlay from FXGLLoadingScene and adding to GameScene
14:13:57.975 [JavaFX Application Thread] DEBUG PrimaryStageWindow   - FXGLLoadingScene -> GameScene
14:13:58.295 [FXGL Background Thread 3 ] DEBUG Engine               - Logging environment variables
14:13:58.295 [FXGL Background Thread 3 ] DEBUG Engine               - achievements: []
14:13:58.295 [FXGL Background Thread 3 ] DEBUG Engine               - actualHeight: 480.0
14:13:58.295 [FXGL Background Thread 3 ] DEBUG Engine               - actualHeightProperty: ReadOnlyDoubleProperty [value: 480.0]
14:13:58.295 [FXGL Background Thread 3 ] DEBUG Engine               - actualWidth: 480.0
14:13:58.295 [FXGL Background Thread 3 ] DEBUG Engine               - actualWidthProperty: ReadOnlyDoubleProperty [value: 480.0]
14:13:58.295 [FXGL Background Thread 3 ] DEBUG Engine               - appIcon: fxgl_icon.png
14:13:58.295 [FXGL Background Thread 3 ] DEBUG Engine               - applicationMode: DEVELOPER
14:13:58.295 [FXGL Background Thread 3 ] DEBUG Engine               - cSSList: [fxgl_dark.css]
14:13:58.296 [FXGL Background Thread 3 ] DEBUG Engine               - collisionDetectionStrategy: BRUTE_FORCE
14:13:58.296 [FXGL Background Thread 3 ] DEBUG Engine               - configClass: Optional.empty
14:13:58.296 [FXGL Background Thread 3 ] DEBUG Engine               - credits: []
14:13:58.296 [FXGL Background Thread 3 ] DEBUG Engine               - defaultCursor: CursorInfo(imageName=fxgl_default_cursor.png, hotspotX=7.0, hotspotY=6.0)
14:13:58.296 [FXGL Background Thread 3 ] DEBUG Engine               - devBBoxColorProperty: ObjectProperty [value: 0xff0000ff]
14:13:58.296 [FXGL Background Thread 3 ] DEBUG Engine               - devEnableDebugCameraProperty: BooleanProperty [value: false]
14:13:58.296 [FXGL Background Thread 3 ] DEBUG Engine               - devSensorColorProperty: ObjectProperty [value: 0xffff00ff]
14:13:58.296 [FXGL Background Thread 3 ] DEBUG Engine               - devShowBBoxProperty: BooleanProperty [value: false]
14:13:58.296 [FXGL Background Thread 3 ] DEBUG Engine               - devShowPositionProperty: BooleanProperty [value: false]
14:13:58.296 [FXGL Background Thread 3 ] DEBUG Engine               - enabledMenuItems: []
14:13:58.296 [FXGL Background Thread 3 ] DEBUG Engine               - engineServices: [class com.almasb.fxgl.app.services.FXGLAssetLoaderService, class com.almasb.fxgl.app.FXGLApplication$GameApplicationService, class com.almasb.fxgl.app.services.FXGLDialogService, class com.almasb.fxgl.app.services.IOTaskExecutorService, class com.almasb.fxgl.io.FileSystemService, class com.almasb.fxgl.localization.LocalizationService, class com.almasb.fxgl.app.services.SystemBundleService, class com.almasb.fxgl.profile.SaveLoadService, class com.almasb.fxgl.ui.FXGLUIFactoryServiceProvider, class com.almasb.fxgl.ui.FXGLDialogFactoryServiceProvider, class com.almasb.fxgl.audio.AudioPlayer, class com.almasb.fxgl.notification.impl.NotificationServiceProvider, class com.almasb.fxgl.achievement.AchievementService, class com.almasb.fxgl.cutscene.CutsceneService, class com.almasb.fxgl.minigames.MiniGameService, class com.almasb.fxgl.net.NetService, class com.almasb.fxgl.app.services.UpdaterService, class com.almasb.fxgl.dev.DevService]
14:13:58.296 [FXGL Background Thread 3 ] DEBUG Engine               - fontGame: Abel-Regular.ttf
14:13:58.296 [FXGL Background Thread 3 ] DEBUG Engine               - fontMono: TerminalLandMono-Regular.otf
14:13:58.296 [FXGL Background Thread 3 ] DEBUG Engine               - fontSizeScaleUI: 1.0
14:13:58.296 [FXGL Background Thread 3 ] DEBUG Engine               - fontText: Courier-Prime.ttf
14:13:58.296 [FXGL Background Thread 3 ] DEBUG Engine               - fontUI: VarelaRound-Regular.ttf
14:13:58.298 [FXGL Background Thread 3 ] DEBUG Engine               - fullScreen: BooleanProperty [value: false]
14:13:58.298 [FXGL Background Thread 3 ] DEBUG Engine               - gameDifficulty: MEDIUM
14:13:58.298 [FXGL Background Thread 3 ] DEBUG Engine               - gameDifficultyProperty: ObjectProperty [value: MEDIUM]
14:13:58.298 [FXGL Background Thread 3 ] DEBUG Engine               - globalMusicVolume: 0.5
14:13:58.298 [FXGL Background Thread 3 ] DEBUG Engine               - globalMusicVolumeProperty: DoubleProperty [value: 0.5]
14:13:58.298 [FXGL Background Thread 3 ] DEBUG Engine               - globalSoundVolume: 0.5
14:13:58.298 [FXGL Background Thread 3 ] DEBUG Engine               - globalSoundVolumeProperty: DoubleProperty [value: 0.5]
14:13:58.298 [FXGL Background Thread 3 ] DEBUG Engine               - height: 480
14:13:58.298 [FXGL Background Thread 3 ] DEBUG Engine               - is3D: false
14:13:58.299 [FXGL Background Thread 3 ] DEBUG Engine               - isAndroid: false
14:13:58.299 [FXGL Background Thread 3 ] DEBUG Engine               - isBrowser: false
14:13:58.299 [FXGL Background Thread 3 ] DEBUG Engine               - isClickFeedbackEnabled: false
14:13:58.299 [FXGL Background Thread 3 ] DEBUG Engine               - isCloseConfirmation: false
14:13:58.300 [FXGL Background Thread 3 ] DEBUG Engine               - isDesktop: true
14:13:58.300 [FXGL Background Thread 3 ] DEBUG Engine               - isDeveloperMenuEnabled: false
14:13:58.300 [FXGL Background Thread 3 ] DEBUG Engine               - isEmbedded: false
14:13:58.300 [FXGL Background Thread 3 ] DEBUG Engine               - isEntityPreloadEnabled: true
14:13:58.300 [FXGL Background Thread 3 ] DEBUG Engine               - isExperimentalTiledLargeMap: false
14:13:58.300 [FXGL Background Thread 3 ] DEBUG Engine               - isFileSystemWriteAllowed: true
14:13:58.300 [FXGL Background Thread 3 ] DEBUG Engine               - isFullScreenAllowed: false
14:13:58.300 [FXGL Background Thread 3 ] DEBUG Engine               - isFullScreenFromStart: false
14:13:58.300 [FXGL Background Thread 3 ] DEBUG Engine               - isGameMenuEnabled: true
14:13:58.300 [FXGL Background Thread 3 ] DEBUG Engine               - isIOS: false
14:13:58.300 [FXGL Background Thread 3 ] DEBUG Engine               - isIntroEnabled: false
14:13:58.300 [FXGL Background Thread 3 ] DEBUG Engine               - isLinux: false
14:13:58.300 [FXGL Background Thread 3 ] DEBUG Engine               - isMac: false
14:13:58.301 [FXGL Background Thread 3 ] DEBUG Engine               - isMainMenuEnabled: true
14:13:58.301 [FXGL Background Thread 3 ] DEBUG Engine               - isManualResizeEnabled: false
14:13:58.301 [FXGL Background Thread 3 ] DEBUG Engine               - isMobile: false
14:13:58.301 [FXGL Background Thread 3 ] DEBUG Engine               - isNative: false
14:13:58.301 [FXGL Background Thread 3 ] DEBUG Engine               - isPauseMusicWhenMinimized: true
14:13:58.301 [FXGL Background Thread 3 ] DEBUG Engine               - isPreserveResizeRatio: false
14:13:58.301 [FXGL Background Thread 3 ] DEBUG Engine               - isProfilingEnabled: false
14:13:58.301 [FXGL Background Thread 3 ] DEBUG Engine               - isScaleAffectedOnResize: true
14:13:58.301 [FXGL Background Thread 3 ] DEBUG Engine               - isSingleStep: false
14:13:58.301 [FXGL Background Thread 3 ] DEBUG Engine               - isUserProfileEnabled: false
14:13:58.301 [FXGL Background Thread 3 ] DEBUG Engine               - isWindows: true
14:13:58.301 [FXGL Background Thread 3 ] DEBUG Engine               - language: ObjectProperty [value: ENGLISH]
14:13:58.301 [FXGL Background Thread 3 ] DEBUG Engine               - menuKey: ESCAPE
14:13:58.301 [FXGL Background Thread 3 ] DEBUG Engine               - mouseSensitivity: 0.2
14:13:58.301 [FXGL Background Thread 3 ] DEBUG Engine               - notificationViewClass: class com.almasb.fxgl.notification.view.XboxNotificationView
14:13:58.301 [FXGL Background Thread 3 ] DEBUG Engine               - pixelsPerMeter: 50.0
14:13:58.301 [FXGL Background Thread 3 ] DEBUG Engine               - platform: WINDOWS
14:13:58.301 [FXGL Background Thread 3 ] DEBUG Engine               - prefHeightProperty: ReadOnlyDoubleProperty [value: 480.0]
14:13:58.302 [FXGL Background Thread 3 ] DEBUG Engine               - prefWidthProperty: ReadOnlyDoubleProperty [value: 480.0]
14:13:58.302 [FXGL Background Thread 3 ] DEBUG Engine               - profileDir: profiles/
14:13:58.302 [FXGL Background Thread 3 ] DEBUG Engine               - profileName: StringProperty [value: DEFAULT]
14:13:58.302 [FXGL Background Thread 3 ] DEBUG Engine               - randomSeed: -1
14:13:58.302 [FXGL Background Thread 3 ] DEBUG Engine               - runtimeInfo: RuntimeInfo(platform=WINDOWS, version=17.3, build=30.03.2023 11.49)
14:13:58.302 [FXGL Background Thread 3 ] DEBUG Engine               - saveFileExt: sav
14:13:58.302 [FXGL Background Thread 3 ] DEBUG Engine               - scaledHeightProp$fxgl: DoubleProperty [bound, value: 480.0]
14:13:58.302 [FXGL Background Thread 3 ] DEBUG Engine               - scaledWidthProp$fxgl: DoubleProperty [bound, value: 480.0]
14:13:58.302 [FXGL Background Thread 3 ] DEBUG Engine               - sceneFactory: org.example.demo.BombermanApp$1@6cccd279
14:13:58.302 [FXGL Background Thread 3 ] DEBUG Engine               - secondsIn24h: 60
14:13:58.302 [FXGL Background Thread 3 ] DEBUG Engine               - soundMenuBack: menu/back.wav
14:13:58.302 [FXGL Background Thread 3 ] DEBUG Engine               - soundMenuPress: menu/press.wav
14:13:58.303 [FXGL Background Thread 3 ] DEBUG Engine               - soundMenuSelect: menu/select.wav
14:13:58.303 [FXGL Background Thread 3 ] DEBUG Engine               - soundNotification: core/notification.wav
14:13:58.303 [FXGL Background Thread 3 ] DEBUG Engine               - stageStyle: DECORATED
14:13:58.303 [FXGL Background Thread 3 ] DEBUG Engine               - supportedLanguages: [ENGLISH, FRENCH, GERMAN, HUNGARIAN, RUSSIAN]
14:13:58.303 [FXGL Background Thread 3 ] DEBUG Engine               - ticksPerSecond: -1
14:13:58.303 [FXGL Background Thread 3 ] DEBUG Engine               - title: Bomberman Game
14:13:58.303 [FXGL Background Thread 3 ] DEBUG Engine               - urlGithub: https://github.com/AlmasB/FXGL
14:13:58.303 [FXGL Background Thread 3 ] DEBUG Engine               - urlLeaderboard: http://fxgl-top.herokuapp.com/
14:13:58.303 [FXGL Background Thread 3 ] DEBUG Engine               - urlPOM: https://raw.githubusercontent.com/AlmasB/FXGL/release/README.md
14:13:58.303 [FXGL Background Thread 3 ] DEBUG Engine               - userAppClass: class org.example.demo.HelloApplication
14:13:58.303 [FXGL Background Thread 3 ] DEBUG Engine               - version: 1.0
14:13:58.303 [FXGL Background Thread 3 ] DEBUG Engine               - versionCheckDays: 7
14:13:58.303 [FXGL Background Thread 3 ] DEBUG Engine               - width: 480
14:13:58.303 [FXGL Background Thread 3 ] DEBUG Engine               - Logging services
14:13:58.303 [FXGL Background Thread 3 ] DEBUG Engine               - class com.almasb.fxgl.app.services.FXGLAssetLoaderService
14:13:58.303 [FXGL Background Thread 3 ] DEBUG Engine               - class com.almasb.fxgl.app.FXGLApplication$GameApplicationService
14:13:58.303 [FXGL Background Thread 3 ] DEBUG Engine               - class com.almasb.fxgl.app.services.FXGLDialogService
14:13:58.303 [FXGL Background Thread 3 ] DEBUG Engine               - class com.almasb.fxgl.app.services.IOTaskExecutorService
14:13:58.303 [FXGL Background Thread 3 ] DEBUG Engine               - class com.almasb.fxgl.io.FileSystemService
14:13:58.303 [FXGL Background Thread 3 ] DEBUG Engine               - class com.almasb.fxgl.localization.LocalizationService
14:13:58.303 [FXGL Background Thread 3 ] DEBUG Engine               - class com.almasb.fxgl.app.services.SystemBundleService
14:13:58.303 [FXGL Background Thread 3 ] DEBUG Engine               - class com.almasb.fxgl.profile.SaveLoadService
14:13:58.303 [FXGL Background Thread 3 ] DEBUG Engine               - class com.almasb.fxgl.ui.FXGLUIFactoryServiceProvider
14:13:58.303 [FXGL Background Thread 3 ] DEBUG Engine               - class com.almasb.fxgl.ui.FXGLDialogFactoryServiceProvider
14:13:58.303 [FXGL Background Thread 3 ] DEBUG Engine               - class com.almasb.fxgl.audio.AudioPlayer
14:13:58.304 [FXGL Background Thread 3 ] DEBUG Engine               - class com.almasb.fxgl.notification.impl.NotificationServiceProvider
14:13:58.304 [FXGL Background Thread 3 ] DEBUG Engine               - class com.almasb.fxgl.achievement.AchievementService
14:13:58.304 [FXGL Background Thread 3 ] DEBUG Engine               - class com.almasb.fxgl.cutscene.CutsceneService
14:13:58.304 [FXGL Background Thread 3 ] DEBUG Engine               - class com.almasb.fxgl.minigames.MiniGameService
14:13:58.304 [FXGL Background Thread 3 ] DEBUG Engine               - class com.almasb.fxgl.net.NetService
14:13:58.304 [FXGL Background Thread 3 ] DEBUG Engine               - class com.almasb.fxgl.app.services.UpdaterService
14:13:58.304 [FXGL Background Thread 3 ] DEBUG Engine               - class com.almasb.fxgl.dev.DevService
14:14:06.124 [JavaFX Application Thread] DEBUG PrimaryStageWindow   - Push state: DialogSubScene
14:14:06.124 [JavaFX Application Thread] DEBUG Input                - Clearing active input actions
14:14:06.125 [JavaFX Application Thread] DEBUG GameApplicationServi - Removing overlay from GameScene and adding to DialogSubScene
14:14:06.125 [JavaFX Application Thread] DEBUG PrimaryStageWindow   - GameScene -> DialogSubScene
14:14:07.785 [JavaFX Application Thread] DEBUG PrimaryStageWindow   - Pop state: DialogSubScene
14:14:07.785 [JavaFX Application Thread] DEBUG Input                - Clearing active input actions
14:14:07.786 [JavaFX Application Thread] DEBUG GameApplicationServi - Removing overlay from DialogSubScene and adding to GameScene
14:14:07.786 [JavaFX Application Thread] DEBUG PrimaryStageWindow   - GameScene <- DialogSubScene
14:14:09.920 [JavaFX Application Thread] DEBUG PrimaryStageWindow   - Push state: DialogSubScene
14:14:09.920 [JavaFX Application Thread] DEBUG Input                - Clearing active input actions
14:14:09.920 [JavaFX Application Thread] DEBUG GameApplicationServi - Removing overlay from GameScene and adding to DialogSubScene
14:14:09.921 [JavaFX Application Thread] DEBUG PrimaryStageWindow   - GameScene -> DialogSubScene
14:14:11.164 [JavaFX Application Thread] DEBUG PrimaryStageWindow   - Pop state: DialogSubScene
14:14:11.165 [JavaFX Application Thread] DEBUG Input                - Clearing active input actions
14:14:11.165 [JavaFX Application Thread] DEBUG GameApplicationServi - Removing overlay from DialogSubScene and adding to GameScene
14:14:11.166 [JavaFX Application Thread] DEBUG PrimaryStageWindow   - GameScene <- DialogSubScene
14:14:19.040 [JavaFX Application Thread] DEBUG PrimaryStageWindow   - Push state: DialogSubScene
14:14:19.040 [JavaFX Application Thread] DEBUG Input                - Clearing active input actions
14:14:19.041 [JavaFX Application Thread] DEBUG GameApplicationServi - Removing overlay from GameScene and adding to DialogSubScene
14:14:19.041 [JavaFX Application Thread] DEBUG PrimaryStageWindow   - GameScene -> DialogSubScene
14:14:20.601 [JavaFX Application Thread] DEBUG PrimaryStageWindow   - Pop state: DialogSubScene
14:14:20.601 [JavaFX Application Thread] DEBUG Input                - Clearing active input actions
14:14:20.602 [JavaFX Application Thread] DEBUG GameApplicationServi - Removing overlay from DialogSubScene and adding to GameScene
14:14:20.603 [JavaFX Application Thread] DEBUG PrimaryStageWindow   - GameScene <- DialogSubScene
14:14:21.746 [JavaFX Application Thread] DEBUG PrimaryStageWindow   - Push state: DialogSubScene
14:14:21.746 [JavaFX Application Thread] DEBUG Input                - Clearing active input actions
14:14:21.747 [JavaFX Application Thread] DEBUG GameApplicationServi - Removing overlay from GameScene and adding to DialogSubScene
14:14:21.747 [JavaFX Application Thread] DEBUG PrimaryStageWindow   - GameScene -> DialogSubScene
14:14:23.284 [JavaFX Application Thread] DEBUG PrimaryStageWindow   - Pop state: DialogSubScene
14:14:23.284 [JavaFX Application Thread] DEBUG Input                - Clearing active input actions
14:14:23.286 [JavaFX Application Thread] DEBUG GameApplicationServi - Removing overlay from DialogSubScene and adding to GameScene
14:14:23.286 [JavaFX Application Thread] DEBUG PrimaryStageWindow   - GameScene <- DialogSubScene
14:14:24.865 [JavaFX Application Thread] DEBUG PrimaryStageWindow   - Push state: DialogSubScene
14:14:24.865 [JavaFX Application Thread] DEBUG Input                - Clearing active input actions
14:14:24.866 [JavaFX Application Thread] DEBUG GameApplicationServi - Removing overlay from GameScene and adding to DialogSubScene
14:14:24.866 [JavaFX Application Thread] DEBUG PrimaryStageWindow   - GameScene -> DialogSubScene
14:14:26.189 [JavaFX Application Thread] DEBUG PrimaryStageWindow   - Pop state: DialogSubScene
14:14:26.190 [JavaFX Application Thread] DEBUG Input                - Clearing active input actions
14:14:26.191 [JavaFX Application Thread] DEBUG GameApplicationServi - Removing overlay from DialogSubScene and adding to GameScene
14:14:26.191 [JavaFX Application Thread] DEBUG PrimaryStageWindow   - GameScene <- DialogSubScene
14:14:27.008 [JavaFX Application Thread] DEBUG PrimaryStageWindow   - Push state: DialogSubScene
14:14:27.009 [JavaFX Application Thread] DEBUG Input                - Clearing active input actions
14:14:27.009 [JavaFX Application Thread] DEBUG GameApplicationServi - Removing overlay from GameScene and adding to DialogSubScene
14:14:27.010 [JavaFX Application Thread] DEBUG PrimaryStageWindow   - GameScene -> DialogSubScene
14:14:29.175 [JavaFX Application Thread] DEBUG PrimaryStageWindow   - Pop state: DialogSubScene
14:14:29.175 [JavaFX Application Thread] DEBUG Input                - Clearing active input actions
14:14:29.178 [JavaFX Application Thread] DEBUG GameApplicationServi - Removing overlay from DialogSubScene and adding to GameScene
14:14:29.178 [JavaFX Application Thread] DEBUG PrimaryStageWindow   - GameScene <- DialogSubScene
14:15:26.290 [JavaFX Application Thread] DEBUG PrimaryStageWindow   - Push state: DialogSubScene
14:15:26.290 [JavaFX Application Thread] DEBUG Input                - Clearing active input actions
14:15:26.291 [JavaFX Application Thread] DEBUG GameApplicationServi - Removing overlay from GameScene and adding to DialogSubScene
14:15:26.292 [JavaFX Application Thread] DEBUG PrimaryStageWindow   - GameScene -> DialogSubScene
14:15:29.218 [JavaFX Application Thread] DEBUG PrimaryStageWindow   - Pop state: DialogSubScene
14:15:29.218 [JavaFX Application Thread] DEBUG Input                - Clearing active input actions
14:15:29.220 [JavaFX Application Thread] DEBUG GameApplicationServi - Removing overlay from DialogSubScene and adding to GameScene
14:15:29.221 [JavaFX Application Thread] DEBUG PrimaryStageWindow   - GameScene <- DialogSubScene
14:16:37.024 [JavaFX Application Thread] DEBUG LoopRunner           - Stopping loop
14:16:37.028 [JavaFX Application Thread] FATAL FXGLApplication      - Uncaught Exception:
java.lang.NullPointerException: Cannot invoke "com.almasb.fxgl.entity.Entity.removeFromWorld()" because the return value of "org.example.demo.Boss.getEntity()" is null
	at org.example.demo/org.example.demo.Boss.lambda$bossDie$0(Boss.java:123)
	at com.almasb.fxgl.core@17.3/com.almasb.fxgl.time.TimerAction.update(TimerAction.kt:69)
	at com.almasb.fxgl.core@17.3/com.almasb.fxgl.time.Timer.update(Timer.kt:38)
	at com.almasb.fxgl.scene@17.3/com.almasb.fxgl.scene.Scene.update(Scene.kt:104)
	at com.almasb.fxgl.all@17.3/com.almasb.fxgl.app.MainWindow$update$1.invoke(MainWindow.kt:115)
	at com.almasb.fxgl.all@17.3/com.almasb.fxgl.app.MainWindow$update$1.invoke(MainWindow.kt:115)
	at com.almasb.fxgl.core@17.3/com.almasb.fxgl.core.fsm.StateMachine.runOnActiveStates(StateMachine.kt:69)
	at com.almasb.fxgl.all@17.3/com.almasb.fxgl.app.MainWindow.update(MainWindow.kt:115)
	at com.almasb.fxgl.all@17.3/com.almasb.fxgl.app.FXGLApplication$GameApplicationService.onUpdate(FXGLApplication.kt:426)
	at com.almasb.fxgl.all@17.3/com.almasb.fxgl.app.Engine.loop(Engine.kt:134)
	at com.almasb.fxgl.all@17.3/com.almasb.fxgl.app.Engine.access$loop(Engine.kt:24)
	at com.almasb.fxgl.all@17.3/com.almasb.fxgl.app.Engine$loop$1.invoke(Engine.kt:28)
	at com.almasb.fxgl.all@17.3/com.almasb.fxgl.app.Engine$loop$1.invoke(Engine.kt:28)
	at com.almasb.fxgl.all@17.3/com.almasb.fxgl.app.LoopRunner.frame(LoopRunner.kt:103)
	at com.almasb.fxgl.all@17.3/com.almasb.fxgl.app.LoopRunner.access$frame(LoopRunner.kt:23)
	at com.almasb.fxgl.all@17.3/com.almasb.fxgl.app.LoopRunner$impl$2$1.onTick(LoopRunner.kt:57)
	at com.almasb.fxgl.all@17.3/com.almasb.fxgl.app.AnimationTimerLoop$timer$1.handle(LoopRunner.kt:137)
	at javafx.graphics/javafx.animation.AnimationTimer$AnimationTimerReceiver.lambda$handle$0(AnimationTimer.java:58)
	at java.base/java.security.AccessController.doPrivileged(AccessController.java:400)
	at javafx.graphics/javafx.animation.AnimationTimer$AnimationTimerReceiver.handle(AnimationTimer.java:57)
	at javafx.graphics/com.sun.scenario.animation.AbstractPrimaryTimer.timePulseImpl(AbstractPrimaryTimer.java:356)
	at javafx.graphics/com.sun.scenario.animation.AbstractPrimaryTimer$MainLoop.run(AbstractPrimaryTimer.java:266)
	at javafx.graphics/com.sun.javafx.tk.quantum.QuantumToolkit.pulse(QuantumToolkit.java:571)
	at javafx.graphics/com.sun.javafx.tk.quantum.QuantumToolkit.pulse(QuantumToolkit.java:555)
	at javafx.graphics/com.sun.javafx.tk.quantum.QuantumToolkit.pulseFromQueue(QuantumToolkit.java:548)
	at javafx.graphics/com.sun.javafx.tk.quantum.QuantumToolkit.lambda$runToolkit$11(QuantumToolkit.java:353)
	at javafx.graphics/com.sun.glass.ui.InvokeLaterDispatcher$Future.run(InvokeLaterDispatcher.java:96)
	at javafx.graphics/com.sun.glass.ui.win.WinApplication._runLoop(Native Method)
	at javafx.graphics/com.sun.glass.ui.win.WinApplication.lambda$runLoop$3(WinApplication.java:184)
	at java.base/java.lang.Thread.run(Thread.java:1575)

14:16:37.028 [JavaFX Application Thread] FATAL FXGLApplication      - Application will now exit
14:16:37.046 [JavaFX Application Thread] DEBUG PrimaryStageWindow   - Push state: ErrorSubScene
14:16:37.046 [JavaFX Application Thread] DEBUG Input                - Clearing active input actions
14:16:37.050 [JavaFX Application Thread] DEBUG GameApplicationServi - Removing overlay from GameScene and adding to ErrorSubScene
14:16:37.050 [JavaFX Application Thread] DEBUG PrimaryStageWindow   - GameScene -> ErrorSubScene
14:16:56.849 [JavaFX Application Thread] DEBUG FXGLApplication      - Exiting FXGL
14:16:56.849 [JavaFX Application Thread] DEBUG Async                - Shutting down background threads
14:16:56.851 [JavaFX Application Thread] DEBUG PrimaryStageWindow   - Closing main window
14:16:56.880 [JavaFX Application Thread] DEBUG Logger               - Closing Logger
