17:19:57.495 [main                     ] DEBUG Logger               - Configured Logger
17:19:57.524 [main                     ] DEBUG GameApplication      - Logging settings
Title: Bomberman Game
Version: 1.0
Width: 480
Height: 480
Fullscreen: false
Intro: false
Profiling: false
Single step:false
App Mode: DEVELOPER
Menu Key: ESCAPE
Stage Style: DECORATED
Scene Factory: class com.almasb.fxgl.app.scene.SceneFactory

17:19:57.848 [JavaFX Application Thread] DEBUG FXGLApplication      - Initializing FXGL
17:19:57.853 [JavaFX Application Thread] INFO  Engine               - FXGL-17.3 (30.03.2023 11.49) on WINDOWS (J:23.0.2 FX:17.0.6)
17:19:57.854 [JavaFX Application Thread] DEBUG Engine               - JRE Vendor Name: Oracle Corporation
17:19:57.854 [JavaFX Application Thread] DEBUG Engine               - Running on OS: Windows 11 version 10.0
17:19:57.854 [JavaFX Application Thread] DEBUG Engine               - Architecture: amd64
17:19:57.854 [JavaFX Application Thread] INFO  Engine               - Source code and latest versions at: https://github.com/AlmasB/FXGL
17:19:57.854 [JavaFX Application Thread] INFO  Engine               -       Ask questions and discuss at: https://github.com/AlmasB/FXGL/discussions
17:19:57.854 [JavaFX Application Thread] INFO  Engine               -              Join the FXGL chat at: https://gitter.im/AlmasB/FXGL
17:19:57.941 [JavaFX Application Thread] DEBUG PrimaryStageWindow   - Creating a JavaFX scene
17:19:57.987 [JavaFX Application Thread] DEBUG PrimaryStageWindow   - Target settings size: 480.0 x 480.0
17:19:57.987 [JavaFX Application Thread] DEBUG PrimaryStageWindow   - Scaled scene size:    480.0 x 480.0
17:19:57.988 [JavaFX Application Thread] DEBUG PrimaryStageWindow   - Scaled ratio: (1.0, 1.0)
17:19:57.988 [JavaFX Application Thread] DEBUG PrimaryStageWindow   - Set initial scene to FXGLStartupScene
17:19:57.994 [JavaFX Application Thread] DEBUG PrimaryStageWindow   - Opening main window
17:19:58.079 [JavaFX Application Thread] DEBUG PrimaryStageWindow   - Window border size: (14.666656494140625, 37.33331298828125)
17:19:58.079 [JavaFX Application Thread] DEBUG PrimaryStageWindow   - Scaled size: 480.0 x 480.0
17:19:58.080 [JavaFX Application Thread] DEBUG PrimaryStageWindow   - Scaled ratio: (1.0, 1.0)
17:19:58.080 [JavaFX Application Thread] DEBUG PrimaryStageWindow   - Scene size: 480.0 x 480.0
17:19:58.080 [JavaFX Application Thread] DEBUG PrimaryStageWindow   - Stage size: 494.6666564941406 x 517.3333129882812
17:19:58.088 [FXGL Background Thread 1 ] DEBUG Engine               - Initializing environment variables
17:19:58.171 [FXGL Background Thread 1 ] DEBUG FXGLAssetLoaderServi - User app class for loading assets: class org.example.demo.HelloApplication
17:19:58.171 [FXGL Background Thread 1 ] DEBUG GameApplicationServi - Applying CSS: fxgl_dark.css
17:19:58.172 [FXGL Background Thread 1 ] DEBUG FXGLAssetLoaderServi - Loading from file system: jar:file:///C:/Users/admin/.m2/repository/com/github/almasb/fxgl/17.3/fxgl-17.3.jar!/fxglassets/ui/css/fxgl_dark.css
17:19:58.219 [FXGL Background Thread 1 ] DEBUG GameApplicationServi - Initializing application scenes
17:19:58.264 [FXGL Background Thread 1 ] DEBUG GameWorld            - Game world initialized
17:19:58.340 [FXGL Background Thread 1 ] DEBUG PhysicsWorld         - Physics world initialized: appHeight=480, physics.ppm=50.0
17:19:58.341 [FXGL Background Thread 1 ] DEBUG PhysicsWorld         - Using strategy: BRUTE_FORCE
17:19:58.346 [FXGL Background Thread 1 ] DEBUG GameScene            - Game scene initialized: 480x480
17:19:58.362 [FXGL Background Thread 1 ] WARN  FXGL.DefaultMenu     - FXGLDefaultMenu is not designed for resolutions < 800x600
17:19:58.362 [FXGL Background Thread 1 ] DEBUG FXGL.DefaultMenu     - createMenuBodyGameMenu()
17:19:58.377 [FXGL Background Thread 1 ] DEBUG FXGL.DefaultMenu     - createOptionsMenu()
17:19:58.390 [FXGL Background Thread 1 ] DEBUG FXGLAssetLoaderServi - Loading from file system: jar:file:///C:/Users/admin/.m2/repository/com/github/almasb/fxgl/17.3/fxgl-17.3.jar!/fxglassets/textures/particles/smoke.png
17:19:58.487 [FXGL Background Thread 1 ] DEBUG FXGLAssetLoaderServi - Loading from file system: jar:file:///C:/Users/admin/.m2/repository/com/github/almasb/fxgl/17.3/fxgl-17.3.jar!/fxglassets/textures/particles/trace_horizontal.png
17:19:58.518 [FXGL Background Thread 1 ] DEBUG GameApplicationServi - Application scenes initialized
17:19:58.528 [FXGL Background Thread 1 ] DEBUG SystemBundleService  - Loading FXGL system data
17:19:58.533 [FXGL Background Thread 1 ] DEBUG FileSystemAccess     - Reading from: C:\Users\admin\OneDrive\Máy tính\btl\baitaplonOOP\system\fxgl.bundle
17:19:58.540 [FXGL Background Thread 1 ] DEBUG SystemBundleService  - Bundle FXGL: {}
17:19:58.540 [FXGL Background Thread 1 ] DEBUG UpdaterService       - Checking for updates
17:19:58.546 [FXGL Background Thread 4 ] DEBUG FXGLApplication      - Loading fonts
17:19:58.546 [FXGL Background Thread 4 ] DEBUG FXGLAssetLoaderServi - Loading from file system: jar:file:///C:/Users/admin/.m2/repository/com/github/almasb/fxgl/17.3/fxgl-17.3.jar!/fxglassets/ui/fonts/VarelaRound-Regular.ttf
17:19:58.546 [FXGL Background Thread 1 ] DEBUG FXGLApplication      - Loading default localization
17:19:58.547 [FXGL Background Thread 1 ] DEBUG FXGLAssetLoaderServi - Loading from file system: jar:file:///C:/Users/admin/.m2/repository/com/github/almasb/fxgl/17.3/fxgl-17.3.jar!/fxglassets/languages/english.lang
17:19:58.572 [FXGL Background Thread 1 ] INFO  FXGLApplication      - FXGL initialization took: 0.484 sec
17:19:58.573 [JavaFX Application Thread] DEBUG FXGLAssetLoaderServi - Loading from file system: jar:file:///C:/Users/admin/.m2/repository/com/github/almasb/fxgl/17.3/fxgl-17.3.jar!/fxglassets/textures/fxgl_icon.png
17:19:58.592 [JavaFX Application Thread] DEBUG FXGLAssetLoaderServi - Loading from file system: jar:file:///C:/Users/admin/.m2/repository/com/github/almasb/fxgl/17.3/fxgl-17.3.jar!/fxglassets/textures/fxgl_default_cursor.png
17:19:58.596 [FXGL Background Thread 4 ] DEBUG FXGLAssetLoaderServi - Loading from file system: jar:file:///C:/Users/admin/.m2/repository/com/github/almasb/fxgl/17.3/fxgl-17.3.jar!/fxglassets/ui/fonts/Abel-Regular.ttf
17:19:58.608 [JavaFX Application Thread] DEBUG Input                - Registered new binding: Screenshot - CTRL+8
17:19:58.609 [JavaFX Application Thread] DEBUG Input                - Registered new binding: System info dump - CTRL+9
17:19:58.609 [JavaFX Application Thread] DEBUG Input                - Registered new binding: Restart - CTRL+R
17:19:58.609 [JavaFX Application Thread] DEBUG Input                - Registered new binding: Toggle Debug Camera - CTRL+7
17:19:58.612 [JavaFX Application Thread] DEBUG LoopRunner           - Starting loop
17:19:58.612 [JavaFX Application Thread] DEBUG LoopRunner           - Initializing JavaFX AnimationTimerLoop
17:19:58.613 [FXGL Background Thread 4 ] DEBUG FXGLAssetLoaderServi - Loading from file system: jar:file:///C:/Users/admin/.m2/repository/com/github/almasb/fxgl/17.3/fxgl-17.3.jar!/fxglassets/ui/fonts/TerminalLandMono-Regular.otf
17:19:58.614 [JavaFX Application Thread] DEBUG GameApplicationServi - Starting new game
17:19:58.614 [JavaFX Application Thread] DEBUG Input                - Clearing active input actions
17:19:58.625 [JavaFX Application Thread] DEBUG GameApplicationServi - Removing overlay from FXGLStartupScene and adding to FXGLLoadingScene
17:19:58.625 [JavaFX Application Thread] DEBUG PrimaryStageWindow   - FXGLStartupScene -> FXGLLoadingScene
17:19:58.625 [JavaFX Application Thread] DEBUG GameApplicationServi - Clearing previous game
17:19:58.625 [JavaFX Application Thread] DEBUG GameScene            - Clearing game scene
17:19:58.625 [JavaFX Application Thread] DEBUG GameWorld            - Clearing game world
17:19:58.626 [JavaFX Application Thread] DEBUG PhysicsWorld         - Clearing physics world
17:19:58.628 [FXGL Background Thread 1 ] DEBUG FXGLApplication      - Initializing game
17:19:58.628 [FXGL Background Thread 4 ] DEBUG FXGLAssetLoaderServi - Loading from file system: jar:file:///C:/Users/admin/.m2/repository/com/github/almasb/fxgl/17.3/fxgl-17.3.jar!/fxglassets/ui/fonts/Courier-Prime.ttf
17:19:58.685 [JavaFX Application Thread] DEBUG FXGLApplication      - Registering font factories with UI factory
17:19:58.933 [FXGL Background Thread 1 ] DEBUG Input                - Clearing active input actions
17:19:58.933 [FXGL Background Thread 1 ] DEBUG Input                - Registered new binding: Move Up - W
17:19:58.934 [FXGL Background Thread 1 ] DEBUG Input                - Registered new binding: Move Down - S
17:19:58.934 [FXGL Background Thread 1 ] DEBUG Input                - Registered new binding: Move Left - A
17:19:58.934 [FXGL Background Thread 1 ] DEBUG Input                - Registered new binding: Move Right - D
17:19:58.934 [FXGL Background Thread 1 ] DEBUG Input                - Registered new binding: Đặt bom - Space
17:19:58.965 [FXGL Background Thread 1 ] INFO  FXGLApplication      - Game initialization took: 0.338 sec
17:19:58.966 [JavaFX Application Thread] DEBUG Input                - Clearing active input actions
17:19:58.984 [JavaFX Application Thread] DEBUG GameApplicationServi - Removing overlay from FXGLLoadingScene and adding to GameScene
17:19:58.984 [JavaFX Application Thread] DEBUG PrimaryStageWindow   - FXGLLoadingScene -> GameScene
17:20:00.372 [FXGL Background Thread 2 ] INFO  UpdaterService       - Your current version:  17.3
17:20:00.372 [FXGL Background Thread 2 ] INFO  UpdaterService       - Latest stable version: 21.1
17:20:01.545 [FXGL Background Thread 3 ] DEBUG Engine               - Logging environment variables
17:20:01.547 [FXGL Background Thread 3 ] DEBUG Engine               - achievements: []
17:20:01.548 [FXGL Background Thread 3 ] DEBUG Engine               - actualHeight: 480.0
17:20:01.548 [FXGL Background Thread 3 ] DEBUG Engine               - actualHeightProperty: ReadOnlyDoubleProperty [value: 480.0]
17:20:01.548 [FXGL Background Thread 3 ] DEBUG Engine               - actualWidth: 480.0
17:20:01.548 [FXGL Background Thread 3 ] DEBUG Engine               - actualWidthProperty: ReadOnlyDoubleProperty [value: 480.0]
17:20:01.549 [FXGL Background Thread 3 ] DEBUG Engine               - appIcon: fxgl_icon.png
17:20:01.549 [FXGL Background Thread 3 ] DEBUG Engine               - applicationMode: DEVELOPER
17:20:01.549 [FXGL Background Thread 3 ] DEBUG Engine               - cSSList: [fxgl_dark.css]
17:20:01.549 [FXGL Background Thread 3 ] DEBUG Engine               - collisionDetectionStrategy: BRUTE_FORCE
17:20:01.549 [FXGL Background Thread 3 ] DEBUG Engine               - configClass: Optional.empty
17:20:01.549 [FXGL Background Thread 3 ] DEBUG Engine               - credits: []
17:20:01.551 [FXGL Background Thread 3 ] DEBUG Engine               - defaultCursor: CursorInfo(imageName=fxgl_default_cursor.png, hotspotX=7.0, hotspotY=6.0)
17:20:01.551 [FXGL Background Thread 3 ] DEBUG Engine               - devBBoxColorProperty: ObjectProperty [value: 0xff0000ff]
17:20:01.552 [FXGL Background Thread 3 ] DEBUG Engine               - devEnableDebugCameraProperty: BooleanProperty [value: false]
17:20:01.552 [FXGL Background Thread 3 ] DEBUG Engine               - devSensorColorProperty: ObjectProperty [value: 0xffff00ff]
17:20:01.552 [FXGL Background Thread 3 ] DEBUG Engine               - devShowBBoxProperty: BooleanProperty [value: false]
17:20:01.552 [FXGL Background Thread 3 ] DEBUG Engine               - devShowPositionProperty: BooleanProperty [value: false]
17:20:01.552 [FXGL Background Thread 3 ] DEBUG Engine               - enabledMenuItems: []
17:20:01.553 [FXGL Background Thread 3 ] DEBUG Engine               - engineServices: [class com.almasb.fxgl.app.services.FXGLAssetLoaderService, class com.almasb.fxgl.app.FXGLApplication$GameApplicationService, class com.almasb.fxgl.app.services.FXGLDialogService, class com.almasb.fxgl.app.services.IOTaskExecutorService, class com.almasb.fxgl.io.FileSystemService, class com.almasb.fxgl.localization.LocalizationService, class com.almasb.fxgl.app.services.SystemBundleService, class com.almasb.fxgl.profile.SaveLoadService, class com.almasb.fxgl.ui.FXGLUIFactoryServiceProvider, class com.almasb.fxgl.ui.FXGLDialogFactoryServiceProvider, class com.almasb.fxgl.audio.AudioPlayer, class com.almasb.fxgl.notification.impl.NotificationServiceProvider, class com.almasb.fxgl.achievement.AchievementService, class com.almasb.fxgl.cutscene.CutsceneService, class com.almasb.fxgl.minigames.MiniGameService, class com.almasb.fxgl.net.NetService, class com.almasb.fxgl.app.services.UpdaterService, class com.almasb.fxgl.dev.DevService]
17:20:01.553 [FXGL Background Thread 3 ] DEBUG Engine               - fontGame: Abel-Regular.ttf
17:20:01.553 [FXGL Background Thread 3 ] DEBUG Engine               - fontMono: TerminalLandMono-Regular.otf
17:20:01.553 [FXGL Background Thread 3 ] DEBUG Engine               - fontSizeScaleUI: 1.0
17:20:01.554 [FXGL Background Thread 3 ] DEBUG Engine               - fontText: Courier-Prime.ttf
17:20:01.554 [FXGL Background Thread 3 ] DEBUG Engine               - fontUI: VarelaRound-Regular.ttf
17:20:01.554 [FXGL Background Thread 3 ] DEBUG Engine               - fullScreen: BooleanProperty [value: false]
17:20:01.554 [FXGL Background Thread 3 ] DEBUG Engine               - gameDifficulty: MEDIUM
17:20:01.554 [FXGL Background Thread 3 ] DEBUG Engine               - gameDifficultyProperty: ObjectProperty [value: MEDIUM]
17:20:01.554 [FXGL Background Thread 3 ] DEBUG Engine               - globalMusicVolume: 0.5
17:20:01.555 [FXGL Background Thread 3 ] DEBUG Engine               - globalMusicVolumeProperty: DoubleProperty [value: 0.5]
17:20:01.555 [FXGL Background Thread 3 ] DEBUG Engine               - globalSoundVolume: 0.5
17:20:01.555 [FXGL Background Thread 3 ] DEBUG Engine               - globalSoundVolumeProperty: DoubleProperty [value: 0.5]
17:20:01.555 [FXGL Background Thread 3 ] DEBUG Engine               - height: 480
17:20:01.555 [FXGL Background Thread 3 ] DEBUG Engine               - is3D: false
17:20:01.555 [FXGL Background Thread 3 ] DEBUG Engine               - isAndroid: false
17:20:01.555 [FXGL Background Thread 3 ] DEBUG Engine               - isBrowser: false
17:20:01.556 [FXGL Background Thread 3 ] DEBUG Engine               - isClickFeedbackEnabled: false
17:20:01.556 [FXGL Background Thread 3 ] DEBUG Engine               - isCloseConfirmation: false
17:20:01.556 [FXGL Background Thread 3 ] DEBUG Engine               - isDesktop: true
17:20:01.556 [FXGL Background Thread 3 ] DEBUG Engine               - isDeveloperMenuEnabled: false
17:20:01.556 [FXGL Background Thread 3 ] DEBUG Engine               - isEmbedded: false
17:20:01.556 [FXGL Background Thread 3 ] DEBUG Engine               - isEntityPreloadEnabled: true
17:20:01.556 [FXGL Background Thread 3 ] DEBUG Engine               - isExperimentalTiledLargeMap: false
17:20:01.557 [FXGL Background Thread 3 ] DEBUG Engine               - isFileSystemWriteAllowed: true
17:20:01.557 [FXGL Background Thread 3 ] DEBUG Engine               - isFullScreenAllowed: false
17:20:01.557 [FXGL Background Thread 3 ] DEBUG Engine               - isFullScreenFromStart: false
17:20:01.557 [FXGL Background Thread 3 ] DEBUG Engine               - isGameMenuEnabled: true
17:20:01.557 [FXGL Background Thread 3 ] DEBUG Engine               - isIOS: false
17:20:01.557 [FXGL Background Thread 3 ] DEBUG Engine               - isIntroEnabled: false
17:20:01.557 [FXGL Background Thread 3 ] DEBUG Engine               - isLinux: false
17:20:01.557 [FXGL Background Thread 3 ] DEBUG Engine               - isMac: false
17:20:01.557 [FXGL Background Thread 3 ] DEBUG Engine               - isMainMenuEnabled: false
17:20:01.557 [FXGL Background Thread 3 ] DEBUG Engine               - isManualResizeEnabled: false
17:20:01.558 [FXGL Background Thread 3 ] DEBUG Engine               - isMobile: false
17:20:01.558 [FXGL Background Thread 3 ] DEBUG Engine               - isNative: false
17:20:01.558 [FXGL Background Thread 3 ] DEBUG Engine               - isPauseMusicWhenMinimized: true
17:20:01.558 [FXGL Background Thread 3 ] DEBUG Engine               - isPreserveResizeRatio: false
17:20:01.558 [FXGL Background Thread 3 ] DEBUG Engine               - isProfilingEnabled: false
17:20:01.558 [FXGL Background Thread 3 ] DEBUG Engine               - isScaleAffectedOnResize: true
17:20:01.558 [FXGL Background Thread 3 ] DEBUG Engine               - isSingleStep: false
17:20:01.558 [FXGL Background Thread 3 ] DEBUG Engine               - isUserProfileEnabled: false
17:20:01.558 [FXGL Background Thread 3 ] DEBUG Engine               - isWindows: true
17:20:01.558 [FXGL Background Thread 3 ] DEBUG Engine               - language: ObjectProperty [value: ENGLISH]
17:20:01.558 [FXGL Background Thread 3 ] DEBUG Engine               - menuKey: ESCAPE
17:20:01.558 [FXGL Background Thread 3 ] DEBUG Engine               - mouseSensitivity: 0.2
17:20:01.558 [FXGL Background Thread 3 ] DEBUG Engine               - notificationViewClass: class com.almasb.fxgl.notification.view.XboxNotificationView
17:20:01.558 [FXGL Background Thread 3 ] DEBUG Engine               - pixelsPerMeter: 50.0
17:20:01.558 [FXGL Background Thread 3 ] DEBUG Engine               - platform: WINDOWS
17:20:01.559 [FXGL Background Thread 3 ] DEBUG Engine               - prefHeightProperty: ReadOnlyDoubleProperty [value: 480.0]
17:20:01.559 [FXGL Background Thread 3 ] DEBUG Engine               - prefWidthProperty: ReadOnlyDoubleProperty [value: 480.0]
17:20:01.559 [FXGL Background Thread 3 ] DEBUG Engine               - profileDir: profiles/
17:20:01.559 [FXGL Background Thread 3 ] DEBUG Engine               - profileName: StringProperty [value: DEFAULT]
17:20:01.559 [FXGL Background Thread 3 ] DEBUG Engine               - randomSeed: -1
17:20:01.560 [FXGL Background Thread 3 ] DEBUG Engine               - runtimeInfo: RuntimeInfo(platform=WINDOWS, version=17.3, build=30.03.2023 11.49)
17:20:01.560 [FXGL Background Thread 3 ] DEBUG Engine               - saveFileExt: sav
17:20:01.560 [FXGL Background Thread 3 ] DEBUG Engine               - scaledHeightProp$fxgl: DoubleProperty [bound, value: 480.0]
17:20:01.560 [FXGL Background Thread 3 ] DEBUG Engine               - scaledWidthProp$fxgl: DoubleProperty [bound, value: 480.0]
17:20:01.560 [FXGL Background Thread 3 ] DEBUG Engine               - sceneFactory: com.almasb.fxgl.app.scene.SceneFactory@2ef6e443
17:20:01.560 [FXGL Background Thread 3 ] DEBUG Engine               - secondsIn24h: 60
17:20:01.560 [FXGL Background Thread 3 ] DEBUG Engine               - soundMenuBack: menu/back.wav
17:20:01.560 [FXGL Background Thread 3 ] DEBUG Engine               - soundMenuPress: menu/press.wav
17:20:01.560 [FXGL Background Thread 3 ] DEBUG Engine               - soundMenuSelect: menu/select.wav
17:20:01.560 [FXGL Background Thread 3 ] DEBUG Engine               - soundNotification: core/notification.wav
17:20:01.560 [FXGL Background Thread 3 ] DEBUG Engine               - stageStyle: DECORATED
17:20:01.561 [FXGL Background Thread 3 ] DEBUG Engine               - supportedLanguages: [ENGLISH, FRENCH, GERMAN, HUNGARIAN, RUSSIAN]
17:20:01.562 [FXGL Background Thread 3 ] DEBUG Engine               - ticksPerSecond: -1
17:20:01.562 [FXGL Background Thread 3 ] DEBUG Engine               - title: Bomberman Game
17:20:01.562 [FXGL Background Thread 3 ] DEBUG Engine               - urlGithub: https://github.com/AlmasB/FXGL
17:20:01.562 [FXGL Background Thread 3 ] DEBUG Engine               - urlLeaderboard: http://fxgl-top.herokuapp.com/
17:20:01.562 [FXGL Background Thread 3 ] DEBUG Engine               - urlPOM: https://raw.githubusercontent.com/AlmasB/FXGL/release/README.md
17:20:01.562 [FXGL Background Thread 3 ] DEBUG Engine               - userAppClass: class org.example.demo.HelloApplication
17:20:01.562 [FXGL Background Thread 3 ] DEBUG Engine               - version: 1.0
17:20:01.563 [FXGL Background Thread 3 ] DEBUG Engine               - versionCheckDays: 7
17:20:01.563 [FXGL Background Thread 3 ] DEBUG Engine               - width: 480
17:20:01.563 [FXGL Background Thread 3 ] DEBUG Engine               - Logging services
17:20:01.563 [FXGL Background Thread 3 ] DEBUG Engine               - class com.almasb.fxgl.app.services.FXGLAssetLoaderService
17:20:01.563 [FXGL Background Thread 3 ] DEBUG Engine               - class com.almasb.fxgl.app.FXGLApplication$GameApplicationService
17:20:01.563 [FXGL Background Thread 3 ] DEBUG Engine               - class com.almasb.fxgl.app.services.FXGLDialogService
17:20:01.563 [FXGL Background Thread 3 ] DEBUG Engine               - class com.almasb.fxgl.app.services.IOTaskExecutorService
17:20:01.563 [FXGL Background Thread 3 ] DEBUG Engine               - class com.almasb.fxgl.io.FileSystemService
17:20:01.563 [FXGL Background Thread 3 ] DEBUG Engine               - class com.almasb.fxgl.localization.LocalizationService
17:20:01.563 [FXGL Background Thread 3 ] DEBUG Engine               - class com.almasb.fxgl.app.services.SystemBundleService
17:20:01.563 [FXGL Background Thread 3 ] DEBUG Engine               - class com.almasb.fxgl.profile.SaveLoadService
17:20:01.563 [FXGL Background Thread 3 ] DEBUG Engine               - class com.almasb.fxgl.ui.FXGLUIFactoryServiceProvider
17:20:01.563 [FXGL Background Thread 3 ] DEBUG Engine               - class com.almasb.fxgl.ui.FXGLDialogFactoryServiceProvider
17:20:01.563 [FXGL Background Thread 3 ] DEBUG Engine               - class com.almasb.fxgl.audio.AudioPlayer
17:20:01.563 [FXGL Background Thread 3 ] DEBUG Engine               - class com.almasb.fxgl.notification.impl.NotificationServiceProvider
17:20:01.563 [FXGL Background Thread 3 ] DEBUG Engine               - class com.almasb.fxgl.achievement.AchievementService
17:20:01.563 [FXGL Background Thread 3 ] DEBUG Engine               - class com.almasb.fxgl.cutscene.CutsceneService
17:20:01.563 [FXGL Background Thread 3 ] DEBUG Engine               - class com.almasb.fxgl.minigames.MiniGameService
17:20:01.563 [FXGL Background Thread 3 ] DEBUG Engine               - class com.almasb.fxgl.net.NetService
17:20:01.563 [FXGL Background Thread 3 ] DEBUG Engine               - class com.almasb.fxgl.app.services.UpdaterService
17:20:01.563 [FXGL Background Thread 3 ] DEBUG Engine               - class com.almasb.fxgl.dev.DevService
17:20:16.211 [JavaFX Application Thread] DEBUG FXGLApplication      - Exiting FXGL
17:20:16.211 [JavaFX Application Thread] DEBUG LoopRunner           - Stopping loop
17:20:16.211 [JavaFX Application Thread] DEBUG SystemBundleService  - Saving FXGL system data
17:20:16.214 [JavaFX Application Thread] DEBUG FileSystemAccess     - Writing to: C:\Users\admin\OneDrive\Máy tính\btl\baitaplonOOP\system\fxgl.bundle
17:20:16.215 [JavaFX Application Thread] DEBUG Async                - Shutting down background threads
17:20:16.215 [JavaFX Application Thread] DEBUG PrimaryStageWindow   - Closing main window
17:20:16.234 [JavaFX Application Thread] DEBUG Logger               - Closing Logger
