14:31:26.139 [main                     ] DEBUG Logger               - Configured Logger
14:31:26.163 [main                     ] DEBUG GameApplication      - Logging settings
Title: Bomberman Game
Version: 1.0
Width: 480
Height: 480
Fullscreen: false
Intro: false
Profiling: false
Single step:false
App Mode: DEVELOPER
Menu Key: ESCAPE
Stage Style: DECORATED
Scene Factory: class org.example.demo.BombermanApp$1

14:31:26.460 [JavaFX Application Thread] DEBUG FXGLApplication      - Initializing FXGL
14:31:26.464 [JavaFX Application Thread] INFO  Engine               - FXGL-17.3 (30.03.2023 11.49) on WINDOWS (J:23.0.2 FX:17.0.6)
14:31:26.464 [JavaFX Application Thread] DEBUG Engine               - JRE Vendor Name: Oracle Corporation
14:31:26.464 [JavaFX Application Thread] DEBUG Engine               - Running on OS: Windows 11 version 10.0
14:31:26.464 [JavaFX Application Thread] DEBUG Engine               - Architecture: amd64
14:31:26.464 [JavaFX Application Thread] INFO  Engine               - Source code and latest versions at: https://github.com/AlmasB/FXGL
14:31:26.464 [JavaFX Application Thread] INFO  Engine               -       Ask questions and discuss at: https://github.com/AlmasB/FXGL/discussions
14:31:26.464 [JavaFX Application Thread] INFO  Engine               -              Join the FXGL chat at: https://gitter.im/AlmasB/FXGL
14:31:26.531 [JavaFX Application Thread] DEBUG PrimaryStageWindow   - Creating a JavaFX scene
14:31:26.574 [JavaFX Application Thread] DEBUG PrimaryStageWindow   - Target settings size: 480.0 x 480.0
14:31:26.574 [JavaFX Application Thread] DEBUG PrimaryStageWindow   - Scaled scene size:    480.0 x 480.0
14:31:26.574 [JavaFX Application Thread] DEBUG PrimaryStageWindow   - Scaled ratio: (1.0, 1.0)
14:31:26.576 [JavaFX Application Thread] DEBUG PrimaryStageWindow   - Set initial scene to FXGLStartupScene
14:31:26.582 [JavaFX Application Thread] DEBUG PrimaryStageWindow   - Opening main window
14:31:26.657 [JavaFX Application Thread] DEBUG PrimaryStageWindow   - Window border size: (14.666656494140625, 37.33331298828125)
14:31:26.658 [JavaFX Application Thread] DEBUG PrimaryStageWindow   - Scaled size: 480.0 x 480.0
14:31:26.658 [JavaFX Application Thread] DEBUG PrimaryStageWindow   - Scaled ratio: (1.0, 1.0)
14:31:26.658 [JavaFX Application Thread] DEBUG PrimaryStageWindow   - Scene size: 480.0 x 480.0
14:31:26.658 [JavaFX Application Thread] DEBUG PrimaryStageWindow   - Stage size: 494.6666564941406 x 517.3333129882812
14:31:26.666 [FXGL Background Thread 1 ] DEBUG Engine               - Initializing environment variables
14:31:26.736 [FXGL Background Thread 1 ] DEBUG FXGLAssetLoaderServi - User app class for loading assets: class org.example.demo.HelloApplication
14:31:26.736 [FXGL Background Thread 1 ] DEBUG GameApplicationServi - Applying CSS: fxgl_dark.css
14:31:26.737 [FXGL Background Thread 1 ] DEBUG FXGLAssetLoaderServi - Loading from file system: jar:file:///C:/Users/admin/.m2/repository/com/github/almasb/fxgl/17.3/fxgl-17.3.jar!/fxglassets/ui/css/fxgl_dark.css
14:31:26.781 [FXGL Background Thread 1 ] DEBUG GameApplicationServi - Initializing application scenes
14:31:26.818 [FXGL Background Thread 1 ] DEBUG GameWorld            - Game world initialized
14:31:26.879 [FXGL Background Thread 1 ] DEBUG PhysicsWorld         - Physics world initialized: appHeight=480, physics.ppm=50.0
14:31:26.880 [FXGL Background Thread 1 ] DEBUG PhysicsWorld         - Using strategy: BRUTE_FORCE
14:31:26.885 [FXGL Background Thread 1 ] DEBUG GameScene            - Game scene initialized: 480x480
14:31:26.902 [FXGL Background Thread 1 ] WARN  FXGL.DefaultMenu     - FXGLDefaultMenu is not designed for resolutions < 800x600
14:31:26.902 [FXGL Background Thread 1 ] DEBUG FXGL.DefaultMenu     - createMenuBodyGameMenu()
14:31:26.910 [FXGL Background Thread 1 ] DEBUG FXGL.DefaultMenu     - createOptionsMenu()
14:31:26.917 [FXGL Background Thread 1 ] DEBUG FXGLAssetLoaderServi - Loading from file system: jar:file:///C:/Users/admin/.m2/repository/com/github/almasb/fxgl/17.3/fxgl-17.3.jar!/fxglassets/textures/particles/smoke.png
14:31:26.997 [FXGL Background Thread 1 ] DEBUG FXGLAssetLoaderServi - Loading from file system: jar:file:///C:/Users/admin/.m2/repository/com/github/almasb/fxgl/17.3/fxgl-17.3.jar!/fxglassets/textures/particles/trace_horizontal.png
14:31:27.023 [FXGL Background Thread 1 ] DEBUG GameApplicationServi - Application scenes initialized
14:31:27.031 [FXGL Background Thread 1 ] DEBUG SystemBundleService  - Loading FXGL system data
14:31:27.034 [FXGL Background Thread 1 ] DEBUG FileSystemAccess     - Reading from: C:\Users\admin\OneDrive\Máy tính\btl\baitaplonOOP\system\fxgl.bundle
14:31:27.040 [FXGL Background Thread 1 ] DEBUG SystemBundleService  - Bundle FXGL: {}
14:31:27.040 [FXGL Background Thread 1 ] DEBUG UpdaterService       - Checking for updates
14:31:27.043 [FXGL Background Thread 4 ] DEBUG FXGLApplication      - Loading fonts
14:31:27.044 [FXGL Background Thread 4 ] DEBUG FXGLAssetLoaderServi - Loading from file system: jar:file:///C:/Users/admin/.m2/repository/com/github/almasb/fxgl/17.3/fxgl-17.3.jar!/fxglassets/ui/fonts/VarelaRound-Regular.ttf
14:31:27.045 [FXGL Background Thread 1 ] DEBUG FXGLApplication      - Loading default localization
14:31:27.046 [FXGL Background Thread 1 ] DEBUG FXGLAssetLoaderServi - Loading from file system: jar:file:///C:/Users/admin/.m2/repository/com/github/almasb/fxgl/17.3/fxgl-17.3.jar!/fxglassets/languages/english.lang
14:31:27.069 [FXGL Background Thread 1 ] INFO  FXGLApplication      - FXGL initialization took: 0.403 sec
14:31:27.072 [JavaFX Application Thread] DEBUG Input                - Clearing active input actions
14:31:27.080 [JavaFX Application Thread] DEBUG Input                - Registered new binding: Move Up - W
14:31:27.080 [JavaFX Application Thread] DEBUG Input                - Registered new binding: Move Down - S
14:31:27.081 [JavaFX Application Thread] DEBUG Input                - Registered new binding: Move Left - A
14:31:27.081 [JavaFX Application Thread] DEBUG Input                - Registered new binding: Move Right - D
14:31:27.081 [JavaFX Application Thread] DEBUG Input                - Registered new binding: Đặt bom - Space
14:31:27.082 [JavaFX Application Thread] DEBUG FXGLAssetLoaderServi - Loading from file system: jar:file:///C:/Users/admin/.m2/repository/com/github/almasb/fxgl/17.3/fxgl-17.3.jar!/fxglassets/textures/fxgl_icon.png
14:31:27.089 [FXGL Background Thread 4 ] DEBUG FXGLAssetLoaderServi - Loading from file system: jar:file:///C:/Users/admin/.m2/repository/com/github/almasb/fxgl/17.3/fxgl-17.3.jar!/fxglassets/ui/fonts/Abel-Regular.ttf
14:31:27.101 [JavaFX Application Thread] DEBUG FXGLAssetLoaderServi - Loading from file system: jar:file:///C:/Users/admin/.m2/repository/com/github/almasb/fxgl/17.3/fxgl-17.3.jar!/fxglassets/textures/fxgl_default_cursor.png
14:31:27.101 [FXGL Background Thread 4 ] DEBUG FXGLAssetLoaderServi - Loading from file system: jar:file:///C:/Users/admin/.m2/repository/com/github/almasb/fxgl/17.3/fxgl-17.3.jar!/fxglassets/ui/fonts/TerminalLandMono-Regular.otf
14:31:27.103 [JavaFX Application Thread] DEBUG Input                - Registered new binding: Screenshot - CTRL+8
14:31:27.103 [JavaFX Application Thread] DEBUG Input                - Registered new binding: System info dump - CTRL+9
14:31:27.104 [JavaFX Application Thread] DEBUG Input                - Registered new binding: Restart - CTRL+R
14:31:27.104 [JavaFX Application Thread] DEBUG Input                - Registered new binding: Toggle Debug Camera - CTRL+7
14:31:27.107 [JavaFX Application Thread] DEBUG LoopRunner           - Starting loop
14:31:27.107 [JavaFX Application Thread] DEBUG LoopRunner           - Initializing JavaFX AnimationTimerLoop
14:31:27.110 [JavaFX Application Thread] DEBUG Input                - Clearing active input actions
14:31:27.117 [FXGL Background Thread 4 ] DEBUG FXGLAssetLoaderServi - Loading from file system: jar:file:///C:/Users/admin/.m2/repository/com/github/almasb/fxgl/17.3/fxgl-17.3.jar!/fxglassets/ui/fonts/Courier-Prime.ttf
14:31:27.118 [JavaFX Application Thread] DEBUG GameApplicationServi - Removing overlay from FXGLStartupScene and adding to FXGLMainMenuDummyScene
14:31:27.119 [JavaFX Application Thread] DEBUG PrimaryStageWindow   - FXGLStartupScene -> FXGLMainMenuDummyScene
14:31:27.119 [JavaFX Application Thread] DEBUG PrimaryStageWindow   - Push state: ViewMenu
14:31:27.119 [JavaFX Application Thread] DEBUG Input                - Clearing active input actions
14:31:27.126 [JavaFX Application Thread] DEBUG GameApplicationServi - Removing overlay from FXGLMainMenuDummyScene and adding to ViewMenu
14:31:27.128 [JavaFX Application Thread] DEBUG PrimaryStageWindow   - FXGLMainMenuDummyScene -> ViewMenu
14:31:27.189 [JavaFX Application Thread] DEBUG FXGLApplication      - Registering font factories with UI factory
14:31:28.114 [FXGL Background Thread 2 ] INFO  UpdaterService       - Your current version:  17.3
14:31:28.114 [FXGL Background Thread 2 ] INFO  UpdaterService       - Latest stable version: 21.1
14:31:30.043 [FXGL Background Thread 3 ] DEBUG Engine               - Logging environment variables
14:31:30.044 [FXGL Background Thread 3 ] DEBUG Engine               - achievements: []
14:31:30.045 [FXGL Background Thread 3 ] DEBUG Engine               - actualHeight: 480.0
14:31:30.045 [FXGL Background Thread 3 ] DEBUG Engine               - actualHeightProperty: ReadOnlyDoubleProperty [value: 480.0]
14:31:30.045 [FXGL Background Thread 3 ] DEBUG Engine               - actualWidth: 480.0
14:31:30.045 [FXGL Background Thread 3 ] DEBUG Engine               - actualWidthProperty: ReadOnlyDoubleProperty [value: 480.0]
14:31:30.045 [FXGL Background Thread 3 ] DEBUG Engine               - appIcon: fxgl_icon.png
14:31:30.045 [FXGL Background Thread 3 ] DEBUG Engine               - applicationMode: DEVELOPER
14:31:30.045 [FXGL Background Thread 3 ] DEBUG Engine               - cSSList: [fxgl_dark.css]
14:31:30.045 [FXGL Background Thread 3 ] DEBUG Engine               - collisionDetectionStrategy: BRUTE_FORCE
14:31:30.045 [FXGL Background Thread 3 ] DEBUG Engine               - configClass: Optional.empty
14:31:30.045 [FXGL Background Thread 3 ] DEBUG Engine               - credits: []
14:31:30.045 [FXGL Background Thread 3 ] DEBUG Engine               - defaultCursor: CursorInfo(imageName=fxgl_default_cursor.png, hotspotX=7.0, hotspotY=6.0)
14:31:30.045 [FXGL Background Thread 3 ] DEBUG Engine               - devBBoxColorProperty: ObjectProperty [value: 0xff0000ff]
14:31:30.047 [FXGL Background Thread 3 ] DEBUG Engine               - devEnableDebugCameraProperty: BooleanProperty [value: false]
14:31:30.047 [FXGL Background Thread 3 ] DEBUG Engine               - devSensorColorProperty: ObjectProperty [value: 0xffff00ff]
14:31:30.047 [FXGL Background Thread 3 ] DEBUG Engine               - devShowBBoxProperty: BooleanProperty [value: false]
14:31:30.047 [FXGL Background Thread 3 ] DEBUG Engine               - devShowPositionProperty: BooleanProperty [value: false]
14:31:30.047 [FXGL Background Thread 3 ] DEBUG Engine               - enabledMenuItems: []
14:31:30.047 [FXGL Background Thread 3 ] DEBUG Engine               - engineServices: [class com.almasb.fxgl.app.services.FXGLAssetLoaderService, class com.almasb.fxgl.app.FXGLApplication$GameApplicationService, class com.almasb.fxgl.app.services.FXGLDialogService, class com.almasb.fxgl.app.services.IOTaskExecutorService, class com.almasb.fxgl.io.FileSystemService, class com.almasb.fxgl.localization.LocalizationService, class com.almasb.fxgl.app.services.SystemBundleService, class com.almasb.fxgl.profile.SaveLoadService, class com.almasb.fxgl.ui.FXGLUIFactoryServiceProvider, class com.almasb.fxgl.ui.FXGLDialogFactoryServiceProvider, class com.almasb.fxgl.audio.AudioPlayer, class com.almasb.fxgl.notification.impl.NotificationServiceProvider, class com.almasb.fxgl.achievement.AchievementService, class com.almasb.fxgl.cutscene.CutsceneService, class com.almasb.fxgl.minigames.MiniGameService, class com.almasb.fxgl.net.NetService, class com.almasb.fxgl.app.services.UpdaterService, class com.almasb.fxgl.dev.DevService]
14:31:30.047 [FXGL Background Thread 3 ] DEBUG Engine               - fontGame: Abel-Regular.ttf
14:31:30.047 [FXGL Background Thread 3 ] DEBUG Engine               - fontMono: TerminalLandMono-Regular.otf
14:31:30.047 [FXGL Background Thread 3 ] DEBUG Engine               - fontSizeScaleUI: 1.0
14:31:30.047 [FXGL Background Thread 3 ] DEBUG Engine               - fontText: Courier-Prime.ttf
14:31:30.047 [FXGL Background Thread 3 ] DEBUG Engine               - fontUI: VarelaRound-Regular.ttf
14:31:30.047 [FXGL Background Thread 3 ] DEBUG Engine               - fullScreen: BooleanProperty [value: false]
14:31:30.047 [FXGL Background Thread 3 ] DEBUG Engine               - gameDifficulty: MEDIUM
14:31:30.047 [FXGL Background Thread 3 ] DEBUG Engine               - gameDifficultyProperty: ObjectProperty [value: MEDIUM]
14:31:30.047 [FXGL Background Thread 3 ] DEBUG Engine               - globalMusicVolume: 0.5
14:31:30.047 [FXGL Background Thread 3 ] DEBUG Engine               - globalMusicVolumeProperty: DoubleProperty [value: 0.5]
14:31:30.047 [FXGL Background Thread 3 ] DEBUG Engine               - globalSoundVolume: 0.5
14:31:30.048 [FXGL Background Thread 3 ] DEBUG Engine               - globalSoundVolumeProperty: DoubleProperty [value: 0.5]
14:31:30.048 [FXGL Background Thread 3 ] DEBUG Engine               - height: 480
14:31:30.048 [FXGL Background Thread 3 ] DEBUG Engine               - is3D: false
14:31:30.048 [FXGL Background Thread 3 ] DEBUG Engine               - isAndroid: false
14:31:30.048 [FXGL Background Thread 3 ] DEBUG Engine               - isBrowser: false
14:31:30.048 [FXGL Background Thread 3 ] DEBUG Engine               - isClickFeedbackEnabled: false
14:31:30.048 [FXGL Background Thread 3 ] DEBUG Engine               - isCloseConfirmation: false
14:31:30.048 [FXGL Background Thread 3 ] DEBUG Engine               - isDesktop: true
14:31:30.048 [FXGL Background Thread 3 ] DEBUG Engine               - isDeveloperMenuEnabled: false
14:31:30.048 [FXGL Background Thread 3 ] DEBUG Engine               - isEmbedded: false
14:31:30.048 [FXGL Background Thread 3 ] DEBUG Engine               - isEntityPreloadEnabled: true
14:31:30.048 [FXGL Background Thread 3 ] DEBUG Engine               - isExperimentalTiledLargeMap: false
14:31:30.048 [FXGL Background Thread 3 ] DEBUG Engine               - isFileSystemWriteAllowed: true
14:31:30.048 [FXGL Background Thread 3 ] DEBUG Engine               - isFullScreenAllowed: false
14:31:30.048 [FXGL Background Thread 3 ] DEBUG Engine               - isFullScreenFromStart: false
14:31:30.048 [FXGL Background Thread 3 ] DEBUG Engine               - isGameMenuEnabled: true
14:31:30.048 [FXGL Background Thread 3 ] DEBUG Engine               - isIOS: false
14:31:30.048 [FXGL Background Thread 3 ] DEBUG Engine               - isIntroEnabled: false
14:31:30.048 [FXGL Background Thread 3 ] DEBUG Engine               - isLinux: false
14:31:30.048 [FXGL Background Thread 3 ] DEBUG Engine               - isMac: false
14:31:30.048 [FXGL Background Thread 3 ] DEBUG Engine               - isMainMenuEnabled: true
14:31:30.049 [FXGL Background Thread 3 ] DEBUG Engine               - isManualResizeEnabled: false
14:31:30.049 [FXGL Background Thread 3 ] DEBUG Engine               - isMobile: false
14:31:30.049 [FXGL Background Thread 3 ] DEBUG Engine               - isNative: false
14:31:30.049 [FXGL Background Thread 3 ] DEBUG Engine               - isPauseMusicWhenMinimized: true
14:31:30.049 [FXGL Background Thread 3 ] DEBUG Engine               - isPreserveResizeRatio: false
14:31:30.049 [FXGL Background Thread 3 ] DEBUG Engine               - isProfilingEnabled: false
14:31:30.049 [FXGL Background Thread 3 ] DEBUG Engine               - isScaleAffectedOnResize: true
14:31:30.049 [FXGL Background Thread 3 ] DEBUG Engine               - isSingleStep: false
14:31:30.049 [FXGL Background Thread 3 ] DEBUG Engine               - isUserProfileEnabled: false
14:31:30.049 [FXGL Background Thread 3 ] DEBUG Engine               - isWindows: true
14:31:30.049 [FXGL Background Thread 3 ] DEBUG Engine               - language: ObjectProperty [value: ENGLISH]
14:31:30.049 [FXGL Background Thread 3 ] DEBUG Engine               - menuKey: ESCAPE
14:31:30.049 [FXGL Background Thread 3 ] DEBUG Engine               - mouseSensitivity: 0.2
14:31:30.049 [FXGL Background Thread 3 ] DEBUG Engine               - notificationViewClass: class com.almasb.fxgl.notification.view.XboxNotificationView
14:31:30.049 [FXGL Background Thread 3 ] DEBUG Engine               - pixelsPerMeter: 50.0
14:31:30.049 [FXGL Background Thread 3 ] DEBUG Engine               - platform: WINDOWS
14:31:30.050 [FXGL Background Thread 3 ] DEBUG Engine               - prefHeightProperty: ReadOnlyDoubleProperty [value: 480.0]
14:31:30.050 [FXGL Background Thread 3 ] DEBUG Engine               - prefWidthProperty: ReadOnlyDoubleProperty [value: 480.0]
14:31:30.050 [FXGL Background Thread 3 ] DEBUG Engine               - profileDir: profiles/
14:31:30.050 [FXGL Background Thread 3 ] DEBUG Engine               - profileName: StringProperty [value: DEFAULT]
14:31:30.050 [FXGL Background Thread 3 ] DEBUG Engine               - randomSeed: -1
14:31:30.051 [FXGL Background Thread 3 ] DEBUG Engine               - runtimeInfo: RuntimeInfo(platform=WINDOWS, version=17.3, build=30.03.2023 11.49)
14:31:30.051 [FXGL Background Thread 3 ] DEBUG Engine               - saveFileExt: sav
14:31:30.051 [FXGL Background Thread 3 ] DEBUG Engine               - scaledHeightProp$fxgl: DoubleProperty [bound, value: 480.0]
14:31:30.051 [FXGL Background Thread 3 ] DEBUG Engine               - scaledWidthProp$fxgl: DoubleProperty [bound, value: 480.0]
14:31:30.051 [FXGL Background Thread 3 ] DEBUG Engine               - sceneFactory: org.example.demo.BombermanApp$1@5ecfb3a7
14:31:30.051 [FXGL Background Thread 3 ] DEBUG Engine               - secondsIn24h: 60
14:31:30.051 [FXGL Background Thread 3 ] DEBUG Engine               - soundMenuBack: menu/back.wav
14:31:30.052 [FXGL Background Thread 3 ] DEBUG Engine               - soundMenuPress: menu/press.wav
14:31:30.052 [FXGL Background Thread 3 ] DEBUG Engine               - soundMenuSelect: menu/select.wav
14:31:30.052 [FXGL Background Thread 3 ] DEBUG Engine               - soundNotification: core/notification.wav
14:31:30.052 [FXGL Background Thread 3 ] DEBUG Engine               - stageStyle: DECORATED
14:31:30.052 [FXGL Background Thread 3 ] DEBUG Engine               - supportedLanguages: [ENGLISH, FRENCH, GERMAN, HUNGARIAN, RUSSIAN]
14:31:30.061 [FXGL Background Thread 3 ] DEBUG Engine               - ticksPerSecond: -1
14:31:30.061 [FXGL Background Thread 3 ] DEBUG Engine               - title: Bomberman Game
14:31:30.061 [FXGL Background Thread 3 ] DEBUG Engine               - urlGithub: https://github.com/AlmasB/FXGL
14:31:30.061 [FXGL Background Thread 3 ] DEBUG Engine               - urlLeaderboard: http://fxgl-top.herokuapp.com/
14:31:30.061 [FXGL Background Thread 3 ] DEBUG Engine               - urlPOM: https://raw.githubusercontent.com/AlmasB/FXGL/release/README.md
14:31:30.061 [FXGL Background Thread 3 ] DEBUG Engine               - userAppClass: class org.example.demo.HelloApplication
14:31:30.062 [FXGL Background Thread 3 ] DEBUG Engine               - version: 1.0
14:31:30.062 [FXGL Background Thread 3 ] DEBUG Engine               - versionCheckDays: 7
14:31:30.062 [FXGL Background Thread 3 ] DEBUG Engine               - width: 480
14:31:30.062 [FXGL Background Thread 3 ] DEBUG Engine               - Logging services
14:31:30.062 [FXGL Background Thread 3 ] DEBUG Engine               - class com.almasb.fxgl.app.services.FXGLAssetLoaderService
14:31:30.062 [FXGL Background Thread 3 ] DEBUG Engine               - class com.almasb.fxgl.app.FXGLApplication$GameApplicationService
14:31:30.062 [FXGL Background Thread 3 ] DEBUG Engine               - class com.almasb.fxgl.app.services.FXGLDialogService
14:31:30.062 [FXGL Background Thread 3 ] DEBUG Engine               - class com.almasb.fxgl.app.services.IOTaskExecutorService
14:31:30.062 [FXGL Background Thread 3 ] DEBUG Engine               - class com.almasb.fxgl.io.FileSystemService
14:31:30.062 [FXGL Background Thread 3 ] DEBUG Engine               - class com.almasb.fxgl.localization.LocalizationService
14:31:30.062 [FXGL Background Thread 3 ] DEBUG Engine               - class com.almasb.fxgl.app.services.SystemBundleService
14:31:30.062 [FXGL Background Thread 3 ] DEBUG Engine               - class com.almasb.fxgl.profile.SaveLoadService
14:31:30.062 [FXGL Background Thread 3 ] DEBUG Engine               - class com.almasb.fxgl.ui.FXGLUIFactoryServiceProvider
14:31:30.062 [FXGL Background Thread 3 ] DEBUG Engine               - class com.almasb.fxgl.ui.FXGLDialogFactoryServiceProvider
14:31:30.062 [FXGL Background Thread 3 ] DEBUG Engine               - class com.almasb.fxgl.audio.AudioPlayer
14:31:30.062 [FXGL Background Thread 3 ] DEBUG Engine               - class com.almasb.fxgl.notification.impl.NotificationServiceProvider
14:31:30.062 [FXGL Background Thread 3 ] DEBUG Engine               - class com.almasb.fxgl.achievement.AchievementService
14:31:30.062 [FXGL Background Thread 3 ] DEBUG Engine               - class com.almasb.fxgl.cutscene.CutsceneService
14:31:30.062 [FXGL Background Thread 3 ] DEBUG Engine               - class com.almasb.fxgl.minigames.MiniGameService
14:31:30.062 [FXGL Background Thread 3 ] DEBUG Engine               - class com.almasb.fxgl.net.NetService
14:31:30.062 [FXGL Background Thread 3 ] DEBUG Engine               - class com.almasb.fxgl.app.services.UpdaterService
14:31:30.062 [FXGL Background Thread 3 ] DEBUG Engine               - class com.almasb.fxgl.dev.DevService
14:31:30.154 [JavaFX Application Thread] DEBUG GameApplicationServi - Starting new game
14:31:30.155 [JavaFX Application Thread] DEBUG PrimaryStageWindow   - Pop state: ViewMenu
14:31:30.155 [JavaFX Application Thread] DEBUG Input                - Clearing active input actions
14:31:30.158 [JavaFX Application Thread] DEBUG GameApplicationServi - Removing overlay from ViewMenu and adding to FXGLMainMenuDummyScene
14:31:30.159 [JavaFX Application Thread] DEBUG PrimaryStageWindow   - FXGLMainMenuDummyScene <- ViewMenu
14:31:30.159 [JavaFX Application Thread] DEBUG Input                - Clearing active input actions
14:31:30.187 [JavaFX Application Thread] DEBUG GameApplicationServi - Removing overlay from FXGLMainMenuDummyScene and adding to FXGLLoadingScene
14:31:30.187 [JavaFX Application Thread] DEBUG PrimaryStageWindow   - FXGLMainMenuDummyScene -> FXGLLoadingScene
14:31:30.187 [JavaFX Application Thread] DEBUG GameApplicationServi - Clearing previous game
14:31:30.187 [JavaFX Application Thread] DEBUG GameScene            - Clearing game scene
14:31:30.187 [JavaFX Application Thread] DEBUG GameWorld            - Clearing game world
14:31:30.188 [JavaFX Application Thread] DEBUG PhysicsWorld         - Clearing physics world
14:31:30.189 [FXGL Background Thread 2 ] DEBUG FXGLApplication      - Initializing game
14:31:30.429 [FXGL Background Thread 2 ] INFO  FXGLApplication      - Game initialization took: 0.240 sec
14:31:30.430 [JavaFX Application Thread] DEBUG Input                - Clearing active input actions
14:31:30.440 [JavaFX Application Thread] DEBUG GameApplicationServi - Removing overlay from FXGLLoadingScene and adding to GameScene
14:31:30.441 [JavaFX Application Thread] DEBUG PrimaryStageWindow   - FXGLLoadingScene -> GameScene
14:31:36.831 [JavaFX Application Thread] DEBUG PrimaryStageWindow   - Push state: DialogSubScene
14:31:36.831 [JavaFX Application Thread] DEBUG Input                - Clearing active input actions
14:31:36.832 [JavaFX Application Thread] DEBUG GameApplicationServi - Removing overlay from GameScene and adding to DialogSubScene
14:31:36.832 [JavaFX Application Thread] DEBUG PrimaryStageWindow   - GameScene -> DialogSubScene
14:31:38.791 [JavaFX Application Thread] DEBUG PrimaryStageWindow   - Pop state: DialogSubScene
14:31:38.791 [JavaFX Application Thread] DEBUG Input                - Clearing active input actions
14:31:38.793 [JavaFX Application Thread] DEBUG GameApplicationServi - Removing overlay from DialogSubScene and adding to GameScene
14:31:38.793 [JavaFX Application Thread] DEBUG PrimaryStageWindow   - GameScene <- DialogSubScene
14:31:41.091 [JavaFX Application Thread] DEBUG PrimaryStageWindow   - Push state: DialogSubScene
14:31:41.091 [JavaFX Application Thread] DEBUG Input                - Clearing active input actions
14:31:41.092 [JavaFX Application Thread] DEBUG GameApplicationServi - Removing overlay from GameScene and adding to DialogSubScene
14:31:41.092 [JavaFX Application Thread] DEBUG PrimaryStageWindow   - GameScene -> DialogSubScene
14:31:43.061 [JavaFX Application Thread] DEBUG PrimaryStageWindow   - Pop state: DialogSubScene
14:31:43.061 [JavaFX Application Thread] DEBUG Input                - Clearing active input actions
14:31:43.062 [JavaFX Application Thread] DEBUG GameApplicationServi - Removing overlay from DialogSubScene and adding to GameScene
14:31:43.062 [JavaFX Application Thread] DEBUG PrimaryStageWindow   - GameScene <- DialogSubScene
14:31:48.547 [JavaFX Application Thread] DEBUG PrimaryStageWindow   - Push state: DialogSubScene
14:31:48.548 [JavaFX Application Thread] DEBUG Input                - Clearing active input actions
14:31:48.548 [JavaFX Application Thread] DEBUG GameApplicationServi - Removing overlay from GameScene and adding to DialogSubScene
14:31:48.550 [JavaFX Application Thread] DEBUG PrimaryStageWindow   - GameScene -> DialogSubScene
14:31:50.191 [JavaFX Application Thread] DEBUG PrimaryStageWindow   - Pop state: DialogSubScene
14:31:50.191 [JavaFX Application Thread] DEBUG Input                - Clearing active input actions
14:31:50.192 [JavaFX Application Thread] DEBUG GameApplicationServi - Removing overlay from DialogSubScene and adding to GameScene
14:31:50.193 [JavaFX Application Thread] DEBUG PrimaryStageWindow   - GameScene <- DialogSubScene
14:31:55.717 [JavaFX Application Thread] DEBUG PrimaryStageWindow   - Push state: DialogSubScene
14:31:55.717 [JavaFX Application Thread] DEBUG Input                - Clearing active input actions
14:31:55.718 [JavaFX Application Thread] DEBUG GameApplicationServi - Removing overlay from GameScene and adding to DialogSubScene
14:31:55.718 [JavaFX Application Thread] DEBUG PrimaryStageWindow   - GameScene -> DialogSubScene
14:31:57.189 [JavaFX Application Thread] DEBUG PrimaryStageWindow   - Pop state: DialogSubScene
14:31:57.189 [JavaFX Application Thread] DEBUG Input                - Clearing active input actions
14:31:57.190 [JavaFX Application Thread] DEBUG GameApplicationServi - Removing overlay from DialogSubScene and adding to GameScene
14:31:57.190 [JavaFX Application Thread] DEBUG PrimaryStageWindow   - GameScene <- DialogSubScene
14:31:58.004 [JavaFX Application Thread] DEBUG PrimaryStageWindow   - Push state: DialogSubScene
14:31:58.004 [JavaFX Application Thread] DEBUG Input                - Clearing active input actions
14:31:58.004 [JavaFX Application Thread] DEBUG GameApplicationServi - Removing overlay from GameScene and adding to DialogSubScene
14:31:58.004 [JavaFX Application Thread] DEBUG PrimaryStageWindow   - GameScene -> DialogSubScene
14:31:59.621 [JavaFX Application Thread] DEBUG PrimaryStageWindow   - Pop state: DialogSubScene
14:31:59.621 [JavaFX Application Thread] DEBUG Input                - Clearing active input actions
14:31:59.621 [JavaFX Application Thread] DEBUG GameApplicationServi - Removing overlay from DialogSubScene and adding to GameScene
14:31:59.622 [JavaFX Application Thread] DEBUG PrimaryStageWindow   - GameScene <- DialogSubScene
14:32:05.651 [JavaFX Application Thread] DEBUG PrimaryStageWindow   - Push state: DialogSubScene
14:32:05.651 [JavaFX Application Thread] DEBUG Input                - Clearing active input actions
14:32:05.653 [JavaFX Application Thread] DEBUG GameApplicationServi - Removing overlay from GameScene and adding to DialogSubScene
14:32:05.653 [JavaFX Application Thread] DEBUG PrimaryStageWindow   - GameScene -> DialogSubScene
14:32:07.197 [JavaFX Application Thread] DEBUG PrimaryStageWindow   - Pop state: DialogSubScene
14:32:07.197 [JavaFX Application Thread] DEBUG Input                - Clearing active input actions
14:32:07.197 [JavaFX Application Thread] DEBUG GameApplicationServi - Removing overlay from DialogSubScene and adding to GameScene
14:32:07.198 [JavaFX Application Thread] DEBUG PrimaryStageWindow   - GameScene <- DialogSubScene
14:32:33.299 [JavaFX Application Thread] DEBUG PrimaryStageWindow   - Push state: DialogSubScene
14:32:33.299 [JavaFX Application Thread] DEBUG Input                - Clearing active input actions
14:32:33.300 [JavaFX Application Thread] DEBUG GameApplicationServi - Removing overlay from GameScene and adding to DialogSubScene
14:32:33.300 [JavaFX Application Thread] DEBUG PrimaryStageWindow   - GameScene -> DialogSubScene
14:32:35.728 [JavaFX Application Thread] DEBUG FXGLApplication      - Exiting FXGL
14:32:35.728 [JavaFX Application Thread] DEBUG LoopRunner           - Stopping loop
14:32:35.728 [JavaFX Application Thread] DEBUG SystemBundleService  - Saving FXGL system data
14:32:35.730 [JavaFX Application Thread] DEBUG FileSystemAccess     - Writing to: C:\Users\admin\OneDrive\Máy tính\btl\baitaplonOOP\system\fxgl.bundle
14:32:35.731 [JavaFX Application Thread] DEBUG Async                - Shutting down background threads
14:32:35.731 [JavaFX Application Thread] DEBUG PrimaryStageWindow   - Closing main window
14:32:35.751 [JavaFX Application Thread] DEBUG Logger               - Closing Logger
