11:16:41.110 [main                     ] DEBUG Logger               - Configured Logger
11:16:41.140 [main                     ] DEBUG GameApplication      - Logging settings
Title: Bomberman Game
Version: 1.0
Width: 480
Height: 480
Fullscreen: false
Intro: false
Profiling: false
Single step:false
App Mode: DEVELOPER
Menu Key: ESCAPE
Stage Style: DECORATED
Scene Factory: class com.almasb.fxgl.app.scene.SceneFactory

11:16:41.690 [JavaFX Application Thread] DEBUG FXGLApplication      - Initializing FXGL
11:16:41.694 [JavaFX Application Thread] INFO  Engine               - FXGL-17.3 (30.03.2023 11.49) on WINDOWS (J:23.0.2 FX:17.0.6)
11:16:41.694 [JavaFX Application Thread] DEBUG Engine               - JRE Vendor Name: Oracle Corporation
11:16:41.694 [JavaFX Application Thread] DEBUG Engine               - Running on OS: Windows 11 version 10.0
11:16:41.695 [JavaFX Application Thread] DEBUG Engine               - Architecture: amd64
11:16:41.695 [JavaFX Application Thread] INFO  Engine               - Source code and latest versions at: https://github.com/AlmasB/FXGL
11:16:41.695 [JavaFX Application Thread] INFO  Engine               -       Ask questions and discuss at: https://github.com/AlmasB/FXGL/discussions
11:16:41.695 [JavaFX Application Thread] INFO  Engine               -              Join the FXGL chat at: https://gitter.im/AlmasB/FXGL
11:16:41.813 [JavaFX Application Thread] DEBUG PrimaryStageWindow   - Creating a JavaFX scene
11:16:41.859 [JavaFX Application Thread] DEBUG PrimaryStageWindow   - Target settings size: 480.0 x 480.0
11:16:41.859 [JavaFX Application Thread] DEBUG PrimaryStageWindow   - Scaled scene size:    480.0 x 480.0
11:16:41.859 [JavaFX Application Thread] DEBUG PrimaryStageWindow   - Scaled ratio: (1.0, 1.0)
11:16:41.860 [JavaFX Application Thread] DEBUG PrimaryStageWindow   - Set initial scene to FXGLStartupScene
11:16:41.867 [JavaFX Application Thread] DEBUG PrimaryStageWindow   - Opening main window
11:16:41.959 [JavaFX Application Thread] DEBUG PrimaryStageWindow   - Window border size: (14.666656494140625, 37.33331298828125)
11:16:41.960 [JavaFX Application Thread] DEBUG PrimaryStageWindow   - Scaled size: 480.0 x 480.0
11:16:41.960 [JavaFX Application Thread] DEBUG PrimaryStageWindow   - Scaled ratio: (1.0, 1.0)
11:16:41.960 [JavaFX Application Thread] DEBUG PrimaryStageWindow   - Scene size: 480.0 x 480.0
11:16:41.960 [JavaFX Application Thread] DEBUG PrimaryStageWindow   - Stage size: 494.6666564941406 x 517.3333129882812
11:16:41.969 [FXGL Background Thread 1 ] DEBUG Engine               - Initializing environment variables
11:16:42.017 [FXGL Background Thread 1 ] DEBUG FXGLAssetLoaderServi - User app class for loading assets: class org.example.demo.HelloApplication
11:16:42.017 [FXGL Background Thread 1 ] DEBUG GameApplicationServi - Applying CSS: fxgl_dark.css
11:16:42.018 [FXGL Background Thread 1 ] DEBUG FXGLAssetLoaderServi - Loading from file system: jar:file:///C:/Users/My%20Laptop/.m2/repository/com/github/almasb/fxgl/17.3/fxgl-17.3.jar!/fxglassets/ui/css/fxgl_dark.css
11:16:42.076 [FXGL Background Thread 1 ] DEBUG GameApplicationServi - Initializing application scenes
11:16:42.122 [FXGL Background Thread 1 ] DEBUG GameWorld            - Game world initialized
11:16:42.200 [FXGL Background Thread 1 ] DEBUG PhysicsWorld         - Physics world initialized: appHeight=480, physics.ppm=50.0
11:16:42.200 [FXGL Background Thread 1 ] DEBUG PhysicsWorld         - Using strategy: BRUTE_FORCE
11:16:42.205 [FXGL Background Thread 1 ] DEBUG GameScene            - Game scene initialized: 480x480
11:16:42.222 [FXGL Background Thread 1 ] WARN  FXGL.DefaultMenu     - FXGLDefaultMenu is not designed for resolutions < 800x600
11:16:42.222 [FXGL Background Thread 1 ] DEBUG FXGL.DefaultMenu     - createMenuBodyGameMenu()
11:16:42.238 [FXGL Background Thread 1 ] DEBUG FXGL.DefaultMenu     - createOptionsMenu()
11:16:42.248 [FXGL Background Thread 1 ] DEBUG FXGLAssetLoaderServi - Loading from file system: jar:file:///C:/Users/My%20Laptop/.m2/repository/com/github/almasb/fxgl/17.3/fxgl-17.3.jar!/fxglassets/textures/particles/smoke.png
11:16:42.370 [FXGL Background Thread 1 ] DEBUG FXGLAssetLoaderServi - Loading from file system: jar:file:///C:/Users/My%20Laptop/.m2/repository/com/github/almasb/fxgl/17.3/fxgl-17.3.jar!/fxglassets/textures/particles/trace_horizontal.png
11:16:42.413 [FXGL Background Thread 1 ] DEBUG GameApplicationServi - Application scenes initialized
11:16:42.428 [FXGL Background Thread 1 ] DEBUG SystemBundleService  - Loading FXGL system data
11:16:42.432 [FXGL Background Thread 1 ] DEBUG FileSystemAccess     - Reading from: C:\OOP\baitaplonOOP\system\fxgl.bundle
11:16:42.434 [FXGL Background Thread 1 ] DEBUG SystemBundleService  - Bundle FXGL: {}
11:16:42.434 [FXGL Background Thread 1 ] DEBUG UpdaterService       - Checking for updates
11:16:42.439 [FXGL Background Thread 4 ] DEBUG FXGLApplication      - Loading fonts
11:16:42.439 [FXGL Background Thread 4 ] DEBUG FXGLAssetLoaderServi - Loading from file system: jar:file:///C:/Users/My%20Laptop/.m2/repository/com/github/almasb/fxgl/17.3/fxgl-17.3.jar!/fxglassets/ui/fonts/VarelaRound-Regular.ttf
11:16:42.439 [FXGL Background Thread 1 ] DEBUG FXGLApplication      - Loading default localization
11:16:42.440 [FXGL Background Thread 1 ] DEBUG FXGLAssetLoaderServi - Loading from file system: jar:file:///C:/Users/My%20Laptop/.m2/repository/com/github/almasb/fxgl/17.3/fxgl-17.3.jar!/fxglassets/languages/english.lang
11:16:42.464 [FXGL Background Thread 1 ] INFO  FXGLApplication      - FXGL initialization took: 0.495 sec
11:16:42.467 [FXGL Background Thread 4 ] DEBUG FXGLAssetLoaderServi - Loading from file system: jar:file:///C:/Users/My%20Laptop/.m2/repository/com/github/almasb/fxgl/17.3/fxgl-17.3.jar!/fxglassets/ui/fonts/Abel-Regular.ttf
11:16:42.480 [JavaFX Application Thread] DEBUG Input                - Clearing active input actions
11:16:42.493 [JavaFX Application Thread] DEBUG Input                - Registered new binding: Move Up - W
11:16:42.494 [JavaFX Application Thread] DEBUG Input                - Registered new binding: Move Down - S
11:16:42.494 [JavaFX Application Thread] DEBUG Input                - Registered new binding: Move Left - A
11:16:42.494 [JavaFX Application Thread] DEBUG Input                - Registered new binding: Move Right - D
11:16:42.494 [JavaFX Application Thread] DEBUG Input                - Registered new binding: Đặt bom - Space
11:16:42.495 [JavaFX Application Thread] DEBUG FXGLAssetLoaderServi - Loading from file system: jar:file:///C:/Users/My%20Laptop/.m2/repository/com/github/almasb/fxgl/17.3/fxgl-17.3.jar!/fxglassets/textures/fxgl_icon.png
11:16:42.495 [FXGL Background Thread 4 ] DEBUG FXGLAssetLoaderServi - Loading from file system: jar:file:///C:/Users/My%20Laptop/.m2/repository/com/github/almasb/fxgl/17.3/fxgl-17.3.jar!/fxglassets/ui/fonts/TerminalLandMono-Regular.otf
11:16:42.512 [FXGL Background Thread 4 ] DEBUG FXGLAssetLoaderServi - Loading from file system: jar:file:///C:/Users/My%20Laptop/.m2/repository/com/github/almasb/fxgl/17.3/fxgl-17.3.jar!/fxglassets/ui/fonts/Courier-Prime.ttf
11:16:42.523 [JavaFX Application Thread] DEBUG FXGLAssetLoaderServi - Loading from file system: jar:file:///C:/Users/My%20Laptop/.m2/repository/com/github/almasb/fxgl/17.3/fxgl-17.3.jar!/fxglassets/textures/fxgl_default_cursor.png
11:16:42.526 [JavaFX Application Thread] DEBUG Input                - Registered new binding: Screenshot - CTRL+8
11:16:42.528 [JavaFX Application Thread] DEBUG Input                - Registered new binding: System info dump - CTRL+9
11:16:42.528 [JavaFX Application Thread] DEBUG Input                - Registered new binding: Restart - CTRL+R
11:16:42.528 [JavaFX Application Thread] DEBUG Input                - Registered new binding: Toggle Debug Camera - CTRL+7
11:16:42.532 [JavaFX Application Thread] DEBUG LoopRunner           - Starting loop
11:16:42.532 [JavaFX Application Thread] DEBUG LoopRunner           - Initializing JavaFX AnimationTimerLoop
11:16:42.533 [JavaFX Application Thread] DEBUG GameApplicationServi - Starting new game
11:16:42.533 [JavaFX Application Thread] DEBUG Input                - Clearing active input actions
11:16:42.546 [JavaFX Application Thread] DEBUG GameApplicationServi - Removing overlay from FXGLStartupScene and adding to FXGLLoadingScene
11:16:42.546 [JavaFX Application Thread] DEBUG PrimaryStageWindow   - FXGLStartupScene -> FXGLLoadingScene
11:16:42.546 [JavaFX Application Thread] DEBUG GameApplicationServi - Clearing previous game
11:16:42.546 [JavaFX Application Thread] DEBUG GameScene            - Clearing game scene
11:16:42.546 [JavaFX Application Thread] DEBUG GameWorld            - Clearing game world
11:16:42.546 [JavaFX Application Thread] DEBUG PhysicsWorld         - Clearing physics world
11:16:42.549 [FXGL Background Thread 4 ] DEBUG FXGLApplication      - Initializing game
11:16:42.549 [JavaFX Application Thread] DEBUG FXGLApplication      - Registering font factories with UI factory
11:16:42.892 [FXGL Background Thread 4 ] INFO  FXGLApplication      - Game initialization took: 0.344 sec
11:16:42.894 [JavaFX Application Thread] DEBUG Input                - Clearing active input actions
11:16:42.911 [JavaFX Application Thread] DEBUG GameApplicationServi - Removing overlay from FXGLLoadingScene and adding to GameScene
11:16:42.911 [JavaFX Application Thread] DEBUG PrimaryStageWindow   - FXGLLoadingScene -> GameScene
11:16:43.401 [FXGL Background Thread 2 ] INFO  UpdaterService       - Your current version:  17.3
11:16:43.401 [FXGL Background Thread 2 ] INFO  UpdaterService       - Latest stable version: 21.1
11:16:45.437 [FXGL Background Thread 3 ] DEBUG Engine               - Logging environment variables
11:16:45.437 [FXGL Background Thread 3 ] DEBUG Engine               - achievements: []
11:16:45.437 [FXGL Background Thread 3 ] DEBUG Engine               - actualHeight: 480.0
11:16:45.437 [FXGL Background Thread 3 ] DEBUG Engine               - actualHeightProperty: ReadOnlyDoubleProperty [value: 480.0]
11:16:45.438 [FXGL Background Thread 3 ] DEBUG Engine               - actualWidth: 480.0
11:16:45.438 [FXGL Background Thread 3 ] DEBUG Engine               - actualWidthProperty: ReadOnlyDoubleProperty [value: 480.0]
11:16:45.438 [FXGL Background Thread 3 ] DEBUG Engine               - appIcon: fxgl_icon.png
11:16:45.438 [FXGL Background Thread 3 ] DEBUG Engine               - applicationMode: DEVELOPER
11:16:45.438 [FXGL Background Thread 3 ] DEBUG Engine               - cSSList: [fxgl_dark.css]
11:16:45.438 [FXGL Background Thread 3 ] DEBUG Engine               - collisionDetectionStrategy: BRUTE_FORCE
11:16:45.438 [FXGL Background Thread 3 ] DEBUG Engine               - configClass: Optional.empty
11:16:45.438 [FXGL Background Thread 3 ] DEBUG Engine               - credits: []
11:16:45.438 [FXGL Background Thread 3 ] DEBUG Engine               - defaultCursor: CursorInfo(imageName=fxgl_default_cursor.png, hotspotX=7.0, hotspotY=6.0)
11:16:45.439 [FXGL Background Thread 3 ] DEBUG Engine               - devBBoxColorProperty: ObjectProperty [value: 0xff0000ff]
11:16:45.439 [FXGL Background Thread 3 ] DEBUG Engine               - devEnableDebugCameraProperty: BooleanProperty [value: false]
11:16:45.439 [FXGL Background Thread 3 ] DEBUG Engine               - devSensorColorProperty: ObjectProperty [value: 0xffff00ff]
11:16:45.439 [FXGL Background Thread 3 ] DEBUG Engine               - devShowBBoxProperty: BooleanProperty [value: false]
11:16:45.439 [FXGL Background Thread 3 ] DEBUG Engine               - devShowPositionProperty: BooleanProperty [value: false]
11:16:45.439 [FXGL Background Thread 3 ] DEBUG Engine               - enabledMenuItems: []
11:16:45.439 [FXGL Background Thread 3 ] DEBUG Engine               - engineServices: [class com.almasb.fxgl.app.services.FXGLAssetLoaderService, class com.almasb.fxgl.app.FXGLApplication$GameApplicationService, class com.almasb.fxgl.app.services.FXGLDialogService, class com.almasb.fxgl.app.services.IOTaskExecutorService, class com.almasb.fxgl.io.FileSystemService, class com.almasb.fxgl.localization.LocalizationService, class com.almasb.fxgl.app.services.SystemBundleService, class com.almasb.fxgl.profile.SaveLoadService, class com.almasb.fxgl.ui.FXGLUIFactoryServiceProvider, class com.almasb.fxgl.ui.FXGLDialogFactoryServiceProvider, class com.almasb.fxgl.audio.AudioPlayer, class com.almasb.fxgl.notification.impl.NotificationServiceProvider, class com.almasb.fxgl.achievement.AchievementService, class com.almasb.fxgl.cutscene.CutsceneService, class com.almasb.fxgl.minigames.MiniGameService, class com.almasb.fxgl.net.NetService, class com.almasb.fxgl.app.services.UpdaterService, class com.almasb.fxgl.dev.DevService]
11:16:45.439 [FXGL Background Thread 3 ] DEBUG Engine               - fontGame: Abel-Regular.ttf
11:16:45.439 [FXGL Background Thread 3 ] DEBUG Engine               - fontMono: TerminalLandMono-Regular.otf
11:16:45.439 [FXGL Background Thread 3 ] DEBUG Engine               - fontSizeScaleUI: 1.0
11:16:45.439 [FXGL Background Thread 3 ] DEBUG Engine               - fontText: Courier-Prime.ttf
11:16:45.439 [FXGL Background Thread 3 ] DEBUG Engine               - fontUI: VarelaRound-Regular.ttf
11:16:45.439 [FXGL Background Thread 3 ] DEBUG Engine               - fullScreen: BooleanProperty [value: false]
11:16:45.440 [FXGL Background Thread 3 ] DEBUG Engine               - gameDifficulty: MEDIUM
11:16:45.440 [FXGL Background Thread 3 ] DEBUG Engine               - gameDifficultyProperty: ObjectProperty [value: MEDIUM]
11:16:45.440 [FXGL Background Thread 3 ] DEBUG Engine               - globalMusicVolume: 0.5
11:16:45.440 [FXGL Background Thread 3 ] DEBUG Engine               - globalMusicVolumeProperty: DoubleProperty [value: 0.5]
11:16:45.440 [FXGL Background Thread 3 ] DEBUG Engine               - globalSoundVolume: 0.5
11:16:45.440 [FXGL Background Thread 3 ] DEBUG Engine               - globalSoundVolumeProperty: DoubleProperty [value: 0.5]
11:16:45.440 [FXGL Background Thread 3 ] DEBUG Engine               - height: 480
11:16:45.440 [FXGL Background Thread 3 ] DEBUG Engine               - is3D: false
11:16:45.440 [FXGL Background Thread 3 ] DEBUG Engine               - isAndroid: false
11:16:45.440 [FXGL Background Thread 3 ] DEBUG Engine               - isBrowser: false
11:16:45.440 [FXGL Background Thread 3 ] DEBUG Engine               - isClickFeedbackEnabled: false
11:16:45.440 [FXGL Background Thread 3 ] DEBUG Engine               - isCloseConfirmation: false
11:16:45.440 [FXGL Background Thread 3 ] DEBUG Engine               - isDesktop: true
11:16:45.440 [FXGL Background Thread 3 ] DEBUG Engine               - isDeveloperMenuEnabled: false
11:16:45.440 [FXGL Background Thread 3 ] DEBUG Engine               - isEmbedded: false
11:16:45.440 [FXGL Background Thread 3 ] DEBUG Engine               - isEntityPreloadEnabled: true
11:16:45.440 [FXGL Background Thread 3 ] DEBUG Engine               - isExperimentalTiledLargeMap: false
11:16:45.440 [FXGL Background Thread 3 ] DEBUG Engine               - isFileSystemWriteAllowed: true
11:16:45.440 [FXGL Background Thread 3 ] DEBUG Engine               - isFullScreenAllowed: false
11:16:45.441 [FXGL Background Thread 3 ] DEBUG Engine               - isFullScreenFromStart: false
11:16:45.441 [FXGL Background Thread 3 ] DEBUG Engine               - isGameMenuEnabled: true
11:16:45.441 [FXGL Background Thread 3 ] DEBUG Engine               - isIOS: false
11:16:45.441 [FXGL Background Thread 3 ] DEBUG Engine               - isIntroEnabled: false
11:16:45.441 [FXGL Background Thread 3 ] DEBUG Engine               - isLinux: false
11:16:45.441 [FXGL Background Thread 3 ] DEBUG Engine               - isMac: false
11:16:45.441 [FXGL Background Thread 3 ] DEBUG Engine               - isMainMenuEnabled: false
11:16:45.441 [FXGL Background Thread 3 ] DEBUG Engine               - isManualResizeEnabled: false
11:16:45.441 [FXGL Background Thread 3 ] DEBUG Engine               - isMobile: false
11:16:45.441 [FXGL Background Thread 3 ] DEBUG Engine               - isNative: false
11:16:45.441 [FXGL Background Thread 3 ] DEBUG Engine               - isPauseMusicWhenMinimized: true
11:16:45.441 [FXGL Background Thread 3 ] DEBUG Engine               - isPreserveResizeRatio: false
11:16:45.441 [FXGL Background Thread 3 ] DEBUG Engine               - isProfilingEnabled: false
11:16:45.441 [FXGL Background Thread 3 ] DEBUG Engine               - isScaleAffectedOnResize: true
11:16:45.441 [FXGL Background Thread 3 ] DEBUG Engine               - isSingleStep: false
11:16:45.441 [FXGL Background Thread 3 ] DEBUG Engine               - isUserProfileEnabled: false
11:16:45.441 [FXGL Background Thread 3 ] DEBUG Engine               - isWindows: true
11:16:45.441 [FXGL Background Thread 3 ] DEBUG Engine               - language: ObjectProperty [value: ENGLISH]
11:16:45.441 [FXGL Background Thread 3 ] DEBUG Engine               - menuKey: ESCAPE
11:16:45.441 [FXGL Background Thread 3 ] DEBUG Engine               - mouseSensitivity: 0.2
11:16:45.441 [FXGL Background Thread 3 ] DEBUG Engine               - notificationViewClass: class com.almasb.fxgl.notification.view.XboxNotificationView
11:16:45.442 [FXGL Background Thread 3 ] DEBUG Engine               - pixelsPerMeter: 50.0
11:16:45.442 [FXGL Background Thread 3 ] DEBUG Engine               - platform: WINDOWS
11:16:45.442 [FXGL Background Thread 3 ] DEBUG Engine               - prefHeightProperty: ReadOnlyDoubleProperty [value: 480.0]
11:16:45.442 [FXGL Background Thread 3 ] DEBUG Engine               - prefWidthProperty: ReadOnlyDoubleProperty [value: 480.0]
11:16:45.442 [FXGL Background Thread 3 ] DEBUG Engine               - profileDir: profiles/
11:16:45.442 [FXGL Background Thread 3 ] DEBUG Engine               - profileName: StringProperty [value: DEFAULT]
11:16:45.442 [FXGL Background Thread 3 ] DEBUG Engine               - randomSeed: -1
11:16:45.442 [FXGL Background Thread 3 ] DEBUG Engine               - runtimeInfo: RuntimeInfo(platform=WINDOWS, version=17.3, build=30.03.2023 11.49)
11:16:45.442 [FXGL Background Thread 3 ] DEBUG Engine               - saveFileExt: sav
11:16:45.442 [FXGL Background Thread 3 ] DEBUG Engine               - scaledHeightProp$fxgl: DoubleProperty [bound, value: 480.0]
11:16:45.442 [FXGL Background Thread 3 ] DEBUG Engine               - scaledWidthProp$fxgl: DoubleProperty [bound, value: 480.0]
11:16:45.442 [FXGL Background Thread 3 ] DEBUG Engine               - sceneFactory: com.almasb.fxgl.app.scene.SceneFactory@2dd71fa7
11:16:45.442 [FXGL Background Thread 3 ] DEBUG Engine               - secondsIn24h: 60
11:16:45.442 [FXGL Background Thread 3 ] DEBUG Engine               - soundMenuBack: menu/back.wav
11:16:45.442 [FXGL Background Thread 3 ] DEBUG Engine               - soundMenuPress: menu/press.wav
11:16:45.443 [FXGL Background Thread 3 ] DEBUG Engine               - soundMenuSelect: menu/select.wav
11:16:45.443 [FXGL Background Thread 3 ] DEBUG Engine               - soundNotification: core/notification.wav
11:16:45.443 [FXGL Background Thread 3 ] DEBUG Engine               - stageStyle: DECORATED
11:16:45.443 [FXGL Background Thread 3 ] DEBUG Engine               - supportedLanguages: [ENGLISH, FRENCH, GERMAN, HUNGARIAN, RUSSIAN]
11:16:45.443 [FXGL Background Thread 3 ] DEBUG Engine               - ticksPerSecond: -1
11:16:45.443 [FXGL Background Thread 3 ] DEBUG Engine               - title: Bomberman Game
11:16:45.443 [FXGL Background Thread 3 ] DEBUG Engine               - urlGithub: https://github.com/AlmasB/FXGL
11:16:45.443 [FXGL Background Thread 3 ] DEBUG Engine               - urlLeaderboard: http://fxgl-top.herokuapp.com/
11:16:45.443 [FXGL Background Thread 3 ] DEBUG Engine               - urlPOM: https://raw.githubusercontent.com/AlmasB/FXGL/release/README.md
11:16:45.443 [FXGL Background Thread 3 ] DEBUG Engine               - userAppClass: class org.example.demo.HelloApplication
11:16:45.443 [FXGL Background Thread 3 ] DEBUG Engine               - version: 1.0
11:16:45.443 [FXGL Background Thread 3 ] DEBUG Engine               - versionCheckDays: 7
11:16:45.443 [FXGL Background Thread 3 ] DEBUG Engine               - width: 480
11:16:45.443 [FXGL Background Thread 3 ] DEBUG Engine               - Logging services
11:16:45.443 [FXGL Background Thread 3 ] DEBUG Engine               - class com.almasb.fxgl.app.services.FXGLAssetLoaderService
11:16:45.443 [FXGL Background Thread 3 ] DEBUG Engine               - class com.almasb.fxgl.app.FXGLApplication$GameApplicationService
11:16:45.443 [FXGL Background Thread 3 ] DEBUG Engine               - class com.almasb.fxgl.app.services.FXGLDialogService
11:16:45.443 [FXGL Background Thread 3 ] DEBUG Engine               - class com.almasb.fxgl.app.services.IOTaskExecutorService
11:16:45.443 [FXGL Background Thread 3 ] DEBUG Engine               - class com.almasb.fxgl.io.FileSystemService
11:16:45.443 [FXGL Background Thread 3 ] DEBUG Engine               - class com.almasb.fxgl.localization.LocalizationService
11:16:45.443 [FXGL Background Thread 3 ] DEBUG Engine               - class com.almasb.fxgl.app.services.SystemBundleService
11:16:45.444 [FXGL Background Thread 3 ] DEBUG Engine               - class com.almasb.fxgl.profile.SaveLoadService
11:16:45.444 [FXGL Background Thread 3 ] DEBUG Engine               - class com.almasb.fxgl.ui.FXGLUIFactoryServiceProvider
11:16:45.444 [FXGL Background Thread 3 ] DEBUG Engine               - class com.almasb.fxgl.ui.FXGLDialogFactoryServiceProvider
11:16:45.444 [FXGL Background Thread 3 ] DEBUG Engine               - class com.almasb.fxgl.audio.AudioPlayer
11:16:45.444 [FXGL Background Thread 3 ] DEBUG Engine               - class com.almasb.fxgl.notification.impl.NotificationServiceProvider
11:16:45.444 [FXGL Background Thread 3 ] DEBUG Engine               - class com.almasb.fxgl.achievement.AchievementService
11:16:45.444 [FXGL Background Thread 3 ] DEBUG Engine               - class com.almasb.fxgl.cutscene.CutsceneService
11:16:45.444 [FXGL Background Thread 3 ] DEBUG Engine               - class com.almasb.fxgl.minigames.MiniGameService
11:16:45.444 [FXGL Background Thread 3 ] DEBUG Engine               - class com.almasb.fxgl.net.NetService
11:16:45.444 [FXGL Background Thread 3 ] DEBUG Engine               - class com.almasb.fxgl.app.services.UpdaterService
11:16:45.444 [FXGL Background Thread 3 ] DEBUG Engine               - class com.almasb.fxgl.dev.DevService
11:17:00.945 [JavaFX Application Thread] DEBUG FXGLApplication      - Exiting FXGL
11:17:00.945 [JavaFX Application Thread] DEBUG LoopRunner           - Stopping loop
11:17:00.946 [JavaFX Application Thread] DEBUG SystemBundleService  - Saving FXGL system data
11:17:00.947 [JavaFX Application Thread] DEBUG FileSystemAccess     - Writing to: C:\OOP\baitaplonOOP\system\fxgl.bundle
11:17:00.948 [JavaFX Application Thread] DEBUG Async                - Shutting down background threads
11:17:00.948 [JavaFX Application Thread] DEBUG PrimaryStageWindow   - Closing main window
11:17:00.965 [JavaFX Application Thread] DEBUG Logger               - Closing Logger
