07:53:19.200 [main                     ] DEBUG Logger               - Configured Logger
07:53:19.231 [main                     ] DEBUG GameApplication      - Logging settings
Title: Bomberman Game
Version: 1.0
Width: 480
Height: 480
Fullscreen: false
Intro: false
Profiling: false
Single step:false
App Mode: DEVELOPER
Menu Key: ESCAPE
Stage Style: DECORATED
Scene Factory: class com.almasb.fxgl.app.scene.SceneFactory

07:53:20.080 [JavaFX Application Thread] DEBUG FXGLApplication      - Initializing FXGL
07:53:20.088 [JavaFX Application Thread] INFO  Engine               - FXGL-17.3 (30.03.2023 11.49) on WINDOWS (J:23.0.2 FX:17.0.6)
07:53:20.088 [JavaFX Application Thread] DEBUG Engine               - JRE Vendor Name: Oracle Corporation
07:53:20.089 [JavaFX Application Thread] DEBUG Engine               - Running on OS: Windows 11 version 10.0
07:53:20.089 [JavaFX Application Thread] DEBUG Engine               - Architecture: amd64
07:53:20.089 [JavaFX Application Thread] INFO  Engine               - Source code and latest versions at: https://github.com/AlmasB/FXGL
07:53:20.089 [JavaFX Application Thread] INFO  Engine               -       Ask questions and discuss at: https://github.com/AlmasB/FXGL/discussions
07:53:20.089 [JavaFX Application Thread] INFO  Engine               -              Join the FXGL chat at: https://gitter.im/AlmasB/FXGL
07:53:20.247 [JavaFX Application Thread] DEBUG PrimaryStageWindow   - Creating a JavaFX scene
07:53:20.437 [JavaFX Application Thread] DEBUG PrimaryStageWindow   - Target settings size: 480.0 x 480.0
07:53:20.437 [JavaFX Application Thread] DEBUG PrimaryStageWindow   - Scaled scene size:    480.0 x 480.0
07:53:20.438 [JavaFX Application Thread] DEBUG PrimaryStageWindow   - Scaled ratio: (1.0, 1.0)
07:53:20.439 [JavaFX Application Thread] DEBUG PrimaryStageWindow   - Set initial scene to FXGLStartupScene
07:53:20.461 [JavaFX Application Thread] DEBUG PrimaryStageWindow   - Opening main window
07:53:20.607 [JavaFX Application Thread] DEBUG PrimaryStageWindow   - Window border size: (14.666656494140625, 37.33331298828125)
07:53:20.607 [JavaFX Application Thread] DEBUG PrimaryStageWindow   - Scaled size: 480.0 x 480.0
07:53:20.608 [JavaFX Application Thread] DEBUG PrimaryStageWindow   - Scaled ratio: (1.0, 1.0)
07:53:20.608 [JavaFX Application Thread] DEBUG PrimaryStageWindow   - Scene size: 480.0 x 480.0
07:53:20.608 [JavaFX Application Thread] DEBUG PrimaryStageWindow   - Stage size: 494.6666564941406 x 517.3333129882812
07:53:20.624 [FXGL Background Thread 1 ] DEBUG Engine               - Initializing environment variables
07:53:20.670 [FXGL Background Thread 1 ] DEBUG FXGLAssetLoaderServi - User app class for loading assets: class org.example.demo.HelloApplication
07:53:20.670 [FXGL Background Thread 1 ] DEBUG GameApplicationServi - Applying CSS: fxgl_dark.css
07:53:20.671 [FXGL Background Thread 1 ] DEBUG FXGLAssetLoaderServi - Loading from file system: jar:file:///C:/Users/My%20Laptop/.m2/repository/com/github/almasb/fxgl/17.3/fxgl-17.3.jar!/fxglassets/ui/css/fxgl_dark.css
07:53:20.726 [FXGL Background Thread 1 ] DEBUG GameApplicationServi - Initializing application scenes
07:53:20.782 [FXGL Background Thread 1 ] DEBUG GameWorld            - Game world initialized
07:53:20.856 [FXGL Background Thread 1 ] DEBUG PhysicsWorld         - Physics world initialized: appHeight=480, physics.ppm=50.0
07:53:20.856 [FXGL Background Thread 1 ] DEBUG PhysicsWorld         - Using strategy: BRUTE_FORCE
07:53:20.861 [FXGL Background Thread 1 ] DEBUG GameScene            - Game scene initialized: 480x480
07:53:20.874 [FXGL Background Thread 1 ] WARN  FXGL.DefaultMenu     - FXGLDefaultMenu is not designed for resolutions < 800x600
07:53:20.874 [FXGL Background Thread 1 ] DEBUG FXGL.DefaultMenu     - createMenuBodyGameMenu()
07:53:20.894 [FXGL Background Thread 1 ] DEBUG FXGL.DefaultMenu     - createOptionsMenu()
07:53:20.906 [FXGL Background Thread 1 ] DEBUG FXGLAssetLoaderServi - Loading from file system: jar:file:///C:/Users/My%20Laptop/.m2/repository/com/github/almasb/fxgl/17.3/fxgl-17.3.jar!/fxglassets/textures/particles/smoke.png
07:53:21.018 [FXGL Background Thread 1 ] DEBUG FXGLAssetLoaderServi - Loading from file system: jar:file:///C:/Users/My%20Laptop/.m2/repository/com/github/almasb/fxgl/17.3/fxgl-17.3.jar!/fxglassets/textures/particles/trace_horizontal.png
07:53:21.050 [FXGL Background Thread 1 ] DEBUG GameApplicationServi - Application scenes initialized
07:53:21.068 [FXGL Background Thread 1 ] DEBUG SystemBundleService  - Loading FXGL system data
07:53:21.082 [FXGL Background Thread 1 ] DEBUG FileSystemAccess     - Reading from: C:\OOP\baitaplonOOP-long\system\fxgl.bundle
07:53:21.085 [FXGL Background Thread 1 ] DEBUG SystemBundleService  - Bundle FXGL: {}
07:53:21.085 [FXGL Background Thread 1 ] DEBUG UpdaterService       - Checking for updates
07:53:21.090 [FXGL Background Thread 1 ] DEBUG FXGLApplication      - Loading default localization
07:53:21.091 [FXGL Background Thread 1 ] DEBUG FXGLAssetLoaderServi - Loading from file system: jar:file:///C:/Users/My%20Laptop/.m2/repository/com/github/almasb/fxgl/17.3/fxgl-17.3.jar!/fxglassets/languages/english.lang
07:53:21.092 [FXGL Background Thread 4 ] DEBUG FXGLApplication      - Loading fonts
07:53:21.092 [FXGL Background Thread 4 ] DEBUG FXGLAssetLoaderServi - Loading from file system: jar:file:///C:/Users/My%20Laptop/.m2/repository/com/github/almasb/fxgl/17.3/fxgl-17.3.jar!/fxglassets/ui/fonts/VarelaRound-Regular.ttf
07:53:21.117 [FXGL Background Thread 4 ] DEBUG FXGLAssetLoaderServi - Loading from file system: jar:file:///C:/Users/My%20Laptop/.m2/repository/com/github/almasb/fxgl/17.3/fxgl-17.3.jar!/fxglassets/ui/fonts/Abel-Regular.ttf
07:53:21.129 [FXGL Background Thread 1 ] INFO  FXGLApplication      - FXGL initialization took: 0.505 sec
07:53:21.130 [JavaFX Application Thread] DEBUG FXGLAssetLoaderServi - Loading from file system: jar:file:///C:/Users/My%20Laptop/.m2/repository/com/github/almasb/fxgl/17.3/fxgl-17.3.jar!/fxglassets/textures/fxgl_icon.png
07:53:21.144 [FXGL Background Thread 4 ] DEBUG FXGLAssetLoaderServi - Loading from file system: jar:file:///C:/Users/My%20Laptop/.m2/repository/com/github/almasb/fxgl/17.3/fxgl-17.3.jar!/fxglassets/ui/fonts/TerminalLandMono-Regular.otf
07:53:21.154 [JavaFX Application Thread] DEBUG FXGLAssetLoaderServi - Loading from file system: jar:file:///C:/Users/My%20Laptop/.m2/repository/com/github/almasb/fxgl/17.3/fxgl-17.3.jar!/fxglassets/textures/fxgl_default_cursor.png
07:53:21.162 [FXGL Background Thread 4 ] DEBUG FXGLAssetLoaderServi - Loading from file system: jar:file:///C:/Users/My%20Laptop/.m2/repository/com/github/almasb/fxgl/17.3/fxgl-17.3.jar!/fxglassets/ui/fonts/Courier-Prime.ttf
07:53:21.168 [JavaFX Application Thread] DEBUG Input                - Registered new binding: Screenshot - CTRL+8
07:53:21.169 [JavaFX Application Thread] DEBUG Input                - Registered new binding: System info dump - CTRL+9
07:53:21.169 [JavaFX Application Thread] DEBUG Input                - Registered new binding: Restart - CTRL+R
07:53:21.170 [JavaFX Application Thread] DEBUG Input                - Registered new binding: Toggle Debug Camera - CTRL+7
07:53:21.173 [JavaFX Application Thread] DEBUG LoopRunner           - Starting loop
07:53:21.173 [JavaFX Application Thread] DEBUG LoopRunner           - Initializing JavaFX AnimationTimerLoop
07:53:21.175 [JavaFX Application Thread] DEBUG GameApplicationServi - Starting new game
07:53:21.176 [JavaFX Application Thread] DEBUG Input                - Clearing active input actions
07:53:21.189 [JavaFX Application Thread] DEBUG GameApplicationServi - Removing overlay from FXGLStartupScene and adding to FXGLLoadingScene
07:53:21.190 [JavaFX Application Thread] DEBUG PrimaryStageWindow   - FXGLStartupScene -> FXGLLoadingScene
07:53:21.190 [JavaFX Application Thread] DEBUG GameApplicationServi - Clearing previous game
07:53:21.190 [JavaFX Application Thread] DEBUG GameScene            - Clearing game scene
07:53:21.190 [JavaFX Application Thread] DEBUG GameWorld            - Clearing game world
07:53:21.190 [JavaFX Application Thread] DEBUG PhysicsWorld         - Clearing physics world
07:53:21.192 [FXGL Background Thread 4 ] DEBUG FXGLApplication      - Initializing game
07:53:21.246 [JavaFX Application Thread] DEBUG FXGLApplication      - Registering font factories with UI factory
07:53:21.803 [FXGL Background Thread 4 ] DEBUG Input                - Clearing active input actions
07:53:21.803 [FXGL Background Thread 4 ] DEBUG Input                - Registered new binding: Move Up - W
07:53:21.803 [FXGL Background Thread 4 ] DEBUG Input                - Registered new binding: Move Down - S
07:53:21.804 [FXGL Background Thread 4 ] DEBUG Input                - Registered new binding: Move Left - A
07:53:21.804 [FXGL Background Thread 4 ] DEBUG Input                - Registered new binding: Move Right - D
07:53:21.804 [FXGL Background Thread 4 ] DEBUG Input                - Registered new binding: Đặt bom - Space
07:53:22.097 [FXGL Background Thread 4 ] INFO  FXGLApplication      - Game initialization took: 0.904 sec
07:53:22.098 [JavaFX Application Thread] DEBUG Input                - Clearing active input actions
07:53:22.115 [JavaFX Application Thread] DEBUG GameApplicationServi - Removing overlay from FXGLLoadingScene and adding to GameScene
07:53:22.115 [JavaFX Application Thread] DEBUG PrimaryStageWindow   - FXGLLoadingScene -> GameScene
07:53:22.396 [FXGL Background Thread 2 ] INFO  UpdaterService       - Your current version:  17.3
07:53:22.396 [FXGL Background Thread 2 ] INFO  UpdaterService       - Latest stable version: 21.1
07:53:24.088 [FXGL Background Thread 3 ] DEBUG Engine               - Logging environment variables
07:53:24.088 [FXGL Background Thread 3 ] DEBUG Engine               - achievements: []
07:53:24.089 [FXGL Background Thread 3 ] DEBUG Engine               - actualHeight: 480.0
07:53:24.089 [FXGL Background Thread 3 ] DEBUG Engine               - actualHeightProperty: ReadOnlyDoubleProperty [value: 480.0]
07:53:24.089 [FXGL Background Thread 3 ] DEBUG Engine               - actualWidth: 480.0
07:53:24.089 [FXGL Background Thread 3 ] DEBUG Engine               - actualWidthProperty: ReadOnlyDoubleProperty [value: 480.0]
07:53:24.089 [FXGL Background Thread 3 ] DEBUG Engine               - appIcon: fxgl_icon.png
07:53:24.089 [FXGL Background Thread 3 ] DEBUG Engine               - applicationMode: DEVELOPER
07:53:24.089 [FXGL Background Thread 3 ] DEBUG Engine               - cSSList: [fxgl_dark.css]
07:53:24.089 [FXGL Background Thread 3 ] DEBUG Engine               - collisionDetectionStrategy: BRUTE_FORCE
07:53:24.089 [FXGL Background Thread 3 ] DEBUG Engine               - configClass: Optional.empty
07:53:24.089 [FXGL Background Thread 3 ] DEBUG Engine               - credits: []
07:53:24.089 [FXGL Background Thread 3 ] DEBUG Engine               - defaultCursor: CursorInfo(imageName=fxgl_default_cursor.png, hotspotX=7.0, hotspotY=6.0)
07:53:24.089 [FXGL Background Thread 3 ] DEBUG Engine               - devBBoxColorProperty: ObjectProperty [value: 0xff0000ff]
07:53:24.089 [FXGL Background Thread 3 ] DEBUG Engine               - devEnableDebugCameraProperty: BooleanProperty [value: false]
07:53:24.090 [FXGL Background Thread 3 ] DEBUG Engine               - devSensorColorProperty: ObjectProperty [value: 0xffff00ff]
07:53:24.090 [FXGL Background Thread 3 ] DEBUG Engine               - devShowBBoxProperty: BooleanProperty [value: false]
07:53:24.090 [FXGL Background Thread 3 ] DEBUG Engine               - devShowPositionProperty: BooleanProperty [value: false]
07:53:24.090 [FXGL Background Thread 3 ] DEBUG Engine               - enabledMenuItems: []
07:53:24.090 [FXGL Background Thread 3 ] DEBUG Engine               - engineServices: [class com.almasb.fxgl.app.services.FXGLAssetLoaderService, class com.almasb.fxgl.app.FXGLApplication$GameApplicationService, class com.almasb.fxgl.app.services.FXGLDialogService, class com.almasb.fxgl.app.services.IOTaskExecutorService, class com.almasb.fxgl.io.FileSystemService, class com.almasb.fxgl.localization.LocalizationService, class com.almasb.fxgl.app.services.SystemBundleService, class com.almasb.fxgl.profile.SaveLoadService, class com.almasb.fxgl.ui.FXGLUIFactoryServiceProvider, class com.almasb.fxgl.ui.FXGLDialogFactoryServiceProvider, class com.almasb.fxgl.audio.AudioPlayer, class com.almasb.fxgl.notification.impl.NotificationServiceProvider, class com.almasb.fxgl.achievement.AchievementService, class com.almasb.fxgl.cutscene.CutsceneService, class com.almasb.fxgl.minigames.MiniGameService, class com.almasb.fxgl.net.NetService, class com.almasb.fxgl.app.services.UpdaterService, class com.almasb.fxgl.dev.DevService]
07:53:24.090 [FXGL Background Thread 3 ] DEBUG Engine               - fontGame: Abel-Regular.ttf
07:53:24.090 [FXGL Background Thread 3 ] DEBUG Engine               - fontMono: TerminalLandMono-Regular.otf
07:53:24.090 [FXGL Background Thread 3 ] DEBUG Engine               - fontSizeScaleUI: 1.0
07:53:24.090 [FXGL Background Thread 3 ] DEBUG Engine               - fontText: Courier-Prime.ttf
07:53:24.090 [FXGL Background Thread 3 ] DEBUG Engine               - fontUI: VarelaRound-Regular.ttf
07:53:24.090 [FXGL Background Thread 3 ] DEBUG Engine               - fullScreen: BooleanProperty [value: false]
07:53:24.090 [FXGL Background Thread 3 ] DEBUG Engine               - gameDifficulty: MEDIUM
07:53:24.090 [FXGL Background Thread 3 ] DEBUG Engine               - gameDifficultyProperty: ObjectProperty [value: MEDIUM]
07:53:24.090 [FXGL Background Thread 3 ] DEBUG Engine               - globalMusicVolume: 0.5
07:53:24.090 [FXGL Background Thread 3 ] DEBUG Engine               - globalMusicVolumeProperty: DoubleProperty [value: 0.5]
07:53:24.090 [FXGL Background Thread 3 ] DEBUG Engine               - globalSoundVolume: 0.5
07:53:24.090 [FXGL Background Thread 3 ] DEBUG Engine               - globalSoundVolumeProperty: DoubleProperty [value: 0.5]
07:53:24.090 [FXGL Background Thread 3 ] DEBUG Engine               - height: 480
07:53:24.090 [FXGL Background Thread 3 ] DEBUG Engine               - is3D: false
07:53:24.090 [FXGL Background Thread 3 ] DEBUG Engine               - isAndroid: false
07:53:24.090 [FXGL Background Thread 3 ] DEBUG Engine               - isBrowser: false
07:53:24.090 [FXGL Background Thread 3 ] DEBUG Engine               - isClickFeedbackEnabled: false
07:53:24.090 [FXGL Background Thread 3 ] DEBUG Engine               - isCloseConfirmation: false
07:53:24.090 [FXGL Background Thread 3 ] DEBUG Engine               - isDesktop: true
07:53:24.090 [FXGL Background Thread 3 ] DEBUG Engine               - isDeveloperMenuEnabled: false
07:53:24.090 [FXGL Background Thread 3 ] DEBUG Engine               - isEmbedded: false
07:53:24.090 [FXGL Background Thread 3 ] DEBUG Engine               - isEntityPreloadEnabled: true
07:53:24.091 [FXGL Background Thread 3 ] DEBUG Engine               - isExperimentalTiledLargeMap: false
07:53:24.091 [FXGL Background Thread 3 ] DEBUG Engine               - isFileSystemWriteAllowed: true
07:53:24.091 [FXGL Background Thread 3 ] DEBUG Engine               - isFullScreenAllowed: false
07:53:24.091 [FXGL Background Thread 3 ] DEBUG Engine               - isFullScreenFromStart: false
07:53:24.091 [FXGL Background Thread 3 ] DEBUG Engine               - isGameMenuEnabled: true
07:53:24.091 [FXGL Background Thread 3 ] DEBUG Engine               - isIOS: false
07:53:24.091 [FXGL Background Thread 3 ] DEBUG Engine               - isIntroEnabled: false
07:53:24.091 [FXGL Background Thread 3 ] DEBUG Engine               - isLinux: false
07:53:24.091 [FXGL Background Thread 3 ] DEBUG Engine               - isMac: false
07:53:24.091 [FXGL Background Thread 3 ] DEBUG Engine               - isMainMenuEnabled: false
07:53:24.091 [FXGL Background Thread 3 ] DEBUG Engine               - isManualResizeEnabled: false
07:53:24.091 [FXGL Background Thread 3 ] DEBUG Engine               - isMobile: false
07:53:24.091 [FXGL Background Thread 3 ] DEBUG Engine               - isNative: false
07:53:24.091 [FXGL Background Thread 3 ] DEBUG Engine               - isPauseMusicWhenMinimized: true
07:53:24.091 [FXGL Background Thread 3 ] DEBUG Engine               - isPreserveResizeRatio: false
07:53:24.091 [FXGL Background Thread 3 ] DEBUG Engine               - isProfilingEnabled: false
07:53:24.091 [FXGL Background Thread 3 ] DEBUG Engine               - isScaleAffectedOnResize: true
07:53:24.091 [FXGL Background Thread 3 ] DEBUG Engine               - isSingleStep: false
07:53:24.091 [FXGL Background Thread 3 ] DEBUG Engine               - isUserProfileEnabled: false
07:53:24.091 [FXGL Background Thread 3 ] DEBUG Engine               - isWindows: true
07:53:24.091 [FXGL Background Thread 3 ] DEBUG Engine               - language: ObjectProperty [value: ENGLISH]
07:53:24.091 [FXGL Background Thread 3 ] DEBUG Engine               - menuKey: ESCAPE
07:53:24.091 [FXGL Background Thread 3 ] DEBUG Engine               - mouseSensitivity: 0.2
07:53:24.091 [FXGL Background Thread 3 ] DEBUG Engine               - notificationViewClass: class com.almasb.fxgl.notification.view.XboxNotificationView
07:53:24.091 [FXGL Background Thread 3 ] DEBUG Engine               - pixelsPerMeter: 50.0
07:53:24.091 [FXGL Background Thread 3 ] DEBUG Engine               - platform: WINDOWS
07:53:24.091 [FXGL Background Thread 3 ] DEBUG Engine               - prefHeightProperty: ReadOnlyDoubleProperty [value: 480.0]
07:53:24.092 [FXGL Background Thread 3 ] DEBUG Engine               - prefWidthProperty: ReadOnlyDoubleProperty [value: 480.0]
07:53:24.092 [FXGL Background Thread 3 ] DEBUG Engine               - profileDir: profiles/
07:53:24.092 [FXGL Background Thread 3 ] DEBUG Engine               - profileName: StringProperty [value: DEFAULT]
07:53:24.092 [FXGL Background Thread 3 ] DEBUG Engine               - randomSeed: -1
07:53:24.092 [FXGL Background Thread 3 ] DEBUG Engine               - runtimeInfo: RuntimeInfo(platform=WINDOWS, version=17.3, build=30.03.2023 11.49)
07:53:24.092 [FXGL Background Thread 3 ] DEBUG Engine               - saveFileExt: sav
07:53:24.092 [FXGL Background Thread 3 ] DEBUG Engine               - scaledHeightProp$fxgl: DoubleProperty [bound, value: 480.0]
07:53:24.092 [FXGL Background Thread 3 ] DEBUG Engine               - scaledWidthProp$fxgl: DoubleProperty [bound, value: 480.0]
07:53:24.092 [FXGL Background Thread 3 ] DEBUG Engine               - sceneFactory: com.almasb.fxgl.app.scene.SceneFactory@488d6a19
07:53:24.092 [FXGL Background Thread 3 ] DEBUG Engine               - secondsIn24h: 60
07:53:24.092 [FXGL Background Thread 3 ] DEBUG Engine               - soundMenuBack: menu/back.wav
07:53:24.092 [FXGL Background Thread 3 ] DEBUG Engine               - soundMenuPress: menu/press.wav
07:53:24.092 [FXGL Background Thread 3 ] DEBUG Engine               - soundMenuSelect: menu/select.wav
07:53:24.092 [FXGL Background Thread 3 ] DEBUG Engine               - soundNotification: core/notification.wav
07:53:24.092 [FXGL Background Thread 3 ] DEBUG Engine               - stageStyle: DECORATED
07:53:24.092 [FXGL Background Thread 3 ] DEBUG Engine               - supportedLanguages: [ENGLISH, FRENCH, GERMAN, HUNGARIAN, RUSSIAN]
07:53:24.092 [FXGL Background Thread 3 ] DEBUG Engine               - ticksPerSecond: -1
07:53:24.092 [FXGL Background Thread 3 ] DEBUG Engine               - title: Bomberman Game
07:53:24.093 [FXGL Background Thread 3 ] DEBUG Engine               - urlGithub: https://github.com/AlmasB/FXGL
07:53:24.093 [FXGL Background Thread 3 ] DEBUG Engine               - urlLeaderboard: http://fxgl-top.herokuapp.com/
07:53:24.093 [FXGL Background Thread 3 ] DEBUG Engine               - urlPOM: https://raw.githubusercontent.com/AlmasB/FXGL/release/README.md
07:53:24.093 [FXGL Background Thread 3 ] DEBUG Engine               - userAppClass: class org.example.demo.HelloApplication
07:53:24.093 [FXGL Background Thread 3 ] DEBUG Engine               - version: 1.0
07:53:24.093 [FXGL Background Thread 3 ] DEBUG Engine               - versionCheckDays: 7
07:53:24.093 [FXGL Background Thread 3 ] DEBUG Engine               - width: 480
07:53:24.093 [FXGL Background Thread 3 ] DEBUG Engine               - Logging services
07:53:24.093 [FXGL Background Thread 3 ] DEBUG Engine               - class com.almasb.fxgl.app.services.FXGLAssetLoaderService
07:53:24.093 [FXGL Background Thread 3 ] DEBUG Engine               - class com.almasb.fxgl.app.FXGLApplication$GameApplicationService
07:53:24.093 [FXGL Background Thread 3 ] DEBUG Engine               - class com.almasb.fxgl.app.services.FXGLDialogService
07:53:24.093 [FXGL Background Thread 3 ] DEBUG Engine               - class com.almasb.fxgl.app.services.IOTaskExecutorService
07:53:24.093 [FXGL Background Thread 3 ] DEBUG Engine               - class com.almasb.fxgl.io.FileSystemService
07:53:24.093 [FXGL Background Thread 3 ] DEBUG Engine               - class com.almasb.fxgl.localization.LocalizationService
07:53:24.093 [FXGL Background Thread 3 ] DEBUG Engine               - class com.almasb.fxgl.app.services.SystemBundleService
07:53:24.093 [FXGL Background Thread 3 ] DEBUG Engine               - class com.almasb.fxgl.profile.SaveLoadService
07:53:24.093 [FXGL Background Thread 3 ] DEBUG Engine               - class com.almasb.fxgl.ui.FXGLUIFactoryServiceProvider
07:53:24.093 [FXGL Background Thread 3 ] DEBUG Engine               - class com.almasb.fxgl.ui.FXGLDialogFactoryServiceProvider
07:53:24.093 [FXGL Background Thread 3 ] DEBUG Engine               - class com.almasb.fxgl.audio.AudioPlayer
07:53:24.093 [FXGL Background Thread 3 ] DEBUG Engine               - class com.almasb.fxgl.notification.impl.NotificationServiceProvider
07:53:24.093 [FXGL Background Thread 3 ] DEBUG Engine               - class com.almasb.fxgl.achievement.AchievementService
07:53:24.093 [FXGL Background Thread 3 ] DEBUG Engine               - class com.almasb.fxgl.cutscene.CutsceneService
07:53:24.093 [FXGL Background Thread 3 ] DEBUG Engine               - class com.almasb.fxgl.minigames.MiniGameService
07:53:24.093 [FXGL Background Thread 3 ] DEBUG Engine               - class com.almasb.fxgl.net.NetService
07:53:24.093 [FXGL Background Thread 3 ] DEBUG Engine               - class com.almasb.fxgl.app.services.UpdaterService
07:53:24.093 [FXGL Background Thread 3 ] DEBUG Engine               - class com.almasb.fxgl.dev.DevService
07:54:42.396 [JavaFX Application Thread] DEBUG FXGLApplication      - Exiting FXGL
07:54:42.396 [JavaFX Application Thread] DEBUG LoopRunner           - Stopping loop
07:54:42.396 [JavaFX Application Thread] DEBUG SystemBundleService  - Saving FXGL system data
07:54:42.397 [JavaFX Application Thread] DEBUG FileSystemAccess     - Writing to: C:\OOP\baitaplonOOP-long\system\fxgl.bundle
07:54:42.398 [JavaFX Application Thread] DEBUG Async                - Shutting down background threads
07:54:42.398 [JavaFX Application Thread] DEBUG PrimaryStageWindow   - Closing main window
07:54:42.410 [JavaFX Application Thread] DEBUG Logger               - Closing Logger
