08:46:05.209 [main                     ] DEBUG Logger               - Configured Logger
08:46:05.231 [main                     ] DEBUG GameApplication      - Logging settings
Title: Bomberman Game
Version: 1.0
Width: 480
Height: 480
Fullscreen: false
Intro: false
Profiling: false
Single step:false
App Mode: DEVELOPER
Menu Key: ESCAPE
Stage Style: DECORATED
Scene Factory: class com.almasb.fxgl.app.scene.SceneFactory

08:46:05.667 [JavaFX Application Thread] DEBUG FXGLApplication      - Initializing FXGL
08:46:05.670 [JavaFX Application Thread] INFO  Engine               - FXGL-17.3 (30.03.2023 11.49) on WINDOWS (J:23.0.2 FX:17.0.6)
08:46:05.671 [JavaFX Application Thread] DEBUG Engine               - JRE Vendor Name: Oracle Corporation
08:46:05.671 [JavaFX Application Thread] DEBUG Engine               - Running on OS: Windows 11 version 10.0
08:46:05.671 [JavaFX Application Thread] DEBUG Engine               - Architecture: amd64
08:46:05.671 [JavaFX Application Thread] INFO  Engine               - Source code and latest versions at: https://github.com/AlmasB/FXGL
08:46:05.671 [JavaFX Application Thread] INFO  Engine               -       Ask questions and discuss at: https://github.com/AlmasB/FXGL/discussions
08:46:05.671 [JavaFX Application Thread] INFO  Engine               -              Join the FXGL chat at: https://gitter.im/AlmasB/FXGL
08:46:05.765 [JavaFX Application Thread] DEBUG PrimaryStageWindow   - Creating a JavaFX scene
08:46:05.817 [JavaFX Application Thread] DEBUG PrimaryStageWindow   - Target settings size: 480.0 x 480.0
08:46:05.818 [JavaFX Application Thread] DEBUG PrimaryStageWindow   - Scaled scene size:    480.0 x 480.0
08:46:05.818 [JavaFX Application Thread] DEBUG PrimaryStageWindow   - Scaled ratio: (1.0, 1.0)
08:46:05.818 [JavaFX Application Thread] DEBUG PrimaryStageWindow   - Set initial scene to FXGLStartupScene
08:46:05.824 [JavaFX Application Thread] DEBUG PrimaryStageWindow   - Opening main window
08:46:05.923 [JavaFX Application Thread] DEBUG PrimaryStageWindow   - Window border size: (14.666656494140625, 37.33331298828125)
08:46:05.923 [JavaFX Application Thread] DEBUG PrimaryStageWindow   - Scaled size: 480.0 x 480.0
08:46:05.923 [JavaFX Application Thread] DEBUG PrimaryStageWindow   - Scaled ratio: (1.0, 1.0)
08:46:05.923 [JavaFX Application Thread] DEBUG PrimaryStageWindow   - Scene size: 480.0 x 480.0
08:46:05.923 [JavaFX Application Thread] DEBUG PrimaryStageWindow   - Stage size: 494.6666564941406 x 517.3333129882812
08:46:05.930 [FXGL Background Thread 1 ] DEBUG Engine               - Initializing environment variables
08:46:06.005 [FXGL Background Thread 1 ] DEBUG FXGLAssetLoaderServi - User app class for loading assets: class org.example.demo.HelloApplication
08:46:06.006 [FXGL Background Thread 1 ] DEBUG GameApplicationServi - Applying CSS: fxgl_dark.css
08:46:06.006 [FXGL Background Thread 1 ] DEBUG FXGLAssetLoaderServi - Loading from file system: jar:file:///C:/Users/admin/.m2/repository/com/github/almasb/fxgl/17.3/fxgl-17.3.jar!/fxglassets/ui/css/fxgl_dark.css
08:46:06.040 [FXGL Background Thread 1 ] DEBUG GameApplicationServi - Initializing application scenes
08:46:06.076 [FXGL Background Thread 1 ] DEBUG GameWorld            - Game world initialized
08:46:06.141 [FXGL Background Thread 1 ] DEBUG PhysicsWorld         - Physics world initialized: appHeight=480, physics.ppm=50.0
08:46:06.141 [FXGL Background Thread 1 ] DEBUG PhysicsWorld         - Using strategy: BRUTE_FORCE
08:46:06.144 [FXGL Background Thread 1 ] DEBUG GameScene            - Game scene initialized: 480x480
08:46:06.153 [FXGL Background Thread 1 ] WARN  FXGL.DefaultMenu     - FXGLDefaultMenu is not designed for resolutions < 800x600
08:46:06.153 [FXGL Background Thread 1 ] DEBUG FXGL.DefaultMenu     - createMenuBodyGameMenu()
08:46:06.164 [FXGL Background Thread 1 ] DEBUG FXGL.DefaultMenu     - createOptionsMenu()
08:46:06.172 [FXGL Background Thread 1 ] DEBUG FXGLAssetLoaderServi - Loading from file system: jar:file:///C:/Users/admin/.m2/repository/com/github/almasb/fxgl/17.3/fxgl-17.3.jar!/fxglassets/textures/particles/smoke.png
08:46:06.270 [FXGL Background Thread 1 ] DEBUG FXGLAssetLoaderServi - Loading from file system: jar:file:///C:/Users/admin/.m2/repository/com/github/almasb/fxgl/17.3/fxgl-17.3.jar!/fxglassets/textures/particles/trace_horizontal.png
08:46:06.299 [FXGL Background Thread 1 ] DEBUG GameApplicationServi - Application scenes initialized
08:46:06.310 [FXGL Background Thread 1 ] DEBUG SystemBundleService  - Loading FXGL system data
08:46:06.314 [FXGL Background Thread 1 ] DEBUG FileSystemAccess     - Reading from: C:\Users\admin\OneDrive\Máy tính\btl\baitaplonOOP\system\fxgl.bundle
08:46:06.322 [FXGL Background Thread 1 ] DEBUG SystemBundleService  - Bundle FXGL: {}
08:46:06.322 [FXGL Background Thread 1 ] DEBUG UpdaterService       - Checking for updates
08:46:06.327 [FXGL Background Thread 4 ] DEBUG FXGLApplication      - Loading fonts
08:46:06.328 [FXGL Background Thread 1 ] DEBUG FXGLApplication      - Loading default localization
08:46:06.328 [FXGL Background Thread 4 ] DEBUG FXGLAssetLoaderServi - Loading from file system: jar:file:///C:/Users/admin/.m2/repository/com/github/almasb/fxgl/17.3/fxgl-17.3.jar!/fxglassets/ui/fonts/VarelaRound-Regular.ttf
08:46:06.328 [FXGL Background Thread 1 ] DEBUG FXGLAssetLoaderServi - Loading from file system: jar:file:///C:/Users/admin/.m2/repository/com/github/almasb/fxgl/17.3/fxgl-17.3.jar!/fxglassets/languages/english.lang
08:46:06.354 [FXGL Background Thread 1 ] INFO  FXGLApplication      - FXGL initialization took: 0.423 sec
08:46:06.355 [JavaFX Application Thread] DEBUG FXGLAssetLoaderServi - Loading from file system: jar:file:///C:/Users/admin/.m2/repository/com/github/almasb/fxgl/17.3/fxgl-17.3.jar!/fxglassets/textures/fxgl_icon.png
08:46:06.376 [FXGL Background Thread 4 ] DEBUG FXGLAssetLoaderServi - Loading from file system: jar:file:///C:/Users/admin/.m2/repository/com/github/almasb/fxgl/17.3/fxgl-17.3.jar!/fxglassets/ui/fonts/Abel-Regular.ttf
08:46:06.379 [JavaFX Application Thread] DEBUG FXGLAssetLoaderServi - Loading from file system: jar:file:///C:/Users/admin/.m2/repository/com/github/almasb/fxgl/17.3/fxgl-17.3.jar!/fxglassets/textures/fxgl_default_cursor.png
08:46:06.393 [JavaFX Application Thread] DEBUG Input                - Registered new binding: Screenshot - CTRL+8
08:46:06.393 [JavaFX Application Thread] DEBUG Input                - Registered new binding: System info dump - CTRL+9
08:46:06.393 [JavaFX Application Thread] DEBUG Input                - Registered new binding: Restart - CTRL+R
08:46:06.394 [JavaFX Application Thread] DEBUG Input                - Registered new binding: Toggle Debug Camera - CTRL+7
08:46:06.395 [FXGL Background Thread 4 ] DEBUG FXGLAssetLoaderServi - Loading from file system: jar:file:///C:/Users/admin/.m2/repository/com/github/almasb/fxgl/17.3/fxgl-17.3.jar!/fxglassets/ui/fonts/TerminalLandMono-Regular.otf
08:46:06.397 [JavaFX Application Thread] DEBUG LoopRunner           - Starting loop
08:46:06.397 [JavaFX Application Thread] DEBUG LoopRunner           - Initializing JavaFX AnimationTimerLoop
08:46:06.399 [JavaFX Application Thread] DEBUG GameApplicationServi - Starting new game
08:46:06.399 [JavaFX Application Thread] DEBUG Input                - Clearing active input actions
08:46:06.407 [FXGL Background Thread 4 ] DEBUG FXGLAssetLoaderServi - Loading from file system: jar:file:///C:/Users/admin/.m2/repository/com/github/almasb/fxgl/17.3/fxgl-17.3.jar!/fxglassets/ui/fonts/Courier-Prime.ttf
08:46:06.409 [JavaFX Application Thread] DEBUG GameApplicationServi - Removing overlay from FXGLStartupScene and adding to FXGLLoadingScene
08:46:06.411 [JavaFX Application Thread] DEBUG PrimaryStageWindow   - FXGLStartupScene -> FXGLLoadingScene
08:46:06.411 [JavaFX Application Thread] DEBUG GameApplicationServi - Clearing previous game
08:46:06.411 [JavaFX Application Thread] DEBUG GameScene            - Clearing game scene
08:46:06.411 [JavaFX Application Thread] DEBUG GameWorld            - Clearing game world
08:46:06.411 [JavaFX Application Thread] DEBUG PhysicsWorld         - Clearing physics world
08:46:06.412 [FXGL Background Thread 1 ] DEBUG FXGLApplication      - Initializing game
08:46:06.452 [JavaFX Application Thread] DEBUG FXGLApplication      - Registering font factories with UI factory
08:46:06.720 [FXGL Background Thread 1 ] DEBUG Input                - Clearing active input actions
08:46:06.720 [FXGL Background Thread 1 ] DEBUG Input                - Registered new binding: Move Up - W
08:46:06.720 [FXGL Background Thread 1 ] DEBUG Input                - Registered new binding: Move Down - S
08:46:06.720 [FXGL Background Thread 1 ] DEBUG Input                - Registered new binding: Move Left - A
08:46:06.720 [FXGL Background Thread 1 ] DEBUG Input                - Registered new binding: Move Right - D
08:46:06.720 [FXGL Background Thread 1 ] DEBUG Input                - Registered new binding: Đặt bom - Space
08:46:06.764 [FXGL Background Thread 1 ] INFO  FXGLApplication      - Game initialization took: 0.351 sec
08:46:06.765 [JavaFX Application Thread] DEBUG Input                - Clearing active input actions
08:46:06.780 [JavaFX Application Thread] DEBUG GameApplicationServi - Removing overlay from FXGLLoadingScene and adding to GameScene
08:46:06.781 [JavaFX Application Thread] DEBUG PrimaryStageWindow   - FXGLLoadingScene -> GameScene
08:46:07.397 [FXGL Background Thread 2 ] INFO  UpdaterService       - Your current version:  17.3
08:46:07.398 [FXGL Background Thread 2 ] INFO  UpdaterService       - Latest stable version: 21.1
08:46:09.327 [FXGL Background Thread 3 ] DEBUG Engine               - Logging environment variables
08:46:09.327 [FXGL Background Thread 3 ] DEBUG Engine               - achievements: []
08:46:09.327 [FXGL Background Thread 3 ] DEBUG Engine               - actualHeight: 480.0
08:46:09.328 [FXGL Background Thread 3 ] DEBUG Engine               - actualHeightProperty: ReadOnlyDoubleProperty [value: 480.0]
08:46:09.328 [FXGL Background Thread 3 ] DEBUG Engine               - actualWidth: 480.0
08:46:09.328 [FXGL Background Thread 3 ] DEBUG Engine               - actualWidthProperty: ReadOnlyDoubleProperty [value: 480.0]
08:46:09.328 [FXGL Background Thread 3 ] DEBUG Engine               - appIcon: fxgl_icon.png
08:46:09.328 [FXGL Background Thread 3 ] DEBUG Engine               - applicationMode: DEVELOPER
08:46:09.328 [FXGL Background Thread 3 ] DEBUG Engine               - cSSList: [fxgl_dark.css]
08:46:09.328 [FXGL Background Thread 3 ] DEBUG Engine               - collisionDetectionStrategy: BRUTE_FORCE
08:46:09.328 [FXGL Background Thread 3 ] DEBUG Engine               - configClass: Optional.empty
08:46:09.328 [FXGL Background Thread 3 ] DEBUG Engine               - credits: []
08:46:09.329 [FXGL Background Thread 3 ] DEBUG Engine               - defaultCursor: CursorInfo(imageName=fxgl_default_cursor.png, hotspotX=7.0, hotspotY=6.0)
08:46:09.329 [FXGL Background Thread 3 ] DEBUG Engine               - devBBoxColorProperty: ObjectProperty [value: 0xff0000ff]
08:46:09.329 [FXGL Background Thread 3 ] DEBUG Engine               - devEnableDebugCameraProperty: BooleanProperty [value: false]
08:46:09.329 [FXGL Background Thread 3 ] DEBUG Engine               - devSensorColorProperty: ObjectProperty [value: 0xffff00ff]
08:46:09.329 [FXGL Background Thread 3 ] DEBUG Engine               - devShowBBoxProperty: BooleanProperty [value: false]
08:46:09.329 [FXGL Background Thread 3 ] DEBUG Engine               - devShowPositionProperty: BooleanProperty [value: false]
08:46:09.329 [FXGL Background Thread 3 ] DEBUG Engine               - enabledMenuItems: []
08:46:09.329 [FXGL Background Thread 3 ] DEBUG Engine               - engineServices: [class com.almasb.fxgl.app.services.FXGLAssetLoaderService, class com.almasb.fxgl.app.FXGLApplication$GameApplicationService, class com.almasb.fxgl.app.services.FXGLDialogService, class com.almasb.fxgl.app.services.IOTaskExecutorService, class com.almasb.fxgl.io.FileSystemService, class com.almasb.fxgl.localization.LocalizationService, class com.almasb.fxgl.app.services.SystemBundleService, class com.almasb.fxgl.profile.SaveLoadService, class com.almasb.fxgl.ui.FXGLUIFactoryServiceProvider, class com.almasb.fxgl.ui.FXGLDialogFactoryServiceProvider, class com.almasb.fxgl.audio.AudioPlayer, class com.almasb.fxgl.notification.impl.NotificationServiceProvider, class com.almasb.fxgl.achievement.AchievementService, class com.almasb.fxgl.cutscene.CutsceneService, class com.almasb.fxgl.minigames.MiniGameService, class com.almasb.fxgl.net.NetService, class com.almasb.fxgl.app.services.UpdaterService, class com.almasb.fxgl.dev.DevService]
08:46:09.329 [FXGL Background Thread 3 ] DEBUG Engine               - fontGame: Abel-Regular.ttf
08:46:09.329 [FXGL Background Thread 3 ] DEBUG Engine               - fontMono: TerminalLandMono-Regular.otf
08:46:09.329 [FXGL Background Thread 3 ] DEBUG Engine               - fontSizeScaleUI: 1.0
08:46:09.329 [FXGL Background Thread 3 ] DEBUG Engine               - fontText: Courier-Prime.ttf
08:46:09.329 [FXGL Background Thread 3 ] DEBUG Engine               - fontUI: VarelaRound-Regular.ttf
08:46:09.329 [FXGL Background Thread 3 ] DEBUG Engine               - fullScreen: BooleanProperty [value: false]
08:46:09.329 [FXGL Background Thread 3 ] DEBUG Engine               - gameDifficulty: MEDIUM
08:46:09.329 [FXGL Background Thread 3 ] DEBUG Engine               - gameDifficultyProperty: ObjectProperty [value: MEDIUM]
08:46:09.330 [FXGL Background Thread 3 ] DEBUG Engine               - globalMusicVolume: 0.5
08:46:09.330 [FXGL Background Thread 3 ] DEBUG Engine               - globalMusicVolumeProperty: DoubleProperty [value: 0.5]
08:46:09.330 [FXGL Background Thread 3 ] DEBUG Engine               - globalSoundVolume: 0.5
08:46:09.330 [FXGL Background Thread 3 ] DEBUG Engine               - globalSoundVolumeProperty: DoubleProperty [value: 0.5]
08:46:09.330 [FXGL Background Thread 3 ] DEBUG Engine               - height: 480
08:46:09.330 [FXGL Background Thread 3 ] DEBUG Engine               - is3D: false
08:46:09.330 [FXGL Background Thread 3 ] DEBUG Engine               - isAndroid: false
08:46:09.330 [FXGL Background Thread 3 ] DEBUG Engine               - isBrowser: false
08:46:09.330 [FXGL Background Thread 3 ] DEBUG Engine               - isClickFeedbackEnabled: false
08:46:09.330 [FXGL Background Thread 3 ] DEBUG Engine               - isCloseConfirmation: false
08:46:09.330 [FXGL Background Thread 3 ] DEBUG Engine               - isDesktop: true
08:46:09.330 [FXGL Background Thread 3 ] DEBUG Engine               - isDeveloperMenuEnabled: false
08:46:09.330 [FXGL Background Thread 3 ] DEBUG Engine               - isEmbedded: false
08:46:09.330 [FXGL Background Thread 3 ] DEBUG Engine               - isEntityPreloadEnabled: true
08:46:09.330 [FXGL Background Thread 3 ] DEBUG Engine               - isExperimentalTiledLargeMap: false
08:46:09.330 [FXGL Background Thread 3 ] DEBUG Engine               - isFileSystemWriteAllowed: true
08:46:09.331 [FXGL Background Thread 3 ] DEBUG Engine               - isFullScreenAllowed: false
08:46:09.331 [FXGL Background Thread 3 ] DEBUG Engine               - isFullScreenFromStart: false
08:46:09.331 [FXGL Background Thread 3 ] DEBUG Engine               - isGameMenuEnabled: true
08:46:09.331 [FXGL Background Thread 3 ] DEBUG Engine               - isIOS: false
08:46:09.331 [FXGL Background Thread 3 ] DEBUG Engine               - isIntroEnabled: false
08:46:09.331 [FXGL Background Thread 3 ] DEBUG Engine               - isLinux: false
08:46:09.331 [FXGL Background Thread 3 ] DEBUG Engine               - isMac: false
08:46:09.331 [FXGL Background Thread 3 ] DEBUG Engine               - isMainMenuEnabled: false
08:46:09.331 [FXGL Background Thread 3 ] DEBUG Engine               - isManualResizeEnabled: false
08:46:09.331 [FXGL Background Thread 3 ] DEBUG Engine               - isMobile: false
08:46:09.331 [FXGL Background Thread 3 ] DEBUG Engine               - isNative: false
08:46:09.332 [FXGL Background Thread 3 ] DEBUG Engine               - isPauseMusicWhenMinimized: true
08:46:09.332 [FXGL Background Thread 3 ] DEBUG Engine               - isPreserveResizeRatio: false
08:46:09.332 [FXGL Background Thread 3 ] DEBUG Engine               - isProfilingEnabled: false
08:46:09.332 [FXGL Background Thread 3 ] DEBUG Engine               - isScaleAffectedOnResize: true
08:46:09.332 [FXGL Background Thread 3 ] DEBUG Engine               - isSingleStep: false
08:46:09.332 [FXGL Background Thread 3 ] DEBUG Engine               - isUserProfileEnabled: false
08:46:09.332 [FXGL Background Thread 3 ] DEBUG Engine               - isWindows: true
08:46:09.332 [FXGL Background Thread 3 ] DEBUG Engine               - language: ObjectProperty [value: ENGLISH]
08:46:09.332 [FXGL Background Thread 3 ] DEBUG Engine               - menuKey: ESCAPE
08:46:09.332 [FXGL Background Thread 3 ] DEBUG Engine               - mouseSensitivity: 0.2
08:46:09.332 [FXGL Background Thread 3 ] DEBUG Engine               - notificationViewClass: class com.almasb.fxgl.notification.view.XboxNotificationView
08:46:09.332 [FXGL Background Thread 3 ] DEBUG Engine               - pixelsPerMeter: 50.0
08:46:09.332 [FXGL Background Thread 3 ] DEBUG Engine               - platform: WINDOWS
08:46:09.332 [FXGL Background Thread 3 ] DEBUG Engine               - prefHeightProperty: ReadOnlyDoubleProperty [value: 480.0]
08:46:09.332 [FXGL Background Thread 3 ] DEBUG Engine               - prefWidthProperty: ReadOnlyDoubleProperty [value: 480.0]
08:46:09.332 [FXGL Background Thread 3 ] DEBUG Engine               - profileDir: profiles/
08:46:09.332 [FXGL Background Thread 3 ] DEBUG Engine               - profileName: StringProperty [value: DEFAULT]
08:46:09.334 [FXGL Background Thread 3 ] DEBUG Engine               - randomSeed: -1
08:46:09.334 [FXGL Background Thread 3 ] DEBUG Engine               - runtimeInfo: RuntimeInfo(platform=WINDOWS, version=17.3, build=30.03.2023 11.49)
08:46:09.334 [FXGL Background Thread 3 ] DEBUG Engine               - saveFileExt: sav
08:46:09.334 [FXGL Background Thread 3 ] DEBUG Engine               - scaledHeightProp$fxgl: DoubleProperty [bound, value: 480.0]
08:46:09.334 [FXGL Background Thread 3 ] DEBUG Engine               - scaledWidthProp$fxgl: DoubleProperty [bound, value: 480.0]
08:46:09.334 [FXGL Background Thread 3 ] DEBUG Engine               - sceneFactory: com.almasb.fxgl.app.scene.SceneFactory@27a3d168
08:46:09.334 [FXGL Background Thread 3 ] DEBUG Engine               - secondsIn24h: 60
08:46:09.334 [FXGL Background Thread 3 ] DEBUG Engine               - soundMenuBack: menu/back.wav
08:46:09.334 [FXGL Background Thread 3 ] DEBUG Engine               - soundMenuPress: menu/press.wav
08:46:09.334 [FXGL Background Thread 3 ] DEBUG Engine               - soundMenuSelect: menu/select.wav
08:46:09.334 [FXGL Background Thread 3 ] DEBUG Engine               - soundNotification: core/notification.wav
08:46:09.334 [FXGL Background Thread 3 ] DEBUG Engine               - stageStyle: DECORATED
08:46:09.334 [FXGL Background Thread 3 ] DEBUG Engine               - supportedLanguages: [ENGLISH, FRENCH, GERMAN, HUNGARIAN, RUSSIAN]
08:46:09.334 [FXGL Background Thread 3 ] DEBUG Engine               - ticksPerSecond: -1
08:46:09.334 [FXGL Background Thread 3 ] DEBUG Engine               - title: Bomberman Game
08:46:09.334 [FXGL Background Thread 3 ] DEBUG Engine               - urlGithub: https://github.com/AlmasB/FXGL
08:46:09.334 [FXGL Background Thread 3 ] DEBUG Engine               - urlLeaderboard: http://fxgl-top.herokuapp.com/
08:46:09.334 [FXGL Background Thread 3 ] DEBUG Engine               - urlPOM: https://raw.githubusercontent.com/AlmasB/FXGL/release/README.md
08:46:09.335 [FXGL Background Thread 3 ] DEBUG Engine               - userAppClass: class org.example.demo.HelloApplication
08:46:09.335 [FXGL Background Thread 3 ] DEBUG Engine               - version: 1.0
08:46:09.335 [FXGL Background Thread 3 ] DEBUG Engine               - versionCheckDays: 7
08:46:09.335 [FXGL Background Thread 3 ] DEBUG Engine               - width: 480
08:46:09.335 [FXGL Background Thread 3 ] DEBUG Engine               - Logging services
08:46:09.335 [FXGL Background Thread 3 ] DEBUG Engine               - class com.almasb.fxgl.app.services.FXGLAssetLoaderService
08:46:09.335 [FXGL Background Thread 3 ] DEBUG Engine               - class com.almasb.fxgl.app.FXGLApplication$GameApplicationService
08:46:09.335 [FXGL Background Thread 3 ] DEBUG Engine               - class com.almasb.fxgl.app.services.FXGLDialogService
08:46:09.335 [FXGL Background Thread 3 ] DEBUG Engine               - class com.almasb.fxgl.app.services.IOTaskExecutorService
08:46:09.335 [FXGL Background Thread 3 ] DEBUG Engine               - class com.almasb.fxgl.io.FileSystemService
08:46:09.335 [FXGL Background Thread 3 ] DEBUG Engine               - class com.almasb.fxgl.localization.LocalizationService
08:46:09.335 [FXGL Background Thread 3 ] DEBUG Engine               - class com.almasb.fxgl.app.services.SystemBundleService
08:46:09.335 [FXGL Background Thread 3 ] DEBUG Engine               - class com.almasb.fxgl.profile.SaveLoadService
08:46:09.335 [FXGL Background Thread 3 ] DEBUG Engine               - class com.almasb.fxgl.ui.FXGLUIFactoryServiceProvider
08:46:09.335 [FXGL Background Thread 3 ] DEBUG Engine               - class com.almasb.fxgl.ui.FXGLDialogFactoryServiceProvider
08:46:09.335 [FXGL Background Thread 3 ] DEBUG Engine               - class com.almasb.fxgl.audio.AudioPlayer
08:46:09.335 [FXGL Background Thread 3 ] DEBUG Engine               - class com.almasb.fxgl.notification.impl.NotificationServiceProvider
08:46:09.335 [FXGL Background Thread 3 ] DEBUG Engine               - class com.almasb.fxgl.achievement.AchievementService
08:46:09.335 [FXGL Background Thread 3 ] DEBUG Engine               - class com.almasb.fxgl.cutscene.CutsceneService
08:46:09.336 [FXGL Background Thread 3 ] DEBUG Engine               - class com.almasb.fxgl.minigames.MiniGameService
08:46:09.336 [FXGL Background Thread 3 ] DEBUG Engine               - class com.almasb.fxgl.net.NetService
08:46:09.336 [FXGL Background Thread 3 ] DEBUG Engine               - class com.almasb.fxgl.app.services.UpdaterService
08:46:09.336 [FXGL Background Thread 3 ] DEBUG Engine               - class com.almasb.fxgl.dev.DevService
08:47:18.972 [JavaFX Application Thread] DEBUG PrimaryStageWindow   - Push state: DialogSubScene
08:47:18.973 [JavaFX Application Thread] DEBUG Input                - Clearing active input actions
08:47:18.976 [JavaFX Application Thread] DEBUG GameApplicationServi - Removing overlay from GameScene and adding to DialogSubScene
08:47:18.976 [JavaFX Application Thread] DEBUG PrimaryStageWindow   - GameScene -> DialogSubScene
08:47:21.164 [JavaFX Application Thread] DEBUG PrimaryStageWindow   - Pop state: DialogSubScene
08:47:21.164 [JavaFX Application Thread] DEBUG Input                - Clearing active input actions
08:47:21.167 [JavaFX Application Thread] DEBUG GameApplicationServi - Removing overlay from DialogSubScene and adding to GameScene
08:47:21.168 [JavaFX Application Thread] DEBUG PrimaryStageWindow   - GameScene <- DialogSubScene
08:47:22.120 [JavaFX Application Thread] DEBUG PrimaryStageWindow   - Push state: DialogSubScene
08:47:22.120 [JavaFX Application Thread] DEBUG Input                - Clearing active input actions
08:47:22.120 [JavaFX Application Thread] DEBUG GameApplicationServi - Removing overlay from GameScene and adding to DialogSubScene
08:47:22.121 [JavaFX Application Thread] DEBUG PrimaryStageWindow   - GameScene -> DialogSubScene
08:47:23.946 [JavaFX Application Thread] DEBUG PrimaryStageWindow   - Pop state: DialogSubScene
08:47:23.946 [JavaFX Application Thread] DEBUG Input                - Clearing active input actions
08:47:23.947 [JavaFX Application Thread] DEBUG GameApplicationServi - Removing overlay from DialogSubScene and adding to GameScene
08:47:23.947 [JavaFX Application Thread] DEBUG PrimaryStageWindow   - GameScene <- DialogSubScene
08:47:25.655 [JavaFX Application Thread] DEBUG PrimaryStageWindow   - Push state: DialogSubScene
08:47:25.656 [JavaFX Application Thread] DEBUG Input                - Clearing active input actions
08:47:25.656 [JavaFX Application Thread] DEBUG GameApplicationServi - Removing overlay from GameScene and adding to DialogSubScene
08:47:25.656 [JavaFX Application Thread] DEBUG PrimaryStageWindow   - GameScene -> DialogSubScene
08:47:27.168 [JavaFX Application Thread] DEBUG PrimaryStageWindow   - Pop state: DialogSubScene
08:47:27.168 [JavaFX Application Thread] DEBUG Input                - Clearing active input actions
08:47:27.169 [JavaFX Application Thread] DEBUG GameApplicationServi - Removing overlay from DialogSubScene and adding to GameScene
08:47:27.169 [JavaFX Application Thread] DEBUG PrimaryStageWindow   - GameScene <- DialogSubScene
08:47:36.311 [JavaFX Application Thread] DEBUG PrimaryStageWindow   - Push state: DialogSubScene
08:47:36.311 [JavaFX Application Thread] DEBUG Input                - Clearing active input actions
08:47:36.312 [JavaFX Application Thread] DEBUG GameApplicationServi - Removing overlay from GameScene and adding to DialogSubScene
08:47:36.312 [JavaFX Application Thread] DEBUG PrimaryStageWindow   - GameScene -> DialogSubScene
08:47:38.105 [JavaFX Application Thread] DEBUG PrimaryStageWindow   - Pop state: DialogSubScene
08:47:38.105 [JavaFX Application Thread] DEBUG Input                - Clearing active input actions
08:47:38.106 [JavaFX Application Thread] DEBUG GameApplicationServi - Removing overlay from DialogSubScene and adding to GameScene
08:47:38.106 [JavaFX Application Thread] DEBUG PrimaryStageWindow   - GameScene <- DialogSubScene
08:47:46.503 [JavaFX Application Thread] DEBUG PrimaryStageWindow   - Push state: DialogSubScene
08:47:46.503 [JavaFX Application Thread] DEBUG Input                - Clearing active input actions
08:47:46.504 [JavaFX Application Thread] DEBUG GameApplicationServi - Removing overlay from GameScene and adding to DialogSubScene
08:47:46.505 [JavaFX Application Thread] DEBUG PrimaryStageWindow   - GameScene -> DialogSubScene
08:47:48.504 [JavaFX Application Thread] DEBUG PrimaryStageWindow   - Pop state: DialogSubScene
08:47:48.504 [JavaFX Application Thread] DEBUG Input                - Clearing active input actions
08:47:48.505 [JavaFX Application Thread] DEBUG GameApplicationServi - Removing overlay from DialogSubScene and adding to GameScene
08:47:48.505 [JavaFX Application Thread] DEBUG PrimaryStageWindow   - GameScene <- DialogSubScene
08:47:51.880 [JavaFX Application Thread] DEBUG PrimaryStageWindow   - Push state: DialogSubScene
08:47:51.880 [JavaFX Application Thread] DEBUG Input                - Clearing active input actions
08:47:51.880 [JavaFX Application Thread] DEBUG GameApplicationServi - Removing overlay from GameScene and adding to DialogSubScene
08:47:51.881 [JavaFX Application Thread] DEBUG PrimaryStageWindow   - GameScene -> DialogSubScene
08:47:53.545 [JavaFX Application Thread] DEBUG PrimaryStageWindow   - Pop state: DialogSubScene
08:47:53.545 [JavaFX Application Thread] DEBUG Input                - Clearing active input actions
08:47:53.546 [JavaFX Application Thread] DEBUG GameApplicationServi - Removing overlay from DialogSubScene and adding to GameScene
08:47:53.546 [JavaFX Application Thread] DEBUG PrimaryStageWindow   - GameScene <- DialogSubScene
08:48:34.990 [JavaFX Application Thread] DEBUG FXGLApplication      - Exiting FXGL
08:48:34.990 [JavaFX Application Thread] DEBUG LoopRunner           - Stopping loop
08:48:34.990 [JavaFX Application Thread] DEBUG SystemBundleService  - Saving FXGL system data
08:48:34.996 [JavaFX Application Thread] DEBUG FileSystemAccess     - Writing to: C:\Users\admin\OneDrive\Máy tính\btl\baitaplonOOP\system\fxgl.bundle
08:48:35.000 [JavaFX Application Thread] DEBUG Async                - Shutting down background threads
08:48:35.001 [JavaFX Application Thread] DEBUG PrimaryStageWindow   - Closing main window
08:48:35.014 [JavaFX Application Thread] DEBUG Logger               - Closing Logger
