19:57:37.993 [main                     ] DEBUG Logger               - Configured Logger
19:57:38.013 [main                     ] DEBUG GameApplication      - Logging settings
Title: Bomberman Game
Version: 1.0
Width: 480
Height: 480
Fullscreen: false
Intro: false
Profiling: false
Single step:false
App Mode: DEVELOPER
Menu Key: ESCAPE
Stage Style: DECORATED
Scene Factory: class com.almasb.fxgl.app.scene.SceneFactory

19:57:38.357 [JavaFX Application Thread] DEBUG FXGLApplication      - Initializing FXGL
19:57:38.361 [JavaFX Application Thread] INFO  Engine               - FXGL-17.3 (30.03.2023 11.49) on WINDOWS (J:23.0.2 FX:17.0.6)
19:57:38.361 [JavaFX Application Thread] DEBUG Engine               - JRE Vendor Name: Oracle Corporation
19:57:38.361 [JavaFX Application Thread] DEBUG Engine               - Running on OS: Windows 11 version 10.0
19:57:38.362 [JavaFX Application Thread] DEBUG Engine               - Architecture: amd64
19:57:38.362 [JavaFX Application Thread] INFO  Engine               - Source code and latest versions at: https://github.com/AlmasB/FXGL
19:57:38.362 [JavaFX Application Thread] INFO  Engine               -       Ask questions and discuss at: https://github.com/AlmasB/FXGL/discussions
19:57:38.362 [JavaFX Application Thread] INFO  Engine               -              Join the FXGL chat at: https://gitter.im/AlmasB/FXGL
19:57:38.430 [JavaFX Application Thread] DEBUG PrimaryStageWindow   - Creating a JavaFX scene
19:57:38.482 [JavaFX Application Thread] DEBUG PrimaryStageWindow   - Target settings size: 480.0 x 480.0
19:57:38.482 [JavaFX Application Thread] DEBUG PrimaryStageWindow   - Scaled scene size:    480.0 x 480.0
19:57:38.482 [JavaFX Application Thread] DEBUG PrimaryStageWindow   - Scaled ratio: (1.0, 1.0)
19:57:38.483 [JavaFX Application Thread] DEBUG PrimaryStageWindow   - Set initial scene to FXGLStartupScene
19:57:38.488 [JavaFX Application Thread] DEBUG PrimaryStageWindow   - Opening main window
19:57:38.583 [JavaFX Application Thread] DEBUG PrimaryStageWindow   - Window border size: (14.399993896484375, 37.5999755859375)
19:57:38.583 [JavaFX Application Thread] DEBUG PrimaryStageWindow   - Scaled size: 480.0 x 480.0
19:57:38.584 [JavaFX Application Thread] DEBUG PrimaryStageWindow   - Scaled ratio: (1.0, 1.0)
19:57:38.584 [JavaFX Application Thread] DEBUG PrimaryStageWindow   - Scene size: 480.0 x 480.0
19:57:38.584 [JavaFX Application Thread] DEBUG PrimaryStageWindow   - Stage size: 494.3999938964844 x 517.5999755859375
19:57:38.591 [FXGL Background Thread 1 ] DEBUG Engine               - Initializing environment variables
19:57:38.679 [FXGL Background Thread 1 ] DEBUG FXGLAssetLoaderServi - User app class for loading assets: class org.example.demo.HelloApplication
19:57:38.679 [FXGL Background Thread 1 ] DEBUG GameApplicationServi - Applying CSS: fxgl_dark.css
19:57:38.680 [FXGL Background Thread 1 ] DEBUG FXGLAssetLoaderServi - Loading from file system: jar:file:///C:/Users/PC/.m2/repository/com/github/almasb/fxgl/17.3/fxgl-17.3.jar!/fxglassets/ui/css/fxgl_dark.css
19:57:38.729 [FXGL Background Thread 1 ] DEBUG GameApplicationServi - Initializing application scenes
19:57:38.817 [FXGL Background Thread 1 ] DEBUG GameWorld            - Game world initialized
19:57:38.885 [FXGL Background Thread 1 ] DEBUG PhysicsWorld         - Physics world initialized: appHeight=480, physics.ppm=50.0
19:57:38.885 [FXGL Background Thread 1 ] DEBUG PhysicsWorld         - Using strategy: BRUTE_FORCE
19:57:38.890 [FXGL Background Thread 1 ] DEBUG GameScene            - Game scene initialized: 480x480
19:57:38.902 [FXGL Background Thread 1 ] WARN  FXGL.DefaultMenu     - FXGLDefaultMenu is not designed for resolutions < 800x600
19:57:38.902 [FXGL Background Thread 1 ] DEBUG FXGL.DefaultMenu     - createMenuBodyGameMenu()
19:57:38.909 [FXGL Background Thread 1 ] DEBUG FXGL.DefaultMenu     - createOptionsMenu()
19:57:38.916 [FXGL Background Thread 1 ] DEBUG FXGLAssetLoaderServi - Loading from file system: jar:file:///C:/Users/PC/.m2/repository/com/github/almasb/fxgl/17.3/fxgl-17.3.jar!/fxglassets/textures/particles/smoke.png
19:57:39.026 [FXGL Background Thread 1 ] DEBUG FXGLAssetLoaderServi - Loading from file system: jar:file:///C:/Users/PC/.m2/repository/com/github/almasb/fxgl/17.3/fxgl-17.3.jar!/fxglassets/textures/particles/trace_horizontal.png
19:57:39.054 [FXGL Background Thread 1 ] DEBUG GameApplicationServi - Application scenes initialized
19:57:39.067 [FXGL Background Thread 1 ] DEBUG SystemBundleService  - Loading FXGL system data
19:57:39.069 [FXGL Background Thread 1 ] DEBUG FileSystemAccess     - Reading from: C:\Users\PC\Downloads\baitaplonOOP-long (5)\baitaplonOOP-long\system\fxgl.bundle
19:57:39.076 [FXGL Background Thread 1 ] DEBUG SystemBundleService  - Bundle FXGL: {}
19:57:39.076 [FXGL Background Thread 1 ] DEBUG UpdaterService       - Checking for updates
19:57:39.080 [FXGL Background Thread 4 ] DEBUG FXGLApplication      - Loading fonts
19:57:39.080 [FXGL Background Thread 4 ] DEBUG FXGLAssetLoaderServi - Loading from file system: jar:file:///C:/Users/PC/.m2/repository/com/github/almasb/fxgl/17.3/fxgl-17.3.jar!/fxglassets/ui/fonts/VarelaRound-Regular.ttf
19:57:39.082 [FXGL Background Thread 1 ] DEBUG FXGLApplication      - Loading default localization
19:57:39.082 [FXGL Background Thread 1 ] DEBUG FXGLAssetLoaderServi - Loading from file system: jar:file:///C:/Users/PC/.m2/repository/com/github/almasb/fxgl/17.3/fxgl-17.3.jar!/fxglassets/languages/english.lang
19:57:39.130 [FXGL Background Thread 4 ] DEBUG FXGLAssetLoaderServi - Loading from file system: jar:file:///C:/Users/PC/.m2/repository/com/github/almasb/fxgl/17.3/fxgl-17.3.jar!/fxglassets/ui/fonts/Abel-Regular.ttf
19:57:39.134 [FXGL Background Thread 4 ] DEBUG FXGLAssetLoaderServi - Loading from file system: jar:file:///C:/Users/PC/.m2/repository/com/github/almasb/fxgl/17.3/fxgl-17.3.jar!/fxglassets/ui/fonts/TerminalLandMono-Regular.otf
19:57:39.136 [FXGL Background Thread 1 ] INFO  FXGLApplication      - FXGL initialization took: 0.545 sec
19:57:39.136 [JavaFX Application Thread] DEBUG Input                - Clearing active input actions
19:57:39.138 [FXGL Background Thread 4 ] DEBUG FXGLAssetLoaderServi - Loading from file system: jar:file:///C:/Users/PC/.m2/repository/com/github/almasb/fxgl/17.3/fxgl-17.3.jar!/fxglassets/ui/fonts/Courier-Prime.ttf
19:57:39.147 [JavaFX Application Thread] DEBUG Input                - Registered new binding: Move Up - W
19:57:39.147 [JavaFX Application Thread] DEBUG Input                - Registered new binding: Move Down - S
19:57:39.147 [JavaFX Application Thread] DEBUG Input                - Registered new binding: Move Left - A
19:57:39.147 [JavaFX Application Thread] DEBUG Input                - Registered new binding: Move Right - D
19:57:39.148 [JavaFX Application Thread] DEBUG Input                - Registered new binding: Place Bomb - Space
19:57:39.148 [JavaFX Application Thread] DEBUG FXGLAssetLoaderServi - Loading from file system: jar:file:///C:/Users/PC/.m2/repository/com/github/almasb/fxgl/17.3/fxgl-17.3.jar!/fxglassets/textures/fxgl_icon.png
19:57:39.168 [JavaFX Application Thread] DEBUG FXGLAssetLoaderServi - Loading from file system: jar:file:///C:/Users/PC/.m2/repository/com/github/almasb/fxgl/17.3/fxgl-17.3.jar!/fxglassets/textures/fxgl_default_cursor.png
19:57:39.174 [JavaFX Application Thread] DEBUG Input                - Registered new binding: Screenshot - CTRL+8
19:57:39.175 [JavaFX Application Thread] DEBUG Input                - Registered new binding: System info dump - CTRL+9
19:57:39.176 [JavaFX Application Thread] DEBUG Input                - Registered new binding: Restart - CTRL+R
19:57:39.179 [JavaFX Application Thread] DEBUG Input                - Registered new binding: Toggle Debug Camera - CTRL+7
19:57:39.190 [JavaFX Application Thread] DEBUG LoopRunner           - Starting loop
19:57:39.190 [JavaFX Application Thread] DEBUG LoopRunner           - Initializing JavaFX AnimationTimerLoop
19:57:39.196 [JavaFX Application Thread] DEBUG GameApplicationServi - Starting new game
19:57:39.198 [JavaFX Application Thread] DEBUG Input                - Clearing active input actions
19:57:39.212 [JavaFX Application Thread] DEBUG GameApplicationServi - Removing overlay from FXGLStartupScene and adding to FXGLLoadingScene
19:57:39.213 [JavaFX Application Thread] DEBUG PrimaryStageWindow   - FXGLStartupScene -> FXGLLoadingScene
19:57:39.213 [JavaFX Application Thread] DEBUG GameApplicationServi - Clearing previous game
19:57:39.213 [JavaFX Application Thread] DEBUG GameScene            - Clearing game scene
19:57:39.213 [JavaFX Application Thread] DEBUG GameWorld            - Clearing game world
19:57:39.213 [JavaFX Application Thread] DEBUG PhysicsWorld         - Clearing physics world
19:57:39.217 [FXGL Background Thread 4 ] DEBUG FXGLApplication      - Initializing game
19:57:39.217 [JavaFX Application Thread] DEBUG FXGLApplication      - Registering font factories with UI factory
19:57:39.558 [FXGL Background Thread 4 ] INFO  FXGLApplication      - Game initialization took: 0.341 sec
19:57:39.563 [JavaFX Application Thread] DEBUG Input                - Clearing active input actions
19:57:39.576 [JavaFX Application Thread] DEBUG GameApplicationServi - Removing overlay from FXGLLoadingScene and adding to GameScene
19:57:39.577 [JavaFX Application Thread] DEBUG PrimaryStageWindow   - FXGLLoadingScene -> GameScene
19:57:40.079 [FXGL Background Thread 2 ] INFO  UpdaterService       - Your current version:  17.3
19:57:40.079 [FXGL Background Thread 2 ] INFO  UpdaterService       - Latest stable version: 21.1
19:57:42.080 [FXGL Background Thread 3 ] DEBUG Engine               - Logging environment variables
19:57:42.081 [FXGL Background Thread 3 ] DEBUG Engine               - achievements: []
19:57:42.081 [FXGL Background Thread 3 ] DEBUG Engine               - actualHeight: 480.0
19:57:42.081 [FXGL Background Thread 3 ] DEBUG Engine               - actualHeightProperty: ReadOnlyDoubleProperty [value: 480.0]
19:57:42.082 [FXGL Background Thread 3 ] DEBUG Engine               - actualWidth: 480.0
19:57:42.082 [FXGL Background Thread 3 ] DEBUG Engine               - actualWidthProperty: ReadOnlyDoubleProperty [value: 480.0]
19:57:42.082 [FXGL Background Thread 3 ] DEBUG Engine               - appIcon: fxgl_icon.png
19:57:42.082 [FXGL Background Thread 3 ] DEBUG Engine               - applicationMode: DEVELOPER
19:57:42.082 [FXGL Background Thread 3 ] DEBUG Engine               - cSSList: [fxgl_dark.css]
19:57:42.082 [FXGL Background Thread 3 ] DEBUG Engine               - collisionDetectionStrategy: BRUTE_FORCE
19:57:42.082 [FXGL Background Thread 3 ] DEBUG Engine               - configClass: Optional.empty
19:57:42.082 [FXGL Background Thread 3 ] DEBUG Engine               - credits: []
19:57:42.083 [FXGL Background Thread 3 ] DEBUG Engine               - defaultCursor: CursorInfo(imageName=fxgl_default_cursor.png, hotspotX=7.0, hotspotY=6.0)
19:57:42.083 [FXGL Background Thread 3 ] DEBUG Engine               - devBBoxColorProperty: ObjectProperty [value: 0xff0000ff]
19:57:42.083 [FXGL Background Thread 3 ] DEBUG Engine               - devEnableDebugCameraProperty: BooleanProperty [value: false]
19:57:42.083 [FXGL Background Thread 3 ] DEBUG Engine               - devSensorColorProperty: ObjectProperty [value: 0xffff00ff]
19:57:42.083 [FXGL Background Thread 3 ] DEBUG Engine               - devShowBBoxProperty: BooleanProperty [value: false]
19:57:42.083 [FXGL Background Thread 3 ] DEBUG Engine               - devShowPositionProperty: BooleanProperty [value: false]
19:57:42.083 [FXGL Background Thread 3 ] DEBUG Engine               - enabledMenuItems: []
19:57:42.083 [FXGL Background Thread 3 ] DEBUG Engine               - engineServices: [class com.almasb.fxgl.app.services.FXGLAssetLoaderService, class com.almasb.fxgl.app.FXGLApplication$GameApplicationService, class com.almasb.fxgl.app.services.FXGLDialogService, class com.almasb.fxgl.app.services.IOTaskExecutorService, class com.almasb.fxgl.io.FileSystemService, class com.almasb.fxgl.localization.LocalizationService, class com.almasb.fxgl.app.services.SystemBundleService, class com.almasb.fxgl.profile.SaveLoadService, class com.almasb.fxgl.ui.FXGLUIFactoryServiceProvider, class com.almasb.fxgl.ui.FXGLDialogFactoryServiceProvider, class com.almasb.fxgl.audio.AudioPlayer, class com.almasb.fxgl.notification.impl.NotificationServiceProvider, class com.almasb.fxgl.achievement.AchievementService, class com.almasb.fxgl.cutscene.CutsceneService, class com.almasb.fxgl.minigames.MiniGameService, class com.almasb.fxgl.net.NetService, class com.almasb.fxgl.app.services.UpdaterService, class com.almasb.fxgl.dev.DevService]
19:57:42.084 [FXGL Background Thread 3 ] DEBUG Engine               - fontGame: Abel-Regular.ttf
19:57:42.084 [FXGL Background Thread 3 ] DEBUG Engine               - fontMono: TerminalLandMono-Regular.otf
19:57:42.084 [FXGL Background Thread 3 ] DEBUG Engine               - fontSizeScaleUI: 1.0
19:57:42.084 [FXGL Background Thread 3 ] DEBUG Engine               - fontText: Courier-Prime.ttf
19:57:42.084 [FXGL Background Thread 3 ] DEBUG Engine               - fontUI: VarelaRound-Regular.ttf
19:57:42.084 [FXGL Background Thread 3 ] DEBUG Engine               - fullScreen: BooleanProperty [value: false]
19:57:42.084 [FXGL Background Thread 3 ] DEBUG Engine               - gameDifficulty: MEDIUM
19:57:42.084 [FXGL Background Thread 3 ] DEBUG Engine               - gameDifficultyProperty: ObjectProperty [value: MEDIUM]
19:57:42.084 [FXGL Background Thread 3 ] DEBUG Engine               - globalMusicVolume: 0.5
19:57:42.084 [FXGL Background Thread 3 ] DEBUG Engine               - globalMusicVolumeProperty: DoubleProperty [value: 0.5]
19:57:42.084 [FXGL Background Thread 3 ] DEBUG Engine               - globalSoundVolume: 0.5
19:57:42.084 [FXGL Background Thread 3 ] DEBUG Engine               - globalSoundVolumeProperty: DoubleProperty [value: 0.5]
19:57:42.084 [FXGL Background Thread 3 ] DEBUG Engine               - height: 480
19:57:42.084 [FXGL Background Thread 3 ] DEBUG Engine               - is3D: false
19:57:42.084 [FXGL Background Thread 3 ] DEBUG Engine               - isAndroid: false
19:57:42.085 [FXGL Background Thread 3 ] DEBUG Engine               - isBrowser: false
19:57:42.085 [FXGL Background Thread 3 ] DEBUG Engine               - isClickFeedbackEnabled: false
19:57:42.085 [FXGL Background Thread 3 ] DEBUG Engine               - isCloseConfirmation: false
19:57:42.085 [FXGL Background Thread 3 ] DEBUG Engine               - isDesktop: true
19:57:42.085 [FXGL Background Thread 3 ] DEBUG Engine               - isDeveloperMenuEnabled: false
19:57:42.085 [FXGL Background Thread 3 ] DEBUG Engine               - isEmbedded: false
19:57:42.085 [FXGL Background Thread 3 ] DEBUG Engine               - isEntityPreloadEnabled: true
19:57:42.085 [FXGL Background Thread 3 ] DEBUG Engine               - isExperimentalTiledLargeMap: false
19:57:42.085 [FXGL Background Thread 3 ] DEBUG Engine               - isFileSystemWriteAllowed: true
19:57:42.085 [FXGL Background Thread 3 ] DEBUG Engine               - isFullScreenAllowed: false
19:57:42.085 [FXGL Background Thread 3 ] DEBUG Engine               - isFullScreenFromStart: false
19:57:42.085 [FXGL Background Thread 3 ] DEBUG Engine               - isGameMenuEnabled: true
19:57:42.085 [FXGL Background Thread 3 ] DEBUG Engine               - isIOS: false
19:57:42.085 [FXGL Background Thread 3 ] DEBUG Engine               - isIntroEnabled: false
19:57:42.085 [FXGL Background Thread 3 ] DEBUG Engine               - isLinux: false
19:57:42.085 [FXGL Background Thread 3 ] DEBUG Engine               - isMac: false
19:57:42.085 [FXGL Background Thread 3 ] DEBUG Engine               - isMainMenuEnabled: false
19:57:42.086 [FXGL Background Thread 3 ] DEBUG Engine               - isManualResizeEnabled: false
19:57:42.086 [FXGL Background Thread 3 ] DEBUG Engine               - isMobile: false
19:57:42.086 [FXGL Background Thread 3 ] DEBUG Engine               - isNative: false
19:57:42.086 [FXGL Background Thread 3 ] DEBUG Engine               - isPauseMusicWhenMinimized: true
19:57:42.086 [FXGL Background Thread 3 ] DEBUG Engine               - isPreserveResizeRatio: false
19:57:42.086 [FXGL Background Thread 3 ] DEBUG Engine               - isProfilingEnabled: false
19:57:42.086 [FXGL Background Thread 3 ] DEBUG Engine               - isScaleAffectedOnResize: true
19:57:42.086 [FXGL Background Thread 3 ] DEBUG Engine               - isSingleStep: false
19:57:42.086 [FXGL Background Thread 3 ] DEBUG Engine               - isUserProfileEnabled: false
19:57:42.086 [FXGL Background Thread 3 ] DEBUG Engine               - isWindows: true
19:57:42.086 [FXGL Background Thread 3 ] DEBUG Engine               - language: ObjectProperty [value: ENGLISH]
19:57:42.086 [FXGL Background Thread 3 ] DEBUG Engine               - menuKey: ESCAPE
19:57:42.086 [FXGL Background Thread 3 ] DEBUG Engine               - mouseSensitivity: 0.2
19:57:42.086 [FXGL Background Thread 3 ] DEBUG Engine               - notificationViewClass: class com.almasb.fxgl.notification.view.XboxNotificationView
19:57:42.086 [FXGL Background Thread 3 ] DEBUG Engine               - pixelsPerMeter: 50.0
19:57:42.086 [FXGL Background Thread 3 ] DEBUG Engine               - platform: WINDOWS
19:57:42.086 [FXGL Background Thread 3 ] DEBUG Engine               - prefHeightProperty: ReadOnlyDoubleProperty [value: 480.0]
19:57:42.086 [FXGL Background Thread 3 ] DEBUG Engine               - prefWidthProperty: ReadOnlyDoubleProperty [value: 480.0]
19:57:42.086 [FXGL Background Thread 3 ] DEBUG Engine               - profileDir: profiles/
19:57:42.086 [FXGL Background Thread 3 ] DEBUG Engine               - profileName: StringProperty [value: DEFAULT]
19:57:42.086 [FXGL Background Thread 3 ] DEBUG Engine               - randomSeed: -1
19:57:42.087 [FXGL Background Thread 3 ] DEBUG Engine               - runtimeInfo: RuntimeInfo(platform=WINDOWS, version=17.3, build=30.03.2023 11.49)
19:57:42.087 [FXGL Background Thread 3 ] DEBUG Engine               - saveFileExt: sav
19:57:42.087 [FXGL Background Thread 3 ] DEBUG Engine               - scaledHeightProp$fxgl: DoubleProperty [bound, value: 480.0]
19:57:42.087 [FXGL Background Thread 3 ] DEBUG Engine               - scaledWidthProp$fxgl: DoubleProperty [bound, value: 480.0]
19:57:42.087 [FXGL Background Thread 3 ] DEBUG Engine               - sceneFactory: com.almasb.fxgl.app.scene.SceneFactory@2638c318
19:57:42.087 [FXGL Background Thread 3 ] DEBUG Engine               - secondsIn24h: 60
19:57:42.087 [FXGL Background Thread 3 ] DEBUG Engine               - soundMenuBack: menu/back.wav
19:57:42.087 [FXGL Background Thread 3 ] DEBUG Engine               - soundMenuPress: menu/press.wav
19:57:42.087 [FXGL Background Thread 3 ] DEBUG Engine               - soundMenuSelect: menu/select.wav
19:57:42.087 [FXGL Background Thread 3 ] DEBUG Engine               - soundNotification: core/notification.wav
19:57:42.087 [FXGL Background Thread 3 ] DEBUG Engine               - stageStyle: DECORATED
19:57:42.087 [FXGL Background Thread 3 ] DEBUG Engine               - supportedLanguages: [ENGLISH, FRENCH, GERMAN, HUNGARIAN, RUSSIAN]
19:57:42.087 [FXGL Background Thread 3 ] DEBUG Engine               - ticksPerSecond: -1
19:57:42.087 [FXGL Background Thread 3 ] DEBUG Engine               - title: Bomberman Game
19:57:42.087 [FXGL Background Thread 3 ] DEBUG Engine               - urlGithub: https://github.com/AlmasB/FXGL
19:57:42.087 [FXGL Background Thread 3 ] DEBUG Engine               - urlLeaderboard: http://fxgl-top.herokuapp.com/
19:57:42.087 [FXGL Background Thread 3 ] DEBUG Engine               - urlPOM: https://raw.githubusercontent.com/AlmasB/FXGL/release/README.md
19:57:42.087 [FXGL Background Thread 3 ] DEBUG Engine               - userAppClass: class org.example.demo.HelloApplication
19:57:42.087 [FXGL Background Thread 3 ] DEBUG Engine               - version: 1.0
19:57:42.087 [FXGL Background Thread 3 ] DEBUG Engine               - versionCheckDays: 7
19:57:42.088 [FXGL Background Thread 3 ] DEBUG Engine               - width: 480
19:57:42.088 [FXGL Background Thread 3 ] DEBUG Engine               - Logging services
19:57:42.088 [FXGL Background Thread 3 ] DEBUG Engine               - class com.almasb.fxgl.app.services.FXGLAssetLoaderService
19:57:42.088 [FXGL Background Thread 3 ] DEBUG Engine               - class com.almasb.fxgl.app.FXGLApplication$GameApplicationService
19:57:42.088 [FXGL Background Thread 3 ] DEBUG Engine               - class com.almasb.fxgl.app.services.FXGLDialogService
19:57:42.088 [FXGL Background Thread 3 ] DEBUG Engine               - class com.almasb.fxgl.app.services.IOTaskExecutorService
19:57:42.088 [FXGL Background Thread 3 ] DEBUG Engine               - class com.almasb.fxgl.io.FileSystemService
19:57:42.088 [FXGL Background Thread 3 ] DEBUG Engine               - class com.almasb.fxgl.localization.LocalizationService
19:57:42.088 [FXGL Background Thread 3 ] DEBUG Engine               - class com.almasb.fxgl.app.services.SystemBundleService
19:57:42.088 [FXGL Background Thread 3 ] DEBUG Engine               - class com.almasb.fxgl.profile.SaveLoadService
19:57:42.088 [FXGL Background Thread 3 ] DEBUG Engine               - class com.almasb.fxgl.ui.FXGLUIFactoryServiceProvider
19:57:42.088 [FXGL Background Thread 3 ] DEBUG Engine               - class com.almasb.fxgl.ui.FXGLDialogFactoryServiceProvider
19:57:42.088 [FXGL Background Thread 3 ] DEBUG Engine               - class com.almasb.fxgl.audio.AudioPlayer
19:57:42.088 [FXGL Background Thread 3 ] DEBUG Engine               - class com.almasb.fxgl.notification.impl.NotificationServiceProvider
19:57:42.088 [FXGL Background Thread 3 ] DEBUG Engine               - class com.almasb.fxgl.achievement.AchievementService
19:57:42.088 [FXGL Background Thread 3 ] DEBUG Engine               - class com.almasb.fxgl.cutscene.CutsceneService
19:57:42.088 [FXGL Background Thread 3 ] DEBUG Engine               - class com.almasb.fxgl.minigames.MiniGameService
19:57:42.088 [FXGL Background Thread 3 ] DEBUG Engine               - class com.almasb.fxgl.net.NetService
19:57:42.088 [FXGL Background Thread 3 ] DEBUG Engine               - class com.almasb.fxgl.app.services.UpdaterService
19:57:42.088 [FXGL Background Thread 3 ] DEBUG Engine               - class com.almasb.fxgl.dev.DevService
19:57:45.062 [JavaFX Application Thread] DEBUG FXGLApplication      - Exiting FXGL
19:57:45.062 [JavaFX Application Thread] DEBUG LoopRunner           - Stopping loop
19:57:45.062 [JavaFX Application Thread] DEBUG SystemBundleService  - Saving FXGL system data
19:57:45.067 [JavaFX Application Thread] DEBUG FileSystemAccess     - Writing to: C:\Users\PC\Downloads\baitaplonOOP-long (5)\baitaplonOOP-long\system\fxgl.bundle
19:57:45.071 [JavaFX Application Thread] DEBUG Async                - Shutting down background threads
19:57:45.071 [JavaFX Application Thread] DEBUG PrimaryStageWindow   - Closing main window
19:57:45.118 [JavaFX Application Thread] DEBUG Logger               - Closing Logger
