11:02:34.796 [main                     ] DEBUG Logger               - Configured Logger
11:02:34.810 [main                     ] DEBUG GameApplication      - Logging settings
Title: Bomberman Game
Version: 1.0
Width: 480
Height: 480
Fullscreen: false
Intro: false
Profiling: false
Single step:false
App Mode: DEVELOPER
Menu Key: ESCAPE
Stage Style: DECORATED
Scene Factory: class com.almasb.fxgl.app.scene.SceneFactory

11:02:35.100 [JavaFX Application Thread] DEBUG FXGLApplication      - Initializing FXGL
11:02:35.104 [JavaFX Application Thread] INFO  Engine               - FXGL-17.3 (30.03.2023 11.49) on WINDOWS (J:23.0.2 FX:17.0.6)
11:02:35.104 [JavaFX Application Thread] DEBUG Engine               - JRE Vendor Name: Oracle Corporation
11:02:35.104 [JavaFX Application Thread] DEBUG Engine               - Running on OS: Windows 11 version 10.0
11:02:35.104 [JavaFX Application Thread] DEBUG Engine               - Architecture: amd64
11:02:35.104 [JavaFX Application Thread] INFO  Engine               - Source code and latest versions at: https://github.com/AlmasB/FXGL
11:02:35.104 [JavaFX Application Thread] INFO  Engine               -       Ask questions and discuss at: https://github.com/AlmasB/FXGL/discussions
11:02:35.105 [JavaFX Application Thread] INFO  Engine               -              Join the FXGL chat at: https://gitter.im/AlmasB/FXGL
11:02:35.177 [JavaFX Application Thread] DEBUG PrimaryStageWindow   - Creating a JavaFX scene
11:02:35.218 [JavaFX Application Thread] DEBUG PrimaryStageWindow   - Target settings size: 480.0 x 480.0
11:02:35.220 [JavaFX Application Thread] DEBUG PrimaryStageWindow   - Scaled scene size:    480.0 x 480.0
11:02:35.220 [JavaFX Application Thread] DEBUG PrimaryStageWindow   - Scaled ratio: (1.0, 1.0)
11:02:35.221 [JavaFX Application Thread] DEBUG PrimaryStageWindow   - Set initial scene to FXGLStartupScene
11:02:35.226 [JavaFX Application Thread] DEBUG PrimaryStageWindow   - Opening main window
11:02:35.293 [JavaFX Application Thread] DEBUG PrimaryStageWindow   - Window border size: (14.666656494140625, 37.33331298828125)
11:02:35.293 [JavaFX Application Thread] DEBUG PrimaryStageWindow   - Scaled size: 480.0 x 480.0
11:02:35.293 [JavaFX Application Thread] DEBUG PrimaryStageWindow   - Scaled ratio: (1.0, 1.0)
11:02:35.293 [JavaFX Application Thread] DEBUG PrimaryStageWindow   - Scene size: 480.0 x 480.0
11:02:35.293 [JavaFX Application Thread] DEBUG PrimaryStageWindow   - Stage size: 494.6666564941406 x 517.3333129882812
11:02:35.301 [FXGL Background Thread 1 ] DEBUG Engine               - Initializing environment variables
11:02:35.378 [FXGL Background Thread 1 ] DEBUG FXGLAssetLoaderServi - User app class for loading assets: class org.example.demo.HelloApplication
11:02:35.378 [FXGL Background Thread 1 ] DEBUG GameApplicationServi - Applying CSS: fxgl_dark.css
11:02:35.379 [FXGL Background Thread 1 ] DEBUG FXGLAssetLoaderServi - Loading from file system: jar:file:///C:/Users/admin/.m2/repository/com/github/almasb/fxgl/17.3/fxgl-17.3.jar!/fxglassets/ui/css/fxgl_dark.css
11:02:35.423 [FXGL Background Thread 1 ] DEBUG GameApplicationServi - Initializing application scenes
11:02:35.460 [FXGL Background Thread 1 ] DEBUG GameWorld            - Game world initialized
11:02:35.528 [FXGL Background Thread 1 ] DEBUG PhysicsWorld         - Physics world initialized: appHeight=480, physics.ppm=50.0
11:02:35.528 [FXGL Background Thread 1 ] DEBUG PhysicsWorld         - Using strategy: BRUTE_FORCE
11:02:35.534 [FXGL Background Thread 1 ] DEBUG GameScene            - Game scene initialized: 480x480
11:02:35.546 [FXGL Background Thread 1 ] WARN  FXGL.DefaultMenu     - FXGLDefaultMenu is not designed for resolutions < 800x600
11:02:35.546 [FXGL Background Thread 1 ] DEBUG FXGL.DefaultMenu     - createMenuBodyGameMenu()
11:02:35.557 [FXGL Background Thread 1 ] DEBUG FXGL.DefaultMenu     - createOptionsMenu()
11:02:35.566 [FXGL Background Thread 1 ] DEBUG FXGLAssetLoaderServi - Loading from file system: jar:file:///C:/Users/admin/.m2/repository/com/github/almasb/fxgl/17.3/fxgl-17.3.jar!/fxglassets/textures/particles/smoke.png
11:02:35.651 [FXGL Background Thread 1 ] DEBUG FXGLAssetLoaderServi - Loading from file system: jar:file:///C:/Users/admin/.m2/repository/com/github/almasb/fxgl/17.3/fxgl-17.3.jar!/fxglassets/textures/particles/trace_horizontal.png
11:02:35.674 [FXGL Background Thread 1 ] DEBUG GameApplicationServi - Application scenes initialized
11:02:35.683 [FXGL Background Thread 1 ] DEBUG SystemBundleService  - Loading FXGL system data
11:02:35.686 [FXGL Background Thread 1 ] DEBUG FileSystemAccess     - Reading from: C:\Users\admin\OneDrive\Máy tính\btl\baitaplonOOP\system\fxgl.bundle
11:02:35.692 [FXGL Background Thread 1 ] DEBUG SystemBundleService  - Bundle FXGL: {}
11:02:35.692 [FXGL Background Thread 1 ] DEBUG UpdaterService       - Checking for updates
11:02:35.696 [FXGL Background Thread 4 ] DEBUG FXGLApplication      - Loading fonts
11:02:35.697 [FXGL Background Thread 4 ] DEBUG FXGLAssetLoaderServi - Loading from file system: jar:file:///C:/Users/admin/.m2/repository/com/github/almasb/fxgl/17.3/fxgl-17.3.jar!/fxglassets/ui/fonts/VarelaRound-Regular.ttf
11:02:35.697 [FXGL Background Thread 1 ] DEBUG FXGLApplication      - Loading default localization
11:02:35.697 [FXGL Background Thread 1 ] DEBUG FXGLAssetLoaderServi - Loading from file system: jar:file:///C:/Users/admin/.m2/repository/com/github/almasb/fxgl/17.3/fxgl-17.3.jar!/fxglassets/languages/english.lang
11:02:35.716 [FXGL Background Thread 1 ] INFO  FXGLApplication      - FXGL initialization took: 0.415 sec
11:02:35.717 [JavaFX Application Thread] DEBUG FXGLAssetLoaderServi - Loading from file system: jar:file:///C:/Users/admin/.m2/repository/com/github/almasb/fxgl/17.3/fxgl-17.3.jar!/fxglassets/textures/fxgl_icon.png
11:02:35.737 [JavaFX Application Thread] DEBUG FXGLAssetLoaderServi - Loading from file system: jar:file:///C:/Users/admin/.m2/repository/com/github/almasb/fxgl/17.3/fxgl-17.3.jar!/fxglassets/textures/fxgl_default_cursor.png
11:02:35.737 [FXGL Background Thread 4 ] DEBUG FXGLAssetLoaderServi - Loading from file system: jar:file:///C:/Users/admin/.m2/repository/com/github/almasb/fxgl/17.3/fxgl-17.3.jar!/fxglassets/ui/fonts/Abel-Regular.ttf
11:02:35.749 [JavaFX Application Thread] DEBUG Input                - Registered new binding: Screenshot - CTRL+8
11:02:35.750 [JavaFX Application Thread] DEBUG Input                - Registered new binding: System info dump - CTRL+9
11:02:35.750 [JavaFX Application Thread] DEBUG Input                - Registered new binding: Restart - CTRL+R
11:02:35.751 [JavaFX Application Thread] DEBUG Input                - Registered new binding: Toggle Debug Camera - CTRL+7
11:02:35.753 [FXGL Background Thread 4 ] DEBUG FXGLAssetLoaderServi - Loading from file system: jar:file:///C:/Users/admin/.m2/repository/com/github/almasb/fxgl/17.3/fxgl-17.3.jar!/fxglassets/ui/fonts/TerminalLandMono-Regular.otf
11:02:35.754 [JavaFX Application Thread] DEBUG LoopRunner           - Starting loop
11:02:35.754 [JavaFX Application Thread] DEBUG LoopRunner           - Initializing JavaFX AnimationTimerLoop
11:02:35.759 [JavaFX Application Thread] DEBUG GameApplicationServi - Starting new game
11:02:35.759 [JavaFX Application Thread] DEBUG Input                - Clearing active input actions
11:02:35.768 [FXGL Background Thread 4 ] DEBUG FXGLAssetLoaderServi - Loading from file system: jar:file:///C:/Users/admin/.m2/repository/com/github/almasb/fxgl/17.3/fxgl-17.3.jar!/fxglassets/ui/fonts/Courier-Prime.ttf
11:02:35.773 [JavaFX Application Thread] DEBUG GameApplicationServi - Removing overlay from FXGLStartupScene and adding to FXGLLoadingScene
11:02:35.774 [JavaFX Application Thread] DEBUG PrimaryStageWindow   - FXGLStartupScene -> FXGLLoadingScene
11:02:35.774 [JavaFX Application Thread] DEBUG GameApplicationServi - Clearing previous game
11:02:35.774 [JavaFX Application Thread] DEBUG GameScene            - Clearing game scene
11:02:35.774 [JavaFX Application Thread] DEBUG GameWorld            - Clearing game world
11:02:35.774 [JavaFX Application Thread] DEBUG PhysicsWorld         - Clearing physics world
11:02:35.779 [FXGL Background Thread 1 ] DEBUG FXGLApplication      - Initializing game
11:02:35.863 [JavaFX Application Thread] DEBUG FXGLApplication      - Registering font factories with UI factory
11:02:36.071 [FXGL Background Thread 1 ] DEBUG Input                - Clearing active input actions
11:02:36.071 [FXGL Background Thread 1 ] DEBUG Input                - Registered new binding: Move Up - W
11:02:36.072 [FXGL Background Thread 1 ] DEBUG Input                - Registered new binding: Move Down - S
11:02:36.072 [FXGL Background Thread 1 ] DEBUG Input                - Registered new binding: Move Left - A
11:02:36.072 [FXGL Background Thread 1 ] DEBUG Input                - Registered new binding: Move Right - D
11:02:36.072 [FXGL Background Thread 1 ] DEBUG Input                - Registered new binding: Đặt bom - Space
11:02:36.152 [FXGL Background Thread 1 ] INFO  FXGLApplication      - Game initialization took: 0.372 sec
11:02:36.153 [JavaFX Application Thread] DEBUG Input                - Clearing active input actions
11:02:36.172 [JavaFX Application Thread] DEBUG GameApplicationServi - Removing overlay from FXGLLoadingScene and adding to GameScene
11:02:36.173 [JavaFX Application Thread] DEBUG PrimaryStageWindow   - FXGLLoadingScene -> GameScene
11:02:37.187 [FXGL Background Thread 2 ] INFO  UpdaterService       - Your current version:  17.3
11:02:37.187 [FXGL Background Thread 2 ] INFO  UpdaterService       - Latest stable version: 21.1
11:02:37.506 [JavaFX Application Thread] DEBUG FXGLApplication      - Exiting FXGL
11:02:37.506 [JavaFX Application Thread] DEBUG LoopRunner           - Stopping loop
11:02:37.507 [JavaFX Application Thread] DEBUG SystemBundleService  - Saving FXGL system data
11:02:37.510 [JavaFX Application Thread] DEBUG FileSystemAccess     - Writing to: C:\Users\admin\OneDrive\Máy tính\btl\baitaplonOOP\system\fxgl.bundle
11:02:37.512 [JavaFX Application Thread] DEBUG Async                - Shutting down background threads
11:02:37.512 [JavaFX Application Thread] DEBUG PrimaryStageWindow   - Closing main window
11:02:37.527 [JavaFX Application Thread] DEBUG Logger               - Closing Logger
