10:07:10.125 [main                     ] DEBUG Logger               - Configured Logger
10:07:10.148 [main                     ] DEBUG GameApplication      - Logging settings
Title: Bomberman Game
Version: 1.0
Width: 480
Height: 480
Fullscreen: false
Intro: false
Profiling: false
Single step:false
App Mode: DEVELOPER
Menu Key: ESCAPE
Stage Style: DECORATED
Scene Factory: class org.example.demo.BombermanApp$1

10:07:10.491 [JavaFX Application Thread] DEBUG FXGLApplication      - Initializing FXGL
10:07:10.496 [JavaFX Application Thread] INFO  Engine               - FXGL-17.3 (30.03.2023 11.49) on WINDOWS (J:23.0.2 FX:17.0.6)
10:07:10.496 [JavaFX Application Thread] DEBUG Engine               - JRE Vendor Name: Oracle Corporation
10:07:10.497 [JavaFX Application Thread] DEBUG Engine               - Running on OS: Windows 11 version 10.0
10:07:10.497 [JavaFX Application Thread] DEBUG Engine               - Architecture: amd64
10:07:10.497 [JavaFX Application Thread] INFO  Engine               - Source code and latest versions at: https://github.com/AlmasB/FXGL
10:07:10.497 [JavaFX Application Thread] INFO  Engine               -       Ask questions and discuss at: https://github.com/AlmasB/FXGL/discussions
10:07:10.497 [JavaFX Application Thread] INFO  Engine               -              Join the FXGL chat at: https://gitter.im/AlmasB/FXGL
10:07:10.582 [JavaFX Application Thread] DEBUG PrimaryStageWindow   - Creating a JavaFX scene
10:07:10.632 [JavaFX Application Thread] DEBUG PrimaryStageWindow   - Target settings size: 480.0 x 480.0
10:07:10.632 [JavaFX Application Thread] DEBUG PrimaryStageWindow   - Scaled scene size:    480.0 x 480.0
10:07:10.632 [JavaFX Application Thread] DEBUG PrimaryStageWindow   - Scaled ratio: (1.0, 1.0)
10:07:10.633 [JavaFX Application Thread] DEBUG PrimaryStageWindow   - Set initial scene to FXGLStartupScene
10:07:10.639 [JavaFX Application Thread] DEBUG PrimaryStageWindow   - Opening main window
10:07:10.711 [JavaFX Application Thread] DEBUG PrimaryStageWindow   - Window border size: (14.666656494140625, 37.33331298828125)
10:07:10.712 [JavaFX Application Thread] DEBUG PrimaryStageWindow   - Scaled size: 480.0 x 480.0
10:07:10.712 [JavaFX Application Thread] DEBUG PrimaryStageWindow   - Scaled ratio: (1.0, 1.0)
10:07:10.712 [JavaFX Application Thread] DEBUG PrimaryStageWindow   - Scene size: 480.0 x 480.0
10:07:10.712 [JavaFX Application Thread] DEBUG PrimaryStageWindow   - Stage size: 494.6666564941406 x 517.3333129882812
10:07:10.721 [FXGL Background Thread 1 ] DEBUG Engine               - Initializing environment variables
10:07:10.813 [FXGL Background Thread 1 ] DEBUG FXGLAssetLoaderServi - User app class for loading assets: class org.example.demo.HelloApplication
10:07:10.813 [FXGL Background Thread 1 ] DEBUG GameApplicationServi - Applying CSS: fxgl_dark.css
10:07:10.814 [FXGL Background Thread 1 ] DEBUG FXGLAssetLoaderServi - Loading from file system: jar:file:///C:/Users/admin/.m2/repository/com/github/almasb/fxgl/17.3/fxgl-17.3.jar!/fxglassets/ui/css/fxgl_dark.css
10:07:10.860 [FXGL Background Thread 1 ] DEBUG GameApplicationServi - Initializing application scenes
10:07:10.904 [FXGL Background Thread 1 ] DEBUG GameWorld            - Game world initialized
10:07:10.978 [FXGL Background Thread 1 ] DEBUG PhysicsWorld         - Physics world initialized: appHeight=480, physics.ppm=50.0
10:07:10.980 [FXGL Background Thread 1 ] DEBUG PhysicsWorld         - Using strategy: BRUTE_FORCE
10:07:10.985 [FXGL Background Thread 1 ] DEBUG GameScene            - Game scene initialized: 480x480
10:07:11.008 [FXGL Background Thread 1 ] WARN  FXGL.DefaultMenu     - FXGLDefaultMenu is not designed for resolutions < 800x600
10:07:11.008 [FXGL Background Thread 1 ] DEBUG FXGL.DefaultMenu     - createMenuBodyGameMenu()
10:07:11.019 [FXGL Background Thread 1 ] DEBUG FXGL.DefaultMenu     - createOptionsMenu()
10:07:11.029 [FXGL Background Thread 1 ] DEBUG FXGLAssetLoaderServi - Loading from file system: jar:file:///C:/Users/admin/.m2/repository/com/github/almasb/fxgl/17.3/fxgl-17.3.jar!/fxglassets/textures/particles/smoke.png
10:07:11.148 [FXGL Background Thread 1 ] DEBUG FXGLAssetLoaderServi - Loading from file system: jar:file:///C:/Users/admin/.m2/repository/com/github/almasb/fxgl/17.3/fxgl-17.3.jar!/fxglassets/textures/particles/trace_horizontal.png
10:07:11.205 [FXGL Background Thread 1 ] DEBUG GameApplicationServi - Application scenes initialized
10:07:11.218 [FXGL Background Thread 1 ] DEBUG SystemBundleService  - Loading FXGL system data
10:07:11.222 [FXGL Background Thread 1 ] DEBUG FileSystemAccess     - Reading from: C:\Users\admin\OneDrive\Máy tính\btl\baitaplonOOP\system\fxgl.bundle
10:07:11.232 [FXGL Background Thread 1 ] DEBUG SystemBundleService  - Bundle FXGL: {}
10:07:11.232 [FXGL Background Thread 1 ] DEBUG UpdaterService       - Checking for updates
10:07:11.236 [FXGL Background Thread 4 ] DEBUG FXGLApplication      - Loading fonts
10:07:11.237 [FXGL Background Thread 4 ] DEBUG FXGLAssetLoaderServi - Loading from file system: jar:file:///C:/Users/admin/.m2/repository/com/github/almasb/fxgl/17.3/fxgl-17.3.jar!/fxglassets/ui/fonts/VarelaRound-Regular.ttf
10:07:11.237 [FXGL Background Thread 1 ] DEBUG FXGLApplication      - Loading default localization
10:07:11.237 [FXGL Background Thread 1 ] DEBUG FXGLAssetLoaderServi - Loading from file system: jar:file:///C:/Users/admin/.m2/repository/com/github/almasb/fxgl/17.3/fxgl-17.3.jar!/fxglassets/languages/english.lang
10:07:11.267 [FXGL Background Thread 1 ] INFO  FXGLApplication      - FXGL initialization took: 0.545 sec
10:07:11.273 [JavaFX Application Thread] DEBUG Input                - Clearing active input actions
10:07:11.284 [JavaFX Application Thread] DEBUG Input                - Registered new binding: Move Up - W
10:07:11.285 [JavaFX Application Thread] DEBUG Input                - Registered new binding: Move Down - S
10:07:11.285 [JavaFX Application Thread] DEBUG Input                - Registered new binding: Move Left - A
10:07:11.285 [JavaFX Application Thread] DEBUG Input                - Registered new binding: Move Right - D
10:07:11.285 [JavaFX Application Thread] DEBUG Input                - Registered new binding: Đặt bom - Space
10:07:11.286 [JavaFX Application Thread] DEBUG FXGLAssetLoaderServi - Loading from file system: jar:file:///C:/Users/admin/.m2/repository/com/github/almasb/fxgl/17.3/fxgl-17.3.jar!/fxglassets/textures/fxgl_icon.png
10:07:11.294 [FXGL Background Thread 4 ] DEBUG FXGLAssetLoaderServi - Loading from file system: jar:file:///C:/Users/admin/.m2/repository/com/github/almasb/fxgl/17.3/fxgl-17.3.jar!/fxglassets/ui/fonts/Abel-Regular.ttf
10:07:11.306 [JavaFX Application Thread] DEBUG FXGLAssetLoaderServi - Loading from file system: jar:file:///C:/Users/admin/.m2/repository/com/github/almasb/fxgl/17.3/fxgl-17.3.jar!/fxglassets/textures/fxgl_default_cursor.png
10:07:11.309 [JavaFX Application Thread] DEBUG Input                - Registered new binding: Screenshot - CTRL+8
10:07:11.309 [JavaFX Application Thread] DEBUG Input                - Registered new binding: System info dump - CTRL+9
10:07:11.310 [JavaFX Application Thread] DEBUG Input                - Registered new binding: Restart - CTRL+R
10:07:11.310 [JavaFX Application Thread] DEBUG Input                - Registered new binding: Toggle Debug Camera - CTRL+7
10:07:11.311 [FXGL Background Thread 4 ] DEBUG FXGLAssetLoaderServi - Loading from file system: jar:file:///C:/Users/admin/.m2/repository/com/github/almasb/fxgl/17.3/fxgl-17.3.jar!/fxglassets/ui/fonts/TerminalLandMono-Regular.otf
10:07:11.313 [JavaFX Application Thread] DEBUG LoopRunner           - Starting loop
10:07:11.313 [JavaFX Application Thread] DEBUG LoopRunner           - Initializing JavaFX AnimationTimerLoop
10:07:11.317 [JavaFX Application Thread] DEBUG Input                - Clearing active input actions
10:07:11.324 [JavaFX Application Thread] DEBUG GameApplicationServi - Removing overlay from FXGLStartupScene and adding to FXGLMainMenuDummyScene
10:07:11.324 [JavaFX Application Thread] DEBUG PrimaryStageWindow   - FXGLStartupScene -> FXGLMainMenuDummyScene
10:07:11.324 [JavaFX Application Thread] DEBUG PrimaryStageWindow   - Push state: ViewMenu
10:07:11.324 [JavaFX Application Thread] DEBUG Input                - Clearing active input actions
10:07:11.327 [FXGL Background Thread 4 ] DEBUG FXGLAssetLoaderServi - Loading from file system: jar:file:///C:/Users/admin/.m2/repository/com/github/almasb/fxgl/17.3/fxgl-17.3.jar!/fxglassets/ui/fonts/Courier-Prime.ttf
10:07:11.333 [JavaFX Application Thread] DEBUG GameApplicationServi - Removing overlay from FXGLMainMenuDummyScene and adding to ViewMenu
10:07:11.333 [JavaFX Application Thread] DEBUG PrimaryStageWindow   - FXGLMainMenuDummyScene -> ViewMenu
10:07:11.410 [JavaFX Application Thread] DEBUG FXGLApplication      - Registering font factories with UI factory
10:07:12.131 [FXGL Background Thread 2 ] INFO  UpdaterService       - Your current version:  17.3
10:07:12.132 [FXGL Background Thread 2 ] INFO  UpdaterService       - Latest stable version: 21.1
10:07:12.538 [JavaFX Application Thread] DEBUG GameApplicationServi - Starting new game
10:07:12.539 [JavaFX Application Thread] DEBUG PrimaryStageWindow   - Pop state: ViewMenu
10:07:12.539 [JavaFX Application Thread] DEBUG Input                - Clearing active input actions
10:07:12.541 [JavaFX Application Thread] DEBUG GameApplicationServi - Removing overlay from ViewMenu and adding to FXGLMainMenuDummyScene
10:07:12.543 [JavaFX Application Thread] DEBUG PrimaryStageWindow   - FXGLMainMenuDummyScene <- ViewMenu
10:07:12.544 [JavaFX Application Thread] DEBUG Input                - Clearing active input actions
10:07:12.561 [JavaFX Application Thread] DEBUG GameApplicationServi - Removing overlay from FXGLMainMenuDummyScene and adding to FXGLLoadingScene
10:07:12.562 [JavaFX Application Thread] DEBUG PrimaryStageWindow   - FXGLMainMenuDummyScene -> FXGLLoadingScene
10:07:12.562 [JavaFX Application Thread] DEBUG GameApplicationServi - Clearing previous game
10:07:12.562 [JavaFX Application Thread] DEBUG GameScene            - Clearing game scene
10:07:12.562 [JavaFX Application Thread] DEBUG GameWorld            - Clearing game world
10:07:12.562 [JavaFX Application Thread] DEBUG PhysicsWorld         - Clearing physics world
10:07:12.564 [FXGL Background Thread 2 ] DEBUG FXGLApplication      - Initializing game
10:07:12.975 [FXGL Background Thread 2 ] INFO  FXGLApplication      - Game initialization took: 0.412 sec
10:07:12.977 [JavaFX Application Thread] DEBUG Input                - Clearing active input actions
10:07:12.991 [JavaFX Application Thread] DEBUG GameApplicationServi - Removing overlay from FXGLLoadingScene and adding to GameScene
10:07:12.992 [JavaFX Application Thread] DEBUG PrimaryStageWindow   - FXGLLoadingScene -> GameScene
10:07:14.236 [FXGL Background Thread 3 ] DEBUG Engine               - Logging environment variables
10:07:14.237 [FXGL Background Thread 3 ] DEBUG Engine               - achievements: []
10:07:14.237 [FXGL Background Thread 3 ] DEBUG Engine               - actualHeight: 480.0
10:07:14.237 [FXGL Background Thread 3 ] DEBUG Engine               - actualHeightProperty: ReadOnlyDoubleProperty [value: 480.0]
10:07:14.238 [FXGL Background Thread 3 ] DEBUG Engine               - actualWidth: 480.0
10:07:14.238 [FXGL Background Thread 3 ] DEBUG Engine               - actualWidthProperty: ReadOnlyDoubleProperty [value: 480.0]
10:07:14.238 [FXGL Background Thread 3 ] DEBUG Engine               - appIcon: fxgl_icon.png
10:07:14.238 [FXGL Background Thread 3 ] DEBUG Engine               - applicationMode: DEVELOPER
10:07:14.239 [FXGL Background Thread 3 ] DEBUG Engine               - cSSList: [fxgl_dark.css]
10:07:14.239 [FXGL Background Thread 3 ] DEBUG Engine               - collisionDetectionStrategy: BRUTE_FORCE
10:07:14.239 [FXGL Background Thread 3 ] DEBUG Engine               - configClass: Optional.empty
10:07:14.239 [FXGL Background Thread 3 ] DEBUG Engine               - credits: []
10:07:14.240 [FXGL Background Thread 3 ] DEBUG Engine               - defaultCursor: CursorInfo(imageName=fxgl_default_cursor.png, hotspotX=7.0, hotspotY=6.0)
10:07:14.241 [FXGL Background Thread 3 ] DEBUG Engine               - devBBoxColorProperty: ObjectProperty [value: 0xff0000ff]
10:07:14.241 [FXGL Background Thread 3 ] DEBUG Engine               - devEnableDebugCameraProperty: BooleanProperty [value: false]
10:07:14.241 [FXGL Background Thread 3 ] DEBUG Engine               - devSensorColorProperty: ObjectProperty [value: 0xffff00ff]
10:07:14.242 [FXGL Background Thread 3 ] DEBUG Engine               - devShowBBoxProperty: BooleanProperty [value: false]
10:07:14.242 [FXGL Background Thread 3 ] DEBUG Engine               - devShowPositionProperty: BooleanProperty [value: false]
10:07:14.242 [FXGL Background Thread 3 ] DEBUG Engine               - enabledMenuItems: []
10:07:14.242 [FXGL Background Thread 3 ] DEBUG Engine               - engineServices: [class com.almasb.fxgl.app.services.FXGLAssetLoaderService, class com.almasb.fxgl.app.FXGLApplication$GameApplicationService, class com.almasb.fxgl.app.services.FXGLDialogService, class com.almasb.fxgl.app.services.IOTaskExecutorService, class com.almasb.fxgl.io.FileSystemService, class com.almasb.fxgl.localization.LocalizationService, class com.almasb.fxgl.app.services.SystemBundleService, class com.almasb.fxgl.profile.SaveLoadService, class com.almasb.fxgl.ui.FXGLUIFactoryServiceProvider, class com.almasb.fxgl.ui.FXGLDialogFactoryServiceProvider, class com.almasb.fxgl.audio.AudioPlayer, class com.almasb.fxgl.notification.impl.NotificationServiceProvider, class com.almasb.fxgl.achievement.AchievementService, class com.almasb.fxgl.cutscene.CutsceneService, class com.almasb.fxgl.minigames.MiniGameService, class com.almasb.fxgl.net.NetService, class com.almasb.fxgl.app.services.UpdaterService, class com.almasb.fxgl.dev.DevService]
10:07:14.242 [FXGL Background Thread 3 ] DEBUG Engine               - fontGame: Abel-Regular.ttf
10:07:14.242 [FXGL Background Thread 3 ] DEBUG Engine               - fontMono: TerminalLandMono-Regular.otf
10:07:14.242 [FXGL Background Thread 3 ] DEBUG Engine               - fontSizeScaleUI: 1.0
10:07:14.242 [FXGL Background Thread 3 ] DEBUG Engine               - fontText: Courier-Prime.ttf
10:07:14.242 [FXGL Background Thread 3 ] DEBUG Engine               - fontUI: VarelaRound-Regular.ttf
10:07:14.242 [FXGL Background Thread 3 ] DEBUG Engine               - fullScreen: BooleanProperty [value: false]
10:07:14.242 [FXGL Background Thread 3 ] DEBUG Engine               - gameDifficulty: MEDIUM
10:07:14.243 [FXGL Background Thread 3 ] DEBUG Engine               - gameDifficultyProperty: ObjectProperty [value: MEDIUM]
10:07:14.243 [FXGL Background Thread 3 ] DEBUG Engine               - globalMusicVolume: 0.5
10:07:14.243 [FXGL Background Thread 3 ] DEBUG Engine               - globalMusicVolumeProperty: DoubleProperty [value: 0.5]
10:07:14.243 [FXGL Background Thread 3 ] DEBUG Engine               - globalSoundVolume: 0.5
10:07:14.243 [FXGL Background Thread 3 ] DEBUG Engine               - globalSoundVolumeProperty: DoubleProperty [value: 0.5]
10:07:14.243 [FXGL Background Thread 3 ] DEBUG Engine               - height: 480
10:07:14.244 [FXGL Background Thread 3 ] DEBUG Engine               - is3D: false
10:07:14.244 [FXGL Background Thread 3 ] DEBUG Engine               - isAndroid: false
10:07:14.244 [FXGL Background Thread 3 ] DEBUG Engine               - isBrowser: false
10:07:14.244 [FXGL Background Thread 3 ] DEBUG Engine               - isClickFeedbackEnabled: false
10:07:14.244 [FXGL Background Thread 3 ] DEBUG Engine               - isCloseConfirmation: false
10:07:14.244 [FXGL Background Thread 3 ] DEBUG Engine               - isDesktop: true
10:07:14.244 [FXGL Background Thread 3 ] DEBUG Engine               - isDeveloperMenuEnabled: false
10:07:14.244 [FXGL Background Thread 3 ] DEBUG Engine               - isEmbedded: false
10:07:14.244 [FXGL Background Thread 3 ] DEBUG Engine               - isEntityPreloadEnabled: true
10:07:14.245 [FXGL Background Thread 3 ] DEBUG Engine               - isExperimentalTiledLargeMap: false
10:07:14.245 [FXGL Background Thread 3 ] DEBUG Engine               - isFileSystemWriteAllowed: true
10:07:14.245 [FXGL Background Thread 3 ] DEBUG Engine               - isFullScreenAllowed: false
10:07:14.245 [FXGL Background Thread 3 ] DEBUG Engine               - isFullScreenFromStart: false
10:07:14.245 [FXGL Background Thread 3 ] DEBUG Engine               - isGameMenuEnabled: true
10:07:14.245 [FXGL Background Thread 3 ] DEBUG Engine               - isIOS: false
10:07:14.245 [FXGL Background Thread 3 ] DEBUG Engine               - isIntroEnabled: false
10:07:14.245 [FXGL Background Thread 3 ] DEBUG Engine               - isLinux: false
10:07:14.245 [FXGL Background Thread 3 ] DEBUG Engine               - isMac: false
10:07:14.245 [FXGL Background Thread 3 ] DEBUG Engine               - isMainMenuEnabled: true
10:07:14.245 [FXGL Background Thread 3 ] DEBUG Engine               - isManualResizeEnabled: false
10:07:14.245 [FXGL Background Thread 3 ] DEBUG Engine               - isMobile: false
10:07:14.245 [FXGL Background Thread 3 ] DEBUG Engine               - isNative: false
10:07:14.245 [FXGL Background Thread 3 ] DEBUG Engine               - isPauseMusicWhenMinimized: true
10:07:14.245 [FXGL Background Thread 3 ] DEBUG Engine               - isPreserveResizeRatio: false
10:07:14.245 [FXGL Background Thread 3 ] DEBUG Engine               - isProfilingEnabled: false
10:07:14.245 [FXGL Background Thread 3 ] DEBUG Engine               - isScaleAffectedOnResize: true
10:07:14.245 [FXGL Background Thread 3 ] DEBUG Engine               - isSingleStep: false
10:07:14.245 [FXGL Background Thread 3 ] DEBUG Engine               - isUserProfileEnabled: false
10:07:14.246 [FXGL Background Thread 3 ] DEBUG Engine               - isWindows: true
10:07:14.246 [FXGL Background Thread 3 ] DEBUG Engine               - language: ObjectProperty [value: ENGLISH]
10:07:14.246 [FXGL Background Thread 3 ] DEBUG Engine               - menuKey: ESCAPE
10:07:14.246 [FXGL Background Thread 3 ] DEBUG Engine               - mouseSensitivity: 0.2
10:07:14.246 [FXGL Background Thread 3 ] DEBUG Engine               - notificationViewClass: class com.almasb.fxgl.notification.view.XboxNotificationView
10:07:14.246 [FXGL Background Thread 3 ] DEBUG Engine               - pixelsPerMeter: 50.0
10:07:14.246 [FXGL Background Thread 3 ] DEBUG Engine               - platform: WINDOWS
10:07:14.246 [FXGL Background Thread 3 ] DEBUG Engine               - prefHeightProperty: ReadOnlyDoubleProperty [value: 480.0]
10:07:14.246 [FXGL Background Thread 3 ] DEBUG Engine               - prefWidthProperty: ReadOnlyDoubleProperty [value: 480.0]
10:07:14.246 [FXGL Background Thread 3 ] DEBUG Engine               - profileDir: profiles/
10:07:14.246 [FXGL Background Thread 3 ] DEBUG Engine               - profileName: StringProperty [value: DEFAULT]
10:07:14.246 [FXGL Background Thread 3 ] DEBUG Engine               - randomSeed: -1
10:07:14.246 [FXGL Background Thread 3 ] DEBUG Engine               - runtimeInfo: RuntimeInfo(platform=WINDOWS, version=17.3, build=30.03.2023 11.49)
10:07:14.246 [FXGL Background Thread 3 ] DEBUG Engine               - saveFileExt: sav
10:07:14.247 [FXGL Background Thread 3 ] DEBUG Engine               - scaledHeightProp$fxgl: DoubleProperty [bound, value: 480.0]
10:07:14.247 [FXGL Background Thread 3 ] DEBUG Engine               - scaledWidthProp$fxgl: DoubleProperty [bound, value: 480.0]
10:07:14.247 [FXGL Background Thread 3 ] DEBUG Engine               - sceneFactory: org.example.demo.BombermanApp$1@7631a5fe
10:07:14.247 [FXGL Background Thread 3 ] DEBUG Engine               - secondsIn24h: 60
10:07:14.247 [FXGL Background Thread 3 ] DEBUG Engine               - soundMenuBack: menu/back.wav
10:07:14.247 [FXGL Background Thread 3 ] DEBUG Engine               - soundMenuPress: menu/press.wav
10:07:14.247 [FXGL Background Thread 3 ] DEBUG Engine               - soundMenuSelect: menu/select.wav
10:07:14.247 [FXGL Background Thread 3 ] DEBUG Engine               - soundNotification: core/notification.wav
10:07:14.247 [FXGL Background Thread 3 ] DEBUG Engine               - stageStyle: DECORATED
10:07:14.247 [FXGL Background Thread 3 ] DEBUG Engine               - supportedLanguages: [ENGLISH, FRENCH, GERMAN, HUNGARIAN, RUSSIAN]
10:07:14.247 [FXGL Background Thread 3 ] DEBUG Engine               - ticksPerSecond: -1
10:07:14.247 [FXGL Background Thread 3 ] DEBUG Engine               - title: Bomberman Game
10:07:14.247 [FXGL Background Thread 3 ] DEBUG Engine               - urlGithub: https://github.com/AlmasB/FXGL
10:07:14.247 [FXGL Background Thread 3 ] DEBUG Engine               - urlLeaderboard: http://fxgl-top.herokuapp.com/
10:07:14.247 [FXGL Background Thread 3 ] DEBUG Engine               - urlPOM: https://raw.githubusercontent.com/AlmasB/FXGL/release/README.md
10:07:14.247 [FXGL Background Thread 3 ] DEBUG Engine               - userAppClass: class org.example.demo.HelloApplication
10:07:14.247 [FXGL Background Thread 3 ] DEBUG Engine               - version: 1.0
10:07:14.247 [FXGL Background Thread 3 ] DEBUG Engine               - versionCheckDays: 7
10:07:14.247 [FXGL Background Thread 3 ] DEBUG Engine               - width: 480
10:07:14.247 [FXGL Background Thread 3 ] DEBUG Engine               - Logging services
10:07:14.247 [FXGL Background Thread 3 ] DEBUG Engine               - class com.almasb.fxgl.app.services.FXGLAssetLoaderService
10:07:14.247 [FXGL Background Thread 3 ] DEBUG Engine               - class com.almasb.fxgl.app.FXGLApplication$GameApplicationService
10:07:14.247 [FXGL Background Thread 3 ] DEBUG Engine               - class com.almasb.fxgl.app.services.FXGLDialogService
10:07:14.247 [FXGL Background Thread 3 ] DEBUG Engine               - class com.almasb.fxgl.app.services.IOTaskExecutorService
10:07:14.247 [FXGL Background Thread 3 ] DEBUG Engine               - class com.almasb.fxgl.io.FileSystemService
10:07:14.247 [FXGL Background Thread 3 ] DEBUG Engine               - class com.almasb.fxgl.localization.LocalizationService
10:07:14.247 [FXGL Background Thread 3 ] DEBUG Engine               - class com.almasb.fxgl.app.services.SystemBundleService
10:07:14.247 [FXGL Background Thread 3 ] DEBUG Engine               - class com.almasb.fxgl.profile.SaveLoadService
10:07:14.247 [FXGL Background Thread 3 ] DEBUG Engine               - class com.almasb.fxgl.ui.FXGLUIFactoryServiceProvider
10:07:14.247 [FXGL Background Thread 3 ] DEBUG Engine               - class com.almasb.fxgl.ui.FXGLDialogFactoryServiceProvider
10:07:14.247 [FXGL Background Thread 3 ] DEBUG Engine               - class com.almasb.fxgl.audio.AudioPlayer
10:07:14.248 [FXGL Background Thread 3 ] DEBUG Engine               - class com.almasb.fxgl.notification.impl.NotificationServiceProvider
10:07:14.248 [FXGL Background Thread 3 ] DEBUG Engine               - class com.almasb.fxgl.achievement.AchievementService
10:07:14.248 [FXGL Background Thread 3 ] DEBUG Engine               - class com.almasb.fxgl.cutscene.CutsceneService
10:07:14.248 [FXGL Background Thread 3 ] DEBUG Engine               - class com.almasb.fxgl.minigames.MiniGameService
10:07:14.248 [FXGL Background Thread 3 ] DEBUG Engine               - class com.almasb.fxgl.net.NetService
10:07:14.248 [FXGL Background Thread 3 ] DEBUG Engine               - class com.almasb.fxgl.app.services.UpdaterService
10:07:14.248 [FXGL Background Thread 3 ] DEBUG Engine               - class com.almasb.fxgl.dev.DevService
10:07:16.136 [JavaFX Application Thread] DEBUG PrimaryStageWindow   - Push state: DialogSubScene
10:07:16.136 [JavaFX Application Thread] DEBUG Input                - Clearing active input actions
10:07:16.139 [JavaFX Application Thread] DEBUG GameApplicationServi - Removing overlay from GameScene and adding to DialogSubScene
10:07:16.139 [JavaFX Application Thread] DEBUG PrimaryStageWindow   - GameScene -> DialogSubScene
10:07:23.270 [JavaFX Application Thread] DEBUG FXGLApplication      - Exiting FXGL
10:07:23.271 [JavaFX Application Thread] DEBUG LoopRunner           - Stopping loop
10:07:23.271 [JavaFX Application Thread] DEBUG SystemBundleService  - Saving FXGL system data
10:07:23.276 [JavaFX Application Thread] DEBUG FileSystemAccess     - Writing to: C:\Users\admin\OneDrive\Máy tính\btl\baitaplonOOP\system\fxgl.bundle
10:07:23.281 [JavaFX Application Thread] DEBUG Async                - Shutting down background threads
10:07:23.281 [JavaFX Application Thread] DEBUG PrimaryStageWindow   - Closing main window
10:07:23.297 [JavaFX Application Thread] DEBUG Logger               - Closing Logger
