11:10:25.805 [main                     ] DEBUG Logger               - Configured Logger
11:10:25.834 [main                     ] DEBUG GameApplication      - Logging settings
Title: Bomberman Game
Version: 1.0
Width: 480
Height: 480
Fullscreen: false
Intro: false
Profiling: false
Single step:false
App Mode: DEVELOPER
Menu Key: ESCAPE
Stage Style: DECORATED
Scene Factory: class com.almasb.fxgl.app.scene.SceneFactory

11:10:26.173 [JavaFX Application Thread] DEBUG FXGLApplication      - Initializing FXGL
11:10:26.179 [JavaFX Application Thread] INFO  Engine               - FXGL-17.3 (30.03.2023 11.49) on WINDOWS (J:23.0.2 FX:17.0.6)
11:10:26.179 [JavaFX Application Thread] DEBUG Engine               - JRE Vendor Name: Oracle Corporation
11:10:26.179 [JavaFX Application Thread] DEBUG Engine               - Running on OS: Windows 11 version 10.0
11:10:26.179 [JavaFX Application Thread] DEBUG Engine               - Architecture: amd64
11:10:26.179 [JavaFX Application Thread] INFO  Engine               - Source code and latest versions at: https://github.com/AlmasB/FXGL
11:10:26.179 [JavaFX Application Thread] INFO  Engine               -       Ask questions and discuss at: https://github.com/AlmasB/FXGL/discussions
11:10:26.180 [JavaFX Application Thread] INFO  Engine               -              Join the FXGL chat at: https://gitter.im/AlmasB/FXGL
11:10:26.257 [JavaFX Application Thread] DEBUG PrimaryStageWindow   - Creating a JavaFX scene
11:10:26.307 [JavaFX Application Thread] DEBUG PrimaryStageWindow   - Target settings size: 480.0 x 480.0
11:10:26.307 [JavaFX Application Thread] DEBUG PrimaryStageWindow   - Scaled scene size:    480.0 x 480.0
11:10:26.307 [JavaFX Application Thread] DEBUG PrimaryStageWindow   - Scaled ratio: (1.0, 1.0)
11:10:26.309 [JavaFX Application Thread] DEBUG PrimaryStageWindow   - Set initial scene to FXGLStartupScene
11:10:26.314 [JavaFX Application Thread] DEBUG PrimaryStageWindow   - Opening main window
11:10:26.398 [JavaFX Application Thread] DEBUG PrimaryStageWindow   - Window border size: (14.666656494140625, 37.33331298828125)
11:10:26.398 [JavaFX Application Thread] DEBUG PrimaryStageWindow   - Scaled size: 480.0 x 480.0
11:10:26.398 [JavaFX Application Thread] DEBUG PrimaryStageWindow   - Scaled ratio: (1.0, 1.0)
11:10:26.400 [JavaFX Application Thread] DEBUG PrimaryStageWindow   - Scene size: 480.0 x 480.0
11:10:26.400 [JavaFX Application Thread] DEBUG PrimaryStageWindow   - Stage size: 494.6666564941406 x 517.3333129882812
11:10:26.408 [FXGL Background Thread 1 ] DEBUG Engine               - Initializing environment variables
11:10:26.498 [FXGL Background Thread 1 ] DEBUG FXGLAssetLoaderServi - User app class for loading assets: class org.example.demo.HelloApplication
11:10:26.498 [FXGL Background Thread 1 ] DEBUG GameApplicationServi - Applying CSS: fxgl_dark.css
11:10:26.499 [FXGL Background Thread 1 ] DEBUG FXGLAssetLoaderServi - Loading from file system: jar:file:///C:/Users/admin/.m2/repository/com/github/almasb/fxgl/17.3/fxgl-17.3.jar!/fxglassets/ui/css/fxgl_dark.css
11:10:26.548 [FXGL Background Thread 1 ] DEBUG GameApplicationServi - Initializing application scenes
11:10:26.597 [FXGL Background Thread 1 ] DEBUG GameWorld            - Game world initialized
11:10:26.669 [FXGL Background Thread 1 ] DEBUG PhysicsWorld         - Physics world initialized: appHeight=480, physics.ppm=50.0
11:10:26.669 [FXGL Background Thread 1 ] DEBUG PhysicsWorld         - Using strategy: BRUTE_FORCE
11:10:26.673 [FXGL Background Thread 1 ] DEBUG GameScene            - Game scene initialized: 480x480
11:10:26.687 [FXGL Background Thread 1 ] WARN  FXGL.DefaultMenu     - FXGLDefaultMenu is not designed for resolutions < 800x600
11:10:26.687 [FXGL Background Thread 1 ] DEBUG FXGL.DefaultMenu     - createMenuBodyGameMenu()
11:10:26.704 [FXGL Background Thread 1 ] DEBUG FXGL.DefaultMenu     - createOptionsMenu()
11:10:26.715 [FXGL Background Thread 1 ] DEBUG FXGLAssetLoaderServi - Loading from file system: jar:file:///C:/Users/admin/.m2/repository/com/github/almasb/fxgl/17.3/fxgl-17.3.jar!/fxglassets/textures/particles/smoke.png
11:10:26.823 [FXGL Background Thread 1 ] DEBUG FXGLAssetLoaderServi - Loading from file system: jar:file:///C:/Users/admin/.m2/repository/com/github/almasb/fxgl/17.3/fxgl-17.3.jar!/fxglassets/textures/particles/trace_horizontal.png
11:10:26.868 [FXGL Background Thread 1 ] DEBUG GameApplicationServi - Application scenes initialized
11:10:26.882 [FXGL Background Thread 1 ] DEBUG SystemBundleService  - Loading FXGL system data
11:10:26.890 [FXGL Background Thread 1 ] DEBUG FileSystemAccess     - Reading from: C:\Users\admin\OneDrive\Máy tính\btl\New folder\baitaplonOOP\system\fxgl.bundle
11:10:26.899 [FXGL Background Thread 1 ] DEBUG SystemBundleService  - Bundle FXGL: {}
11:10:26.899 [FXGL Background Thread 1 ] DEBUG UpdaterService       - Checking for updates
11:10:26.907 [FXGL Background Thread 4 ] DEBUG FXGLApplication      - Loading fonts
11:10:26.907 [FXGL Background Thread 4 ] DEBUG FXGLAssetLoaderServi - Loading from file system: jar:file:///C:/Users/admin/.m2/repository/com/github/almasb/fxgl/17.3/fxgl-17.3.jar!/fxglassets/ui/fonts/VarelaRound-Regular.ttf
11:10:26.907 [FXGL Background Thread 1 ] DEBUG FXGLApplication      - Loading default localization
11:10:26.908 [FXGL Background Thread 1 ] DEBUG FXGLAssetLoaderServi - Loading from file system: jar:file:///C:/Users/admin/.m2/repository/com/github/almasb/fxgl/17.3/fxgl-17.3.jar!/fxglassets/languages/english.lang
11:10:26.935 [FXGL Background Thread 1 ] INFO  FXGLApplication      - FXGL initialization took: 0.526 sec
11:10:26.942 [JavaFX Application Thread] DEBUG Input                - Clearing active input actions
11:10:26.954 [JavaFX Application Thread] DEBUG Input                - Registered new binding: Move Up - W
11:10:26.954 [JavaFX Application Thread] DEBUG Input                - Registered new binding: Move Down - S
11:10:26.954 [JavaFX Application Thread] DEBUG Input                - Registered new binding: Move Left - A
11:10:26.954 [JavaFX Application Thread] DEBUG Input                - Registered new binding: Move Right - D
11:10:26.956 [JavaFX Application Thread] DEBUG Input                - Registered new binding: Đặt bom - Space
11:10:26.956 [JavaFX Application Thread] DEBUG FXGLAssetLoaderServi - Loading from file system: jar:file:///C:/Users/admin/.m2/repository/com/github/almasb/fxgl/17.3/fxgl-17.3.jar!/fxglassets/textures/fxgl_icon.png
11:10:26.978 [FXGL Background Thread 4 ] DEBUG FXGLAssetLoaderServi - Loading from file system: jar:file:///C:/Users/admin/.m2/repository/com/github/almasb/fxgl/17.3/fxgl-17.3.jar!/fxglassets/ui/fonts/Abel-Regular.ttf
11:10:26.982 [JavaFX Application Thread] DEBUG FXGLAssetLoaderServi - Loading from file system: jar:file:///C:/Users/admin/.m2/repository/com/github/almasb/fxgl/17.3/fxgl-17.3.jar!/fxglassets/textures/fxgl_default_cursor.png
11:10:26.985 [JavaFX Application Thread] DEBUG Input                - Registered new binding: Screenshot - CTRL+8
11:10:26.986 [JavaFX Application Thread] DEBUG Input                - Registered new binding: System info dump - CTRL+9
11:10:26.986 [JavaFX Application Thread] DEBUG Input                - Registered new binding: Restart - CTRL+R
11:10:26.987 [JavaFX Application Thread] DEBUG Input                - Registered new binding: Toggle Debug Camera - CTRL+7
11:10:26.990 [JavaFX Application Thread] DEBUG LoopRunner           - Starting loop
11:10:26.990 [JavaFX Application Thread] DEBUG LoopRunner           - Initializing JavaFX AnimationTimerLoop
11:10:26.992 [JavaFX Application Thread] DEBUG GameApplicationServi - Starting new game
11:10:26.992 [JavaFX Application Thread] DEBUG Input                - Clearing active input actions
11:10:26.999 [FXGL Background Thread 4 ] DEBUG FXGLAssetLoaderServi - Loading from file system: jar:file:///C:/Users/admin/.m2/repository/com/github/almasb/fxgl/17.3/fxgl-17.3.jar!/fxglassets/ui/fonts/TerminalLandMono-Regular.otf
11:10:27.006 [JavaFX Application Thread] DEBUG GameApplicationServi - Removing overlay from FXGLStartupScene and adding to FXGLLoadingScene
11:10:27.006 [JavaFX Application Thread] DEBUG PrimaryStageWindow   - FXGLStartupScene -> FXGLLoadingScene
11:10:27.006 [JavaFX Application Thread] DEBUG GameApplicationServi - Clearing previous game
11:10:27.006 [JavaFX Application Thread] DEBUG GameScene            - Clearing game scene
11:10:27.006 [JavaFX Application Thread] DEBUG GameWorld            - Clearing game world
11:10:27.006 [JavaFX Application Thread] DEBUG PhysicsWorld         - Clearing physics world
11:10:27.009 [FXGL Background Thread 1 ] DEBUG FXGLApplication      - Initializing game
11:10:27.015 [FXGL Background Thread 4 ] DEBUG FXGLAssetLoaderServi - Loading from file system: jar:file:///C:/Users/admin/.m2/repository/com/github/almasb/fxgl/17.3/fxgl-17.3.jar!/fxglassets/ui/fonts/Courier-Prime.ttf
11:10:27.061 [JavaFX Application Thread] DEBUG FXGLApplication      - Registering font factories with UI factory
11:10:27.454 [FXGL Background Thread 1 ] INFO  FXGLApplication      - Game initialization took: 0.446 sec
11:10:27.455 [JavaFX Application Thread] DEBUG Input                - Clearing active input actions
11:10:27.482 [JavaFX Application Thread] DEBUG GameApplicationServi - Removing overlay from FXGLLoadingScene and adding to GameScene
11:10:27.484 [JavaFX Application Thread] DEBUG PrimaryStageWindow   - FXGLLoadingScene -> GameScene
11:10:27.689 [FXGL Background Thread 2 ] INFO  UpdaterService       - Your current version:  17.3
11:10:27.690 [FXGL Background Thread 2 ] INFO  UpdaterService       - Latest stable version: 21.1
11:10:29.905 [FXGL Background Thread 3 ] DEBUG Engine               - Logging environment variables
11:10:29.908 [FXGL Background Thread 3 ] DEBUG Engine               - achievements: []
11:10:29.908 [FXGL Background Thread 3 ] DEBUG Engine               - actualHeight: 480.0
11:10:29.908 [FXGL Background Thread 3 ] DEBUG Engine               - actualHeightProperty: ReadOnlyDoubleProperty [value: 480.0]
11:10:29.908 [FXGL Background Thread 3 ] DEBUG Engine               - actualWidth: 480.0
11:10:29.909 [FXGL Background Thread 3 ] DEBUG Engine               - actualWidthProperty: ReadOnlyDoubleProperty [value: 480.0]
11:10:29.909 [FXGL Background Thread 3 ] DEBUG Engine               - appIcon: fxgl_icon.png
11:10:29.909 [FXGL Background Thread 3 ] DEBUG Engine               - applicationMode: DEVELOPER
11:10:29.909 [FXGL Background Thread 3 ] DEBUG Engine               - cSSList: [fxgl_dark.css]
11:10:29.909 [FXGL Background Thread 3 ] DEBUG Engine               - collisionDetectionStrategy: BRUTE_FORCE
11:10:29.909 [FXGL Background Thread 3 ] DEBUG Engine               - configClass: Optional.empty
11:10:29.909 [FXGL Background Thread 3 ] DEBUG Engine               - credits: []
11:10:29.910 [FXGL Background Thread 3 ] DEBUG Engine               - defaultCursor: CursorInfo(imageName=fxgl_default_cursor.png, hotspotX=7.0, hotspotY=6.0)
11:10:29.910 [FXGL Background Thread 3 ] DEBUG Engine               - devBBoxColorProperty: ObjectProperty [value: 0xff0000ff]
11:10:29.911 [FXGL Background Thread 3 ] DEBUG Engine               - devEnableDebugCameraProperty: BooleanProperty [value: false]
11:10:29.911 [FXGL Background Thread 3 ] DEBUG Engine               - devSensorColorProperty: ObjectProperty [value: 0xffff00ff]
11:10:29.911 [FXGL Background Thread 3 ] DEBUG Engine               - devShowBBoxProperty: BooleanProperty [value: false]
11:10:29.911 [FXGL Background Thread 3 ] DEBUG Engine               - devShowPositionProperty: BooleanProperty [value: false]
11:10:29.911 [FXGL Background Thread 3 ] DEBUG Engine               - enabledMenuItems: []
11:10:29.911 [FXGL Background Thread 3 ] DEBUG Engine               - engineServices: [class com.almasb.fxgl.app.services.FXGLAssetLoaderService, class com.almasb.fxgl.app.FXGLApplication$GameApplicationService, class com.almasb.fxgl.app.services.FXGLDialogService, class com.almasb.fxgl.app.services.IOTaskExecutorService, class com.almasb.fxgl.io.FileSystemService, class com.almasb.fxgl.localization.LocalizationService, class com.almasb.fxgl.app.services.SystemBundleService, class com.almasb.fxgl.profile.SaveLoadService, class com.almasb.fxgl.ui.FXGLUIFactoryServiceProvider, class com.almasb.fxgl.ui.FXGLDialogFactoryServiceProvider, class com.almasb.fxgl.audio.AudioPlayer, class com.almasb.fxgl.notification.impl.NotificationServiceProvider, class com.almasb.fxgl.achievement.AchievementService, class com.almasb.fxgl.cutscene.CutsceneService, class com.almasb.fxgl.minigames.MiniGameService, class com.almasb.fxgl.net.NetService, class com.almasb.fxgl.app.services.UpdaterService, class com.almasb.fxgl.dev.DevService]
11:10:29.911 [FXGL Background Thread 3 ] DEBUG Engine               - fontGame: Abel-Regular.ttf
11:10:29.911 [FXGL Background Thread 3 ] DEBUG Engine               - fontMono: TerminalLandMono-Regular.otf
11:10:29.911 [FXGL Background Thread 3 ] DEBUG Engine               - fontSizeScaleUI: 1.0
11:10:29.912 [FXGL Background Thread 3 ] DEBUG Engine               - fontText: Courier-Prime.ttf
11:10:29.912 [FXGL Background Thread 3 ] DEBUG Engine               - fontUI: VarelaRound-Regular.ttf
11:10:29.912 [FXGL Background Thread 3 ] DEBUG Engine               - fullScreen: BooleanProperty [value: false]
11:10:29.912 [FXGL Background Thread 3 ] DEBUG Engine               - gameDifficulty: MEDIUM
11:10:29.912 [FXGL Background Thread 3 ] DEBUG Engine               - gameDifficultyProperty: ObjectProperty [value: MEDIUM]
11:10:29.912 [FXGL Background Thread 3 ] DEBUG Engine               - globalMusicVolume: 0.5
11:10:29.912 [FXGL Background Thread 3 ] DEBUG Engine               - globalMusicVolumeProperty: DoubleProperty [value: 0.5]
11:10:29.912 [FXGL Background Thread 3 ] DEBUG Engine               - globalSoundVolume: 0.5
11:10:29.912 [FXGL Background Thread 3 ] DEBUG Engine               - globalSoundVolumeProperty: DoubleProperty [value: 0.5]
11:10:29.912 [FXGL Background Thread 3 ] DEBUG Engine               - height: 480
11:10:29.913 [FXGL Background Thread 3 ] DEBUG Engine               - is3D: false
11:10:29.913 [FXGL Background Thread 3 ] DEBUG Engine               - isAndroid: false
11:10:29.913 [FXGL Background Thread 3 ] DEBUG Engine               - isBrowser: false
11:10:29.913 [FXGL Background Thread 3 ] DEBUG Engine               - isClickFeedbackEnabled: false
11:10:29.913 [FXGL Background Thread 3 ] DEBUG Engine               - isCloseConfirmation: false
11:10:29.913 [FXGL Background Thread 3 ] DEBUG Engine               - isDesktop: true
11:10:29.913 [FXGL Background Thread 3 ] DEBUG Engine               - isDeveloperMenuEnabled: false
11:10:29.913 [FXGL Background Thread 3 ] DEBUG Engine               - isEmbedded: false
11:10:29.913 [FXGL Background Thread 3 ] DEBUG Engine               - isEntityPreloadEnabled: true
11:10:29.913 [FXGL Background Thread 3 ] DEBUG Engine               - isExperimentalTiledLargeMap: false
11:10:29.913 [FXGL Background Thread 3 ] DEBUG Engine               - isFileSystemWriteAllowed: true
11:10:29.914 [FXGL Background Thread 3 ] DEBUG Engine               - isFullScreenAllowed: false
11:10:29.914 [FXGL Background Thread 3 ] DEBUG Engine               - isFullScreenFromStart: false
11:10:29.914 [FXGL Background Thread 3 ] DEBUG Engine               - isGameMenuEnabled: true
11:10:29.914 [FXGL Background Thread 3 ] DEBUG Engine               - isIOS: false
11:10:29.914 [FXGL Background Thread 3 ] DEBUG Engine               - isIntroEnabled: false
11:10:29.914 [FXGL Background Thread 3 ] DEBUG Engine               - isLinux: false
11:10:29.914 [FXGL Background Thread 3 ] DEBUG Engine               - isMac: false
11:10:29.914 [FXGL Background Thread 3 ] DEBUG Engine               - isMainMenuEnabled: false
11:10:29.914 [FXGL Background Thread 3 ] DEBUG Engine               - isManualResizeEnabled: false
11:10:29.915 [FXGL Background Thread 3 ] DEBUG Engine               - isMobile: false
11:10:29.915 [FXGL Background Thread 3 ] DEBUG Engine               - isNative: false
11:10:29.915 [FXGL Background Thread 3 ] DEBUG Engine               - isPauseMusicWhenMinimized: true
11:10:29.915 [FXGL Background Thread 3 ] DEBUG Engine               - isPreserveResizeRatio: false
11:10:29.915 [FXGL Background Thread 3 ] DEBUG Engine               - isProfilingEnabled: false
11:10:29.916 [FXGL Background Thread 3 ] DEBUG Engine               - isScaleAffectedOnResize: true
11:10:29.916 [FXGL Background Thread 3 ] DEBUG Engine               - isSingleStep: false
11:10:29.916 [FXGL Background Thread 3 ] DEBUG Engine               - isUserProfileEnabled: false
11:10:29.916 [FXGL Background Thread 3 ] DEBUG Engine               - isWindows: true
11:10:29.916 [FXGL Background Thread 3 ] DEBUG Engine               - language: ObjectProperty [value: ENGLISH]
11:10:29.916 [FXGL Background Thread 3 ] DEBUG Engine               - menuKey: ESCAPE
11:10:29.916 [FXGL Background Thread 3 ] DEBUG Engine               - mouseSensitivity: 0.2
11:10:29.917 [FXGL Background Thread 3 ] DEBUG Engine               - notificationViewClass: class com.almasb.fxgl.notification.view.XboxNotificationView
11:10:29.917 [FXGL Background Thread 3 ] DEBUG Engine               - pixelsPerMeter: 50.0
11:10:29.917 [FXGL Background Thread 3 ] DEBUG Engine               - platform: WINDOWS
11:10:29.917 [FXGL Background Thread 3 ] DEBUG Engine               - prefHeightProperty: ReadOnlyDoubleProperty [value: 480.0]
11:10:29.917 [FXGL Background Thread 3 ] DEBUG Engine               - prefWidthProperty: ReadOnlyDoubleProperty [value: 480.0]
11:10:29.917 [FXGL Background Thread 3 ] DEBUG Engine               - profileDir: profiles/
11:10:29.917 [FXGL Background Thread 3 ] DEBUG Engine               - profileName: StringProperty [value: DEFAULT]
11:10:29.917 [FXGL Background Thread 3 ] DEBUG Engine               - randomSeed: -1
11:10:29.917 [FXGL Background Thread 3 ] DEBUG Engine               - runtimeInfo: RuntimeInfo(platform=WINDOWS, version=17.3, build=30.03.2023 11.49)
11:10:29.917 [FXGL Background Thread 3 ] DEBUG Engine               - saveFileExt: sav
11:10:29.917 [FXGL Background Thread 3 ] DEBUG Engine               - scaledHeightProp$fxgl: DoubleProperty [bound, value: 480.0]
11:10:29.918 [FXGL Background Thread 3 ] DEBUG Engine               - scaledWidthProp$fxgl: DoubleProperty [bound, value: 480.0]
11:10:29.918 [FXGL Background Thread 3 ] DEBUG Engine               - sceneFactory: com.almasb.fxgl.app.scene.SceneFactory@1bc35c23
11:10:29.918 [FXGL Background Thread 3 ] DEBUG Engine               - secondsIn24h: 60
11:10:29.918 [FXGL Background Thread 3 ] DEBUG Engine               - soundMenuBack: menu/back.wav
11:10:29.918 [FXGL Background Thread 3 ] DEBUG Engine               - soundMenuPress: menu/press.wav
11:10:29.918 [FXGL Background Thread 3 ] DEBUG Engine               - soundMenuSelect: menu/select.wav
11:10:29.918 [FXGL Background Thread 3 ] DEBUG Engine               - soundNotification: core/notification.wav
11:10:29.918 [FXGL Background Thread 3 ] DEBUG Engine               - stageStyle: DECORATED
11:10:29.918 [FXGL Background Thread 3 ] DEBUG Engine               - supportedLanguages: [ENGLISH, FRENCH, GERMAN, HUNGARIAN, RUSSIAN]
11:10:29.918 [FXGL Background Thread 3 ] DEBUG Engine               - ticksPerSecond: -1
11:10:29.918 [FXGL Background Thread 3 ] DEBUG Engine               - title: Bomberman Game
11:10:29.918 [FXGL Background Thread 3 ] DEBUG Engine               - urlGithub: https://github.com/AlmasB/FXGL
11:10:29.918 [FXGL Background Thread 3 ] DEBUG Engine               - urlLeaderboard: http://fxgl-top.herokuapp.com/
11:10:29.918 [FXGL Background Thread 3 ] DEBUG Engine               - urlPOM: https://raw.githubusercontent.com/AlmasB/FXGL/release/README.md
11:10:29.918 [FXGL Background Thread 3 ] DEBUG Engine               - userAppClass: class org.example.demo.HelloApplication
11:10:29.919 [FXGL Background Thread 3 ] DEBUG Engine               - version: 1.0
11:10:29.919 [FXGL Background Thread 3 ] DEBUG Engine               - versionCheckDays: 7
11:10:29.919 [FXGL Background Thread 3 ] DEBUG Engine               - width: 480
11:10:29.919 [FXGL Background Thread 3 ] DEBUG Engine               - Logging services
11:10:29.919 [FXGL Background Thread 3 ] DEBUG Engine               - class com.almasb.fxgl.app.services.FXGLAssetLoaderService
11:10:29.919 [FXGL Background Thread 3 ] DEBUG Engine               - class com.almasb.fxgl.app.FXGLApplication$GameApplicationService
11:10:29.919 [FXGL Background Thread 3 ] DEBUG Engine               - class com.almasb.fxgl.app.services.FXGLDialogService
11:10:29.919 [FXGL Background Thread 3 ] DEBUG Engine               - class com.almasb.fxgl.app.services.IOTaskExecutorService
11:10:29.919 [FXGL Background Thread 3 ] DEBUG Engine               - class com.almasb.fxgl.io.FileSystemService
11:10:29.919 [FXGL Background Thread 3 ] DEBUG Engine               - class com.almasb.fxgl.localization.LocalizationService
11:10:29.919 [FXGL Background Thread 3 ] DEBUG Engine               - class com.almasb.fxgl.app.services.SystemBundleService
11:10:29.919 [FXGL Background Thread 3 ] DEBUG Engine               - class com.almasb.fxgl.profile.SaveLoadService
11:10:29.919 [FXGL Background Thread 3 ] DEBUG Engine               - class com.almasb.fxgl.ui.FXGLUIFactoryServiceProvider
11:10:29.919 [FXGL Background Thread 3 ] DEBUG Engine               - class com.almasb.fxgl.ui.FXGLDialogFactoryServiceProvider
11:10:29.919 [FXGL Background Thread 3 ] DEBUG Engine               - class com.almasb.fxgl.audio.AudioPlayer
11:10:29.919 [FXGL Background Thread 3 ] DEBUG Engine               - class com.almasb.fxgl.notification.impl.NotificationServiceProvider
11:10:29.919 [FXGL Background Thread 3 ] DEBUG Engine               - class com.almasb.fxgl.achievement.AchievementService
11:10:29.919 [FXGL Background Thread 3 ] DEBUG Engine               - class com.almasb.fxgl.cutscene.CutsceneService
11:10:29.921 [FXGL Background Thread 3 ] DEBUG Engine               - class com.almasb.fxgl.minigames.MiniGameService
11:10:29.921 [FXGL Background Thread 3 ] DEBUG Engine               - class com.almasb.fxgl.net.NetService
11:10:29.921 [FXGL Background Thread 3 ] DEBUG Engine               - class com.almasb.fxgl.app.services.UpdaterService
11:10:29.921 [FXGL Background Thread 3 ] DEBUG Engine               - class com.almasb.fxgl.dev.DevService
11:10:31.929 [JavaFX Application Thread] DEBUG PrimaryStageWindow   - Push state: DialogSubScene
11:10:31.929 [JavaFX Application Thread] DEBUG Input                - Clearing active input actions
11:10:31.932 [JavaFX Application Thread] DEBUG GameApplicationServi - Removing overlay from GameScene and adding to DialogSubScene
11:10:31.932 [JavaFX Application Thread] DEBUG PrimaryStageWindow   - GameScene -> DialogSubScene
11:10:34.222 [JavaFX Application Thread] DEBUG PrimaryStageWindow   - Pop state: DialogSubScene
11:10:34.222 [JavaFX Application Thread] DEBUG Input                - Clearing active input actions
11:10:34.224 [JavaFX Application Thread] DEBUG GameApplicationServi - Removing overlay from DialogSubScene and adding to GameScene
11:10:34.225 [JavaFX Application Thread] DEBUG PrimaryStageWindow   - GameScene <- DialogSubScene
11:10:39.810 [JavaFX Application Thread] DEBUG PrimaryStageWindow   - Push state: DialogSubScene
11:10:39.810 [JavaFX Application Thread] DEBUG Input                - Clearing active input actions
11:10:39.811 [JavaFX Application Thread] DEBUG GameApplicationServi - Removing overlay from GameScene and adding to DialogSubScene
11:10:39.811 [JavaFX Application Thread] DEBUG PrimaryStageWindow   - GameScene -> DialogSubScene
11:10:41.385 [JavaFX Application Thread] DEBUG PrimaryStageWindow   - Pop state: DialogSubScene
11:10:41.385 [JavaFX Application Thread] DEBUG Input                - Clearing active input actions
11:10:41.386 [JavaFX Application Thread] DEBUG GameApplicationServi - Removing overlay from DialogSubScene and adding to GameScene
11:10:41.386 [JavaFX Application Thread] DEBUG PrimaryStageWindow   - GameScene <- DialogSubScene
11:10:53.538 [JavaFX Application Thread] DEBUG PrimaryStageWindow   - Push state: DialogSubScene
11:10:53.538 [JavaFX Application Thread] DEBUG Input                - Clearing active input actions
11:10:53.538 [JavaFX Application Thread] DEBUG GameApplicationServi - Removing overlay from GameScene and adding to DialogSubScene
11:10:53.538 [JavaFX Application Thread] DEBUG PrimaryStageWindow   - GameScene -> DialogSubScene
11:10:54.910 [JavaFX Application Thread] DEBUG PrimaryStageWindow   - Pop state: DialogSubScene
11:10:54.911 [JavaFX Application Thread] DEBUG Input                - Clearing active input actions
11:10:54.912 [JavaFX Application Thread] DEBUG GameApplicationServi - Removing overlay from DialogSubScene and adding to GameScene
11:10:54.912 [JavaFX Application Thread] DEBUG PrimaryStageWindow   - GameScene <- DialogSubScene
11:10:58.322 [JavaFX Application Thread] DEBUG PrimaryStageWindow   - Push state: DialogSubScene
11:10:58.322 [JavaFX Application Thread] DEBUG Input                - Clearing active input actions
11:10:58.324 [JavaFX Application Thread] DEBUG GameApplicationServi - Removing overlay from GameScene and adding to DialogSubScene
11:10:58.324 [JavaFX Application Thread] DEBUG PrimaryStageWindow   - GameScene -> DialogSubScene
11:10:59.754 [JavaFX Application Thread] DEBUG PrimaryStageWindow   - Pop state: DialogSubScene
11:10:59.754 [JavaFX Application Thread] DEBUG Input                - Clearing active input actions
11:10:59.755 [JavaFX Application Thread] DEBUG GameApplicationServi - Removing overlay from DialogSubScene and adding to GameScene
11:10:59.755 [JavaFX Application Thread] DEBUG PrimaryStageWindow   - GameScene <- DialogSubScene
11:11:02.546 [JavaFX Application Thread] DEBUG PrimaryStageWindow   - Push state: DialogSubScene
11:11:02.546 [JavaFX Application Thread] DEBUG Input                - Clearing active input actions
11:11:02.550 [JavaFX Application Thread] DEBUG GameApplicationServi - Removing overlay from GameScene and adding to DialogSubScene
11:11:02.550 [JavaFX Application Thread] DEBUG PrimaryStageWindow   - GameScene -> DialogSubScene
11:11:04.405 [JavaFX Application Thread] DEBUG GameApplicationServi - Starting new game
11:11:04.405 [JavaFX Application Thread] DEBUG PrimaryStageWindow   - Pop state: DialogSubScene
11:11:04.405 [JavaFX Application Thread] DEBUG Input                - Clearing active input actions
11:11:04.405 [JavaFX Application Thread] DEBUG GameApplicationServi - Removing overlay from DialogSubScene and adding to GameScene
11:11:04.406 [JavaFX Application Thread] DEBUG PrimaryStageWindow   - GameScene <- DialogSubScene
11:11:04.406 [JavaFX Application Thread] DEBUG Input                - Clearing active input actions
11:11:04.412 [JavaFX Application Thread] DEBUG GameApplicationServi - Removing overlay from GameScene and adding to FXGLLoadingScene
11:11:04.413 [JavaFX Application Thread] DEBUG PrimaryStageWindow   - GameScene -> FXGLLoadingScene
11:11:04.413 [JavaFX Application Thread] DEBUG GameApplicationServi - Clearing previous game
11:11:04.413 [JavaFX Application Thread] DEBUG GameScene            - Clearing game scene
11:11:04.413 [JavaFX Application Thread] DEBUG GameWorld            - Clearing game world
11:11:04.422 [JavaFX Application Thread] DEBUG PhysicsWorld         - Clearing physics world
11:11:04.422 [FXGL Background Thread 2 ] DEBUG FXGLApplication      - Initializing game
11:11:04.555 [FXGL Background Thread 2 ] INFO  FXGLApplication      - Game initialization took: 0.132 sec
11:11:04.555 [JavaFX Application Thread] DEBUG Input                - Clearing active input actions
11:11:04.561 [JavaFX Application Thread] DEBUG GameApplicationServi - Removing overlay from FXGLLoadingScene and adding to GameScene
11:11:04.561 [JavaFX Application Thread] DEBUG PrimaryStageWindow   - FXGLLoadingScene -> GameScene
11:11:05.682 [JavaFX Application Thread] DEBUG PrimaryStageWindow   - Push state: DialogSubScene
11:11:05.682 [JavaFX Application Thread] DEBUG Input                - Clearing active input actions
11:11:05.685 [JavaFX Application Thread] DEBUG GameApplicationServi - Removing overlay from GameScene and adding to DialogSubScene
11:11:05.685 [JavaFX Application Thread] DEBUG PrimaryStageWindow   - GameScene -> DialogSubScene
11:11:06.791 [JavaFX Application Thread] DEBUG GameApplicationServi - Starting new game
11:11:06.791 [JavaFX Application Thread] DEBUG PrimaryStageWindow   - Pop state: DialogSubScene
11:11:06.791 [JavaFX Application Thread] DEBUG Input                - Clearing active input actions
11:11:06.792 [JavaFX Application Thread] DEBUG GameApplicationServi - Removing overlay from DialogSubScene and adding to GameScene
11:11:06.792 [JavaFX Application Thread] DEBUG PrimaryStageWindow   - GameScene <- DialogSubScene
11:11:06.792 [JavaFX Application Thread] DEBUG Input                - Clearing active input actions
11:11:06.805 [JavaFX Application Thread] DEBUG GameApplicationServi - Removing overlay from GameScene and adding to FXGLLoadingScene
11:11:06.805 [JavaFX Application Thread] DEBUG PrimaryStageWindow   - GameScene -> FXGLLoadingScene
11:11:06.805 [JavaFX Application Thread] DEBUG GameApplicationServi - Clearing previous game
11:11:06.805 [JavaFX Application Thread] DEBUG GameScene            - Clearing game scene
11:11:06.805 [JavaFX Application Thread] DEBUG GameWorld            - Clearing game world
11:11:06.812 [JavaFX Application Thread] DEBUG PhysicsWorld         - Clearing physics world
11:11:06.812 [FXGL Background Thread 2 ] DEBUG FXGLApplication      - Initializing game
11:11:06.936 [FXGL Background Thread 2 ] INFO  FXGLApplication      - Game initialization took: 0.125 sec
11:11:06.937 [JavaFX Application Thread] DEBUG Input                - Clearing active input actions
11:11:06.943 [JavaFX Application Thread] DEBUG GameApplicationServi - Removing overlay from FXGLLoadingScene and adding to GameScene
11:11:06.943 [JavaFX Application Thread] DEBUG PrimaryStageWindow   - FXGLLoadingScene -> GameScene
11:11:13.907 [JavaFX Application Thread] DEBUG PrimaryStageWindow   - Push state: DialogSubScene
11:11:13.907 [JavaFX Application Thread] DEBUG Input                - Clearing active input actions
11:11:13.908 [JavaFX Application Thread] DEBUG GameApplicationServi - Removing overlay from GameScene and adding to DialogSubScene
11:11:13.908 [JavaFX Application Thread] DEBUG PrimaryStageWindow   - GameScene -> DialogSubScene
11:11:15.659 [JavaFX Application Thread] DEBUG PrimaryStageWindow   - Pop state: DialogSubScene
11:11:15.659 [JavaFX Application Thread] DEBUG Input                - Clearing active input actions
11:11:15.659 [JavaFX Application Thread] DEBUG GameApplicationServi - Removing overlay from DialogSubScene and adding to GameScene
11:11:15.659 [JavaFX Application Thread] DEBUG PrimaryStageWindow   - GameScene <- DialogSubScene
11:11:18.017 [JavaFX Application Thread] DEBUG FXGLApplication      - Exiting FXGL
11:11:18.017 [JavaFX Application Thread] DEBUG LoopRunner           - Stopping loop
11:11:18.017 [JavaFX Application Thread] DEBUG SystemBundleService  - Saving FXGL system data
11:11:18.020 [JavaFX Application Thread] DEBUG FileSystemAccess     - Writing to: C:\Users\admin\OneDrive\Máy tính\btl\New folder\baitaplonOOP\system\fxgl.bundle
11:11:18.022 [JavaFX Application Thread] DEBUG Async                - Shutting down background threads
11:11:18.022 [JavaFX Application Thread] DEBUG PrimaryStageWindow   - Closing main window
11:11:18.054 [JavaFX Application Thread] DEBUG Logger               - Closing Logger
