09:55:31.231 [main                     ] DEBUG Logger               - Configured Logger
09:55:31.250 [main                     ] DEBUG GameApplication      - Logging settings
Title: Bomberman Game
Version: 1.0
Width: 480
Height: 480
Fullscreen: false
Intro: false
Profiling: false
Single step:false
App Mode: DEVELOPER
Menu Key: ESCAPE
Stage Style: DECORATED
Scene Factory: class com.almasb.fxgl.app.scene.SceneFactory

09:55:31.958 [JavaFX Application Thread] DEBUG FXGLApplication      - Initializing FXGL
09:55:31.962 [JavaFX Application Thread] INFO  Engine               - FXGL-17.3 (30.03.2023 11.49) on WINDOWS (J:23.0.2 FX:17.0.6)
09:55:31.963 [JavaFX Application Thread] DEBUG Engine               - JRE Vendor Name: Oracle Corporation
09:55:31.963 [JavaFX Application Thread] DEBUG Engine               - Running on OS: Windows 11 version 10.0
09:55:31.963 [JavaFX Application Thread] DEBUG Engine               - Architecture: amd64
09:55:31.963 [JavaFX Application Thread] INFO  Engine               - Source code and latest versions at: https://github.com/AlmasB/FXGL
09:55:31.963 [JavaFX Application Thread] INFO  Engine               -       Ask questions and discuss at: https://github.com/AlmasB/FXGL/discussions
09:55:31.963 [JavaFX Application Thread] INFO  Engine               -              Join the FXGL chat at: https://gitter.im/AlmasB/FXGL
09:55:32.070 [JavaFX Application Thread] DEBUG PrimaryStageWindow   - Creating a JavaFX scene
09:55:32.154 [JavaFX Application Thread] DEBUG PrimaryStageWindow   - Target settings size: 480.0 x 480.0
09:55:32.155 [JavaFX Application Thread] DEBUG PrimaryStageWindow   - Scaled scene size:    480.0 x 480.0
09:55:32.155 [JavaFX Application Thread] DEBUG PrimaryStageWindow   - Scaled ratio: (1.0, 1.0)
09:55:32.156 [JavaFX Application Thread] DEBUG PrimaryStageWindow   - Set initial scene to FXGLStartupScene
09:55:32.162 [JavaFX Application Thread] DEBUG PrimaryStageWindow   - Opening main window
09:55:32.324 [JavaFX Application Thread] DEBUG PrimaryStageWindow   - Window border size: (14.666656494140625, 37.33331298828125)
09:55:32.324 [JavaFX Application Thread] DEBUG PrimaryStageWindow   - Scaled size: 480.0 x 480.0
09:55:32.324 [JavaFX Application Thread] DEBUG PrimaryStageWindow   - Scaled ratio: (1.0, 1.0)
09:55:32.324 [JavaFX Application Thread] DEBUG PrimaryStageWindow   - Scene size: 480.0 x 480.0
09:55:32.325 [JavaFX Application Thread] DEBUG PrimaryStageWindow   - Stage size: 494.6666564941406 x 517.3333129882812
09:55:32.332 [FXGL Background Thread 1 ] DEBUG Engine               - Initializing environment variables
09:55:32.387 [FXGL Background Thread 1 ] DEBUG FXGLAssetLoaderServi - User app class for loading assets: class org.example.demo.BombermanApp
09:55:32.387 [FXGL Background Thread 1 ] DEBUG GameApplicationServi - Applying CSS: fxgl_dark.css
09:55:32.388 [FXGL Background Thread 1 ] DEBUG FXGLAssetLoaderServi - Loading from file system: jar:file:///C:/Users/My%20Laptop/.m2/repository/com/github/almasb/fxgl/17.3/fxgl-17.3.jar!/fxglassets/ui/css/fxgl_dark.css
09:55:32.434 [FXGL Background Thread 1 ] DEBUG GameApplicationServi - Initializing application scenes
09:55:32.489 [FXGL Background Thread 1 ] DEBUG GameWorld            - Game world initialized
09:55:32.550 [FXGL Background Thread 1 ] DEBUG PhysicsWorld         - Physics world initialized: appHeight=480, physics.ppm=50.0
09:55:32.550 [FXGL Background Thread 1 ] DEBUG PhysicsWorld         - Using strategy: BRUTE_FORCE
09:55:32.554 [FXGL Background Thread 1 ] DEBUG GameScene            - Game scene initialized: 480x480
09:55:32.564 [FXGL Background Thread 1 ] WARN  FXGL.DefaultMenu     - FXGLDefaultMenu is not designed for resolutions < 800x600
09:55:32.565 [FXGL Background Thread 1 ] DEBUG FXGL.DefaultMenu     - createMenuBodyGameMenu()
09:55:32.580 [FXGL Background Thread 1 ] DEBUG FXGL.DefaultMenu     - createOptionsMenu()
09:55:32.587 [FXGL Background Thread 1 ] DEBUG FXGLAssetLoaderServi - Loading from file system: jar:file:///C:/Users/My%20Laptop/.m2/repository/com/github/almasb/fxgl/17.3/fxgl-17.3.jar!/fxglassets/textures/particles/smoke.png
09:55:32.679 [FXGL Background Thread 1 ] DEBUG FXGLAssetLoaderServi - Loading from file system: jar:file:///C:/Users/My%20Laptop/.m2/repository/com/github/almasb/fxgl/17.3/fxgl-17.3.jar!/fxglassets/textures/particles/trace_horizontal.png
09:55:32.707 [FXGL Background Thread 1 ] DEBUG GameApplicationServi - Application scenes initialized
09:55:32.719 [FXGL Background Thread 1 ] DEBUG SystemBundleService  - Loading FXGL system data
09:55:32.721 [FXGL Background Thread 1 ] DEBUG FileSystemAccess     - Reading from: C:\Users\My Laptop\OneDrive\Máy tính\baitaplonOOP-long\system\fxgl.bundle
09:55:32.723 [FXGL Background Thread 1 ] DEBUG SystemBundleService  - Bundle FXGL: {}
09:55:32.723 [FXGL Background Thread 1 ] DEBUG UpdaterService       - Checking for updates
09:55:32.726 [FXGL Background Thread 4 ] DEBUG FXGLApplication      - Loading fonts
09:55:32.727 [FXGL Background Thread 4 ] DEBUG FXGLAssetLoaderServi - Loading from file system: jar:file:///C:/Users/My%20Laptop/.m2/repository/com/github/almasb/fxgl/17.3/fxgl-17.3.jar!/fxglassets/ui/fonts/VarelaRound-Regular.ttf
09:55:32.727 [FXGL Background Thread 1 ] DEBUG FXGLApplication      - Loading default localization
09:55:32.727 [FXGL Background Thread 1 ] DEBUG FXGLAssetLoaderServi - Loading from file system: jar:file:///C:/Users/My%20Laptop/.m2/repository/com/github/almasb/fxgl/17.3/fxgl-17.3.jar!/fxglassets/languages/english.lang
09:55:32.744 [FXGL Background Thread 1 ] INFO  FXGLApplication      - FXGL initialization took: 0.412 sec
09:55:32.745 [JavaFX Application Thread] DEBUG Input                - Clearing active input actions
09:55:32.745 [FXGL Background Thread 4 ] DEBUG FXGLAssetLoaderServi - Loading from file system: jar:file:///C:/Users/My%20Laptop/.m2/repository/com/github/almasb/fxgl/17.3/fxgl-17.3.jar!/fxglassets/ui/fonts/Abel-Regular.ttf
09:55:32.758 [FXGL Background Thread 4 ] DEBUG FXGLAssetLoaderServi - Loading from file system: jar:file:///C:/Users/My%20Laptop/.m2/repository/com/github/almasb/fxgl/17.3/fxgl-17.3.jar!/fxglassets/ui/fonts/TerminalLandMono-Regular.otf
09:55:32.759 [JavaFX Application Thread] DEBUG Input                - Registered new binding: Move Up - W
09:55:32.759 [JavaFX Application Thread] DEBUG Input                - Registered new binding: Move Down - S
09:55:32.759 [JavaFX Application Thread] DEBUG Input                - Registered new binding: Move Left - A
09:55:32.759 [JavaFX Application Thread] DEBUG Input                - Registered new binding: Move Right - D
09:55:32.760 [JavaFX Application Thread] DEBUG FXGLAssetLoaderServi - Loading from file system: jar:file:///C:/Users/My%20Laptop/.m2/repository/com/github/almasb/fxgl/17.3/fxgl-17.3.jar!/fxglassets/textures/fxgl_icon.png
09:55:32.786 [JavaFX Application Thread] DEBUG FXGLAssetLoaderServi - Loading from file system: jar:file:///C:/Users/My%20Laptop/.m2/repository/com/github/almasb/fxgl/17.3/fxgl-17.3.jar!/fxglassets/textures/fxgl_default_cursor.png
09:55:32.788 [JavaFX Application Thread] DEBUG Input                - Registered new binding: Screenshot - CTRL+8
09:55:32.788 [JavaFX Application Thread] DEBUG Input                - Registered new binding: System info dump - CTRL+9
09:55:32.789 [JavaFX Application Thread] DEBUG Input                - Registered new binding: Restart - CTRL+R
09:55:32.789 [JavaFX Application Thread] DEBUG Input                - Registered new binding: Toggle Debug Camera - CTRL+7
09:55:32.792 [JavaFX Application Thread] DEBUG LoopRunner           - Starting loop
09:55:32.792 [JavaFX Application Thread] DEBUG LoopRunner           - Initializing JavaFX AnimationTimerLoop
09:55:32.792 [JavaFX Application Thread] DEBUG GameApplicationServi - Starting new game
09:55:32.793 [JavaFX Application Thread] DEBUG Input                - Clearing active input actions
09:55:32.804 [JavaFX Application Thread] DEBUG GameApplicationServi - Removing overlay from FXGLStartupScene and adding to FXGLLoadingScene
09:55:32.804 [JavaFX Application Thread] DEBUG PrimaryStageWindow   - FXGLStartupScene -> FXGLLoadingScene
09:55:32.804 [JavaFX Application Thread] DEBUG GameApplicationServi - Clearing previous game
09:55:32.804 [JavaFX Application Thread] DEBUG GameScene            - Clearing game scene
09:55:32.804 [JavaFX Application Thread] DEBUG GameWorld            - Clearing game world
09:55:32.804 [JavaFX Application Thread] DEBUG PhysicsWorld         - Clearing physics world
09:55:32.806 [FXGL Background Thread 1 ] DEBUG FXGLApplication      - Initializing game
09:55:32.835 [FXGL Background Thread 4 ] DEBUG FXGLAssetLoaderServi - Loading from file system: jar:file:///C:/Users/My%20Laptop/.m2/repository/com/github/almasb/fxgl/17.3/fxgl-17.3.jar!/fxglassets/ui/fonts/Courier-Prime.ttf
09:55:32.850 [JavaFX Application Thread] DEBUG FXGLApplication      - Registering font factories with UI factory
09:55:33.001 [FXGL Background Thread 1 ] INFO  FXGLApplication      - Game initialization took: 0.197 sec
09:55:33.003 [JavaFX Application Thread] DEBUG Input                - Clearing active input actions
09:55:33.018 [JavaFX Application Thread] DEBUG GameApplicationServi - Removing overlay from FXGLLoadingScene and adding to GameScene
09:55:33.018 [JavaFX Application Thread] DEBUG PrimaryStageWindow   - FXGLLoadingScene -> GameScene
09:55:33.545 [FXGL Background Thread 2 ] INFO  UpdaterService       - Your current version:  17.3
09:55:33.545 [FXGL Background Thread 2 ] INFO  UpdaterService       - Latest stable version: 21.1
09:55:34.367 [JavaFX Application Thread] DEBUG FXGLApplication      - Exiting FXGL
09:55:34.368 [JavaFX Application Thread] DEBUG LoopRunner           - Stopping loop
09:55:34.368 [JavaFX Application Thread] DEBUG SystemBundleService  - Saving FXGL system data
09:55:34.370 [JavaFX Application Thread] DEBUG FileSystemAccess     - Writing to: C:\Users\My Laptop\OneDrive\Máy tính\baitaplonOOP-long\system\fxgl.bundle
09:55:34.372 [JavaFX Application Thread] DEBUG Async                - Shutting down background threads
09:55:34.372 [JavaFX Application Thread] DEBUG PrimaryStageWindow   - Closing main window
09:55:34.387 [JavaFX Application Thread] DEBUG Logger               - Closing Logger
