10:18:53.326 [main                     ] DEBUG Logger               - Configured Logger
10:18:53.355 [main                     ] DEBUG GameApplication      - Logging settings
Title: Bomberman Game
Version: 1.0
Width: 480
Height: 480
Fullscreen: false
Intro: false
Profiling: false
Single step:false
App Mode: DEVELOPER
Menu Key: ESCAPE
Stage Style: DECORATED
Scene Factory: class com.almasb.fxgl.app.scene.SceneFactory

10:18:53.861 [JavaFX Application Thread] DEBUG FXGLApplication      - Initializing FXGL
10:18:53.866 [JavaFX Application Thread] INFO  Engine               - FXGL-17.3 (30.03.2023 11.49) on WINDOWS (J:23.0.2 FX:17.0.6)
10:18:53.867 [JavaFX Application Thread] DEBUG Engine               - JRE Vendor Name: Oracle Corporation
10:18:53.867 [JavaFX Application Thread] DEBUG Engine               - Running on OS: Windows 11 version 10.0
10:18:53.867 [JavaFX Application Thread] DEBUG Engine               - Architecture: amd64
10:18:53.867 [JavaFX Application Thread] INFO  Engine               - Source code and latest versions at: https://github.com/AlmasB/FXGL
10:18:53.867 [JavaFX Application Thread] INFO  Engine               -       Ask questions and discuss at: https://github.com/AlmasB/FXGL/discussions
10:18:53.867 [JavaFX Application Thread] INFO  Engine               -              Join the FXGL chat at: https://gitter.im/AlmasB/FXGL
10:18:53.975 [JavaFX Application Thread] DEBUG PrimaryStageWindow   - Creating a JavaFX scene
10:18:54.026 [JavaFX Application Thread] DEBUG PrimaryStageWindow   - Target settings size: 480.0 x 480.0
10:18:54.026 [JavaFX Application Thread] DEBUG PrimaryStageWindow   - Scaled scene size:    480.0 x 480.0
10:18:54.027 [JavaFX Application Thread] DEBUG PrimaryStageWindow   - Scaled ratio: (1.0, 1.0)
10:18:54.028 [JavaFX Application Thread] DEBUG PrimaryStageWindow   - Set initial scene to FXGLStartupScene
10:18:54.036 [JavaFX Application Thread] DEBUG PrimaryStageWindow   - Opening main window
10:18:54.152 [JavaFX Application Thread] DEBUG PrimaryStageWindow   - Window border size: (14.399993896484375, 37.5999755859375)
10:18:54.152 [JavaFX Application Thread] DEBUG PrimaryStageWindow   - Scaled size: 480.0 x 480.0
10:18:54.152 [JavaFX Application Thread] DEBUG PrimaryStageWindow   - Scaled ratio: (1.0, 1.0)
10:18:54.152 [JavaFX Application Thread] DEBUG PrimaryStageWindow   - Scene size: 480.0 x 480.0
10:18:54.154 [JavaFX Application Thread] DEBUG PrimaryStageWindow   - Stage size: 494.3999938964844 x 517.5999755859375
10:18:54.163 [FXGL Background Thread 1 ] DEBUG Engine               - Initializing environment variables
10:18:54.264 [FXGL Background Thread 1 ] DEBUG FXGLAssetLoaderServi - User app class for loading assets: class org.example.demo.BombermanApp
10:18:54.265 [FXGL Background Thread 1 ] DEBUG GameApplicationServi - Applying CSS: fxgl_dark.css
10:18:54.265 [FXGL Background Thread 1 ] DEBUG FXGLAssetLoaderServi - Loading from file system: jar:file:///C:/Users/PC/.m2/repository/com/github/almasb/fxgl/17.3/fxgl-17.3.jar!/fxglassets/ui/css/fxgl_dark.css
10:18:54.324 [FXGL Background Thread 1 ] DEBUG GameApplicationServi - Initializing application scenes
10:18:54.373 [FXGL Background Thread 1 ] DEBUG GameWorld            - Game world initialized
10:18:54.467 [FXGL Background Thread 1 ] DEBUG PhysicsWorld         - Physics world initialized: appHeight=480, physics.ppm=50.0
10:18:54.467 [FXGL Background Thread 1 ] DEBUG PhysicsWorld         - Using strategy: BRUTE_FORCE
10:18:54.474 [FXGL Background Thread 1 ] DEBUG GameScene            - Game scene initialized: 480x480
10:18:54.491 [FXGL Background Thread 1 ] WARN  FXGL.DefaultMenu     - FXGLDefaultMenu is not designed for resolutions < 800x600
10:18:54.491 [FXGL Background Thread 1 ] DEBUG FXGL.DefaultMenu     - createMenuBodyMainMenu()
10:18:54.507 [FXGL Background Thread 1 ] DEBUG FXGL.DefaultMenu     - createOptionsMenu()
10:18:54.521 [FXGL Background Thread 1 ] DEBUG FXGLAssetLoaderServi - Loading from file system: jar:file:///C:/Users/PC/.m2/repository/com/github/almasb/fxgl/17.3/fxgl-17.3.jar!/fxglassets/textures/particles/smoke.png
10:18:54.645 [FXGL Background Thread 1 ] DEBUG FXGLAssetLoaderServi - Loading from file system: jar:file:///C:/Users/PC/.m2/repository/com/github/almasb/fxgl/17.3/fxgl-17.3.jar!/fxglassets/textures/particles/trace_horizontal.png
10:18:54.682 [FXGL Background Thread 1 ] WARN  FXGL.DefaultMenu     - FXGLDefaultMenu is not designed for resolutions < 800x600
10:18:54.682 [FXGL Background Thread 1 ] DEBUG FXGL.DefaultMenu     - createMenuBodyGameMenu()
10:18:54.684 [FXGL Background Thread 1 ] DEBUG FXGL.DefaultMenu     - createOptionsMenu()
10:18:54.704 [FXGL Background Thread 1 ] DEBUG GameApplicationServi - Application scenes initialized
10:18:54.717 [FXGL Background Thread 1 ] DEBUG SystemBundleService  - Loading FXGL system data
10:18:54.723 [FXGL Background Thread 1 ] DEBUG FileSystemAccess     - Reading from: D:\nguyenquangtruong\system\fxgl.bundle
10:18:54.732 [FXGL Background Thread 1 ] DEBUG SystemBundleService  - Bundle FXGL: {}
10:18:54.732 [FXGL Background Thread 1 ] DEBUG UpdaterService       - Checking for updates
10:18:54.737 [FXGL Background Thread 4 ] DEBUG FXGLApplication      - Loading fonts
10:18:54.739 [FXGL Background Thread 1 ] DEBUG FXGLApplication      - Loading default localization
10:18:54.739 [FXGL Background Thread 4 ] DEBUG FXGLAssetLoaderServi - Loading from file system: jar:file:///C:/Users/PC/.m2/repository/com/github/almasb/fxgl/17.3/fxgl-17.3.jar!/fxglassets/ui/fonts/VarelaRound-Regular.ttf
10:18:54.740 [FXGL Background Thread 1 ] DEBUG FXGLAssetLoaderServi - Loading from file system: jar:file:///C:/Users/PC/.m2/repository/com/github/almasb/fxgl/17.3/fxgl-17.3.jar!/fxglassets/languages/english.lang
10:18:54.777 [FXGL Background Thread 1 ] INFO  FXGLApplication      - FXGL initialization took: 0.613 sec
10:18:54.778 [JavaFX Application Thread] DEBUG Input                - Clearing active input actions
10:18:54.778 [JavaFX Application Thread] DEBUG FXGLAssetLoaderServi - Loading from file system: jar:file:///C:/Users/PC/.m2/repository/com/github/almasb/fxgl/17.3/fxgl-17.3.jar!/fxglassets/textures/fxgl_icon.png
10:18:54.793 [FXGL Background Thread 4 ] DEBUG FXGLAssetLoaderServi - Loading from file system: jar:file:///C:/Users/PC/.m2/repository/com/github/almasb/fxgl/17.3/fxgl-17.3.jar!/fxglassets/ui/fonts/Abel-Regular.ttf
10:18:54.798 [FXGL Background Thread 4 ] DEBUG FXGLAssetLoaderServi - Loading from file system: jar:file:///C:/Users/PC/.m2/repository/com/github/almasb/fxgl/17.3/fxgl-17.3.jar!/fxglassets/ui/fonts/TerminalLandMono-Regular.otf
10:18:54.803 [FXGL Background Thread 4 ] DEBUG FXGLAssetLoaderServi - Loading from file system: jar:file:///C:/Users/PC/.m2/repository/com/github/almasb/fxgl/17.3/fxgl-17.3.jar!/fxglassets/ui/fonts/Courier-Prime.ttf
10:18:54.806 [JavaFX Application Thread] DEBUG FXGLAssetLoaderServi - Loading from file system: jar:file:///C:/Users/PC/.m2/repository/com/github/almasb/fxgl/17.3/fxgl-17.3.jar!/fxglassets/textures/fxgl_default_cursor.png
10:18:54.822 [JavaFX Application Thread] DEBUG Input                - Registered new binding: Screenshot - CTRL+8
10:18:54.822 [JavaFX Application Thread] DEBUG Input                - Registered new binding: System info dump - CTRL+9
10:18:54.823 [JavaFX Application Thread] DEBUG Input                - Registered new binding: Restart - CTRL+R
10:18:54.824 [JavaFX Application Thread] DEBUG Input                - Registered new binding: Toggle Debug Camera - CTRL+7
10:18:54.830 [JavaFX Application Thread] DEBUG LoopRunner           - Starting loop
10:18:54.830 [JavaFX Application Thread] DEBUG LoopRunner           - Initializing JavaFX AnimationTimerLoop
10:18:54.834 [JavaFX Application Thread] DEBUG Input                - Clearing active input actions
10:18:54.845 [JavaFX Application Thread] DEBUG GameApplicationServi - Removing overlay from FXGLStartupScene and adding to FXGLMainMenuDummyScene
10:18:54.846 [JavaFX Application Thread] DEBUG PrimaryStageWindow   - FXGLStartupScene -> FXGLMainMenuDummyScene
10:18:54.846 [JavaFX Application Thread] DEBUG PrimaryStageWindow   - Push state: FXGLDefaultMenu
10:18:54.856 [JavaFX Application Thread] DEBUG Input                - Clearing active input actions
10:18:54.868 [JavaFX Application Thread] DEBUG GameApplicationServi - Removing overlay from FXGLMainMenuDummyScene and adding to FXGLDefaultMenu
10:18:54.869 [JavaFX Application Thread] DEBUG PrimaryStageWindow   - FXGLMainMenuDummyScene -> FXGLDefaultMenu
10:18:54.869 [JavaFX Application Thread] DEBUG FXGLApplication      - Registering font factories with UI factory
10:18:56.150 [FXGL Background Thread 2 ] INFO  UpdaterService       - Your current version:  17.3
10:18:56.150 [FXGL Background Thread 2 ] INFO  UpdaterService       - Latest stable version: 21.1
10:18:56.308 [JavaFX Application Thread] DEBUG Menu                 - fireNewGame()
10:18:56.308 [JavaFX Application Thread] DEBUG GameApplicationServi - Starting new game
10:18:56.310 [JavaFX Application Thread] DEBUG PrimaryStageWindow   - Pop state: FXGLDefaultMenu
10:18:56.310 [JavaFX Application Thread] DEBUG Input                - Clearing active input actions
10:18:56.311 [JavaFX Application Thread] DEBUG GameApplicationServi - Removing overlay from FXGLDefaultMenu and adding to FXGLMainMenuDummyScene
10:18:56.311 [JavaFX Application Thread] DEBUG PrimaryStageWindow   - FXGLMainMenuDummyScene <- FXGLDefaultMenu
10:18:56.312 [JavaFX Application Thread] DEBUG Input                - Clearing active input actions
10:18:56.320 [JavaFX Application Thread] DEBUG GameApplicationServi - Removing overlay from FXGLMainMenuDummyScene and adding to FXGLLoadingScene
10:18:56.320 [JavaFX Application Thread] DEBUG PrimaryStageWindow   - FXGLMainMenuDummyScene -> FXGLLoadingScene
10:18:56.320 [JavaFX Application Thread] DEBUG GameApplicationServi - Clearing previous game
10:18:56.320 [JavaFX Application Thread] DEBUG GameScene            - Clearing game scene
10:18:56.320 [JavaFX Application Thread] DEBUG GameWorld            - Clearing game world
10:18:56.320 [JavaFX Application Thread] DEBUG PhysicsWorld         - Clearing physics world
10:18:56.323 [FXGL Background Thread 2 ] DEBUG FXGLApplication      - Initializing game
10:18:56.325 [FXGL Background Thread 2 ] INFO  FXGLApplication      - Game initialization took: 0.002 sec
10:18:56.345 [JavaFX Application Thread] DEBUG Input                - Clearing active input actions
10:18:56.360 [JavaFX Application Thread] DEBUG GameApplicationServi - Removing overlay from FXGLLoadingScene and adding to GameScene
10:18:56.360 [JavaFX Application Thread] DEBUG PrimaryStageWindow   - FXGLLoadingScene -> GameScene
10:18:57.737 [FXGL Background Thread 3 ] DEBUG Engine               - Logging environment variables
10:18:57.737 [FXGL Background Thread 3 ] DEBUG Engine               - achievements: []
10:18:57.737 [FXGL Background Thread 3 ] DEBUG Engine               - actualHeight: 480.0
10:18:57.738 [FXGL Background Thread 3 ] DEBUG Engine               - actualHeightProperty: ReadOnlyDoubleProperty [value: 480.0]
10:18:57.738 [FXGL Background Thread 3 ] DEBUG Engine               - actualWidth: 480.0
10:18:57.738 [FXGL Background Thread 3 ] DEBUG Engine               - actualWidthProperty: ReadOnlyDoubleProperty [value: 480.0]
10:18:57.738 [FXGL Background Thread 3 ] DEBUG Engine               - appIcon: fxgl_icon.png
10:18:57.738 [FXGL Background Thread 3 ] DEBUG Engine               - applicationMode: DEVELOPER
10:18:57.738 [FXGL Background Thread 3 ] DEBUG Engine               - cSSList: [fxgl_dark.css]
10:18:57.738 [FXGL Background Thread 3 ] DEBUG Engine               - collisionDetectionStrategy: BRUTE_FORCE
10:18:57.738 [FXGL Background Thread 3 ] DEBUG Engine               - configClass: Optional.empty
10:18:57.738 [FXGL Background Thread 3 ] DEBUG Engine               - credits: []
10:18:57.738 [FXGL Background Thread 3 ] DEBUG Engine               - defaultCursor: CursorInfo(imageName=fxgl_default_cursor.png, hotspotX=7.0, hotspotY=6.0)
10:18:57.738 [FXGL Background Thread 3 ] DEBUG Engine               - devBBoxColorProperty: ObjectProperty [value: 0xff0000ff]
10:18:57.738 [FXGL Background Thread 3 ] DEBUG Engine               - devEnableDebugCameraProperty: BooleanProperty [value: false]
10:18:57.739 [FXGL Background Thread 3 ] DEBUG Engine               - devSensorColorProperty: ObjectProperty [value: 0xffff00ff]
10:18:57.739 [FXGL Background Thread 3 ] DEBUG Engine               - devShowBBoxProperty: BooleanProperty [value: false]
10:18:57.739 [FXGL Background Thread 3 ] DEBUG Engine               - devShowPositionProperty: BooleanProperty [value: false]
10:18:57.739 [FXGL Background Thread 3 ] DEBUG Engine               - enabledMenuItems: []
10:18:57.739 [FXGL Background Thread 3 ] DEBUG Engine               - engineServices: [class com.almasb.fxgl.app.services.FXGLAssetLoaderService, class com.almasb.fxgl.app.FXGLApplication$GameApplicationService, class com.almasb.fxgl.app.services.FXGLDialogService, class com.almasb.fxgl.app.services.IOTaskExecutorService, class com.almasb.fxgl.io.FileSystemService, class com.almasb.fxgl.localization.LocalizationService, class com.almasb.fxgl.app.services.SystemBundleService, class com.almasb.fxgl.profile.SaveLoadService, class com.almasb.fxgl.ui.FXGLUIFactoryServiceProvider, class com.almasb.fxgl.ui.FXGLDialogFactoryServiceProvider, class com.almasb.fxgl.audio.AudioPlayer, class com.almasb.fxgl.notification.impl.NotificationServiceProvider, class com.almasb.fxgl.achievement.AchievementService, class com.almasb.fxgl.cutscene.CutsceneService, class com.almasb.fxgl.minigames.MiniGameService, class com.almasb.fxgl.net.NetService, class com.almasb.fxgl.app.services.UpdaterService, class com.almasb.fxgl.dev.DevService]
10:18:57.739 [FXGL Background Thread 3 ] DEBUG Engine               - fontGame: Abel-Regular.ttf
10:18:57.739 [FXGL Background Thread 3 ] DEBUG Engine               - fontMono: TerminalLandMono-Regular.otf
10:18:57.740 [FXGL Background Thread 3 ] DEBUG Engine               - fontSizeScaleUI: 1.0
10:18:57.740 [FXGL Background Thread 3 ] DEBUG Engine               - fontText: Courier-Prime.ttf
10:18:57.740 [FXGL Background Thread 3 ] DEBUG Engine               - fontUI: VarelaRound-Regular.ttf
10:18:57.740 [FXGL Background Thread 3 ] DEBUG Engine               - fullScreen: BooleanProperty [value: false]
10:18:57.740 [FXGL Background Thread 3 ] DEBUG Engine               - gameDifficulty: MEDIUM
10:18:57.740 [FXGL Background Thread 3 ] DEBUG Engine               - gameDifficultyProperty: ObjectProperty [value: MEDIUM]
10:18:57.741 [FXGL Background Thread 3 ] DEBUG Engine               - globalMusicVolume: 0.5
10:18:57.741 [FXGL Background Thread 3 ] DEBUG Engine               - globalMusicVolumeProperty: DoubleProperty [value: 0.5]
10:18:57.741 [FXGL Background Thread 3 ] DEBUG Engine               - globalSoundVolume: 0.5
10:18:57.741 [FXGL Background Thread 3 ] DEBUG Engine               - globalSoundVolumeProperty: DoubleProperty [value: 0.5]
10:18:57.741 [FXGL Background Thread 3 ] DEBUG Engine               - height: 480
10:18:57.741 [FXGL Background Thread 3 ] DEBUG Engine               - is3D: false
10:18:57.741 [FXGL Background Thread 3 ] DEBUG Engine               - isAndroid: false
10:18:57.741 [FXGL Background Thread 3 ] DEBUG Engine               - isBrowser: false
10:18:57.741 [FXGL Background Thread 3 ] DEBUG Engine               - isClickFeedbackEnabled: false
10:18:57.741 [FXGL Background Thread 3 ] DEBUG Engine               - isCloseConfirmation: false
10:18:57.741 [FXGL Background Thread 3 ] DEBUG Engine               - isDesktop: true
10:18:57.741 [FXGL Background Thread 3 ] DEBUG Engine               - isDeveloperMenuEnabled: false
10:18:57.741 [FXGL Background Thread 3 ] DEBUG Engine               - isEmbedded: false
10:18:57.742 [FXGL Background Thread 3 ] DEBUG Engine               - isEntityPreloadEnabled: true
10:18:57.742 [FXGL Background Thread 3 ] DEBUG Engine               - isExperimentalTiledLargeMap: false
10:18:57.742 [FXGL Background Thread 3 ] DEBUG Engine               - isFileSystemWriteAllowed: true
10:18:57.742 [FXGL Background Thread 3 ] DEBUG Engine               - isFullScreenAllowed: false
10:18:57.742 [FXGL Background Thread 3 ] DEBUG Engine               - isFullScreenFromStart: false
10:18:57.742 [FXGL Background Thread 3 ] DEBUG Engine               - isGameMenuEnabled: true
10:18:57.742 [FXGL Background Thread 3 ] DEBUG Engine               - isIOS: false
10:18:57.742 [FXGL Background Thread 3 ] DEBUG Engine               - isIntroEnabled: false
10:18:57.742 [FXGL Background Thread 3 ] DEBUG Engine               - isLinux: false
10:18:57.742 [FXGL Background Thread 3 ] DEBUG Engine               - isMac: false
10:18:57.742 [FXGL Background Thread 3 ] DEBUG Engine               - isMainMenuEnabled: true
10:18:57.742 [FXGL Background Thread 3 ] DEBUG Engine               - isManualResizeEnabled: false
10:18:57.742 [FXGL Background Thread 3 ] DEBUG Engine               - isMobile: false
10:18:57.742 [FXGL Background Thread 3 ] DEBUG Engine               - isNative: false
10:18:57.742 [FXGL Background Thread 3 ] DEBUG Engine               - isPauseMusicWhenMinimized: true
10:18:57.742 [FXGL Background Thread 3 ] DEBUG Engine               - isPreserveResizeRatio: false
10:18:57.742 [FXGL Background Thread 3 ] DEBUG Engine               - isProfilingEnabled: false
10:18:57.742 [FXGL Background Thread 3 ] DEBUG Engine               - isScaleAffectedOnResize: true
10:18:57.742 [FXGL Background Thread 3 ] DEBUG Engine               - isSingleStep: false
10:18:57.742 [FXGL Background Thread 3 ] DEBUG Engine               - isUserProfileEnabled: false
10:18:57.742 [FXGL Background Thread 3 ] DEBUG Engine               - isWindows: true
10:18:57.742 [FXGL Background Thread 3 ] DEBUG Engine               - language: ObjectProperty [value: ENGLISH]
10:18:57.742 [FXGL Background Thread 3 ] DEBUG Engine               - menuKey: ESCAPE
10:18:57.742 [FXGL Background Thread 3 ] DEBUG Engine               - mouseSensitivity: 0.2
10:18:57.742 [FXGL Background Thread 3 ] DEBUG Engine               - notificationViewClass: class com.almasb.fxgl.notification.view.XboxNotificationView
10:18:57.742 [FXGL Background Thread 3 ] DEBUG Engine               - pixelsPerMeter: 50.0
10:18:57.742 [FXGL Background Thread 3 ] DEBUG Engine               - platform: WINDOWS
10:18:57.742 [FXGL Background Thread 3 ] DEBUG Engine               - prefHeightProperty: ReadOnlyDoubleProperty [value: 480.0]
10:18:57.742 [FXGL Background Thread 3 ] DEBUG Engine               - prefWidthProperty: ReadOnlyDoubleProperty [value: 480.0]
10:18:57.742 [FXGL Background Thread 3 ] DEBUG Engine               - profileDir: profiles/
10:18:57.743 [FXGL Background Thread 3 ] DEBUG Engine               - profileName: StringProperty [value: DEFAULT]
10:18:57.743 [FXGL Background Thread 3 ] DEBUG Engine               - randomSeed: -1
10:18:57.743 [FXGL Background Thread 3 ] DEBUG Engine               - runtimeInfo: RuntimeInfo(platform=WINDOWS, version=17.3, build=30.03.2023 11.49)
10:18:57.743 [FXGL Background Thread 3 ] DEBUG Engine               - saveFileExt: sav
10:18:57.743 [FXGL Background Thread 3 ] DEBUG Engine               - scaledHeightProp$fxgl: DoubleProperty [bound, value: 480.0]
10:18:57.743 [FXGL Background Thread 3 ] DEBUG Engine               - scaledWidthProp$fxgl: DoubleProperty [bound, value: 480.0]
10:18:57.743 [FXGL Background Thread 3 ] DEBUG Engine               - sceneFactory: com.almasb.fxgl.app.scene.SceneFactory@2294ba42
10:18:57.743 [FXGL Background Thread 3 ] DEBUG Engine               - secondsIn24h: 60
10:18:57.743 [FXGL Background Thread 3 ] DEBUG Engine               - soundMenuBack: menu/back.wav
10:18:57.743 [FXGL Background Thread 3 ] DEBUG Engine               - soundMenuPress: menu/press.wav
10:18:57.743 [FXGL Background Thread 3 ] DEBUG Engine               - soundMenuSelect: menu/select.wav
10:18:57.743 [FXGL Background Thread 3 ] DEBUG Engine               - soundNotification: core/notification.wav
10:18:57.743 [FXGL Background Thread 3 ] DEBUG Engine               - stageStyle: DECORATED
10:18:57.743 [FXGL Background Thread 3 ] DEBUG Engine               - supportedLanguages: [ENGLISH, FRENCH, GERMAN, HUNGARIAN, RUSSIAN]
10:18:57.743 [FXGL Background Thread 3 ] DEBUG Engine               - ticksPerSecond: -1
10:18:57.743 [FXGL Background Thread 3 ] DEBUG Engine               - title: Bomberman Game
10:18:57.743 [FXGL Background Thread 3 ] DEBUG Engine               - urlGithub: https://github.com/AlmasB/FXGL
10:18:57.743 [FXGL Background Thread 3 ] DEBUG Engine               - urlLeaderboard: http://fxgl-top.herokuapp.com/
10:18:57.743 [FXGL Background Thread 3 ] DEBUG Engine               - urlPOM: https://raw.githubusercontent.com/AlmasB/FXGL/release/README.md
10:18:57.745 [FXGL Background Thread 3 ] DEBUG Engine               - userAppClass: class org.example.demo.BombermanApp
10:18:57.745 [FXGL Background Thread 3 ] DEBUG Engine               - version: 1.0
10:18:57.745 [FXGL Background Thread 3 ] DEBUG Engine               - versionCheckDays: 7
10:18:57.745 [FXGL Background Thread 3 ] DEBUG Engine               - width: 480
10:18:57.745 [FXGL Background Thread 3 ] DEBUG Engine               - Logging services
10:18:57.745 [FXGL Background Thread 3 ] DEBUG Engine               - class com.almasb.fxgl.app.services.FXGLAssetLoaderService
10:18:57.745 [FXGL Background Thread 3 ] DEBUG Engine               - class com.almasb.fxgl.app.FXGLApplication$GameApplicationService
10:18:57.745 [FXGL Background Thread 3 ] DEBUG Engine               - class com.almasb.fxgl.app.services.FXGLDialogService
10:18:57.745 [FXGL Background Thread 3 ] DEBUG Engine               - class com.almasb.fxgl.app.services.IOTaskExecutorService
10:18:57.745 [FXGL Background Thread 3 ] DEBUG Engine               - class com.almasb.fxgl.io.FileSystemService
10:18:57.745 [FXGL Background Thread 3 ] DEBUG Engine               - class com.almasb.fxgl.localization.LocalizationService
10:18:57.745 [FXGL Background Thread 3 ] DEBUG Engine               - class com.almasb.fxgl.app.services.SystemBundleService
10:18:57.745 [FXGL Background Thread 3 ] DEBUG Engine               - class com.almasb.fxgl.profile.SaveLoadService
10:18:57.745 [FXGL Background Thread 3 ] DEBUG Engine               - class com.almasb.fxgl.ui.FXGLUIFactoryServiceProvider
10:18:57.745 [FXGL Background Thread 3 ] DEBUG Engine               - class com.almasb.fxgl.ui.FXGLDialogFactoryServiceProvider
10:18:57.745 [FXGL Background Thread 3 ] DEBUG Engine               - class com.almasb.fxgl.audio.AudioPlayer
10:18:57.745 [FXGL Background Thread 3 ] DEBUG Engine               - class com.almasb.fxgl.notification.impl.NotificationServiceProvider
10:18:57.745 [FXGL Background Thread 3 ] DEBUG Engine               - class com.almasb.fxgl.achievement.AchievementService
10:18:57.745 [FXGL Background Thread 3 ] DEBUG Engine               - class com.almasb.fxgl.cutscene.CutsceneService
10:18:57.745 [FXGL Background Thread 3 ] DEBUG Engine               - class com.almasb.fxgl.minigames.MiniGameService
10:18:57.745 [FXGL Background Thread 3 ] DEBUG Engine               - class com.almasb.fxgl.net.NetService
10:18:57.745 [FXGL Background Thread 3 ] DEBUG Engine               - class com.almasb.fxgl.app.services.UpdaterService
10:18:57.745 [FXGL Background Thread 3 ] DEBUG Engine               - class com.almasb.fxgl.dev.DevService
10:18:58.412 [JavaFX Application Thread] DEBUG FXGLApplication      - Exiting FXGL
10:18:58.412 [JavaFX Application Thread] DEBUG LoopRunner           - Stopping loop
10:18:58.412 [JavaFX Application Thread] DEBUG SystemBundleService  - Saving FXGL system data
10:18:58.415 [JavaFX Application Thread] DEBUG FileSystemAccess     - Writing to: D:\nguyenquangtruong\system\fxgl.bundle
10:18:58.416 [JavaFX Application Thread] DEBUG Async                - Shutting down background threads
10:18:58.416 [JavaFX Application Thread] DEBUG PrimaryStageWindow   - Closing main window
10:18:58.438 [JavaFX Application Thread] DEBUG Logger               - Closing Logger
