11:15:50.833 [main                     ] DEBUG Logger               - Configured Logger
11:15:50.878 [main                     ] DEBUG GameApplication      - Logging settings
Title: Bomberman Game
Version: 1.0
Width: 480
Height: 480
Fullscreen: false
Intro: false
Profiling: false
Single step:false
App Mode: DEVELOPER
Menu Key: ESCAPE
Stage Style: DECORATED
Scene Factory: class com.almasb.fxgl.app.scene.SceneFactory

11:15:51.392 [JavaFX Application Thread] DEBUG FXGLApplication      - Initializing FXGL
11:15:51.398 [JavaFX Application Thread] INFO  Engine               - FXGL-17.3 (30.03.2023 11.49) on WINDOWS (J:23.0.2 FX:17.0.6)
11:15:51.398 [JavaFX Application Thread] DEBUG Engine               - JRE Vendor Name: Oracle Corporation
11:15:51.398 [JavaFX Application Thread] DEBUG Engine               - Running on OS: Windows 11 version 10.0
11:15:51.398 [JavaFX Application Thread] DEBUG Engine               - Architecture: amd64
11:15:51.399 [JavaFX Application Thread] INFO  Engine               - Source code and latest versions at: https://github.com/AlmasB/FXGL
11:15:51.399 [JavaFX Application Thread] INFO  Engine               -       Ask questions and discuss at: https://github.com/AlmasB/FXGL/discussions
11:15:51.399 [JavaFX Application Thread] INFO  Engine               -              Join the FXGL chat at: https://gitter.im/AlmasB/FXGL
11:15:51.528 [JavaFX Application Thread] DEBUG PrimaryStageWindow   - Creating a JavaFX scene
11:15:51.595 [JavaFX Application Thread] DEBUG PrimaryStageWindow   - Target settings size: 480.0 x 480.0
11:15:51.596 [JavaFX Application Thread] DEBUG PrimaryStageWindow   - Scaled scene size:    480.0 x 480.0
11:15:51.596 [JavaFX Application Thread] DEBUG PrimaryStageWindow   - Scaled ratio: (1.0, 1.0)
11:15:51.597 [JavaFX Application Thread] DEBUG PrimaryStageWindow   - Set initial scene to FXGLStartupScene
11:15:51.607 [JavaFX Application Thread] DEBUG PrimaryStageWindow   - Opening main window
11:15:51.710 [JavaFX Application Thread] DEBUG PrimaryStageWindow   - Window border size: (14.666656494140625, 37.33331298828125)
11:15:51.710 [JavaFX Application Thread] DEBUG PrimaryStageWindow   - Scaled size: 480.0 x 480.0
11:15:51.711 [JavaFX Application Thread] DEBUG PrimaryStageWindow   - Scaled ratio: (1.0, 1.0)
11:15:51.711 [JavaFX Application Thread] DEBUG PrimaryStageWindow   - Scene size: 480.0 x 480.0
11:15:51.711 [JavaFX Application Thread] DEBUG PrimaryStageWindow   - Stage size: 494.6666564941406 x 517.3333129882812
11:15:51.723 [FXGL Background Thread 1 ] DEBUG Engine               - Initializing environment variables
11:15:51.815 [FXGL Background Thread 1 ] DEBUG FXGLAssetLoaderServi - User app class for loading assets: class org.example.demo.HelloApplication
11:15:51.815 [FXGL Background Thread 1 ] DEBUG GameApplicationServi - Applying CSS: fxgl_dark.css
11:15:51.816 [FXGL Background Thread 1 ] DEBUG FXGLAssetLoaderServi - Loading from file system: jar:file:///C:/Users/admin/.m2/repository/com/github/almasb/fxgl/17.3/fxgl-17.3.jar!/fxglassets/ui/css/fxgl_dark.css
11:15:51.867 [FXGL Background Thread 1 ] DEBUG GameApplicationServi - Initializing application scenes
11:15:51.926 [FXGL Background Thread 1 ] DEBUG GameWorld            - Game world initialized
11:15:52.005 [FXGL Background Thread 1 ] DEBUG PhysicsWorld         - Physics world initialized: appHeight=480, physics.ppm=50.0
11:15:52.007 [FXGL Background Thread 1 ] DEBUG PhysicsWorld         - Using strategy: BRUTE_FORCE
11:15:52.011 [FXGL Background Thread 1 ] DEBUG GameScene            - Game scene initialized: 480x480
11:15:52.023 [FXGL Background Thread 1 ] WARN  FXGL.DefaultMenu     - FXGLDefaultMenu is not designed for resolutions < 800x600
11:15:52.023 [FXGL Background Thread 1 ] DEBUG FXGL.DefaultMenu     - createMenuBodyGameMenu()
11:15:52.037 [FXGL Background Thread 1 ] DEBUG FXGL.DefaultMenu     - createOptionsMenu()
11:15:52.047 [FXGL Background Thread 1 ] DEBUG FXGLAssetLoaderServi - Loading from file system: jar:file:///C:/Users/admin/.m2/repository/com/github/almasb/fxgl/17.3/fxgl-17.3.jar!/fxglassets/textures/particles/smoke.png
11:15:52.156 [FXGL Background Thread 1 ] DEBUG FXGLAssetLoaderServi - Loading from file system: jar:file:///C:/Users/admin/.m2/repository/com/github/almasb/fxgl/17.3/fxgl-17.3.jar!/fxglassets/textures/particles/trace_horizontal.png
11:15:52.191 [FXGL Background Thread 1 ] DEBUG GameApplicationServi - Application scenes initialized
11:15:52.206 [FXGL Background Thread 1 ] DEBUG SystemBundleService  - Loading FXGL system data
11:15:52.212 [FXGL Background Thread 1 ] DEBUG FileSystemAccess     - Reading from: C:\Users\admin\OneDrive\Máy tính\btl\New folder\baitaplonOOP\system\fxgl.bundle
11:15:52.221 [FXGL Background Thread 1 ] DEBUG SystemBundleService  - Bundle FXGL: {}
11:15:52.221 [FXGL Background Thread 1 ] DEBUG UpdaterService       - Checking for updates
11:15:52.227 [FXGL Background Thread 4 ] DEBUG FXGLApplication      - Loading fonts
11:15:52.228 [FXGL Background Thread 4 ] DEBUG FXGLAssetLoaderServi - Loading from file system: jar:file:///C:/Users/admin/.m2/repository/com/github/almasb/fxgl/17.3/fxgl-17.3.jar!/fxglassets/ui/fonts/VarelaRound-Regular.ttf
11:15:52.229 [FXGL Background Thread 1 ] DEBUG FXGLApplication      - Loading default localization
11:15:52.229 [FXGL Background Thread 1 ] DEBUG FXGLAssetLoaderServi - Loading from file system: jar:file:///C:/Users/admin/.m2/repository/com/github/almasb/fxgl/17.3/fxgl-17.3.jar!/fxglassets/languages/english.lang
11:15:52.253 [FXGL Background Thread 1 ] INFO  FXGLApplication      - FXGL initialization took: 0.531 sec
11:15:52.265 [JavaFX Application Thread] DEBUG Input                - Clearing active input actions
11:15:52.276 [JavaFX Application Thread] DEBUG Input                - Registered new binding: Move Up - W
11:15:52.276 [JavaFX Application Thread] DEBUG Input                - Registered new binding: Move Down - S
11:15:52.276 [JavaFX Application Thread] DEBUG Input                - Registered new binding: Move Left - A
11:15:52.276 [JavaFX Application Thread] DEBUG Input                - Registered new binding: Move Right - D
11:15:52.276 [JavaFX Application Thread] DEBUG Input                - Registered new binding: Đặt bom - Space
11:15:52.277 [JavaFX Application Thread] DEBUG FXGLAssetLoaderServi - Loading from file system: jar:file:///C:/Users/admin/.m2/repository/com/github/almasb/fxgl/17.3/fxgl-17.3.jar!/fxglassets/textures/fxgl_icon.png
11:15:52.293 [FXGL Background Thread 4 ] DEBUG FXGLAssetLoaderServi - Loading from file system: jar:file:///C:/Users/admin/.m2/repository/com/github/almasb/fxgl/17.3/fxgl-17.3.jar!/fxglassets/ui/fonts/Abel-Regular.ttf
11:15:52.305 [JavaFX Application Thread] DEBUG FXGLAssetLoaderServi - Loading from file system: jar:file:///C:/Users/admin/.m2/repository/com/github/almasb/fxgl/17.3/fxgl-17.3.jar!/fxglassets/textures/fxgl_default_cursor.png
11:15:52.309 [JavaFX Application Thread] DEBUG Input                - Registered new binding: Screenshot - CTRL+8
11:15:52.309 [JavaFX Application Thread] DEBUG Input                - Registered new binding: System info dump - CTRL+9
11:15:52.310 [JavaFX Application Thread] DEBUG Input                - Registered new binding: Restart - CTRL+R
11:15:52.310 [JavaFX Application Thread] DEBUG Input                - Registered new binding: Toggle Debug Camera - CTRL+7
11:15:52.313 [FXGL Background Thread 4 ] DEBUG FXGLAssetLoaderServi - Loading from file system: jar:file:///C:/Users/admin/.m2/repository/com/github/almasb/fxgl/17.3/fxgl-17.3.jar!/fxglassets/ui/fonts/TerminalLandMono-Regular.otf
11:15:52.314 [JavaFX Application Thread] DEBUG LoopRunner           - Starting loop
11:15:52.314 [JavaFX Application Thread] DEBUG LoopRunner           - Initializing JavaFX AnimationTimerLoop
11:15:52.316 [JavaFX Application Thread] DEBUG GameApplicationServi - Starting new game
11:15:52.317 [JavaFX Application Thread] DEBUG Input                - Clearing active input actions
11:15:52.331 [FXGL Background Thread 4 ] DEBUG FXGLAssetLoaderServi - Loading from file system: jar:file:///C:/Users/admin/.m2/repository/com/github/almasb/fxgl/17.3/fxgl-17.3.jar!/fxglassets/ui/fonts/Courier-Prime.ttf
11:15:52.332 [JavaFX Application Thread] DEBUG GameApplicationServi - Removing overlay from FXGLStartupScene and adding to FXGLLoadingScene
11:15:52.333 [JavaFX Application Thread] DEBUG PrimaryStageWindow   - FXGLStartupScene -> FXGLLoadingScene
11:15:52.334 [JavaFX Application Thread] DEBUG GameApplicationServi - Clearing previous game
11:15:52.334 [JavaFX Application Thread] DEBUG GameScene            - Clearing game scene
11:15:52.334 [JavaFX Application Thread] DEBUG GameWorld            - Clearing game world
11:15:52.334 [JavaFX Application Thread] DEBUG PhysicsWorld         - Clearing physics world
11:15:52.336 [FXGL Background Thread 1 ] DEBUG FXGLApplication      - Initializing game
11:15:52.380 [JavaFX Application Thread] DEBUG FXGLApplication      - Registering font factories with UI factory
11:15:52.801 [FXGL Background Thread 1 ] INFO  FXGLApplication      - Game initialization took: 0.465 sec
11:15:52.813 [JavaFX Application Thread] DEBUG Input                - Clearing active input actions
11:15:52.836 [JavaFX Application Thread] DEBUG GameApplicationServi - Removing overlay from FXGLLoadingScene and adding to GameScene
11:15:52.837 [JavaFX Application Thread] DEBUG PrimaryStageWindow   - FXGLLoadingScene -> GameScene
11:15:53.612 [FXGL Background Thread 2 ] INFO  UpdaterService       - Your current version:  17.3
11:15:53.613 [FXGL Background Thread 2 ] INFO  UpdaterService       - Latest stable version: 21.1
11:15:55.227 [FXGL Background Thread 3 ] DEBUG Engine               - Logging environment variables
11:15:55.228 [FXGL Background Thread 3 ] DEBUG Engine               - achievements: []
11:15:55.228 [FXGL Background Thread 3 ] DEBUG Engine               - actualHeight: 480.0
11:15:55.228 [FXGL Background Thread 3 ] DEBUG Engine               - actualHeightProperty: ReadOnlyDoubleProperty [value: 480.0]
11:15:55.228 [FXGL Background Thread 3 ] DEBUG Engine               - actualWidth: 480.0
11:15:55.228 [FXGL Background Thread 3 ] DEBUG Engine               - actualWidthProperty: ReadOnlyDoubleProperty [value: 480.0]
11:15:55.228 [FXGL Background Thread 3 ] DEBUG Engine               - appIcon: fxgl_icon.png
11:15:55.228 [FXGL Background Thread 3 ] DEBUG Engine               - applicationMode: DEVELOPER
11:15:55.228 [FXGL Background Thread 3 ] DEBUG Engine               - cSSList: [fxgl_dark.css]
11:15:55.228 [FXGL Background Thread 3 ] DEBUG Engine               - collisionDetectionStrategy: BRUTE_FORCE
11:15:55.228 [FXGL Background Thread 3 ] DEBUG Engine               - configClass: Optional.empty
11:15:55.229 [FXGL Background Thread 3 ] DEBUG Engine               - credits: []
11:15:55.229 [FXGL Background Thread 3 ] DEBUG Engine               - defaultCursor: CursorInfo(imageName=fxgl_default_cursor.png, hotspotX=7.0, hotspotY=6.0)
11:15:55.229 [FXGL Background Thread 3 ] DEBUG Engine               - devBBoxColorProperty: ObjectProperty [value: 0xff0000ff]
11:15:55.229 [FXGL Background Thread 3 ] DEBUG Engine               - devEnableDebugCameraProperty: BooleanProperty [value: false]
11:15:55.230 [FXGL Background Thread 3 ] DEBUG Engine               - devSensorColorProperty: ObjectProperty [value: 0xffff00ff]
11:15:55.230 [FXGL Background Thread 3 ] DEBUG Engine               - devShowBBoxProperty: BooleanProperty [value: false]
11:15:55.230 [FXGL Background Thread 3 ] DEBUG Engine               - devShowPositionProperty: BooleanProperty [value: false]
11:15:55.230 [FXGL Background Thread 3 ] DEBUG Engine               - enabledMenuItems: []
11:15:55.230 [FXGL Background Thread 3 ] DEBUG Engine               - engineServices: [class com.almasb.fxgl.app.services.FXGLAssetLoaderService, class com.almasb.fxgl.app.FXGLApplication$GameApplicationService, class com.almasb.fxgl.app.services.FXGLDialogService, class com.almasb.fxgl.app.services.IOTaskExecutorService, class com.almasb.fxgl.io.FileSystemService, class com.almasb.fxgl.localization.LocalizationService, class com.almasb.fxgl.app.services.SystemBundleService, class com.almasb.fxgl.profile.SaveLoadService, class com.almasb.fxgl.ui.FXGLUIFactoryServiceProvider, class com.almasb.fxgl.ui.FXGLDialogFactoryServiceProvider, class com.almasb.fxgl.audio.AudioPlayer, class com.almasb.fxgl.notification.impl.NotificationServiceProvider, class com.almasb.fxgl.achievement.AchievementService, class com.almasb.fxgl.cutscene.CutsceneService, class com.almasb.fxgl.minigames.MiniGameService, class com.almasb.fxgl.net.NetService, class com.almasb.fxgl.app.services.UpdaterService, class com.almasb.fxgl.dev.DevService]
11:15:55.230 [FXGL Background Thread 3 ] DEBUG Engine               - fontGame: Abel-Regular.ttf
11:15:55.230 [FXGL Background Thread 3 ] DEBUG Engine               - fontMono: TerminalLandMono-Regular.otf
11:15:55.230 [FXGL Background Thread 3 ] DEBUG Engine               - fontSizeScaleUI: 1.0
11:15:55.230 [FXGL Background Thread 3 ] DEBUG Engine               - fontText: Courier-Prime.ttf
11:15:55.231 [FXGL Background Thread 3 ] DEBUG Engine               - fontUI: VarelaRound-Regular.ttf
11:15:55.231 [FXGL Background Thread 3 ] DEBUG Engine               - fullScreen: BooleanProperty [value: false]
11:15:55.231 [FXGL Background Thread 3 ] DEBUG Engine               - gameDifficulty: MEDIUM
11:15:55.231 [FXGL Background Thread 3 ] DEBUG Engine               - gameDifficultyProperty: ObjectProperty [value: MEDIUM]
11:15:55.231 [FXGL Background Thread 3 ] DEBUG Engine               - globalMusicVolume: 0.5
11:15:55.231 [FXGL Background Thread 3 ] DEBUG Engine               - globalMusicVolumeProperty: DoubleProperty [value: 0.5]
11:15:55.231 [FXGL Background Thread 3 ] DEBUG Engine               - globalSoundVolume: 0.5
11:15:55.231 [FXGL Background Thread 3 ] DEBUG Engine               - globalSoundVolumeProperty: DoubleProperty [value: 0.5]
11:15:55.231 [FXGL Background Thread 3 ] DEBUG Engine               - height: 480
11:15:55.231 [FXGL Background Thread 3 ] DEBUG Engine               - is3D: false
11:15:55.231 [FXGL Background Thread 3 ] DEBUG Engine               - isAndroid: false
11:15:55.231 [FXGL Background Thread 3 ] DEBUG Engine               - isBrowser: false
11:15:55.231 [FXGL Background Thread 3 ] DEBUG Engine               - isClickFeedbackEnabled: false
11:15:55.231 [FXGL Background Thread 3 ] DEBUG Engine               - isCloseConfirmation: false
11:15:55.231 [FXGL Background Thread 3 ] DEBUG Engine               - isDesktop: true
11:15:55.231 [FXGL Background Thread 3 ] DEBUG Engine               - isDeveloperMenuEnabled: false
11:15:55.231 [FXGL Background Thread 3 ] DEBUG Engine               - isEmbedded: false
11:15:55.231 [FXGL Background Thread 3 ] DEBUG Engine               - isEntityPreloadEnabled: true
11:15:55.233 [FXGL Background Thread 3 ] DEBUG Engine               - isExperimentalTiledLargeMap: false
11:15:55.233 [FXGL Background Thread 3 ] DEBUG Engine               - isFileSystemWriteAllowed: true
11:15:55.233 [FXGL Background Thread 3 ] DEBUG Engine               - isFullScreenAllowed: false
11:15:55.233 [FXGL Background Thread 3 ] DEBUG Engine               - isFullScreenFromStart: false
11:15:55.233 [FXGL Background Thread 3 ] DEBUG Engine               - isGameMenuEnabled: true
11:15:55.233 [FXGL Background Thread 3 ] DEBUG Engine               - isIOS: false
11:15:55.233 [FXGL Background Thread 3 ] DEBUG Engine               - isIntroEnabled: false
11:15:55.233 [FXGL Background Thread 3 ] DEBUG Engine               - isLinux: false
11:15:55.233 [FXGL Background Thread 3 ] DEBUG Engine               - isMac: false
11:15:55.233 [FXGL Background Thread 3 ] DEBUG Engine               - isMainMenuEnabled: false
11:15:55.233 [FXGL Background Thread 3 ] DEBUG Engine               - isManualResizeEnabled: false
11:15:55.233 [FXGL Background Thread 3 ] DEBUG Engine               - isMobile: false
11:15:55.233 [FXGL Background Thread 3 ] DEBUG Engine               - isNative: false
11:15:55.233 [FXGL Background Thread 3 ] DEBUG Engine               - isPauseMusicWhenMinimized: true
11:15:55.233 [FXGL Background Thread 3 ] DEBUG Engine               - isPreserveResizeRatio: false
11:15:55.233 [FXGL Background Thread 3 ] DEBUG Engine               - isProfilingEnabled: false
11:15:55.233 [FXGL Background Thread 3 ] DEBUG Engine               - isScaleAffectedOnResize: true
11:15:55.233 [FXGL Background Thread 3 ] DEBUG Engine               - isSingleStep: false
11:15:55.233 [FXGL Background Thread 3 ] DEBUG Engine               - isUserProfileEnabled: false
11:15:55.234 [FXGL Background Thread 3 ] DEBUG Engine               - isWindows: true
11:15:55.234 [FXGL Background Thread 3 ] DEBUG Engine               - language: ObjectProperty [value: ENGLISH]
11:15:55.234 [FXGL Background Thread 3 ] DEBUG Engine               - menuKey: ESCAPE
11:15:55.234 [FXGL Background Thread 3 ] DEBUG Engine               - mouseSensitivity: 0.2
11:15:55.234 [FXGL Background Thread 3 ] DEBUG Engine               - notificationViewClass: class com.almasb.fxgl.notification.view.XboxNotificationView
11:15:55.234 [FXGL Background Thread 3 ] DEBUG Engine               - pixelsPerMeter: 50.0
11:15:55.234 [FXGL Background Thread 3 ] DEBUG Engine               - platform: WINDOWS
11:15:55.234 [FXGL Background Thread 3 ] DEBUG Engine               - prefHeightProperty: ReadOnlyDoubleProperty [value: 480.0]
11:15:55.234 [FXGL Background Thread 3 ] DEBUG Engine               - prefWidthProperty: ReadOnlyDoubleProperty [value: 480.0]
11:15:55.234 [FXGL Background Thread 3 ] DEBUG Engine               - profileDir: profiles/
11:15:55.234 [FXGL Background Thread 3 ] DEBUG Engine               - profileName: StringProperty [value: DEFAULT]
11:15:55.235 [FXGL Background Thread 3 ] DEBUG Engine               - randomSeed: -1
11:15:55.235 [FXGL Background Thread 3 ] DEBUG Engine               - runtimeInfo: RuntimeInfo(platform=WINDOWS, version=17.3, build=30.03.2023 11.49)
11:15:55.235 [FXGL Background Thread 3 ] DEBUG Engine               - saveFileExt: sav
11:15:55.235 [FXGL Background Thread 3 ] DEBUG Engine               - scaledHeightProp$fxgl: DoubleProperty [bound, value: 480.0]
11:15:55.235 [FXGL Background Thread 3 ] DEBUG Engine               - scaledWidthProp$fxgl: DoubleProperty [bound, value: 480.0]
11:15:55.235 [FXGL Background Thread 3 ] DEBUG Engine               - sceneFactory: com.almasb.fxgl.app.scene.SceneFactory@4ac80d4
11:15:55.235 [FXGL Background Thread 3 ] DEBUG Engine               - secondsIn24h: 60
11:15:55.235 [FXGL Background Thread 3 ] DEBUG Engine               - soundMenuBack: menu/back.wav
11:15:55.235 [FXGL Background Thread 3 ] DEBUG Engine               - soundMenuPress: menu/press.wav
11:15:55.235 [FXGL Background Thread 3 ] DEBUG Engine               - soundMenuSelect: menu/select.wav
11:15:55.237 [FXGL Background Thread 3 ] DEBUG Engine               - soundNotification: core/notification.wav
11:15:55.237 [FXGL Background Thread 3 ] DEBUG Engine               - stageStyle: DECORATED
11:15:55.237 [FXGL Background Thread 3 ] DEBUG Engine               - supportedLanguages: [ENGLISH, FRENCH, GERMAN, HUNGARIAN, RUSSIAN]
11:15:55.237 [FXGL Background Thread 3 ] DEBUG Engine               - ticksPerSecond: -1
11:15:55.237 [FXGL Background Thread 3 ] DEBUG Engine               - title: Bomberman Game
11:15:55.237 [FXGL Background Thread 3 ] DEBUG Engine               - urlGithub: https://github.com/AlmasB/FXGL
11:15:55.237 [FXGL Background Thread 3 ] DEBUG Engine               - urlLeaderboard: http://fxgl-top.herokuapp.com/
11:15:55.237 [FXGL Background Thread 3 ] DEBUG Engine               - urlPOM: https://raw.githubusercontent.com/AlmasB/FXGL/release/README.md
11:15:55.237 [FXGL Background Thread 3 ] DEBUG Engine               - userAppClass: class org.example.demo.HelloApplication
11:15:55.237 [FXGL Background Thread 3 ] DEBUG Engine               - version: 1.0
11:15:55.237 [FXGL Background Thread 3 ] DEBUG Engine               - versionCheckDays: 7
11:15:55.237 [FXGL Background Thread 3 ] DEBUG Engine               - width: 480
11:15:55.237 [FXGL Background Thread 3 ] DEBUG Engine               - Logging services
11:15:55.237 [FXGL Background Thread 3 ] DEBUG Engine               - class com.almasb.fxgl.app.services.FXGLAssetLoaderService
11:15:55.237 [FXGL Background Thread 3 ] DEBUG Engine               - class com.almasb.fxgl.app.FXGLApplication$GameApplicationService
11:15:55.237 [FXGL Background Thread 3 ] DEBUG Engine               - class com.almasb.fxgl.app.services.FXGLDialogService
11:15:55.237 [FXGL Background Thread 3 ] DEBUG Engine               - class com.almasb.fxgl.app.services.IOTaskExecutorService
11:15:55.237 [FXGL Background Thread 3 ] DEBUG Engine               - class com.almasb.fxgl.io.FileSystemService
11:15:55.237 [FXGL Background Thread 3 ] DEBUG Engine               - class com.almasb.fxgl.localization.LocalizationService
11:15:55.237 [FXGL Background Thread 3 ] DEBUG Engine               - class com.almasb.fxgl.app.services.SystemBundleService
11:15:55.237 [FXGL Background Thread 3 ] DEBUG Engine               - class com.almasb.fxgl.profile.SaveLoadService
11:15:55.237 [FXGL Background Thread 3 ] DEBUG Engine               - class com.almasb.fxgl.ui.FXGLUIFactoryServiceProvider
11:15:55.237 [FXGL Background Thread 3 ] DEBUG Engine               - class com.almasb.fxgl.ui.FXGLDialogFactoryServiceProvider
11:15:55.238 [FXGL Background Thread 3 ] DEBUG Engine               - class com.almasb.fxgl.audio.AudioPlayer
11:15:55.238 [FXGL Background Thread 3 ] DEBUG Engine               - class com.almasb.fxgl.notification.impl.NotificationServiceProvider
11:15:55.238 [FXGL Background Thread 3 ] DEBUG Engine               - class com.almasb.fxgl.achievement.AchievementService
11:15:55.238 [FXGL Background Thread 3 ] DEBUG Engine               - class com.almasb.fxgl.cutscene.CutsceneService
11:15:55.238 [FXGL Background Thread 3 ] DEBUG Engine               - class com.almasb.fxgl.minigames.MiniGameService
11:15:55.238 [FXGL Background Thread 3 ] DEBUG Engine               - class com.almasb.fxgl.net.NetService
11:15:55.238 [FXGL Background Thread 3 ] DEBUG Engine               - class com.almasb.fxgl.app.services.UpdaterService
11:15:55.238 [FXGL Background Thread 3 ] DEBUG Engine               - class com.almasb.fxgl.dev.DevService
11:15:59.497 [JavaFX Application Thread] DEBUG PrimaryStageWindow   - Push state: DialogSubScene
11:15:59.497 [JavaFX Application Thread] DEBUG Input                - Clearing active input actions
11:15:59.508 [JavaFX Application Thread] DEBUG GameApplicationServi - Removing overlay from GameScene and adding to DialogSubScene
11:15:59.510 [JavaFX Application Thread] DEBUG PrimaryStageWindow   - GameScene -> DialogSubScene
11:16:01.747 [JavaFX Application Thread] DEBUG PrimaryStageWindow   - Pop state: DialogSubScene
11:16:01.747 [JavaFX Application Thread] DEBUG Input                - Clearing active input actions
11:16:01.748 [JavaFX Application Thread] DEBUG GameApplicationServi - Removing overlay from DialogSubScene and adding to GameScene
11:16:01.749 [JavaFX Application Thread] DEBUG PrimaryStageWindow   - GameScene <- DialogSubScene
11:16:15.954 [JavaFX Application Thread] DEBUG PrimaryStageWindow   - Push state: DialogSubScene
11:16:15.955 [JavaFX Application Thread] DEBUG Input                - Clearing active input actions
11:16:15.955 [JavaFX Application Thread] DEBUG GameApplicationServi - Removing overlay from GameScene and adding to DialogSubScene
11:16:15.956 [JavaFX Application Thread] DEBUG PrimaryStageWindow   - GameScene -> DialogSubScene
11:16:17.396 [JavaFX Application Thread] DEBUG PrimaryStageWindow   - Pop state: DialogSubScene
11:16:17.396 [JavaFX Application Thread] DEBUG Input                - Clearing active input actions
11:16:17.397 [JavaFX Application Thread] DEBUG GameApplicationServi - Removing overlay from DialogSubScene and adding to GameScene
11:16:17.398 [JavaFX Application Thread] DEBUG PrimaryStageWindow   - GameScene <- DialogSubScene
11:16:18.050 [JavaFX Application Thread] DEBUG PrimaryStageWindow   - Push state: DialogSubScene
11:16:18.050 [JavaFX Application Thread] DEBUG Input                - Clearing active input actions
11:16:18.051 [JavaFX Application Thread] DEBUG GameApplicationServi - Removing overlay from GameScene and adding to DialogSubScene
11:16:18.052 [JavaFX Application Thread] DEBUG PrimaryStageWindow   - GameScene -> DialogSubScene
11:16:19.432 [JavaFX Application Thread] DEBUG PrimaryStageWindow   - Pop state: DialogSubScene
11:16:19.432 [JavaFX Application Thread] DEBUG Input                - Clearing active input actions
11:16:19.432 [JavaFX Application Thread] DEBUG GameApplicationServi - Removing overlay from DialogSubScene and adding to GameScene
11:16:19.433 [JavaFX Application Thread] DEBUG PrimaryStageWindow   - GameScene <- DialogSubScene
11:16:33.226 [JavaFX Application Thread] DEBUG PrimaryStageWindow   - Push state: DialogSubScene
11:16:33.226 [JavaFX Application Thread] DEBUG Input                - Clearing active input actions
11:16:33.227 [JavaFX Application Thread] DEBUG GameApplicationServi - Removing overlay from GameScene and adding to DialogSubScene
11:16:33.227 [JavaFX Application Thread] DEBUG PrimaryStageWindow   - GameScene -> DialogSubScene
11:16:35.147 [JavaFX Application Thread] DEBUG PrimaryStageWindow   - Pop state: DialogSubScene
11:16:35.147 [JavaFX Application Thread] DEBUG Input                - Clearing active input actions
11:16:35.148 [JavaFX Application Thread] DEBUG GameApplicationServi - Removing overlay from DialogSubScene and adding to GameScene
11:16:35.148 [JavaFX Application Thread] DEBUG PrimaryStageWindow   - GameScene <- DialogSubScene
11:16:36.946 [JavaFX Application Thread] DEBUG PrimaryStageWindow   - Push state: DialogSubScene
11:16:36.946 [JavaFX Application Thread] DEBUG Input                - Clearing active input actions
11:16:36.947 [JavaFX Application Thread] DEBUG GameApplicationServi - Removing overlay from GameScene and adding to DialogSubScene
11:16:36.947 [JavaFX Application Thread] DEBUG PrimaryStageWindow   - GameScene -> DialogSubScene
11:16:38.349 [JavaFX Application Thread] DEBUG PrimaryStageWindow   - Pop state: DialogSubScene
11:16:38.349 [JavaFX Application Thread] DEBUG Input                - Clearing active input actions
11:16:38.350 [JavaFX Application Thread] DEBUG GameApplicationServi - Removing overlay from DialogSubScene and adding to GameScene
11:16:38.350 [JavaFX Application Thread] DEBUG PrimaryStageWindow   - GameScene <- DialogSubScene
11:16:39.992 [JavaFX Application Thread] DEBUG PrimaryStageWindow   - Push state: DialogSubScene
11:16:39.992 [JavaFX Application Thread] DEBUG Input                - Clearing active input actions
11:16:39.993 [JavaFX Application Thread] DEBUG GameApplicationServi - Removing overlay from GameScene and adding to DialogSubScene
11:16:39.993 [JavaFX Application Thread] DEBUG PrimaryStageWindow   - GameScene -> DialogSubScene
11:16:41.779 [JavaFX Application Thread] DEBUG PrimaryStageWindow   - Pop state: DialogSubScene
11:16:41.779 [JavaFX Application Thread] DEBUG Input                - Clearing active input actions
11:16:41.780 [JavaFX Application Thread] DEBUG GameApplicationServi - Removing overlay from DialogSubScene and adding to GameScene
11:16:41.780 [JavaFX Application Thread] DEBUG PrimaryStageWindow   - GameScene <- DialogSubScene
11:16:59.587 [JavaFX Application Thread] DEBUG PrimaryStageWindow   - Push state: DialogSubScene
11:16:59.587 [JavaFX Application Thread] DEBUG Input                - Clearing active input actions
11:16:59.587 [JavaFX Application Thread] DEBUG GameApplicationServi - Removing overlay from GameScene and adding to DialogSubScene
11:16:59.589 [JavaFX Application Thread] DEBUG PrimaryStageWindow   - GameScene -> DialogSubScene
11:17:01.178 [JavaFX Application Thread] DEBUG PrimaryStageWindow   - Pop state: DialogSubScene
11:17:01.178 [JavaFX Application Thread] DEBUG Input                - Clearing active input actions
11:17:01.179 [JavaFX Application Thread] DEBUG GameApplicationServi - Removing overlay from DialogSubScene and adding to GameScene
11:17:01.179 [JavaFX Application Thread] DEBUG PrimaryStageWindow   - GameScene <- DialogSubScene
11:17:06.114 [JavaFX Application Thread] DEBUG FXGLApplication      - Exiting FXGL
11:17:06.116 [JavaFX Application Thread] DEBUG LoopRunner           - Stopping loop
11:17:06.116 [JavaFX Application Thread] DEBUG SystemBundleService  - Saving FXGL system data
11:17:06.121 [JavaFX Application Thread] DEBUG FileSystemAccess     - Writing to: C:\Users\admin\OneDrive\Máy tính\btl\New folder\baitaplonOOP\system\fxgl.bundle
11:17:06.126 [JavaFX Application Thread] DEBUG Async                - Shutting down background threads
11:17:06.126 [JavaFX Application Thread] DEBUG PrimaryStageWindow   - Closing main window
11:17:06.148 [JavaFX Application Thread] DEBUG Logger               - Closing Logger
