16:59:34.875 [main                     ] DEBUG Logger               - Configured Logger
16:59:34.896 [main                     ] DEBUG GameApplication      - Logging settings
Title: Bomberman Game
Version: 1.0
Width: 480
Height: 480
Fullscreen: false
Intro: false
Profiling: false
Single step:false
App Mode: DEVELOPER
Menu Key: ESCAPE
Stage Style: DECORATED
Scene Factory: class com.almasb.fxgl.app.scene.SceneFactory

16:59:35.499 [JavaFX Application Thread] DEBUG FXGLApplication      - Initializing FXGL
16:59:35.501 [JavaFX Application Thread] INFO  Engine               - FXGL-17.3 (30.03.2023 11.49) on WINDOWS (J:23.0.2 FX:17.0.6)
16:59:35.503 [JavaFX Application Thread] DEBUG Engine               - JRE Vendor Name: Oracle Corporation
16:59:35.503 [JavaFX Application Thread] DEBUG Engine               - Running on OS: Windows 11 version 10.0
16:59:35.503 [JavaFX Application Thread] DEBUG Engine               - Architecture: amd64
16:59:35.503 [JavaFX Application Thread] INFO  Engine               - Source code and latest versions at: https://github.com/AlmasB/FXGL
16:59:35.503 [JavaFX Application Thread] INFO  Engine               -       Ask questions and discuss at: https://github.com/AlmasB/FXGL/discussions
16:59:35.503 [JavaFX Application Thread] INFO  Engine               -              Join the FXGL chat at: https://gitter.im/AlmasB/FXGL
16:59:35.610 [JavaFX Application Thread] DEBUG PrimaryStageWindow   - Creating a JavaFX scene
16:59:35.656 [JavaFX Application Thread] DEBUG PrimaryStageWindow   - Target settings size: 480.0 x 480.0
16:59:35.656 [JavaFX Application Thread] DEBUG PrimaryStageWindow   - Scaled scene size:    480.0 x 480.0
16:59:35.656 [JavaFX Application Thread] DEBUG PrimaryStageWindow   - Scaled ratio: (1.0, 1.0)
16:59:35.657 [JavaFX Application Thread] DEBUG PrimaryStageWindow   - Set initial scene to FXGLStartupScene
16:59:35.665 [JavaFX Application Thread] DEBUG PrimaryStageWindow   - Opening main window
16:59:35.775 [JavaFX Application Thread] DEBUG PrimaryStageWindow   - Window border size: (14.666656494140625, 37.33331298828125)
16:59:35.775 [JavaFX Application Thread] DEBUG PrimaryStageWindow   - Scaled size: 480.0 x 480.0
16:59:35.775 [JavaFX Application Thread] DEBUG PrimaryStageWindow   - Scaled ratio: (1.0, 1.0)
16:59:35.776 [JavaFX Application Thread] DEBUG PrimaryStageWindow   - Scene size: 480.0 x 480.0
16:59:35.776 [JavaFX Application Thread] DEBUG PrimaryStageWindow   - Stage size: 494.6666564941406 x 517.3333129882812
16:59:35.783 [FXGL Background Thread 1 ] DEBUG Engine               - Initializing environment variables
16:59:35.833 [FXGL Background Thread 1 ] DEBUG FXGLAssetLoaderServi - User app class for loading assets: class org.example.demo.BombermanApp
16:59:35.834 [FXGL Background Thread 1 ] DEBUG GameApplicationServi - Applying CSS: fxgl_dark.css
16:59:35.834 [FXGL Background Thread 1 ] DEBUG FXGLAssetLoaderServi - Loading from file system: jar:file:///C:/Users/My%20Laptop/.m2/repository/com/github/almasb/fxgl/17.3/fxgl-17.3.jar!/fxglassets/ui/css/fxgl_dark.css
16:59:35.886 [FXGL Background Thread 1 ] DEBUG GameApplicationServi - Initializing application scenes
16:59:35.932 [FXGL Background Thread 1 ] DEBUG GameWorld            - Game world initialized
16:59:35.993 [FXGL Background Thread 1 ] DEBUG PhysicsWorld         - Physics world initialized: appHeight=480, physics.ppm=50.0
16:59:35.993 [FXGL Background Thread 1 ] DEBUG PhysicsWorld         - Using strategy: BRUTE_FORCE
16:59:35.999 [FXGL Background Thread 1 ] DEBUG GameScene            - Game scene initialized: 480x480
16:59:36.013 [FXGL Background Thread 1 ] WARN  FXGL.DefaultMenu     - FXGLDefaultMenu is not designed for resolutions < 800x600
16:59:36.014 [FXGL Background Thread 1 ] DEBUG FXGL.DefaultMenu     - createMenuBodyGameMenu()
16:59:36.030 [FXGL Background Thread 1 ] DEBUG FXGL.DefaultMenu     - createOptionsMenu()
16:59:36.041 [FXGL Background Thread 1 ] DEBUG FXGLAssetLoaderServi - Loading from file system: jar:file:///C:/Users/My%20Laptop/.m2/repository/com/github/almasb/fxgl/17.3/fxgl-17.3.jar!/fxglassets/textures/particles/smoke.png
16:59:36.179 [FXGL Background Thread 1 ] DEBUG FXGLAssetLoaderServi - Loading from file system: jar:file:///C:/Users/My%20Laptop/.m2/repository/com/github/almasb/fxgl/17.3/fxgl-17.3.jar!/fxglassets/textures/particles/trace_horizontal.png
16:59:36.213 [FXGL Background Thread 1 ] DEBUG GameApplicationServi - Application scenes initialized
16:59:36.230 [FXGL Background Thread 1 ] DEBUG SystemBundleService  - Loading FXGL system data
16:59:36.234 [FXGL Background Thread 1 ] DEBUG FileSystemAccess     - Reading from: C:\OOP\Week7\baitaplonOOP-long\system\fxgl.bundle
16:59:36.238 [FXGL Background Thread 1 ] DEBUG SystemBundleService  - Bundle FXGL: {}
16:59:36.238 [FXGL Background Thread 1 ] DEBUG UpdaterService       - Checking for updates
16:59:36.243 [FXGL Background Thread 4 ] DEBUG FXGLApplication      - Loading fonts
16:59:36.244 [FXGL Background Thread 1 ] DEBUG FXGLApplication      - Loading default localization
16:59:36.244 [FXGL Background Thread 4 ] DEBUG FXGLAssetLoaderServi - Loading from file system: jar:file:///C:/Users/My%20Laptop/.m2/repository/com/github/almasb/fxgl/17.3/fxgl-17.3.jar!/fxglassets/ui/fonts/VarelaRound-Regular.ttf
16:59:36.244 [FXGL Background Thread 1 ] DEBUG FXGLAssetLoaderServi - Loading from file system: jar:file:///C:/Users/My%20Laptop/.m2/repository/com/github/almasb/fxgl/17.3/fxgl-17.3.jar!/fxglassets/languages/english.lang
16:59:36.267 [FXGL Background Thread 1 ] INFO  FXGLApplication      - FXGL initialization took: 0.484 sec
16:59:36.268 [JavaFX Application Thread] DEBUG Input                - Clearing active input actions
16:59:36.281 [FXGL Background Thread 4 ] DEBUG FXGLAssetLoaderServi - Loading from file system: jar:file:///C:/Users/My%20Laptop/.m2/repository/com/github/almasb/fxgl/17.3/fxgl-17.3.jar!/fxglassets/ui/fonts/Abel-Regular.ttf
16:59:36.289 [JavaFX Application Thread] DEBUG Input                - Registered new binding: Move Up - W
16:59:36.291 [JavaFX Application Thread] DEBUG Input                - Registered new binding: Move Down - S
16:59:36.291 [JavaFX Application Thread] DEBUG Input                - Registered new binding: Move Left - A
16:59:36.291 [JavaFX Application Thread] DEBUG Input                - Registered new binding: Move Right - D
16:59:36.291 [JavaFX Application Thread] DEBUG FXGLAssetLoaderServi - Loading from file system: jar:file:///C:/Users/My%20Laptop/.m2/repository/com/github/almasb/fxgl/17.3/fxgl-17.3.jar!/fxglassets/textures/fxgl_icon.png
16:59:36.304 [FXGL Background Thread 4 ] DEBUG FXGLAssetLoaderServi - Loading from file system: jar:file:///C:/Users/My%20Laptop/.m2/repository/com/github/almasb/fxgl/17.3/fxgl-17.3.jar!/fxglassets/ui/fonts/TerminalLandMono-Regular.otf
16:59:36.318 [JavaFX Application Thread] DEBUG FXGLAssetLoaderServi - Loading from file system: jar:file:///C:/Users/My%20Laptop/.m2/repository/com/github/almasb/fxgl/17.3/fxgl-17.3.jar!/fxglassets/textures/fxgl_default_cursor.png
16:59:36.320 [FXGL Background Thread 4 ] DEBUG FXGLAssetLoaderServi - Loading from file system: jar:file:///C:/Users/My%20Laptop/.m2/repository/com/github/almasb/fxgl/17.3/fxgl-17.3.jar!/fxglassets/ui/fonts/Courier-Prime.ttf
16:59:36.321 [JavaFX Application Thread] DEBUG Input                - Registered new binding: Screenshot - CTRL+8
16:59:36.321 [JavaFX Application Thread] DEBUG Input                - Registered new binding: System info dump - CTRL+9
16:59:36.321 [JavaFX Application Thread] DEBUG Input                - Registered new binding: Restart - CTRL+R
16:59:36.322 [JavaFX Application Thread] DEBUG Input                - Registered new binding: Toggle Debug Camera - CTRL+7
16:59:36.325 [JavaFX Application Thread] DEBUG LoopRunner           - Starting loop
16:59:36.325 [JavaFX Application Thread] DEBUG LoopRunner           - Initializing JavaFX AnimationTimerLoop
16:59:36.327 [JavaFX Application Thread] DEBUG GameApplicationServi - Starting new game
16:59:36.328 [JavaFX Application Thread] DEBUG Input                - Clearing active input actions
16:59:36.342 [JavaFX Application Thread] DEBUG GameApplicationServi - Removing overlay from FXGLStartupScene and adding to FXGLLoadingScene
16:59:36.343 [JavaFX Application Thread] DEBUG PrimaryStageWindow   - FXGLStartupScene -> FXGLLoadingScene
16:59:36.343 [JavaFX Application Thread] DEBUG GameApplicationServi - Clearing previous game
16:59:36.343 [JavaFX Application Thread] DEBUG GameScene            - Clearing game scene
16:59:36.343 [JavaFX Application Thread] DEBUG GameWorld            - Clearing game world
16:59:36.343 [JavaFX Application Thread] DEBUG PhysicsWorld         - Clearing physics world
16:59:36.345 [FXGL Background Thread 4 ] DEBUG FXGLApplication      - Initializing game
16:59:36.386 [JavaFX Application Thread] DEBUG FXGLApplication      - Registering font factories with UI factory
16:59:36.595 [FXGL Background Thread 4 ] INFO  FXGLApplication      - Game initialization took: 0.249 sec
16:59:36.599 [JavaFX Application Thread] DEBUG Input                - Clearing active input actions
16:59:36.616 [JavaFX Application Thread] DEBUG GameApplicationServi - Removing overlay from FXGLLoadingScene and adding to GameScene
16:59:36.616 [JavaFX Application Thread] DEBUG PrimaryStageWindow   - FXGLLoadingScene -> GameScene
16:59:39.242 [FXGL Background Thread 3 ] DEBUG Engine               - Logging environment variables
16:59:39.243 [FXGL Background Thread 3 ] DEBUG Engine               - achievements: []
16:59:39.243 [FXGL Background Thread 3 ] DEBUG Engine               - actualHeight: 480.0
16:59:39.243 [FXGL Background Thread 3 ] DEBUG Engine               - actualHeightProperty: ReadOnlyDoubleProperty [value: 480.0]
16:59:39.243 [FXGL Background Thread 3 ] DEBUG Engine               - actualWidth: 480.0
16:59:39.243 [FXGL Background Thread 3 ] DEBUG Engine               - actualWidthProperty: ReadOnlyDoubleProperty [value: 480.0]
16:59:39.243 [FXGL Background Thread 3 ] DEBUG Engine               - appIcon: fxgl_icon.png
16:59:39.243 [FXGL Background Thread 3 ] DEBUG Engine               - applicationMode: DEVELOPER
16:59:39.243 [FXGL Background Thread 3 ] DEBUG Engine               - cSSList: [fxgl_dark.css]
16:59:39.244 [FXGL Background Thread 3 ] DEBUG Engine               - collisionDetectionStrategy: BRUTE_FORCE
16:59:39.244 [FXGL Background Thread 3 ] DEBUG Engine               - configClass: Optional.empty
16:59:39.244 [FXGL Background Thread 3 ] DEBUG Engine               - credits: []
16:59:39.244 [FXGL Background Thread 3 ] DEBUG Engine               - defaultCursor: CursorInfo(imageName=fxgl_default_cursor.png, hotspotX=7.0, hotspotY=6.0)
16:59:39.244 [FXGL Background Thread 3 ] DEBUG Engine               - devBBoxColorProperty: ObjectProperty [value: 0xff0000ff]
16:59:39.244 [FXGL Background Thread 3 ] DEBUG Engine               - devEnableDebugCameraProperty: BooleanProperty [value: false]
16:59:39.245 [FXGL Background Thread 3 ] DEBUG Engine               - devSensorColorProperty: ObjectProperty [value: 0xffff00ff]
16:59:39.245 [FXGL Background Thread 3 ] DEBUG Engine               - devShowBBoxProperty: BooleanProperty [value: false]
16:59:39.245 [FXGL Background Thread 3 ] DEBUG Engine               - devShowPositionProperty: BooleanProperty [value: false]
16:59:39.245 [FXGL Background Thread 3 ] DEBUG Engine               - enabledMenuItems: []
16:59:39.245 [FXGL Background Thread 3 ] DEBUG Engine               - engineServices: [class com.almasb.fxgl.app.services.FXGLAssetLoaderService, class com.almasb.fxgl.app.FXGLApplication$GameApplicationService, class com.almasb.fxgl.app.services.FXGLDialogService, class com.almasb.fxgl.app.services.IOTaskExecutorService, class com.almasb.fxgl.io.FileSystemService, class com.almasb.fxgl.localization.LocalizationService, class com.almasb.fxgl.app.services.SystemBundleService, class com.almasb.fxgl.profile.SaveLoadService, class com.almasb.fxgl.ui.FXGLUIFactoryServiceProvider, class com.almasb.fxgl.ui.FXGLDialogFactoryServiceProvider, class com.almasb.fxgl.audio.AudioPlayer, class com.almasb.fxgl.notification.impl.NotificationServiceProvider, class com.almasb.fxgl.achievement.AchievementService, class com.almasb.fxgl.cutscene.CutsceneService, class com.almasb.fxgl.minigames.MiniGameService, class com.almasb.fxgl.net.NetService, class com.almasb.fxgl.app.services.UpdaterService, class com.almasb.fxgl.dev.DevService]
16:59:39.245 [FXGL Background Thread 3 ] DEBUG Engine               - fontGame: Abel-Regular.ttf
16:59:39.245 [FXGL Background Thread 3 ] DEBUG Engine               - fontMono: TerminalLandMono-Regular.otf
16:59:39.245 [FXGL Background Thread 3 ] DEBUG Engine               - fontSizeScaleUI: 1.0
16:59:39.245 [FXGL Background Thread 3 ] DEBUG Engine               - fontText: Courier-Prime.ttf
16:59:39.245 [FXGL Background Thread 3 ] DEBUG Engine               - fontUI: VarelaRound-Regular.ttf
16:59:39.245 [FXGL Background Thread 3 ] DEBUG Engine               - fullScreen: BooleanProperty [value: false]
16:59:39.245 [FXGL Background Thread 3 ] DEBUG Engine               - gameDifficulty: MEDIUM
16:59:39.245 [FXGL Background Thread 3 ] DEBUG Engine               - gameDifficultyProperty: ObjectProperty [value: MEDIUM]
16:59:39.246 [FXGL Background Thread 3 ] DEBUG Engine               - globalMusicVolume: 0.5
16:59:39.246 [FXGL Background Thread 3 ] DEBUG Engine               - globalMusicVolumeProperty: DoubleProperty [value: 0.5]
16:59:39.246 [FXGL Background Thread 3 ] DEBUG Engine               - globalSoundVolume: 0.5
16:59:39.246 [FXGL Background Thread 3 ] DEBUG Engine               - globalSoundVolumeProperty: DoubleProperty [value: 0.5]
16:59:39.246 [FXGL Background Thread 3 ] DEBUG Engine               - height: 480
16:59:39.246 [FXGL Background Thread 3 ] DEBUG Engine               - is3D: false
16:59:39.246 [FXGL Background Thread 3 ] DEBUG Engine               - isAndroid: false
16:59:39.246 [FXGL Background Thread 3 ] DEBUG Engine               - isBrowser: false
16:59:39.246 [FXGL Background Thread 3 ] DEBUG Engine               - isClickFeedbackEnabled: false
16:59:39.246 [FXGL Background Thread 3 ] DEBUG Engine               - isCloseConfirmation: false
16:59:39.246 [FXGL Background Thread 3 ] DEBUG Engine               - isDesktop: true
16:59:39.246 [FXGL Background Thread 3 ] DEBUG Engine               - isDeveloperMenuEnabled: false
16:59:39.246 [FXGL Background Thread 3 ] DEBUG Engine               - isEmbedded: false
16:59:39.246 [FXGL Background Thread 3 ] DEBUG Engine               - isEntityPreloadEnabled: true
16:59:39.247 [FXGL Background Thread 3 ] DEBUG Engine               - isExperimentalTiledLargeMap: false
16:59:39.247 [FXGL Background Thread 3 ] DEBUG Engine               - isFileSystemWriteAllowed: true
16:59:39.247 [FXGL Background Thread 3 ] DEBUG Engine               - isFullScreenAllowed: false
16:59:39.247 [FXGL Background Thread 3 ] DEBUG Engine               - isFullScreenFromStart: false
16:59:39.247 [FXGL Background Thread 3 ] DEBUG Engine               - isGameMenuEnabled: true
16:59:39.247 [FXGL Background Thread 3 ] DEBUG Engine               - isIOS: false
16:59:39.247 [FXGL Background Thread 3 ] DEBUG Engine               - isIntroEnabled: false
16:59:39.247 [FXGL Background Thread 3 ] DEBUG Engine               - isLinux: false
16:59:39.247 [FXGL Background Thread 3 ] DEBUG Engine               - isMac: false
16:59:39.247 [FXGL Background Thread 3 ] DEBUG Engine               - isMainMenuEnabled: false
16:59:39.247 [FXGL Background Thread 3 ] DEBUG Engine               - isManualResizeEnabled: false
16:59:39.247 [FXGL Background Thread 3 ] DEBUG Engine               - isMobile: false
16:59:39.248 [FXGL Background Thread 3 ] DEBUG Engine               - isNative: false
16:59:39.248 [FXGL Background Thread 3 ] DEBUG Engine               - isPauseMusicWhenMinimized: true
16:59:39.248 [FXGL Background Thread 3 ] DEBUG Engine               - isPreserveResizeRatio: false
16:59:39.248 [FXGL Background Thread 3 ] DEBUG Engine               - isProfilingEnabled: false
16:59:39.248 [FXGL Background Thread 3 ] DEBUG Engine               - isScaleAffectedOnResize: true
16:59:39.248 [FXGL Background Thread 3 ] DEBUG Engine               - isSingleStep: false
16:59:39.248 [FXGL Background Thread 3 ] DEBUG Engine               - isUserProfileEnabled: false
16:59:39.248 [FXGL Background Thread 3 ] DEBUG Engine               - isWindows: true
16:59:39.248 [FXGL Background Thread 3 ] DEBUG Engine               - language: ObjectProperty [value: ENGLISH]
16:59:39.248 [FXGL Background Thread 3 ] DEBUG Engine               - menuKey: ESCAPE
16:59:39.248 [FXGL Background Thread 3 ] DEBUG Engine               - mouseSensitivity: 0.2
16:59:39.248 [FXGL Background Thread 3 ] DEBUG Engine               - notificationViewClass: class com.almasb.fxgl.notification.view.XboxNotificationView
16:59:39.248 [FXGL Background Thread 3 ] DEBUG Engine               - pixelsPerMeter: 50.0
16:59:39.248 [FXGL Background Thread 3 ] DEBUG Engine               - platform: WINDOWS
16:59:39.248 [FXGL Background Thread 3 ] DEBUG Engine               - prefHeightProperty: ReadOnlyDoubleProperty [value: 480.0]
16:59:39.248 [FXGL Background Thread 3 ] DEBUG Engine               - prefWidthProperty: ReadOnlyDoubleProperty [value: 480.0]
16:59:39.248 [FXGL Background Thread 3 ] DEBUG Engine               - profileDir: profiles/
16:59:39.248 [FXGL Background Thread 3 ] DEBUG Engine               - profileName: StringProperty [value: DEFAULT]
16:59:39.250 [FXGL Background Thread 3 ] DEBUG Engine               - randomSeed: -1
16:59:39.250 [FXGL Background Thread 3 ] DEBUG Engine               - runtimeInfo: RuntimeInfo(platform=WINDOWS, version=17.3, build=30.03.2023 11.49)
16:59:39.250 [FXGL Background Thread 3 ] DEBUG Engine               - saveFileExt: sav
16:59:39.250 [FXGL Background Thread 3 ] DEBUG Engine               - scaledHeightProp$fxgl: DoubleProperty [bound, value: 480.0]
16:59:39.250 [FXGL Background Thread 3 ] DEBUG Engine               - scaledWidthProp$fxgl: DoubleProperty [bound, value: 480.0]
16:59:39.250 [FXGL Background Thread 3 ] DEBUG Engine               - sceneFactory: com.almasb.fxgl.app.scene.SceneFactory@ccc0146
16:59:39.250 [FXGL Background Thread 3 ] DEBUG Engine               - secondsIn24h: 60
16:59:39.250 [FXGL Background Thread 3 ] DEBUG Engine               - soundMenuBack: menu/back.wav
16:59:39.250 [FXGL Background Thread 3 ] DEBUG Engine               - soundMenuPress: menu/press.wav
16:59:39.250 [FXGL Background Thread 3 ] DEBUG Engine               - soundMenuSelect: menu/select.wav
16:59:39.250 [FXGL Background Thread 3 ] DEBUG Engine               - soundNotification: core/notification.wav
16:59:39.250 [FXGL Background Thread 3 ] DEBUG Engine               - stageStyle: DECORATED
16:59:39.250 [FXGL Background Thread 3 ] DEBUG Engine               - supportedLanguages: [ENGLISH, FRENCH, GERMAN, HUNGARIAN, RUSSIAN]
16:59:39.251 [FXGL Background Thread 3 ] DEBUG Engine               - ticksPerSecond: -1
16:59:39.251 [FXGL Background Thread 3 ] DEBUG Engine               - title: Bomberman Game
16:59:39.251 [FXGL Background Thread 3 ] DEBUG Engine               - urlGithub: https://github.com/AlmasB/FXGL
16:59:39.251 [FXGL Background Thread 3 ] DEBUG Engine               - urlLeaderboard: http://fxgl-top.herokuapp.com/
16:59:39.251 [FXGL Background Thread 3 ] DEBUG Engine               - urlPOM: https://raw.githubusercontent.com/AlmasB/FXGL/release/README.md
16:59:39.251 [FXGL Background Thread 3 ] DEBUG Engine               - userAppClass: class org.example.demo.BombermanApp
16:59:39.251 [FXGL Background Thread 3 ] DEBUG Engine               - version: 1.0
16:59:39.251 [FXGL Background Thread 3 ] DEBUG Engine               - versionCheckDays: 7
16:59:39.251 [FXGL Background Thread 3 ] DEBUG Engine               - width: 480
16:59:39.251 [FXGL Background Thread 3 ] DEBUG Engine               - Logging services
16:59:39.251 [FXGL Background Thread 3 ] DEBUG Engine               - class com.almasb.fxgl.app.services.FXGLAssetLoaderService
16:59:39.251 [FXGL Background Thread 3 ] DEBUG Engine               - class com.almasb.fxgl.app.FXGLApplication$GameApplicationService
16:59:39.251 [FXGL Background Thread 3 ] DEBUG Engine               - class com.almasb.fxgl.app.services.FXGLDialogService
16:59:39.251 [FXGL Background Thread 3 ] DEBUG Engine               - class com.almasb.fxgl.app.services.IOTaskExecutorService
16:59:39.251 [FXGL Background Thread 3 ] DEBUG Engine               - class com.almasb.fxgl.io.FileSystemService
16:59:39.251 [FXGL Background Thread 3 ] DEBUG Engine               - class com.almasb.fxgl.localization.LocalizationService
16:59:39.251 [FXGL Background Thread 3 ] DEBUG Engine               - class com.almasb.fxgl.app.services.SystemBundleService
16:59:39.252 [FXGL Background Thread 3 ] DEBUG Engine               - class com.almasb.fxgl.profile.SaveLoadService
16:59:39.252 [FXGL Background Thread 3 ] DEBUG Engine               - class com.almasb.fxgl.ui.FXGLUIFactoryServiceProvider
16:59:39.252 [FXGL Background Thread 3 ] DEBUG Engine               - class com.almasb.fxgl.ui.FXGLDialogFactoryServiceProvider
16:59:39.252 [FXGL Background Thread 3 ] DEBUG Engine               - class com.almasb.fxgl.audio.AudioPlayer
16:59:39.252 [FXGL Background Thread 3 ] DEBUG Engine               - class com.almasb.fxgl.notification.impl.NotificationServiceProvider
16:59:39.252 [FXGL Background Thread 3 ] DEBUG Engine               - class com.almasb.fxgl.achievement.AchievementService
16:59:39.252 [FXGL Background Thread 3 ] DEBUG Engine               - class com.almasb.fxgl.cutscene.CutsceneService
16:59:39.252 [FXGL Background Thread 3 ] DEBUG Engine               - class com.almasb.fxgl.minigames.MiniGameService
16:59:39.252 [FXGL Background Thread 3 ] DEBUG Engine               - class com.almasb.fxgl.net.NetService
16:59:39.252 [FXGL Background Thread 3 ] DEBUG Engine               - class com.almasb.fxgl.app.services.UpdaterService
16:59:39.252 [FXGL Background Thread 3 ] DEBUG Engine               - class com.almasb.fxgl.dev.DevService
16:59:43.808 [JavaFX Application Thread] DEBUG FXGLApplication      - Exiting FXGL
16:59:43.808 [JavaFX Application Thread] DEBUG LoopRunner           - Stopping loop
16:59:43.810 [JavaFX Application Thread] DEBUG SystemBundleService  - Saving FXGL system data
16:59:43.811 [JavaFX Application Thread] DEBUG FileSystemAccess     - Writing to: C:\OOP\Week7\baitaplonOOP-long\system\fxgl.bundle
16:59:43.811 [JavaFX Application Thread] DEBUG Async                - Shutting down background threads
16:59:43.811 [JavaFX Application Thread] DEBUG PrimaryStageWindow   - Closing main window
16:59:43.828 [JavaFX Application Thread] DEBUG Logger               - Closing Logger
