10:23:01.174 [main                     ] DEBUG Logger               - Configured Logger
10:23:01.200 [main                     ] DEBUG GameApplication      - Logging settings
Title: Bomberman Game
Version: 1.0
Width: 480
Height: 480
Fullscreen: false
Intro: false
Profiling: false
Single step:false
App Mode: DEVELOPER
Menu Key: ESCAPE
Stage Style: DECORATED
Scene Factory: class com.almasb.fxgl.app.scene.SceneFactory

10:23:01.659 [JavaFX Application Thread] DEBUG FXGLApplication      - Initializing FXGL
10:23:01.663 [JavaFX Application Thread] INFO  Engine               - FXGL-17.3 (30.03.2023 11.49) on WINDOWS (J:23.0.2 FX:17.0.6)
10:23:01.664 [JavaFX Application Thread] DEBUG Engine               - JRE Vendor Name: Oracle Corporation
10:23:01.664 [JavaFX Application Thread] DEBUG Engine               - Running on OS: Windows 11 version 10.0
10:23:01.664 [JavaFX Application Thread] DEBUG Engine               - Architecture: amd64
10:23:01.664 [JavaFX Application Thread] INFO  Engine               - Source code and latest versions at: https://github.com/AlmasB/FXGL
10:23:01.664 [JavaFX Application Thread] INFO  Engine               -       Ask questions and discuss at: https://github.com/AlmasB/FXGL/discussions
10:23:01.664 [JavaFX Application Thread] INFO  Engine               -              Join the FXGL chat at: https://gitter.im/AlmasB/FXGL
10:23:01.776 [JavaFX Application Thread] DEBUG PrimaryStageWindow   - Creating a JavaFX scene
10:23:01.837 [JavaFX Application Thread] DEBUG PrimaryStageWindow   - Target settings size: 480.0 x 480.0
10:23:01.837 [JavaFX Application Thread] DEBUG PrimaryStageWindow   - Scaled scene size:    480.0 x 480.0
10:23:01.837 [JavaFX Application Thread] DEBUG PrimaryStageWindow   - Scaled ratio: (1.0, 1.0)
10:23:01.838 [JavaFX Application Thread] DEBUG PrimaryStageWindow   - Set initial scene to FXGLStartupScene
10:23:01.846 [JavaFX Application Thread] DEBUG PrimaryStageWindow   - Opening main window
10:23:01.938 [JavaFX Application Thread] DEBUG PrimaryStageWindow   - Window border size: (14.666656494140625, 37.33331298828125)
10:23:01.939 [JavaFX Application Thread] DEBUG PrimaryStageWindow   - Scaled size: 480.0 x 480.0
10:23:01.939 [JavaFX Application Thread] DEBUG PrimaryStageWindow   - Scaled ratio: (1.0, 1.0)
10:23:01.939 [JavaFX Application Thread] DEBUG PrimaryStageWindow   - Scene size: 480.0 x 480.0
10:23:01.941 [JavaFX Application Thread] DEBUG PrimaryStageWindow   - Stage size: 494.6666564941406 x 517.3333129882812
10:23:01.953 [FXGL Background Thread 1 ] DEBUG Engine               - Initializing environment variables
10:23:02.053 [FXGL Background Thread 1 ] DEBUG FXGLAssetLoaderServi - User app class for loading assets: class org.example.demo.BombermanApp
10:23:02.053 [FXGL Background Thread 1 ] DEBUG GameApplicationServi - Applying CSS: fxgl_dark.css
10:23:02.054 [FXGL Background Thread 1 ] DEBUG FXGLAssetLoaderServi - Loading from file system: jar:file:///C:/Users/admin/.m2/repository/com/github/almasb/fxgl/17.3/fxgl-17.3.jar!/fxglassets/ui/css/fxgl_dark.css
10:23:02.103 [FXGL Background Thread 1 ] DEBUG GameApplicationServi - Initializing application scenes
10:23:02.146 [FXGL Background Thread 1 ] DEBUG GameWorld            - Game world initialized
10:23:02.217 [FXGL Background Thread 1 ] DEBUG PhysicsWorld         - Physics world initialized: appHeight=480, physics.ppm=50.0
10:23:02.217 [FXGL Background Thread 1 ] DEBUG PhysicsWorld         - Using strategy: BRUTE_FORCE
10:23:02.220 [FXGL Background Thread 1 ] DEBUG GameScene            - Game scene initialized: 480x480
10:23:02.230 [FXGL Background Thread 1 ] WARN  FXGL.DefaultMenu     - FXGLDefaultMenu is not designed for resolutions < 800x600
10:23:02.230 [FXGL Background Thread 1 ] DEBUG FXGL.DefaultMenu     - createMenuBodyGameMenu()
10:23:02.242 [FXGL Background Thread 1 ] DEBUG FXGL.DefaultMenu     - createOptionsMenu()
10:23:02.255 [FXGL Background Thread 1 ] DEBUG FXGLAssetLoaderServi - Loading from file system: jar:file:///C:/Users/admin/.m2/repository/com/github/almasb/fxgl/17.3/fxgl-17.3.jar!/fxglassets/textures/particles/smoke.png
10:23:02.349 [FXGL Background Thread 1 ] DEBUG FXGLAssetLoaderServi - Loading from file system: jar:file:///C:/Users/admin/.m2/repository/com/github/almasb/fxgl/17.3/fxgl-17.3.jar!/fxglassets/textures/particles/trace_horizontal.png
10:23:02.381 [FXGL Background Thread 1 ] DEBUG GameApplicationServi - Application scenes initialized
10:23:02.393 [FXGL Background Thread 1 ] DEBUG SystemBundleService  - Loading FXGL system data
10:23:02.397 [FXGL Background Thread 1 ] DEBUG FileSystemAccess     - Reading from: C:\Users\admin\OneDrive\Máy tính\demo\system\fxgl.bundle
10:23:02.406 [FXGL Background Thread 1 ] DEBUG SystemBundleService  - Bundle FXGL: {}
10:23:02.406 [FXGL Background Thread 1 ] DEBUG UpdaterService       - Checking for updates
10:23:02.411 [FXGL Background Thread 4 ] DEBUG FXGLApplication      - Loading fonts
10:23:02.411 [FXGL Background Thread 4 ] DEBUG FXGLAssetLoaderServi - Loading from file system: jar:file:///C:/Users/admin/.m2/repository/com/github/almasb/fxgl/17.3/fxgl-17.3.jar!/fxglassets/ui/fonts/VarelaRound-Regular.ttf
10:23:02.411 [FXGL Background Thread 1 ] DEBUG FXGLApplication      - Loading default localization
10:23:02.412 [FXGL Background Thread 1 ] DEBUG FXGLAssetLoaderServi - Loading from file system: jar:file:///C:/Users/admin/.m2/repository/com/github/almasb/fxgl/17.3/fxgl-17.3.jar!/fxglassets/languages/english.lang
10:23:02.435 [FXGL Background Thread 1 ] INFO  FXGLApplication      - FXGL initialization took: 0.481 sec
10:23:02.436 [JavaFX Application Thread] DEBUG Input                - Clearing active input actions
10:23:02.449 [JavaFX Application Thread] DEBUG Input                - Registered new binding: Move Up - W
10:23:02.449 [JavaFX Application Thread] DEBUG Input                - Registered new binding: Move Down - S
10:23:02.450 [JavaFX Application Thread] DEBUG Input                - Registered new binding: Move Left - A
10:23:02.450 [JavaFX Application Thread] DEBUG Input                - Registered new binding: Move Right - D
10:23:02.450 [JavaFX Application Thread] DEBUG FXGLAssetLoaderServi - Loading from file system: jar:file:///C:/Users/admin/.m2/repository/com/github/almasb/fxgl/17.3/fxgl-17.3.jar!/fxglassets/textures/fxgl_icon.png
10:23:02.460 [FXGL Background Thread 4 ] DEBUG FXGLAssetLoaderServi - Loading from file system: jar:file:///C:/Users/admin/.m2/repository/com/github/almasb/fxgl/17.3/fxgl-17.3.jar!/fxglassets/ui/fonts/Abel-Regular.ttf
10:23:02.477 [FXGL Background Thread 4 ] DEBUG FXGLAssetLoaderServi - Loading from file system: jar:file:///C:/Users/admin/.m2/repository/com/github/almasb/fxgl/17.3/fxgl-17.3.jar!/fxglassets/ui/fonts/TerminalLandMono-Regular.otf
10:23:02.486 [JavaFX Application Thread] DEBUG FXGLAssetLoaderServi - Loading from file system: jar:file:///C:/Users/admin/.m2/repository/com/github/almasb/fxgl/17.3/fxgl-17.3.jar!/fxglassets/textures/fxgl_default_cursor.png
10:23:02.489 [JavaFX Application Thread] DEBUG Input                - Registered new binding: Screenshot - CTRL+8
10:23:02.489 [JavaFX Application Thread] DEBUG Input                - Registered new binding: System info dump - CTRL+9
10:23:02.490 [JavaFX Application Thread] DEBUG Input                - Registered new binding: Restart - CTRL+R
10:23:02.490 [JavaFX Application Thread] DEBUG Input                - Registered new binding: Toggle Debug Camera - CTRL+7
10:23:02.492 [FXGL Background Thread 4 ] DEBUG FXGLAssetLoaderServi - Loading from file system: jar:file:///C:/Users/admin/.m2/repository/com/github/almasb/fxgl/17.3/fxgl-17.3.jar!/fxglassets/ui/fonts/Courier-Prime.ttf
10:23:02.494 [JavaFX Application Thread] DEBUG LoopRunner           - Starting loop
10:23:02.494 [JavaFX Application Thread] DEBUG LoopRunner           - Initializing JavaFX AnimationTimerLoop
10:23:02.495 [JavaFX Application Thread] DEBUG GameApplicationServi - Starting new game
10:23:02.496 [JavaFX Application Thread] DEBUG Input                - Clearing active input actions
10:23:02.510 [JavaFX Application Thread] DEBUG GameApplicationServi - Removing overlay from FXGLStartupScene and adding to FXGLLoadingScene
10:23:02.511 [JavaFX Application Thread] DEBUG PrimaryStageWindow   - FXGLStartupScene -> FXGLLoadingScene
10:23:02.511 [JavaFX Application Thread] DEBUG GameApplicationServi - Clearing previous game
10:23:02.511 [JavaFX Application Thread] DEBUG GameScene            - Clearing game scene
10:23:02.511 [JavaFX Application Thread] DEBUG GameWorld            - Clearing game world
10:23:02.511 [JavaFX Application Thread] DEBUG PhysicsWorld         - Clearing physics world
10:23:02.512 [FXGL Background Thread 4 ] DEBUG FXGLApplication      - Initializing game
10:23:02.550 [JavaFX Application Thread] DEBUG FXGLApplication      - Registering font factories with UI factory
10:23:03.863 [FXGL Background Thread 2 ] INFO  UpdaterService       - Your current version:  17.3
10:23:03.863 [FXGL Background Thread 2 ] INFO  UpdaterService       - Latest stable version: 21.1
10:23:03.892 [FXGL Background Thread 4 ] INFO  FXGLApplication      - Game initialization took: 1.380 sec
10:23:03.893 [JavaFX Application Thread] DEBUG Input                - Clearing active input actions
10:23:03.908 [JavaFX Application Thread] DEBUG GameApplicationServi - Removing overlay from FXGLLoadingScene and adding to GameScene
10:23:03.908 [JavaFX Application Thread] DEBUG PrimaryStageWindow   - FXGLLoadingScene -> GameScene
10:23:03.913 [JavaFX Application Thread] DEBUG LoopRunner           - Stopping loop
10:23:03.915 [JavaFX Application Thread] FATAL FXGLApplication      - Uncaught Exception:
java.lang.NullPointerException: Cannot invoke "com.almasb.fxgl.entity.Entity.getX()" because "this.player" is null
	at org.example.demo/org.example.demo.BombermanApp.movePlayer(BombermanApp.java:186)
	at org.example.demo/org.example.demo.BombermanApp.onUpdate(BombermanApp.java:181)
	at com.almasb.fxgl.all@17.3/com.almasb.fxgl.app.FXGLApplication$GameApplicationService.onGameUpdate(FXGLApplication.kt:421)
	at com.almasb.fxgl.all@17.3/com.almasb.fxgl.app.Engine.onGameUpdate(Engine.kt:138)
	at com.almasb.fxgl.all@17.3/com.almasb.fxgl.app.FXGLApplication.postServicesInit$lambda$7(FXGLApplication.kt:182)
	at com.almasb.fxgl.scene@17.3/com.almasb.fxgl.scene.Scene.update(Scene.kt:113)
	at com.almasb.fxgl.all@17.3/com.almasb.fxgl.app.MainWindow$update$1.invoke(MainWindow.kt:115)
	at com.almasb.fxgl.all@17.3/com.almasb.fxgl.app.MainWindow$update$1.invoke(MainWindow.kt:115)
	at com.almasb.fxgl.core@17.3/com.almasb.fxgl.core.fsm.StateMachine.runOnActiveStates(StateMachine.kt:69)
	at com.almasb.fxgl.all@17.3/com.almasb.fxgl.app.MainWindow.update(MainWindow.kt:115)
	at com.almasb.fxgl.all@17.3/com.almasb.fxgl.app.FXGLApplication$GameApplicationService.onUpdate(FXGLApplication.kt:426)
	at com.almasb.fxgl.all@17.3/com.almasb.fxgl.app.Engine.loop(Engine.kt:134)
	at com.almasb.fxgl.all@17.3/com.almasb.fxgl.app.Engine.access$loop(Engine.kt:24)
	at com.almasb.fxgl.all@17.3/com.almasb.fxgl.app.Engine$loop$1.invoke(Engine.kt:28)
	at com.almasb.fxgl.all@17.3/com.almasb.fxgl.app.Engine$loop$1.invoke(Engine.kt:28)
	at com.almasb.fxgl.all@17.3/com.almasb.fxgl.app.LoopRunner.frame(LoopRunner.kt:103)
	at com.almasb.fxgl.all@17.3/com.almasb.fxgl.app.LoopRunner.access$frame(LoopRunner.kt:23)
	at com.almasb.fxgl.all@17.3/com.almasb.fxgl.app.LoopRunner$impl$2$1.onTick(LoopRunner.kt:57)
	at com.almasb.fxgl.all@17.3/com.almasb.fxgl.app.AnimationTimerLoop$timer$1.handle(LoopRunner.kt:137)
	at javafx.graphics/javafx.animation.AnimationTimer$AnimationTimerReceiver.lambda$handle$0(AnimationTimer.java:58)
	at java.base/java.security.AccessController.doPrivileged(AccessController.java:400)
	at javafx.graphics/javafx.animation.AnimationTimer$AnimationTimerReceiver.handle(AnimationTimer.java:57)
	at javafx.graphics/com.sun.scenario.animation.AbstractPrimaryTimer.timePulseImpl(AbstractPrimaryTimer.java:356)
	at javafx.graphics/com.sun.scenario.animation.AbstractPrimaryTimer$MainLoop.run(AbstractPrimaryTimer.java:266)
	at javafx.graphics/com.sun.javafx.tk.quantum.QuantumToolkit.pulse(QuantumToolkit.java:571)
	at javafx.graphics/com.sun.javafx.tk.quantum.QuantumToolkit.pulse(QuantumToolkit.java:555)
	at javafx.graphics/com.sun.javafx.tk.quantum.QuantumToolkit.pulseFromQueue(QuantumToolkit.java:548)
	at javafx.graphics/com.sun.javafx.tk.quantum.QuantumToolkit.lambda$runToolkit$11(QuantumToolkit.java:353)
	at javafx.graphics/com.sun.glass.ui.InvokeLaterDispatcher$Future.run(InvokeLaterDispatcher.java:96)
	at javafx.graphics/com.sun.glass.ui.win.WinApplication._runLoop(Native Method)
	at javafx.graphics/com.sun.glass.ui.win.WinApplication.lambda$runLoop$3(WinApplication.java:184)
	at java.base/java.lang.Thread.run(Thread.java:1575)

10:23:03.915 [JavaFX Application Thread] FATAL FXGLApplication      - Application will now exit
10:23:03.937 [JavaFX Application Thread] DEBUG PrimaryStageWindow   - Push state: ErrorSubScene
10:23:03.938 [JavaFX Application Thread] DEBUG Input                - Clearing active input actions
10:23:03.943 [JavaFX Application Thread] DEBUG GameApplicationServi - Removing overlay from GameScene and adding to ErrorSubScene
10:23:03.943 [JavaFX Application Thread] DEBUG PrimaryStageWindow   - GameScene -> ErrorSubScene
10:23:05.410 [FXGL Background Thread 3 ] DEBUG Engine               - Logging environment variables
10:23:05.411 [FXGL Background Thread 3 ] DEBUG Engine               - achievements: []
10:23:05.411 [FXGL Background Thread 3 ] DEBUG Engine               - actualHeight: 480.0
10:23:05.412 [FXGL Background Thread 3 ] DEBUG Engine               - actualHeightProperty: ReadOnlyDoubleProperty [value: 480.0]
10:23:05.412 [FXGL Background Thread 3 ] DEBUG Engine               - actualWidth: 480.0
10:23:05.412 [FXGL Background Thread 3 ] DEBUG Engine               - actualWidthProperty: ReadOnlyDoubleProperty [value: 480.0]
10:23:05.412 [FXGL Background Thread 3 ] DEBUG Engine               - appIcon: fxgl_icon.png
10:23:05.412 [FXGL Background Thread 3 ] DEBUG Engine               - applicationMode: DEVELOPER
10:23:05.412 [FXGL Background Thread 3 ] DEBUG Engine               - cSSList: [fxgl_dark.css]
10:23:05.412 [FXGL Background Thread 3 ] DEBUG Engine               - collisionDetectionStrategy: BRUTE_FORCE
10:23:05.412 [FXGL Background Thread 3 ] DEBUG Engine               - configClass: Optional.empty
10:23:05.412 [FXGL Background Thread 3 ] DEBUG Engine               - credits: []
10:23:05.413 [FXGL Background Thread 3 ] DEBUG Engine               - defaultCursor: CursorInfo(imageName=fxgl_default_cursor.png, hotspotX=7.0, hotspotY=6.0)
10:23:05.413 [FXGL Background Thread 3 ] DEBUG Engine               - devBBoxColorProperty: ObjectProperty [value: 0xff0000ff]
10:23:05.414 [FXGL Background Thread 3 ] DEBUG Engine               - devEnableDebugCameraProperty: BooleanProperty [value: false]
10:23:05.414 [FXGL Background Thread 3 ] DEBUG Engine               - devSensorColorProperty: ObjectProperty [value: 0xffff00ff]
10:23:05.414 [FXGL Background Thread 3 ] DEBUG Engine               - devShowBBoxProperty: BooleanProperty [value: false]
10:23:05.414 [FXGL Background Thread 3 ] DEBUG Engine               - devShowPositionProperty: BooleanProperty [value: false]
10:23:05.414 [FXGL Background Thread 3 ] DEBUG Engine               - enabledMenuItems: []
10:23:05.414 [FXGL Background Thread 3 ] DEBUG Engine               - engineServices: [class com.almasb.fxgl.app.services.FXGLAssetLoaderService, class com.almasb.fxgl.app.FXGLApplication$GameApplicationService, class com.almasb.fxgl.app.services.FXGLDialogService, class com.almasb.fxgl.app.services.IOTaskExecutorService, class com.almasb.fxgl.io.FileSystemService, class com.almasb.fxgl.localization.LocalizationService, class com.almasb.fxgl.app.services.SystemBundleService, class com.almasb.fxgl.profile.SaveLoadService, class com.almasb.fxgl.ui.FXGLUIFactoryServiceProvider, class com.almasb.fxgl.ui.FXGLDialogFactoryServiceProvider, class com.almasb.fxgl.audio.AudioPlayer, class com.almasb.fxgl.notification.impl.NotificationServiceProvider, class com.almasb.fxgl.achievement.AchievementService, class com.almasb.fxgl.cutscene.CutsceneService, class com.almasb.fxgl.minigames.MiniGameService, class com.almasb.fxgl.net.NetService, class com.almasb.fxgl.app.services.UpdaterService, class com.almasb.fxgl.dev.DevService]
10:23:05.414 [FXGL Background Thread 3 ] DEBUG Engine               - fontGame: Abel-Regular.ttf
10:23:05.414 [FXGL Background Thread 3 ] DEBUG Engine               - fontMono: TerminalLandMono-Regular.otf
10:23:05.414 [FXGL Background Thread 3 ] DEBUG Engine               - fontSizeScaleUI: 1.0
10:23:05.414 [FXGL Background Thread 3 ] DEBUG Engine               - fontText: Courier-Prime.ttf
10:23:05.414 [FXGL Background Thread 3 ] DEBUG Engine               - fontUI: VarelaRound-Regular.ttf
10:23:05.415 [FXGL Background Thread 3 ] DEBUG Engine               - fullScreen: BooleanProperty [value: false]
10:23:05.415 [FXGL Background Thread 3 ] DEBUG Engine               - gameDifficulty: MEDIUM
10:23:05.415 [FXGL Background Thread 3 ] DEBUG Engine               - gameDifficultyProperty: ObjectProperty [value: MEDIUM]
10:23:05.415 [FXGL Background Thread 3 ] DEBUG Engine               - globalMusicVolume: 0.5
10:23:05.415 [FXGL Background Thread 3 ] DEBUG Engine               - globalMusicVolumeProperty: DoubleProperty [value: 0.5]
10:23:05.415 [FXGL Background Thread 3 ] DEBUG Engine               - globalSoundVolume: 0.5
10:23:05.415 [FXGL Background Thread 3 ] DEBUG Engine               - globalSoundVolumeProperty: DoubleProperty [value: 0.5]
10:23:05.415 [FXGL Background Thread 3 ] DEBUG Engine               - height: 480
10:23:05.415 [FXGL Background Thread 3 ] DEBUG Engine               - is3D: false
10:23:05.415 [FXGL Background Thread 3 ] DEBUG Engine               - isAndroid: false
10:23:05.415 [FXGL Background Thread 3 ] DEBUG Engine               - isBrowser: false
10:23:05.415 [FXGL Background Thread 3 ] DEBUG Engine               - isClickFeedbackEnabled: false
10:23:05.415 [FXGL Background Thread 3 ] DEBUG Engine               - isCloseConfirmation: false
10:23:05.416 [FXGL Background Thread 3 ] DEBUG Engine               - isDesktop: true
10:23:05.416 [FXGL Background Thread 3 ] DEBUG Engine               - isDeveloperMenuEnabled: false
10:23:05.416 [FXGL Background Thread 3 ] DEBUG Engine               - isEmbedded: false
10:23:05.416 [FXGL Background Thread 3 ] DEBUG Engine               - isEntityPreloadEnabled: true
10:23:05.416 [FXGL Background Thread 3 ] DEBUG Engine               - isExperimentalTiledLargeMap: false
10:23:05.416 [FXGL Background Thread 3 ] DEBUG Engine               - isFileSystemWriteAllowed: true
10:23:05.416 [FXGL Background Thread 3 ] DEBUG Engine               - isFullScreenAllowed: false
10:23:05.416 [FXGL Background Thread 3 ] DEBUG Engine               - isFullScreenFromStart: false
10:23:05.416 [FXGL Background Thread 3 ] DEBUG Engine               - isGameMenuEnabled: true
10:23:05.416 [FXGL Background Thread 3 ] DEBUG Engine               - isIOS: false
10:23:05.416 [FXGL Background Thread 3 ] DEBUG Engine               - isIntroEnabled: false
10:23:05.416 [FXGL Background Thread 3 ] DEBUG Engine               - isLinux: false
10:23:05.416 [FXGL Background Thread 3 ] DEBUG Engine               - isMac: false
10:23:05.416 [FXGL Background Thread 3 ] DEBUG Engine               - isMainMenuEnabled: false
10:23:05.416 [FXGL Background Thread 3 ] DEBUG Engine               - isManualResizeEnabled: false
10:23:05.416 [FXGL Background Thread 3 ] DEBUG Engine               - isMobile: false
10:23:05.416 [FXGL Background Thread 3 ] DEBUG Engine               - isNative: false
10:23:05.416 [FXGL Background Thread 3 ] DEBUG Engine               - isPauseMusicWhenMinimized: true
10:23:05.417 [FXGL Background Thread 3 ] DEBUG Engine               - isPreserveResizeRatio: false
10:23:05.417 [FXGL Background Thread 3 ] DEBUG Engine               - isProfilingEnabled: false
10:23:05.417 [FXGL Background Thread 3 ] DEBUG Engine               - isScaleAffectedOnResize: true
10:23:05.417 [FXGL Background Thread 3 ] DEBUG Engine               - isSingleStep: false
10:23:05.417 [FXGL Background Thread 3 ] DEBUG Engine               - isUserProfileEnabled: false
10:23:05.417 [FXGL Background Thread 3 ] DEBUG Engine               - isWindows: true
10:23:05.417 [FXGL Background Thread 3 ] DEBUG Engine               - language: ObjectProperty [value: ENGLISH]
10:23:05.417 [FXGL Background Thread 3 ] DEBUG Engine               - menuKey: ESCAPE
10:23:05.417 [FXGL Background Thread 3 ] DEBUG Engine               - mouseSensitivity: 0.2
10:23:05.417 [FXGL Background Thread 3 ] DEBUG Engine               - notificationViewClass: class com.almasb.fxgl.notification.view.XboxNotificationView
10:23:05.417 [FXGL Background Thread 3 ] DEBUG Engine               - pixelsPerMeter: 50.0
10:23:05.417 [FXGL Background Thread 3 ] DEBUG Engine               - platform: WINDOWS
10:23:05.417 [FXGL Background Thread 3 ] DEBUG Engine               - prefHeightProperty: ReadOnlyDoubleProperty [value: 480.0]
10:23:05.417 [FXGL Background Thread 3 ] DEBUG Engine               - prefWidthProperty: ReadOnlyDoubleProperty [value: 480.0]
10:23:05.417 [FXGL Background Thread 3 ] DEBUG Engine               - profileDir: profiles/
10:23:05.417 [FXGL Background Thread 3 ] DEBUG Engine               - profileName: StringProperty [value: DEFAULT]
10:23:05.417 [FXGL Background Thread 3 ] DEBUG Engine               - randomSeed: -1
10:23:05.418 [FXGL Background Thread 3 ] DEBUG Engine               - runtimeInfo: RuntimeInfo(platform=WINDOWS, version=17.3, build=30.03.2023 11.49)
10:23:05.418 [FXGL Background Thread 3 ] DEBUG Engine               - saveFileExt: sav
10:23:05.418 [FXGL Background Thread 3 ] DEBUG Engine               - scaledHeightProp$fxgl: DoubleProperty [bound, value: 480.0]
10:23:05.418 [FXGL Background Thread 3 ] DEBUG Engine               - scaledWidthProp$fxgl: DoubleProperty [bound, value: 480.0]
10:23:05.418 [FXGL Background Thread 3 ] DEBUG Engine               - sceneFactory: com.almasb.fxgl.app.scene.SceneFactory@2cc7704b
10:23:05.418 [FXGL Background Thread 3 ] DEBUG Engine               - secondsIn24h: 60
10:23:05.418 [FXGL Background Thread 3 ] DEBUG Engine               - soundMenuBack: menu/back.wav
10:23:05.418 [FXGL Background Thread 3 ] DEBUG Engine               - soundMenuPress: menu/press.wav
10:23:05.418 [FXGL Background Thread 3 ] DEBUG Engine               - soundMenuSelect: menu/select.wav
10:23:05.418 [FXGL Background Thread 3 ] DEBUG Engine               - soundNotification: core/notification.wav
10:23:05.418 [FXGL Background Thread 3 ] DEBUG Engine               - stageStyle: DECORATED
10:23:05.418 [FXGL Background Thread 3 ] DEBUG Engine               - supportedLanguages: [ENGLISH, FRENCH, GERMAN, HUNGARIAN, RUSSIAN]
10:23:05.419 [FXGL Background Thread 3 ] DEBUG Engine               - ticksPerSecond: -1
10:23:05.419 [FXGL Background Thread 3 ] DEBUG Engine               - title: Bomberman Game
10:23:05.419 [FXGL Background Thread 3 ] DEBUG Engine               - urlGithub: https://github.com/AlmasB/FXGL
10:23:05.419 [FXGL Background Thread 3 ] DEBUG Engine               - urlLeaderboard: http://fxgl-top.herokuapp.com/
10:23:05.419 [FXGL Background Thread 3 ] DEBUG Engine               - urlPOM: https://raw.githubusercontent.com/AlmasB/FXGL/release/README.md
10:23:05.419 [FXGL Background Thread 3 ] DEBUG Engine               - userAppClass: class org.example.demo.BombermanApp
10:23:05.419 [FXGL Background Thread 3 ] DEBUG Engine               - version: 1.0
10:23:05.419 [FXGL Background Thread 3 ] DEBUG Engine               - versionCheckDays: 7
10:23:05.419 [FXGL Background Thread 3 ] DEBUG Engine               - width: 480
10:23:05.419 [FXGL Background Thread 3 ] DEBUG Engine               - Logging services
10:23:05.419 [FXGL Background Thread 3 ] DEBUG Engine               - class com.almasb.fxgl.app.services.FXGLAssetLoaderService
10:23:05.419 [FXGL Background Thread 3 ] DEBUG Engine               - class com.almasb.fxgl.app.FXGLApplication$GameApplicationService
10:23:05.419 [FXGL Background Thread 3 ] DEBUG Engine               - class com.almasb.fxgl.app.services.FXGLDialogService
10:23:05.419 [FXGL Background Thread 3 ] DEBUG Engine               - class com.almasb.fxgl.app.services.IOTaskExecutorService
10:23:05.419 [FXGL Background Thread 3 ] DEBUG Engine               - class com.almasb.fxgl.io.FileSystemService
10:23:05.419 [FXGL Background Thread 3 ] DEBUG Engine               - class com.almasb.fxgl.localization.LocalizationService
10:23:05.419 [FXGL Background Thread 3 ] DEBUG Engine               - class com.almasb.fxgl.app.services.SystemBundleService
10:23:05.419 [FXGL Background Thread 3 ] DEBUG Engine               - class com.almasb.fxgl.profile.SaveLoadService
10:23:05.419 [FXGL Background Thread 3 ] DEBUG Engine               - class com.almasb.fxgl.ui.FXGLUIFactoryServiceProvider
10:23:05.419 [FXGL Background Thread 3 ] DEBUG Engine               - class com.almasb.fxgl.ui.FXGLDialogFactoryServiceProvider
10:23:05.419 [FXGL Background Thread 3 ] DEBUG Engine               - class com.almasb.fxgl.audio.AudioPlayer
10:23:05.419 [FXGL Background Thread 3 ] DEBUG Engine               - class com.almasb.fxgl.notification.impl.NotificationServiceProvider
10:23:05.419 [FXGL Background Thread 3 ] DEBUG Engine               - class com.almasb.fxgl.achievement.AchievementService
10:23:05.419 [FXGL Background Thread 3 ] DEBUG Engine               - class com.almasb.fxgl.cutscene.CutsceneService
10:23:05.420 [FXGL Background Thread 3 ] DEBUG Engine               - class com.almasb.fxgl.minigames.MiniGameService
10:23:05.420 [FXGL Background Thread 3 ] DEBUG Engine               - class com.almasb.fxgl.net.NetService
10:23:05.420 [FXGL Background Thread 3 ] DEBUG Engine               - class com.almasb.fxgl.app.services.UpdaterService
10:23:05.420 [FXGL Background Thread 3 ] DEBUG Engine               - class com.almasb.fxgl.dev.DevService
10:23:08.181 [JavaFX Application Thread] DEBUG FXGLApplication      - Exiting FXGL
10:23:08.182 [JavaFX Application Thread] DEBUG Async                - Shutting down background threads
10:23:08.183 [JavaFX Application Thread] DEBUG PrimaryStageWindow   - Closing main window
10:23:08.210 [JavaFX Application Thread] DEBUG Logger               - Closing Logger
