14:33:28.350 [main                     ] DEBUG Logger               - Configured Logger
14:33:28.372 [main                     ] DEBUG GameApplication      - Logging settings
Title: Bomberman Game
Version: 1.0
Width: 480
Height: 480
Fullscreen: false
Intro: false
Profiling: false
Single step:false
App Mode: DEVELOPER
Menu Key: ESCAPE
Stage Style: DECORATED
Scene Factory: class org.example.demo.BombermanApp$1

14:33:28.655 [JavaFX Application Thread] DEBUG FXGLApplication      - Initializing FXGL
14:33:28.658 [JavaFX Application Thread] INFO  Engine               - FXGL-17.3 (30.03.2023 11.49) on WINDOWS (J:23.0.2 FX:17.0.6)
14:33:28.659 [JavaFX Application Thread] DEBUG Engine               - JRE Vendor Name: Oracle Corporation
14:33:28.659 [JavaFX Application Thread] DEBUG Engine               - Running on OS: Windows 11 version 10.0
14:33:28.659 [JavaFX Application Thread] DEBUG Engine               - Architecture: amd64
14:33:28.659 [JavaFX Application Thread] INFO  Engine               - Source code and latest versions at: https://github.com/AlmasB/FXGL
14:33:28.659 [JavaFX Application Thread] INFO  Engine               -       Ask questions and discuss at: https://github.com/AlmasB/FXGL/discussions
14:33:28.659 [JavaFX Application Thread] INFO  Engine               -              Join the FXGL chat at: https://gitter.im/AlmasB/FXGL
14:33:28.737 [JavaFX Application Thread] DEBUG PrimaryStageWindow   - Creating a JavaFX scene
14:33:28.780 [JavaFX Application Thread] DEBUG PrimaryStageWindow   - Target settings size: 480.0 x 480.0
14:33:28.780 [JavaFX Application Thread] DEBUG PrimaryStageWindow   - Scaled scene size:    480.0 x 480.0
14:33:28.780 [JavaFX Application Thread] DEBUG PrimaryStageWindow   - Scaled ratio: (1.0, 1.0)
14:33:28.782 [JavaFX Application Thread] DEBUG PrimaryStageWindow   - Set initial scene to FXGLStartupScene
14:33:28.788 [JavaFX Application Thread] DEBUG PrimaryStageWindow   - Opening main window
14:33:28.857 [JavaFX Application Thread] DEBUG PrimaryStageWindow   - Window border size: (14.666656494140625, 37.33331298828125)
14:33:28.857 [JavaFX Application Thread] DEBUG PrimaryStageWindow   - Scaled size: 480.0 x 480.0
14:33:28.857 [JavaFX Application Thread] DEBUG PrimaryStageWindow   - Scaled ratio: (1.0, 1.0)
14:33:28.857 [JavaFX Application Thread] DEBUG PrimaryStageWindow   - Scene size: 480.0 x 480.0
14:33:28.858 [JavaFX Application Thread] DEBUG PrimaryStageWindow   - Stage size: 494.6666564941406 x 517.3333129882812
14:33:28.863 [FXGL Background Thread 1 ] DEBUG Engine               - Initializing environment variables
14:33:28.945 [FXGL Background Thread 1 ] DEBUG FXGLAssetLoaderServi - User app class for loading assets: class org.example.demo.HelloApplication
14:33:28.945 [FXGL Background Thread 1 ] DEBUG GameApplicationServi - Applying CSS: fxgl_dark.css
14:33:28.946 [FXGL Background Thread 1 ] DEBUG FXGLAssetLoaderServi - Loading from file system: jar:file:///C:/Users/admin/.m2/repository/com/github/almasb/fxgl/17.3/fxgl-17.3.jar!/fxglassets/ui/css/fxgl_dark.css
14:33:28.990 [FXGL Background Thread 1 ] DEBUG GameApplicationServi - Initializing application scenes
14:33:29.026 [FXGL Background Thread 1 ] DEBUG GameWorld            - Game world initialized
14:33:29.088 [FXGL Background Thread 1 ] DEBUG PhysicsWorld         - Physics world initialized: appHeight=480, physics.ppm=50.0
14:33:29.088 [FXGL Background Thread 1 ] DEBUG PhysicsWorld         - Using strategy: BRUTE_FORCE
14:33:29.091 [FXGL Background Thread 1 ] DEBUG GameScene            - Game scene initialized: 480x480
14:33:29.108 [FXGL Background Thread 1 ] WARN  FXGL.DefaultMenu     - FXGLDefaultMenu is not designed for resolutions < 800x600
14:33:29.108 [FXGL Background Thread 1 ] DEBUG FXGL.DefaultMenu     - createMenuBodyGameMenu()
14:33:29.116 [FXGL Background Thread 1 ] DEBUG FXGL.DefaultMenu     - createOptionsMenu()
14:33:29.123 [FXGL Background Thread 1 ] DEBUG FXGLAssetLoaderServi - Loading from file system: jar:file:///C:/Users/admin/.m2/repository/com/github/almasb/fxgl/17.3/fxgl-17.3.jar!/fxglassets/textures/particles/smoke.png
14:33:29.197 [FXGL Background Thread 1 ] DEBUG FXGLAssetLoaderServi - Loading from file system: jar:file:///C:/Users/admin/.m2/repository/com/github/almasb/fxgl/17.3/fxgl-17.3.jar!/fxglassets/textures/particles/trace_horizontal.png
14:33:29.224 [FXGL Background Thread 1 ] DEBUG GameApplicationServi - Application scenes initialized
14:33:29.233 [FXGL Background Thread 1 ] DEBUG SystemBundleService  - Loading FXGL system data
14:33:29.237 [FXGL Background Thread 1 ] DEBUG FileSystemAccess     - Reading from: C:\Users\admin\OneDrive\Máy tính\btl\baitaplonOOP\system\fxgl.bundle
14:33:29.242 [FXGL Background Thread 1 ] DEBUG SystemBundleService  - Bundle FXGL: {}
14:33:29.242 [FXGL Background Thread 1 ] DEBUG UpdaterService       - Checking for updates
14:33:29.245 [FXGL Background Thread 4 ] DEBUG FXGLApplication      - Loading fonts
14:33:29.246 [FXGL Background Thread 1 ] DEBUG FXGLApplication      - Loading default localization
14:33:29.246 [FXGL Background Thread 4 ] DEBUG FXGLAssetLoaderServi - Loading from file system: jar:file:///C:/Users/admin/.m2/repository/com/github/almasb/fxgl/17.3/fxgl-17.3.jar!/fxglassets/ui/fonts/VarelaRound-Regular.ttf
14:33:29.246 [FXGL Background Thread 1 ] DEBUG FXGLAssetLoaderServi - Loading from file system: jar:file:///C:/Users/admin/.m2/repository/com/github/almasb/fxgl/17.3/fxgl-17.3.jar!/fxglassets/languages/english.lang
14:33:29.263 [FXGL Background Thread 1 ] INFO  FXGLApplication      - FXGL initialization took: 0.400 sec
14:33:29.267 [JavaFX Application Thread] DEBUG Input                - Clearing active input actions
14:33:29.274 [JavaFX Application Thread] DEBUG Input                - Registered new binding: Move Up - W
14:33:29.274 [JavaFX Application Thread] DEBUG Input                - Registered new binding: Move Down - S
14:33:29.274 [JavaFX Application Thread] DEBUG Input                - Registered new binding: Move Left - A
14:33:29.274 [JavaFX Application Thread] DEBUG Input                - Registered new binding: Move Right - D
14:33:29.275 [JavaFX Application Thread] DEBUG Input                - Registered new binding: Đặt bom - Space
14:33:29.275 [JavaFX Application Thread] DEBUG FXGLAssetLoaderServi - Loading from file system: jar:file:///C:/Users/admin/.m2/repository/com/github/almasb/fxgl/17.3/fxgl-17.3.jar!/fxglassets/textures/fxgl_icon.png
14:33:29.286 [FXGL Background Thread 4 ] DEBUG FXGLAssetLoaderServi - Loading from file system: jar:file:///C:/Users/admin/.m2/repository/com/github/almasb/fxgl/17.3/fxgl-17.3.jar!/fxglassets/ui/fonts/Abel-Regular.ttf
14:33:29.297 [JavaFX Application Thread] DEBUG FXGLAssetLoaderServi - Loading from file system: jar:file:///C:/Users/admin/.m2/repository/com/github/almasb/fxgl/17.3/fxgl-17.3.jar!/fxglassets/textures/fxgl_default_cursor.png
14:33:29.299 [JavaFX Application Thread] DEBUG Input                - Registered new binding: Screenshot - CTRL+8
14:33:29.299 [JavaFX Application Thread] DEBUG Input                - Registered new binding: System info dump - CTRL+9
14:33:29.300 [JavaFX Application Thread] DEBUG Input                - Registered new binding: Restart - CTRL+R
14:33:29.300 [FXGL Background Thread 4 ] DEBUG FXGLAssetLoaderServi - Loading from file system: jar:file:///C:/Users/admin/.m2/repository/com/github/almasb/fxgl/17.3/fxgl-17.3.jar!/fxglassets/ui/fonts/TerminalLandMono-Regular.otf
14:33:29.300 [JavaFX Application Thread] DEBUG Input                - Registered new binding: Toggle Debug Camera - CTRL+7
14:33:29.304 [JavaFX Application Thread] DEBUG LoopRunner           - Starting loop
14:33:29.304 [JavaFX Application Thread] DEBUG LoopRunner           - Initializing JavaFX AnimationTimerLoop
14:33:29.307 [JavaFX Application Thread] DEBUG Input                - Clearing active input actions
14:33:29.315 [FXGL Background Thread 4 ] DEBUG FXGLAssetLoaderServi - Loading from file system: jar:file:///C:/Users/admin/.m2/repository/com/github/almasb/fxgl/17.3/fxgl-17.3.jar!/fxglassets/ui/fonts/Courier-Prime.ttf
14:33:29.316 [JavaFX Application Thread] DEBUG PrimaryStageWindow   - FXGLStartupScene -> FXGLMainMenuDummyScene
14:33:29.316 [JavaFX Application Thread] DEBUG PrimaryStageWindow   - Push state: ViewMenu
14:33:29.316 [JavaFX Application Thread] DEBUG Input                - Clearing active input actions
14:33:29.324 [JavaFX Application Thread] DEBUG GameApplicationServi - Removing overlay from FXGLMainMenuDummyScene and adding to ViewMenu
14:33:29.325 [JavaFX Application Thread] DEBUG PrimaryStageWindow   - FXGLMainMenuDummyScene -> ViewMenu
14:33:29.389 [JavaFX Application Thread] DEBUG FXGLApplication      - Registering font factories with UI factory
14:33:30.043 [FXGL Background Thread 2 ] INFO  UpdaterService       - Your current version:  17.3
14:33:30.044 [FXGL Background Thread 2 ] INFO  UpdaterService       - Latest stable version: 21.1
14:33:31.895 [JavaFX Application Thread] DEBUG GameApplicationServi - Starting new game
14:33:31.895 [JavaFX Application Thread] DEBUG PrimaryStageWindow   - Pop state: ViewMenu
14:33:31.896 [JavaFX Application Thread] DEBUG Input                - Clearing active input actions
14:33:31.898 [JavaFX Application Thread] DEBUG GameApplicationServi - Removing overlay from ViewMenu and adding to FXGLMainMenuDummyScene
14:33:31.900 [JavaFX Application Thread] DEBUG PrimaryStageWindow   - FXGLMainMenuDummyScene <- ViewMenu
14:33:31.901 [JavaFX Application Thread] DEBUG Input                - Clearing active input actions
14:33:31.921 [JavaFX Application Thread] DEBUG GameApplicationServi - Removing overlay from FXGLMainMenuDummyScene and adding to FXGLLoadingScene
14:33:31.922 [JavaFX Application Thread] DEBUG PrimaryStageWindow   - FXGLMainMenuDummyScene -> FXGLLoadingScene
14:33:31.922 [JavaFX Application Thread] DEBUG GameApplicationServi - Clearing previous game
14:33:31.922 [JavaFX Application Thread] DEBUG GameScene            - Clearing game scene
14:33:31.922 [JavaFX Application Thread] DEBUG GameWorld            - Clearing game world
14:33:31.922 [JavaFX Application Thread] DEBUG PhysicsWorld         - Clearing physics world
14:33:31.924 [FXGL Background Thread 2 ] DEBUG FXGLApplication      - Initializing game
14:33:32.157 [FXGL Background Thread 2 ] INFO  FXGLApplication      - Game initialization took: 0.232 sec
14:33:32.163 [JavaFX Application Thread] DEBUG Input                - Clearing active input actions
14:33:32.174 [JavaFX Application Thread] DEBUG GameApplicationServi - Removing overlay from FXGLLoadingScene and adding to GameScene
14:33:32.174 [JavaFX Application Thread] DEBUG PrimaryStageWindow   - FXGLLoadingScene -> GameScene
14:33:32.246 [FXGL Background Thread 3 ] DEBUG Engine               - Logging environment variables
14:33:32.246 [FXGL Background Thread 3 ] DEBUG Engine               - achievements: []
14:33:32.246 [FXGL Background Thread 3 ] DEBUG Engine               - actualHeight: 480.0
14:33:32.246 [FXGL Background Thread 3 ] DEBUG Engine               - actualHeightProperty: ReadOnlyDoubleProperty [value: 480.0]
14:33:32.247 [FXGL Background Thread 3 ] DEBUG Engine               - actualWidth: 480.0
14:33:32.247 [FXGL Background Thread 3 ] DEBUG Engine               - actualWidthProperty: ReadOnlyDoubleProperty [value: 480.0]
14:33:32.247 [FXGL Background Thread 3 ] DEBUG Engine               - appIcon: fxgl_icon.png
14:33:32.247 [FXGL Background Thread 3 ] DEBUG Engine               - applicationMode: DEVELOPER
14:33:32.247 [FXGL Background Thread 3 ] DEBUG Engine               - cSSList: [fxgl_dark.css]
14:33:32.247 [FXGL Background Thread 3 ] DEBUG Engine               - collisionDetectionStrategy: BRUTE_FORCE
14:33:32.247 [FXGL Background Thread 3 ] DEBUG Engine               - configClass: Optional.empty
14:33:32.247 [FXGL Background Thread 3 ] DEBUG Engine               - credits: []
14:33:32.247 [FXGL Background Thread 3 ] DEBUG Engine               - defaultCursor: CursorInfo(imageName=fxgl_default_cursor.png, hotspotX=7.0, hotspotY=6.0)
14:33:32.248 [FXGL Background Thread 3 ] DEBUG Engine               - devBBoxColorProperty: ObjectProperty [value: 0xff0000ff]
14:33:32.248 [FXGL Background Thread 3 ] DEBUG Engine               - devEnableDebugCameraProperty: BooleanProperty [value: false]
14:33:32.248 [FXGL Background Thread 3 ] DEBUG Engine               - devSensorColorProperty: ObjectProperty [value: 0xffff00ff]
14:33:32.248 [FXGL Background Thread 3 ] DEBUG Engine               - devShowBBoxProperty: BooleanProperty [value: false]
14:33:32.248 [FXGL Background Thread 3 ] DEBUG Engine               - devShowPositionProperty: BooleanProperty [value: false]
14:33:32.248 [FXGL Background Thread 3 ] DEBUG Engine               - enabledMenuItems: []
14:33:32.248 [FXGL Background Thread 3 ] DEBUG Engine               - engineServices: [class com.almasb.fxgl.app.services.FXGLAssetLoaderService, class com.almasb.fxgl.app.FXGLApplication$GameApplicationService, class com.almasb.fxgl.app.services.FXGLDialogService, class com.almasb.fxgl.app.services.IOTaskExecutorService, class com.almasb.fxgl.io.FileSystemService, class com.almasb.fxgl.localization.LocalizationService, class com.almasb.fxgl.app.services.SystemBundleService, class com.almasb.fxgl.profile.SaveLoadService, class com.almasb.fxgl.ui.FXGLUIFactoryServiceProvider, class com.almasb.fxgl.ui.FXGLDialogFactoryServiceProvider, class com.almasb.fxgl.audio.AudioPlayer, class com.almasb.fxgl.notification.impl.NotificationServiceProvider, class com.almasb.fxgl.achievement.AchievementService, class com.almasb.fxgl.cutscene.CutsceneService, class com.almasb.fxgl.minigames.MiniGameService, class com.almasb.fxgl.net.NetService, class com.almasb.fxgl.app.services.UpdaterService, class com.almasb.fxgl.dev.DevService]
14:33:32.248 [FXGL Background Thread 3 ] DEBUG Engine               - fontGame: Abel-Regular.ttf
14:33:32.248 [FXGL Background Thread 3 ] DEBUG Engine               - fontMono: TerminalLandMono-Regular.otf
14:33:32.248 [FXGL Background Thread 3 ] DEBUG Engine               - fontSizeScaleUI: 1.0
14:33:32.248 [FXGL Background Thread 3 ] DEBUG Engine               - fontText: Courier-Prime.ttf
14:33:32.248 [FXGL Background Thread 3 ] DEBUG Engine               - fontUI: VarelaRound-Regular.ttf
14:33:32.249 [FXGL Background Thread 3 ] DEBUG Engine               - fullScreen: BooleanProperty [value: false]
14:33:32.249 [FXGL Background Thread 3 ] DEBUG Engine               - gameDifficulty: MEDIUM
14:33:32.249 [FXGL Background Thread 3 ] DEBUG Engine               - gameDifficultyProperty: ObjectProperty [value: MEDIUM]
14:33:32.249 [FXGL Background Thread 3 ] DEBUG Engine               - globalMusicVolume: 0.5
14:33:32.249 [FXGL Background Thread 3 ] DEBUG Engine               - globalMusicVolumeProperty: DoubleProperty [value: 0.5]
14:33:32.249 [FXGL Background Thread 3 ] DEBUG Engine               - globalSoundVolume: 0.5
14:33:32.249 [FXGL Background Thread 3 ] DEBUG Engine               - globalSoundVolumeProperty: DoubleProperty [value: 0.5]
14:33:32.249 [FXGL Background Thread 3 ] DEBUG Engine               - height: 480
14:33:32.249 [FXGL Background Thread 3 ] DEBUG Engine               - is3D: false
14:33:32.249 [FXGL Background Thread 3 ] DEBUG Engine               - isAndroid: false
14:33:32.249 [FXGL Background Thread 3 ] DEBUG Engine               - isBrowser: false
14:33:32.249 [FXGL Background Thread 3 ] DEBUG Engine               - isClickFeedbackEnabled: false
14:33:32.250 [FXGL Background Thread 3 ] DEBUG Engine               - isCloseConfirmation: false
14:33:32.250 [FXGL Background Thread 3 ] DEBUG Engine               - isDesktop: true
14:33:32.250 [FXGL Background Thread 3 ] DEBUG Engine               - isDeveloperMenuEnabled: false
14:33:32.250 [FXGL Background Thread 3 ] DEBUG Engine               - isEmbedded: false
14:33:32.250 [FXGL Background Thread 3 ] DEBUG Engine               - isEntityPreloadEnabled: true
14:33:32.250 [FXGL Background Thread 3 ] DEBUG Engine               - isExperimentalTiledLargeMap: false
14:33:32.250 [FXGL Background Thread 3 ] DEBUG Engine               - isFileSystemWriteAllowed: true
14:33:32.250 [FXGL Background Thread 3 ] DEBUG Engine               - isFullScreenAllowed: false
14:33:32.250 [FXGL Background Thread 3 ] DEBUG Engine               - isFullScreenFromStart: false
14:33:32.250 [FXGL Background Thread 3 ] DEBUG Engine               - isGameMenuEnabled: true
14:33:32.250 [FXGL Background Thread 3 ] DEBUG Engine               - isIOS: false
14:33:32.250 [FXGL Background Thread 3 ] DEBUG Engine               - isIntroEnabled: false
14:33:32.250 [FXGL Background Thread 3 ] DEBUG Engine               - isLinux: false
14:33:32.250 [FXGL Background Thread 3 ] DEBUG Engine               - isMac: false
14:33:32.251 [FXGL Background Thread 3 ] DEBUG Engine               - isMainMenuEnabled: true
14:33:32.251 [FXGL Background Thread 3 ] DEBUG Engine               - isManualResizeEnabled: false
14:33:32.251 [FXGL Background Thread 3 ] DEBUG Engine               - isMobile: false
14:33:32.251 [FXGL Background Thread 3 ] DEBUG Engine               - isNative: false
14:33:32.251 [FXGL Background Thread 3 ] DEBUG Engine               - isPauseMusicWhenMinimized: true
14:33:32.251 [FXGL Background Thread 3 ] DEBUG Engine               - isPreserveResizeRatio: false
14:33:32.251 [FXGL Background Thread 3 ] DEBUG Engine               - isProfilingEnabled: false
14:33:32.251 [FXGL Background Thread 3 ] DEBUG Engine               - isScaleAffectedOnResize: true
14:33:32.251 [FXGL Background Thread 3 ] DEBUG Engine               - isSingleStep: false
14:33:32.251 [FXGL Background Thread 3 ] DEBUG Engine               - isUserProfileEnabled: false
14:33:32.251 [FXGL Background Thread 3 ] DEBUG Engine               - isWindows: true
14:33:32.251 [FXGL Background Thread 3 ] DEBUG Engine               - language: ObjectProperty [value: ENGLISH]
14:33:32.251 [FXGL Background Thread 3 ] DEBUG Engine               - menuKey: ESCAPE
14:33:32.251 [FXGL Background Thread 3 ] DEBUG Engine               - mouseSensitivity: 0.2
14:33:32.251 [FXGL Background Thread 3 ] DEBUG Engine               - notificationViewClass: class com.almasb.fxgl.notification.view.XboxNotificationView
14:33:32.251 [FXGL Background Thread 3 ] DEBUG Engine               - pixelsPerMeter: 50.0
14:33:32.251 [FXGL Background Thread 3 ] DEBUG Engine               - platform: WINDOWS
14:33:32.251 [FXGL Background Thread 3 ] DEBUG Engine               - prefHeightProperty: ReadOnlyDoubleProperty [value: 480.0]
14:33:32.252 [FXGL Background Thread 3 ] DEBUG Engine               - prefWidthProperty: ReadOnlyDoubleProperty [value: 480.0]
14:33:32.252 [FXGL Background Thread 3 ] DEBUG Engine               - profileDir: profiles/
14:33:32.252 [FXGL Background Thread 3 ] DEBUG Engine               - profileName: StringProperty [value: DEFAULT]
14:33:32.252 [FXGL Background Thread 3 ] DEBUG Engine               - randomSeed: -1
14:33:32.252 [FXGL Background Thread 3 ] DEBUG Engine               - runtimeInfo: RuntimeInfo(platform=WINDOWS, version=17.3, build=30.03.2023 11.49)
14:33:32.252 [FXGL Background Thread 3 ] DEBUG Engine               - saveFileExt: sav
14:33:32.252 [FXGL Background Thread 3 ] DEBUG Engine               - scaledHeightProp$fxgl: DoubleProperty [bound, value: 480.0]
14:33:32.252 [FXGL Background Thread 3 ] DEBUG Engine               - scaledWidthProp$fxgl: DoubleProperty [bound, value: 480.0]
14:33:32.253 [FXGL Background Thread 3 ] DEBUG Engine               - sceneFactory: org.example.demo.BombermanApp$1@1ba8fa98
14:33:32.253 [FXGL Background Thread 3 ] DEBUG Engine               - secondsIn24h: 60
14:33:32.253 [FXGL Background Thread 3 ] DEBUG Engine               - soundMenuBack: menu/back.wav
14:33:32.253 [FXGL Background Thread 3 ] DEBUG Engine               - soundMenuPress: menu/press.wav
14:33:32.253 [FXGL Background Thread 3 ] DEBUG Engine               - soundMenuSelect: menu/select.wav
14:33:32.253 [FXGL Background Thread 3 ] DEBUG Engine               - soundNotification: core/notification.wav
14:33:32.253 [FXGL Background Thread 3 ] DEBUG Engine               - stageStyle: DECORATED
14:33:32.253 [FXGL Background Thread 3 ] DEBUG Engine               - supportedLanguages: [ENGLISH, FRENCH, GERMAN, HUNGARIAN, RUSSIAN]
14:33:32.253 [FXGL Background Thread 3 ] DEBUG Engine               - ticksPerSecond: -1
14:33:32.253 [FXGL Background Thread 3 ] DEBUG Engine               - title: Bomberman Game
14:33:32.253 [FXGL Background Thread 3 ] DEBUG Engine               - urlGithub: https://github.com/AlmasB/FXGL
14:33:32.253 [FXGL Background Thread 3 ] DEBUG Engine               - urlLeaderboard: http://fxgl-top.herokuapp.com/
14:33:32.253 [FXGL Background Thread 3 ] DEBUG Engine               - urlPOM: https://raw.githubusercontent.com/AlmasB/FXGL/release/README.md
14:33:32.253 [FXGL Background Thread 3 ] DEBUG Engine               - userAppClass: class org.example.demo.HelloApplication
14:33:32.253 [FXGL Background Thread 3 ] DEBUG Engine               - version: 1.0
14:33:32.253 [FXGL Background Thread 3 ] DEBUG Engine               - versionCheckDays: 7
14:33:32.253 [FXGL Background Thread 3 ] DEBUG Engine               - width: 480
14:33:32.254 [FXGL Background Thread 3 ] DEBUG Engine               - Logging services
14:33:32.254 [FXGL Background Thread 3 ] DEBUG Engine               - class com.almasb.fxgl.app.services.FXGLAssetLoaderService
14:33:32.254 [FXGL Background Thread 3 ] DEBUG Engine               - class com.almasb.fxgl.app.FXGLApplication$GameApplicationService
14:33:32.254 [FXGL Background Thread 3 ] DEBUG Engine               - class com.almasb.fxgl.app.services.FXGLDialogService
14:33:32.254 [FXGL Background Thread 3 ] DEBUG Engine               - class com.almasb.fxgl.app.services.IOTaskExecutorService
14:33:32.254 [FXGL Background Thread 3 ] DEBUG Engine               - class com.almasb.fxgl.io.FileSystemService
14:33:32.254 [FXGL Background Thread 3 ] DEBUG Engine               - class com.almasb.fxgl.localization.LocalizationService
14:33:32.254 [FXGL Background Thread 3 ] DEBUG Engine               - class com.almasb.fxgl.app.services.SystemBundleService
14:33:32.254 [FXGL Background Thread 3 ] DEBUG Engine               - class com.almasb.fxgl.profile.SaveLoadService
14:33:32.254 [FXGL Background Thread 3 ] DEBUG Engine               - class com.almasb.fxgl.ui.FXGLUIFactoryServiceProvider
14:33:32.254 [FXGL Background Thread 3 ] DEBUG Engine               - class com.almasb.fxgl.ui.FXGLDialogFactoryServiceProvider
14:33:32.254 [FXGL Background Thread 3 ] DEBUG Engine               - class com.almasb.fxgl.audio.AudioPlayer
14:33:32.254 [FXGL Background Thread 3 ] DEBUG Engine               - class com.almasb.fxgl.notification.impl.NotificationServiceProvider
14:33:32.254 [FXGL Background Thread 3 ] DEBUG Engine               - class com.almasb.fxgl.achievement.AchievementService
14:33:32.254 [FXGL Background Thread 3 ] DEBUG Engine               - class com.almasb.fxgl.cutscene.CutsceneService
14:33:32.254 [FXGL Background Thread 3 ] DEBUG Engine               - class com.almasb.fxgl.minigames.MiniGameService
14:33:32.254 [FXGL Background Thread 3 ] DEBUG Engine               - class com.almasb.fxgl.net.NetService
14:33:32.254 [FXGL Background Thread 3 ] DEBUG Engine               - class com.almasb.fxgl.app.services.UpdaterService
14:33:32.254 [FXGL Background Thread 3 ] DEBUG Engine               - class com.almasb.fxgl.dev.DevService
14:33:36.738 [JavaFX Application Thread] DEBUG PrimaryStageWindow   - Push state: DialogSubScene
14:33:36.738 [JavaFX Application Thread] DEBUG Input                - Clearing active input actions
14:33:36.740 [JavaFX Application Thread] DEBUG GameApplicationServi - Removing overlay from GameScene and adding to DialogSubScene
14:33:36.740 [JavaFX Application Thread] DEBUG PrimaryStageWindow   - GameScene -> DialogSubScene
14:33:38.951 [JavaFX Application Thread] DEBUG PrimaryStageWindow   - Pop state: DialogSubScene
14:33:38.952 [JavaFX Application Thread] DEBUG Input                - Clearing active input actions
14:33:38.953 [JavaFX Application Thread] DEBUG GameApplicationServi - Removing overlay from DialogSubScene and adding to GameScene
14:33:38.954 [JavaFX Application Thread] DEBUG PrimaryStageWindow   - GameScene <- DialogSubScene
14:33:40.089 [JavaFX Application Thread] DEBUG PrimaryStageWindow   - Push state: DialogSubScene
14:33:40.089 [JavaFX Application Thread] DEBUG Input                - Clearing active input actions
14:33:40.090 [JavaFX Application Thread] DEBUG GameApplicationServi - Removing overlay from GameScene and adding to DialogSubScene
14:33:40.090 [JavaFX Application Thread] DEBUG PrimaryStageWindow   - GameScene -> DialogSubScene
14:33:42.807 [JavaFX Application Thread] DEBUG PrimaryStageWindow   - Pop state: DialogSubScene
14:33:42.807 [JavaFX Application Thread] DEBUG Input                - Clearing active input actions
14:33:42.809 [JavaFX Application Thread] DEBUG GameApplicationServi - Removing overlay from DialogSubScene and adding to GameScene
14:33:42.809 [JavaFX Application Thread] DEBUG PrimaryStageWindow   - GameScene <- DialogSubScene
14:33:53.239 [JavaFX Application Thread] DEBUG PrimaryStageWindow   - Push state: DialogSubScene
14:33:53.240 [JavaFX Application Thread] DEBUG Input                - Clearing active input actions
14:33:53.241 [JavaFX Application Thread] DEBUG GameApplicationServi - Removing overlay from GameScene and adding to DialogSubScene
14:33:53.242 [JavaFX Application Thread] DEBUG PrimaryStageWindow   - GameScene -> DialogSubScene
14:33:55.025 [JavaFX Application Thread] DEBUG PrimaryStageWindow   - Pop state: DialogSubScene
14:33:55.026 [JavaFX Application Thread] DEBUG Input                - Clearing active input actions
14:33:55.027 [JavaFX Application Thread] DEBUG GameApplicationServi - Removing overlay from DialogSubScene and adding to GameScene
14:33:55.027 [JavaFX Application Thread] DEBUG PrimaryStageWindow   - GameScene <- DialogSubScene
14:33:55.877 [JavaFX Application Thread] DEBUG PrimaryStageWindow   - Push state: DialogSubScene
14:33:55.877 [JavaFX Application Thread] DEBUG Input                - Clearing active input actions
14:33:55.877 [JavaFX Application Thread] DEBUG GameApplicationServi - Removing overlay from GameScene and adding to DialogSubScene
14:33:55.877 [JavaFX Application Thread] DEBUG PrimaryStageWindow   - GameScene -> DialogSubScene
14:33:57.458 [JavaFX Application Thread] DEBUG PrimaryStageWindow   - Pop state: DialogSubScene
14:33:57.458 [JavaFX Application Thread] DEBUG Input                - Clearing active input actions
14:33:57.459 [JavaFX Application Thread] DEBUG GameApplicationServi - Removing overlay from DialogSubScene and adding to GameScene
14:33:57.459 [JavaFX Application Thread] DEBUG PrimaryStageWindow   - GameScene <- DialogSubScene
14:33:58.229 [JavaFX Application Thread] DEBUG PrimaryStageWindow   - Push state: DialogSubScene
14:33:58.229 [JavaFX Application Thread] DEBUG Input                - Clearing active input actions
14:33:58.229 [JavaFX Application Thread] DEBUG GameApplicationServi - Removing overlay from GameScene and adding to DialogSubScene
14:33:58.229 [JavaFX Application Thread] DEBUG PrimaryStageWindow   - GameScene -> DialogSubScene
14:34:00.069 [JavaFX Application Thread] DEBUG PrimaryStageWindow   - Pop state: DialogSubScene
14:34:00.070 [JavaFX Application Thread] DEBUG Input                - Clearing active input actions
14:34:00.070 [JavaFX Application Thread] DEBUG GameApplicationServi - Removing overlay from DialogSubScene and adding to GameScene
14:34:00.070 [JavaFX Application Thread] DEBUG PrimaryStageWindow   - GameScene <- DialogSubScene
14:34:06.598 [JavaFX Application Thread] DEBUG PrimaryStageWindow   - Push state: DialogSubScene
14:34:06.599 [JavaFX Application Thread] DEBUG Input                - Clearing active input actions
14:34:06.600 [JavaFX Application Thread] DEBUG GameApplicationServi - Removing overlay from GameScene and adding to DialogSubScene
14:34:06.600 [JavaFX Application Thread] DEBUG PrimaryStageWindow   - GameScene -> DialogSubScene
14:34:08.212 [JavaFX Application Thread] DEBUG PrimaryStageWindow   - Pop state: DialogSubScene
14:34:08.212 [JavaFX Application Thread] DEBUG Input                - Clearing active input actions
14:34:08.213 [JavaFX Application Thread] DEBUG GameApplicationServi - Removing overlay from DialogSubScene and adding to GameScene
14:34:08.213 [JavaFX Application Thread] DEBUG PrimaryStageWindow   - GameScene <- DialogSubScene
14:34:29.735 [JavaFX Application Thread] DEBUG PrimaryStageWindow   - Push state: DialogSubScene
14:34:29.735 [JavaFX Application Thread] DEBUG Input                - Clearing active input actions
14:34:29.735 [JavaFX Application Thread] DEBUG GameApplicationServi - Removing overlay from GameScene and adding to DialogSubScene
14:34:29.736 [JavaFX Application Thread] DEBUG PrimaryStageWindow   - GameScene -> DialogSubScene
14:34:31.268 [JavaFX Application Thread] DEBUG PrimaryStageWindow   - Pop state: DialogSubScene
14:34:31.268 [JavaFX Application Thread] DEBUG Input                - Clearing active input actions
14:34:31.269 [JavaFX Application Thread] DEBUG GameApplicationServi - Removing overlay from DialogSubScene and adding to GameScene
14:34:31.271 [JavaFX Application Thread] DEBUG PrimaryStageWindow   - GameScene <- DialogSubScene
14:35:44.729 [JavaFX Application Thread] DEBUG FXGLApplication      - Exiting FXGL
14:35:44.731 [JavaFX Application Thread] DEBUG LoopRunner           - Stopping loop
14:35:44.731 [JavaFX Application Thread] DEBUG SystemBundleService  - Saving FXGL system data
14:35:44.737 [JavaFX Application Thread] DEBUG FileSystemAccess     - Writing to: C:\Users\admin\OneDrive\Máy tính\btl\baitaplonOOP\system\fxgl.bundle
14:35:44.741 [JavaFX Application Thread] DEBUG Async                - Shutting down background threads
14:35:44.741 [JavaFX Application Thread] DEBUG PrimaryStageWindow   - Closing main window
14:35:44.764 [JavaFX Application Thread] DEBUG Logger               - Closing Logger
