17:11:49.406 [main                     ] DEBUG Logger               - Configured Logger
17:11:49.432 [main                     ] DEBUG GameApplication      - Logging settings
Title: Bomberman Game
Version: 1.0
Width: 480
Height: 480
Fullscreen: false
Intro: false
Profiling: false
Single step:false
App Mode: DEVELOPER
Menu Key: ESCAPE
Stage Style: DECORATED
Scene Factory: class com.almasb.fxgl.app.scene.SceneFactory

17:11:49.765 [JavaFX Application Thread] DEBUG FXGLApplication      - Initializing FXGL
17:11:49.768 [JavaFX Application Thread] INFO  Engine               - FXGL-17.3 (30.03.2023 11.49) on WINDOWS (J:23.0.2 FX:17.0.6)
17:11:49.769 [JavaFX Application Thread] DEBUG Engine               - JRE Vendor Name: Oracle Corporation
17:11:49.769 [JavaFX Application Thread] DEBUG Engine               - Running on OS: Windows 11 version 10.0
17:11:49.769 [JavaFX Application Thread] DEBUG Engine               - Architecture: amd64
17:11:49.769 [JavaFX Application Thread] INFO  Engine               - Source code and latest versions at: https://github.com/AlmasB/FXGL
17:11:49.769 [JavaFX Application Thread] INFO  Engine               -       Ask questions and discuss at: https://github.com/AlmasB/FXGL/discussions
17:11:49.769 [JavaFX Application Thread] INFO  Engine               -              Join the FXGL chat at: https://gitter.im/AlmasB/FXGL
17:11:49.856 [JavaFX Application Thread] DEBUG PrimaryStageWindow   - Creating a JavaFX scene
17:11:49.904 [JavaFX Application Thread] DEBUG PrimaryStageWindow   - Target settings size: 480.0 x 480.0
17:11:49.904 [JavaFX Application Thread] DEBUG PrimaryStageWindow   - Scaled scene size:    480.0 x 480.0
17:11:49.904 [JavaFX Application Thread] DEBUG PrimaryStageWindow   - Scaled ratio: (1.0, 1.0)
17:11:49.905 [JavaFX Application Thread] DEBUG PrimaryStageWindow   - Set initial scene to FXGLStartupScene
17:11:49.911 [JavaFX Application Thread] DEBUG PrimaryStageWindow   - Opening main window
17:11:49.990 [JavaFX Application Thread] DEBUG PrimaryStageWindow   - Window border size: (14.666656494140625, 37.33331298828125)
17:11:49.991 [JavaFX Application Thread] DEBUG PrimaryStageWindow   - Scaled size: 480.0 x 480.0
17:11:49.992 [JavaFX Application Thread] DEBUG PrimaryStageWindow   - Scaled ratio: (1.0, 1.0)
17:11:49.992 [JavaFX Application Thread] DEBUG PrimaryStageWindow   - Scene size: 480.0 x 480.0
17:11:49.992 [JavaFX Application Thread] DEBUG PrimaryStageWindow   - Stage size: 494.6666564941406 x 517.3333129882812
17:11:50.001 [FXGL Background Thread 1 ] DEBUG Engine               - Initializing environment variables
17:11:50.088 [FXGL Background Thread 1 ] DEBUG FXGLAssetLoaderServi - User app class for loading assets: class org.example.demo.HelloApplication
17:11:50.088 [FXGL Background Thread 1 ] DEBUG GameApplicationServi - Applying CSS: fxgl_dark.css
17:11:50.088 [FXGL Background Thread 1 ] DEBUG FXGLAssetLoaderServi - Loading from file system: jar:file:///C:/Users/admin/.m2/repository/com/github/almasb/fxgl/17.3/fxgl-17.3.jar!/fxglassets/ui/css/fxgl_dark.css
17:11:50.143 [FXGL Background Thread 1 ] DEBUG GameApplicationServi - Initializing application scenes
17:11:50.190 [FXGL Background Thread 1 ] DEBUG GameWorld            - Game world initialized
17:11:50.270 [FXGL Background Thread 1 ] DEBUG PhysicsWorld         - Physics world initialized: appHeight=480, physics.ppm=50.0
17:11:50.271 [FXGL Background Thread 1 ] DEBUG PhysicsWorld         - Using strategy: BRUTE_FORCE
17:11:50.277 [FXGL Background Thread 1 ] DEBUG GameScene            - Game scene initialized: 480x480
17:11:50.293 [FXGL Background Thread 1 ] WARN  FXGL.DefaultMenu     - FXGLDefaultMenu is not designed for resolutions < 800x600
17:11:50.293 [FXGL Background Thread 1 ] DEBUG FXGL.DefaultMenu     - createMenuBodyGameMenu()
17:11:50.306 [FXGL Background Thread 1 ] DEBUG FXGL.DefaultMenu     - createOptionsMenu()
17:11:50.316 [FXGL Background Thread 1 ] DEBUG FXGLAssetLoaderServi - Loading from file system: jar:file:///C:/Users/admin/.m2/repository/com/github/almasb/fxgl/17.3/fxgl-17.3.jar!/fxglassets/textures/particles/smoke.png
17:11:50.406 [FXGL Background Thread 1 ] DEBUG FXGLAssetLoaderServi - Loading from file system: jar:file:///C:/Users/admin/.m2/repository/com/github/almasb/fxgl/17.3/fxgl-17.3.jar!/fxglassets/textures/particles/trace_horizontal.png
17:11:50.436 [FXGL Background Thread 1 ] DEBUG GameApplicationServi - Application scenes initialized
17:11:50.446 [FXGL Background Thread 1 ] DEBUG SystemBundleService  - Loading FXGL system data
17:11:50.450 [FXGL Background Thread 1 ] DEBUG FileSystemAccess     - Reading from: C:\Users\admin\OneDrive\Máy tính\btl\baitaplonOOP\system\fxgl.bundle
17:11:50.458 [FXGL Background Thread 1 ] DEBUG SystemBundleService  - Bundle FXGL: {}
17:11:50.458 [FXGL Background Thread 1 ] DEBUG UpdaterService       - Checking for updates
17:11:50.464 [FXGL Background Thread 4 ] DEBUG FXGLApplication      - Loading fonts
17:11:50.464 [FXGL Background Thread 1 ] DEBUG FXGLApplication      - Loading default localization
17:11:50.464 [FXGL Background Thread 4 ] DEBUG FXGLAssetLoaderServi - Loading from file system: jar:file:///C:/Users/admin/.m2/repository/com/github/almasb/fxgl/17.3/fxgl-17.3.jar!/fxglassets/ui/fonts/VarelaRound-Regular.ttf
17:11:50.465 [FXGL Background Thread 1 ] DEBUG FXGLAssetLoaderServi - Loading from file system: jar:file:///C:/Users/admin/.m2/repository/com/github/almasb/fxgl/17.3/fxgl-17.3.jar!/fxglassets/languages/english.lang
17:11:50.484 [FXGL Background Thread 1 ] INFO  FXGLApplication      - FXGL initialization took: 0.484 sec
17:11:50.486 [JavaFX Application Thread] DEBUG FXGLAssetLoaderServi - Loading from file system: jar:file:///C:/Users/admin/.m2/repository/com/github/almasb/fxgl/17.3/fxgl-17.3.jar!/fxglassets/textures/fxgl_icon.png
17:11:50.514 [JavaFX Application Thread] DEBUG FXGLAssetLoaderServi - Loading from file system: jar:file:///C:/Users/admin/.m2/repository/com/github/almasb/fxgl/17.3/fxgl-17.3.jar!/fxglassets/textures/fxgl_default_cursor.png
17:11:50.522 [FXGL Background Thread 4 ] DEBUG FXGLAssetLoaderServi - Loading from file system: jar:file:///C:/Users/admin/.m2/repository/com/github/almasb/fxgl/17.3/fxgl-17.3.jar!/fxglassets/ui/fonts/Abel-Regular.ttf
17:11:50.531 [JavaFX Application Thread] DEBUG Input                - Registered new binding: Screenshot - CTRL+8
17:11:50.532 [JavaFX Application Thread] DEBUG Input                - Registered new binding: System info dump - CTRL+9
17:11:50.532 [JavaFX Application Thread] DEBUG Input                - Registered new binding: Restart - CTRL+R
17:11:50.533 [JavaFX Application Thread] DEBUG Input                - Registered new binding: Toggle Debug Camera - CTRL+7
17:11:50.536 [JavaFX Application Thread] DEBUG LoopRunner           - Starting loop
17:11:50.536 [JavaFX Application Thread] DEBUG LoopRunner           - Initializing JavaFX AnimationTimerLoop
17:11:50.538 [JavaFX Application Thread] DEBUG GameApplicationServi - Starting new game
17:11:50.538 [FXGL Background Thread 4 ] DEBUG FXGLAssetLoaderServi - Loading from file system: jar:file:///C:/Users/admin/.m2/repository/com/github/almasb/fxgl/17.3/fxgl-17.3.jar!/fxglassets/ui/fonts/TerminalLandMono-Regular.otf
17:11:50.538 [JavaFX Application Thread] DEBUG Input                - Clearing active input actions
17:11:50.551 [JavaFX Application Thread] DEBUG GameApplicationServi - Removing overlay from FXGLStartupScene and adding to FXGLLoadingScene
17:11:50.551 [JavaFX Application Thread] DEBUG PrimaryStageWindow   - FXGLStartupScene -> FXGLLoadingScene
17:11:50.552 [JavaFX Application Thread] DEBUG GameApplicationServi - Clearing previous game
17:11:50.552 [JavaFX Application Thread] DEBUG GameScene            - Clearing game scene
17:11:50.552 [JavaFX Application Thread] DEBUG GameWorld            - Clearing game world
17:11:50.552 [JavaFX Application Thread] DEBUG PhysicsWorld         - Clearing physics world
17:11:50.553 [FXGL Background Thread 1 ] DEBUG FXGLApplication      - Initializing game
17:11:50.554 [FXGL Background Thread 4 ] DEBUG FXGLAssetLoaderServi - Loading from file system: jar:file:///C:/Users/admin/.m2/repository/com/github/almasb/fxgl/17.3/fxgl-17.3.jar!/fxglassets/ui/fonts/Courier-Prime.ttf
17:11:50.603 [JavaFX Application Thread] DEBUG FXGLApplication      - Registering font factories with UI factory
17:11:50.836 [FXGL Background Thread 1 ] DEBUG Input                - Clearing active input actions
17:11:50.836 [FXGL Background Thread 1 ] DEBUG Input                - Registered new binding: Move Up - W
17:11:50.836 [FXGL Background Thread 1 ] DEBUG Input                - Registered new binding: Move Down - S
17:11:50.836 [FXGL Background Thread 1 ] DEBUG Input                - Registered new binding: Move Left - A
17:11:50.836 [FXGL Background Thread 1 ] DEBUG Input                - Registered new binding: Move Right - D
17:11:50.837 [FXGL Background Thread 1 ] DEBUG Input                - Registered new binding: Đặt bom - Space
17:11:50.903 [FXGL Background Thread 1 ] INFO  FXGLApplication      - Game initialization took: 0.350 sec
17:11:50.903 [JavaFX Application Thread] DEBUG Input                - Clearing active input actions
17:11:50.925 [JavaFX Application Thread] DEBUG GameApplicationServi - Removing overlay from FXGLLoadingScene and adding to GameScene
17:11:50.926 [JavaFX Application Thread] DEBUG PrimaryStageWindow   - FXGLLoadingScene -> GameScene
17:11:51.541 [FXGL Background Thread 2 ] INFO  UpdaterService       - Your current version:  17.3
17:11:51.541 [FXGL Background Thread 2 ] INFO  UpdaterService       - Latest stable version: 21.1
17:11:53.463 [FXGL Background Thread 3 ] DEBUG Engine               - Logging environment variables
17:11:53.464 [FXGL Background Thread 3 ] DEBUG Engine               - achievements: []
17:11:53.464 [FXGL Background Thread 3 ] DEBUG Engine               - actualHeight: 480.0
17:11:53.464 [FXGL Background Thread 3 ] DEBUG Engine               - actualHeightProperty: ReadOnlyDoubleProperty [value: 480.0]
17:11:53.465 [FXGL Background Thread 3 ] DEBUG Engine               - actualWidth: 480.0
17:11:53.465 [FXGL Background Thread 3 ] DEBUG Engine               - actualWidthProperty: ReadOnlyDoubleProperty [value: 480.0]
17:11:53.465 [FXGL Background Thread 3 ] DEBUG Engine               - appIcon: fxgl_icon.png
17:11:53.465 [FXGL Background Thread 3 ] DEBUG Engine               - applicationMode: DEVELOPER
17:11:53.465 [FXGL Background Thread 3 ] DEBUG Engine               - cSSList: [fxgl_dark.css]
17:11:53.465 [FXGL Background Thread 3 ] DEBUG Engine               - collisionDetectionStrategy: BRUTE_FORCE
17:11:53.465 [FXGL Background Thread 3 ] DEBUG Engine               - configClass: Optional.empty
17:11:53.466 [FXGL Background Thread 3 ] DEBUG Engine               - credits: []
17:11:53.466 [FXGL Background Thread 3 ] DEBUG Engine               - defaultCursor: CursorInfo(imageName=fxgl_default_cursor.png, hotspotX=7.0, hotspotY=6.0)
17:11:53.467 [FXGL Background Thread 3 ] DEBUG Engine               - devBBoxColorProperty: ObjectProperty [value: 0xff0000ff]
17:11:53.467 [FXGL Background Thread 3 ] DEBUG Engine               - devEnableDebugCameraProperty: BooleanProperty [value: false]
17:11:53.467 [FXGL Background Thread 3 ] DEBUG Engine               - devSensorColorProperty: ObjectProperty [value: 0xffff00ff]
17:11:53.467 [FXGL Background Thread 3 ] DEBUG Engine               - devShowBBoxProperty: BooleanProperty [value: false]
17:11:53.467 [FXGL Background Thread 3 ] DEBUG Engine               - devShowPositionProperty: BooleanProperty [value: false]
17:11:53.467 [FXGL Background Thread 3 ] DEBUG Engine               - enabledMenuItems: []
17:11:53.468 [FXGL Background Thread 3 ] DEBUG Engine               - engineServices: [class com.almasb.fxgl.app.services.FXGLAssetLoaderService, class com.almasb.fxgl.app.FXGLApplication$GameApplicationService, class com.almasb.fxgl.app.services.FXGLDialogService, class com.almasb.fxgl.app.services.IOTaskExecutorService, class com.almasb.fxgl.io.FileSystemService, class com.almasb.fxgl.localization.LocalizationService, class com.almasb.fxgl.app.services.SystemBundleService, class com.almasb.fxgl.profile.SaveLoadService, class com.almasb.fxgl.ui.FXGLUIFactoryServiceProvider, class com.almasb.fxgl.ui.FXGLDialogFactoryServiceProvider, class com.almasb.fxgl.audio.AudioPlayer, class com.almasb.fxgl.notification.impl.NotificationServiceProvider, class com.almasb.fxgl.achievement.AchievementService, class com.almasb.fxgl.cutscene.CutsceneService, class com.almasb.fxgl.minigames.MiniGameService, class com.almasb.fxgl.net.NetService, class com.almasb.fxgl.app.services.UpdaterService, class com.almasb.fxgl.dev.DevService]
17:11:53.468 [FXGL Background Thread 3 ] DEBUG Engine               - fontGame: Abel-Regular.ttf
17:11:53.468 [FXGL Background Thread 3 ] DEBUG Engine               - fontMono: TerminalLandMono-Regular.otf
17:11:53.468 [FXGL Background Thread 3 ] DEBUG Engine               - fontSizeScaleUI: 1.0
17:11:53.468 [FXGL Background Thread 3 ] DEBUG Engine               - fontText: Courier-Prime.ttf
17:11:53.468 [FXGL Background Thread 3 ] DEBUG Engine               - fontUI: VarelaRound-Regular.ttf
17:11:53.468 [FXGL Background Thread 3 ] DEBUG Engine               - fullScreen: BooleanProperty [value: false]
17:11:53.468 [FXGL Background Thread 3 ] DEBUG Engine               - gameDifficulty: MEDIUM
17:11:53.468 [FXGL Background Thread 3 ] DEBUG Engine               - gameDifficultyProperty: ObjectProperty [value: MEDIUM]
17:11:53.468 [FXGL Background Thread 3 ] DEBUG Engine               - globalMusicVolume: 0.5
17:11:53.468 [FXGL Background Thread 3 ] DEBUG Engine               - globalMusicVolumeProperty: DoubleProperty [value: 0.5]
17:11:53.470 [FXGL Background Thread 3 ] DEBUG Engine               - globalSoundVolume: 0.5
17:11:53.470 [FXGL Background Thread 3 ] DEBUG Engine               - globalSoundVolumeProperty: DoubleProperty [value: 0.5]
17:11:53.470 [FXGL Background Thread 3 ] DEBUG Engine               - height: 480
17:11:53.470 [FXGL Background Thread 3 ] DEBUG Engine               - is3D: false
17:11:53.470 [FXGL Background Thread 3 ] DEBUG Engine               - isAndroid: false
17:11:53.470 [FXGL Background Thread 3 ] DEBUG Engine               - isBrowser: false
17:11:53.470 [FXGL Background Thread 3 ] DEBUG Engine               - isClickFeedbackEnabled: false
17:11:53.470 [FXGL Background Thread 3 ] DEBUG Engine               - isCloseConfirmation: false
17:11:53.470 [FXGL Background Thread 3 ] DEBUG Engine               - isDesktop: true
17:11:53.470 [FXGL Background Thread 3 ] DEBUG Engine               - isDeveloperMenuEnabled: false
17:11:53.470 [FXGL Background Thread 3 ] DEBUG Engine               - isEmbedded: false
17:11:53.470 [FXGL Background Thread 3 ] DEBUG Engine               - isEntityPreloadEnabled: true
17:11:53.471 [FXGL Background Thread 3 ] DEBUG Engine               - isExperimentalTiledLargeMap: false
17:11:53.471 [FXGL Background Thread 3 ] DEBUG Engine               - isFileSystemWriteAllowed: true
17:11:53.471 [FXGL Background Thread 3 ] DEBUG Engine               - isFullScreenAllowed: false
17:11:53.471 [FXGL Background Thread 3 ] DEBUG Engine               - isFullScreenFromStart: false
17:11:53.471 [FXGL Background Thread 3 ] DEBUG Engine               - isGameMenuEnabled: true
17:11:53.471 [FXGL Background Thread 3 ] DEBUG Engine               - isIOS: false
17:11:53.471 [FXGL Background Thread 3 ] DEBUG Engine               - isIntroEnabled: false
17:11:53.471 [FXGL Background Thread 3 ] DEBUG Engine               - isLinux: false
17:11:53.471 [FXGL Background Thread 3 ] DEBUG Engine               - isMac: false
17:11:53.471 [FXGL Background Thread 3 ] DEBUG Engine               - isMainMenuEnabled: false
17:11:53.471 [FXGL Background Thread 3 ] DEBUG Engine               - isManualResizeEnabled: false
17:11:53.471 [FXGL Background Thread 3 ] DEBUG Engine               - isMobile: false
17:11:53.471 [FXGL Background Thread 3 ] DEBUG Engine               - isNative: false
17:11:53.471 [FXGL Background Thread 3 ] DEBUG Engine               - isPauseMusicWhenMinimized: true
17:11:53.472 [FXGL Background Thread 3 ] DEBUG Engine               - isPreserveResizeRatio: false
17:11:53.472 [FXGL Background Thread 3 ] DEBUG Engine               - isProfilingEnabled: false
17:11:53.472 [FXGL Background Thread 3 ] DEBUG Engine               - isScaleAffectedOnResize: true
17:11:53.472 [FXGL Background Thread 3 ] DEBUG Engine               - isSingleStep: false
17:11:53.472 [FXGL Background Thread 3 ] DEBUG Engine               - isUserProfileEnabled: false
17:11:53.473 [FXGL Background Thread 3 ] DEBUG Engine               - isWindows: true
17:11:53.473 [FXGL Background Thread 3 ] DEBUG Engine               - language: ObjectProperty [value: ENGLISH]
17:11:53.473 [FXGL Background Thread 3 ] DEBUG Engine               - menuKey: ESCAPE
17:11:53.473 [FXGL Background Thread 3 ] DEBUG Engine               - mouseSensitivity: 0.2
17:11:53.473 [FXGL Background Thread 3 ] DEBUG Engine               - notificationViewClass: class com.almasb.fxgl.notification.view.XboxNotificationView
17:11:53.473 [FXGL Background Thread 3 ] DEBUG Engine               - pixelsPerMeter: 50.0
17:11:53.473 [FXGL Background Thread 3 ] DEBUG Engine               - platform: WINDOWS
17:11:53.473 [FXGL Background Thread 3 ] DEBUG Engine               - prefHeightProperty: ReadOnlyDoubleProperty [value: 480.0]
17:11:53.473 [FXGL Background Thread 3 ] DEBUG Engine               - prefWidthProperty: ReadOnlyDoubleProperty [value: 480.0]
17:11:53.473 [FXGL Background Thread 3 ] DEBUG Engine               - profileDir: profiles/
17:11:53.473 [FXGL Background Thread 3 ] DEBUG Engine               - profileName: StringProperty [value: DEFAULT]
17:11:53.473 [FXGL Background Thread 3 ] DEBUG Engine               - randomSeed: -1
17:11:53.475 [FXGL Background Thread 3 ] DEBUG Engine               - runtimeInfo: RuntimeInfo(platform=WINDOWS, version=17.3, build=30.03.2023 11.49)
17:11:53.475 [FXGL Background Thread 3 ] DEBUG Engine               - saveFileExt: sav
17:11:53.475 [FXGL Background Thread 3 ] DEBUG Engine               - scaledHeightProp$fxgl: DoubleProperty [bound, value: 480.0]
17:11:53.475 [FXGL Background Thread 3 ] DEBUG Engine               - scaledWidthProp$fxgl: DoubleProperty [bound, value: 480.0]
17:11:53.475 [FXGL Background Thread 3 ] DEBUG Engine               - sceneFactory: com.almasb.fxgl.app.scene.SceneFactory@27a3d168
17:11:53.475 [FXGL Background Thread 3 ] DEBUG Engine               - secondsIn24h: 60
17:11:53.475 [FXGL Background Thread 3 ] DEBUG Engine               - soundMenuBack: menu/back.wav
17:11:53.476 [FXGL Background Thread 3 ] DEBUG Engine               - soundMenuPress: menu/press.wav
17:11:53.476 [FXGL Background Thread 3 ] DEBUG Engine               - soundMenuSelect: menu/select.wav
17:11:53.476 [FXGL Background Thread 3 ] DEBUG Engine               - soundNotification: core/notification.wav
17:11:53.476 [FXGL Background Thread 3 ] DEBUG Engine               - stageStyle: DECORATED
17:11:53.476 [FXGL Background Thread 3 ] DEBUG Engine               - supportedLanguages: [ENGLISH, FRENCH, GERMAN, HUNGARIAN, RUSSIAN]
17:11:53.476 [FXGL Background Thread 3 ] DEBUG Engine               - ticksPerSecond: -1
17:11:53.476 [FXGL Background Thread 3 ] DEBUG Engine               - title: Bomberman Game
17:11:53.476 [FXGL Background Thread 3 ] DEBUG Engine               - urlGithub: https://github.com/AlmasB/FXGL
17:11:53.476 [FXGL Background Thread 3 ] DEBUG Engine               - urlLeaderboard: http://fxgl-top.herokuapp.com/
17:11:53.477 [FXGL Background Thread 3 ] DEBUG Engine               - urlPOM: https://raw.githubusercontent.com/AlmasB/FXGL/release/README.md
17:11:53.477 [FXGL Background Thread 3 ] DEBUG Engine               - userAppClass: class org.example.demo.HelloApplication
17:11:53.477 [FXGL Background Thread 3 ] DEBUG Engine               - version: 1.0
17:11:53.477 [FXGL Background Thread 3 ] DEBUG Engine               - versionCheckDays: 7
17:11:53.477 [FXGL Background Thread 3 ] DEBUG Engine               - width: 480
17:11:53.477 [FXGL Background Thread 3 ] DEBUG Engine               - Logging services
17:11:53.477 [FXGL Background Thread 3 ] DEBUG Engine               - class com.almasb.fxgl.app.services.FXGLAssetLoaderService
17:11:53.477 [FXGL Background Thread 3 ] DEBUG Engine               - class com.almasb.fxgl.app.FXGLApplication$GameApplicationService
17:11:53.477 [FXGL Background Thread 3 ] DEBUG Engine               - class com.almasb.fxgl.app.services.FXGLDialogService
17:11:53.477 [FXGL Background Thread 3 ] DEBUG Engine               - class com.almasb.fxgl.app.services.IOTaskExecutorService
17:11:53.477 [FXGL Background Thread 3 ] DEBUG Engine               - class com.almasb.fxgl.io.FileSystemService
17:11:53.477 [FXGL Background Thread 3 ] DEBUG Engine               - class com.almasb.fxgl.localization.LocalizationService
17:11:53.477 [FXGL Background Thread 3 ] DEBUG Engine               - class com.almasb.fxgl.app.services.SystemBundleService
17:11:53.478 [FXGL Background Thread 3 ] DEBUG Engine               - class com.almasb.fxgl.profile.SaveLoadService
17:11:53.478 [FXGL Background Thread 3 ] DEBUG Engine               - class com.almasb.fxgl.ui.FXGLUIFactoryServiceProvider
17:11:53.478 [FXGL Background Thread 3 ] DEBUG Engine               - class com.almasb.fxgl.ui.FXGLDialogFactoryServiceProvider
17:11:53.478 [FXGL Background Thread 3 ] DEBUG Engine               - class com.almasb.fxgl.audio.AudioPlayer
17:11:53.478 [FXGL Background Thread 3 ] DEBUG Engine               - class com.almasb.fxgl.notification.impl.NotificationServiceProvider
17:11:53.478 [FXGL Background Thread 3 ] DEBUG Engine               - class com.almasb.fxgl.achievement.AchievementService
17:11:53.478 [FXGL Background Thread 3 ] DEBUG Engine               - class com.almasb.fxgl.cutscene.CutsceneService
17:11:53.478 [FXGL Background Thread 3 ] DEBUG Engine               - class com.almasb.fxgl.minigames.MiniGameService
17:11:53.478 [FXGL Background Thread 3 ] DEBUG Engine               - class com.almasb.fxgl.net.NetService
17:11:53.478 [FXGL Background Thread 3 ] DEBUG Engine               - class com.almasb.fxgl.app.services.UpdaterService
17:11:53.478 [FXGL Background Thread 3 ] DEBUG Engine               - class com.almasb.fxgl.dev.DevService
17:11:54.447 [JavaFX Application Thread] DEBUG PrimaryStageWindow   - Push state: DialogSubScene
17:11:54.447 [JavaFX Application Thread] DEBUG Input                - Clearing active input actions
17:11:54.449 [JavaFX Application Thread] DEBUG GameApplicationServi - Removing overlay from GameScene and adding to DialogSubScene
17:11:54.449 [JavaFX Application Thread] DEBUG PrimaryStageWindow   - GameScene -> DialogSubScene
17:11:58.098 [JavaFX Application Thread] DEBUG PrimaryStageWindow   - Pop state: DialogSubScene
17:11:58.098 [JavaFX Application Thread] DEBUG Input                - Clearing active input actions
17:11:58.100 [JavaFX Application Thread] DEBUG GameApplicationServi - Removing overlay from DialogSubScene and adding to GameScene
17:11:58.101 [JavaFX Application Thread] DEBUG PrimaryStageWindow   - GameScene <- DialogSubScene
17:11:58.102 [JavaFX Application Thread] DEBUG FXGLApplication      - Exiting FXGL
17:11:58.102 [JavaFX Application Thread] DEBUG LoopRunner           - Stopping loop
17:11:58.102 [JavaFX Application Thread] DEBUG SystemBundleService  - Saving FXGL system data
17:11:58.108 [JavaFX Application Thread] DEBUG FileSystemAccess     - Writing to: C:\Users\admin\OneDrive\Máy tính\btl\baitaplonOOP\system\fxgl.bundle
17:11:58.112 [JavaFX Application Thread] DEBUG Async                - Shutting down background threads
17:11:58.112 [JavaFX Application Thread] DEBUG PrimaryStageWindow   - Closing main window
17:11:58.138 [JavaFX Application Thread] DEBUG Logger               - Closing Logger
