00:17:46.279 [main                     ] DEBUG Logger               - Configured Logger
00:17:46.300 [main                     ] DEBUG GameApplication      - Logging settings
Title: Bomberman Game
Version: 1.0
Width: 480
Height: 480
Fullscreen: false
Intro: false
Profiling: false
Single step:false
App Mode: DEVELOPER
Menu Key: ESCAPE
Stage Style: DECORATED
Scene Factory: class com.almasb.fxgl.app.scene.SceneFactory

00:17:46.588 [JavaFX Application Thread] DEBUG FXGLApplication      - Initializing FXGL
00:17:46.591 [JavaFX Application Thread] INFO  Engine               - FXGL-17.3 (30.03.2023 11.49) on WINDOWS (J:23.0.2 FX:17.0.6)
00:17:46.591 [JavaFX Application Thread] DEBUG Engine               - JRE Vendor Name: Oracle Corporation
00:17:46.592 [JavaFX Application Thread] DEBUG Engine               - Running on OS: Windows 11 version 10.0
00:17:46.592 [JavaFX Application Thread] DEBUG Engine               - Architecture: amd64
00:17:46.592 [JavaFX Application Thread] INFO  Engine               - Source code and latest versions at: https://github.com/AlmasB/FXGL
00:17:46.592 [JavaFX Application Thread] INFO  Engine               -       Ask questions and discuss at: https://github.com/AlmasB/FXGL/discussions
00:17:46.592 [JavaFX Application Thread] INFO  Engine               -              Join the FXGL chat at: https://gitter.im/AlmasB/FXGL
00:17:46.670 [JavaFX Application Thread] DEBUG PrimaryStageWindow   - Creating a JavaFX scene
00:17:46.717 [JavaFX Application Thread] DEBUG PrimaryStageWindow   - Target settings size: 480.0 x 480.0
00:17:46.717 [JavaFX Application Thread] DEBUG PrimaryStageWindow   - Scaled scene size:    480.0 x 480.0
00:17:46.717 [JavaFX Application Thread] DEBUG PrimaryStageWindow   - Scaled ratio: (1.0, 1.0)
00:17:46.718 [JavaFX Application Thread] DEBUG PrimaryStageWindow   - Set initial scene to FXGLStartupScene
00:17:46.725 [JavaFX Application Thread] DEBUG PrimaryStageWindow   - Opening main window
00:17:46.795 [JavaFX Application Thread] DEBUG PrimaryStageWindow   - Window border size: (14.666656494140625, 37.33331298828125)
00:17:46.795 [JavaFX Application Thread] DEBUG PrimaryStageWindow   - Scaled size: 480.0 x 480.0
00:17:46.795 [JavaFX Application Thread] DEBUG PrimaryStageWindow   - Scaled ratio: (1.0, 1.0)
00:17:46.797 [JavaFX Application Thread] DEBUG PrimaryStageWindow   - Scene size: 480.0 x 480.0
00:17:46.797 [JavaFX Application Thread] DEBUG PrimaryStageWindow   - Stage size: 494.6666564941406 x 517.3333129882812
00:17:46.803 [FXGL Background Thread 1 ] DEBUG Engine               - Initializing environment variables
00:17:46.873 [FXGL Background Thread 1 ] DEBUG FXGLAssetLoaderServi - User app class for loading assets: class org.example.demo.BombermanApp
00:17:46.873 [FXGL Background Thread 1 ] DEBUG GameApplicationServi - Applying CSS: fxgl_dark.css
00:17:46.874 [FXGL Background Thread 1 ] DEBUG FXGLAssetLoaderServi - Loading from file system: jar:file:///C:/Users/admin/.m2/repository/com/github/almasb/fxgl/17.3/fxgl-17.3.jar!/fxglassets/ui/css/fxgl_dark.css
00:17:46.916 [FXGL Background Thread 1 ] DEBUG GameApplicationServi - Initializing application scenes
00:17:46.955 [FXGL Background Thread 1 ] DEBUG GameWorld            - Game world initialized
00:17:47.022 [FXGL Background Thread 1 ] DEBUG PhysicsWorld         - Physics world initialized: appHeight=480, physics.ppm=50.0
00:17:47.023 [FXGL Background Thread 1 ] DEBUG PhysicsWorld         - Using strategy: BRUTE_FORCE
00:17:47.027 [FXGL Background Thread 1 ] DEBUG GameScene            - Game scene initialized: 480x480
00:17:47.038 [FXGL Background Thread 1 ] WARN  FXGL.DefaultMenu     - FXGLDefaultMenu is not designed for resolutions < 800x600
00:17:47.038 [FXGL Background Thread 1 ] DEBUG FXGL.DefaultMenu     - createMenuBodyGameMenu()
00:17:47.050 [FXGL Background Thread 1 ] DEBUG FXGL.DefaultMenu     - createOptionsMenu()
00:17:47.058 [FXGL Background Thread 1 ] DEBUG FXGLAssetLoaderServi - Loading from file system: jar:file:///C:/Users/admin/.m2/repository/com/github/almasb/fxgl/17.3/fxgl-17.3.jar!/fxglassets/textures/particles/smoke.png
00:17:47.134 [FXGL Background Thread 1 ] DEBUG FXGLAssetLoaderServi - Loading from file system: jar:file:///C:/Users/admin/.m2/repository/com/github/almasb/fxgl/17.3/fxgl-17.3.jar!/fxglassets/textures/particles/trace_horizontal.png
00:17:47.160 [FXGL Background Thread 1 ] DEBUG GameApplicationServi - Application scenes initialized
00:17:47.170 [FXGL Background Thread 1 ] DEBUG SystemBundleService  - Loading FXGL system data
00:17:47.173 [FXGL Background Thread 1 ] DEBUG FileSystemAccess     - Reading from: C:\Users\admin\OneDrive\Máy tính\demo\system\fxgl.bundle
00:17:47.178 [FXGL Background Thread 1 ] DEBUG SystemBundleService  - Bundle FXGL: {}
00:17:47.179 [FXGL Background Thread 1 ] DEBUG UpdaterService       - Checking for updates
00:17:47.182 [FXGL Background Thread 4 ] DEBUG FXGLApplication      - Loading fonts
00:17:47.183 [FXGL Background Thread 1 ] DEBUG FXGLApplication      - Loading default localization
00:17:47.183 [FXGL Background Thread 4 ] DEBUG FXGLAssetLoaderServi - Loading from file system: jar:file:///C:/Users/admin/.m2/repository/com/github/almasb/fxgl/17.3/fxgl-17.3.jar!/fxglassets/ui/fonts/VarelaRound-Regular.ttf
00:17:47.183 [FXGL Background Thread 1 ] DEBUG FXGLAssetLoaderServi - Loading from file system: jar:file:///C:/Users/admin/.m2/repository/com/github/almasb/fxgl/17.3/fxgl-17.3.jar!/fxglassets/languages/english.lang
00:17:47.205 [FXGL Background Thread 1 ] INFO  FXGLApplication      - FXGL initialization took: 0.402 sec
00:17:47.206 [JavaFX Application Thread] DEBUG Input                - Clearing active input actions
00:17:47.215 [JavaFX Application Thread] DEBUG Input                - Registered new binding: Move Up - W
00:17:47.216 [JavaFX Application Thread] DEBUG Input                - Registered new binding: Move Down - S
00:17:47.216 [JavaFX Application Thread] DEBUG Input                - Registered new binding: Move Left - A
00:17:47.216 [JavaFX Application Thread] DEBUG Input                - Registered new binding: Move Right - D
00:17:47.216 [JavaFX Application Thread] DEBUG FXGLAssetLoaderServi - Loading from file system: jar:file:///C:/Users/admin/.m2/repository/com/github/almasb/fxgl/17.3/fxgl-17.3.jar!/fxglassets/textures/fxgl_icon.png
00:17:47.228 [FXGL Background Thread 4 ] DEBUG FXGLAssetLoaderServi - Loading from file system: jar:file:///C:/Users/admin/.m2/repository/com/github/almasb/fxgl/17.3/fxgl-17.3.jar!/fxglassets/ui/fonts/Abel-Regular.ttf
00:17:47.238 [JavaFX Application Thread] DEBUG FXGLAssetLoaderServi - Loading from file system: jar:file:///C:/Users/admin/.m2/repository/com/github/almasb/fxgl/17.3/fxgl-17.3.jar!/fxglassets/textures/fxgl_default_cursor.png
00:17:47.241 [JavaFX Application Thread] DEBUG Input                - Registered new binding: Screenshot - CTRL+8
00:17:47.241 [JavaFX Application Thread] DEBUG Input                - Registered new binding: System info dump - CTRL+9
00:17:47.243 [JavaFX Application Thread] DEBUG Input                - Registered new binding: Restart - CTRL+R
00:17:47.244 [FXGL Background Thread 4 ] DEBUG FXGLAssetLoaderServi - Loading from file system: jar:file:///C:/Users/admin/.m2/repository/com/github/almasb/fxgl/17.3/fxgl-17.3.jar!/fxglassets/ui/fonts/TerminalLandMono-Regular.otf
00:17:47.244 [JavaFX Application Thread] DEBUG Input                - Registered new binding: Toggle Debug Camera - CTRL+7
00:17:47.247 [JavaFX Application Thread] DEBUG LoopRunner           - Starting loop
00:17:47.247 [JavaFX Application Thread] DEBUG LoopRunner           - Initializing JavaFX AnimationTimerLoop
00:17:47.248 [JavaFX Application Thread] DEBUG GameApplicationServi - Starting new game
00:17:47.248 [JavaFX Application Thread] DEBUG Input                - Clearing active input actions
00:17:47.261 [FXGL Background Thread 4 ] DEBUG FXGLAssetLoaderServi - Loading from file system: jar:file:///C:/Users/admin/.m2/repository/com/github/almasb/fxgl/17.3/fxgl-17.3.jar!/fxglassets/ui/fonts/Courier-Prime.ttf
00:17:47.262 [JavaFX Application Thread] DEBUG GameApplicationServi - Removing overlay from FXGLStartupScene and adding to FXGLLoadingScene
00:17:47.263 [JavaFX Application Thread] DEBUG PrimaryStageWindow   - FXGLStartupScene -> FXGLLoadingScene
00:17:47.263 [JavaFX Application Thread] DEBUG GameApplicationServi - Clearing previous game
00:17:47.263 [JavaFX Application Thread] DEBUG GameScene            - Clearing game scene
00:17:47.263 [JavaFX Application Thread] DEBUG GameWorld            - Clearing game world
00:17:47.263 [JavaFX Application Thread] DEBUG PhysicsWorld         - Clearing physics world
00:17:47.265 [FXGL Background Thread 1 ] DEBUG FXGLApplication      - Initializing game
00:17:47.308 [JavaFX Application Thread] DEBUG FXGLApplication      - Registering font factories with UI factory
00:17:48.476 [FXGL Background Thread 1 ] INFO  FXGLApplication      - Game initialization took: 1.211 sec
00:17:48.478 [JavaFX Application Thread] DEBUG Input                - Clearing active input actions
00:17:48.491 [JavaFX Application Thread] DEBUG GameApplicationServi - Removing overlay from FXGLLoadingScene and adding to GameScene
00:17:48.491 [JavaFX Application Thread] DEBUG PrimaryStageWindow   - FXGLLoadingScene -> GameScene
00:17:48.802 [FXGL Background Thread 2 ] INFO  UpdaterService       - Your current version:  17.3
00:17:48.802 [FXGL Background Thread 2 ] INFO  UpdaterService       - Latest stable version: 21.1
00:17:50.183 [FXGL Background Thread 3 ] DEBUG Engine               - Logging environment variables
00:17:50.189 [FXGL Background Thread 3 ] DEBUG Engine               - achievements: []
00:17:50.190 [FXGL Background Thread 3 ] DEBUG Engine               - actualHeight: 480.0
00:17:50.190 [FXGL Background Thread 3 ] DEBUG Engine               - actualHeightProperty: ReadOnlyDoubleProperty [value: 480.0]
00:17:50.190 [FXGL Background Thread 3 ] DEBUG Engine               - actualWidth: 480.0
00:17:50.190 [FXGL Background Thread 3 ] DEBUG Engine               - actualWidthProperty: ReadOnlyDoubleProperty [value: 480.0]
00:17:50.190 [FXGL Background Thread 3 ] DEBUG Engine               - appIcon: fxgl_icon.png
00:17:50.190 [FXGL Background Thread 3 ] DEBUG Engine               - applicationMode: DEVELOPER
00:17:50.190 [FXGL Background Thread 3 ] DEBUG Engine               - cSSList: [fxgl_dark.css]
00:17:50.191 [FXGL Background Thread 3 ] DEBUG Engine               - collisionDetectionStrategy: BRUTE_FORCE
00:17:50.191 [FXGL Background Thread 3 ] DEBUG Engine               - configClass: Optional.empty
00:17:50.191 [FXGL Background Thread 3 ] DEBUG Engine               - credits: []
00:17:50.191 [FXGL Background Thread 3 ] DEBUG Engine               - defaultCursor: CursorInfo(imageName=fxgl_default_cursor.png, hotspotX=7.0, hotspotY=6.0)
00:17:50.191 [FXGL Background Thread 3 ] DEBUG Engine               - devBBoxColorProperty: ObjectProperty [value: 0xff0000ff]
00:17:50.192 [FXGL Background Thread 3 ] DEBUG Engine               - devEnableDebugCameraProperty: BooleanProperty [value: false]
00:17:50.192 [FXGL Background Thread 3 ] DEBUG Engine               - devSensorColorProperty: ObjectProperty [value: 0xffff00ff]
00:17:50.192 [FXGL Background Thread 3 ] DEBUG Engine               - devShowBBoxProperty: BooleanProperty [value: false]
00:17:50.192 [FXGL Background Thread 3 ] DEBUG Engine               - devShowPositionProperty: BooleanProperty [value: false]
00:17:50.192 [FXGL Background Thread 3 ] DEBUG Engine               - enabledMenuItems: []
00:17:50.192 [FXGL Background Thread 3 ] DEBUG Engine               - engineServices: [class com.almasb.fxgl.app.services.FXGLAssetLoaderService, class com.almasb.fxgl.app.FXGLApplication$GameApplicationService, class com.almasb.fxgl.app.services.FXGLDialogService, class com.almasb.fxgl.app.services.IOTaskExecutorService, class com.almasb.fxgl.io.FileSystemService, class com.almasb.fxgl.localization.LocalizationService, class com.almasb.fxgl.app.services.SystemBundleService, class com.almasb.fxgl.profile.SaveLoadService, class com.almasb.fxgl.ui.FXGLUIFactoryServiceProvider, class com.almasb.fxgl.ui.FXGLDialogFactoryServiceProvider, class com.almasb.fxgl.audio.AudioPlayer, class com.almasb.fxgl.notification.impl.NotificationServiceProvider, class com.almasb.fxgl.achievement.AchievementService, class com.almasb.fxgl.cutscene.CutsceneService, class com.almasb.fxgl.minigames.MiniGameService, class com.almasb.fxgl.net.NetService, class com.almasb.fxgl.app.services.UpdaterService, class com.almasb.fxgl.dev.DevService]
00:17:50.192 [FXGL Background Thread 3 ] DEBUG Engine               - fontGame: Abel-Regular.ttf
00:17:50.192 [FXGL Background Thread 3 ] DEBUG Engine               - fontMono: TerminalLandMono-Regular.otf
00:17:50.192 [FXGL Background Thread 3 ] DEBUG Engine               - fontSizeScaleUI: 1.0
00:17:50.192 [FXGL Background Thread 3 ] DEBUG Engine               - fontText: Courier-Prime.ttf
00:17:50.192 [FXGL Background Thread 3 ] DEBUG Engine               - fontUI: VarelaRound-Regular.ttf
00:17:50.192 [FXGL Background Thread 3 ] DEBUG Engine               - fullScreen: BooleanProperty [value: false]
00:17:50.192 [FXGL Background Thread 3 ] DEBUG Engine               - gameDifficulty: MEDIUM
00:17:50.192 [FXGL Background Thread 3 ] DEBUG Engine               - gameDifficultyProperty: ObjectProperty [value: MEDIUM]
00:17:50.192 [FXGL Background Thread 3 ] DEBUG Engine               - globalMusicVolume: 0.5
00:17:50.192 [FXGL Background Thread 3 ] DEBUG Engine               - globalMusicVolumeProperty: DoubleProperty [value: 0.5]
00:17:50.192 [FXGL Background Thread 3 ] DEBUG Engine               - globalSoundVolume: 0.5
00:17:50.192 [FXGL Background Thread 3 ] DEBUG Engine               - globalSoundVolumeProperty: DoubleProperty [value: 0.5]
00:17:50.193 [FXGL Background Thread 3 ] DEBUG Engine               - height: 480
00:17:50.193 [FXGL Background Thread 3 ] DEBUG Engine               - is3D: false
00:17:50.194 [FXGL Background Thread 3 ] DEBUG Engine               - isAndroid: false
00:17:50.194 [FXGL Background Thread 3 ] DEBUG Engine               - isBrowser: false
00:17:50.194 [FXGL Background Thread 3 ] DEBUG Engine               - isClickFeedbackEnabled: false
00:17:50.194 [FXGL Background Thread 3 ] DEBUG Engine               - isCloseConfirmation: false
00:17:50.194 [FXGL Background Thread 3 ] DEBUG Engine               - isDesktop: true
00:17:50.194 [FXGL Background Thread 3 ] DEBUG Engine               - isDeveloperMenuEnabled: false
00:17:50.194 [FXGL Background Thread 3 ] DEBUG Engine               - isEmbedded: false
00:17:50.194 [FXGL Background Thread 3 ] DEBUG Engine               - isEntityPreloadEnabled: true
00:17:50.194 [FXGL Background Thread 3 ] DEBUG Engine               - isExperimentalTiledLargeMap: false
00:17:50.194 [FXGL Background Thread 3 ] DEBUG Engine               - isFileSystemWriteAllowed: true
00:17:50.194 [FXGL Background Thread 3 ] DEBUG Engine               - isFullScreenAllowed: false
00:17:50.194 [FXGL Background Thread 3 ] DEBUG Engine               - isFullScreenFromStart: false
00:17:50.194 [FXGL Background Thread 3 ] DEBUG Engine               - isGameMenuEnabled: true
00:17:50.194 [FXGL Background Thread 3 ] DEBUG Engine               - isIOS: false
00:17:50.194 [FXGL Background Thread 3 ] DEBUG Engine               - isIntroEnabled: false
00:17:50.194 [FXGL Background Thread 3 ] DEBUG Engine               - isLinux: false
00:17:50.194 [FXGL Background Thread 3 ] DEBUG Engine               - isMac: false
00:17:50.194 [FXGL Background Thread 3 ] DEBUG Engine               - isMainMenuEnabled: false
00:17:50.194 [FXGL Background Thread 3 ] DEBUG Engine               - isManualResizeEnabled: false
00:17:50.194 [FXGL Background Thread 3 ] DEBUG Engine               - isMobile: false
00:17:50.194 [FXGL Background Thread 3 ] DEBUG Engine               - isNative: false
00:17:50.194 [FXGL Background Thread 3 ] DEBUG Engine               - isPauseMusicWhenMinimized: true
00:17:50.194 [FXGL Background Thread 3 ] DEBUG Engine               - isPreserveResizeRatio: false
00:17:50.194 [FXGL Background Thread 3 ] DEBUG Engine               - isProfilingEnabled: false
00:17:50.194 [FXGL Background Thread 3 ] DEBUG Engine               - isScaleAffectedOnResize: true
00:17:50.194 [FXGL Background Thread 3 ] DEBUG Engine               - isSingleStep: false
00:17:50.194 [FXGL Background Thread 3 ] DEBUG Engine               - isUserProfileEnabled: false
00:17:50.194 [FXGL Background Thread 3 ] DEBUG Engine               - isWindows: true
00:17:50.194 [FXGL Background Thread 3 ] DEBUG Engine               - language: ObjectProperty [value: ENGLISH]
00:17:50.194 [FXGL Background Thread 3 ] DEBUG Engine               - menuKey: ESCAPE
00:17:50.194 [FXGL Background Thread 3 ] DEBUG Engine               - mouseSensitivity: 0.2
00:17:50.194 [FXGL Background Thread 3 ] DEBUG Engine               - notificationViewClass: class com.almasb.fxgl.notification.view.XboxNotificationView
00:17:50.194 [FXGL Background Thread 3 ] DEBUG Engine               - pixelsPerMeter: 50.0
00:17:50.194 [FXGL Background Thread 3 ] DEBUG Engine               - platform: WINDOWS
00:17:50.194 [FXGL Background Thread 3 ] DEBUG Engine               - prefHeightProperty: ReadOnlyDoubleProperty [value: 480.0]
00:17:50.195 [FXGL Background Thread 3 ] DEBUG Engine               - prefWidthProperty: ReadOnlyDoubleProperty [value: 480.0]
00:17:50.195 [FXGL Background Thread 3 ] DEBUG Engine               - profileDir: profiles/
00:17:50.195 [FXGL Background Thread 3 ] DEBUG Engine               - profileName: StringProperty [value: DEFAULT]
00:17:50.195 [FXGL Background Thread 3 ] DEBUG Engine               - randomSeed: -1
00:17:50.195 [FXGL Background Thread 3 ] DEBUG Engine               - runtimeInfo: RuntimeInfo(platform=WINDOWS, version=17.3, build=30.03.2023 11.49)
00:17:50.196 [FXGL Background Thread 3 ] DEBUG Engine               - saveFileExt: sav
00:17:50.196 [FXGL Background Thread 3 ] DEBUG Engine               - scaledHeightProp$fxgl: DoubleProperty [bound, value: 480.0]
00:17:50.196 [FXGL Background Thread 3 ] DEBUG Engine               - scaledWidthProp$fxgl: DoubleProperty [bound, value: 480.0]
00:17:50.196 [FXGL Background Thread 3 ] DEBUG Engine               - sceneFactory: com.almasb.fxgl.app.scene.SceneFactory@3ca3505f
00:17:50.196 [FXGL Background Thread 3 ] DEBUG Engine               - secondsIn24h: 60
00:17:50.196 [FXGL Background Thread 3 ] DEBUG Engine               - soundMenuBack: menu/back.wav
00:17:50.196 [FXGL Background Thread 3 ] DEBUG Engine               - soundMenuPress: menu/press.wav
00:17:50.196 [FXGL Background Thread 3 ] DEBUG Engine               - soundMenuSelect: menu/select.wav
00:17:50.196 [FXGL Background Thread 3 ] DEBUG Engine               - soundNotification: core/notification.wav
00:17:50.196 [FXGL Background Thread 3 ] DEBUG Engine               - stageStyle: DECORATED
00:17:50.196 [FXGL Background Thread 3 ] DEBUG Engine               - supportedLanguages: [ENGLISH, FRENCH, GERMAN, HUNGARIAN, RUSSIAN]
00:17:50.196 [FXGL Background Thread 3 ] DEBUG Engine               - ticksPerSecond: -1
00:17:50.196 [FXGL Background Thread 3 ] DEBUG Engine               - title: Bomberman Game
00:17:50.196 [FXGL Background Thread 3 ] DEBUG Engine               - urlGithub: https://github.com/AlmasB/FXGL
00:17:50.196 [FXGL Background Thread 3 ] DEBUG Engine               - urlLeaderboard: http://fxgl-top.herokuapp.com/
00:17:50.196 [FXGL Background Thread 3 ] DEBUG Engine               - urlPOM: https://raw.githubusercontent.com/AlmasB/FXGL/release/README.md
00:17:50.196 [FXGL Background Thread 3 ] DEBUG Engine               - userAppClass: class org.example.demo.BombermanApp
00:17:50.196 [FXGL Background Thread 3 ] DEBUG Engine               - version: 1.0
00:17:50.196 [FXGL Background Thread 3 ] DEBUG Engine               - versionCheckDays: 7
00:17:50.198 [FXGL Background Thread 3 ] DEBUG Engine               - width: 480
00:17:50.198 [FXGL Background Thread 3 ] DEBUG Engine               - Logging services
00:17:50.198 [FXGL Background Thread 3 ] DEBUG Engine               - class com.almasb.fxgl.app.services.FXGLAssetLoaderService
00:17:50.198 [FXGL Background Thread 3 ] DEBUG Engine               - class com.almasb.fxgl.app.FXGLApplication$GameApplicationService
00:17:50.198 [FXGL Background Thread 3 ] DEBUG Engine               - class com.almasb.fxgl.app.services.FXGLDialogService
00:17:50.198 [FXGL Background Thread 3 ] DEBUG Engine               - class com.almasb.fxgl.app.services.IOTaskExecutorService
00:17:50.198 [FXGL Background Thread 3 ] DEBUG Engine               - class com.almasb.fxgl.io.FileSystemService
00:17:50.198 [FXGL Background Thread 3 ] DEBUG Engine               - class com.almasb.fxgl.localization.LocalizationService
00:17:50.198 [FXGL Background Thread 3 ] DEBUG Engine               - class com.almasb.fxgl.app.services.SystemBundleService
00:17:50.198 [FXGL Background Thread 3 ] DEBUG Engine               - class com.almasb.fxgl.profile.SaveLoadService
00:17:50.198 [FXGL Background Thread 3 ] DEBUG Engine               - class com.almasb.fxgl.ui.FXGLUIFactoryServiceProvider
00:17:50.198 [FXGL Background Thread 3 ] DEBUG Engine               - class com.almasb.fxgl.ui.FXGLDialogFactoryServiceProvider
00:17:50.198 [FXGL Background Thread 3 ] DEBUG Engine               - class com.almasb.fxgl.audio.AudioPlayer
00:17:50.198 [FXGL Background Thread 3 ] DEBUG Engine               - class com.almasb.fxgl.notification.impl.NotificationServiceProvider
00:17:50.198 [FXGL Background Thread 3 ] DEBUG Engine               - class com.almasb.fxgl.achievement.AchievementService
00:17:50.198 [FXGL Background Thread 3 ] DEBUG Engine               - class com.almasb.fxgl.cutscene.CutsceneService
00:17:50.198 [FXGL Background Thread 3 ] DEBUG Engine               - class com.almasb.fxgl.minigames.MiniGameService
00:17:50.198 [FXGL Background Thread 3 ] DEBUG Engine               - class com.almasb.fxgl.net.NetService
00:17:50.198 [FXGL Background Thread 3 ] DEBUG Engine               - class com.almasb.fxgl.app.services.UpdaterService
00:17:50.198 [FXGL Background Thread 3 ] DEBUG Engine               - class com.almasb.fxgl.dev.DevService
00:18:15.254 [JavaFX Application Thread] DEBUG FXGLApplication      - Exiting FXGL
00:18:15.254 [JavaFX Application Thread] DEBUG LoopRunner           - Stopping loop
00:18:15.254 [JavaFX Application Thread] DEBUG SystemBundleService  - Saving FXGL system data
00:18:15.258 [JavaFX Application Thread] DEBUG FileSystemAccess     - Writing to: C:\Users\admin\OneDrive\Máy tính\demo\system\fxgl.bundle
00:18:15.261 [JavaFX Application Thread] DEBUG Async                - Shutting down background threads
00:18:15.261 [JavaFX Application Thread] DEBUG PrimaryStageWindow   - Closing main window
00:18:15.272 [JavaFX Application Thread] DEBUG Logger               - Closing Logger
