20:17:29.284 [main                     ] DEBUG Logger               - Configured Logger
20:17:29.308 [main                     ] DEBUG GameApplication      - Logging settings
Title: Bomberman
Version: 0.0
Width: 480
Height: 480
Fullscreen: false
Intro: false
Profiling: false
Single step:false
App Mode: DEVELOPER
Menu Key: ESCAPE
Stage Style: DECORATED
Scene Factory: class com.almasb.fxgl.app.scene.SceneFactory

20:17:29.744 [JavaFX Application Thread] DEBUG FXGLApplication      - Initializing FXGL
20:17:29.748 [JavaFX Application Thread] INFO  Engine               - FXGL-17.3 (30.03.2023 11.49) on WINDOWS (J:23.0.2 FX:17.0.6)
20:17:29.748 [JavaFX Application Thread] DEBUG Engine               - JRE Vendor Name: Oracle Corporation
20:17:29.748 [JavaFX Application Thread] DEBUG Engine               - Running on OS: Windows 11 version 10.0
20:17:29.748 [JavaFX Application Thread] DEBUG Engine               - Architecture: amd64
20:17:29.748 [JavaFX Application Thread] INFO  Engine               - Source code and latest versions at: https://github.com/AlmasB/FXGL
20:17:29.748 [JavaFX Application Thread] INFO  Engine               -       Ask questions and discuss at: https://github.com/AlmasB/FXGL/discussions
20:17:29.749 [JavaFX Application Thread] INFO  Engine               -              Join the FXGL chat at: https://gitter.im/AlmasB/FXGL
20:17:29.853 [JavaFX Application Thread] DEBUG PrimaryStageWindow   - Creating a JavaFX scene
20:17:29.909 [JavaFX Application Thread] DEBUG PrimaryStageWindow   - Target settings size: 480.0 x 480.0
20:17:29.909 [JavaFX Application Thread] DEBUG PrimaryStageWindow   - Scaled scene size:    480.0 x 480.0
20:17:29.910 [JavaFX Application Thread] DEBUG PrimaryStageWindow   - Scaled ratio: (1.0, 1.0)
20:17:29.910 [JavaFX Application Thread] DEBUG PrimaryStageWindow   - Set initial scene to FXGLStartupScene
20:17:29.916 [JavaFX Application Thread] DEBUG PrimaryStageWindow   - Opening main window
20:17:30.006 [JavaFX Application Thread] DEBUG PrimaryStageWindow   - Window border size: (14.666656494140625, 37.33331298828125)
20:17:30.008 [JavaFX Application Thread] DEBUG PrimaryStageWindow   - Scaled size: 480.0 x 480.0
20:17:30.008 [JavaFX Application Thread] DEBUG PrimaryStageWindow   - Scaled ratio: (1.0, 1.0)
20:17:30.008 [JavaFX Application Thread] DEBUG PrimaryStageWindow   - Scene size: 480.0 x 480.0
20:17:30.008 [JavaFX Application Thread] DEBUG PrimaryStageWindow   - Stage size: 494.6666564941406 x 517.3333129882812
20:17:30.019 [FXGL Background Thread 1 ] DEBUG Engine               - Initializing environment variables
20:17:30.098 [FXGL Background Thread 1 ] DEBUG FXGLAssetLoaderServi - User app class for loading assets: class org.example.demo.BombermanApp
20:17:30.098 [FXGL Background Thread 1 ] DEBUG GameApplicationServi - Applying CSS: fxgl_dark.css
20:17:30.099 [FXGL Background Thread 1 ] DEBUG FXGLAssetLoaderServi - Loading from file system: jar:file:///C:/Users/admin/.m2/repository/com/github/almasb/fxgl/17.3/fxgl-17.3.jar!/fxglassets/ui/css/fxgl_dark.css
20:17:30.147 [FXGL Background Thread 1 ] DEBUG GameApplicationServi - Initializing application scenes
20:17:30.191 [FXGL Background Thread 1 ] DEBUG GameWorld            - Game world initialized
20:17:30.254 [FXGL Background Thread 1 ] DEBUG PhysicsWorld         - Physics world initialized: appHeight=480, physics.ppm=50.0
20:17:30.254 [FXGL Background Thread 1 ] DEBUG PhysicsWorld         - Using strategy: BRUTE_FORCE
20:17:30.258 [FXGL Background Thread 1 ] DEBUG GameScene            - Game scene initialized: 480x480
20:17:30.268 [FXGL Background Thread 1 ] WARN  FXGL.DefaultMenu     - FXGLDefaultMenu is not designed for resolutions < 800x600
20:17:30.268 [FXGL Background Thread 1 ] DEBUG FXGL.DefaultMenu     - createMenuBodyGameMenu()
20:17:30.280 [FXGL Background Thread 1 ] DEBUG FXGL.DefaultMenu     - createOptionsMenu()
20:17:30.287 [FXGL Background Thread 1 ] DEBUG FXGLAssetLoaderServi - Loading from file system: jar:file:///C:/Users/admin/.m2/repository/com/github/almasb/fxgl/17.3/fxgl-17.3.jar!/fxglassets/textures/particles/smoke.png
20:17:30.374 [FXGL Background Thread 1 ] DEBUG FXGLAssetLoaderServi - Loading from file system: jar:file:///C:/Users/admin/.m2/repository/com/github/almasb/fxgl/17.3/fxgl-17.3.jar!/fxglassets/textures/particles/trace_horizontal.png
20:17:30.402 [FXGL Background Thread 1 ] DEBUG GameApplicationServi - Application scenes initialized
20:17:30.412 [FXGL Background Thread 1 ] DEBUG SystemBundleService  - Loading FXGL system data
20:17:30.415 [FXGL Background Thread 1 ] DEBUG FileSystemAccess     - Reading from: C:\Users\admin\OneDrive\Máy tính\demo\system\fxgl.bundle
20:17:30.426 [FXGL Background Thread 1 ] DEBUG SystemBundleService  - Bundle FXGL: {}
20:17:30.426 [FXGL Background Thread 1 ] DEBUG UpdaterService       - Checking for updates
20:17:30.431 [FXGL Background Thread 4 ] DEBUG FXGLApplication      - Loading fonts
20:17:30.432 [FXGL Background Thread 4 ] DEBUG FXGLAssetLoaderServi - Loading from file system: jar:file:///C:/Users/admin/.m2/repository/com/github/almasb/fxgl/17.3/fxgl-17.3.jar!/fxglassets/ui/fonts/VarelaRound-Regular.ttf
20:17:30.432 [FXGL Background Thread 1 ] DEBUG FXGLApplication      - Loading default localization
20:17:30.433 [FXGL Background Thread 1 ] DEBUG FXGLAssetLoaderServi - Loading from file system: jar:file:///C:/Users/admin/.m2/repository/com/github/almasb/fxgl/17.3/fxgl-17.3.jar!/fxglassets/languages/english.lang
20:17:30.457 [FXGL Background Thread 1 ] INFO  FXGLApplication      - FXGL initialization took: 0.437 sec
20:17:30.468 [JavaFX Application Thread] DEBUG Input                - Registered new binding: action0 - W
20:17:30.468 [JavaFX Application Thread] DEBUG Input                - Registered new binding: action1 - S
20:17:30.468 [JavaFX Application Thread] DEBUG Input                - Registered new binding: action2 - A
20:17:30.469 [JavaFX Application Thread] DEBUG Input                - Registered new binding: action3 - D
20:17:30.469 [JavaFX Application Thread] DEBUG FXGLAssetLoaderServi - Loading from file system: jar:file:///C:/Users/admin/.m2/repository/com/github/almasb/fxgl/17.3/fxgl-17.3.jar!/fxglassets/textures/fxgl_icon.png
20:17:30.485 [FXGL Background Thread 4 ] DEBUG FXGLAssetLoaderServi - Loading from file system: jar:file:///C:/Users/admin/.m2/repository/com/github/almasb/fxgl/17.3/fxgl-17.3.jar!/fxglassets/ui/fonts/Abel-Regular.ttf
20:17:30.489 [JavaFX Application Thread] DEBUG FXGLAssetLoaderServi - Loading from file system: jar:file:///C:/Users/admin/.m2/repository/com/github/almasb/fxgl/17.3/fxgl-17.3.jar!/fxglassets/textures/fxgl_default_cursor.png
20:17:30.492 [JavaFX Application Thread] DEBUG Input                - Registered new binding: Screenshot - CTRL+8
20:17:30.493 [JavaFX Application Thread] DEBUG Input                - Registered new binding: System info dump - CTRL+9
20:17:30.493 [JavaFX Application Thread] DEBUG Input                - Registered new binding: Restart - CTRL+R
20:17:30.494 [JavaFX Application Thread] DEBUG Input                - Registered new binding: Toggle Debug Camera - CTRL+7
20:17:30.498 [JavaFX Application Thread] DEBUG LoopRunner           - Starting loop
20:17:30.498 [JavaFX Application Thread] DEBUG LoopRunner           - Initializing JavaFX AnimationTimerLoop
20:17:30.501 [JavaFX Application Thread] DEBUG GameApplicationServi - Starting new game
20:17:30.501 [JavaFX Application Thread] DEBUG Input                - Clearing active input actions
20:17:30.503 [FXGL Background Thread 4 ] DEBUG FXGLAssetLoaderServi - Loading from file system: jar:file:///C:/Users/admin/.m2/repository/com/github/almasb/fxgl/17.3/fxgl-17.3.jar!/fxglassets/ui/fonts/TerminalLandMono-Regular.otf
20:17:30.513 [JavaFX Application Thread] DEBUG GameApplicationServi - Removing overlay from FXGLStartupScene and adding to FXGLLoadingScene
20:17:30.513 [JavaFX Application Thread] DEBUG PrimaryStageWindow   - FXGLStartupScene -> FXGLLoadingScene
20:17:30.514 [JavaFX Application Thread] DEBUG GameApplicationServi - Clearing previous game
20:17:30.514 [JavaFX Application Thread] DEBUG GameScene            - Clearing game scene
20:17:30.514 [JavaFX Application Thread] DEBUG GameWorld            - Clearing game world
20:17:30.514 [JavaFX Application Thread] DEBUG PhysicsWorld         - Clearing physics world
20:17:30.515 [FXGL Background Thread 1 ] DEBUG FXGLApplication      - Initializing game
20:17:30.521 [FXGL Background Thread 4 ] DEBUG FXGLAssetLoaderServi - Loading from file system: jar:file:///C:/Users/admin/.m2/repository/com/github/almasb/fxgl/17.3/fxgl-17.3.jar!/fxglassets/ui/fonts/Courier-Prime.ttf
20:17:30.556 [JavaFX Application Thread] DEBUG FXGLApplication      - Registering font factories with UI factory
20:17:30.793 [FXGL Background Thread 1 ] INFO  FXGLApplication      - Game initialization took: 0.278 sec
20:17:30.795 [JavaFX Application Thread] DEBUG Input                - Clearing active input actions
20:17:30.806 [JavaFX Application Thread] DEBUG GameApplicationServi - Removing overlay from FXGLLoadingScene and adding to GameScene
20:17:30.806 [JavaFX Application Thread] DEBUG PrimaryStageWindow   - FXGLLoadingScene -> GameScene
20:17:31.994 [FXGL Background Thread 2 ] INFO  UpdaterService       - Your current version:  17.3
20:17:31.994 [FXGL Background Thread 2 ] INFO  UpdaterService       - Latest stable version: 21.1
20:17:33.431 [FXGL Background Thread 3 ] DEBUG Engine               - Logging environment variables
20:17:33.432 [FXGL Background Thread 3 ] DEBUG Engine               - achievements: []
20:17:33.432 [FXGL Background Thread 3 ] DEBUG Engine               - actualHeight: 480.0
20:17:33.432 [FXGL Background Thread 3 ] DEBUG Engine               - actualHeightProperty: ReadOnlyDoubleProperty [value: 480.0]
20:17:33.432 [FXGL Background Thread 3 ] DEBUG Engine               - actualWidth: 480.0
20:17:33.432 [FXGL Background Thread 3 ] DEBUG Engine               - actualWidthProperty: ReadOnlyDoubleProperty [value: 480.0]
20:17:33.432 [FXGL Background Thread 3 ] DEBUG Engine               - appIcon: fxgl_icon.png
20:17:33.432 [FXGL Background Thread 3 ] DEBUG Engine               - applicationMode: DEVELOPER
20:17:33.432 [FXGL Background Thread 3 ] DEBUG Engine               - cSSList: [fxgl_dark.css]
20:17:33.432 [FXGL Background Thread 3 ] DEBUG Engine               - collisionDetectionStrategy: BRUTE_FORCE
20:17:33.432 [FXGL Background Thread 3 ] DEBUG Engine               - configClass: Optional.empty
20:17:33.432 [FXGL Background Thread 3 ] DEBUG Engine               - credits: []
20:17:33.433 [FXGL Background Thread 3 ] DEBUG Engine               - defaultCursor: CursorInfo(imageName=fxgl_default_cursor.png, hotspotX=7.0, hotspotY=6.0)
20:17:33.433 [FXGL Background Thread 3 ] DEBUG Engine               - devBBoxColorProperty: ObjectProperty [value: 0xff0000ff]
20:17:33.433 [FXGL Background Thread 3 ] DEBUG Engine               - devEnableDebugCameraProperty: BooleanProperty [value: false]
20:17:33.433 [FXGL Background Thread 3 ] DEBUG Engine               - devSensorColorProperty: ObjectProperty [value: 0xffff00ff]
20:17:33.433 [FXGL Background Thread 3 ] DEBUG Engine               - devShowBBoxProperty: BooleanProperty [value: false]
20:17:33.433 [FXGL Background Thread 3 ] DEBUG Engine               - devShowPositionProperty: BooleanProperty [value: false]
20:17:33.434 [FXGL Background Thread 3 ] DEBUG Engine               - enabledMenuItems: []
20:17:33.434 [FXGL Background Thread 3 ] DEBUG Engine               - engineServices: [class com.almasb.fxgl.app.services.FXGLAssetLoaderService, class com.almasb.fxgl.app.FXGLApplication$GameApplicationService, class com.almasb.fxgl.app.services.FXGLDialogService, class com.almasb.fxgl.app.services.IOTaskExecutorService, class com.almasb.fxgl.io.FileSystemService, class com.almasb.fxgl.localization.LocalizationService, class com.almasb.fxgl.app.services.SystemBundleService, class com.almasb.fxgl.profile.SaveLoadService, class com.almasb.fxgl.ui.FXGLUIFactoryServiceProvider, class com.almasb.fxgl.ui.FXGLDialogFactoryServiceProvider, class com.almasb.fxgl.audio.AudioPlayer, class com.almasb.fxgl.notification.impl.NotificationServiceProvider, class com.almasb.fxgl.achievement.AchievementService, class com.almasb.fxgl.cutscene.CutsceneService, class com.almasb.fxgl.minigames.MiniGameService, class com.almasb.fxgl.net.NetService, class com.almasb.fxgl.app.services.UpdaterService, class com.almasb.fxgl.dev.DevService]
20:17:33.434 [FXGL Background Thread 3 ] DEBUG Engine               - fontGame: Abel-Regular.ttf
20:17:33.434 [FXGL Background Thread 3 ] DEBUG Engine               - fontMono: TerminalLandMono-Regular.otf
20:17:33.434 [FXGL Background Thread 3 ] DEBUG Engine               - fontSizeScaleUI: 1.0
20:17:33.434 [FXGL Background Thread 3 ] DEBUG Engine               - fontText: Courier-Prime.ttf
20:17:33.434 [FXGL Background Thread 3 ] DEBUG Engine               - fontUI: VarelaRound-Regular.ttf
20:17:33.434 [FXGL Background Thread 3 ] DEBUG Engine               - fullScreen: BooleanProperty [value: false]
20:17:33.434 [FXGL Background Thread 3 ] DEBUG Engine               - gameDifficulty: MEDIUM
20:17:33.434 [FXGL Background Thread 3 ] DEBUG Engine               - gameDifficultyProperty: ObjectProperty [value: MEDIUM]
20:17:33.434 [FXGL Background Thread 3 ] DEBUG Engine               - globalMusicVolume: 0.5
20:17:33.435 [FXGL Background Thread 3 ] DEBUG Engine               - globalMusicVolumeProperty: DoubleProperty [value: 0.5]
20:17:33.435 [FXGL Background Thread 3 ] DEBUG Engine               - globalSoundVolume: 0.5
20:17:33.435 [FXGL Background Thread 3 ] DEBUG Engine               - globalSoundVolumeProperty: DoubleProperty [value: 0.5]
20:17:33.435 [FXGL Background Thread 3 ] DEBUG Engine               - height: 480
20:17:33.435 [FXGL Background Thread 3 ] DEBUG Engine               - is3D: false
20:17:33.435 [FXGL Background Thread 3 ] DEBUG Engine               - isAndroid: false
20:17:33.435 [FXGL Background Thread 3 ] DEBUG Engine               - isBrowser: false
20:17:33.435 [FXGL Background Thread 3 ] DEBUG Engine               - isClickFeedbackEnabled: false
20:17:33.435 [FXGL Background Thread 3 ] DEBUG Engine               - isCloseConfirmation: false
20:17:33.435 [FXGL Background Thread 3 ] DEBUG Engine               - isDesktop: true
20:17:33.435 [FXGL Background Thread 3 ] DEBUG Engine               - isDeveloperMenuEnabled: false
20:17:33.435 [FXGL Background Thread 3 ] DEBUG Engine               - isEmbedded: false
20:17:33.435 [FXGL Background Thread 3 ] DEBUG Engine               - isEntityPreloadEnabled: true
20:17:33.435 [FXGL Background Thread 3 ] DEBUG Engine               - isExperimentalTiledLargeMap: false
20:17:33.435 [FXGL Background Thread 3 ] DEBUG Engine               - isFileSystemWriteAllowed: true
20:17:33.436 [FXGL Background Thread 3 ] DEBUG Engine               - isFullScreenAllowed: false
20:17:33.436 [FXGL Background Thread 3 ] DEBUG Engine               - isFullScreenFromStart: false
20:17:33.436 [FXGL Background Thread 3 ] DEBUG Engine               - isGameMenuEnabled: true
20:17:33.436 [FXGL Background Thread 3 ] DEBUG Engine               - isIOS: false
20:17:33.436 [FXGL Background Thread 3 ] DEBUG Engine               - isIntroEnabled: false
20:17:33.436 [FXGL Background Thread 3 ] DEBUG Engine               - isLinux: false
20:17:33.436 [FXGL Background Thread 3 ] DEBUG Engine               - isMac: false
20:17:33.436 [FXGL Background Thread 3 ] DEBUG Engine               - isMainMenuEnabled: false
20:17:33.436 [FXGL Background Thread 3 ] DEBUG Engine               - isManualResizeEnabled: false
20:17:33.436 [FXGL Background Thread 3 ] DEBUG Engine               - isMobile: false
20:17:33.436 [FXGL Background Thread 3 ] DEBUG Engine               - isNative: false
20:17:33.436 [FXGL Background Thread 3 ] DEBUG Engine               - isPauseMusicWhenMinimized: true
20:17:33.436 [FXGL Background Thread 3 ] DEBUG Engine               - isPreserveResizeRatio: false
20:17:33.436 [FXGL Background Thread 3 ] DEBUG Engine               - isProfilingEnabled: false
20:17:33.436 [FXGL Background Thread 3 ] DEBUG Engine               - isScaleAffectedOnResize: true
20:17:33.436 [FXGL Background Thread 3 ] DEBUG Engine               - isSingleStep: false
20:17:33.436 [FXGL Background Thread 3 ] DEBUG Engine               - isUserProfileEnabled: false
20:17:33.437 [FXGL Background Thread 3 ] DEBUG Engine               - isWindows: true
20:17:33.437 [FXGL Background Thread 3 ] DEBUG Engine               - language: ObjectProperty [value: ENGLISH]
20:17:33.437 [FXGL Background Thread 3 ] DEBUG Engine               - menuKey: ESCAPE
20:17:33.437 [FXGL Background Thread 3 ] DEBUG Engine               - mouseSensitivity: 0.2
20:17:33.437 [FXGL Background Thread 3 ] DEBUG Engine               - notificationViewClass: class com.almasb.fxgl.notification.view.XboxNotificationView
20:17:33.437 [FXGL Background Thread 3 ] DEBUG Engine               - pixelsPerMeter: 50.0
20:17:33.437 [FXGL Background Thread 3 ] DEBUG Engine               - platform: WINDOWS
20:17:33.437 [FXGL Background Thread 3 ] DEBUG Engine               - prefHeightProperty: ReadOnlyDoubleProperty [value: 480.0]
20:17:33.437 [FXGL Background Thread 3 ] DEBUG Engine               - prefWidthProperty: ReadOnlyDoubleProperty [value: 480.0]
20:17:33.437 [FXGL Background Thread 3 ] DEBUG Engine               - profileDir: profiles/
20:17:33.437 [FXGL Background Thread 3 ] DEBUG Engine               - profileName: StringProperty [value: DEFAULT]
20:17:33.437 [FXGL Background Thread 3 ] DEBUG Engine               - randomSeed: -1
20:17:33.437 [FXGL Background Thread 3 ] DEBUG Engine               - runtimeInfo: RuntimeInfo(platform=WINDOWS, version=17.3, build=30.03.2023 11.49)
20:17:33.437 [FXGL Background Thread 3 ] DEBUG Engine               - saveFileExt: sav
20:17:33.437 [FXGL Background Thread 3 ] DEBUG Engine               - scaledHeightProp$fxgl: DoubleProperty [bound, value: 480.0]
20:17:33.438 [FXGL Background Thread 3 ] DEBUG Engine               - scaledWidthProp$fxgl: DoubleProperty [bound, value: 480.0]
20:17:33.438 [FXGL Background Thread 3 ] DEBUG Engine               - sceneFactory: com.almasb.fxgl.app.scene.SceneFactory@428ec76
20:17:33.438 [FXGL Background Thread 3 ] DEBUG Engine               - secondsIn24h: 60
20:17:33.438 [FXGL Background Thread 3 ] DEBUG Engine               - soundMenuBack: menu/back.wav
20:17:33.438 [FXGL Background Thread 3 ] DEBUG Engine               - soundMenuPress: menu/press.wav
20:17:33.438 [FXGL Background Thread 3 ] DEBUG Engine               - soundMenuSelect: menu/select.wav
20:17:33.438 [FXGL Background Thread 3 ] DEBUG Engine               - soundNotification: core/notification.wav
20:17:33.438 [FXGL Background Thread 3 ] DEBUG Engine               - stageStyle: DECORATED
20:17:33.438 [FXGL Background Thread 3 ] DEBUG Engine               - supportedLanguages: [ENGLISH, FRENCH, GERMAN, HUNGARIAN, RUSSIAN]
20:17:33.438 [FXGL Background Thread 3 ] DEBUG Engine               - ticksPerSecond: -1
20:17:33.438 [FXGL Background Thread 3 ] DEBUG Engine               - title: Bomberman
20:17:33.438 [FXGL Background Thread 3 ] DEBUG Engine               - urlGithub: https://github.com/AlmasB/FXGL
20:17:33.438 [FXGL Background Thread 3 ] DEBUG Engine               - urlLeaderboard: http://fxgl-top.herokuapp.com/
20:17:33.438 [FXGL Background Thread 3 ] DEBUG Engine               - urlPOM: https://raw.githubusercontent.com/AlmasB/FXGL/release/README.md
20:17:33.438 [FXGL Background Thread 3 ] DEBUG Engine               - userAppClass: class org.example.demo.BombermanApp
20:17:33.438 [FXGL Background Thread 3 ] DEBUG Engine               - version: 0.0
20:17:33.438 [FXGL Background Thread 3 ] DEBUG Engine               - versionCheckDays: 7
20:17:33.438 [FXGL Background Thread 3 ] DEBUG Engine               - width: 480
20:17:33.438 [FXGL Background Thread 3 ] DEBUG Engine               - Logging services
20:17:33.438 [FXGL Background Thread 3 ] DEBUG Engine               - class com.almasb.fxgl.app.services.FXGLAssetLoaderService
20:17:33.438 [FXGL Background Thread 3 ] DEBUG Engine               - class com.almasb.fxgl.app.FXGLApplication$GameApplicationService
20:17:33.438 [FXGL Background Thread 3 ] DEBUG Engine               - class com.almasb.fxgl.app.services.FXGLDialogService
20:17:33.438 [FXGL Background Thread 3 ] DEBUG Engine               - class com.almasb.fxgl.app.services.IOTaskExecutorService
20:17:33.438 [FXGL Background Thread 3 ] DEBUG Engine               - class com.almasb.fxgl.io.FileSystemService
20:17:33.438 [FXGL Background Thread 3 ] DEBUG Engine               - class com.almasb.fxgl.localization.LocalizationService
20:17:33.438 [FXGL Background Thread 3 ] DEBUG Engine               - class com.almasb.fxgl.app.services.SystemBundleService
20:17:33.438 [FXGL Background Thread 3 ] DEBUG Engine               - class com.almasb.fxgl.profile.SaveLoadService
20:17:33.438 [FXGL Background Thread 3 ] DEBUG Engine               - class com.almasb.fxgl.ui.FXGLUIFactoryServiceProvider
20:17:33.438 [FXGL Background Thread 3 ] DEBUG Engine               - class com.almasb.fxgl.ui.FXGLDialogFactoryServiceProvider
20:17:33.439 [FXGL Background Thread 3 ] DEBUG Engine               - class com.almasb.fxgl.audio.AudioPlayer
20:17:33.439 [FXGL Background Thread 3 ] DEBUG Engine               - class com.almasb.fxgl.notification.impl.NotificationServiceProvider
20:17:33.439 [FXGL Background Thread 3 ] DEBUG Engine               - class com.almasb.fxgl.achievement.AchievementService
20:17:33.439 [FXGL Background Thread 3 ] DEBUG Engine               - class com.almasb.fxgl.cutscene.CutsceneService
20:17:33.439 [FXGL Background Thread 3 ] DEBUG Engine               - class com.almasb.fxgl.minigames.MiniGameService
20:17:33.439 [FXGL Background Thread 3 ] DEBUG Engine               - class com.almasb.fxgl.net.NetService
20:17:33.439 [FXGL Background Thread 3 ] DEBUG Engine               - class com.almasb.fxgl.app.services.UpdaterService
20:17:33.439 [FXGL Background Thread 3 ] DEBUG Engine               - class com.almasb.fxgl.dev.DevService
20:17:53.238 [JavaFX Application Thread] DEBUG FXGLApplication      - Exiting FXGL
20:17:53.238 [JavaFX Application Thread] DEBUG LoopRunner           - Stopping loop
20:17:53.238 [JavaFX Application Thread] DEBUG SystemBundleService  - Saving FXGL system data
20:17:53.247 [JavaFX Application Thread] DEBUG FileSystemAccess     - Writing to: C:\Users\admin\OneDrive\Máy tính\demo\system\fxgl.bundle
20:17:53.252 [JavaFX Application Thread] DEBUG Async                - Shutting down background threads
20:17:53.253 [JavaFX Application Thread] DEBUG PrimaryStageWindow   - Closing main window
20:17:53.282 [JavaFX Application Thread] DEBUG Logger               - Closing Logger
