14:58:32.369 [main                     ] DEBUG Logger               - Configured Logger
14:58:32.398 [main                     ] DEBUG GameApplication      - Logging settings
Title: Bomberman Game
Version: 1.0
Width: 480
Height: 352
Fullscreen: false
Intro: false
Profiling: false
Single step:false
App Mode: DEVELOPER
Menu Key: ESCAPE
Stage Style: DECORATED
Scene Factory: class com.almasb.fxgl.app.scene.SceneFactory

14:58:32.741 [JavaFX Application Thread] DEBUG FXGLApplication      - Initializing FXGL
14:58:32.745 [JavaFX Application Thread] INFO  Engine               - FXGL-17.3 (30.03.2023 11.49) on WINDOWS (J:23.0.2 FX:17.0.6)
14:58:32.745 [JavaFX Application Thread] DEBUG Engine               - JRE Vendor Name: Oracle Corporation
14:58:32.746 [JavaFX Application Thread] DEBUG Engine               - Running on OS: Windows 11 version 10.0
14:58:32.746 [JavaFX Application Thread] DEBUG Engine               - Architecture: amd64
14:58:32.746 [JavaFX Application Thread] INFO  Engine               - Source code and latest versions at: https://github.com/AlmasB/FXGL
14:58:32.746 [JavaFX Application Thread] INFO  Engine               -       Ask questions and discuss at: https://github.com/AlmasB/FXGL/discussions
14:58:32.746 [JavaFX Application Thread] INFO  Engine               -              Join the FXGL chat at: https://gitter.im/AlmasB/FXGL
14:58:32.838 [JavaFX Application Thread] DEBUG PrimaryStageWindow   - Creating a JavaFX scene
14:58:32.887 [JavaFX Application Thread] DEBUG PrimaryStageWindow   - Target settings size: 480.0 x 352.0
14:58:32.887 [JavaFX Application Thread] DEBUG PrimaryStageWindow   - Scaled scene size:    480.0 x 352.0
14:58:32.887 [JavaFX Application Thread] DEBUG PrimaryStageWindow   - Scaled ratio: (1.0, 1.0)
14:58:32.888 [JavaFX Application Thread] DEBUG PrimaryStageWindow   - Set initial scene to FXGLStartupScene
14:58:32.895 [JavaFX Application Thread] DEBUG PrimaryStageWindow   - Opening main window
14:58:32.977 [JavaFX Application Thread] DEBUG PrimaryStageWindow   - Window border size: (14.666656494140625, 37.333343505859375)
14:58:32.977 [JavaFX Application Thread] DEBUG PrimaryStageWindow   - Scaled size: 480.0 x 352.0
14:58:32.978 [JavaFX Application Thread] DEBUG PrimaryStageWindow   - Scaled ratio: (1.0, 1.0)
14:58:32.978 [JavaFX Application Thread] DEBUG PrimaryStageWindow   - Scene size: 480.0 x 352.0
14:58:32.979 [JavaFX Application Thread] DEBUG PrimaryStageWindow   - Stage size: 494.6666564941406 x 389.3333435058594
14:58:32.987 [FXGL Background Thread 1 ] DEBUG Engine               - Initializing environment variables
14:58:33.081 [FXGL Background Thread 1 ] DEBUG FXGLAssetLoaderServi - User app class for loading assets: class org.example.demo.HelloApplication
14:58:33.081 [FXGL Background Thread 1 ] DEBUG GameApplicationServi - Applying CSS: fxgl_dark.css
14:58:33.083 [FXGL Background Thread 1 ] DEBUG FXGLAssetLoaderServi - Loading from file system: jar:file:///C:/Users/admin/.m2/repository/com/github/almasb/fxgl/17.3/fxgl-17.3.jar!/fxglassets/ui/css/fxgl_dark.css
14:58:33.137 [FXGL Background Thread 1 ] DEBUG GameApplicationServi - Initializing application scenes
14:58:33.182 [FXGL Background Thread 1 ] DEBUG GameWorld            - Game world initialized
14:58:33.279 [FXGL Background Thread 1 ] DEBUG PhysicsWorld         - Physics world initialized: appHeight=352, physics.ppm=50.0
14:58:33.279 [FXGL Background Thread 1 ] DEBUG PhysicsWorld         - Using strategy: BRUTE_FORCE
14:58:33.283 [FXGL Background Thread 1 ] DEBUG GameScene            - Game scene initialized: 480x352
14:58:33.295 [FXGL Background Thread 1 ] WARN  FXGL.DefaultMenu     - FXGLDefaultMenu is not designed for resolutions < 800x600
14:58:33.296 [FXGL Background Thread 1 ] DEBUG FXGL.DefaultMenu     - createMenuBodyGameMenu()
14:58:33.310 [FXGL Background Thread 1 ] DEBUG FXGL.DefaultMenu     - createOptionsMenu()
14:58:33.318 [FXGL Background Thread 1 ] DEBUG FXGLAssetLoaderServi - Loading from file system: jar:file:///C:/Users/admin/.m2/repository/com/github/almasb/fxgl/17.3/fxgl-17.3.jar!/fxglassets/textures/particles/smoke.png
14:58:33.419 [FXGL Background Thread 1 ] DEBUG FXGLAssetLoaderServi - Loading from file system: jar:file:///C:/Users/admin/.m2/repository/com/github/almasb/fxgl/17.3/fxgl-17.3.jar!/fxglassets/textures/particles/trace_horizontal.png
14:58:33.447 [FXGL Background Thread 1 ] DEBUG GameApplicationServi - Application scenes initialized
14:58:33.461 [FXGL Background Thread 1 ] DEBUG SystemBundleService  - Loading FXGL system data
14:58:33.464 [FXGL Background Thread 1 ] DEBUG FileSystemAccess     - Reading from: C:\Users\admin\OneDrive\Máy tính\btl\baitaplonOOP\system\fxgl.bundle
14:58:33.471 [FXGL Background Thread 1 ] DEBUG SystemBundleService  - Bundle FXGL: {}
14:58:33.471 [FXGL Background Thread 1 ] DEBUG UpdaterService       - Checking for updates
14:58:33.475 [FXGL Background Thread 4 ] DEBUG FXGLApplication      - Loading fonts
14:58:33.476 [FXGL Background Thread 4 ] DEBUG FXGLAssetLoaderServi - Loading from file system: jar:file:///C:/Users/admin/.m2/repository/com/github/almasb/fxgl/17.3/fxgl-17.3.jar!/fxglassets/ui/fonts/VarelaRound-Regular.ttf
14:58:33.476 [FXGL Background Thread 1 ] DEBUG FXGLApplication      - Loading default localization
14:58:33.476 [FXGL Background Thread 1 ] DEBUG FXGLAssetLoaderServi - Loading from file system: jar:file:///C:/Users/admin/.m2/repository/com/github/almasb/fxgl/17.3/fxgl-17.3.jar!/fxglassets/languages/english.lang
14:58:33.499 [FXGL Background Thread 1 ] INFO  FXGLApplication      - FXGL initialization took: 0.511 sec
14:58:33.500 [JavaFX Application Thread] DEBUG FXGLAssetLoaderServi - Loading from file system: jar:file:///C:/Users/admin/.m2/repository/com/github/almasb/fxgl/17.3/fxgl-17.3.jar!/fxglassets/textures/fxgl_icon.png
14:58:33.540 [FXGL Background Thread 4 ] DEBUG FXGLAssetLoaderServi - Loading from file system: jar:file:///C:/Users/admin/.m2/repository/com/github/almasb/fxgl/17.3/fxgl-17.3.jar!/fxglassets/ui/fonts/Abel-Regular.ttf
14:58:33.557 [FXGL Background Thread 4 ] DEBUG FXGLAssetLoaderServi - Loading from file system: jar:file:///C:/Users/admin/.m2/repository/com/github/almasb/fxgl/17.3/fxgl-17.3.jar!/fxglassets/ui/fonts/TerminalLandMono-Regular.otf
14:58:33.560 [JavaFX Application Thread] DEBUG FXGLAssetLoaderServi - Loading from file system: jar:file:///C:/Users/admin/.m2/repository/com/github/almasb/fxgl/17.3/fxgl-17.3.jar!/fxglassets/textures/fxgl_default_cursor.png
14:58:33.574 [FXGL Background Thread 4 ] DEBUG FXGLAssetLoaderServi - Loading from file system: jar:file:///C:/Users/admin/.m2/repository/com/github/almasb/fxgl/17.3/fxgl-17.3.jar!/fxglassets/ui/fonts/Courier-Prime.ttf
14:58:33.583 [JavaFX Application Thread] DEBUG Input                - Registered new binding: Screenshot - CTRL+8
14:58:33.583 [JavaFX Application Thread] DEBUG Input                - Registered new binding: System info dump - CTRL+9
14:58:33.584 [JavaFX Application Thread] DEBUG Input                - Registered new binding: Restart - CTRL+R
14:58:33.586 [JavaFX Application Thread] DEBUG Input                - Registered new binding: Toggle Debug Camera - CTRL+7
14:58:33.590 [JavaFX Application Thread] DEBUG LoopRunner           - Starting loop
14:58:33.591 [JavaFX Application Thread] DEBUG LoopRunner           - Initializing JavaFX AnimationTimerLoop
14:58:33.593 [JavaFX Application Thread] DEBUG GameApplicationServi - Starting new game
14:58:33.593 [JavaFX Application Thread] DEBUG Input                - Clearing active input actions
14:58:33.610 [JavaFX Application Thread] DEBUG GameApplicationServi - Removing overlay from FXGLStartupScene and adding to FXGLLoadingScene
14:58:33.610 [JavaFX Application Thread] DEBUG PrimaryStageWindow   - FXGLStartupScene -> FXGLLoadingScene
14:58:33.610 [JavaFX Application Thread] DEBUG GameApplicationServi - Clearing previous game
14:58:33.610 [JavaFX Application Thread] DEBUG GameScene            - Clearing game scene
14:58:33.610 [JavaFX Application Thread] DEBUG GameWorld            - Clearing game world
14:58:33.610 [JavaFX Application Thread] DEBUG PhysicsWorld         - Clearing physics world
14:58:33.612 [FXGL Background Thread 4 ] DEBUG FXGLApplication      - Initializing game
14:58:33.612 [JavaFX Application Thread] DEBUG FXGLApplication      - Registering font factories with UI factory
14:58:33.873 [FXGL Background Thread 4 ] DEBUG Input                - Clearing active input actions
14:58:33.873 [FXGL Background Thread 4 ] DEBUG Input                - Registered new binding: Move Up - W
14:58:33.873 [FXGL Background Thread 4 ] DEBUG Input                - Registered new binding: Move Down - S
14:58:33.873 [FXGL Background Thread 4 ] DEBUG Input                - Registered new binding: Move Left - A
14:58:33.873 [FXGL Background Thread 4 ] DEBUG Input                - Registered new binding: Move Right - D
14:58:33.873 [FXGL Background Thread 4 ] DEBUG Input                - Registered new binding: Đặt bom - Space
14:58:33.887 [FXGL Background Thread 4 ] INFO  FXGLApplication      - Game initialization took: 0.275 sec
14:58:33.888 [JavaFX Application Thread] DEBUG Input                - Clearing active input actions
14:58:33.905 [JavaFX Application Thread] DEBUG GameApplicationServi - Removing overlay from FXGLLoadingScene and adding to GameScene
14:58:33.905 [JavaFX Application Thread] DEBUG PrimaryStageWindow   - FXGLLoadingScene -> GameScene
14:58:34.117 [FXGL Background Thread 2 ] INFO  UpdaterService       - Your current version:  17.3
14:58:34.117 [FXGL Background Thread 2 ] INFO  UpdaterService       - Latest stable version: 21.1
14:58:36.474 [FXGL Background Thread 3 ] DEBUG Engine               - Logging environment variables
14:58:36.475 [FXGL Background Thread 3 ] DEBUG Engine               - achievements: []
14:58:36.475 [FXGL Background Thread 3 ] DEBUG Engine               - actualHeight: 352.0
14:58:36.475 [FXGL Background Thread 3 ] DEBUG Engine               - actualHeightProperty: ReadOnlyDoubleProperty [value: 352.0]
14:58:36.476 [FXGL Background Thread 3 ] DEBUG Engine               - actualWidth: 480.0
14:58:36.476 [FXGL Background Thread 3 ] DEBUG Engine               - actualWidthProperty: ReadOnlyDoubleProperty [value: 480.0]
14:58:36.476 [FXGL Background Thread 3 ] DEBUG Engine               - appIcon: fxgl_icon.png
14:58:36.476 [FXGL Background Thread 3 ] DEBUG Engine               - applicationMode: DEVELOPER
14:58:36.476 [FXGL Background Thread 3 ] DEBUG Engine               - cSSList: [fxgl_dark.css]
14:58:36.476 [FXGL Background Thread 3 ] DEBUG Engine               - collisionDetectionStrategy: BRUTE_FORCE
14:58:36.476 [FXGL Background Thread 3 ] DEBUG Engine               - configClass: Optional.empty
14:58:36.476 [FXGL Background Thread 3 ] DEBUG Engine               - credits: []
14:58:36.477 [FXGL Background Thread 3 ] DEBUG Engine               - defaultCursor: CursorInfo(imageName=fxgl_default_cursor.png, hotspotX=7.0, hotspotY=6.0)
14:58:36.477 [FXGL Background Thread 3 ] DEBUG Engine               - devBBoxColorProperty: ObjectProperty [value: 0xff0000ff]
14:58:36.477 [FXGL Background Thread 3 ] DEBUG Engine               - devEnableDebugCameraProperty: BooleanProperty [value: false]
14:58:36.477 [FXGL Background Thread 3 ] DEBUG Engine               - devSensorColorProperty: ObjectProperty [value: 0xffff00ff]
14:58:36.477 [FXGL Background Thread 3 ] DEBUG Engine               - devShowBBoxProperty: BooleanProperty [value: false]
14:58:36.477 [FXGL Background Thread 3 ] DEBUG Engine               - devShowPositionProperty: BooleanProperty [value: false]
14:58:36.477 [FXGL Background Thread 3 ] DEBUG Engine               - enabledMenuItems: []
14:58:36.477 [FXGL Background Thread 3 ] DEBUG Engine               - engineServices: [class com.almasb.fxgl.app.services.FXGLAssetLoaderService, class com.almasb.fxgl.app.FXGLApplication$GameApplicationService, class com.almasb.fxgl.app.services.FXGLDialogService, class com.almasb.fxgl.app.services.IOTaskExecutorService, class com.almasb.fxgl.io.FileSystemService, class com.almasb.fxgl.localization.LocalizationService, class com.almasb.fxgl.app.services.SystemBundleService, class com.almasb.fxgl.profile.SaveLoadService, class com.almasb.fxgl.ui.FXGLUIFactoryServiceProvider, class com.almasb.fxgl.ui.FXGLDialogFactoryServiceProvider, class com.almasb.fxgl.audio.AudioPlayer, class com.almasb.fxgl.notification.impl.NotificationServiceProvider, class com.almasb.fxgl.achievement.AchievementService, class com.almasb.fxgl.cutscene.CutsceneService, class com.almasb.fxgl.minigames.MiniGameService, class com.almasb.fxgl.net.NetService, class com.almasb.fxgl.app.services.UpdaterService, class com.almasb.fxgl.dev.DevService]
14:58:36.477 [FXGL Background Thread 3 ] DEBUG Engine               - fontGame: Abel-Regular.ttf
14:58:36.477 [FXGL Background Thread 3 ] DEBUG Engine               - fontMono: TerminalLandMono-Regular.otf
14:58:36.477 [FXGL Background Thread 3 ] DEBUG Engine               - fontSizeScaleUI: 1.0
14:58:36.477 [FXGL Background Thread 3 ] DEBUG Engine               - fontText: Courier-Prime.ttf
14:58:36.477 [FXGL Background Thread 3 ] DEBUG Engine               - fontUI: VarelaRound-Regular.ttf
14:58:36.477 [FXGL Background Thread 3 ] DEBUG Engine               - fullScreen: BooleanProperty [value: false]
14:58:36.478 [FXGL Background Thread 3 ] DEBUG Engine               - gameDifficulty: MEDIUM
14:58:36.478 [FXGL Background Thread 3 ] DEBUG Engine               - gameDifficultyProperty: ObjectProperty [value: MEDIUM]
14:58:36.478 [FXGL Background Thread 3 ] DEBUG Engine               - globalMusicVolume: 0.5
14:58:36.478 [FXGL Background Thread 3 ] DEBUG Engine               - globalMusicVolumeProperty: DoubleProperty [value: 0.5]
14:58:36.478 [FXGL Background Thread 3 ] DEBUG Engine               - globalSoundVolume: 0.5
14:58:36.478 [FXGL Background Thread 3 ] DEBUG Engine               - globalSoundVolumeProperty: DoubleProperty [value: 0.5]
14:58:36.478 [FXGL Background Thread 3 ] DEBUG Engine               - height: 352
14:58:36.478 [FXGL Background Thread 3 ] DEBUG Engine               - is3D: false
14:58:36.478 [FXGL Background Thread 3 ] DEBUG Engine               - isAndroid: false
14:58:36.478 [FXGL Background Thread 3 ] DEBUG Engine               - isBrowser: false
14:58:36.478 [FXGL Background Thread 3 ] DEBUG Engine               - isClickFeedbackEnabled: false
14:58:36.478 [FXGL Background Thread 3 ] DEBUG Engine               - isCloseConfirmation: false
14:58:36.478 [FXGL Background Thread 3 ] DEBUG Engine               - isDesktop: true
14:58:36.478 [FXGL Background Thread 3 ] DEBUG Engine               - isDeveloperMenuEnabled: false
14:58:36.478 [FXGL Background Thread 3 ] DEBUG Engine               - isEmbedded: false
14:58:36.478 [FXGL Background Thread 3 ] DEBUG Engine               - isEntityPreloadEnabled: true
14:58:36.478 [FXGL Background Thread 3 ] DEBUG Engine               - isExperimentalTiledLargeMap: false
14:58:36.478 [FXGL Background Thread 3 ] DEBUG Engine               - isFileSystemWriteAllowed: true
14:58:36.478 [FXGL Background Thread 3 ] DEBUG Engine               - isFullScreenAllowed: false
14:58:36.479 [FXGL Background Thread 3 ] DEBUG Engine               - isFullScreenFromStart: false
14:58:36.479 [FXGL Background Thread 3 ] DEBUG Engine               - isGameMenuEnabled: true
14:58:36.479 [FXGL Background Thread 3 ] DEBUG Engine               - isIOS: false
14:58:36.479 [FXGL Background Thread 3 ] DEBUG Engine               - isIntroEnabled: false
14:58:36.479 [FXGL Background Thread 3 ] DEBUG Engine               - isLinux: false
14:58:36.479 [FXGL Background Thread 3 ] DEBUG Engine               - isMac: false
14:58:36.479 [FXGL Background Thread 3 ] DEBUG Engine               - isMainMenuEnabled: false
14:58:36.479 [FXGL Background Thread 3 ] DEBUG Engine               - isManualResizeEnabled: false
14:58:36.479 [FXGL Background Thread 3 ] DEBUG Engine               - isMobile: false
14:58:36.479 [FXGL Background Thread 3 ] DEBUG Engine               - isNative: false
14:58:36.479 [FXGL Background Thread 3 ] DEBUG Engine               - isPauseMusicWhenMinimized: true
14:58:36.479 [FXGL Background Thread 3 ] DEBUG Engine               - isPreserveResizeRatio: false
14:58:36.479 [FXGL Background Thread 3 ] DEBUG Engine               - isProfilingEnabled: false
14:58:36.479 [FXGL Background Thread 3 ] DEBUG Engine               - isScaleAffectedOnResize: true
14:58:36.479 [FXGL Background Thread 3 ] DEBUG Engine               - isSingleStep: false
14:58:36.479 [FXGL Background Thread 3 ] DEBUG Engine               - isUserProfileEnabled: false
14:58:36.479 [FXGL Background Thread 3 ] DEBUG Engine               - isWindows: true
14:58:36.479 [FXGL Background Thread 3 ] DEBUG Engine               - language: ObjectProperty [value: ENGLISH]
14:58:36.481 [FXGL Background Thread 3 ] DEBUG Engine               - menuKey: ESCAPE
14:58:36.481 [FXGL Background Thread 3 ] DEBUG Engine               - mouseSensitivity: 0.2
14:58:36.481 [FXGL Background Thread 3 ] DEBUG Engine               - notificationViewClass: class com.almasb.fxgl.notification.view.XboxNotificationView
14:58:36.481 [FXGL Background Thread 3 ] DEBUG Engine               - pixelsPerMeter: 50.0
14:58:36.481 [FXGL Background Thread 3 ] DEBUG Engine               - platform: WINDOWS
14:58:36.481 [FXGL Background Thread 3 ] DEBUG Engine               - prefHeightProperty: ReadOnlyDoubleProperty [value: 352.0]
14:58:36.481 [FXGL Background Thread 3 ] DEBUG Engine               - prefWidthProperty: ReadOnlyDoubleProperty [value: 480.0]
14:58:36.481 [FXGL Background Thread 3 ] DEBUG Engine               - profileDir: profiles/
14:58:36.481 [FXGL Background Thread 3 ] DEBUG Engine               - profileName: StringProperty [value: DEFAULT]
14:58:36.481 [FXGL Background Thread 3 ] DEBUG Engine               - randomSeed: -1
14:58:36.482 [FXGL Background Thread 3 ] DEBUG Engine               - runtimeInfo: RuntimeInfo(platform=WINDOWS, version=17.3, build=30.03.2023 11.49)
14:58:36.482 [FXGL Background Thread 3 ] DEBUG Engine               - saveFileExt: sav
14:58:36.482 [FXGL Background Thread 3 ] DEBUG Engine               - scaledHeightProp$fxgl: DoubleProperty [bound, value: 352.0]
14:58:36.482 [FXGL Background Thread 3 ] DEBUG Engine               - scaledWidthProp$fxgl: DoubleProperty [bound, value: 480.0]
14:58:36.482 [FXGL Background Thread 3 ] DEBUG Engine               - sceneFactory: com.almasb.fxgl.app.scene.SceneFactory@718fa77a
14:58:36.482 [FXGL Background Thread 3 ] DEBUG Engine               - secondsIn24h: 60
14:58:36.482 [FXGL Background Thread 3 ] DEBUG Engine               - soundMenuBack: menu/back.wav
14:58:36.482 [FXGL Background Thread 3 ] DEBUG Engine               - soundMenuPress: menu/press.wav
14:58:36.482 [FXGL Background Thread 3 ] DEBUG Engine               - soundMenuSelect: menu/select.wav
14:58:36.482 [FXGL Background Thread 3 ] DEBUG Engine               - soundNotification: core/notification.wav
14:58:36.482 [FXGL Background Thread 3 ] DEBUG Engine               - stageStyle: DECORATED
14:58:36.483 [FXGL Background Thread 3 ] DEBUG Engine               - supportedLanguages: [ENGLISH, FRENCH, GERMAN, HUNGARIAN, RUSSIAN]
14:58:36.483 [FXGL Background Thread 3 ] DEBUG Engine               - ticksPerSecond: -1
14:58:36.483 [FXGL Background Thread 3 ] DEBUG Engine               - title: Bomberman Game
14:58:36.483 [FXGL Background Thread 3 ] DEBUG Engine               - urlGithub: https://github.com/AlmasB/FXGL
14:58:36.483 [FXGL Background Thread 3 ] DEBUG Engine               - urlLeaderboard: http://fxgl-top.herokuapp.com/
14:58:36.483 [FXGL Background Thread 3 ] DEBUG Engine               - urlPOM: https://raw.githubusercontent.com/AlmasB/FXGL/release/README.md
14:58:36.483 [FXGL Background Thread 3 ] DEBUG Engine               - userAppClass: class org.example.demo.HelloApplication
14:58:36.483 [FXGL Background Thread 3 ] DEBUG Engine               - version: 1.0
14:58:36.483 [FXGL Background Thread 3 ] DEBUG Engine               - versionCheckDays: 7
14:58:36.483 [FXGL Background Thread 3 ] DEBUG Engine               - width: 480
14:58:36.483 [FXGL Background Thread 3 ] DEBUG Engine               - Logging services
14:58:36.484 [FXGL Background Thread 3 ] DEBUG Engine               - class com.almasb.fxgl.app.services.FXGLAssetLoaderService
14:58:36.484 [FXGL Background Thread 3 ] DEBUG Engine               - class com.almasb.fxgl.app.FXGLApplication$GameApplicationService
14:58:36.484 [FXGL Background Thread 3 ] DEBUG Engine               - class com.almasb.fxgl.app.services.FXGLDialogService
14:58:36.484 [FXGL Background Thread 3 ] DEBUG Engine               - class com.almasb.fxgl.app.services.IOTaskExecutorService
14:58:36.484 [FXGL Background Thread 3 ] DEBUG Engine               - class com.almasb.fxgl.io.FileSystemService
14:58:36.484 [FXGL Background Thread 3 ] DEBUG Engine               - class com.almasb.fxgl.localization.LocalizationService
14:58:36.484 [FXGL Background Thread 3 ] DEBUG Engine               - class com.almasb.fxgl.app.services.SystemBundleService
14:58:36.484 [FXGL Background Thread 3 ] DEBUG Engine               - class com.almasb.fxgl.profile.SaveLoadService
14:58:36.484 [FXGL Background Thread 3 ] DEBUG Engine               - class com.almasb.fxgl.ui.FXGLUIFactoryServiceProvider
14:58:36.484 [FXGL Background Thread 3 ] DEBUG Engine               - class com.almasb.fxgl.ui.FXGLDialogFactoryServiceProvider
14:58:36.484 [FXGL Background Thread 3 ] DEBUG Engine               - class com.almasb.fxgl.audio.AudioPlayer
14:58:36.484 [FXGL Background Thread 3 ] DEBUG Engine               - class com.almasb.fxgl.notification.impl.NotificationServiceProvider
14:58:36.484 [FXGL Background Thread 3 ] DEBUG Engine               - class com.almasb.fxgl.achievement.AchievementService
14:58:36.484 [FXGL Background Thread 3 ] DEBUG Engine               - class com.almasb.fxgl.cutscene.CutsceneService
14:58:36.484 [FXGL Background Thread 3 ] DEBUG Engine               - class com.almasb.fxgl.minigames.MiniGameService
14:58:36.484 [FXGL Background Thread 3 ] DEBUG Engine               - class com.almasb.fxgl.net.NetService
14:58:36.484 [FXGL Background Thread 3 ] DEBUG Engine               - class com.almasb.fxgl.app.services.UpdaterService
14:58:36.485 [FXGL Background Thread 3 ] DEBUG Engine               - class com.almasb.fxgl.dev.DevService
14:58:38.654 [JavaFX Application Thread] DEBUG LoopRunner           - Pausing loop
14:58:57.499 [JavaFX Application Thread] DEBUG LoopRunner           - Resuming loop
15:01:47.909 [JavaFX Application Thread] DEBUG PrimaryStageWindow   - Push state: DialogSubScene
15:01:47.909 [JavaFX Application Thread] DEBUG Input                - Clearing active input actions
15:01:47.918 [JavaFX Application Thread] DEBUG GameApplicationServi - Removing overlay from GameScene and adding to DialogSubScene
15:01:47.918 [JavaFX Application Thread] DEBUG PrimaryStageWindow   - GameScene -> DialogSubScene
15:01:50.483 [JavaFX Application Thread] DEBUG PrimaryStageWindow   - Pop state: DialogSubScene
15:01:50.483 [JavaFX Application Thread] DEBUG Input                - Clearing active input actions
15:01:50.485 [JavaFX Application Thread] DEBUG GameApplicationServi - Removing overlay from DialogSubScene and adding to GameScene
15:01:50.485 [JavaFX Application Thread] DEBUG PrimaryStageWindow   - GameScene <- DialogSubScene
15:01:50.486 [JavaFX Application Thread] DEBUG FXGLApplication      - Exiting FXGL
15:01:50.486 [JavaFX Application Thread] DEBUG LoopRunner           - Stopping loop
15:01:50.486 [JavaFX Application Thread] DEBUG SystemBundleService  - Saving FXGL system data
15:01:50.494 [JavaFX Application Thread] DEBUG FileSystemAccess     - Writing to: C:\Users\admin\OneDrive\Máy tính\btl\baitaplonOOP\system\fxgl.bundle
15:01:50.498 [JavaFX Application Thread] DEBUG Async                - Shutting down background threads
15:01:50.499 [JavaFX Application Thread] DEBUG PrimaryStageWindow   - Closing main window
15:01:50.522 [JavaFX Application Thread] DEBUG Logger               - Closing Logger
