11:03:01.361 [main                     ] DEBUG Logger               - Configured Logger
11:03:01.375 [main                     ] DEBUG GameApplication      - Logging settings
Title: Bomberman Game
Version: 1.0
Width: 608
Height: 480
Fullscreen: false
Intro: false
Profiling: false
Single step:false
App Mode: DEVELOPER
Menu Key: ESCAPE
Stage Style: DECORATED
Scene Factory: class com.almasb.fxgl.app.scene.SceneFactory

11:03:01.657 [JavaFX Application Thread] DEBUG FXGLApplication      - Initializing FXGL
11:03:01.661 [JavaFX Application Thread] INFO  Engine               - FXGL-17.3 (30.03.2023 11.49) on WINDOWS (J:23.0.2 FX:17.0.6)
11:03:01.661 [JavaFX Application Thread] DEBUG Engine               - JRE Vendor Name: Oracle Corporation
11:03:01.661 [JavaFX Application Thread] DEBUG Engine               - Running on OS: Windows 11 version 10.0
11:03:01.661 [JavaFX Application Thread] DEBUG Engine               - Architecture: amd64
11:03:01.661 [JavaFX Application Thread] INFO  Engine               - Source code and latest versions at: https://github.com/AlmasB/FXGL
11:03:01.662 [JavaFX Application Thread] INFO  Engine               -       Ask questions and discuss at: https://github.com/AlmasB/FXGL/discussions
11:03:01.662 [JavaFX Application Thread] INFO  Engine               -              Join the FXGL chat at: https://gitter.im/AlmasB/FXGL
11:03:01.731 [JavaFX Application Thread] DEBUG PrimaryStageWindow   - Creating a JavaFX scene
11:03:01.774 [JavaFX Application Thread] DEBUG PrimaryStageWindow   - Target settings size: 608.0 x 480.0
11:03:01.775 [JavaFX Application Thread] DEBUG PrimaryStageWindow   - Scaled scene size:    608.0 x 480.0
11:03:01.775 [JavaFX Application Thread] DEBUG PrimaryStageWindow   - Scaled ratio: (1.0, 1.0)
11:03:01.776 [JavaFX Application Thread] DEBUG PrimaryStageWindow   - Set initial scene to FXGLStartupScene
11:03:01.783 [JavaFX Application Thread] DEBUG PrimaryStageWindow   - Opening main window
11:03:01.849 [JavaFX Application Thread] DEBUG PrimaryStageWindow   - Window border size: (14.66668701171875, 37.33331298828125)
11:03:01.849 [JavaFX Application Thread] DEBUG PrimaryStageWindow   - Scaled size: 608.0 x 480.0
11:03:01.849 [JavaFX Application Thread] DEBUG PrimaryStageWindow   - Scaled ratio: (1.0, 1.0)
11:03:01.850 [JavaFX Application Thread] DEBUG PrimaryStageWindow   - Scene size: 608.0 x 480.0
11:03:01.850 [JavaFX Application Thread] DEBUG PrimaryStageWindow   - Stage size: 622.6666870117188 x 517.3333129882812
11:03:01.857 [FXGL Background Thread 1 ] DEBUG Engine               - Initializing environment variables
11:03:01.927 [FXGL Background Thread 1 ] DEBUG FXGLAssetLoaderServi - User app class for loading assets: class org.example.demo.HelloApplication
11:03:01.928 [FXGL Background Thread 1 ] DEBUG GameApplicationServi - Applying CSS: fxgl_dark.css
11:03:01.929 [FXGL Background Thread 1 ] DEBUG FXGLAssetLoaderServi - Loading from file system: jar:file:///C:/Users/admin/.m2/repository/com/github/almasb/fxgl/17.3/fxgl-17.3.jar!/fxglassets/ui/css/fxgl_dark.css
11:03:01.971 [FXGL Background Thread 1 ] DEBUG GameApplicationServi - Initializing application scenes
11:03:02.006 [FXGL Background Thread 1 ] DEBUG GameWorld            - Game world initialized
11:03:02.076 [FXGL Background Thread 1 ] DEBUG PhysicsWorld         - Physics world initialized: appHeight=480, physics.ppm=50.0
11:03:02.076 [FXGL Background Thread 1 ] DEBUG PhysicsWorld         - Using strategy: BRUTE_FORCE
11:03:02.081 [FXGL Background Thread 1 ] DEBUG GameScene            - Game scene initialized: 608x480
11:03:02.091 [FXGL Background Thread 1 ] WARN  FXGL.DefaultMenu     - FXGLDefaultMenu is not designed for resolutions < 800x600
11:03:02.091 [FXGL Background Thread 1 ] DEBUG FXGL.DefaultMenu     - createMenuBodyGameMenu()
11:03:02.103 [FXGL Background Thread 1 ] DEBUG FXGL.DefaultMenu     - createOptionsMenu()
11:03:02.113 [FXGL Background Thread 1 ] DEBUG FXGLAssetLoaderServi - Loading from file system: jar:file:///C:/Users/admin/.m2/repository/com/github/almasb/fxgl/17.3/fxgl-17.3.jar!/fxglassets/textures/particles/smoke.png
11:03:02.196 [FXGL Background Thread 1 ] DEBUG FXGLAssetLoaderServi - Loading from file system: jar:file:///C:/Users/admin/.m2/repository/com/github/almasb/fxgl/17.3/fxgl-17.3.jar!/fxglassets/textures/particles/trace_horizontal.png
11:03:02.221 [FXGL Background Thread 1 ] DEBUG GameApplicationServi - Application scenes initialized
11:03:02.231 [FXGL Background Thread 1 ] DEBUG SystemBundleService  - Loading FXGL system data
11:03:02.234 [FXGL Background Thread 1 ] DEBUG FileSystemAccess     - Reading from: C:\Users\admin\OneDrive\Máy tính\btl\baitaplonOOP\system\fxgl.bundle
11:03:02.239 [FXGL Background Thread 1 ] DEBUG SystemBundleService  - Bundle FXGL: {}
11:03:02.239 [FXGL Background Thread 1 ] DEBUG UpdaterService       - Checking for updates
11:03:02.243 [FXGL Background Thread 4 ] DEBUG FXGLApplication      - Loading fonts
11:03:02.243 [FXGL Background Thread 1 ] DEBUG FXGLApplication      - Loading default localization
11:03:02.243 [FXGL Background Thread 4 ] DEBUG FXGLAssetLoaderServi - Loading from file system: jar:file:///C:/Users/admin/.m2/repository/com/github/almasb/fxgl/17.3/fxgl-17.3.jar!/fxglassets/ui/fonts/VarelaRound-Regular.ttf
11:03:02.243 [FXGL Background Thread 1 ] DEBUG FXGLAssetLoaderServi - Loading from file system: jar:file:///C:/Users/admin/.m2/repository/com/github/almasb/fxgl/17.3/fxgl-17.3.jar!/fxglassets/languages/english.lang
11:03:02.260 [FXGL Background Thread 1 ] INFO  FXGLApplication      - FXGL initialization took: 0.402 sec
11:03:02.261 [JavaFX Application Thread] DEBUG FXGLAssetLoaderServi - Loading from file system: jar:file:///C:/Users/admin/.m2/repository/com/github/almasb/fxgl/17.3/fxgl-17.3.jar!/fxglassets/textures/fxgl_icon.png
11:03:02.283 [JavaFX Application Thread] DEBUG FXGLAssetLoaderServi - Loading from file system: jar:file:///C:/Users/admin/.m2/repository/com/github/almasb/fxgl/17.3/fxgl-17.3.jar!/fxglassets/textures/fxgl_default_cursor.png
11:03:02.283 [FXGL Background Thread 4 ] DEBUG FXGLAssetLoaderServi - Loading from file system: jar:file:///C:/Users/admin/.m2/repository/com/github/almasb/fxgl/17.3/fxgl-17.3.jar!/fxglassets/ui/fonts/Abel-Regular.ttf
11:03:02.294 [FXGL Background Thread 4 ] DEBUG FXGLAssetLoaderServi - Loading from file system: jar:file:///C:/Users/admin/.m2/repository/com/github/almasb/fxgl/17.3/fxgl-17.3.jar!/fxglassets/ui/fonts/TerminalLandMono-Regular.otf
11:03:02.295 [JavaFX Application Thread] DEBUG Input                - Registered new binding: Screenshot - CTRL+8
11:03:02.295 [JavaFX Application Thread] DEBUG Input                - Registered new binding: System info dump - CTRL+9
11:03:02.297 [JavaFX Application Thread] DEBUG Input                - Registered new binding: Restart - CTRL+R
11:03:02.297 [JavaFX Application Thread] DEBUG Input                - Registered new binding: Toggle Debug Camera - CTRL+7
11:03:02.300 [JavaFX Application Thread] DEBUG LoopRunner           - Starting loop
11:03:02.300 [JavaFX Application Thread] DEBUG LoopRunner           - Initializing JavaFX AnimationTimerLoop
11:03:02.300 [JavaFX Application Thread] DEBUG GameApplicationServi - Starting new game
11:03:02.301 [JavaFX Application Thread] DEBUG Input                - Clearing active input actions
11:03:02.309 [FXGL Background Thread 4 ] DEBUG FXGLAssetLoaderServi - Loading from file system: jar:file:///C:/Users/admin/.m2/repository/com/github/almasb/fxgl/17.3/fxgl-17.3.jar!/fxglassets/ui/fonts/Courier-Prime.ttf
11:03:02.313 [JavaFX Application Thread] DEBUG GameApplicationServi - Removing overlay from FXGLStartupScene and adding to FXGLLoadingScene
11:03:02.313 [JavaFX Application Thread] DEBUG PrimaryStageWindow   - FXGLStartupScene -> FXGLLoadingScene
11:03:02.314 [JavaFX Application Thread] DEBUG GameApplicationServi - Clearing previous game
11:03:02.314 [JavaFX Application Thread] DEBUG GameScene            - Clearing game scene
11:03:02.314 [JavaFX Application Thread] DEBUG GameWorld            - Clearing game world
11:03:02.314 [JavaFX Application Thread] DEBUG PhysicsWorld         - Clearing physics world
11:03:02.315 [FXGL Background Thread 1 ] DEBUG FXGLApplication      - Initializing game
11:03:02.352 [JavaFX Application Thread] DEBUG FXGLApplication      - Registering font factories with UI factory
11:03:02.559 [FXGL Background Thread 1 ] DEBUG Input                - Clearing active input actions
11:03:02.559 [FXGL Background Thread 1 ] DEBUG Input                - Registered new binding: Move Up - W
11:03:02.559 [FXGL Background Thread 1 ] DEBUG Input                - Registered new binding: Move Down - S
11:03:02.560 [FXGL Background Thread 1 ] DEBUG Input                - Registered new binding: Move Left - A
11:03:02.560 [FXGL Background Thread 1 ] DEBUG Input                - Registered new binding: Move Right - D
11:03:02.560 [FXGL Background Thread 1 ] DEBUG Input                - Registered new binding: Đặt bom - Space
11:03:02.619 [FXGL Background Thread 1 ] INFO  FXGLApplication      - Game initialization took: 0.304 sec
11:03:02.620 [JavaFX Application Thread] DEBUG Input                - Clearing active input actions
11:03:02.645 [JavaFX Application Thread] DEBUG GameApplicationServi - Removing overlay from FXGLLoadingScene and adding to GameScene
11:03:02.647 [JavaFX Application Thread] DEBUG PrimaryStageWindow   - FXGLLoadingScene -> GameScene
11:03:03.804 [FXGL Background Thread 2 ] INFO  UpdaterService       - Your current version:  17.3
11:03:03.805 [FXGL Background Thread 2 ] INFO  UpdaterService       - Latest stable version: 21.1
11:03:04.317 [JavaFX Application Thread] DEBUG FXGLApplication      - Exiting FXGL
11:03:04.317 [JavaFX Application Thread] DEBUG LoopRunner           - Stopping loop
11:03:04.317 [JavaFX Application Thread] DEBUG SystemBundleService  - Saving FXGL system data
11:03:04.319 [JavaFX Application Thread] DEBUG FileSystemAccess     - Writing to: C:\Users\admin\OneDrive\Máy tính\btl\baitaplonOOP\system\fxgl.bundle
11:03:04.322 [JavaFX Application Thread] DEBUG Async                - Shutting down background threads
11:03:04.322 [JavaFX Application Thread] DEBUG PrimaryStageWindow   - Closing main window
11:03:04.337 [JavaFX Application Thread] DEBUG Logger               - Closing Logger
