11:36:58.566 [main                     ] DEBUG Logger               - Configured Logger
11:36:58.587 [main                     ] DEBUG GameApplication      - Logging settings
Title: Bomberman Game
Version: 1.0
Width: 480
Height: 480
Fullscreen: false
Intro: false
Profiling: false
Single step:false
App Mode: DEVELOPER
Menu Key: ESCAPE
Stage Style: DECORATED
Scene Factory: class com.almasb.fxgl.app.scene.SceneFactory

11:36:58.889 [JavaFX Application Thread] DEBUG FXGLApplication      - Initializing FXGL
11:36:58.894 [JavaFX Application Thread] INFO  Engine               - FXGL-17.3 (30.03.2023 11.49) on WINDOWS (J:23.0.2 FX:17.0.6)
11:36:58.894 [JavaFX Application Thread] DEBUG Engine               - JRE Vendor Name: Oracle Corporation
11:36:58.894 [JavaFX Application Thread] DEBUG Engine               - Running on OS: Windows 11 version 10.0
11:36:58.894 [JavaFX Application Thread] DEBUG Engine               - Architecture: amd64
11:36:58.894 [JavaFX Application Thread] INFO  Engine               - Source code and latest versions at: https://github.com/AlmasB/FXGL
11:36:58.895 [JavaFX Application Thread] INFO  Engine               -       Ask questions and discuss at: https://github.com/AlmasB/FXGL/discussions
11:36:58.895 [JavaFX Application Thread] INFO  Engine               -              Join the FXGL chat at: https://gitter.im/AlmasB/FXGL
11:36:58.972 [JavaFX Application Thread] DEBUG PrimaryStageWindow   - Creating a JavaFX scene
11:36:59.016 [JavaFX Application Thread] DEBUG PrimaryStageWindow   - Target settings size: 480.0 x 480.0
11:36:59.016 [JavaFX Application Thread] DEBUG PrimaryStageWindow   - Scaled scene size:    480.0 x 480.0
11:36:59.016 [JavaFX Application Thread] DEBUG PrimaryStageWindow   - Scaled ratio: (1.0, 1.0)
11:36:59.017 [JavaFX Application Thread] DEBUG PrimaryStageWindow   - Set initial scene to FXGLStartupScene
11:36:59.023 [JavaFX Application Thread] DEBUG PrimaryStageWindow   - Opening main window
11:36:59.090 [JavaFX Application Thread] DEBUG PrimaryStageWindow   - Window border size: (14.666656494140625, 37.33331298828125)
11:36:59.091 [JavaFX Application Thread] DEBUG PrimaryStageWindow   - Scaled size: 480.0 x 480.0
11:36:59.091 [JavaFX Application Thread] DEBUG PrimaryStageWindow   - Scaled ratio: (1.0, 1.0)
11:36:59.091 [JavaFX Application Thread] DEBUG PrimaryStageWindow   - Scene size: 480.0 x 480.0
11:36:59.091 [JavaFX Application Thread] DEBUG PrimaryStageWindow   - Stage size: 494.6666564941406 x 517.3333129882812
11:36:59.098 [FXGL Background Thread 1 ] DEBUG Engine               - Initializing environment variables
11:36:59.178 [FXGL Background Thread 1 ] DEBUG FXGLAssetLoaderServi - User app class for loading assets: class org.example.demo.HelloApplication
11:36:59.178 [FXGL Background Thread 1 ] DEBUG GameApplicationServi - Applying CSS: fxgl_dark.css
11:36:59.179 [FXGL Background Thread 1 ] DEBUG FXGLAssetLoaderServi - Loading from file system: jar:file:///C:/Users/admin/.m2/repository/com/github/almasb/fxgl/17.3/fxgl-17.3.jar!/fxglassets/ui/css/fxgl_dark.css
11:36:59.222 [FXGL Background Thread 1 ] DEBUG GameApplicationServi - Initializing application scenes
11:36:59.265 [FXGL Background Thread 1 ] DEBUG GameWorld            - Game world initialized
11:36:59.343 [FXGL Background Thread 1 ] DEBUG PhysicsWorld         - Physics world initialized: appHeight=480, physics.ppm=50.0
11:36:59.344 [FXGL Background Thread 1 ] DEBUG PhysicsWorld         - Using strategy: BRUTE_FORCE
11:36:59.348 [FXGL Background Thread 1 ] DEBUG GameScene            - Game scene initialized: 480x480
11:36:59.361 [FXGL Background Thread 1 ] WARN  FXGL.DefaultMenu     - FXGLDefaultMenu is not designed for resolutions < 800x600
11:36:59.362 [FXGL Background Thread 1 ] DEBUG FXGL.DefaultMenu     - createMenuBodyGameMenu()
11:36:59.377 [FXGL Background Thread 1 ] DEBUG FXGL.DefaultMenu     - createOptionsMenu()
11:36:59.389 [FXGL Background Thread 1 ] DEBUG FXGLAssetLoaderServi - Loading from file system: jar:file:///C:/Users/admin/.m2/repository/com/github/almasb/fxgl/17.3/fxgl-17.3.jar!/fxglassets/textures/particles/smoke.png
11:36:59.470 [FXGL Background Thread 1 ] DEBUG FXGLAssetLoaderServi - Loading from file system: jar:file:///C:/Users/admin/.m2/repository/com/github/almasb/fxgl/17.3/fxgl-17.3.jar!/fxglassets/textures/particles/trace_horizontal.png
11:36:59.495 [FXGL Background Thread 1 ] DEBUG GameApplicationServi - Application scenes initialized
11:36:59.505 [FXGL Background Thread 1 ] DEBUG SystemBundleService  - Loading FXGL system data
11:36:59.507 [FXGL Background Thread 1 ] DEBUG FileSystemAccess     - Reading from: C:\Users\admin\OneDrive\Máy tính\btl\baitaplonOOP\system\fxgl.bundle
11:36:59.514 [FXGL Background Thread 1 ] DEBUG SystemBundleService  - Bundle FXGL: {}
11:36:59.514 [FXGL Background Thread 1 ] DEBUG UpdaterService       - Checking for updates
11:36:59.518 [FXGL Background Thread 4 ] DEBUG FXGLApplication      - Loading fonts
11:36:59.518 [FXGL Background Thread 4 ] DEBUG FXGLAssetLoaderServi - Loading from file system: jar:file:///C:/Users/admin/.m2/repository/com/github/almasb/fxgl/17.3/fxgl-17.3.jar!/fxglassets/ui/fonts/VarelaRound-Regular.ttf
11:36:59.518 [FXGL Background Thread 1 ] DEBUG FXGLApplication      - Loading default localization
11:36:59.519 [FXGL Background Thread 1 ] DEBUG FXGLAssetLoaderServi - Loading from file system: jar:file:///C:/Users/admin/.m2/repository/com/github/almasb/fxgl/17.3/fxgl-17.3.jar!/fxglassets/languages/english.lang
11:36:59.550 [FXGL Background Thread 1 ] INFO  FXGLApplication      - FXGL initialization took: 0.450 sec
11:36:59.551 [JavaFX Application Thread] DEBUG Input                - Clearing active input actions
11:36:59.563 [JavaFX Application Thread] DEBUG Input                - Registered new binding: Move Up - W
11:36:59.563 [JavaFX Application Thread] DEBUG Input                - Registered new binding: Move Down - S
11:36:59.564 [JavaFX Application Thread] DEBUG Input                - Registered new binding: Move Left - A
11:36:59.564 [JavaFX Application Thread] DEBUG Input                - Registered new binding: Move Right - D
11:36:59.564 [FXGL Background Thread 4 ] DEBUG FXGLAssetLoaderServi - Loading from file system: jar:file:///C:/Users/admin/.m2/repository/com/github/almasb/fxgl/17.3/fxgl-17.3.jar!/fxglassets/ui/fonts/Abel-Regular.ttf
11:36:59.564 [JavaFX Application Thread] DEBUG FXGLAssetLoaderServi - Loading from file system: jar:file:///C:/Users/admin/.m2/repository/com/github/almasb/fxgl/17.3/fxgl-17.3.jar!/fxglassets/textures/fxgl_icon.png
11:36:59.577 [FXGL Background Thread 4 ] DEBUG FXGLAssetLoaderServi - Loading from file system: jar:file:///C:/Users/admin/.m2/repository/com/github/almasb/fxgl/17.3/fxgl-17.3.jar!/fxglassets/ui/fonts/TerminalLandMono-Regular.otf
11:36:59.586 [JavaFX Application Thread] DEBUG FXGLAssetLoaderServi - Loading from file system: jar:file:///C:/Users/admin/.m2/repository/com/github/almasb/fxgl/17.3/fxgl-17.3.jar!/fxglassets/textures/fxgl_default_cursor.png
11:36:59.588 [JavaFX Application Thread] DEBUG Input                - Registered new binding: Screenshot - CTRL+8
11:36:59.588 [JavaFX Application Thread] DEBUG Input                - Registered new binding: System info dump - CTRL+9
11:36:59.589 [JavaFX Application Thread] DEBUG Input                - Registered new binding: Restart - CTRL+R
11:36:59.589 [JavaFX Application Thread] DEBUG Input                - Registered new binding: Toggle Debug Camera - CTRL+7
11:36:59.591 [FXGL Background Thread 4 ] DEBUG FXGLAssetLoaderServi - Loading from file system: jar:file:///C:/Users/admin/.m2/repository/com/github/almasb/fxgl/17.3/fxgl-17.3.jar!/fxglassets/ui/fonts/Courier-Prime.ttf
11:36:59.591 [JavaFX Application Thread] DEBUG LoopRunner           - Starting loop
11:36:59.593 [JavaFX Application Thread] DEBUG LoopRunner           - Initializing JavaFX AnimationTimerLoop
11:36:59.593 [JavaFX Application Thread] DEBUG GameApplicationServi - Starting new game
11:36:59.594 [JavaFX Application Thread] DEBUG Input                - Clearing active input actions
11:36:59.606 [JavaFX Application Thread] DEBUG GameApplicationServi - Removing overlay from FXGLStartupScene and adding to FXGLLoadingScene
11:36:59.606 [JavaFX Application Thread] DEBUG PrimaryStageWindow   - FXGLStartupScene -> FXGLLoadingScene
11:36:59.607 [JavaFX Application Thread] DEBUG GameApplicationServi - Clearing previous game
11:36:59.607 [JavaFX Application Thread] DEBUG GameScene            - Clearing game scene
11:36:59.607 [JavaFX Application Thread] DEBUG GameWorld            - Clearing game world
11:36:59.607 [JavaFX Application Thread] DEBUG PhysicsWorld         - Clearing physics world
11:36:59.608 [FXGL Background Thread 4 ] DEBUG FXGLApplication      - Initializing game
11:36:59.638 [JavaFX Application Thread] DEBUG FXGLApplication      - Registering font factories with UI factory
11:36:59.809 [FXGL Background Thread 4 ] INFO  FXGLApplication      - Game initialization took: 0.202 sec
11:36:59.818 [JavaFX Application Thread] DEBUG Input                - Clearing active input actions
11:36:59.832 [JavaFX Application Thread] DEBUG GameApplicationServi - Removing overlay from FXGLLoadingScene and adding to GameScene
11:36:59.833 [JavaFX Application Thread] DEBUG PrimaryStageWindow   - FXGLLoadingScene -> GameScene
11:37:00.205 [FXGL Background Thread 2 ] INFO  UpdaterService       - Your current version:  17.3
11:37:00.206 [FXGL Background Thread 2 ] INFO  UpdaterService       - Latest stable version: 21.1
11:37:02.517 [FXGL Background Thread 3 ] DEBUG Engine               - Logging environment variables
11:37:02.519 [FXGL Background Thread 3 ] DEBUG Engine               - achievements: []
11:37:02.519 [FXGL Background Thread 3 ] DEBUG Engine               - actualHeight: 480.0
11:37:02.519 [FXGL Background Thread 3 ] DEBUG Engine               - actualHeightProperty: ReadOnlyDoubleProperty [value: 480.0]
11:37:02.521 [FXGL Background Thread 3 ] DEBUG Engine               - actualWidth: 480.0
11:37:02.521 [FXGL Background Thread 3 ] DEBUG Engine               - actualWidthProperty: ReadOnlyDoubleProperty [value: 480.0]
11:37:02.521 [FXGL Background Thread 3 ] DEBUG Engine               - appIcon: fxgl_icon.png
11:37:02.521 [FXGL Background Thread 3 ] DEBUG Engine               - applicationMode: DEVELOPER
11:37:02.521 [FXGL Background Thread 3 ] DEBUG Engine               - cSSList: [fxgl_dark.css]
11:37:02.521 [FXGL Background Thread 3 ] DEBUG Engine               - collisionDetectionStrategy: BRUTE_FORCE
11:37:02.521 [FXGL Background Thread 3 ] DEBUG Engine               - configClass: Optional.empty
11:37:02.521 [FXGL Background Thread 3 ] DEBUG Engine               - credits: []
11:37:02.522 [FXGL Background Thread 3 ] DEBUG Engine               - defaultCursor: CursorInfo(imageName=fxgl_default_cursor.png, hotspotX=7.0, hotspotY=6.0)
11:37:02.522 [FXGL Background Thread 3 ] DEBUG Engine               - devBBoxColorProperty: ObjectProperty [value: 0xff0000ff]
11:37:02.523 [FXGL Background Thread 3 ] DEBUG Engine               - devEnableDebugCameraProperty: BooleanProperty [value: false]
11:37:02.523 [FXGL Background Thread 3 ] DEBUG Engine               - devSensorColorProperty: ObjectProperty [value: 0xffff00ff]
11:37:02.523 [FXGL Background Thread 3 ] DEBUG Engine               - devShowBBoxProperty: BooleanProperty [value: false]
11:37:02.523 [FXGL Background Thread 3 ] DEBUG Engine               - devShowPositionProperty: BooleanProperty [value: false]
11:37:02.523 [FXGL Background Thread 3 ] DEBUG Engine               - enabledMenuItems: []
11:37:02.523 [FXGL Background Thread 3 ] DEBUG Engine               - engineServices: [class com.almasb.fxgl.app.services.FXGLAssetLoaderService, class com.almasb.fxgl.app.FXGLApplication$GameApplicationService, class com.almasb.fxgl.app.services.FXGLDialogService, class com.almasb.fxgl.app.services.IOTaskExecutorService, class com.almasb.fxgl.io.FileSystemService, class com.almasb.fxgl.localization.LocalizationService, class com.almasb.fxgl.app.services.SystemBundleService, class com.almasb.fxgl.profile.SaveLoadService, class com.almasb.fxgl.ui.FXGLUIFactoryServiceProvider, class com.almasb.fxgl.ui.FXGLDialogFactoryServiceProvider, class com.almasb.fxgl.audio.AudioPlayer, class com.almasb.fxgl.notification.impl.NotificationServiceProvider, class com.almasb.fxgl.achievement.AchievementService, class com.almasb.fxgl.cutscene.CutsceneService, class com.almasb.fxgl.minigames.MiniGameService, class com.almasb.fxgl.net.NetService, class com.almasb.fxgl.app.services.UpdaterService, class com.almasb.fxgl.dev.DevService]
11:37:02.524 [FXGL Background Thread 3 ] DEBUG Engine               - fontGame: Abel-Regular.ttf
11:37:02.524 [FXGL Background Thread 3 ] DEBUG Engine               - fontMono: TerminalLandMono-Regular.otf
11:37:02.524 [FXGL Background Thread 3 ] DEBUG Engine               - fontSizeScaleUI: 1.0
11:37:02.524 [FXGL Background Thread 3 ] DEBUG Engine               - fontText: Courier-Prime.ttf
11:37:02.524 [FXGL Background Thread 3 ] DEBUG Engine               - fontUI: VarelaRound-Regular.ttf
11:37:02.524 [FXGL Background Thread 3 ] DEBUG Engine               - fullScreen: BooleanProperty [value: false]
11:37:02.524 [FXGL Background Thread 3 ] DEBUG Engine               - gameDifficulty: MEDIUM
11:37:02.524 [FXGL Background Thread 3 ] DEBUG Engine               - gameDifficultyProperty: ObjectProperty [value: MEDIUM]
11:37:02.524 [FXGL Background Thread 3 ] DEBUG Engine               - globalMusicVolume: 0.5
11:37:02.525 [FXGL Background Thread 3 ] DEBUG Engine               - globalMusicVolumeProperty: DoubleProperty [value: 0.5]
11:37:02.525 [FXGL Background Thread 3 ] DEBUG Engine               - globalSoundVolume: 0.5
11:37:02.525 [FXGL Background Thread 3 ] DEBUG Engine               - globalSoundVolumeProperty: DoubleProperty [value: 0.5]
11:37:02.525 [FXGL Background Thread 3 ] DEBUG Engine               - height: 480
11:37:02.525 [FXGL Background Thread 3 ] DEBUG Engine               - is3D: false
11:37:02.525 [FXGL Background Thread 3 ] DEBUG Engine               - isAndroid: false
11:37:02.525 [FXGL Background Thread 3 ] DEBUG Engine               - isBrowser: false
11:37:02.525 [FXGL Background Thread 3 ] DEBUG Engine               - isClickFeedbackEnabled: false
11:37:02.526 [FXGL Background Thread 3 ] DEBUG Engine               - isCloseConfirmation: false
11:37:02.526 [FXGL Background Thread 3 ] DEBUG Engine               - isDesktop: true
11:37:02.526 [FXGL Background Thread 3 ] DEBUG Engine               - isDeveloperMenuEnabled: false
11:37:02.526 [FXGL Background Thread 3 ] DEBUG Engine               - isEmbedded: false
11:37:02.526 [FXGL Background Thread 3 ] DEBUG Engine               - isEntityPreloadEnabled: true
11:37:02.526 [FXGL Background Thread 3 ] DEBUG Engine               - isExperimentalTiledLargeMap: false
11:37:02.526 [FXGL Background Thread 3 ] DEBUG Engine               - isFileSystemWriteAllowed: true
11:37:02.526 [FXGL Background Thread 3 ] DEBUG Engine               - isFullScreenAllowed: false
11:37:02.526 [FXGL Background Thread 3 ] DEBUG Engine               - isFullScreenFromStart: false
11:37:02.527 [FXGL Background Thread 3 ] DEBUG Engine               - isGameMenuEnabled: true
11:37:02.527 [FXGL Background Thread 3 ] DEBUG Engine               - isIOS: false
11:37:02.527 [FXGL Background Thread 3 ] DEBUG Engine               - isIntroEnabled: false
11:37:02.527 [FXGL Background Thread 3 ] DEBUG Engine               - isLinux: false
11:37:02.527 [FXGL Background Thread 3 ] DEBUG Engine               - isMac: false
11:37:02.527 [FXGL Background Thread 3 ] DEBUG Engine               - isMainMenuEnabled: false
11:37:02.527 [FXGL Background Thread 3 ] DEBUG Engine               - isManualResizeEnabled: false
11:37:02.527 [FXGL Background Thread 3 ] DEBUG Engine               - isMobile: false
11:37:02.527 [FXGL Background Thread 3 ] DEBUG Engine               - isNative: false
11:37:02.527 [FXGL Background Thread 3 ] DEBUG Engine               - isPauseMusicWhenMinimized: true
11:37:02.527 [FXGL Background Thread 3 ] DEBUG Engine               - isPreserveResizeRatio: false
11:37:02.528 [FXGL Background Thread 3 ] DEBUG Engine               - isProfilingEnabled: false
11:37:02.528 [FXGL Background Thread 3 ] DEBUG Engine               - isScaleAffectedOnResize: true
11:37:02.528 [FXGL Background Thread 3 ] DEBUG Engine               - isSingleStep: false
11:37:02.528 [FXGL Background Thread 3 ] DEBUG Engine               - isUserProfileEnabled: false
11:37:02.528 [FXGL Background Thread 3 ] DEBUG Engine               - isWindows: true
11:37:02.528 [FXGL Background Thread 3 ] DEBUG Engine               - language: ObjectProperty [value: ENGLISH]
11:37:02.528 [FXGL Background Thread 3 ] DEBUG Engine               - menuKey: ESCAPE
11:37:02.528 [FXGL Background Thread 3 ] DEBUG Engine               - mouseSensitivity: 0.2
11:37:02.528 [FXGL Background Thread 3 ] DEBUG Engine               - notificationViewClass: class com.almasb.fxgl.notification.view.XboxNotificationView
11:37:02.528 [FXGL Background Thread 3 ] DEBUG Engine               - pixelsPerMeter: 50.0
11:37:02.529 [FXGL Background Thread 3 ] DEBUG Engine               - platform: WINDOWS
11:37:02.529 [FXGL Background Thread 3 ] DEBUG Engine               - prefHeightProperty: ReadOnlyDoubleProperty [value: 480.0]
11:37:02.529 [FXGL Background Thread 3 ] DEBUG Engine               - prefWidthProperty: ReadOnlyDoubleProperty [value: 480.0]
11:37:02.529 [FXGL Background Thread 3 ] DEBUG Engine               - profileDir: profiles/
11:37:02.529 [FXGL Background Thread 3 ] DEBUG Engine               - profileName: StringProperty [value: DEFAULT]
11:37:02.529 [FXGL Background Thread 3 ] DEBUG Engine               - randomSeed: -1
11:37:02.530 [FXGL Background Thread 3 ] DEBUG Engine               - runtimeInfo: RuntimeInfo(platform=WINDOWS, version=17.3, build=30.03.2023 11.49)
11:37:02.530 [FXGL Background Thread 3 ] DEBUG Engine               - saveFileExt: sav
11:37:02.530 [FXGL Background Thread 3 ] DEBUG Engine               - scaledHeightProp$fxgl: DoubleProperty [bound, value: 480.0]
11:37:02.530 [FXGL Background Thread 3 ] DEBUG Engine               - scaledWidthProp$fxgl: DoubleProperty [bound, value: 480.0]
11:37:02.530 [FXGL Background Thread 3 ] DEBUG Engine               - sceneFactory: com.almasb.fxgl.app.scene.SceneFactory@583bc149
11:37:02.530 [FXGL Background Thread 3 ] DEBUG Engine               - secondsIn24h: 60
11:37:02.530 [FXGL Background Thread 3 ] DEBUG Engine               - soundMenuBack: menu/back.wav
11:37:02.530 [FXGL Background Thread 3 ] DEBUG Engine               - soundMenuPress: menu/press.wav
11:37:02.530 [FXGL Background Thread 3 ] DEBUG Engine               - soundMenuSelect: menu/select.wav
11:37:02.530 [FXGL Background Thread 3 ] DEBUG Engine               - soundNotification: core/notification.wav
11:37:02.530 [FXGL Background Thread 3 ] DEBUG Engine               - stageStyle: DECORATED
11:37:02.530 [FXGL Background Thread 3 ] DEBUG Engine               - supportedLanguages: [ENGLISH, FRENCH, GERMAN, HUNGARIAN, RUSSIAN]
11:37:02.530 [FXGL Background Thread 3 ] DEBUG Engine               - ticksPerSecond: -1
11:37:02.531 [FXGL Background Thread 3 ] DEBUG Engine               - title: Bomberman Game
11:37:02.531 [FXGL Background Thread 3 ] DEBUG Engine               - urlGithub: https://github.com/AlmasB/FXGL
11:37:02.531 [FXGL Background Thread 3 ] DEBUG Engine               - urlLeaderboard: http://fxgl-top.herokuapp.com/
11:37:02.531 [FXGL Background Thread 3 ] DEBUG Engine               - urlPOM: https://raw.githubusercontent.com/AlmasB/FXGL/release/README.md
11:37:02.531 [FXGL Background Thread 3 ] DEBUG Engine               - userAppClass: class org.example.demo.HelloApplication
11:37:02.531 [FXGL Background Thread 3 ] DEBUG Engine               - version: 1.0
11:37:02.531 [FXGL Background Thread 3 ] DEBUG Engine               - versionCheckDays: 7
11:37:02.531 [FXGL Background Thread 3 ] DEBUG Engine               - width: 480
11:37:02.531 [FXGL Background Thread 3 ] DEBUG Engine               - Logging services
11:37:02.531 [FXGL Background Thread 3 ] DEBUG Engine               - class com.almasb.fxgl.app.services.FXGLAssetLoaderService
11:37:02.531 [FXGL Background Thread 3 ] DEBUG Engine               - class com.almasb.fxgl.app.FXGLApplication$GameApplicationService
11:37:02.531 [FXGL Background Thread 3 ] DEBUG Engine               - class com.almasb.fxgl.app.services.FXGLDialogService
11:37:02.531 [FXGL Background Thread 3 ] DEBUG Engine               - class com.almasb.fxgl.app.services.IOTaskExecutorService
11:37:02.531 [FXGL Background Thread 3 ] DEBUG Engine               - class com.almasb.fxgl.io.FileSystemService
11:37:02.531 [FXGL Background Thread 3 ] DEBUG Engine               - class com.almasb.fxgl.localization.LocalizationService
11:37:02.531 [FXGL Background Thread 3 ] DEBUG Engine               - class com.almasb.fxgl.app.services.SystemBundleService
11:37:02.532 [FXGL Background Thread 3 ] DEBUG Engine               - class com.almasb.fxgl.profile.SaveLoadService
11:37:02.532 [FXGL Background Thread 3 ] DEBUG Engine               - class com.almasb.fxgl.ui.FXGLUIFactoryServiceProvider
11:37:02.532 [FXGL Background Thread 3 ] DEBUG Engine               - class com.almasb.fxgl.ui.FXGLDialogFactoryServiceProvider
11:37:02.532 [FXGL Background Thread 3 ] DEBUG Engine               - class com.almasb.fxgl.audio.AudioPlayer
11:37:02.532 [FXGL Background Thread 3 ] DEBUG Engine               - class com.almasb.fxgl.notification.impl.NotificationServiceProvider
11:37:02.532 [FXGL Background Thread 3 ] DEBUG Engine               - class com.almasb.fxgl.achievement.AchievementService
11:37:02.532 [FXGL Background Thread 3 ] DEBUG Engine               - class com.almasb.fxgl.cutscene.CutsceneService
11:37:02.532 [FXGL Background Thread 3 ] DEBUG Engine               - class com.almasb.fxgl.minigames.MiniGameService
11:37:02.532 [FXGL Background Thread 3 ] DEBUG Engine               - class com.almasb.fxgl.net.NetService
11:37:02.532 [FXGL Background Thread 3 ] DEBUG Engine               - class com.almasb.fxgl.app.services.UpdaterService
11:37:02.533 [FXGL Background Thread 3 ] DEBUG Engine               - class com.almasb.fxgl.dev.DevService
11:37:12.654 [JavaFX Application Thread] DEBUG FXGLApplication      - Exiting FXGL
11:37:12.656 [JavaFX Application Thread] DEBUG LoopRunner           - Stopping loop
11:37:12.656 [JavaFX Application Thread] DEBUG SystemBundleService  - Saving FXGL system data
11:37:12.660 [JavaFX Application Thread] DEBUG FileSystemAccess     - Writing to: C:\Users\admin\OneDrive\Máy tính\btl\baitaplonOOP\system\fxgl.bundle
11:37:12.664 [JavaFX Application Thread] DEBUG Async                - Shutting down background threads
11:37:12.664 [JavaFX Application Thread] DEBUG PrimaryStageWindow   - Closing main window
11:37:12.675 [JavaFX Application Thread] DEBUG Logger               - Closing Logger
