08:50:48.714 [main                     ] DEBUG Logger               - Configured Logger
08:50:48.736 [main                     ] DEBUG GameApplication      - Logging settings
Title: Bomberman Game
Version: 1.0
Width: 480
Height: 480
Fullscreen: false
Intro: false
Profiling: false
Single step:false
App Mode: DEVELOPER
Menu Key: ESCAPE
Stage Style: DECORATED
Scene Factory: class com.almasb.fxgl.app.scene.SceneFactory

08:50:49.019 [JavaFX Application Thread] DEBUG FXGLApplication      - Initializing FXGL
08:50:49.022 [JavaFX Application Thread] INFO  Engine               - FXGL-17.3 (30.03.2023 11.49) on WINDOWS (J:23.0.2 FX:17.0.6)
08:50:49.023 [JavaFX Application Thread] DEBUG Engine               - JRE Vendor Name: Oracle Corporation
08:50:49.023 [JavaFX Application Thread] DEBUG Engine               - Running on OS: Windows 11 version 10.0
08:50:49.023 [JavaFX Application Thread] DEBUG Engine               - Architecture: amd64
08:50:49.023 [JavaFX Application Thread] INFO  Engine               - Source code and latest versions at: https://github.com/AlmasB/FXGL
08:50:49.023 [JavaFX Application Thread] INFO  Engine               -       Ask questions and discuss at: https://github.com/AlmasB/FXGL/discussions
08:50:49.023 [JavaFX Application Thread] INFO  Engine               -              Join the FXGL chat at: https://gitter.im/AlmasB/FXGL
08:50:49.097 [JavaFX Application Thread] DEBUG PrimaryStageWindow   - Creating a JavaFX scene
08:50:49.142 [JavaFX Application Thread] DEBUG PrimaryStageWindow   - Target settings size: 480.0 x 480.0
08:50:49.143 [JavaFX Application Thread] DEBUG PrimaryStageWindow   - Scaled scene size:    480.0 x 480.0
08:50:49.143 [JavaFX Application Thread] DEBUG PrimaryStageWindow   - Scaled ratio: (1.0, 1.0)
08:50:49.144 [JavaFX Application Thread] DEBUG PrimaryStageWindow   - Set initial scene to FXGLStartupScene
08:50:49.150 [JavaFX Application Thread] DEBUG PrimaryStageWindow   - Opening main window
08:50:49.216 [JavaFX Application Thread] DEBUG PrimaryStageWindow   - Window border size: (14.666656494140625, 37.33331298828125)
08:50:49.216 [JavaFX Application Thread] DEBUG PrimaryStageWindow   - Scaled size: 480.0 x 480.0
08:50:49.216 [JavaFX Application Thread] DEBUG PrimaryStageWindow   - Scaled ratio: (1.0, 1.0)
08:50:49.216 [JavaFX Application Thread] DEBUG PrimaryStageWindow   - Scene size: 480.0 x 480.0
08:50:49.217 [JavaFX Application Thread] DEBUG PrimaryStageWindow   - Stage size: 494.6666564941406 x 517.3333129882812
08:50:49.223 [FXGL Background Thread 1 ] DEBUG Engine               - Initializing environment variables
08:50:49.290 [FXGL Background Thread 1 ] DEBUG FXGLAssetLoaderServi - User app class for loading assets: class org.example.demo.HelloApplication
08:50:49.290 [FXGL Background Thread 1 ] DEBUG GameApplicationServi - Applying CSS: fxgl_dark.css
08:50:49.292 [FXGL Background Thread 1 ] DEBUG FXGLAssetLoaderServi - Loading from file system: jar:file:///C:/Users/admin/.m2/repository/com/github/almasb/fxgl/17.3/fxgl-17.3.jar!/fxglassets/ui/css/fxgl_dark.css
08:50:49.335 [FXGL Background Thread 1 ] DEBUG GameApplicationServi - Initializing application scenes
08:50:49.373 [FXGL Background Thread 1 ] DEBUG GameWorld            - Game world initialized
08:50:49.429 [FXGL Background Thread 1 ] DEBUG PhysicsWorld         - Physics world initialized: appHeight=480, physics.ppm=50.0
08:50:49.429 [FXGL Background Thread 1 ] DEBUG PhysicsWorld         - Using strategy: BRUTE_FORCE
08:50:49.433 [FXGL Background Thread 1 ] DEBUG GameScene            - Game scene initialized: 480x480
08:50:49.443 [FXGL Background Thread 1 ] WARN  FXGL.DefaultMenu     - FXGLDefaultMenu is not designed for resolutions < 800x600
08:50:49.443 [FXGL Background Thread 1 ] DEBUG FXGL.DefaultMenu     - createMenuBodyGameMenu()
08:50:49.455 [FXGL Background Thread 1 ] DEBUG FXGL.DefaultMenu     - createOptionsMenu()
08:50:49.462 [FXGL Background Thread 1 ] DEBUG FXGLAssetLoaderServi - Loading from file system: jar:file:///C:/Users/admin/.m2/repository/com/github/almasb/fxgl/17.3/fxgl-17.3.jar!/fxglassets/textures/particles/smoke.png
08:50:49.540 [FXGL Background Thread 1 ] DEBUG FXGLAssetLoaderServi - Loading from file system: jar:file:///C:/Users/admin/.m2/repository/com/github/almasb/fxgl/17.3/fxgl-17.3.jar!/fxglassets/textures/particles/trace_horizontal.png
08:50:49.570 [FXGL Background Thread 1 ] DEBUG GameApplicationServi - Application scenes initialized
08:50:49.582 [FXGL Background Thread 1 ] DEBUG SystemBundleService  - Loading FXGL system data
08:50:49.585 [FXGL Background Thread 1 ] DEBUG FileSystemAccess     - Reading from: C:\Users\admin\OneDrive\Máy tính\btl\baitaplonOOP\system\fxgl.bundle
08:50:49.591 [FXGL Background Thread 1 ] DEBUG SystemBundleService  - Bundle FXGL: {}
08:50:49.591 [FXGL Background Thread 1 ] DEBUG UpdaterService       - Checking for updates
08:50:49.596 [FXGL Background Thread 4 ] DEBUG FXGLApplication      - Loading fonts
08:50:49.597 [FXGL Background Thread 4 ] DEBUG FXGLAssetLoaderServi - Loading from file system: jar:file:///C:/Users/admin/.m2/repository/com/github/almasb/fxgl/17.3/fxgl-17.3.jar!/fxglassets/ui/fonts/VarelaRound-Regular.ttf
08:50:49.597 [FXGL Background Thread 1 ] DEBUG FXGLApplication      - Loading default localization
08:50:49.598 [FXGL Background Thread 1 ] DEBUG FXGLAssetLoaderServi - Loading from file system: jar:file:///C:/Users/admin/.m2/repository/com/github/almasb/fxgl/17.3/fxgl-17.3.jar!/fxglassets/languages/english.lang
08:50:49.618 [FXGL Background Thread 1 ] INFO  FXGLApplication      - FXGL initialization took: 0.394 sec
08:50:49.619 [JavaFX Application Thread] DEBUG FXGLAssetLoaderServi - Loading from file system: jar:file:///C:/Users/admin/.m2/repository/com/github/almasb/fxgl/17.3/fxgl-17.3.jar!/fxglassets/textures/fxgl_icon.png
08:50:49.643 [FXGL Background Thread 4 ] DEBUG FXGLAssetLoaderServi - Loading from file system: jar:file:///C:/Users/admin/.m2/repository/com/github/almasb/fxgl/17.3/fxgl-17.3.jar!/fxglassets/ui/fonts/Abel-Regular.ttf
08:50:49.644 [JavaFX Application Thread] DEBUG FXGLAssetLoaderServi - Loading from file system: jar:file:///C:/Users/admin/.m2/repository/com/github/almasb/fxgl/17.3/fxgl-17.3.jar!/fxglassets/textures/fxgl_default_cursor.png
08:50:49.657 [JavaFX Application Thread] DEBUG Input                - Registered new binding: Screenshot - CTRL+8
08:50:49.658 [JavaFX Application Thread] DEBUG Input                - Registered new binding: System info dump - CTRL+9
08:50:49.658 [JavaFX Application Thread] DEBUG Input                - Registered new binding: Restart - CTRL+R
08:50:49.659 [JavaFX Application Thread] DEBUG Input                - Registered new binding: Toggle Debug Camera - CTRL+7
08:50:49.660 [FXGL Background Thread 4 ] DEBUG FXGLAssetLoaderServi - Loading from file system: jar:file:///C:/Users/admin/.m2/repository/com/github/almasb/fxgl/17.3/fxgl-17.3.jar!/fxglassets/ui/fonts/TerminalLandMono-Regular.otf
08:50:49.663 [JavaFX Application Thread] DEBUG LoopRunner           - Starting loop
08:50:49.663 [JavaFX Application Thread] DEBUG LoopRunner           - Initializing JavaFX AnimationTimerLoop
08:50:49.665 [JavaFX Application Thread] DEBUG GameApplicationServi - Starting new game
08:50:49.666 [JavaFX Application Thread] DEBUG Input                - Clearing active input actions
08:50:49.679 [FXGL Background Thread 4 ] DEBUG FXGLAssetLoaderServi - Loading from file system: jar:file:///C:/Users/admin/.m2/repository/com/github/almasb/fxgl/17.3/fxgl-17.3.jar!/fxglassets/ui/fonts/Courier-Prime.ttf
08:50:49.683 [JavaFX Application Thread] DEBUG GameApplicationServi - Removing overlay from FXGLStartupScene and adding to FXGLLoadingScene
08:50:49.685 [JavaFX Application Thread] DEBUG PrimaryStageWindow   - FXGLStartupScene -> FXGLLoadingScene
08:50:49.685 [JavaFX Application Thread] DEBUG GameApplicationServi - Clearing previous game
08:50:49.685 [JavaFX Application Thread] DEBUG GameScene            - Clearing game scene
08:50:49.685 [JavaFX Application Thread] DEBUG GameWorld            - Clearing game world
08:50:49.685 [JavaFX Application Thread] DEBUG PhysicsWorld         - Clearing physics world
08:50:49.687 [FXGL Background Thread 1 ] DEBUG FXGLApplication      - Initializing game
08:50:49.737 [JavaFX Application Thread] DEBUG FXGLApplication      - Registering font factories with UI factory
08:50:49.926 [FXGL Background Thread 1 ] DEBUG Input                - Clearing active input actions
08:50:49.926 [FXGL Background Thread 1 ] DEBUG Input                - Registered new binding: Move Up - W
08:50:49.926 [FXGL Background Thread 1 ] DEBUG Input                - Registered new binding: Move Down - S
08:50:49.926 [FXGL Background Thread 1 ] DEBUG Input                - Registered new binding: Move Left - A
08:50:49.926 [FXGL Background Thread 1 ] DEBUG Input                - Registered new binding: Move Right - D
08:50:49.927 [FXGL Background Thread 1 ] DEBUG Input                - Registered new binding: Đặt bom - Space
08:50:49.968 [FXGL Background Thread 1 ] INFO  FXGLApplication      - Game initialization took: 0.282 sec
08:50:49.969 [JavaFX Application Thread] DEBUG Input                - Clearing active input actions
08:50:49.987 [JavaFX Application Thread] DEBUG GameApplicationServi - Removing overlay from FXGLLoadingScene and adding to GameScene
08:50:49.987 [JavaFX Application Thread] DEBUG PrimaryStageWindow   - FXGLLoadingScene -> GameScene
08:50:50.197 [FXGL Background Thread 2 ] INFO  UpdaterService       - Your current version:  17.3
08:50:50.198 [FXGL Background Thread 2 ] INFO  UpdaterService       - Latest stable version: 21.1
08:50:52.596 [FXGL Background Thread 3 ] DEBUG Engine               - Logging environment variables
08:50:52.596 [FXGL Background Thread 3 ] DEBUG Engine               - achievements: []
08:50:52.596 [FXGL Background Thread 3 ] DEBUG Engine               - actualHeight: 480.0
08:50:52.596 [FXGL Background Thread 3 ] DEBUG Engine               - actualHeightProperty: ReadOnlyDoubleProperty [value: 480.0]
08:50:52.596 [FXGL Background Thread 3 ] DEBUG Engine               - actualWidth: 480.0
08:50:52.596 [FXGL Background Thread 3 ] DEBUG Engine               - actualWidthProperty: ReadOnlyDoubleProperty [value: 480.0]
08:50:52.596 [FXGL Background Thread 3 ] DEBUG Engine               - appIcon: fxgl_icon.png
08:50:52.596 [FXGL Background Thread 3 ] DEBUG Engine               - applicationMode: DEVELOPER
08:50:52.596 [FXGL Background Thread 3 ] DEBUG Engine               - cSSList: [fxgl_dark.css]
08:50:52.596 [FXGL Background Thread 3 ] DEBUG Engine               - collisionDetectionStrategy: BRUTE_FORCE
08:50:52.596 [FXGL Background Thread 3 ] DEBUG Engine               - configClass: Optional.empty
08:50:52.596 [FXGL Background Thread 3 ] DEBUG Engine               - credits: []
08:50:52.596 [FXGL Background Thread 3 ] DEBUG Engine               - defaultCursor: CursorInfo(imageName=fxgl_default_cursor.png, hotspotX=7.0, hotspotY=6.0)
08:50:52.598 [FXGL Background Thread 3 ] DEBUG Engine               - devBBoxColorProperty: ObjectProperty [value: 0xff0000ff]
08:50:52.598 [FXGL Background Thread 3 ] DEBUG Engine               - devEnableDebugCameraProperty: BooleanProperty [value: false]
08:50:52.598 [FXGL Background Thread 3 ] DEBUG Engine               - devSensorColorProperty: ObjectProperty [value: 0xffff00ff]
08:50:52.598 [FXGL Background Thread 3 ] DEBUG Engine               - devShowBBoxProperty: BooleanProperty [value: false]
08:50:52.598 [FXGL Background Thread 3 ] DEBUG Engine               - devShowPositionProperty: BooleanProperty [value: false]
08:50:52.598 [FXGL Background Thread 3 ] DEBUG Engine               - enabledMenuItems: []
08:50:52.598 [FXGL Background Thread 3 ] DEBUG Engine               - engineServices: [class com.almasb.fxgl.app.services.FXGLAssetLoaderService, class com.almasb.fxgl.app.FXGLApplication$GameApplicationService, class com.almasb.fxgl.app.services.FXGLDialogService, class com.almasb.fxgl.app.services.IOTaskExecutorService, class com.almasb.fxgl.io.FileSystemService, class com.almasb.fxgl.localization.LocalizationService, class com.almasb.fxgl.app.services.SystemBundleService, class com.almasb.fxgl.profile.SaveLoadService, class com.almasb.fxgl.ui.FXGLUIFactoryServiceProvider, class com.almasb.fxgl.ui.FXGLDialogFactoryServiceProvider, class com.almasb.fxgl.audio.AudioPlayer, class com.almasb.fxgl.notification.impl.NotificationServiceProvider, class com.almasb.fxgl.achievement.AchievementService, class com.almasb.fxgl.cutscene.CutsceneService, class com.almasb.fxgl.minigames.MiniGameService, class com.almasb.fxgl.net.NetService, class com.almasb.fxgl.app.services.UpdaterService, class com.almasb.fxgl.dev.DevService]
08:50:52.598 [FXGL Background Thread 3 ] DEBUG Engine               - fontGame: Abel-Regular.ttf
08:50:52.598 [FXGL Background Thread 3 ] DEBUG Engine               - fontMono: TerminalLandMono-Regular.otf
08:50:52.598 [FXGL Background Thread 3 ] DEBUG Engine               - fontSizeScaleUI: 1.0
08:50:52.599 [FXGL Background Thread 3 ] DEBUG Engine               - fontText: Courier-Prime.ttf
08:50:52.599 [FXGL Background Thread 3 ] DEBUG Engine               - fontUI: VarelaRound-Regular.ttf
08:50:52.599 [FXGL Background Thread 3 ] DEBUG Engine               - fullScreen: BooleanProperty [value: false]
08:50:52.599 [FXGL Background Thread 3 ] DEBUG Engine               - gameDifficulty: MEDIUM
08:50:52.599 [FXGL Background Thread 3 ] DEBUG Engine               - gameDifficultyProperty: ObjectProperty [value: MEDIUM]
08:50:52.599 [FXGL Background Thread 3 ] DEBUG Engine               - globalMusicVolume: 0.5
08:50:52.599 [FXGL Background Thread 3 ] DEBUG Engine               - globalMusicVolumeProperty: DoubleProperty [value: 0.5]
08:50:52.599 [FXGL Background Thread 3 ] DEBUG Engine               - globalSoundVolume: 0.5
08:50:52.599 [FXGL Background Thread 3 ] DEBUG Engine               - globalSoundVolumeProperty: DoubleProperty [value: 0.5]
08:50:52.599 [FXGL Background Thread 3 ] DEBUG Engine               - height: 480
08:50:52.599 [FXGL Background Thread 3 ] DEBUG Engine               - is3D: false
08:50:52.599 [FXGL Background Thread 3 ] DEBUG Engine               - isAndroid: false
08:50:52.599 [FXGL Background Thread 3 ] DEBUG Engine               - isBrowser: false
08:50:52.599 [FXGL Background Thread 3 ] DEBUG Engine               - isClickFeedbackEnabled: false
08:50:52.599 [FXGL Background Thread 3 ] DEBUG Engine               - isCloseConfirmation: false
08:50:52.599 [FXGL Background Thread 3 ] DEBUG Engine               - isDesktop: true
08:50:52.599 [FXGL Background Thread 3 ] DEBUG Engine               - isDeveloperMenuEnabled: false
08:50:52.599 [FXGL Background Thread 3 ] DEBUG Engine               - isEmbedded: false
08:50:52.599 [FXGL Background Thread 3 ] DEBUG Engine               - isEntityPreloadEnabled: true
08:50:52.599 [FXGL Background Thread 3 ] DEBUG Engine               - isExperimentalTiledLargeMap: false
08:50:52.600 [FXGL Background Thread 3 ] DEBUG Engine               - isFileSystemWriteAllowed: true
08:50:52.600 [FXGL Background Thread 3 ] DEBUG Engine               - isFullScreenAllowed: false
08:50:52.600 [FXGL Background Thread 3 ] DEBUG Engine               - isFullScreenFromStart: false
08:50:52.600 [FXGL Background Thread 3 ] DEBUG Engine               - isGameMenuEnabled: true
08:50:52.600 [FXGL Background Thread 3 ] DEBUG Engine               - isIOS: false
08:50:52.600 [FXGL Background Thread 3 ] DEBUG Engine               - isIntroEnabled: false
08:50:52.600 [FXGL Background Thread 3 ] DEBUG Engine               - isLinux: false
08:50:52.600 [FXGL Background Thread 3 ] DEBUG Engine               - isMac: false
08:50:52.600 [FXGL Background Thread 3 ] DEBUG Engine               - isMainMenuEnabled: false
08:50:52.600 [FXGL Background Thread 3 ] DEBUG Engine               - isManualResizeEnabled: false
08:50:52.600 [FXGL Background Thread 3 ] DEBUG Engine               - isMobile: false
08:50:52.600 [FXGL Background Thread 3 ] DEBUG Engine               - isNative: false
08:50:52.601 [FXGL Background Thread 3 ] DEBUG Engine               - isPauseMusicWhenMinimized: true
08:50:52.601 [FXGL Background Thread 3 ] DEBUG Engine               - isPreserveResizeRatio: false
08:50:52.601 [FXGL Background Thread 3 ] DEBUG Engine               - isProfilingEnabled: false
08:50:52.601 [FXGL Background Thread 3 ] DEBUG Engine               - isScaleAffectedOnResize: true
08:50:52.601 [FXGL Background Thread 3 ] DEBUG Engine               - isSingleStep: false
08:50:52.601 [FXGL Background Thread 3 ] DEBUG Engine               - isUserProfileEnabled: false
08:50:52.601 [FXGL Background Thread 3 ] DEBUG Engine               - isWindows: true
08:50:52.601 [FXGL Background Thread 3 ] DEBUG Engine               - language: ObjectProperty [value: ENGLISH]
08:50:52.601 [FXGL Background Thread 3 ] DEBUG Engine               - menuKey: ESCAPE
08:50:52.601 [FXGL Background Thread 3 ] DEBUG Engine               - mouseSensitivity: 0.2
08:50:52.601 [FXGL Background Thread 3 ] DEBUG Engine               - notificationViewClass: class com.almasb.fxgl.notification.view.XboxNotificationView
08:50:52.601 [FXGL Background Thread 3 ] DEBUG Engine               - pixelsPerMeter: 50.0
08:50:52.601 [FXGL Background Thread 3 ] DEBUG Engine               - platform: WINDOWS
08:50:52.601 [FXGL Background Thread 3 ] DEBUG Engine               - prefHeightProperty: ReadOnlyDoubleProperty [value: 480.0]
08:50:52.601 [FXGL Background Thread 3 ] DEBUG Engine               - prefWidthProperty: ReadOnlyDoubleProperty [value: 480.0]
08:50:52.601 [FXGL Background Thread 3 ] DEBUG Engine               - profileDir: profiles/
08:50:52.602 [FXGL Background Thread 3 ] DEBUG Engine               - profileName: StringProperty [value: DEFAULT]
08:50:52.602 [FXGL Background Thread 3 ] DEBUG Engine               - randomSeed: -1
08:50:52.602 [FXGL Background Thread 3 ] DEBUG Engine               - runtimeInfo: RuntimeInfo(platform=WINDOWS, version=17.3, build=30.03.2023 11.49)
08:50:52.602 [FXGL Background Thread 3 ] DEBUG Engine               - saveFileExt: sav
08:50:52.602 [FXGL Background Thread 3 ] DEBUG Engine               - scaledHeightProp$fxgl: DoubleProperty [bound, value: 480.0]
08:50:52.602 [FXGL Background Thread 3 ] DEBUG Engine               - scaledWidthProp$fxgl: DoubleProperty [bound, value: 480.0]
08:50:52.602 [FXGL Background Thread 3 ] DEBUG Engine               - sceneFactory: com.almasb.fxgl.app.scene.SceneFactory@4d04dd61
08:50:52.602 [FXGL Background Thread 3 ] DEBUG Engine               - secondsIn24h: 60
08:50:52.602 [FXGL Background Thread 3 ] DEBUG Engine               - soundMenuBack: menu/back.wav
08:50:52.602 [FXGL Background Thread 3 ] DEBUG Engine               - soundMenuPress: menu/press.wav
08:50:52.602 [FXGL Background Thread 3 ] DEBUG Engine               - soundMenuSelect: menu/select.wav
08:50:52.602 [FXGL Background Thread 3 ] DEBUG Engine               - soundNotification: core/notification.wav
08:50:52.602 [FXGL Background Thread 3 ] DEBUG Engine               - stageStyle: DECORATED
08:50:52.602 [FXGL Background Thread 3 ] DEBUG Engine               - supportedLanguages: [ENGLISH, FRENCH, GERMAN, HUNGARIAN, RUSSIAN]
08:50:52.602 [FXGL Background Thread 3 ] DEBUG Engine               - ticksPerSecond: -1
08:50:52.602 [FXGL Background Thread 3 ] DEBUG Engine               - title: Bomberman Game
08:50:52.602 [FXGL Background Thread 3 ] DEBUG Engine               - urlGithub: https://github.com/AlmasB/FXGL
08:50:52.603 [FXGL Background Thread 3 ] DEBUG Engine               - urlLeaderboard: http://fxgl-top.herokuapp.com/
08:50:52.603 [FXGL Background Thread 3 ] DEBUG Engine               - urlPOM: https://raw.githubusercontent.com/AlmasB/FXGL/release/README.md
08:50:52.603 [FXGL Background Thread 3 ] DEBUG Engine               - userAppClass: class org.example.demo.HelloApplication
08:50:52.603 [FXGL Background Thread 3 ] DEBUG Engine               - version: 1.0
08:50:52.603 [FXGL Background Thread 3 ] DEBUG Engine               - versionCheckDays: 7
08:50:52.603 [FXGL Background Thread 3 ] DEBUG Engine               - width: 480
08:50:52.603 [FXGL Background Thread 3 ] DEBUG Engine               - Logging services
08:50:52.603 [FXGL Background Thread 3 ] DEBUG Engine               - class com.almasb.fxgl.app.services.FXGLAssetLoaderService
08:50:52.603 [FXGL Background Thread 3 ] DEBUG Engine               - class com.almasb.fxgl.app.FXGLApplication$GameApplicationService
08:50:52.603 [FXGL Background Thread 3 ] DEBUG Engine               - class com.almasb.fxgl.app.services.FXGLDialogService
08:50:52.603 [FXGL Background Thread 3 ] DEBUG Engine               - class com.almasb.fxgl.app.services.IOTaskExecutorService
08:50:52.603 [FXGL Background Thread 3 ] DEBUG Engine               - class com.almasb.fxgl.io.FileSystemService
08:50:52.603 [FXGL Background Thread 3 ] DEBUG Engine               - class com.almasb.fxgl.localization.LocalizationService
08:50:52.603 [FXGL Background Thread 3 ] DEBUG Engine               - class com.almasb.fxgl.app.services.SystemBundleService
08:50:52.603 [FXGL Background Thread 3 ] DEBUG Engine               - class com.almasb.fxgl.profile.SaveLoadService
08:50:52.603 [FXGL Background Thread 3 ] DEBUG Engine               - class com.almasb.fxgl.ui.FXGLUIFactoryServiceProvider
08:50:52.603 [FXGL Background Thread 3 ] DEBUG Engine               - class com.almasb.fxgl.ui.FXGLDialogFactoryServiceProvider
08:50:52.603 [FXGL Background Thread 3 ] DEBUG Engine               - class com.almasb.fxgl.audio.AudioPlayer
08:50:52.603 [FXGL Background Thread 3 ] DEBUG Engine               - class com.almasb.fxgl.notification.impl.NotificationServiceProvider
08:50:52.603 [FXGL Background Thread 3 ] DEBUG Engine               - class com.almasb.fxgl.achievement.AchievementService
08:50:52.604 [FXGL Background Thread 3 ] DEBUG Engine               - class com.almasb.fxgl.cutscene.CutsceneService
08:50:52.604 [FXGL Background Thread 3 ] DEBUG Engine               - class com.almasb.fxgl.minigames.MiniGameService
08:50:52.604 [FXGL Background Thread 3 ] DEBUG Engine               - class com.almasb.fxgl.net.NetService
08:50:52.604 [FXGL Background Thread 3 ] DEBUG Engine               - class com.almasb.fxgl.app.services.UpdaterService
08:50:52.604 [FXGL Background Thread 3 ] DEBUG Engine               - class com.almasb.fxgl.dev.DevService
08:50:58.331 [JavaFX Application Thread] DEBUG PrimaryStageWindow   - Push state: DialogSubScene
08:50:58.332 [JavaFX Application Thread] DEBUG Input                - Clearing active input actions
08:50:58.335 [JavaFX Application Thread] DEBUG GameApplicationServi - Removing overlay from GameScene and adding to DialogSubScene
08:50:58.335 [JavaFX Application Thread] DEBUG PrimaryStageWindow   - GameScene -> DialogSubScene
08:51:00.389 [JavaFX Application Thread] DEBUG PrimaryStageWindow   - Pop state: DialogSubScene
08:51:00.389 [JavaFX Application Thread] DEBUG Input                - Clearing active input actions
08:51:00.390 [JavaFX Application Thread] DEBUG GameApplicationServi - Removing overlay from DialogSubScene and adding to GameScene
08:51:00.391 [JavaFX Application Thread] DEBUG PrimaryStageWindow   - GameScene <- DialogSubScene
08:51:17.077 [JavaFX Application Thread] DEBUG PrimaryStageWindow   - Push state: DialogSubScene
08:51:17.077 [JavaFX Application Thread] DEBUG Input                - Clearing active input actions
08:51:17.080 [JavaFX Application Thread] DEBUG GameApplicationServi - Removing overlay from GameScene and adding to DialogSubScene
08:51:17.081 [JavaFX Application Thread] DEBUG PrimaryStageWindow   - GameScene -> DialogSubScene
08:51:19.074 [JavaFX Application Thread] DEBUG PrimaryStageWindow   - Pop state: DialogSubScene
08:51:19.074 [JavaFX Application Thread] DEBUG Input                - Clearing active input actions
08:51:19.076 [JavaFX Application Thread] DEBUG GameApplicationServi - Removing overlay from DialogSubScene and adding to GameScene
08:51:19.076 [JavaFX Application Thread] DEBUG PrimaryStageWindow   - GameScene <- DialogSubScene
08:51:22.035 [JavaFX Application Thread] DEBUG PrimaryStageWindow   - Push state: DialogSubScene
08:51:22.035 [JavaFX Application Thread] DEBUG Input                - Clearing active input actions
08:51:22.036 [JavaFX Application Thread] DEBUG GameApplicationServi - Removing overlay from GameScene and adding to DialogSubScene
08:51:22.036 [JavaFX Application Thread] DEBUG PrimaryStageWindow   - GameScene -> DialogSubScene
08:51:25.528 [JavaFX Application Thread] DEBUG PrimaryStageWindow   - Pop state: DialogSubScene
08:51:25.529 [JavaFX Application Thread] DEBUG Input                - Clearing active input actions
08:51:25.529 [JavaFX Application Thread] DEBUG GameApplicationServi - Removing overlay from DialogSubScene and adding to GameScene
08:51:25.530 [JavaFX Application Thread] DEBUG PrimaryStageWindow   - GameScene <- DialogSubScene
08:51:55.860 [JavaFX Application Thread] DEBUG PrimaryStageWindow   - Push state: DialogSubScene
08:51:55.860 [JavaFX Application Thread] DEBUG Input                - Clearing active input actions
08:51:55.861 [JavaFX Application Thread] DEBUG GameApplicationServi - Removing overlay from GameScene and adding to DialogSubScene
08:51:55.861 [JavaFX Application Thread] DEBUG PrimaryStageWindow   - GameScene -> DialogSubScene
08:51:57.450 [JavaFX Application Thread] DEBUG PrimaryStageWindow   - Pop state: DialogSubScene
08:51:57.451 [JavaFX Application Thread] DEBUG Input                - Clearing active input actions
08:51:57.451 [JavaFX Application Thread] DEBUG GameApplicationServi - Removing overlay from DialogSubScene and adding to GameScene
08:51:57.451 [JavaFX Application Thread] DEBUG PrimaryStageWindow   - GameScene <- DialogSubScene
08:52:02.387 [JavaFX Application Thread] DEBUG PrimaryStageWindow   - Push state: DialogSubScene
08:52:02.387 [JavaFX Application Thread] DEBUG Input                - Clearing active input actions
08:52:02.388 [JavaFX Application Thread] DEBUG GameApplicationServi - Removing overlay from GameScene and adding to DialogSubScene
08:52:02.388 [JavaFX Application Thread] DEBUG PrimaryStageWindow   - GameScene -> DialogSubScene
08:52:04.024 [JavaFX Application Thread] DEBUG PrimaryStageWindow   - Pop state: DialogSubScene
08:52:04.024 [JavaFX Application Thread] DEBUG Input                - Clearing active input actions
08:52:04.024 [JavaFX Application Thread] DEBUG GameApplicationServi - Removing overlay from DialogSubScene and adding to GameScene
08:52:04.025 [JavaFX Application Thread] DEBUG PrimaryStageWindow   - GameScene <- DialogSubScene
08:52:22.292 [JavaFX Application Thread] DEBUG PrimaryStageWindow   - Push state: DialogSubScene
08:52:22.293 [JavaFX Application Thread] DEBUG Input                - Clearing active input actions
08:52:22.293 [JavaFX Application Thread] DEBUG GameApplicationServi - Removing overlay from GameScene and adding to DialogSubScene
08:52:22.294 [JavaFX Application Thread] DEBUG PrimaryStageWindow   - GameScene -> DialogSubScene
08:52:23.845 [JavaFX Application Thread] DEBUG PrimaryStageWindow   - Pop state: DialogSubScene
08:52:23.845 [JavaFX Application Thread] DEBUG Input                - Clearing active input actions
08:52:23.846 [JavaFX Application Thread] DEBUG GameApplicationServi - Removing overlay from DialogSubScene and adding to GameScene
08:52:23.846 [JavaFX Application Thread] DEBUG PrimaryStageWindow   - GameScene <- DialogSubScene
08:52:40.772 [JavaFX Application Thread] DEBUG PrimaryStageWindow   - Push state: DialogSubScene
08:52:40.772 [JavaFX Application Thread] DEBUG Input                - Clearing active input actions
08:52:40.772 [JavaFX Application Thread] DEBUG GameApplicationServi - Removing overlay from GameScene and adding to DialogSubScene
08:52:40.772 [JavaFX Application Thread] DEBUG PrimaryStageWindow   - GameScene -> DialogSubScene
08:52:42.848 [JavaFX Application Thread] DEBUG PrimaryStageWindow   - Pop state: DialogSubScene
08:52:42.849 [JavaFX Application Thread] DEBUG Input                - Clearing active input actions
08:52:42.849 [JavaFX Application Thread] DEBUG GameApplicationServi - Removing overlay from DialogSubScene and adding to GameScene
08:52:42.849 [JavaFX Application Thread] DEBUG PrimaryStageWindow   - GameScene <- DialogSubScene
08:52:42.849 [JavaFX Application Thread] DEBUG FXGLApplication      - Exiting FXGL
08:52:42.849 [JavaFX Application Thread] DEBUG LoopRunner           - Stopping loop
08:52:42.849 [JavaFX Application Thread] DEBUG SystemBundleService  - Saving FXGL system data
08:52:42.851 [JavaFX Application Thread] DEBUG FileSystemAccess     - Writing to: C:\Users\admin\OneDrive\Máy tính\btl\baitaplonOOP\system\fxgl.bundle
08:52:42.853 [JavaFX Application Thread] DEBUG Async                - Shutting down background threads
08:52:42.853 [JavaFX Application Thread] DEBUG PrimaryStageWindow   - Closing main window
08:52:42.865 [JavaFX Application Thread] DEBUG Logger               - Closing Logger
