17:47:07.417 [main                     ] DEBUG Logger               - Configured Logger
17:47:07.428 [main                     ] DEBUG GameApplication      - Logging settings
Title: Bomberman Game
Version: 1.0
Width: 480
Height: 480
Fullscreen: false
Intro: false
Profiling: false
Single step:false
App Mode: DEVELOPER
Menu Key: ESCAPE
Stage Style: DECORATED
Scene Factory: class com.almasb.fxgl.app.scene.SceneFactory

17:47:07.759 [JavaFX Application Thread] DEBUG FXGLApplication      - Initializing FXGL
17:47:07.764 [JavaFX Application Thread] INFO  Engine               - FXGL-17.3 (30.03.2023 11.49) on WINDOWS (J:23.0.2 FX:17.0.6)
17:47:07.764 [JavaFX Application Thread] DEBUG Engine               - JRE Vendor Name: Oracle Corporation
17:47:07.766 [JavaFX Application Thread] DEBUG Engine               - Running on OS: Windows 11 version 10.0
17:47:07.766 [JavaFX Application Thread] DEBUG Engine               - Architecture: amd64
17:47:07.766 [JavaFX Application Thread] INFO  Engine               - Source code and latest versions at: https://github.com/AlmasB/FXGL
17:47:07.766 [JavaFX Application Thread] INFO  Engine               -       Ask questions and discuss at: https://github.com/AlmasB/FXGL/discussions
17:47:07.766 [JavaFX Application Thread] INFO  Engine               -              Join the FXGL chat at: https://gitter.im/AlmasB/FXGL
17:47:07.851 [JavaFX Application Thread] DEBUG PrimaryStageWindow   - Creating a JavaFX scene
17:47:07.897 [JavaFX Application Thread] DEBUG PrimaryStageWindow   - Target settings size: 480.0 x 480.0
17:47:07.897 [JavaFX Application Thread] DEBUG PrimaryStageWindow   - Scaled scene size:    480.0 x 480.0
17:47:07.897 [JavaFX Application Thread] DEBUG PrimaryStageWindow   - Scaled ratio: (1.0, 1.0)
17:47:07.898 [JavaFX Application Thread] DEBUG PrimaryStageWindow   - Set initial scene to FXGLStartupScene
17:47:07.904 [JavaFX Application Thread] DEBUG PrimaryStageWindow   - Opening main window
17:47:07.988 [JavaFX Application Thread] DEBUG PrimaryStageWindow   - Window border size: (14.666656494140625, 37.33331298828125)
17:47:07.988 [JavaFX Application Thread] DEBUG PrimaryStageWindow   - Scaled size: 480.0 x 480.0
17:47:07.988 [JavaFX Application Thread] DEBUG PrimaryStageWindow   - Scaled ratio: (1.0, 1.0)
17:47:07.990 [JavaFX Application Thread] DEBUG PrimaryStageWindow   - Scene size: 480.0 x 480.0
17:47:07.990 [JavaFX Application Thread] DEBUG PrimaryStageWindow   - Stage size: 494.6666564941406 x 517.3333129882812
17:47:07.996 [FXGL Background Thread 1 ] DEBUG Engine               - Initializing environment variables
17:47:08.085 [FXGL Background Thread 1 ] DEBUG FXGLAssetLoaderServi - User app class for loading assets: class org.example.demo.HelloApplication
17:47:08.085 [FXGL Background Thread 1 ] DEBUG GameApplicationServi - Applying CSS: fxgl_dark.css
17:47:08.086 [FXGL Background Thread 1 ] DEBUG FXGLAssetLoaderServi - Loading from file system: jar:file:///C:/Users/admin/.m2/repository/com/github/almasb/fxgl/17.3/fxgl-17.3.jar!/fxglassets/ui/css/fxgl_dark.css
17:47:08.135 [FXGL Background Thread 1 ] DEBUG GameApplicationServi - Initializing application scenes
17:47:08.179 [FXGL Background Thread 1 ] DEBUG GameWorld            - Game world initialized
17:47:08.270 [FXGL Background Thread 1 ] DEBUG PhysicsWorld         - Physics world initialized: appHeight=480, physics.ppm=50.0
17:47:08.270 [FXGL Background Thread 1 ] DEBUG PhysicsWorld         - Using strategy: BRUTE_FORCE
17:47:08.276 [FXGL Background Thread 1 ] DEBUG GameScene            - Game scene initialized: 480x480
17:47:08.295 [FXGL Background Thread 1 ] WARN  FXGL.DefaultMenu     - FXGLDefaultMenu is not designed for resolutions < 800x600
17:47:08.295 [FXGL Background Thread 1 ] DEBUG FXGL.DefaultMenu     - createMenuBodyGameMenu()
17:47:08.310 [FXGL Background Thread 1 ] DEBUG FXGL.DefaultMenu     - createOptionsMenu()
17:47:08.319 [FXGL Background Thread 1 ] DEBUG FXGLAssetLoaderServi - Loading from file system: jar:file:///C:/Users/admin/.m2/repository/com/github/almasb/fxgl/17.3/fxgl-17.3.jar!/fxglassets/textures/particles/smoke.png
17:47:08.409 [FXGL Background Thread 1 ] DEBUG FXGLAssetLoaderServi - Loading from file system: jar:file:///C:/Users/admin/.m2/repository/com/github/almasb/fxgl/17.3/fxgl-17.3.jar!/fxglassets/textures/particles/trace_horizontal.png
17:47:08.435 [FXGL Background Thread 1 ] DEBUG GameApplicationServi - Application scenes initialized
17:47:08.446 [FXGL Background Thread 1 ] DEBUG SystemBundleService  - Loading FXGL system data
17:47:08.450 [FXGL Background Thread 1 ] DEBUG FileSystemAccess     - Reading from: C:\Users\admin\OneDrive\Máy tính\btl\baitaplonOOP\system\fxgl.bundle
17:47:08.458 [FXGL Background Thread 1 ] DEBUG SystemBundleService  - Bundle FXGL: {}
17:47:08.458 [FXGL Background Thread 1 ] DEBUG UpdaterService       - Checking for updates
17:47:08.463 [FXGL Background Thread 4 ] DEBUG FXGLApplication      - Loading fonts
17:47:08.463 [FXGL Background Thread 1 ] DEBUG FXGLApplication      - Loading default localization
17:47:08.463 [FXGL Background Thread 4 ] DEBUG FXGLAssetLoaderServi - Loading from file system: jar:file:///C:/Users/admin/.m2/repository/com/github/almasb/fxgl/17.3/fxgl-17.3.jar!/fxglassets/ui/fonts/VarelaRound-Regular.ttf
17:47:08.465 [FXGL Background Thread 1 ] DEBUG FXGLAssetLoaderServi - Loading from file system: jar:file:///C:/Users/admin/.m2/repository/com/github/almasb/fxgl/17.3/fxgl-17.3.jar!/fxglassets/languages/english.lang
17:47:08.489 [FXGL Background Thread 1 ] INFO  FXGLApplication      - FXGL initialization took: 0.494 sec
17:47:08.491 [JavaFX Application Thread] DEBUG FXGLAssetLoaderServi - Loading from file system: jar:file:///C:/Users/admin/.m2/repository/com/github/almasb/fxgl/17.3/fxgl-17.3.jar!/fxglassets/textures/fxgl_icon.png
17:47:08.513 [JavaFX Application Thread] DEBUG FXGLAssetLoaderServi - Loading from file system: jar:file:///C:/Users/admin/.m2/repository/com/github/almasb/fxgl/17.3/fxgl-17.3.jar!/fxglassets/textures/fxgl_default_cursor.png
17:47:08.522 [FXGL Background Thread 4 ] DEBUG FXGLAssetLoaderServi - Loading from file system: jar:file:///C:/Users/admin/.m2/repository/com/github/almasb/fxgl/17.3/fxgl-17.3.jar!/fxglassets/ui/fonts/Abel-Regular.ttf
17:47:08.530 [JavaFX Application Thread] DEBUG Input                - Registered new binding: Screenshot - CTRL+8
17:47:08.530 [JavaFX Application Thread] DEBUG Input                - Registered new binding: System info dump - CTRL+9
17:47:08.531 [JavaFX Application Thread] DEBUG Input                - Registered new binding: Restart - CTRL+R
17:47:08.532 [JavaFX Application Thread] DEBUG Input                - Registered new binding: Toggle Debug Camera - CTRL+7
17:47:08.535 [FXGL Background Thread 4 ] DEBUG FXGLAssetLoaderServi - Loading from file system: jar:file:///C:/Users/admin/.m2/repository/com/github/almasb/fxgl/17.3/fxgl-17.3.jar!/fxglassets/ui/fonts/TerminalLandMono-Regular.otf
17:47:08.536 [JavaFX Application Thread] DEBUG LoopRunner           - Starting loop
17:47:08.536 [JavaFX Application Thread] DEBUG LoopRunner           - Initializing JavaFX AnimationTimerLoop
17:47:08.537 [JavaFX Application Thread] DEBUG GameApplicationServi - Starting new game
17:47:08.538 [JavaFX Application Thread] DEBUG Input                - Clearing active input actions
17:47:08.550 [FXGL Background Thread 4 ] DEBUG FXGLAssetLoaderServi - Loading from file system: jar:file:///C:/Users/admin/.m2/repository/com/github/almasb/fxgl/17.3/fxgl-17.3.jar!/fxglassets/ui/fonts/Courier-Prime.ttf
17:47:08.550 [JavaFX Application Thread] DEBUG GameApplicationServi - Removing overlay from FXGLStartupScene and adding to FXGLLoadingScene
17:47:08.551 [JavaFX Application Thread] DEBUG PrimaryStageWindow   - FXGLStartupScene -> FXGLLoadingScene
17:47:08.551 [JavaFX Application Thread] DEBUG GameApplicationServi - Clearing previous game
17:47:08.551 [JavaFX Application Thread] DEBUG GameScene            - Clearing game scene
17:47:08.551 [JavaFX Application Thread] DEBUG GameWorld            - Clearing game world
17:47:08.551 [JavaFX Application Thread] DEBUG PhysicsWorld         - Clearing physics world
17:47:08.553 [FXGL Background Thread 1 ] DEBUG FXGLApplication      - Initializing game
17:47:08.598 [JavaFX Application Thread] DEBUG FXGLApplication      - Registering font factories with UI factory
17:47:08.814 [FXGL Background Thread 1 ] DEBUG Input                - Clearing active input actions
17:47:08.814 [FXGL Background Thread 1 ] DEBUG Input                - Registered new binding: Move Up - W
17:47:08.814 [FXGL Background Thread 1 ] DEBUG Input                - Registered new binding: Move Down - S
17:47:08.815 [FXGL Background Thread 1 ] DEBUG Input                - Registered new binding: Move Left - A
17:47:08.815 [FXGL Background Thread 1 ] DEBUG Input                - Registered new binding: Move Right - D
17:47:08.815 [FXGL Background Thread 1 ] DEBUG Input                - Registered new binding: Đặt bom - Space
17:47:08.840 [FXGL Background Thread 1 ] INFO  FXGLApplication      - Game initialization took: 0.286 sec
17:47:08.840 [JavaFX Application Thread] DEBUG Input                - Clearing active input actions
17:47:08.855 [JavaFX Application Thread] DEBUG GameApplicationServi - Removing overlay from FXGLLoadingScene and adding to GameScene
17:47:08.856 [JavaFX Application Thread] DEBUG PrimaryStageWindow   - FXGLLoadingScene -> GameScene
17:47:10.959 [FXGL Background Thread 2 ] INFO  UpdaterService       - Your current version:  17.3
17:47:10.959 [FXGL Background Thread 2 ] INFO  UpdaterService       - Latest stable version: 21.1
17:47:10.994 [JavaFX Application Thread] DEBUG FXGLApplication      - Exiting FXGL
17:47:10.994 [JavaFX Application Thread] DEBUG LoopRunner           - Stopping loop
17:47:10.994 [JavaFX Application Thread] DEBUG SystemBundleService  - Saving FXGL system data
17:47:10.998 [JavaFX Application Thread] DEBUG FileSystemAccess     - Writing to: C:\Users\admin\OneDrive\Máy tính\btl\baitaplonOOP\system\fxgl.bundle
17:47:11.003 [JavaFX Application Thread] DEBUG Async                - Shutting down background threads
17:47:11.003 [JavaFX Application Thread] DEBUG PrimaryStageWindow   - Closing main window
17:47:11.028 [JavaFX Application Thread] DEBUG Logger               - Closing Logger
