21:41:58.781 [main                     ] DEBUG Logger               - Configured Logger
21:41:58.815 [main                     ] DEBUG GameApplication      - Logging settings
Title: Bomberman Game
Version: 1.0
Width: 480
Height: 480
Fullscreen: false
Intro: false
Profiling: false
Single step:false
App Mode: DEVELOPER
Menu Key: ESCAPE
Stage Style: DECORATED
Scene Factory: class com.almasb.fxgl.app.scene.SceneFactory

21:41:59.448 [JavaFX Application Thread] DEBUG FXGLApplication      - Initializing FXGL
21:41:59.455 [JavaFX Application Thread] INFO  Engine               - FXGL-17.3 (30.03.2023 11.49) on WINDOWS (J:23.0.2 FX:17.0.6)
21:41:59.455 [JavaFX Application Thread] DEBUG Engine               - JRE Vendor Name: Oracle Corporation
21:41:59.455 [JavaFX Application Thread] DEBUG Engine               - Running on OS: Windows 11 version 10.0
21:41:59.455 [JavaFX Application Thread] DEBUG Engine               - Architecture: amd64
21:41:59.455 [JavaFX Application Thread] INFO  Engine               - Source code and latest versions at: https://github.com/AlmasB/FXGL
21:41:59.456 [JavaFX Application Thread] INFO  Engine               -       Ask questions and discuss at: https://github.com/AlmasB/FXGL/discussions
21:41:59.456 [JavaFX Application Thread] INFO  Engine               -              Join the FXGL chat at: https://gitter.im/AlmasB/FXGL
21:41:59.573 [JavaFX Application Thread] DEBUG PrimaryStageWindow   - Creating a JavaFX scene
21:41:59.620 [JavaFX Application Thread] DEBUG PrimaryStageWindow   - Target settings size: 480.0 x 480.0
21:41:59.620 [JavaFX Application Thread] DEBUG PrimaryStageWindow   - Scaled scene size:    480.0 x 480.0
21:41:59.620 [JavaFX Application Thread] DEBUG PrimaryStageWindow   - Scaled ratio: (1.0, 1.0)
21:41:59.621 [JavaFX Application Thread] DEBUG PrimaryStageWindow   - Set initial scene to FXGLStartupScene
21:41:59.630 [JavaFX Application Thread] DEBUG PrimaryStageWindow   - Opening main window
21:41:59.741 [JavaFX Application Thread] DEBUG PrimaryStageWindow   - Window border size: (14.666656494140625, 37.33331298828125)
21:41:59.741 [JavaFX Application Thread] DEBUG PrimaryStageWindow   - Scaled size: 480.0 x 480.0
21:41:59.742 [JavaFX Application Thread] DEBUG PrimaryStageWindow   - Scaled ratio: (1.0, 1.0)
21:41:59.742 [JavaFX Application Thread] DEBUG PrimaryStageWindow   - Scene size: 480.0 x 480.0
21:41:59.742 [JavaFX Application Thread] DEBUG PrimaryStageWindow   - Stage size: 494.6666564941406 x 517.3333129882812
21:41:59.751 [FXGL Background Thread 1 ] DEBUG Engine               - Initializing environment variables
21:41:59.804 [FXGL Background Thread 1 ] DEBUG FXGLAssetLoaderServi - User app class for loading assets: class org.example.demo.HelloApplication
21:41:59.804 [FXGL Background Thread 1 ] DEBUG GameApplicationServi - Applying CSS: fxgl_dark.css
21:41:59.805 [FXGL Background Thread 1 ] DEBUG FXGLAssetLoaderServi - Loading from file system: jar:file:///C:/Users/My%20Laptop/.m2/repository/com/github/almasb/fxgl/17.3/fxgl-17.3.jar!/fxglassets/ui/css/fxgl_dark.css
21:41:59.859 [FXGL Background Thread 1 ] DEBUG GameApplicationServi - Initializing application scenes
21:41:59.906 [FXGL Background Thread 1 ] DEBUG GameWorld            - Game world initialized
21:41:59.982 [FXGL Background Thread 1 ] DEBUG PhysicsWorld         - Physics world initialized: appHeight=480, physics.ppm=50.0
21:41:59.983 [FXGL Background Thread 1 ] DEBUG PhysicsWorld         - Using strategy: BRUTE_FORCE
21:41:59.988 [FXGL Background Thread 1 ] DEBUG GameScene            - Game scene initialized: 480x480
21:42:00.002 [FXGL Background Thread 1 ] WARN  FXGL.DefaultMenu     - FXGLDefaultMenu is not designed for resolutions < 800x600
21:42:00.002 [FXGL Background Thread 1 ] DEBUG FXGL.DefaultMenu     - createMenuBodyGameMenu()
21:42:00.021 [FXGL Background Thread 1 ] DEBUG FXGL.DefaultMenu     - createOptionsMenu()
21:42:00.034 [FXGL Background Thread 1 ] DEBUG FXGLAssetLoaderServi - Loading from file system: jar:file:///C:/Users/My%20Laptop/.m2/repository/com/github/almasb/fxgl/17.3/fxgl-17.3.jar!/fxglassets/textures/particles/smoke.png
21:42:00.152 [FXGL Background Thread 1 ] DEBUG FXGLAssetLoaderServi - Loading from file system: jar:file:///C:/Users/My%20Laptop/.m2/repository/com/github/almasb/fxgl/17.3/fxgl-17.3.jar!/fxglassets/textures/particles/trace_horizontal.png
21:42:00.188 [FXGL Background Thread 1 ] DEBUG GameApplicationServi - Application scenes initialized
21:42:00.201 [FXGL Background Thread 1 ] DEBUG SystemBundleService  - Loading FXGL system data
21:42:00.205 [FXGL Background Thread 1 ] DEBUG FileSystemAccess     - Reading from: C:\OOP\baitaplonOOP-long\system\fxgl.bundle
21:42:00.208 [FXGL Background Thread 1 ] DEBUG SystemBundleService  - Bundle FXGL: {}
21:42:00.208 [FXGL Background Thread 1 ] DEBUG UpdaterService       - Checking for updates
21:42:00.212 [FXGL Background Thread 4 ] DEBUG FXGLApplication      - Loading fonts
21:42:00.213 [FXGL Background Thread 4 ] DEBUG FXGLAssetLoaderServi - Loading from file system: jar:file:///C:/Users/My%20Laptop/.m2/repository/com/github/almasb/fxgl/17.3/fxgl-17.3.jar!/fxglassets/ui/fonts/VarelaRound-Regular.ttf
21:42:00.213 [FXGL Background Thread 1 ] DEBUG FXGLApplication      - Loading default localization
21:42:00.213 [FXGL Background Thread 1 ] DEBUG FXGLAssetLoaderServi - Loading from file system: jar:file:///C:/Users/My%20Laptop/.m2/repository/com/github/almasb/fxgl/17.3/fxgl-17.3.jar!/fxglassets/languages/english.lang
21:42:00.237 [FXGL Background Thread 1 ] INFO  FXGLApplication      - FXGL initialization took: 0.486 sec
21:42:00.238 [JavaFX Application Thread] DEBUG FXGLAssetLoaderServi - Loading from file system: jar:file:///C:/Users/My%20Laptop/.m2/repository/com/github/almasb/fxgl/17.3/fxgl-17.3.jar!/fxglassets/textures/fxgl_icon.png
21:42:00.246 [FXGL Background Thread 4 ] DEBUG FXGLAssetLoaderServi - Loading from file system: jar:file:///C:/Users/My%20Laptop/.m2/repository/com/github/almasb/fxgl/17.3/fxgl-17.3.jar!/fxglassets/ui/fonts/Abel-Regular.ttf
21:42:00.262 [FXGL Background Thread 4 ] DEBUG FXGLAssetLoaderServi - Loading from file system: jar:file:///C:/Users/My%20Laptop/.m2/repository/com/github/almasb/fxgl/17.3/fxgl-17.3.jar!/fxglassets/ui/fonts/TerminalLandMono-Regular.otf
21:42:00.277 [FXGL Background Thread 4 ] DEBUG FXGLAssetLoaderServi - Loading from file system: jar:file:///C:/Users/My%20Laptop/.m2/repository/com/github/almasb/fxgl/17.3/fxgl-17.3.jar!/fxglassets/ui/fonts/Courier-Prime.ttf
21:42:00.279 [JavaFX Application Thread] DEBUG FXGLAssetLoaderServi - Loading from file system: jar:file:///C:/Users/My%20Laptop/.m2/repository/com/github/almasb/fxgl/17.3/fxgl-17.3.jar!/fxglassets/textures/fxgl_default_cursor.png
21:42:00.295 [JavaFX Application Thread] DEBUG Input                - Registered new binding: Screenshot - CTRL+8
21:42:00.295 [JavaFX Application Thread] DEBUG Input                - Registered new binding: System info dump - CTRL+9
21:42:00.295 [JavaFX Application Thread] DEBUG Input                - Registered new binding: Restart - CTRL+R
21:42:00.297 [JavaFX Application Thread] DEBUG Input                - Registered new binding: Toggle Debug Camera - CTRL+7
21:42:00.300 [JavaFX Application Thread] DEBUG LoopRunner           - Starting loop
21:42:00.300 [JavaFX Application Thread] DEBUG LoopRunner           - Initializing JavaFX AnimationTimerLoop
21:42:00.301 [JavaFX Application Thread] DEBUG GameApplicationServi - Starting new game
21:42:00.301 [JavaFX Application Thread] DEBUG Input                - Clearing active input actions
21:42:00.313 [JavaFX Application Thread] DEBUG GameApplicationServi - Removing overlay from FXGLStartupScene and adding to FXGLLoadingScene
21:42:00.315 [JavaFX Application Thread] DEBUG PrimaryStageWindow   - FXGLStartupScene -> FXGLLoadingScene
21:42:00.315 [JavaFX Application Thread] DEBUG GameApplicationServi - Clearing previous game
21:42:00.315 [JavaFX Application Thread] DEBUG GameScene            - Clearing game scene
21:42:00.315 [JavaFX Application Thread] DEBUG GameWorld            - Clearing game world
21:42:00.315 [JavaFX Application Thread] DEBUG PhysicsWorld         - Clearing physics world
21:42:00.316 [FXGL Background Thread 4 ] DEBUG FXGLApplication      - Initializing game
21:42:00.316 [JavaFX Application Thread] DEBUG FXGLApplication      - Registering font factories with UI factory
21:42:00.609 [FXGL Background Thread 4 ] DEBUG Input                - Clearing active input actions
21:42:00.609 [FXGL Background Thread 4 ] DEBUG Input                - Registered new binding: Move Up - W
21:42:00.610 [FXGL Background Thread 4 ] DEBUG Input                - Registered new binding: Move Down - S
21:42:00.610 [FXGL Background Thread 4 ] DEBUG Input                - Registered new binding: Move Left - A
21:42:00.610 [FXGL Background Thread 4 ] DEBUG Input                - Registered new binding: Move Right - D
21:42:00.610 [FXGL Background Thread 4 ] DEBUG Input                - Registered new binding: Đặt bom - Space
21:42:00.708 [FXGL Background Thread 4 ] INFO  FXGLApplication      - Game initialization took: 0.392 sec
21:42:00.709 [JavaFX Application Thread] DEBUG Input                - Clearing active input actions
21:42:00.728 [JavaFX Application Thread] DEBUG GameApplicationServi - Removing overlay from FXGLLoadingScene and adding to GameScene
21:42:00.729 [JavaFX Application Thread] DEBUG PrimaryStageWindow   - FXGLLoadingScene -> GameScene
21:42:01.311 [JavaFX Application Thread] DEBUG PrimaryStageWindow   - Push state: DialogSubScene
21:42:01.312 [JavaFX Application Thread] DEBUG Input                - Clearing active input actions
21:42:01.317 [JavaFX Application Thread] DEBUG GameApplicationServi - Removing overlay from GameScene and adding to DialogSubScene
21:42:01.318 [JavaFX Application Thread] DEBUG PrimaryStageWindow   - GameScene -> DialogSubScene
21:42:01.813 [FXGL Background Thread 2 ] INFO  UpdaterService       - Your current version:  17.3
21:42:01.813 [FXGL Background Thread 2 ] INFO  UpdaterService       - Latest stable version: 21.1
21:42:02.995 [JavaFX Application Thread] DEBUG PrimaryStageWindow   - Pop state: DialogSubScene
21:42:02.995 [JavaFX Application Thread] DEBUG Input                - Clearing active input actions
21:42:02.996 [JavaFX Application Thread] DEBUG GameApplicationServi - Removing overlay from DialogSubScene and adding to GameScene
21:42:02.997 [JavaFX Application Thread] DEBUG PrimaryStageWindow   - GameScene <- DialogSubScene
21:42:02.997 [JavaFX Application Thread] DEBUG FXGLApplication      - Exiting FXGL
21:42:02.997 [JavaFX Application Thread] DEBUG LoopRunner           - Stopping loop
21:42:02.997 [JavaFX Application Thread] DEBUG SystemBundleService  - Saving FXGL system data
21:42:02.998 [JavaFX Application Thread] DEBUG FileSystemAccess     - Writing to: C:\OOP\baitaplonOOP-long\system\fxgl.bundle
21:42:03.000 [JavaFX Application Thread] DEBUG Async                - Shutting down background threads
21:42:03.001 [JavaFX Application Thread] DEBUG PrimaryStageWindow   - Closing main window
21:42:03.027 [JavaFX Application Thread] DEBUG Logger               - Closing Logger
