11:04:49.111 [main                     ] DEBUG Logger               - Configured Logger
11:04:49.135 [main                     ] DEBUG GameApplication      - Logging settings
Title: Bomberman Game
Version: 1.0
Width: 480
Height: 480
Fullscreen: false
Intro: false
Profiling: false
Single step:false
App Mode: DEVELOPER
Menu Key: ESCAPE
Stage Style: DECORATED
Scene Factory: class com.almasb.fxgl.app.scene.SceneFactory

11:04:49.477 [JavaFX Application Thread] DEBUG FXGLApplication      - Initializing FXGL
11:04:49.480 [JavaFX Application Thread] INFO  Engine               - FXGL-17.3 (30.03.2023 11.49) on WINDOWS (J:23.0.2 FX:17.0.6)
11:04:49.481 [JavaFX Application Thread] DEBUG Engine               - JRE Vendor Name: Oracle Corporation
11:04:49.481 [JavaFX Application Thread] DEBUG Engine               - Running on OS: Windows 11 version 10.0
11:04:49.481 [JavaFX Application Thread] DEBUG Engine               - Architecture: amd64
11:04:49.481 [JavaFX Application Thread] INFO  Engine               - Source code and latest versions at: https://github.com/AlmasB/FXGL
11:04:49.481 [JavaFX Application Thread] INFO  Engine               -       Ask questions and discuss at: https://github.com/AlmasB/FXGL/discussions
11:04:49.481 [JavaFX Application Thread] INFO  Engine               -              Join the FXGL chat at: https://gitter.im/AlmasB/FXGL
11:04:49.565 [JavaFX Application Thread] DEBUG PrimaryStageWindow   - Creating a JavaFX scene
11:04:49.615 [JavaFX Application Thread] DEBUG PrimaryStageWindow   - Target settings size: 480.0 x 480.0
11:04:49.615 [JavaFX Application Thread] DEBUG PrimaryStageWindow   - Scaled scene size:    480.0 x 480.0
11:04:49.615 [JavaFX Application Thread] DEBUG PrimaryStageWindow   - Scaled ratio: (1.0, 1.0)
11:04:49.616 [JavaFX Application Thread] DEBUG PrimaryStageWindow   - Set initial scene to FXGLStartupScene
11:04:49.624 [JavaFX Application Thread] DEBUG PrimaryStageWindow   - Opening main window
11:04:49.709 [JavaFX Application Thread] DEBUG PrimaryStageWindow   - Window border size: (14.666656494140625, 37.33331298828125)
11:04:49.709 [JavaFX Application Thread] DEBUG PrimaryStageWindow   - Scaled size: 480.0 x 480.0
11:04:49.709 [JavaFX Application Thread] DEBUG PrimaryStageWindow   - Scaled ratio: (1.0, 1.0)
11:04:49.709 [JavaFX Application Thread] DEBUG PrimaryStageWindow   - Scene size: 480.0 x 480.0
11:04:49.710 [JavaFX Application Thread] DEBUG PrimaryStageWindow   - Stage size: 494.6666564941406 x 517.3333129882812
11:04:49.719 [FXGL Background Thread 1 ] DEBUG Engine               - Initializing environment variables
11:04:49.812 [FXGL Background Thread 1 ] DEBUG FXGLAssetLoaderServi - User app class for loading assets: class org.example.demo.HelloApplication
11:04:49.812 [FXGL Background Thread 1 ] DEBUG GameApplicationServi - Applying CSS: fxgl_dark.css
11:04:49.813 [FXGL Background Thread 1 ] DEBUG FXGLAssetLoaderServi - Loading from file system: jar:file:///C:/Users/admin/.m2/repository/com/github/almasb/fxgl/17.3/fxgl-17.3.jar!/fxglassets/ui/css/fxgl_dark.css
11:04:49.860 [FXGL Background Thread 1 ] DEBUG GameApplicationServi - Initializing application scenes
11:04:49.906 [FXGL Background Thread 1 ] DEBUG GameWorld            - Game world initialized
11:04:49.987 [FXGL Background Thread 1 ] DEBUG PhysicsWorld         - Physics world initialized: appHeight=480, physics.ppm=50.0
11:04:49.987 [FXGL Background Thread 1 ] DEBUG PhysicsWorld         - Using strategy: BRUTE_FORCE
11:04:49.993 [FXGL Background Thread 1 ] DEBUG GameScene            - Game scene initialized: 480x480
11:04:50.007 [FXGL Background Thread 1 ] WARN  FXGL.DefaultMenu     - FXGLDefaultMenu is not designed for resolutions < 800x600
11:04:50.007 [FXGL Background Thread 1 ] DEBUG FXGL.DefaultMenu     - createMenuBodyGameMenu()
11:04:50.022 [FXGL Background Thread 1 ] DEBUG FXGL.DefaultMenu     - createOptionsMenu()
11:04:50.032 [FXGL Background Thread 1 ] DEBUG FXGLAssetLoaderServi - Loading from file system: jar:file:///C:/Users/admin/.m2/repository/com/github/almasb/fxgl/17.3/fxgl-17.3.jar!/fxglassets/textures/particles/smoke.png
11:04:50.135 [FXGL Background Thread 1 ] DEBUG FXGLAssetLoaderServi - Loading from file system: jar:file:///C:/Users/admin/.m2/repository/com/github/almasb/fxgl/17.3/fxgl-17.3.jar!/fxglassets/textures/particles/trace_horizontal.png
11:04:50.184 [FXGL Background Thread 1 ] DEBUG GameApplicationServi - Application scenes initialized
11:04:50.192 [FXGL Background Thread 1 ] DEBUG SystemBundleService  - Loading FXGL system data
11:04:50.197 [FXGL Background Thread 1 ] DEBUG FileSystemAccess     - Reading from: C:\Users\admin\OneDrive\Máy tính\btl\New folder\baitaplonOOP\system\fxgl.bundle
11:04:50.202 [FXGL Background Thread 1 ] DEBUG SystemBundleService  - Bundle FXGL: {}
11:04:50.202 [FXGL Background Thread 1 ] DEBUG UpdaterService       - Checking for updates
11:04:50.207 [FXGL Background Thread 4 ] DEBUG FXGLApplication      - Loading fonts
11:04:50.207 [FXGL Background Thread 4 ] DEBUG FXGLAssetLoaderServi - Loading from file system: jar:file:///C:/Users/admin/.m2/repository/com/github/almasb/fxgl/17.3/fxgl-17.3.jar!/fxglassets/ui/fonts/VarelaRound-Regular.ttf
11:04:50.207 [FXGL Background Thread 1 ] DEBUG FXGLApplication      - Loading default localization
11:04:50.209 [FXGL Background Thread 1 ] DEBUG FXGLAssetLoaderServi - Loading from file system: jar:file:///C:/Users/admin/.m2/repository/com/github/almasb/fxgl/17.3/fxgl-17.3.jar!/fxglassets/languages/english.lang
11:04:50.234 [FXGL Background Thread 1 ] INFO  FXGLApplication      - FXGL initialization took: 0.515 sec
11:04:50.239 [JavaFX Application Thread] DEBUG Input                - Clearing active input actions
11:04:50.251 [JavaFX Application Thread] DEBUG Input                - Registered new binding: Move Up - W
11:04:50.251 [JavaFX Application Thread] DEBUG Input                - Registered new binding: Move Down - S
11:04:50.251 [JavaFX Application Thread] DEBUG Input                - Registered new binding: Move Left - A
11:04:50.251 [JavaFX Application Thread] DEBUG Input                - Registered new binding: Move Right - D
11:04:50.251 [JavaFX Application Thread] DEBUG Input                - Registered new binding: Đặt bom - Space
11:04:50.252 [JavaFX Application Thread] DEBUG FXGLAssetLoaderServi - Loading from file system: jar:file:///C:/Users/admin/.m2/repository/com/github/almasb/fxgl/17.3/fxgl-17.3.jar!/fxglassets/textures/fxgl_icon.png
11:04:50.267 [FXGL Background Thread 4 ] DEBUG FXGLAssetLoaderServi - Loading from file system: jar:file:///C:/Users/admin/.m2/repository/com/github/almasb/fxgl/17.3/fxgl-17.3.jar!/fxglassets/ui/fonts/Abel-Regular.ttf
11:04:50.278 [JavaFX Application Thread] DEBUG FXGLAssetLoaderServi - Loading from file system: jar:file:///C:/Users/admin/.m2/repository/com/github/almasb/fxgl/17.3/fxgl-17.3.jar!/fxglassets/textures/fxgl_default_cursor.png
11:04:50.283 [JavaFX Application Thread] DEBUG Input                - Registered new binding: Screenshot - CTRL+8
11:04:50.284 [JavaFX Application Thread] DEBUG Input                - Registered new binding: System info dump - CTRL+9
11:04:50.284 [JavaFX Application Thread] DEBUG Input                - Registered new binding: Restart - CTRL+R
11:04:50.285 [JavaFX Application Thread] DEBUG Input                - Registered new binding: Toggle Debug Camera - CTRL+7
11:04:50.286 [FXGL Background Thread 4 ] DEBUG FXGLAssetLoaderServi - Loading from file system: jar:file:///C:/Users/admin/.m2/repository/com/github/almasb/fxgl/17.3/fxgl-17.3.jar!/fxglassets/ui/fonts/TerminalLandMono-Regular.otf
11:04:50.287 [JavaFX Application Thread] DEBUG LoopRunner           - Starting loop
11:04:50.287 [JavaFX Application Thread] DEBUG LoopRunner           - Initializing JavaFX AnimationTimerLoop
11:04:50.289 [JavaFX Application Thread] DEBUG GameApplicationServi - Starting new game
11:04:50.290 [JavaFX Application Thread] DEBUG Input                - Clearing active input actions
11:04:50.301 [FXGL Background Thread 4 ] DEBUG FXGLAssetLoaderServi - Loading from file system: jar:file:///C:/Users/admin/.m2/repository/com/github/almasb/fxgl/17.3/fxgl-17.3.jar!/fxglassets/ui/fonts/Courier-Prime.ttf
11:04:50.302 [JavaFX Application Thread] DEBUG GameApplicationServi - Removing overlay from FXGLStartupScene and adding to FXGLLoadingScene
11:04:50.302 [JavaFX Application Thread] DEBUG PrimaryStageWindow   - FXGLStartupScene -> FXGLLoadingScene
11:04:50.302 [JavaFX Application Thread] DEBUG GameApplicationServi - Clearing previous game
11:04:50.302 [JavaFX Application Thread] DEBUG GameScene            - Clearing game scene
11:04:50.302 [JavaFX Application Thread] DEBUG GameWorld            - Clearing game world
11:04:50.303 [JavaFX Application Thread] DEBUG PhysicsWorld         - Clearing physics world
11:04:50.305 [FXGL Background Thread 1 ] DEBUG FXGLApplication      - Initializing game
11:04:50.362 [JavaFX Application Thread] DEBUG FXGLApplication      - Registering font factories with UI factory
11:04:50.719 [FXGL Background Thread 1 ] INFO  FXGLApplication      - Game initialization took: 0.414 sec
11:04:50.719 [JavaFX Application Thread] DEBUG Input                - Clearing active input actions
11:04:50.744 [JavaFX Application Thread] DEBUG GameApplicationServi - Removing overlay from FXGLLoadingScene and adding to GameScene
11:04:50.744 [JavaFX Application Thread] DEBUG PrimaryStageWindow   - FXGLLoadingScene -> GameScene
11:04:50.888 [FXGL Background Thread 2 ] INFO  UpdaterService       - Your current version:  17.3
11:04:50.888 [FXGL Background Thread 2 ] INFO  UpdaterService       - Latest stable version: 21.1
11:04:52.874 [JavaFX Application Thread] DEBUG FXGLApplication      - Exiting FXGL
11:04:52.875 [JavaFX Application Thread] DEBUG LoopRunner           - Stopping loop
11:04:52.875 [JavaFX Application Thread] DEBUG SystemBundleService  - Saving FXGL system data
11:04:52.882 [JavaFX Application Thread] DEBUG FileSystemAccess     - Writing to: C:\Users\admin\OneDrive\Máy tính\btl\New folder\baitaplonOOP\system\fxgl.bundle
11:04:52.886 [JavaFX Application Thread] DEBUG Async                - Shutting down background threads
11:04:52.887 [JavaFX Application Thread] DEBUG PrimaryStageWindow   - Closing main window
11:04:52.911 [JavaFX Application Thread] DEBUG Logger               - Closing Logger
