23:37:30.936 [main                     ] DEBUG Logger               - Configured Logger
23:37:30.962 [main                     ] DEBUG GameApplication      - Logging settings
Title: Bomberman Game
Version: 1.0
Width: 480
Height: 480
Fullscreen: false
Intro: false
Profiling: false
Single step:false
App Mode: DEVELOPER
Menu Key: ESCAPE
Stage Style: DECORATED
Scene Factory: class org.example.demo.BombermanApp$1

23:37:31.426 [JavaFX Application Thread] DEBUG FXGLApplication      - Initializing FXGL
23:37:31.431 [JavaFX Application Thread] INFO  Engine               - FXGL-17.3 (30.03.2023 11.49) on WINDOWS (J:23.0.2 FX:17.0.6)
23:37:31.432 [JavaFX Application Thread] DEBUG Engine               - JRE Vendor Name: Oracle Corporation
23:37:31.432 [JavaFX Application Thread] DEBUG Engine               - Running on OS: Windows 11 version 10.0
23:37:31.432 [JavaFX Application Thread] DEBUG Engine               - Architecture: amd64
23:37:31.432 [JavaFX Application Thread] INFO  Engine               - Source code and latest versions at: https://github.com/AlmasB/FXGL
23:37:31.432 [JavaFX Application Thread] INFO  Engine               -       Ask questions and discuss at: https://github.com/AlmasB/FXGL/discussions
23:37:31.432 [JavaFX Application Thread] INFO  Engine               -              Join the FXGL chat at: https://gitter.im/AlmasB/FXGL
23:37:31.531 [JavaFX Application Thread] DEBUG PrimaryStageWindow   - Creating a JavaFX scene
23:37:31.583 [JavaFX Application Thread] DEBUG PrimaryStageWindow   - Target settings size: 480.0 x 480.0
23:37:31.584 [JavaFX Application Thread] DEBUG PrimaryStageWindow   - Scaled scene size:    480.0 x 480.0
23:37:31.584 [JavaFX Application Thread] DEBUG PrimaryStageWindow   - Scaled ratio: (1.0, 1.0)
23:37:31.585 [JavaFX Application Thread] DEBUG PrimaryStageWindow   - Set initial scene to FXGLStartupScene
23:37:31.592 [JavaFX Application Thread] DEBUG PrimaryStageWindow   - Opening main window
23:37:31.700 [JavaFX Application Thread] DEBUG PrimaryStageWindow   - Window border size: (14.666656494140625, 37.33331298828125)
23:37:31.700 [JavaFX Application Thread] DEBUG PrimaryStageWindow   - Scaled size: 480.0 x 480.0
23:37:31.701 [JavaFX Application Thread] DEBUG PrimaryStageWindow   - Scaled ratio: (1.0, 1.0)
23:37:31.701 [JavaFX Application Thread] DEBUG PrimaryStageWindow   - Scene size: 480.0 x 480.0
23:37:31.701 [JavaFX Application Thread] DEBUG PrimaryStageWindow   - Stage size: 494.6666564941406 x 517.3333129882812
23:37:31.710 [FXGL Background Thread 1 ] DEBUG Engine               - Initializing environment variables
23:37:31.792 [FXGL Background Thread 1 ] DEBUG FXGLAssetLoaderServi - User app class for loading assets: class org.example.demo.HelloApplication
23:37:31.793 [FXGL Background Thread 1 ] DEBUG GameApplicationServi - Applying CSS: fxgl_dark.css
23:37:31.793 [FXGL Background Thread 1 ] DEBUG FXGLAssetLoaderServi - Loading from file system: jar:file:///C:/Users/admin/.m2/repository/com/github/almasb/fxgl/17.3/fxgl-17.3.jar!/fxglassets/ui/css/fxgl_dark.css
23:37:31.841 [FXGL Background Thread 1 ] DEBUG GameApplicationServi - Initializing application scenes
23:37:31.892 [FXGL Background Thread 1 ] DEBUG GameWorld            - Game world initialized
23:37:31.957 [FXGL Background Thread 1 ] DEBUG PhysicsWorld         - Physics world initialized: appHeight=480, physics.ppm=50.0
23:37:31.957 [FXGL Background Thread 1 ] DEBUG PhysicsWorld         - Using strategy: BRUTE_FORCE
23:37:31.960 [FXGL Background Thread 1 ] DEBUG GameScene            - Game scene initialized: 480x480
23:37:31.976 [FXGL Background Thread 1 ] WARN  FXGL.DefaultMenu     - FXGLDefaultMenu is not designed for resolutions < 800x600
23:37:31.976 [FXGL Background Thread 1 ] DEBUG FXGL.DefaultMenu     - createMenuBodyGameMenu()
23:37:31.987 [FXGL Background Thread 1 ] DEBUG FXGL.DefaultMenu     - createOptionsMenu()
23:37:31.996 [FXGL Background Thread 1 ] DEBUG FXGLAssetLoaderServi - Loading from file system: jar:file:///C:/Users/admin/.m2/repository/com/github/almasb/fxgl/17.3/fxgl-17.3.jar!/fxglassets/textures/particles/smoke.png
23:37:32.080 [FXGL Background Thread 1 ] DEBUG FXGLAssetLoaderServi - Loading from file system: jar:file:///C:/Users/admin/.m2/repository/com/github/almasb/fxgl/17.3/fxgl-17.3.jar!/fxglassets/textures/particles/trace_horizontal.png
23:37:32.107 [FXGL Background Thread 1 ] DEBUG GameApplicationServi - Application scenes initialized
23:37:32.116 [FXGL Background Thread 1 ] DEBUG SystemBundleService  - Loading FXGL system data
23:37:32.120 [FXGL Background Thread 1 ] DEBUG FileSystemAccess     - Reading from: C:\Users\admin\OneDrive\Máy tính\btl\baitaplonOOP\system\fxgl.bundle
23:37:32.130 [FXGL Background Thread 1 ] DEBUG SystemBundleService  - Bundle FXGL: {}
23:37:32.131 [FXGL Background Thread 1 ] DEBUG UpdaterService       - Checking for updates
23:37:32.134 [FXGL Background Thread 4 ] DEBUG FXGLApplication      - Loading fonts
23:37:32.135 [FXGL Background Thread 1 ] DEBUG FXGLApplication      - Loading default localization
23:37:32.135 [FXGL Background Thread 4 ] DEBUG FXGLAssetLoaderServi - Loading from file system: jar:file:///C:/Users/admin/.m2/repository/com/github/almasb/fxgl/17.3/fxgl-17.3.jar!/fxglassets/ui/fonts/VarelaRound-Regular.ttf
23:37:32.135 [FXGL Background Thread 1 ] DEBUG FXGLAssetLoaderServi - Loading from file system: jar:file:///C:/Users/admin/.m2/repository/com/github/almasb/fxgl/17.3/fxgl-17.3.jar!/fxglassets/languages/english.lang
23:37:32.157 [FXGL Background Thread 1 ] INFO  FXGLApplication      - FXGL initialization took: 0.446 sec
23:37:32.165 [JavaFX Application Thread] DEBUG Input                - Clearing active input actions
23:37:32.173 [JavaFX Application Thread] DEBUG Input                - Registered new binding: Move Up - W
23:37:32.173 [JavaFX Application Thread] DEBUG Input                - Registered new binding: Move Down - S
23:37:32.173 [JavaFX Application Thread] DEBUG Input                - Registered new binding: Move Left - A
23:37:32.173 [JavaFX Application Thread] DEBUG Input                - Registered new binding: Move Right - D
23:37:32.173 [JavaFX Application Thread] DEBUG Input                - Registered new binding: Đặt bom - Space
23:37:32.174 [JavaFX Application Thread] DEBUG FXGLAssetLoaderServi - Loading from file system: jar:file:///C:/Users/admin/.m2/repository/com/github/almasb/fxgl/17.3/fxgl-17.3.jar!/fxglassets/textures/fxgl_icon.png
23:37:32.195 [JavaFX Application Thread] DEBUG FXGLAssetLoaderServi - Loading from file system: jar:file:///C:/Users/admin/.m2/repository/com/github/almasb/fxgl/17.3/fxgl-17.3.jar!/fxglassets/textures/fxgl_default_cursor.png
23:37:32.199 [JavaFX Application Thread] DEBUG Input                - Registered new binding: Screenshot - CTRL+8
23:37:32.199 [JavaFX Application Thread] DEBUG Input                - Registered new binding: System info dump - CTRL+9
23:37:32.199 [JavaFX Application Thread] DEBUG Input                - Registered new binding: Restart - CTRL+R
23:37:32.200 [JavaFX Application Thread] DEBUG Input                - Registered new binding: Toggle Debug Camera - CTRL+7
23:37:32.203 [JavaFX Application Thread] DEBUG LoopRunner           - Starting loop
23:37:32.203 [JavaFX Application Thread] DEBUG LoopRunner           - Initializing JavaFX AnimationTimerLoop
23:37:32.205 [JavaFX Application Thread] DEBUG Input                - Clearing active input actions
23:37:32.211 [FXGL Background Thread 4 ] DEBUG FXGLAssetLoaderServi - Loading from file system: jar:file:///C:/Users/admin/.m2/repository/com/github/almasb/fxgl/17.3/fxgl-17.3.jar!/fxglassets/ui/fonts/Abel-Regular.ttf
23:37:32.213 [JavaFX Application Thread] DEBUG GameApplicationServi - Removing overlay from FXGLStartupScene and adding to FXGLMainMenuDummyScene
23:37:32.214 [JavaFX Application Thread] DEBUG PrimaryStageWindow   - FXGLStartupScene -> FXGLMainMenuDummyScene
23:37:32.214 [JavaFX Application Thread] DEBUG PrimaryStageWindow   - Push state: ViewMenu
23:37:32.214 [JavaFX Application Thread] DEBUG Input                - Clearing active input actions
23:37:32.222 [JavaFX Application Thread] DEBUG GameApplicationServi - Removing overlay from FXGLMainMenuDummyScene and adding to ViewMenu
23:37:32.222 [JavaFX Application Thread] DEBUG PrimaryStageWindow   - FXGLMainMenuDummyScene -> ViewMenu
23:37:32.231 [FXGL Background Thread 4 ] DEBUG FXGLAssetLoaderServi - Loading from file system: jar:file:///C:/Users/admin/.m2/repository/com/github/almasb/fxgl/17.3/fxgl-17.3.jar!/fxglassets/ui/fonts/TerminalLandMono-Regular.otf
23:37:32.249 [FXGL Background Thread 4 ] DEBUG FXGLAssetLoaderServi - Loading from file system: jar:file:///C:/Users/admin/.m2/repository/com/github/almasb/fxgl/17.3/fxgl-17.3.jar!/fxglassets/ui/fonts/Courier-Prime.ttf
23:37:32.328 [JavaFX Application Thread] DEBUG FXGLApplication      - Registering font factories with UI factory
23:37:32.789 [FXGL Background Thread 2 ] INFO  UpdaterService       - Your current version:  17.3
23:37:32.790 [FXGL Background Thread 2 ] INFO  UpdaterService       - Latest stable version: 21.1
23:37:34.490 [JavaFX Application Thread] DEBUG GameApplicationServi - Starting new game
23:37:34.491 [JavaFX Application Thread] DEBUG PrimaryStageWindow   - Pop state: ViewMenu
23:37:34.491 [JavaFX Application Thread] DEBUG Input                - Clearing active input actions
23:37:34.493 [JavaFX Application Thread] DEBUG GameApplicationServi - Removing overlay from ViewMenu and adding to FXGLMainMenuDummyScene
23:37:34.494 [JavaFX Application Thread] DEBUG PrimaryStageWindow   - FXGLMainMenuDummyScene <- ViewMenu
23:37:34.495 [JavaFX Application Thread] DEBUG Input                - Clearing active input actions
23:37:34.506 [JavaFX Application Thread] DEBUG GameApplicationServi - Removing overlay from FXGLMainMenuDummyScene and adding to FXGLLoadingScene
23:37:34.506 [JavaFX Application Thread] DEBUG PrimaryStageWindow   - FXGLMainMenuDummyScene -> FXGLLoadingScene
23:37:34.509 [JavaFX Application Thread] DEBUG GameApplicationServi - Clearing previous game
23:37:34.509 [JavaFX Application Thread] DEBUG GameScene            - Clearing game scene
23:37:34.509 [JavaFX Application Thread] DEBUG GameWorld            - Clearing game world
23:37:34.510 [JavaFX Application Thread] DEBUG PhysicsWorld         - Clearing physics world
23:37:34.516 [FXGL Background Thread 2 ] DEBUG FXGLApplication      - Initializing game
23:37:34.783 [FXGL Background Thread 2 ] INFO  FXGLApplication      - Game initialization took: 0.267 sec
23:37:34.784 [JavaFX Application Thread] DEBUG Input                - Clearing active input actions
23:37:34.793 [JavaFX Application Thread] DEBUG GameApplicationServi - Removing overlay from FXGLLoadingScene and adding to GameScene
23:37:34.793 [JavaFX Application Thread] DEBUG PrimaryStageWindow   - FXGLLoadingScene -> GameScene
23:37:35.134 [FXGL Background Thread 3 ] DEBUG Engine               - Logging environment variables
23:37:35.135 [FXGL Background Thread 3 ] DEBUG Engine               - achievements: []
23:37:35.135 [FXGL Background Thread 3 ] DEBUG Engine               - actualHeight: 480.0
23:37:35.136 [FXGL Background Thread 3 ] DEBUG Engine               - actualHeightProperty: ReadOnlyDoubleProperty [value: 480.0]
23:37:35.136 [FXGL Background Thread 3 ] DEBUG Engine               - actualWidth: 480.0
23:37:35.136 [FXGL Background Thread 3 ] DEBUG Engine               - actualWidthProperty: ReadOnlyDoubleProperty [value: 480.0]
23:37:35.136 [FXGL Background Thread 3 ] DEBUG Engine               - appIcon: fxgl_icon.png
23:37:35.136 [FXGL Background Thread 3 ] DEBUG Engine               - applicationMode: DEVELOPER
23:37:35.136 [FXGL Background Thread 3 ] DEBUG Engine               - cSSList: [fxgl_dark.css]
23:37:35.136 [FXGL Background Thread 3 ] DEBUG Engine               - collisionDetectionStrategy: BRUTE_FORCE
23:37:35.136 [FXGL Background Thread 3 ] DEBUG Engine               - configClass: Optional.empty
23:37:35.136 [FXGL Background Thread 3 ] DEBUG Engine               - credits: []
23:37:35.137 [FXGL Background Thread 3 ] DEBUG Engine               - defaultCursor: CursorInfo(imageName=fxgl_default_cursor.png, hotspotX=7.0, hotspotY=6.0)
23:37:35.137 [FXGL Background Thread 3 ] DEBUG Engine               - devBBoxColorProperty: ObjectProperty [value: 0xff0000ff]
23:37:35.137 [FXGL Background Thread 3 ] DEBUG Engine               - devEnableDebugCameraProperty: BooleanProperty [value: false]
23:37:35.137 [FXGL Background Thread 3 ] DEBUG Engine               - devSensorColorProperty: ObjectProperty [value: 0xffff00ff]
23:37:35.138 [FXGL Background Thread 3 ] DEBUG Engine               - devShowBBoxProperty: BooleanProperty [value: false]
23:37:35.138 [FXGL Background Thread 3 ] DEBUG Engine               - devShowPositionProperty: BooleanProperty [value: false]
23:37:35.138 [FXGL Background Thread 3 ] DEBUG Engine               - enabledMenuItems: []
23:37:35.138 [FXGL Background Thread 3 ] DEBUG Engine               - engineServices: [class com.almasb.fxgl.app.services.FXGLAssetLoaderService, class com.almasb.fxgl.app.FXGLApplication$GameApplicationService, class com.almasb.fxgl.app.services.FXGLDialogService, class com.almasb.fxgl.app.services.IOTaskExecutorService, class com.almasb.fxgl.io.FileSystemService, class com.almasb.fxgl.localization.LocalizationService, class com.almasb.fxgl.app.services.SystemBundleService, class com.almasb.fxgl.profile.SaveLoadService, class com.almasb.fxgl.ui.FXGLUIFactoryServiceProvider, class com.almasb.fxgl.ui.FXGLDialogFactoryServiceProvider, class com.almasb.fxgl.audio.AudioPlayer, class com.almasb.fxgl.notification.impl.NotificationServiceProvider, class com.almasb.fxgl.achievement.AchievementService, class com.almasb.fxgl.cutscene.CutsceneService, class com.almasb.fxgl.minigames.MiniGameService, class com.almasb.fxgl.net.NetService, class com.almasb.fxgl.app.services.UpdaterService, class com.almasb.fxgl.dev.DevService]
23:37:35.138 [FXGL Background Thread 3 ] DEBUG Engine               - fontGame: Abel-Regular.ttf
23:37:35.138 [FXGL Background Thread 3 ] DEBUG Engine               - fontMono: TerminalLandMono-Regular.otf
23:37:35.138 [FXGL Background Thread 3 ] DEBUG Engine               - fontSizeScaleUI: 1.0
23:37:35.138 [FXGL Background Thread 3 ] DEBUG Engine               - fontText: Courier-Prime.ttf
23:37:35.138 [FXGL Background Thread 3 ] DEBUG Engine               - fontUI: VarelaRound-Regular.ttf
23:37:35.138 [FXGL Background Thread 3 ] DEBUG Engine               - fullScreen: BooleanProperty [value: false]
23:37:35.138 [FXGL Background Thread 3 ] DEBUG Engine               - gameDifficulty: MEDIUM
23:37:35.138 [FXGL Background Thread 3 ] DEBUG Engine               - gameDifficultyProperty: ObjectProperty [value: MEDIUM]
23:37:35.138 [FXGL Background Thread 3 ] DEBUG Engine               - globalMusicVolume: 0.5
23:37:35.138 [FXGL Background Thread 3 ] DEBUG Engine               - globalMusicVolumeProperty: DoubleProperty [value: 0.5]
23:37:35.138 [FXGL Background Thread 3 ] DEBUG Engine               - globalSoundVolume: 0.5
23:37:35.140 [FXGL Background Thread 3 ] DEBUG Engine               - globalSoundVolumeProperty: DoubleProperty [value: 0.5]
23:37:35.140 [FXGL Background Thread 3 ] DEBUG Engine               - height: 480
23:37:35.140 [FXGL Background Thread 3 ] DEBUG Engine               - is3D: false
23:37:35.140 [FXGL Background Thread 3 ] DEBUG Engine               - isAndroid: false
23:37:35.140 [FXGL Background Thread 3 ] DEBUG Engine               - isBrowser: false
23:37:35.140 [FXGL Background Thread 3 ] DEBUG Engine               - isClickFeedbackEnabled: false
23:37:35.140 [FXGL Background Thread 3 ] DEBUG Engine               - isCloseConfirmation: false
23:37:35.140 [FXGL Background Thread 3 ] DEBUG Engine               - isDesktop: true
23:37:35.140 [FXGL Background Thread 3 ] DEBUG Engine               - isDeveloperMenuEnabled: false
23:37:35.141 [FXGL Background Thread 3 ] DEBUG Engine               - isEmbedded: false
23:37:35.141 [FXGL Background Thread 3 ] DEBUG Engine               - isEntityPreloadEnabled: true
23:37:35.141 [FXGL Background Thread 3 ] DEBUG Engine               - isExperimentalTiledLargeMap: false
23:37:35.141 [FXGL Background Thread 3 ] DEBUG Engine               - isFileSystemWriteAllowed: true
23:37:35.141 [FXGL Background Thread 3 ] DEBUG Engine               - isFullScreenAllowed: false
23:37:35.141 [FXGL Background Thread 3 ] DEBUG Engine               - isFullScreenFromStart: false
23:37:35.141 [FXGL Background Thread 3 ] DEBUG Engine               - isGameMenuEnabled: true
23:37:35.141 [FXGL Background Thread 3 ] DEBUG Engine               - isIOS: false
23:37:35.141 [FXGL Background Thread 3 ] DEBUG Engine               - isIntroEnabled: false
23:37:35.141 [FXGL Background Thread 3 ] DEBUG Engine               - isLinux: false
23:37:35.141 [FXGL Background Thread 3 ] DEBUG Engine               - isMac: false
23:37:35.141 [FXGL Background Thread 3 ] DEBUG Engine               - isMainMenuEnabled: true
23:37:35.141 [FXGL Background Thread 3 ] DEBUG Engine               - isManualResizeEnabled: false
23:37:35.141 [FXGL Background Thread 3 ] DEBUG Engine               - isMobile: false
23:37:35.141 [FXGL Background Thread 3 ] DEBUG Engine               - isNative: false
23:37:35.141 [FXGL Background Thread 3 ] DEBUG Engine               - isPauseMusicWhenMinimized: true
23:37:35.141 [FXGL Background Thread 3 ] DEBUG Engine               - isPreserveResizeRatio: false
23:37:35.141 [FXGL Background Thread 3 ] DEBUG Engine               - isProfilingEnabled: false
23:37:35.141 [FXGL Background Thread 3 ] DEBUG Engine               - isScaleAffectedOnResize: true
23:37:35.142 [FXGL Background Thread 3 ] DEBUG Engine               - isSingleStep: false
23:37:35.142 [FXGL Background Thread 3 ] DEBUG Engine               - isUserProfileEnabled: false
23:37:35.142 [FXGL Background Thread 3 ] DEBUG Engine               - isWindows: true
23:37:35.142 [FXGL Background Thread 3 ] DEBUG Engine               - language: ObjectProperty [value: ENGLISH]
23:37:35.142 [FXGL Background Thread 3 ] DEBUG Engine               - menuKey: ESCAPE
23:37:35.142 [FXGL Background Thread 3 ] DEBUG Engine               - mouseSensitivity: 0.2
23:37:35.142 [FXGL Background Thread 3 ] DEBUG Engine               - notificationViewClass: class com.almasb.fxgl.notification.view.XboxNotificationView
23:37:35.142 [FXGL Background Thread 3 ] DEBUG Engine               - pixelsPerMeter: 50.0
23:37:35.142 [FXGL Background Thread 3 ] DEBUG Engine               - platform: WINDOWS
23:37:35.142 [FXGL Background Thread 3 ] DEBUG Engine               - prefHeightProperty: ReadOnlyDoubleProperty [value: 480.0]
23:37:35.142 [FXGL Background Thread 3 ] DEBUG Engine               - prefWidthProperty: ReadOnlyDoubleProperty [value: 480.0]
23:37:35.142 [FXGL Background Thread 3 ] DEBUG Engine               - profileDir: profiles/
23:37:35.142 [FXGL Background Thread 3 ] DEBUG Engine               - profileName: StringProperty [value: DEFAULT]
23:37:35.143 [FXGL Background Thread 3 ] DEBUG Engine               - randomSeed: -1
23:37:35.143 [FXGL Background Thread 3 ] DEBUG Engine               - runtimeInfo: RuntimeInfo(platform=WINDOWS, version=17.3, build=30.03.2023 11.49)
23:37:35.143 [FXGL Background Thread 3 ] DEBUG Engine               - saveFileExt: sav
23:37:35.143 [FXGL Background Thread 3 ] DEBUG Engine               - scaledHeightProp$fxgl: DoubleProperty [bound, value: 480.0]
23:37:35.143 [FXGL Background Thread 3 ] DEBUG Engine               - scaledWidthProp$fxgl: DoubleProperty [bound, value: 480.0]
23:37:35.143 [FXGL Background Thread 3 ] DEBUG Engine               - sceneFactory: org.example.demo.BombermanApp$1@5346cce0
23:37:35.143 [FXGL Background Thread 3 ] DEBUG Engine               - secondsIn24h: 60
23:37:35.143 [FXGL Background Thread 3 ] DEBUG Engine               - soundMenuBack: menu/back.wav
23:37:35.143 [FXGL Background Thread 3 ] DEBUG Engine               - soundMenuPress: menu/press.wav
23:37:35.143 [FXGL Background Thread 3 ] DEBUG Engine               - soundMenuSelect: menu/select.wav
23:37:35.143 [FXGL Background Thread 3 ] DEBUG Engine               - soundNotification: core/notification.wav
23:37:35.143 [FXGL Background Thread 3 ] DEBUG Engine               - stageStyle: DECORATED
23:37:35.143 [FXGL Background Thread 3 ] DEBUG Engine               - supportedLanguages: [ENGLISH, FRENCH, GERMAN, HUNGARIAN, RUSSIAN]
23:37:35.143 [FXGL Background Thread 3 ] DEBUG Engine               - ticksPerSecond: -1
23:37:35.143 [FXGL Background Thread 3 ] DEBUG Engine               - title: Bomberman Game
23:37:35.143 [FXGL Background Thread 3 ] DEBUG Engine               - urlGithub: https://github.com/AlmasB/FXGL
23:37:35.143 [FXGL Background Thread 3 ] DEBUG Engine               - urlLeaderboard: http://fxgl-top.herokuapp.com/
23:37:35.144 [FXGL Background Thread 3 ] DEBUG Engine               - urlPOM: https://raw.githubusercontent.com/AlmasB/FXGL/release/README.md
23:37:35.144 [FXGL Background Thread 3 ] DEBUG Engine               - userAppClass: class org.example.demo.HelloApplication
23:37:35.144 [FXGL Background Thread 3 ] DEBUG Engine               - version: 1.0
23:37:35.144 [FXGL Background Thread 3 ] DEBUG Engine               - versionCheckDays: 7
23:37:35.144 [FXGL Background Thread 3 ] DEBUG Engine               - width: 480
23:37:35.144 [FXGL Background Thread 3 ] DEBUG Engine               - Logging services
23:37:35.144 [FXGL Background Thread 3 ] DEBUG Engine               - class com.almasb.fxgl.app.services.FXGLAssetLoaderService
23:37:35.144 [FXGL Background Thread 3 ] DEBUG Engine               - class com.almasb.fxgl.app.FXGLApplication$GameApplicationService
23:37:35.144 [FXGL Background Thread 3 ] DEBUG Engine               - class com.almasb.fxgl.app.services.FXGLDialogService
23:37:35.144 [FXGL Background Thread 3 ] DEBUG Engine               - class com.almasb.fxgl.app.services.IOTaskExecutorService
23:37:35.144 [FXGL Background Thread 3 ] DEBUG Engine               - class com.almasb.fxgl.io.FileSystemService
23:37:35.144 [FXGL Background Thread 3 ] DEBUG Engine               - class com.almasb.fxgl.localization.LocalizationService
23:37:35.144 [FXGL Background Thread 3 ] DEBUG Engine               - class com.almasb.fxgl.app.services.SystemBundleService
23:37:35.144 [FXGL Background Thread 3 ] DEBUG Engine               - class com.almasb.fxgl.profile.SaveLoadService
23:37:35.144 [FXGL Background Thread 3 ] DEBUG Engine               - class com.almasb.fxgl.ui.FXGLUIFactoryServiceProvider
23:37:35.144 [FXGL Background Thread 3 ] DEBUG Engine               - class com.almasb.fxgl.ui.FXGLDialogFactoryServiceProvider
23:37:35.144 [FXGL Background Thread 3 ] DEBUG Engine               - class com.almasb.fxgl.audio.AudioPlayer
23:37:35.144 [FXGL Background Thread 3 ] DEBUG Engine               - class com.almasb.fxgl.notification.impl.NotificationServiceProvider
23:37:35.144 [FXGL Background Thread 3 ] DEBUG Engine               - class com.almasb.fxgl.achievement.AchievementService
23:37:35.144 [FXGL Background Thread 3 ] DEBUG Engine               - class com.almasb.fxgl.cutscene.CutsceneService
23:37:35.144 [FXGL Background Thread 3 ] DEBUG Engine               - class com.almasb.fxgl.minigames.MiniGameService
23:37:35.144 [FXGL Background Thread 3 ] DEBUG Engine               - class com.almasb.fxgl.net.NetService
23:37:35.144 [FXGL Background Thread 3 ] DEBUG Engine               - class com.almasb.fxgl.app.services.UpdaterService
23:37:35.144 [FXGL Background Thread 3 ] DEBUG Engine               - class com.almasb.fxgl.dev.DevService
23:37:36.162 [JavaFX Application Thread] DEBUG FXGLApplication      - Exiting FXGL
23:37:36.162 [JavaFX Application Thread] DEBUG LoopRunner           - Stopping loop
23:37:36.162 [JavaFX Application Thread] DEBUG SystemBundleService  - Saving FXGL system data
23:37:36.169 [JavaFX Application Thread] DEBUG FileSystemAccess     - Writing to: C:\Users\admin\OneDrive\Máy tính\btl\baitaplonOOP\system\fxgl.bundle
23:37:36.173 [JavaFX Application Thread] DEBUG Async                - Shutting down background threads
23:37:36.173 [JavaFX Application Thread] DEBUG PrimaryStageWindow   - Closing main window
23:37:36.197 [JavaFX Application Thread] DEBUG Logger               - Closing Logger
