03:10:00.513 [main                     ] DEBUG Logger               - Configured Logger
03:10:00.544 [main                     ] DEBUG GameApplication      - Logging settings
Title: Bomberman Game
Version: 1.0
Width: 480
Height: 480
Fullscreen: false
Intro: false
Profiling: false
Single step:false
App Mode: DEVELOPER
Menu Key: ESCAPE
Stage Style: DECORATED
Scene Factory: class com.almasb.fxgl.app.scene.SceneFactory

03:10:00.885 [JavaFX Application Thread] DEBUG FXGLApplication      - Initializing FXGL
03:10:00.890 [JavaFX Application Thread] INFO  Engine               - FXGL-17.3 (30.03.2023 11.49) on WINDOWS (J:23.0.2 FX:17.0.6)
03:10:00.891 [JavaFX Application Thread] DEBUG Engine               - JRE Vendor Name: Oracle Corporation
03:10:00.891 [JavaFX Application Thread] DEBUG Engine               - Running on OS: Windows 11 version 10.0
03:10:00.891 [JavaFX Application Thread] DEBUG Engine               - Architecture: amd64
03:10:00.891 [JavaFX Application Thread] INFO  Engine               - Source code and latest versions at: https://github.com/AlmasB/FXGL
03:10:00.891 [JavaFX Application Thread] INFO  Engine               -       Ask questions and discuss at: https://github.com/AlmasB/FXGL/discussions
03:10:00.891 [JavaFX Application Thread] INFO  Engine               -              Join the FXGL chat at: https://gitter.im/AlmasB/FXGL
03:10:00.978 [JavaFX Application Thread] DEBUG PrimaryStageWindow   - Creating a JavaFX scene
03:10:01.033 [JavaFX Application Thread] DEBUG PrimaryStageWindow   - Target settings size: 480.0 x 480.0
03:10:01.033 [JavaFX Application Thread] DEBUG PrimaryStageWindow   - Scaled scene size:    480.0 x 480.0
03:10:01.033 [JavaFX Application Thread] DEBUG PrimaryStageWindow   - Scaled ratio: (1.0, 1.0)
03:10:01.034 [JavaFX Application Thread] DEBUG PrimaryStageWindow   - Set initial scene to FXGLStartupScene
03:10:01.041 [JavaFX Application Thread] DEBUG PrimaryStageWindow   - Opening main window
03:10:01.122 [JavaFX Application Thread] DEBUG PrimaryStageWindow   - Window border size: (14.666656494140625, 37.33331298828125)
03:10:01.123 [JavaFX Application Thread] DEBUG PrimaryStageWindow   - Scaled size: 480.0 x 480.0
03:10:01.123 [JavaFX Application Thread] DEBUG PrimaryStageWindow   - Scaled ratio: (1.0, 1.0)
03:10:01.123 [JavaFX Application Thread] DEBUG PrimaryStageWindow   - Scene size: 480.0 x 480.0
03:10:01.124 [JavaFX Application Thread] DEBUG PrimaryStageWindow   - Stage size: 494.6666564941406 x 517.3333129882812
03:10:01.133 [FXGL Background Thread 1 ] DEBUG Engine               - Initializing environment variables
03:10:01.216 [FXGL Background Thread 1 ] DEBUG FXGLAssetLoaderServi - User app class for loading assets: class org.example.demo.HelloApplication
03:10:01.216 [FXGL Background Thread 1 ] DEBUG GameApplicationServi - Applying CSS: fxgl_dark.css
03:10:01.217 [FXGL Background Thread 1 ] DEBUG FXGLAssetLoaderServi - Loading from file system: jar:file:///C:/Users/admin/.m2/repository/com/github/almasb/fxgl/17.3/fxgl-17.3.jar!/fxglassets/ui/css/fxgl_dark.css
03:10:01.267 [FXGL Background Thread 1 ] DEBUG GameApplicationServi - Initializing application scenes
03:10:01.313 [FXGL Background Thread 1 ] DEBUG GameWorld            - Game world initialized
03:10:01.387 [FXGL Background Thread 1 ] DEBUG PhysicsWorld         - Physics world initialized: appHeight=480, physics.ppm=50.0
03:10:01.388 [FXGL Background Thread 1 ] DEBUG PhysicsWorld         - Using strategy: BRUTE_FORCE
03:10:01.393 [FXGL Background Thread 1 ] DEBUG GameScene            - Game scene initialized: 480x480
03:10:01.405 [FXGL Background Thread 1 ] WARN  FXGL.DefaultMenu     - FXGLDefaultMenu is not designed for resolutions < 800x600
03:10:01.405 [FXGL Background Thread 1 ] DEBUG FXGL.DefaultMenu     - createMenuBodyGameMenu()
03:10:01.420 [FXGL Background Thread 1 ] DEBUG FXGL.DefaultMenu     - createOptionsMenu()
03:10:01.429 [FXGL Background Thread 1 ] DEBUG FXGLAssetLoaderServi - Loading from file system: jar:file:///C:/Users/admin/.m2/repository/com/github/almasb/fxgl/17.3/fxgl-17.3.jar!/fxglassets/textures/particles/smoke.png
03:10:01.537 [FXGL Background Thread 1 ] DEBUG FXGLAssetLoaderServi - Loading from file system: jar:file:///C:/Users/admin/.m2/repository/com/github/almasb/fxgl/17.3/fxgl-17.3.jar!/fxglassets/textures/particles/trace_horizontal.png
03:10:01.579 [FXGL Background Thread 1 ] DEBUG GameApplicationServi - Application scenes initialized
03:10:01.590 [FXGL Background Thread 1 ] DEBUG SystemBundleService  - Loading FXGL system data
03:10:01.593 [FXGL Background Thread 1 ] DEBUG FileSystemAccess     - Reading from: C:\Users\admin\OneDrive\Máy tính\btl\baitaplonOOP\system\fxgl.bundle
03:10:01.602 [FXGL Background Thread 1 ] DEBUG SystemBundleService  - Bundle FXGL: {}
03:10:01.602 [FXGL Background Thread 1 ] DEBUG UpdaterService       - Checking for updates
03:10:01.606 [FXGL Background Thread 4 ] DEBUG FXGLApplication      - Loading fonts
03:10:01.607 [FXGL Background Thread 4 ] DEBUG FXGLAssetLoaderServi - Loading from file system: jar:file:///C:/Users/admin/.m2/repository/com/github/almasb/fxgl/17.3/fxgl-17.3.jar!/fxglassets/ui/fonts/VarelaRound-Regular.ttf
03:10:01.607 [FXGL Background Thread 1 ] DEBUG FXGLApplication      - Loading default localization
03:10:01.607 [FXGL Background Thread 1 ] DEBUG FXGLAssetLoaderServi - Loading from file system: jar:file:///C:/Users/admin/.m2/repository/com/github/almasb/fxgl/17.3/fxgl-17.3.jar!/fxglassets/languages/english.lang
03:10:01.629 [FXGL Background Thread 1 ] INFO  FXGLApplication      - FXGL initialization took: 0.496 sec
03:10:01.629 [JavaFX Application Thread] DEBUG Input                - Clearing active input actions
03:10:01.639 [JavaFX Application Thread] DEBUG Input                - Registered new binding: Move Up - W
03:10:01.639 [JavaFX Application Thread] DEBUG Input                - Registered new binding: Move Down - S
03:10:01.640 [JavaFX Application Thread] DEBUG Input                - Registered new binding: Move Left - A
03:10:01.640 [JavaFX Application Thread] DEBUG Input                - Registered new binding: Move Right - D
03:10:01.641 [JavaFX Application Thread] DEBUG Input                - Registered new binding: Đặt bom - Space
03:10:01.644 [JavaFX Application Thread] DEBUG FXGLAssetLoaderServi - Loading from file system: jar:file:///C:/Users/admin/.m2/repository/com/github/almasb/fxgl/17.3/fxgl-17.3.jar!/fxglassets/textures/fxgl_icon.png
03:10:01.657 [FXGL Background Thread 4 ] DEBUG FXGLAssetLoaderServi - Loading from file system: jar:file:///C:/Users/admin/.m2/repository/com/github/almasb/fxgl/17.3/fxgl-17.3.jar!/fxglassets/ui/fonts/Abel-Regular.ttf
03:10:01.675 [FXGL Background Thread 4 ] DEBUG FXGLAssetLoaderServi - Loading from file system: jar:file:///C:/Users/admin/.m2/repository/com/github/almasb/fxgl/17.3/fxgl-17.3.jar!/fxglassets/ui/fonts/TerminalLandMono-Regular.otf
03:10:01.680 [JavaFX Application Thread] DEBUG FXGLAssetLoaderServi - Loading from file system: jar:file:///C:/Users/admin/.m2/repository/com/github/almasb/fxgl/17.3/fxgl-17.3.jar!/fxglassets/textures/fxgl_default_cursor.png
03:10:01.684 [JavaFX Application Thread] DEBUG Input                - Registered new binding: Screenshot - CTRL+8
03:10:01.685 [JavaFX Application Thread] DEBUG Input                - Registered new binding: System info dump - CTRL+9
03:10:01.685 [JavaFX Application Thread] DEBUG Input                - Registered new binding: Restart - CTRL+R
03:10:01.686 [JavaFX Application Thread] DEBUG Input                - Registered new binding: Toggle Debug Camera - CTRL+7
03:10:01.691 [JavaFX Application Thread] DEBUG LoopRunner           - Starting loop
03:10:01.692 [JavaFX Application Thread] DEBUG LoopRunner           - Initializing JavaFX AnimationTimerLoop
03:10:01.695 [JavaFX Application Thread] DEBUG GameApplicationServi - Starting new game
03:10:01.695 [JavaFX Application Thread] DEBUG Input                - Clearing active input actions
03:10:01.696 [FXGL Background Thread 4 ] DEBUG FXGLAssetLoaderServi - Loading from file system: jar:file:///C:/Users/admin/.m2/repository/com/github/almasb/fxgl/17.3/fxgl-17.3.jar!/fxglassets/ui/fonts/Courier-Prime.ttf
03:10:01.712 [JavaFX Application Thread] DEBUG GameApplicationServi - Removing overlay from FXGLStartupScene and adding to FXGLLoadingScene
03:10:01.713 [JavaFX Application Thread] DEBUG PrimaryStageWindow   - FXGLStartupScene -> FXGLLoadingScene
03:10:01.713 [JavaFX Application Thread] DEBUG GameApplicationServi - Clearing previous game
03:10:01.713 [JavaFX Application Thread] DEBUG GameScene            - Clearing game scene
03:10:01.713 [JavaFX Application Thread] DEBUG GameWorld            - Clearing game world
03:10:01.713 [JavaFX Application Thread] DEBUG PhysicsWorld         - Clearing physics world
03:10:01.715 [FXGL Background Thread 1 ] DEBUG FXGLApplication      - Initializing game
03:10:01.759 [JavaFX Application Thread] DEBUG FXGLApplication      - Registering font factories with UI factory
03:10:02.013 [FXGL Background Thread 1 ] INFO  FXGLApplication      - Game initialization took: 0.298 sec
03:10:02.014 [JavaFX Application Thread] DEBUG Input                - Clearing active input actions
03:10:02.038 [JavaFX Application Thread] DEBUG GameApplicationServi - Removing overlay from FXGLLoadingScene and adding to GameScene
03:10:02.038 [JavaFX Application Thread] DEBUG PrimaryStageWindow   - FXGLLoadingScene -> GameScene
03:10:02.240 [FXGL Background Thread 2 ] INFO  UpdaterService       - Your current version:  17.3
03:10:02.240 [FXGL Background Thread 2 ] INFO  UpdaterService       - Latest stable version: 21.1
03:10:04.606 [FXGL Background Thread 3 ] DEBUG Engine               - Logging environment variables
03:10:04.608 [FXGL Background Thread 3 ] DEBUG Engine               - achievements: []
03:10:04.608 [FXGL Background Thread 3 ] DEBUG Engine               - actualHeight: 480.0
03:10:04.608 [FXGL Background Thread 3 ] DEBUG Engine               - actualHeightProperty: ReadOnlyDoubleProperty [value: 480.0]
03:10:04.608 [FXGL Background Thread 3 ] DEBUG Engine               - actualWidth: 480.0
03:10:04.608 [FXGL Background Thread 3 ] DEBUG Engine               - actualWidthProperty: ReadOnlyDoubleProperty [value: 480.0]
03:10:04.609 [FXGL Background Thread 3 ] DEBUG Engine               - appIcon: fxgl_icon.png
03:10:04.609 [FXGL Background Thread 3 ] DEBUG Engine               - applicationMode: DEVELOPER
03:10:04.609 [FXGL Background Thread 3 ] DEBUG Engine               - cSSList: [fxgl_dark.css]
03:10:04.609 [FXGL Background Thread 3 ] DEBUG Engine               - collisionDetectionStrategy: BRUTE_FORCE
03:10:04.610 [FXGL Background Thread 3 ] DEBUG Engine               - configClass: Optional.empty
03:10:04.610 [FXGL Background Thread 3 ] DEBUG Engine               - credits: []
03:10:04.611 [FXGL Background Thread 3 ] DEBUG Engine               - defaultCursor: CursorInfo(imageName=fxgl_default_cursor.png, hotspotX=7.0, hotspotY=6.0)
03:10:04.612 [FXGL Background Thread 3 ] DEBUG Engine               - devBBoxColorProperty: ObjectProperty [value: 0xff0000ff]
03:10:04.612 [FXGL Background Thread 3 ] DEBUG Engine               - devEnableDebugCameraProperty: BooleanProperty [value: false]
03:10:04.612 [FXGL Background Thread 3 ] DEBUG Engine               - devSensorColorProperty: ObjectProperty [value: 0xffff00ff]
03:10:04.613 [FXGL Background Thread 3 ] DEBUG Engine               - devShowBBoxProperty: BooleanProperty [value: false]
03:10:04.613 [FXGL Background Thread 3 ] DEBUG Engine               - devShowPositionProperty: BooleanProperty [value: false]
03:10:04.613 [FXGL Background Thread 3 ] DEBUG Engine               - enabledMenuItems: []
03:10:04.613 [FXGL Background Thread 3 ] DEBUG Engine               - engineServices: [class com.almasb.fxgl.app.services.FXGLAssetLoaderService, class com.almasb.fxgl.app.FXGLApplication$GameApplicationService, class com.almasb.fxgl.app.services.FXGLDialogService, class com.almasb.fxgl.app.services.IOTaskExecutorService, class com.almasb.fxgl.io.FileSystemService, class com.almasb.fxgl.localization.LocalizationService, class com.almasb.fxgl.app.services.SystemBundleService, class com.almasb.fxgl.profile.SaveLoadService, class com.almasb.fxgl.ui.FXGLUIFactoryServiceProvider, class com.almasb.fxgl.ui.FXGLDialogFactoryServiceProvider, class com.almasb.fxgl.audio.AudioPlayer, class com.almasb.fxgl.notification.impl.NotificationServiceProvider, class com.almasb.fxgl.achievement.AchievementService, class com.almasb.fxgl.cutscene.CutsceneService, class com.almasb.fxgl.minigames.MiniGameService, class com.almasb.fxgl.net.NetService, class com.almasb.fxgl.app.services.UpdaterService, class com.almasb.fxgl.dev.DevService]
03:10:04.613 [FXGL Background Thread 3 ] DEBUG Engine               - fontGame: Abel-Regular.ttf
03:10:04.613 [FXGL Background Thread 3 ] DEBUG Engine               - fontMono: TerminalLandMono-Regular.otf
03:10:04.614 [FXGL Background Thread 3 ] DEBUG Engine               - fontSizeScaleUI: 1.0
03:10:04.614 [FXGL Background Thread 3 ] DEBUG Engine               - fontText: Courier-Prime.ttf
03:10:04.614 [FXGL Background Thread 3 ] DEBUG Engine               - fontUI: VarelaRound-Regular.ttf
03:10:04.614 [FXGL Background Thread 3 ] DEBUG Engine               - fullScreen: BooleanProperty [value: false]
03:10:04.614 [FXGL Background Thread 3 ] DEBUG Engine               - gameDifficulty: MEDIUM
03:10:04.614 [FXGL Background Thread 3 ] DEBUG Engine               - gameDifficultyProperty: ObjectProperty [value: MEDIUM]
03:10:04.614 [FXGL Background Thread 3 ] DEBUG Engine               - globalMusicVolume: 0.5
03:10:04.615 [FXGL Background Thread 3 ] DEBUG Engine               - globalMusicVolumeProperty: DoubleProperty [value: 0.5]
03:10:04.615 [FXGL Background Thread 3 ] DEBUG Engine               - globalSoundVolume: 0.5
03:10:04.615 [FXGL Background Thread 3 ] DEBUG Engine               - globalSoundVolumeProperty: DoubleProperty [value: 0.5]
03:10:04.615 [FXGL Background Thread 3 ] DEBUG Engine               - height: 480
03:10:04.616 [FXGL Background Thread 3 ] DEBUG Engine               - is3D: false
03:10:04.616 [FXGL Background Thread 3 ] DEBUG Engine               - isAndroid: false
03:10:04.616 [FXGL Background Thread 3 ] DEBUG Engine               - isBrowser: false
03:10:04.616 [FXGL Background Thread 3 ] DEBUG Engine               - isClickFeedbackEnabled: false
03:10:04.616 [FXGL Background Thread 3 ] DEBUG Engine               - isCloseConfirmation: false
03:10:04.616 [FXGL Background Thread 3 ] DEBUG Engine               - isDesktop: true
03:10:04.616 [FXGL Background Thread 3 ] DEBUG Engine               - isDeveloperMenuEnabled: false
03:10:04.616 [FXGL Background Thread 3 ] DEBUG Engine               - isEmbedded: false
03:10:04.616 [FXGL Background Thread 3 ] DEBUG Engine               - isEntityPreloadEnabled: true
03:10:04.617 [FXGL Background Thread 3 ] DEBUG Engine               - isExperimentalTiledLargeMap: false
03:10:04.617 [FXGL Background Thread 3 ] DEBUG Engine               - isFileSystemWriteAllowed: true
03:10:04.617 [FXGL Background Thread 3 ] DEBUG Engine               - isFullScreenAllowed: false
03:10:04.617 [FXGL Background Thread 3 ] DEBUG Engine               - isFullScreenFromStart: false
03:10:04.617 [FXGL Background Thread 3 ] DEBUG Engine               - isGameMenuEnabled: true
03:10:04.617 [FXGL Background Thread 3 ] DEBUG Engine               - isIOS: false
03:10:04.617 [FXGL Background Thread 3 ] DEBUG Engine               - isIntroEnabled: false
03:10:04.617 [FXGL Background Thread 3 ] DEBUG Engine               - isLinux: false
03:10:04.617 [FXGL Background Thread 3 ] DEBUG Engine               - isMac: false
03:10:04.618 [FXGL Background Thread 3 ] DEBUG Engine               - isMainMenuEnabled: false
03:10:04.618 [FXGL Background Thread 3 ] DEBUG Engine               - isManualResizeEnabled: false
03:10:04.618 [FXGL Background Thread 3 ] DEBUG Engine               - isMobile: false
03:10:04.618 [FXGL Background Thread 3 ] DEBUG Engine               - isNative: false
03:10:04.618 [FXGL Background Thread 3 ] DEBUG Engine               - isPauseMusicWhenMinimized: true
03:10:04.618 [FXGL Background Thread 3 ] DEBUG Engine               - isPreserveResizeRatio: false
03:10:04.618 [FXGL Background Thread 3 ] DEBUG Engine               - isProfilingEnabled: false
03:10:04.618 [FXGL Background Thread 3 ] DEBUG Engine               - isScaleAffectedOnResize: true
03:10:04.618 [FXGL Background Thread 3 ] DEBUG Engine               - isSingleStep: false
03:10:04.618 [FXGL Background Thread 3 ] DEBUG Engine               - isUserProfileEnabled: false
03:10:04.618 [FXGL Background Thread 3 ] DEBUG Engine               - isWindows: true
03:10:04.618 [FXGL Background Thread 3 ] DEBUG Engine               - language: ObjectProperty [value: ENGLISH]
03:10:04.619 [FXGL Background Thread 3 ] DEBUG Engine               - menuKey: ESCAPE
03:10:04.619 [FXGL Background Thread 3 ] DEBUG Engine               - mouseSensitivity: 0.2
03:10:04.619 [FXGL Background Thread 3 ] DEBUG Engine               - notificationViewClass: class com.almasb.fxgl.notification.view.XboxNotificationView
03:10:04.619 [FXGL Background Thread 3 ] DEBUG Engine               - pixelsPerMeter: 50.0
03:10:04.619 [FXGL Background Thread 3 ] DEBUG Engine               - platform: WINDOWS
03:10:04.619 [FXGL Background Thread 3 ] DEBUG Engine               - prefHeightProperty: ReadOnlyDoubleProperty [value: 480.0]
03:10:04.619 [FXGL Background Thread 3 ] DEBUG Engine               - prefWidthProperty: ReadOnlyDoubleProperty [value: 480.0]
03:10:04.619 [FXGL Background Thread 3 ] DEBUG Engine               - profileDir: profiles/
03:10:04.619 [FXGL Background Thread 3 ] DEBUG Engine               - profileName: StringProperty [value: DEFAULT]
03:10:04.619 [FXGL Background Thread 3 ] DEBUG Engine               - randomSeed: -1
03:10:04.620 [FXGL Background Thread 3 ] DEBUG Engine               - runtimeInfo: RuntimeInfo(platform=WINDOWS, version=17.3, build=30.03.2023 11.49)
03:10:04.620 [FXGL Background Thread 3 ] DEBUG Engine               - saveFileExt: sav
03:10:04.620 [FXGL Background Thread 3 ] DEBUG Engine               - scaledHeightProp$fxgl: DoubleProperty [bound, value: 480.0]
03:10:04.620 [FXGL Background Thread 3 ] DEBUG Engine               - scaledWidthProp$fxgl: DoubleProperty [bound, value: 480.0]
03:10:04.620 [FXGL Background Thread 3 ] DEBUG Engine               - sceneFactory: com.almasb.fxgl.app.scene.SceneFactory@6e046ce3
03:10:04.620 [FXGL Background Thread 3 ] DEBUG Engine               - secondsIn24h: 60
03:10:04.620 [FXGL Background Thread 3 ] DEBUG Engine               - soundMenuBack: menu/back.wav
03:10:04.620 [FXGL Background Thread 3 ] DEBUG Engine               - soundMenuPress: menu/press.wav
03:10:04.620 [FXGL Background Thread 3 ] DEBUG Engine               - soundMenuSelect: menu/select.wav
03:10:04.620 [FXGL Background Thread 3 ] DEBUG Engine               - soundNotification: core/notification.wav
03:10:04.620 [FXGL Background Thread 3 ] DEBUG Engine               - stageStyle: DECORATED
03:10:04.620 [FXGL Background Thread 3 ] DEBUG Engine               - supportedLanguages: [ENGLISH, FRENCH, GERMAN, HUNGARIAN, RUSSIAN]
03:10:04.620 [FXGL Background Thread 3 ] DEBUG Engine               - ticksPerSecond: -1
03:10:04.620 [FXGL Background Thread 3 ] DEBUG Engine               - title: Bomberman Game
03:10:04.621 [FXGL Background Thread 3 ] DEBUG Engine               - urlGithub: https://github.com/AlmasB/FXGL
03:10:04.621 [FXGL Background Thread 3 ] DEBUG Engine               - urlLeaderboard: http://fxgl-top.herokuapp.com/
03:10:04.621 [FXGL Background Thread 3 ] DEBUG Engine               - urlPOM: https://raw.githubusercontent.com/AlmasB/FXGL/release/README.md
03:10:04.621 [FXGL Background Thread 3 ] DEBUG Engine               - userAppClass: class org.example.demo.HelloApplication
03:10:04.621 [FXGL Background Thread 3 ] DEBUG Engine               - version: 1.0
03:10:04.621 [FXGL Background Thread 3 ] DEBUG Engine               - versionCheckDays: 7
03:10:04.621 [FXGL Background Thread 3 ] DEBUG Engine               - width: 480
03:10:04.621 [FXGL Background Thread 3 ] DEBUG Engine               - Logging services
03:10:04.621 [FXGL Background Thread 3 ] DEBUG Engine               - class com.almasb.fxgl.app.services.FXGLAssetLoaderService
03:10:04.621 [FXGL Background Thread 3 ] DEBUG Engine               - class com.almasb.fxgl.app.FXGLApplication$GameApplicationService
03:10:04.621 [FXGL Background Thread 3 ] DEBUG Engine               - class com.almasb.fxgl.app.services.FXGLDialogService
03:10:04.621 [FXGL Background Thread 3 ] DEBUG Engine               - class com.almasb.fxgl.app.services.IOTaskExecutorService
03:10:04.621 [FXGL Background Thread 3 ] DEBUG Engine               - class com.almasb.fxgl.io.FileSystemService
03:10:04.621 [FXGL Background Thread 3 ] DEBUG Engine               - class com.almasb.fxgl.localization.LocalizationService
03:10:04.621 [FXGL Background Thread 3 ] DEBUG Engine               - class com.almasb.fxgl.app.services.SystemBundleService
03:10:04.622 [FXGL Background Thread 3 ] DEBUG Engine               - class com.almasb.fxgl.profile.SaveLoadService
03:10:04.622 [FXGL Background Thread 3 ] DEBUG Engine               - class com.almasb.fxgl.ui.FXGLUIFactoryServiceProvider
03:10:04.622 [FXGL Background Thread 3 ] DEBUG Engine               - class com.almasb.fxgl.ui.FXGLDialogFactoryServiceProvider
03:10:04.622 [FXGL Background Thread 3 ] DEBUG Engine               - class com.almasb.fxgl.audio.AudioPlayer
03:10:04.622 [FXGL Background Thread 3 ] DEBUG Engine               - class com.almasb.fxgl.notification.impl.NotificationServiceProvider
03:10:04.622 [FXGL Background Thread 3 ] DEBUG Engine               - class com.almasb.fxgl.achievement.AchievementService
03:10:04.622 [FXGL Background Thread 3 ] DEBUG Engine               - class com.almasb.fxgl.cutscene.CutsceneService
03:10:04.622 [FXGL Background Thread 3 ] DEBUG Engine               - class com.almasb.fxgl.minigames.MiniGameService
03:10:04.622 [FXGL Background Thread 3 ] DEBUG Engine               - class com.almasb.fxgl.net.NetService
03:10:04.622 [FXGL Background Thread 3 ] DEBUG Engine               - class com.almasb.fxgl.app.services.UpdaterService
03:10:04.622 [FXGL Background Thread 3 ] DEBUG Engine               - class com.almasb.fxgl.dev.DevService
03:10:06.244 [JavaFX Application Thread] WARN  FXGLAssetLoaderServi - Asset "/assets/textures/sprites/explosion.png" was not found!
03:10:06.244 [JavaFX Application Thread] WARN  FXGLAssetLoaderServi - Failed to load IMAGE
03:10:06.267 [JavaFX Application Thread] WARN  FXGLAssetLoaderServi - Asset "/assets/textures/sprites/explosion.png" was not found!
03:10:06.267 [JavaFX Application Thread] WARN  FXGLAssetLoaderServi - Failed to load IMAGE
03:10:06.281 [JavaFX Application Thread] WARN  FXGLAssetLoaderServi - Asset "/assets/textures/sprites/explosion.png" was not found!
03:10:06.281 [JavaFX Application Thread] WARN  FXGLAssetLoaderServi - Failed to load IMAGE
03:10:06.283 [JavaFX Application Thread] WARN  FXGLAssetLoaderServi - Asset "/assets/textures/sprites/explosion.png" was not found!
03:10:06.283 [JavaFX Application Thread] WARN  FXGLAssetLoaderServi - Failed to load IMAGE
03:10:06.284 [JavaFX Application Thread] WARN  FXGLAssetLoaderServi - Asset "/assets/textures/sprites/explosion.png" was not found!
03:10:06.284 [JavaFX Application Thread] WARN  FXGLAssetLoaderServi - Failed to load IMAGE
03:10:06.284 [JavaFX Application Thread] WARN  FXGLAssetLoaderServi - Asset "/assets/textures/sprites/explosion.png" was not found!
03:10:06.284 [JavaFX Application Thread] WARN  FXGLAssetLoaderServi - Failed to load IMAGE
03:10:06.285 [JavaFX Application Thread] WARN  FXGLAssetLoaderServi - Asset "/assets/textures/sprites/explosion.png" was not found!
03:10:06.285 [JavaFX Application Thread] WARN  FXGLAssetLoaderServi - Failed to load IMAGE
03:10:06.287 [JavaFX Application Thread] DEBUG PrimaryStageWindow   - Push state: DialogSubScene
03:10:06.287 [JavaFX Application Thread] DEBUG Input                - Clearing active input actions
03:10:06.289 [JavaFX Application Thread] DEBUG GameApplicationServi - Removing overlay from GameScene and adding to DialogSubScene
03:10:06.289 [JavaFX Application Thread] DEBUG PrimaryStageWindow   - GameScene -> DialogSubScene
03:10:14.247 [JavaFX Application Thread] DEBUG PrimaryStageWindow   - Pop state: DialogSubScene
03:10:14.248 [JavaFX Application Thread] DEBUG Input                - Clearing active input actions
03:10:14.253 [JavaFX Application Thread] DEBUG GameApplicationServi - Removing overlay from DialogSubScene and adding to GameScene
03:10:14.255 [JavaFX Application Thread] DEBUG PrimaryStageWindow   - GameScene <- DialogSubScene
03:10:14.256 [JavaFX Application Thread] DEBUG FXGLApplication      - Exiting FXGL
03:10:14.258 [JavaFX Application Thread] DEBUG LoopRunner           - Stopping loop
03:10:14.258 [JavaFX Application Thread] DEBUG SystemBundleService  - Saving FXGL system data
03:10:14.262 [JavaFX Application Thread] DEBUG FileSystemAccess     - Writing to: C:\Users\admin\OneDrive\Máy tính\btl\baitaplonOOP\system\fxgl.bundle
03:10:14.265 [JavaFX Application Thread] DEBUG Async                - Shutting down background threads
03:10:14.265 [JavaFX Application Thread] DEBUG PrimaryStageWindow   - Closing main window
03:10:14.285 [JavaFX Application Thread] DEBUG Logger               - Closing Logger
