00:23:52.703 [main                     ] DEBUG Logger               - Configured Logger
00:23:52.722 [main                     ] DEBUG GameApplication      - Logging settings
Title: Bomberman Game
Version: 1.0
Width: 480
Height: 480
Fullscreen: false
Intro: false
Profiling: false
Single step:false
App Mode: DEVELOPER
Menu Key: ESCAPE
Stage Style: DECORATED
Scene Factory: class org.example.demo.BombermanApp$1

00:23:53.076 [JavaFX Application Thread] DEBUG FXGLApplication      - Initializing FXGL
00:23:53.080 [JavaFX Application Thread] INFO  Engine               - FXGL-17.3 (30.03.2023 11.49) on WINDOWS (J:23.0.2 FX:17.0.6)
00:23:53.080 [JavaFX Application Thread] DEBUG Engine               - JRE Vendor Name: Oracle Corporation
00:23:53.080 [JavaFX Application Thread] DEBUG Engine               - Running on OS: Windows 11 version 10.0
00:23:53.080 [JavaFX Application Thread] DEBUG Engine               - Architecture: amd64
00:23:53.080 [JavaFX Application Thread] INFO  Engine               - Source code and latest versions at: https://github.com/AlmasB/FXGL
00:23:53.080 [JavaFX Application Thread] INFO  Engine               -       Ask questions and discuss at: https://github.com/AlmasB/FXGL/discussions
00:23:53.080 [JavaFX Application Thread] INFO  Engine               -              Join the FXGL chat at: https://gitter.im/AlmasB/FXGL
00:23:53.136 [JavaFX Application Thread] DEBUG PrimaryStageWindow   - Creating a JavaFX scene
00:23:53.174 [JavaFX Application Thread] DEBUG PrimaryStageWindow   - Target settings size: 480.0 x 480.0
00:23:53.174 [JavaFX Application Thread] DEBUG PrimaryStageWindow   - Scaled scene size:    480.0 x 480.0
00:23:53.175 [JavaFX Application Thread] DEBUG PrimaryStageWindow   - Scaled ratio: (1.0, 1.0)
00:23:53.175 [JavaFX Application Thread] DEBUG PrimaryStageWindow   - Set initial scene to FXGLStartupScene
00:23:53.181 [JavaFX Application Thread] DEBUG PrimaryStageWindow   - Opening main window
00:23:53.244 [JavaFX Application Thread] DEBUG PrimaryStageWindow   - Window border size: (14.399993896484375, 37.5999755859375)
00:23:53.245 [JavaFX Application Thread] DEBUG PrimaryStageWindow   - Scaled size: 480.0 x 480.0
00:23:53.245 [JavaFX Application Thread] DEBUG PrimaryStageWindow   - Scaled ratio: (1.0, 1.0)
00:23:53.245 [JavaFX Application Thread] DEBUG PrimaryStageWindow   - Scene size: 480.0 x 480.0
00:23:53.245 [JavaFX Application Thread] DEBUG PrimaryStageWindow   - Stage size: 494.3999938964844 x 517.5999755859375
00:23:53.251 [FXGL Background Thread 1 ] DEBUG Engine               - Initializing environment variables
00:23:53.323 [FXGL Background Thread 1 ] DEBUG FXGLAssetLoaderServi - User app class for loading assets: class org.example.demo.HelloApplication
00:23:53.323 [FXGL Background Thread 1 ] DEBUG GameApplicationServi - Applying CSS: fxgl_dark.css
00:23:53.324 [FXGL Background Thread 1 ] DEBUG FXGLAssetLoaderServi - Loading from file system: jar:file:///C:/Users/PC/.m2/repository/com/github/almasb/fxgl/17.3/fxgl-17.3.jar!/fxglassets/ui/css/fxgl_dark.css
00:23:53.366 [FXGL Background Thread 1 ] DEBUG GameApplicationServi - Initializing application scenes
00:23:53.407 [FXGL Background Thread 1 ] DEBUG GameWorld            - Game world initialized
00:23:53.462 [FXGL Background Thread 1 ] DEBUG PhysicsWorld         - Physics world initialized: appHeight=480, physics.ppm=50.0
00:23:53.462 [FXGL Background Thread 1 ] DEBUG PhysicsWorld         - Using strategy: BRUTE_FORCE
00:23:53.465 [FXGL Background Thread 1 ] DEBUG GameScene            - Game scene initialized: 480x480
00:23:53.585 [FXGL Background Thread 1 ] WARN  FXGL.DefaultMenu     - FXGLDefaultMenu is not designed for resolutions < 800x600
00:23:53.585 [FXGL Background Thread 1 ] DEBUG FXGL.DefaultMenu     - createMenuBodyGameMenu()
00:23:53.592 [FXGL Background Thread 1 ] DEBUG FXGL.DefaultMenu     - createOptionsMenu()
00:23:53.598 [FXGL Background Thread 1 ] DEBUG FXGLAssetLoaderServi - Loading from file system: jar:file:///C:/Users/PC/.m2/repository/com/github/almasb/fxgl/17.3/fxgl-17.3.jar!/fxglassets/textures/particles/smoke.png
00:23:53.673 [FXGL Background Thread 1 ] DEBUG FXGLAssetLoaderServi - Loading from file system: jar:file:///C:/Users/PC/.m2/repository/com/github/almasb/fxgl/17.3/fxgl-17.3.jar!/fxglassets/textures/particles/trace_horizontal.png
00:23:53.705 [FXGL Background Thread 1 ] DEBUG GameApplicationServi - Application scenes initialized
00:23:53.720 [FXGL Background Thread 1 ] DEBUG SystemBundleService  - Loading FXGL system data
00:23:53.727 [FXGL Background Thread 1 ] DEBUG FileSystemAccess     - Reading from: D:\BTL\system\fxgl.bundle
00:23:53.734 [FXGL Background Thread 1 ] DEBUG SystemBundleService  - Bundle FXGL: {}
00:23:53.735 [FXGL Background Thread 1 ] DEBUG UpdaterService       - Checking for updates
00:23:53.740 [FXGL Background Thread 4 ] DEBUG FXGLApplication      - Loading fonts
00:23:53.742 [FXGL Background Thread 4 ] DEBUG FXGLAssetLoaderServi - Loading from file system: jar:file:///C:/Users/PC/.m2/repository/com/github/almasb/fxgl/17.3/fxgl-17.3.jar!/fxglassets/ui/fonts/VarelaRound-Regular.ttf
00:23:53.742 [FXGL Background Thread 1 ] DEBUG FXGLApplication      - Loading default localization
00:23:53.743 [FXGL Background Thread 1 ] DEBUG FXGLAssetLoaderServi - Loading from file system: jar:file:///C:/Users/PC/.m2/repository/com/github/almasb/fxgl/17.3/fxgl-17.3.jar!/fxglassets/languages/english.lang
00:23:53.768 [FXGL Background Thread 1 ] INFO  FXGLApplication      - FXGL initialization took: 0.515 sec
00:23:53.769 [JavaFX Application Thread] DEBUG FXGLAssetLoaderServi - Loading from file system: jar:file:///C:/Users/PC/.m2/repository/com/github/almasb/fxgl/17.3/fxgl-17.3.jar!/fxglassets/textures/fxgl_icon.png
00:23:53.773 [FXGL Background Thread 4 ] DEBUG FXGLAssetLoaderServi - Loading from file system: jar:file:///C:/Users/PC/.m2/repository/com/github/almasb/fxgl/17.3/fxgl-17.3.jar!/fxglassets/ui/fonts/Abel-Regular.ttf
00:23:53.778 [FXGL Background Thread 4 ] DEBUG FXGLAssetLoaderServi - Loading from file system: jar:file:///C:/Users/PC/.m2/repository/com/github/almasb/fxgl/17.3/fxgl-17.3.jar!/fxglassets/ui/fonts/TerminalLandMono-Regular.otf
00:23:53.782 [FXGL Background Thread 4 ] DEBUG FXGLAssetLoaderServi - Loading from file system: jar:file:///C:/Users/PC/.m2/repository/com/github/almasb/fxgl/17.3/fxgl-17.3.jar!/fxglassets/ui/fonts/Courier-Prime.ttf
00:23:53.791 [JavaFX Application Thread] DEBUG FXGLAssetLoaderServi - Loading from file system: jar:file:///C:/Users/PC/.m2/repository/com/github/almasb/fxgl/17.3/fxgl-17.3.jar!/fxglassets/textures/fxgl_default_cursor.png
00:23:53.802 [JavaFX Application Thread] DEBUG Input                - Registered new binding: Screenshot - CTRL+8
00:23:53.803 [JavaFX Application Thread] DEBUG Input                - Registered new binding: System info dump - CTRL+9
00:23:53.803 [JavaFX Application Thread] DEBUG Input                - Registered new binding: Restart - CTRL+R
00:23:53.804 [JavaFX Application Thread] DEBUG Input                - Registered new binding: Toggle Debug Camera - CTRL+7
00:23:53.807 [JavaFX Application Thread] DEBUG LoopRunner           - Starting loop
00:23:53.807 [JavaFX Application Thread] DEBUG LoopRunner           - Initializing JavaFX AnimationTimerLoop
00:23:53.810 [JavaFX Application Thread] DEBUG Input                - Clearing active input actions
00:23:53.816 [JavaFX Application Thread] DEBUG GameApplicationServi - Removing overlay from FXGLStartupScene and adding to FXGLMainMenuDummyScene
00:23:53.816 [JavaFX Application Thread] DEBUG PrimaryStageWindow   - FXGLStartupScene -> FXGLMainMenuDummyScene
00:23:53.816 [JavaFX Application Thread] DEBUG PrimaryStageWindow   - Push state: ViewMenu
00:23:53.816 [JavaFX Application Thread] DEBUG Input                - Clearing active input actions
00:23:53.818 [JavaFX Application Thread] DEBUG GameApplicationServi - Removing overlay from FXGLMainMenuDummyScene and adding to ViewMenu
00:23:53.820 [JavaFX Application Thread] DEBUG PrimaryStageWindow   - FXGLMainMenuDummyScene -> ViewMenu
00:23:53.820 [JavaFX Application Thread] DEBUG FXGLApplication      - Registering font factories with UI factory
00:23:54.709 [FXGL Background Thread 2 ] INFO  UpdaterService       - Your current version:  17.3
00:23:54.709 [FXGL Background Thread 2 ] INFO  UpdaterService       - Latest stable version: 21.1
00:23:56.344 [JavaFX Application Thread] DEBUG GameApplicationServi - Starting new game
00:23:56.345 [JavaFX Application Thread] DEBUG PrimaryStageWindow   - Pop state: ViewMenu
00:23:56.345 [JavaFX Application Thread] DEBUG Input                - Clearing active input actions
00:23:56.346 [JavaFX Application Thread] DEBUG GameApplicationServi - Removing overlay from ViewMenu and adding to FXGLMainMenuDummyScene
00:23:56.347 [JavaFX Application Thread] DEBUG PrimaryStageWindow   - FXGLMainMenuDummyScene <- ViewMenu
00:23:56.347 [JavaFX Application Thread] DEBUG Input                - Clearing active input actions
00:23:56.353 [JavaFX Application Thread] DEBUG GameApplicationServi - Removing overlay from FXGLMainMenuDummyScene and adding to FXGLLoadingScene
00:23:56.353 [JavaFX Application Thread] DEBUG PrimaryStageWindow   - FXGLMainMenuDummyScene -> FXGLLoadingScene
00:23:56.353 [JavaFX Application Thread] DEBUG GameApplicationServi - Clearing previous game
00:23:56.354 [JavaFX Application Thread] DEBUG GameScene            - Clearing game scene
00:23:56.354 [JavaFX Application Thread] DEBUG GameWorld            - Clearing game world
00:23:56.354 [JavaFX Application Thread] DEBUG PhysicsWorld         - Clearing physics world
00:23:56.354 [FXGL Background Thread 2 ] DEBUG FXGLApplication      - Initializing game
00:23:56.476 [FXGL Background Thread 2 ] DEBUG Input                - Clearing active input actions
00:23:56.477 [FXGL Background Thread 2 ] DEBUG Input                - Registered new binding: Move Up - W
00:23:56.477 [FXGL Background Thread 2 ] DEBUG Input                - Registered new binding: Move Down - S
00:23:56.477 [FXGL Background Thread 2 ] DEBUG Input                - Registered new binding: Move Left - A
00:23:56.477 [FXGL Background Thread 2 ] DEBUG Input                - Registered new binding: Move Right - D
00:23:56.477 [FXGL Background Thread 2 ] DEBUG Input                - Registered new binding: Đặt bom - Space
00:23:56.494 [FXGL Background Thread 2 ] INFO  FXGLApplication      - Game initialization took: 0.140 sec
00:23:56.503 [JavaFX Application Thread] DEBUG Input                - Clearing active input actions
00:23:56.511 [JavaFX Application Thread] DEBUG GameApplicationServi - Removing overlay from FXGLLoadingScene and adding to GameScene
00:23:56.511 [JavaFX Application Thread] DEBUG PrimaryStageWindow   - FXGLLoadingScene -> GameScene
00:23:56.741 [FXGL Background Thread 3 ] DEBUG Engine               - Logging environment variables
00:23:56.741 [FXGL Background Thread 3 ] DEBUG Engine               - achievements: []
00:23:56.741 [FXGL Background Thread 3 ] DEBUG Engine               - actualHeight: 480.0
00:23:56.741 [FXGL Background Thread 3 ] DEBUG Engine               - actualHeightProperty: ReadOnlyDoubleProperty [value: 480.0]
00:23:56.741 [FXGL Background Thread 3 ] DEBUG Engine               - actualWidth: 480.0
00:23:56.741 [FXGL Background Thread 3 ] DEBUG Engine               - actualWidthProperty: ReadOnlyDoubleProperty [value: 480.0]
00:23:56.741 [FXGL Background Thread 3 ] DEBUG Engine               - appIcon: fxgl_icon.png
00:23:56.741 [FXGL Background Thread 3 ] DEBUG Engine               - applicationMode: DEVELOPER
00:23:56.741 [FXGL Background Thread 3 ] DEBUG Engine               - cSSList: [fxgl_dark.css]
00:23:56.741 [FXGL Background Thread 3 ] DEBUG Engine               - collisionDetectionStrategy: BRUTE_FORCE
00:23:56.741 [FXGL Background Thread 3 ] DEBUG Engine               - configClass: Optional.empty
00:23:56.741 [FXGL Background Thread 3 ] DEBUG Engine               - credits: []
00:23:56.742 [FXGL Background Thread 3 ] DEBUG Engine               - defaultCursor: CursorInfo(imageName=fxgl_default_cursor.png, hotspotX=7.0, hotspotY=6.0)
00:23:56.742 [FXGL Background Thread 3 ] DEBUG Engine               - devBBoxColorProperty: ObjectProperty [value: 0xff0000ff]
00:23:56.742 [FXGL Background Thread 3 ] DEBUG Engine               - devEnableDebugCameraProperty: BooleanProperty [value: false]
00:23:56.742 [FXGL Background Thread 3 ] DEBUG Engine               - devSensorColorProperty: ObjectProperty [value: 0xffff00ff]
00:23:56.742 [FXGL Background Thread 3 ] DEBUG Engine               - devShowBBoxProperty: BooleanProperty [value: false]
00:23:56.742 [FXGL Background Thread 3 ] DEBUG Engine               - devShowPositionProperty: BooleanProperty [value: false]
00:23:56.742 [FXGL Background Thread 3 ] DEBUG Engine               - enabledMenuItems: []
00:23:56.742 [FXGL Background Thread 3 ] DEBUG Engine               - engineServices: [class com.almasb.fxgl.app.services.FXGLAssetLoaderService, class com.almasb.fxgl.app.FXGLApplication$GameApplicationService, class com.almasb.fxgl.app.services.FXGLDialogService, class com.almasb.fxgl.app.services.IOTaskExecutorService, class com.almasb.fxgl.io.FileSystemService, class com.almasb.fxgl.localization.LocalizationService, class com.almasb.fxgl.app.services.SystemBundleService, class com.almasb.fxgl.profile.SaveLoadService, class com.almasb.fxgl.ui.FXGLUIFactoryServiceProvider, class com.almasb.fxgl.ui.FXGLDialogFactoryServiceProvider, class com.almasb.fxgl.audio.AudioPlayer, class com.almasb.fxgl.notification.impl.NotificationServiceProvider, class com.almasb.fxgl.achievement.AchievementService, class com.almasb.fxgl.cutscene.CutsceneService, class com.almasb.fxgl.minigames.MiniGameService, class com.almasb.fxgl.net.NetService, class com.almasb.fxgl.app.services.UpdaterService, class com.almasb.fxgl.dev.DevService]
00:23:56.742 [FXGL Background Thread 3 ] DEBUG Engine               - fontGame: Abel-Regular.ttf
00:23:56.742 [FXGL Background Thread 3 ] DEBUG Engine               - fontMono: TerminalLandMono-Regular.otf
00:23:56.742 [FXGL Background Thread 3 ] DEBUG Engine               - fontSizeScaleUI: 1.0
00:23:56.742 [FXGL Background Thread 3 ] DEBUG Engine               - fontText: Courier-Prime.ttf
00:23:56.742 [FXGL Background Thread 3 ] DEBUG Engine               - fontUI: VarelaRound-Regular.ttf
00:23:56.742 [FXGL Background Thread 3 ] DEBUG Engine               - fullScreen: BooleanProperty [value: false]
00:23:56.742 [FXGL Background Thread 3 ] DEBUG Engine               - gameDifficulty: MEDIUM
00:23:56.743 [FXGL Background Thread 3 ] DEBUG Engine               - gameDifficultyProperty: ObjectProperty [value: MEDIUM]
00:23:56.743 [FXGL Background Thread 3 ] DEBUG Engine               - globalMusicVolume: 0.5
00:23:56.743 [FXGL Background Thread 3 ] DEBUG Engine               - globalMusicVolumeProperty: DoubleProperty [value: 0.5]
00:23:56.743 [FXGL Background Thread 3 ] DEBUG Engine               - globalSoundVolume: 0.5
00:23:56.743 [FXGL Background Thread 3 ] DEBUG Engine               - globalSoundVolumeProperty: DoubleProperty [value: 0.5]
00:23:56.743 [FXGL Background Thread 3 ] DEBUG Engine               - height: 480
00:23:56.743 [FXGL Background Thread 3 ] DEBUG Engine               - is3D: false
00:23:56.743 [FXGL Background Thread 3 ] DEBUG Engine               - isAndroid: false
00:23:56.743 [FXGL Background Thread 3 ] DEBUG Engine               - isBrowser: false
00:23:56.743 [FXGL Background Thread 3 ] DEBUG Engine               - isClickFeedbackEnabled: false
00:23:56.743 [FXGL Background Thread 3 ] DEBUG Engine               - isCloseConfirmation: false
00:23:56.743 [FXGL Background Thread 3 ] DEBUG Engine               - isDesktop: true
00:23:56.743 [FXGL Background Thread 3 ] DEBUG Engine               - isDeveloperMenuEnabled: false
00:23:56.743 [FXGL Background Thread 3 ] DEBUG Engine               - isEmbedded: false
00:23:56.743 [FXGL Background Thread 3 ] DEBUG Engine               - isEntityPreloadEnabled: true
00:23:56.743 [FXGL Background Thread 3 ] DEBUG Engine               - isExperimentalTiledLargeMap: false
00:23:56.743 [FXGL Background Thread 3 ] DEBUG Engine               - isFileSystemWriteAllowed: true
00:23:56.743 [FXGL Background Thread 3 ] DEBUG Engine               - isFullScreenAllowed: false
00:23:56.743 [FXGL Background Thread 3 ] DEBUG Engine               - isFullScreenFromStart: false
00:23:56.743 [FXGL Background Thread 3 ] DEBUG Engine               - isGameMenuEnabled: true
00:23:56.743 [FXGL Background Thread 3 ] DEBUG Engine               - isIOS: false
00:23:56.743 [FXGL Background Thread 3 ] DEBUG Engine               - isIntroEnabled: false
00:23:56.743 [FXGL Background Thread 3 ] DEBUG Engine               - isLinux: false
00:23:56.743 [FXGL Background Thread 3 ] DEBUG Engine               - isMac: false
00:23:56.743 [FXGL Background Thread 3 ] DEBUG Engine               - isMainMenuEnabled: true
00:23:56.743 [FXGL Background Thread 3 ] DEBUG Engine               - isManualResizeEnabled: false
00:23:56.743 [FXGL Background Thread 3 ] DEBUG Engine               - isMobile: false
00:23:56.743 [FXGL Background Thread 3 ] DEBUG Engine               - isNative: false
00:23:56.743 [FXGL Background Thread 3 ] DEBUG Engine               - isPauseMusicWhenMinimized: true
00:23:56.743 [FXGL Background Thread 3 ] DEBUG Engine               - isPreserveResizeRatio: false
00:23:56.743 [FXGL Background Thread 3 ] DEBUG Engine               - isProfilingEnabled: false
00:23:56.743 [FXGL Background Thread 3 ] DEBUG Engine               - isScaleAffectedOnResize: true
00:23:56.743 [FXGL Background Thread 3 ] DEBUG Engine               - isSingleStep: false
00:23:56.744 [FXGL Background Thread 3 ] DEBUG Engine               - isUserProfileEnabled: false
00:23:56.744 [FXGL Background Thread 3 ] DEBUG Engine               - isWindows: true
00:23:56.744 [FXGL Background Thread 3 ] DEBUG Engine               - language: ObjectProperty [value: ENGLISH]
00:23:56.744 [FXGL Background Thread 3 ] DEBUG Engine               - menuKey: ESCAPE
00:23:56.744 [FXGL Background Thread 3 ] DEBUG Engine               - mouseSensitivity: 0.2
00:23:56.744 [FXGL Background Thread 3 ] DEBUG Engine               - notificationViewClass: class com.almasb.fxgl.notification.view.XboxNotificationView
00:23:56.744 [FXGL Background Thread 3 ] DEBUG Engine               - pixelsPerMeter: 50.0
00:23:56.744 [FXGL Background Thread 3 ] DEBUG Engine               - platform: WINDOWS
00:23:56.744 [FXGL Background Thread 3 ] DEBUG Engine               - prefHeightProperty: ReadOnlyDoubleProperty [value: 480.0]
00:23:56.744 [FXGL Background Thread 3 ] DEBUG Engine               - prefWidthProperty: ReadOnlyDoubleProperty [value: 480.0]
00:23:56.744 [FXGL Background Thread 3 ] DEBUG Engine               - profileDir: profiles/
00:23:56.744 [FXGL Background Thread 3 ] DEBUG Engine               - profileName: StringProperty [value: DEFAULT]
00:23:56.744 [FXGL Background Thread 3 ] DEBUG Engine               - randomSeed: -1
00:23:56.744 [FXGL Background Thread 3 ] DEBUG Engine               - runtimeInfo: RuntimeInfo(platform=WINDOWS, version=17.3, build=30.03.2023 11.49)
00:23:56.744 [FXGL Background Thread 3 ] DEBUG Engine               - saveFileExt: sav
00:23:56.744 [FXGL Background Thread 3 ] DEBUG Engine               - scaledHeightProp$fxgl: DoubleProperty [bound, value: 480.0]
00:23:56.744 [FXGL Background Thread 3 ] DEBUG Engine               - scaledWidthProp$fxgl: DoubleProperty [bound, value: 480.0]
00:23:56.744 [FXGL Background Thread 3 ] DEBUG Engine               - sceneFactory: org.example.demo.BombermanApp$1@70483aa5
00:23:56.744 [FXGL Background Thread 3 ] DEBUG Engine               - secondsIn24h: 60
00:23:56.744 [FXGL Background Thread 3 ] DEBUG Engine               - soundMenuBack: menu/back.wav
00:23:56.744 [FXGL Background Thread 3 ] DEBUG Engine               - soundMenuPress: menu/press.wav
00:23:56.744 [FXGL Background Thread 3 ] DEBUG Engine               - soundMenuSelect: menu/select.wav
00:23:56.744 [FXGL Background Thread 3 ] DEBUG Engine               - soundNotification: core/notification.wav
00:23:56.744 [FXGL Background Thread 3 ] DEBUG Engine               - stageStyle: DECORATED
00:23:56.744 [FXGL Background Thread 3 ] DEBUG Engine               - supportedLanguages: [ENGLISH, FRENCH, GERMAN, HUNGARIAN, RUSSIAN]
00:23:56.744 [FXGL Background Thread 3 ] DEBUG Engine               - ticksPerSecond: -1
00:23:56.744 [FXGL Background Thread 3 ] DEBUG Engine               - title: Bomberman Game
00:23:56.744 [FXGL Background Thread 3 ] DEBUG Engine               - urlGithub: https://github.com/AlmasB/FXGL
00:23:56.745 [FXGL Background Thread 3 ] DEBUG Engine               - urlLeaderboard: http://fxgl-top.herokuapp.com/
00:23:56.745 [FXGL Background Thread 3 ] DEBUG Engine               - urlPOM: https://raw.githubusercontent.com/AlmasB/FXGL/release/README.md
00:23:56.745 [FXGL Background Thread 3 ] DEBUG Engine               - userAppClass: class org.example.demo.HelloApplication
00:23:56.745 [FXGL Background Thread 3 ] DEBUG Engine               - version: 1.0
00:23:56.745 [FXGL Background Thread 3 ] DEBUG Engine               - versionCheckDays: 7
00:23:56.745 [FXGL Background Thread 3 ] DEBUG Engine               - width: 480
00:23:56.745 [FXGL Background Thread 3 ] DEBUG Engine               - Logging services
00:23:56.745 [FXGL Background Thread 3 ] DEBUG Engine               - class com.almasb.fxgl.app.services.FXGLAssetLoaderService
00:23:56.745 [FXGL Background Thread 3 ] DEBUG Engine               - class com.almasb.fxgl.app.FXGLApplication$GameApplicationService
00:23:56.745 [FXGL Background Thread 3 ] DEBUG Engine               - class com.almasb.fxgl.app.services.FXGLDialogService
00:23:56.745 [FXGL Background Thread 3 ] DEBUG Engine               - class com.almasb.fxgl.app.services.IOTaskExecutorService
00:23:56.745 [FXGL Background Thread 3 ] DEBUG Engine               - class com.almasb.fxgl.io.FileSystemService
00:23:56.745 [FXGL Background Thread 3 ] DEBUG Engine               - class com.almasb.fxgl.localization.LocalizationService
00:23:56.745 [FXGL Background Thread 3 ] DEBUG Engine               - class com.almasb.fxgl.app.services.SystemBundleService
00:23:56.745 [FXGL Background Thread 3 ] DEBUG Engine               - class com.almasb.fxgl.profile.SaveLoadService
00:23:56.745 [FXGL Background Thread 3 ] DEBUG Engine               - class com.almasb.fxgl.ui.FXGLUIFactoryServiceProvider
00:23:56.745 [FXGL Background Thread 3 ] DEBUG Engine               - class com.almasb.fxgl.ui.FXGLDialogFactoryServiceProvider
00:23:56.745 [FXGL Background Thread 3 ] DEBUG Engine               - class com.almasb.fxgl.audio.AudioPlayer
00:23:56.745 [FXGL Background Thread 3 ] DEBUG Engine               - class com.almasb.fxgl.notification.impl.NotificationServiceProvider
00:23:56.745 [FXGL Background Thread 3 ] DEBUG Engine               - class com.almasb.fxgl.achievement.AchievementService
00:23:56.745 [FXGL Background Thread 3 ] DEBUG Engine               - class com.almasb.fxgl.cutscene.CutsceneService
00:23:56.745 [FXGL Background Thread 3 ] DEBUG Engine               - class com.almasb.fxgl.minigames.MiniGameService
00:23:56.745 [FXGL Background Thread 3 ] DEBUG Engine               - class com.almasb.fxgl.net.NetService
00:23:56.746 [FXGL Background Thread 3 ] DEBUG Engine               - class com.almasb.fxgl.app.services.UpdaterService
00:23:56.746 [FXGL Background Thread 3 ] DEBUG Engine               - class com.almasb.fxgl.dev.DevService
00:24:01.411 [JavaFX Application Thread] DEBUG PrimaryStageWindow   - Push state: DialogSubScene
00:24:01.411 [JavaFX Application Thread] DEBUG Input                - Clearing active input actions
00:24:01.412 [JavaFX Application Thread] DEBUG GameApplicationServi - Removing overlay from GameScene and adding to DialogSubScene
00:24:01.412 [JavaFX Application Thread] DEBUG PrimaryStageWindow   - GameScene -> DialogSubScene
00:24:02.739 [JavaFX Application Thread] DEBUG PrimaryStageWindow   - Pop state: DialogSubScene
00:24:02.740 [JavaFX Application Thread] DEBUG Input                - Clearing active input actions
00:24:02.741 [JavaFX Application Thread] DEBUG GameApplicationServi - Removing overlay from DialogSubScene and adding to GameScene
00:24:02.741 [JavaFX Application Thread] DEBUG PrimaryStageWindow   - GameScene <- DialogSubScene
00:24:02.741 [JavaFX Application Thread] DEBUG FXGLApplication      - Exiting FXGL
00:24:02.741 [JavaFX Application Thread] DEBUG LoopRunner           - Stopping loop
00:24:02.741 [JavaFX Application Thread] DEBUG SystemBundleService  - Saving FXGL system data
00:24:02.744 [JavaFX Application Thread] DEBUG FileSystemAccess     - Writing to: D:\BTL\system\fxgl.bundle
00:24:02.746 [JavaFX Application Thread] DEBUG Async                - Shutting down background threads
00:24:02.746 [JavaFX Application Thread] DEBUG PrimaryStageWindow   - Closing main window
00:24:02.762 [JavaFX Application Thread] DEBUG Logger               - Closing Logger
