09:59:01.152 [main                     ] DEBUG Logger               - Configured Logger
09:59:01.177 [main                     ] DEBUG GameApplication      - Logging settings
Title: Bomberman Game
Version: 1.0
Width: 480
Height: 480
Fullscreen: false
Intro: false
Profiling: false
Single step:false
App Mode: DEVELOPER
Menu Key: ESCAPE
Stage Style: DECORATED
Scene Factory: class com.almasb.fxgl.app.scene.SceneFactory

09:59:01.642 [JavaFX Application Thread] DEBUG FXGLApplication      - Initializing FXGL
09:59:01.645 [JavaFX Application Thread] INFO  Engine               - FXGL-17.3 (30.03.2023 11.49) on WINDOWS (J:23.0.2 FX:17.0.6)
09:59:01.645 [JavaFX Application Thread] DEBUG Engine               - JRE Vendor Name: Oracle Corporation
09:59:01.645 [JavaFX Application Thread] DEBUG Engine               - Running on OS: Windows 11 version 10.0
09:59:01.646 [JavaFX Application Thread] DEBUG Engine               - Architecture: amd64
09:59:01.646 [JavaFX Application Thread] INFO  Engine               - Source code and latest versions at: https://github.com/AlmasB/FXGL
09:59:01.646 [JavaFX Application Thread] INFO  Engine               -       Ask questions and discuss at: https://github.com/AlmasB/FXGL/discussions
09:59:01.646 [JavaFX Application Thread] INFO  Engine               -              Join the FXGL chat at: https://gitter.im/AlmasB/FXGL
09:59:01.731 [JavaFX Application Thread] DEBUG PrimaryStageWindow   - Creating a JavaFX scene
09:59:01.771 [JavaFX Application Thread] DEBUG PrimaryStageWindow   - Target settings size: 480.0 x 480.0
09:59:01.771 [JavaFX Application Thread] DEBUG PrimaryStageWindow   - Scaled scene size:    480.0 x 480.0
09:59:01.771 [JavaFX Application Thread] DEBUG PrimaryStageWindow   - Scaled ratio: (1.0, 1.0)
09:59:01.772 [JavaFX Application Thread] DEBUG PrimaryStageWindow   - Set initial scene to FXGLStartupScene
09:59:01.777 [JavaFX Application Thread] DEBUG PrimaryStageWindow   - Opening main window
09:59:01.863 [JavaFX Application Thread] DEBUG PrimaryStageWindow   - Window border size: (14.666656494140625, 37.33331298828125)
09:59:01.863 [JavaFX Application Thread] DEBUG PrimaryStageWindow   - Scaled size: 480.0 x 480.0
09:59:01.864 [JavaFX Application Thread] DEBUG PrimaryStageWindow   - Scaled ratio: (1.0, 1.0)
09:59:01.864 [JavaFX Application Thread] DEBUG PrimaryStageWindow   - Scene size: 480.0 x 480.0
09:59:01.864 [JavaFX Application Thread] DEBUG PrimaryStageWindow   - Stage size: 494.6666564941406 x 517.3333129882812
09:59:01.872 [FXGL Background Thread 1 ] DEBUG Engine               - Initializing environment variables
09:59:01.911 [FXGL Background Thread 1 ] DEBUG FXGLAssetLoaderServi - User app class for loading assets: class org.example.demo.BombermanApp
09:59:01.912 [FXGL Background Thread 1 ] DEBUG GameApplicationServi - Applying CSS: fxgl_dark.css
09:59:01.912 [FXGL Background Thread 1 ] DEBUG FXGLAssetLoaderServi - Loading from file system: jar:file:///C:/Users/My%20Laptop/.m2/repository/com/github/almasb/fxgl/17.3/fxgl-17.3.jar!/fxglassets/ui/css/fxgl_dark.css
09:59:01.951 [FXGL Background Thread 1 ] DEBUG GameApplicationServi - Initializing application scenes
09:59:01.986 [FXGL Background Thread 1 ] DEBUG GameWorld            - Game world initialized
09:59:02.037 [FXGL Background Thread 1 ] DEBUG PhysicsWorld         - Physics world initialized: appHeight=480, physics.ppm=50.0
09:59:02.037 [FXGL Background Thread 1 ] DEBUG PhysicsWorld         - Using strategy: BRUTE_FORCE
09:59:02.040 [FXGL Background Thread 1 ] DEBUG GameScene            - Game scene initialized: 480x480
09:59:02.050 [FXGL Background Thread 1 ] WARN  FXGL.DefaultMenu     - FXGLDefaultMenu is not designed for resolutions < 800x600
09:59:02.050 [FXGL Background Thread 1 ] DEBUG FXGL.DefaultMenu     - createMenuBodyGameMenu()
09:59:02.061 [FXGL Background Thread 1 ] DEBUG FXGL.DefaultMenu     - createOptionsMenu()
09:59:02.068 [FXGL Background Thread 1 ] DEBUG FXGLAssetLoaderServi - Loading from file system: jar:file:///C:/Users/My%20Laptop/.m2/repository/com/github/almasb/fxgl/17.3/fxgl-17.3.jar!/fxglassets/textures/particles/smoke.png
09:59:02.165 [FXGL Background Thread 1 ] DEBUG FXGLAssetLoaderServi - Loading from file system: jar:file:///C:/Users/My%20Laptop/.m2/repository/com/github/almasb/fxgl/17.3/fxgl-17.3.jar!/fxglassets/textures/particles/trace_horizontal.png
09:59:02.192 [FXGL Background Thread 1 ] DEBUG GameApplicationServi - Application scenes initialized
09:59:02.202 [FXGL Background Thread 1 ] DEBUG SystemBundleService  - Loading FXGL system data
09:59:02.203 [FXGL Background Thread 1 ] DEBUG FileSystemAccess     - Reading from: C:\OOP\Week7\baitaplonOOP-long\system\fxgl.bundle
09:59:02.204 [FXGL Background Thread 1 ] DEBUG SystemBundleService  - Bundle FXGL: {}
09:59:02.204 [FXGL Background Thread 1 ] DEBUG UpdaterService       - Checking for updates
09:59:02.208 [FXGL Background Thread 4 ] DEBUG FXGLApplication      - Loading fonts
09:59:02.208 [FXGL Background Thread 4 ] DEBUG FXGLAssetLoaderServi - Loading from file system: jar:file:///C:/Users/My%20Laptop/.m2/repository/com/github/almasb/fxgl/17.3/fxgl-17.3.jar!/fxglassets/ui/fonts/VarelaRound-Regular.ttf
09:59:02.209 [FXGL Background Thread 1 ] DEBUG FXGLApplication      - Loading default localization
09:59:02.209 [FXGL Background Thread 1 ] DEBUG FXGLAssetLoaderServi - Loading from file system: jar:file:///C:/Users/My%20Laptop/.m2/repository/com/github/almasb/fxgl/17.3/fxgl-17.3.jar!/fxglassets/languages/english.lang
09:59:02.226 [FXGL Background Thread 1 ] INFO  FXGLApplication      - FXGL initialization took: 0.353 sec
09:59:02.235 [JavaFX Application Thread] DEBUG Input                - Clearing active input actions
09:59:02.245 [FXGL Background Thread 4 ] DEBUG FXGLAssetLoaderServi - Loading from file system: jar:file:///C:/Users/My%20Laptop/.m2/repository/com/github/almasb/fxgl/17.3/fxgl-17.3.jar!/fxglassets/ui/fonts/TerminalLandMono-Regular.otf
09:59:02.245 [JavaFX Application Thread] DEBUG Input                - Registered new binding: Move Up - W
09:59:02.245 [JavaFX Application Thread] DEBUG Input                - Registered new binding: Move Down - S
09:59:02.245 [JavaFX Application Thread] DEBUG Input                - Registered new binding: Move Left - A
09:59:02.246 [JavaFX Application Thread] DEBUG Input                - Registered new binding: Move Right - D
09:59:02.246 [JavaFX Application Thread] DEBUG FXGLAssetLoaderServi - Loading from file system: jar:file:///C:/Users/My%20Laptop/.m2/repository/com/github/almasb/fxgl/17.3/fxgl-17.3.jar!/fxglassets/textures/fxgl_icon.png
09:59:02.259 [FXGL Background Thread 4 ] DEBUG FXGLAssetLoaderServi - Loading from file system: jar:file:///C:/Users/My%20Laptop/.m2/repository/com/github/almasb/fxgl/17.3/fxgl-17.3.jar!/fxglassets/ui/fonts/Courier-Prime.ttf
09:59:02.266 [JavaFX Application Thread] DEBUG FXGLAssetLoaderServi - Loading from file system: jar:file:///C:/Users/My%20Laptop/.m2/repository/com/github/almasb/fxgl/17.3/fxgl-17.3.jar!/fxglassets/textures/fxgl_default_cursor.png
09:59:02.268 [JavaFX Application Thread] DEBUG Input                - Registered new binding: Screenshot - CTRL+8
09:59:02.269 [JavaFX Application Thread] DEBUG Input                - Registered new binding: System info dump - CTRL+9
09:59:02.269 [JavaFX Application Thread] DEBUG Input                - Registered new binding: Restart - CTRL+R
09:59:02.269 [JavaFX Application Thread] DEBUG Input                - Registered new binding: Toggle Debug Camera - CTRL+7
09:59:02.272 [JavaFX Application Thread] DEBUG LoopRunner           - Starting loop
09:59:02.272 [JavaFX Application Thread] DEBUG LoopRunner           - Initializing JavaFX AnimationTimerLoop
09:59:02.272 [JavaFX Application Thread] DEBUG GameApplicationServi - Starting new game
09:59:02.274 [JavaFX Application Thread] DEBUG Input                - Clearing active input actions
09:59:02.282 [JavaFX Application Thread] DEBUG GameApplicationServi - Removing overlay from FXGLStartupScene and adding to FXGLLoadingScene
09:59:02.282 [JavaFX Application Thread] DEBUG PrimaryStageWindow   - FXGLStartupScene -> FXGLLoadingScene
09:59:02.282 [JavaFX Application Thread] DEBUG GameApplicationServi - Clearing previous game
09:59:02.282 [JavaFX Application Thread] DEBUG GameScene            - Clearing game scene
09:59:02.282 [JavaFX Application Thread] DEBUG GameWorld            - Clearing game world
09:59:02.282 [JavaFX Application Thread] DEBUG PhysicsWorld         - Clearing physics world
09:59:02.283 [JavaFX Application Thread] DEBUG FXGLApplication      - Registering font factories with UI factory
09:59:02.283 [FXGL Background Thread 4 ] DEBUG FXGLApplication      - Initializing game
09:59:02.452 [FXGL Background Thread 4 ] INFO  FXGLApplication      - Game initialization took: 0.169 sec
09:59:02.452 [JavaFX Application Thread] DEBUG Input                - Clearing active input actions
09:59:02.465 [JavaFX Application Thread] DEBUG GameApplicationServi - Removing overlay from FXGLLoadingScene and adding to GameScene
09:59:02.465 [JavaFX Application Thread] DEBUG PrimaryStageWindow   - FXGLLoadingScene -> GameScene
09:59:03.313 [FXGL Background Thread 2 ] INFO  UpdaterService       - Your current version:  17.3
09:59:03.313 [FXGL Background Thread 2 ] INFO  UpdaterService       - Latest stable version: 21.1
09:59:05.208 [FXGL Background Thread 3 ] DEBUG Engine               - Logging environment variables
09:59:05.208 [FXGL Background Thread 3 ] DEBUG Engine               - achievements: []
09:59:05.208 [FXGL Background Thread 3 ] DEBUG Engine               - actualHeight: 480.0
09:59:05.208 [FXGL Background Thread 3 ] DEBUG Engine               - actualHeightProperty: ReadOnlyDoubleProperty [value: 480.0]
09:59:05.208 [FXGL Background Thread 3 ] DEBUG Engine               - actualWidth: 480.0
09:59:05.208 [FXGL Background Thread 3 ] DEBUG Engine               - actualWidthProperty: ReadOnlyDoubleProperty [value: 480.0]
09:59:05.208 [FXGL Background Thread 3 ] DEBUG Engine               - appIcon: fxgl_icon.png
09:59:05.209 [FXGL Background Thread 3 ] DEBUG Engine               - applicationMode: DEVELOPER
09:59:05.209 [FXGL Background Thread 3 ] DEBUG Engine               - cSSList: [fxgl_dark.css]
09:59:05.209 [FXGL Background Thread 3 ] DEBUG Engine               - collisionDetectionStrategy: BRUTE_FORCE
09:59:05.209 [FXGL Background Thread 3 ] DEBUG Engine               - configClass: Optional.empty
09:59:05.209 [FXGL Background Thread 3 ] DEBUG Engine               - credits: []
09:59:05.209 [FXGL Background Thread 3 ] DEBUG Engine               - defaultCursor: CursorInfo(imageName=fxgl_default_cursor.png, hotspotX=7.0, hotspotY=6.0)
09:59:05.209 [FXGL Background Thread 3 ] DEBUG Engine               - devBBoxColorProperty: ObjectProperty [value: 0xff0000ff]
09:59:05.209 [FXGL Background Thread 3 ] DEBUG Engine               - devEnableDebugCameraProperty: BooleanProperty [value: false]
09:59:05.209 [FXGL Background Thread 3 ] DEBUG Engine               - devSensorColorProperty: ObjectProperty [value: 0xffff00ff]
09:59:05.209 [FXGL Background Thread 3 ] DEBUG Engine               - devShowBBoxProperty: BooleanProperty [value: false]
09:59:05.210 [FXGL Background Thread 3 ] DEBUG Engine               - devShowPositionProperty: BooleanProperty [value: false]
09:59:05.210 [FXGL Background Thread 3 ] DEBUG Engine               - enabledMenuItems: []
09:59:05.210 [FXGL Background Thread 3 ] DEBUG Engine               - engineServices: [class com.almasb.fxgl.app.services.FXGLAssetLoaderService, class com.almasb.fxgl.app.FXGLApplication$GameApplicationService, class com.almasb.fxgl.app.services.FXGLDialogService, class com.almasb.fxgl.app.services.IOTaskExecutorService, class com.almasb.fxgl.io.FileSystemService, class com.almasb.fxgl.localization.LocalizationService, class com.almasb.fxgl.app.services.SystemBundleService, class com.almasb.fxgl.profile.SaveLoadService, class com.almasb.fxgl.ui.FXGLUIFactoryServiceProvider, class com.almasb.fxgl.ui.FXGLDialogFactoryServiceProvider, class com.almasb.fxgl.audio.AudioPlayer, class com.almasb.fxgl.notification.impl.NotificationServiceProvider, class com.almasb.fxgl.achievement.AchievementService, class com.almasb.fxgl.cutscene.CutsceneService, class com.almasb.fxgl.minigames.MiniGameService, class com.almasb.fxgl.net.NetService, class com.almasb.fxgl.app.services.UpdaterService, class com.almasb.fxgl.dev.DevService]
09:59:05.210 [FXGL Background Thread 3 ] DEBUG Engine               - fontGame: Abel-Regular.ttf
09:59:05.210 [FXGL Background Thread 3 ] DEBUG Engine               - fontMono: TerminalLandMono-Regular.otf
09:59:05.210 [FXGL Background Thread 3 ] DEBUG Engine               - fontSizeScaleUI: 1.0
09:59:05.210 [FXGL Background Thread 3 ] DEBUG Engine               - fontText: Courier-Prime.ttf
09:59:05.210 [FXGL Background Thread 3 ] DEBUG Engine               - fontUI: VarelaRound-Regular.ttf
09:59:05.210 [FXGL Background Thread 3 ] DEBUG Engine               - fullScreen: BooleanProperty [value: false]
09:59:05.210 [FXGL Background Thread 3 ] DEBUG Engine               - gameDifficulty: MEDIUM
09:59:05.210 [FXGL Background Thread 3 ] DEBUG Engine               - gameDifficultyProperty: ObjectProperty [value: MEDIUM]
09:59:05.210 [FXGL Background Thread 3 ] DEBUG Engine               - globalMusicVolume: 0.5
09:59:05.210 [FXGL Background Thread 3 ] DEBUG Engine               - globalMusicVolumeProperty: DoubleProperty [value: 0.5]
09:59:05.210 [FXGL Background Thread 3 ] DEBUG Engine               - globalSoundVolume: 0.5
09:59:05.210 [FXGL Background Thread 3 ] DEBUG Engine               - globalSoundVolumeProperty: DoubleProperty [value: 0.5]
09:59:05.212 [FXGL Background Thread 3 ] DEBUG Engine               - height: 480
09:59:05.212 [FXGL Background Thread 3 ] DEBUG Engine               - is3D: false
09:59:05.212 [FXGL Background Thread 3 ] DEBUG Engine               - isAndroid: false
09:59:05.212 [FXGL Background Thread 3 ] DEBUG Engine               - isBrowser: false
09:59:05.212 [FXGL Background Thread 3 ] DEBUG Engine               - isClickFeedbackEnabled: false
09:59:05.212 [FXGL Background Thread 3 ] DEBUG Engine               - isCloseConfirmation: false
09:59:05.212 [FXGL Background Thread 3 ] DEBUG Engine               - isDesktop: true
09:59:05.212 [FXGL Background Thread 3 ] DEBUG Engine               - isDeveloperMenuEnabled: false
09:59:05.212 [FXGL Background Thread 3 ] DEBUG Engine               - isEmbedded: false
09:59:05.212 [FXGL Background Thread 3 ] DEBUG Engine               - isEntityPreloadEnabled: true
09:59:05.212 [FXGL Background Thread 3 ] DEBUG Engine               - isExperimentalTiledLargeMap: false
09:59:05.212 [FXGL Background Thread 3 ] DEBUG Engine               - isFileSystemWriteAllowed: true
09:59:05.212 [FXGL Background Thread 3 ] DEBUG Engine               - isFullScreenAllowed: false
09:59:05.213 [FXGL Background Thread 3 ] DEBUG Engine               - isFullScreenFromStart: false
09:59:05.213 [FXGL Background Thread 3 ] DEBUG Engine               - isGameMenuEnabled: true
09:59:05.213 [FXGL Background Thread 3 ] DEBUG Engine               - isIOS: false
09:59:05.213 [FXGL Background Thread 3 ] DEBUG Engine               - isIntroEnabled: false
09:59:05.213 [FXGL Background Thread 3 ] DEBUG Engine               - isLinux: false
09:59:05.213 [FXGL Background Thread 3 ] DEBUG Engine               - isMac: false
09:59:05.213 [FXGL Background Thread 3 ] DEBUG Engine               - isMainMenuEnabled: false
09:59:05.213 [FXGL Background Thread 3 ] DEBUG Engine               - isManualResizeEnabled: false
09:59:05.213 [FXGL Background Thread 3 ] DEBUG Engine               - isMobile: false
09:59:05.213 [FXGL Background Thread 3 ] DEBUG Engine               - isNative: false
09:59:05.213 [FXGL Background Thread 3 ] DEBUG Engine               - isPauseMusicWhenMinimized: true
09:59:05.213 [FXGL Background Thread 3 ] DEBUG Engine               - isPreserveResizeRatio: false
09:59:05.213 [FXGL Background Thread 3 ] DEBUG Engine               - isProfilingEnabled: false
09:59:05.213 [FXGL Background Thread 3 ] DEBUG Engine               - isScaleAffectedOnResize: true
09:59:05.213 [FXGL Background Thread 3 ] DEBUG Engine               - isSingleStep: false
09:59:05.214 [FXGL Background Thread 3 ] DEBUG Engine               - isUserProfileEnabled: false
09:59:05.214 [FXGL Background Thread 3 ] DEBUG Engine               - isWindows: true
09:59:05.214 [FXGL Background Thread 3 ] DEBUG Engine               - language: ObjectProperty [value: ENGLISH]
09:59:05.214 [FXGL Background Thread 3 ] DEBUG Engine               - menuKey: ESCAPE
09:59:05.214 [FXGL Background Thread 3 ] DEBUG Engine               - mouseSensitivity: 0.2
09:59:05.214 [FXGL Background Thread 3 ] DEBUG Engine               - notificationViewClass: class com.almasb.fxgl.notification.view.XboxNotificationView
09:59:05.214 [FXGL Background Thread 3 ] DEBUG Engine               - pixelsPerMeter: 50.0
09:59:05.214 [FXGL Background Thread 3 ] DEBUG Engine               - platform: WINDOWS
09:59:05.214 [FXGL Background Thread 3 ] DEBUG Engine               - prefHeightProperty: ReadOnlyDoubleProperty [value: 480.0]
09:59:05.214 [FXGL Background Thread 3 ] DEBUG Engine               - prefWidthProperty: ReadOnlyDoubleProperty [value: 480.0]
09:59:05.214 [FXGL Background Thread 3 ] DEBUG Engine               - profileDir: profiles/
09:59:05.214 [FXGL Background Thread 3 ] DEBUG Engine               - profileName: StringProperty [value: DEFAULT]
09:59:05.214 [FXGL Background Thread 3 ] DEBUG Engine               - randomSeed: -1
09:59:05.214 [FXGL Background Thread 3 ] DEBUG Engine               - runtimeInfo: RuntimeInfo(platform=WINDOWS, version=17.3, build=30.03.2023 11.49)
09:59:05.214 [FXGL Background Thread 3 ] DEBUG Engine               - saveFileExt: sav
09:59:05.215 [FXGL Background Thread 3 ] DEBUG Engine               - scaledHeightProp$fxgl: DoubleProperty [bound, value: 480.0]
09:59:05.215 [FXGL Background Thread 3 ] DEBUG Engine               - scaledWidthProp$fxgl: DoubleProperty [bound, value: 480.0]
09:59:05.215 [FXGL Background Thread 3 ] DEBUG Engine               - sceneFactory: com.almasb.fxgl.app.scene.SceneFactory@46a8fb41
09:59:05.215 [FXGL Background Thread 3 ] DEBUG Engine               - secondsIn24h: 60
09:59:05.215 [FXGL Background Thread 3 ] DEBUG Engine               - soundMenuBack: menu/back.wav
09:59:05.215 [FXGL Background Thread 3 ] DEBUG Engine               - soundMenuPress: menu/press.wav
09:59:05.215 [FXGL Background Thread 3 ] DEBUG Engine               - soundMenuSelect: menu/select.wav
09:59:05.215 [FXGL Background Thread 3 ] DEBUG Engine               - soundNotification: core/notification.wav
09:59:05.215 [FXGL Background Thread 3 ] DEBUG Engine               - stageStyle: DECORATED
09:59:05.215 [FXGL Background Thread 3 ] DEBUG Engine               - supportedLanguages: [ENGLISH, FRENCH, GERMAN, HUNGARIAN, RUSSIAN]
09:59:05.215 [FXGL Background Thread 3 ] DEBUG Engine               - ticksPerSecond: -1
09:59:05.215 [FXGL Background Thread 3 ] DEBUG Engine               - title: Bomberman Game
09:59:05.215 [FXGL Background Thread 3 ] DEBUG Engine               - urlGithub: https://github.com/AlmasB/FXGL
09:59:05.215 [FXGL Background Thread 3 ] DEBUG Engine               - urlLeaderboard: http://fxgl-top.herokuapp.com/
09:59:05.215 [FXGL Background Thread 3 ] DEBUG Engine               - urlPOM: https://raw.githubusercontent.com/AlmasB/FXGL/release/README.md
09:59:05.215 [FXGL Background Thread 3 ] DEBUG Engine               - userAppClass: class org.example.demo.BombermanApp
09:59:05.215 [FXGL Background Thread 3 ] DEBUG Engine               - version: 1.0
09:59:05.215 [FXGL Background Thread 3 ] DEBUG Engine               - versionCheckDays: 7
09:59:05.216 [FXGL Background Thread 3 ] DEBUG Engine               - width: 480
09:59:05.216 [FXGL Background Thread 3 ] DEBUG Engine               - Logging services
09:59:05.216 [FXGL Background Thread 3 ] DEBUG Engine               - class com.almasb.fxgl.app.services.FXGLAssetLoaderService
09:59:05.216 [FXGL Background Thread 3 ] DEBUG Engine               - class com.almasb.fxgl.app.FXGLApplication$GameApplicationService
09:59:05.216 [FXGL Background Thread 3 ] DEBUG Engine               - class com.almasb.fxgl.app.services.FXGLDialogService
09:59:05.216 [FXGL Background Thread 3 ] DEBUG Engine               - class com.almasb.fxgl.app.services.IOTaskExecutorService
09:59:05.216 [FXGL Background Thread 3 ] DEBUG Engine               - class com.almasb.fxgl.io.FileSystemService
09:59:05.216 [FXGL Background Thread 3 ] DEBUG Engine               - class com.almasb.fxgl.localization.LocalizationService
09:59:05.216 [FXGL Background Thread 3 ] DEBUG Engine               - class com.almasb.fxgl.app.services.SystemBundleService
09:59:05.216 [FXGL Background Thread 3 ] DEBUG Engine               - class com.almasb.fxgl.profile.SaveLoadService
09:59:05.216 [FXGL Background Thread 3 ] DEBUG Engine               - class com.almasb.fxgl.ui.FXGLUIFactoryServiceProvider
09:59:05.216 [FXGL Background Thread 3 ] DEBUG Engine               - class com.almasb.fxgl.ui.FXGLDialogFactoryServiceProvider
09:59:05.216 [FXGL Background Thread 3 ] DEBUG Engine               - class com.almasb.fxgl.audio.AudioPlayer
09:59:05.216 [FXGL Background Thread 3 ] DEBUG Engine               - class com.almasb.fxgl.notification.impl.NotificationServiceProvider
09:59:05.216 [FXGL Background Thread 3 ] DEBUG Engine               - class com.almasb.fxgl.achievement.AchievementService
09:59:05.216 [FXGL Background Thread 3 ] DEBUG Engine               - class com.almasb.fxgl.cutscene.CutsceneService
09:59:05.216 [FXGL Background Thread 3 ] DEBUG Engine               - class com.almasb.fxgl.minigames.MiniGameService
09:59:05.216 [FXGL Background Thread 3 ] DEBUG Engine               - class com.almasb.fxgl.net.NetService
09:59:05.216 [FXGL Background Thread 3 ] DEBUG Engine               - class com.almasb.fxgl.app.services.UpdaterService
09:59:05.216 [FXGL Background Thread 3 ] DEBUG Engine               - class com.almasb.fxgl.dev.DevService
09:59:13.621 [JavaFX Application Thread] DEBUG FXGLApplication      - Exiting FXGL
09:59:13.621 [JavaFX Application Thread] DEBUG LoopRunner           - Stopping loop
09:59:13.622 [JavaFX Application Thread] DEBUG SystemBundleService  - Saving FXGL system data
09:59:13.623 [JavaFX Application Thread] DEBUG FileSystemAccess     - Writing to: C:\OOP\Week7\baitaplonOOP-long\system\fxgl.bundle
09:59:13.623 [JavaFX Application Thread] DEBUG Async                - Shutting down background threads
09:59:13.623 [JavaFX Application Thread] DEBUG PrimaryStageWindow   - Closing main window
09:59:13.641 [JavaFX Application Thread] DEBUG Logger               - Closing Logger
