22:17:47.744 [main                     ] DEBUG Logger               - Configured Logger
22:17:47.768 [main                     ] DEBUG GameApplication      - Logging settings
Title: Bomberman Game
Version: 1.0
Width: 480
Height: 480
Fullscreen: false
Intro: false
Profiling: false
Single step:false
App Mode: DEVELOPER
Menu Key: ESCAPE
Stage Style: DECORATED
Scene Factory: class com.almasb.fxgl.app.scene.SceneFactory

22:17:48.064 [JavaFX Application Thread] DEBUG FXGLApplication      - Initializing FXGL
22:17:48.069 [JavaFX Application Thread] INFO  Engine               - FXGL-17.3 (30.03.2023 11.49) on WINDOWS (J:23.0.2 FX:17.0.6)
22:17:48.069 [JavaFX Application Thread] DEBUG Engine               - JRE Vendor Name: Oracle Corporation
22:17:48.069 [JavaFX Application Thread] DEBUG Engine               - Running on OS: Windows 11 version 10.0
22:17:48.069 [JavaFX Application Thread] DEBUG Engine               - Architecture: amd64
22:17:48.069 [JavaFX Application Thread] INFO  Engine               - Source code and latest versions at: https://github.com/AlmasB/FXGL
22:17:48.070 [JavaFX Application Thread] INFO  Engine               -       Ask questions and discuss at: https://github.com/AlmasB/FXGL/discussions
22:17:48.070 [JavaFX Application Thread] INFO  Engine               -              Join the FXGL chat at: https://gitter.im/AlmasB/FXGL
22:17:48.146 [JavaFX Application Thread] DEBUG PrimaryStageWindow   - Creating a JavaFX scene
22:17:48.185 [JavaFX Application Thread] DEBUG PrimaryStageWindow   - Target settings size: 480.0 x 480.0
22:17:48.185 [JavaFX Application Thread] DEBUG PrimaryStageWindow   - Scaled scene size:    480.0 x 480.0
22:17:48.185 [JavaFX Application Thread] DEBUG PrimaryStageWindow   - Scaled ratio: (1.0, 1.0)
22:17:48.186 [JavaFX Application Thread] DEBUG PrimaryStageWindow   - Set initial scene to FXGLStartupScene
22:17:48.193 [JavaFX Application Thread] DEBUG PrimaryStageWindow   - Opening main window
22:17:48.263 [JavaFX Application Thread] DEBUG PrimaryStageWindow   - Window border size: (14.666656494140625, 37.33331298828125)
22:17:48.263 [JavaFX Application Thread] DEBUG PrimaryStageWindow   - Scaled size: 480.0 x 480.0
22:17:48.263 [JavaFX Application Thread] DEBUG PrimaryStageWindow   - Scaled ratio: (1.0, 1.0)
22:17:48.263 [JavaFX Application Thread] DEBUG PrimaryStageWindow   - Scene size: 480.0 x 480.0
22:17:48.263 [JavaFX Application Thread] DEBUG PrimaryStageWindow   - Stage size: 494.6666564941406 x 517.3333129882812
22:17:48.270 [FXGL Background Thread 1 ] DEBUG Engine               - Initializing environment variables
22:17:48.351 [FXGL Background Thread 1 ] DEBUG FXGLAssetLoaderServi - User app class for loading assets: class org.example.demo.HelloApplication
22:17:48.352 [FXGL Background Thread 1 ] DEBUG GameApplicationServi - Applying CSS: fxgl_dark.css
22:17:48.352 [FXGL Background Thread 1 ] DEBUG FXGLAssetLoaderServi - Loading from file system: jar:file:///C:/Users/admin/.m2/repository/com/github/almasb/fxgl/17.3/fxgl-17.3.jar!/fxglassets/ui/css/fxgl_dark.css
22:17:48.400 [FXGL Background Thread 1 ] DEBUG GameApplicationServi - Initializing application scenes
22:17:48.438 [FXGL Background Thread 1 ] DEBUG GameWorld            - Game world initialized
22:17:48.508 [FXGL Background Thread 1 ] DEBUG PhysicsWorld         - Physics world initialized: appHeight=480, physics.ppm=50.0
22:17:48.508 [FXGL Background Thread 1 ] DEBUG PhysicsWorld         - Using strategy: BRUTE_FORCE
22:17:48.512 [FXGL Background Thread 1 ] DEBUG GameScene            - Game scene initialized: 480x480
22:17:48.524 [FXGL Background Thread 1 ] WARN  FXGL.DefaultMenu     - FXGLDefaultMenu is not designed for resolutions < 800x600
22:17:48.524 [FXGL Background Thread 1 ] DEBUG FXGL.DefaultMenu     - createMenuBodyGameMenu()
22:17:48.538 [FXGL Background Thread 1 ] DEBUG FXGL.DefaultMenu     - createOptionsMenu()
22:17:48.550 [FXGL Background Thread 1 ] DEBUG FXGLAssetLoaderServi - Loading from file system: jar:file:///C:/Users/admin/.m2/repository/com/github/almasb/fxgl/17.3/fxgl-17.3.jar!/fxglassets/textures/particles/smoke.png
22:17:48.643 [FXGL Background Thread 1 ] DEBUG FXGLAssetLoaderServi - Loading from file system: jar:file:///C:/Users/admin/.m2/repository/com/github/almasb/fxgl/17.3/fxgl-17.3.jar!/fxglassets/textures/particles/trace_horizontal.png
22:17:48.672 [FXGL Background Thread 1 ] DEBUG GameApplicationServi - Application scenes initialized
22:17:48.681 [FXGL Background Thread 1 ] DEBUG SystemBundleService  - Loading FXGL system data
22:17:48.683 [FXGL Background Thread 1 ] DEBUG FileSystemAccess     - Reading from: C:\Users\admin\OneDrive\Máy tính\btl\baitaplonOOP\system\fxgl.bundle
22:17:48.690 [FXGL Background Thread 1 ] DEBUG SystemBundleService  - Bundle FXGL: {}
22:17:48.690 [FXGL Background Thread 1 ] DEBUG UpdaterService       - Checking for updates
22:17:48.693 [FXGL Background Thread 4 ] DEBUG FXGLApplication      - Loading fonts
22:17:48.694 [FXGL Background Thread 4 ] DEBUG FXGLAssetLoaderServi - Loading from file system: jar:file:///C:/Users/admin/.m2/repository/com/github/almasb/fxgl/17.3/fxgl-17.3.jar!/fxglassets/ui/fonts/VarelaRound-Regular.ttf
22:17:48.694 [FXGL Background Thread 1 ] DEBUG FXGLApplication      - Loading default localization
22:17:48.694 [FXGL Background Thread 1 ] DEBUG FXGLAssetLoaderServi - Loading from file system: jar:file:///C:/Users/admin/.m2/repository/com/github/almasb/fxgl/17.3/fxgl-17.3.jar!/fxglassets/languages/english.lang
22:17:48.713 [FXGL Background Thread 1 ] INFO  FXGLApplication      - FXGL initialization took: 0.444 sec
22:17:48.715 [JavaFX Application Thread] DEBUG FXGLAssetLoaderServi - Loading from file system: jar:file:///C:/Users/admin/.m2/repository/com/github/almasb/fxgl/17.3/fxgl-17.3.jar!/fxglassets/textures/fxgl_icon.png
22:17:48.735 [JavaFX Application Thread] DEBUG FXGLAssetLoaderServi - Loading from file system: jar:file:///C:/Users/admin/.m2/repository/com/github/almasb/fxgl/17.3/fxgl-17.3.jar!/fxglassets/textures/fxgl_default_cursor.png
22:17:48.736 [FXGL Background Thread 4 ] DEBUG FXGLAssetLoaderServi - Loading from file system: jar:file:///C:/Users/admin/.m2/repository/com/github/almasb/fxgl/17.3/fxgl-17.3.jar!/fxglassets/ui/fonts/Abel-Regular.ttf
22:17:48.749 [JavaFX Application Thread] DEBUG Input                - Registered new binding: Screenshot - CTRL+8
22:17:48.749 [JavaFX Application Thread] DEBUG Input                - Registered new binding: System info dump - CTRL+9
22:17:48.749 [JavaFX Application Thread] DEBUG Input                - Registered new binding: Restart - CTRL+R
22:17:48.750 [JavaFX Application Thread] DEBUG Input                - Registered new binding: Toggle Debug Camera - CTRL+7
22:17:48.751 [FXGL Background Thread 4 ] DEBUG FXGLAssetLoaderServi - Loading from file system: jar:file:///C:/Users/admin/.m2/repository/com/github/almasb/fxgl/17.3/fxgl-17.3.jar!/fxglassets/ui/fonts/TerminalLandMono-Regular.otf
22:17:48.753 [JavaFX Application Thread] DEBUG LoopRunner           - Starting loop
22:17:48.753 [JavaFX Application Thread] DEBUG LoopRunner           - Initializing JavaFX AnimationTimerLoop
22:17:48.754 [JavaFX Application Thread] DEBUG GameApplicationServi - Starting new game
22:17:48.754 [JavaFX Application Thread] DEBUG Input                - Clearing active input actions
22:17:48.766 [JavaFX Application Thread] DEBUG GameApplicationServi - Removing overlay from FXGLStartupScene and adding to FXGLLoadingScene
22:17:48.767 [FXGL Background Thread 4 ] DEBUG FXGLAssetLoaderServi - Loading from file system: jar:file:///C:/Users/admin/.m2/repository/com/github/almasb/fxgl/17.3/fxgl-17.3.jar!/fxglassets/ui/fonts/Courier-Prime.ttf
22:17:48.767 [JavaFX Application Thread] DEBUG PrimaryStageWindow   - FXGLStartupScene -> FXGLLoadingScene
22:17:48.767 [JavaFX Application Thread] DEBUG GameApplicationServi - Clearing previous game
22:17:48.767 [JavaFX Application Thread] DEBUG GameScene            - Clearing game scene
22:17:48.767 [JavaFX Application Thread] DEBUG GameWorld            - Clearing game world
22:17:48.767 [JavaFX Application Thread] DEBUG PhysicsWorld         - Clearing physics world
22:17:48.769 [FXGL Background Thread 1 ] DEBUG FXGLApplication      - Initializing game
22:17:48.812 [JavaFX Application Thread] DEBUG FXGLApplication      - Registering font factories with UI factory
22:17:49.028 [FXGL Background Thread 1 ] DEBUG Input                - Clearing active input actions
22:17:49.028 [FXGL Background Thread 1 ] DEBUG Input                - Registered new binding: Move Up - W
22:17:49.028 [FXGL Background Thread 1 ] DEBUG Input                - Registered new binding: Move Down - S
22:17:49.028 [FXGL Background Thread 1 ] DEBUG Input                - Registered new binding: Move Left - A
22:17:49.028 [FXGL Background Thread 1 ] DEBUG Input                - Registered new binding: Move Right - D
22:17:49.029 [FXGL Background Thread 1 ] DEBUG Input                - Registered new binding: Đặt bom - Space
22:17:49.065 [FXGL Background Thread 1 ] INFO  FXGLApplication      - Game initialization took: 0.296 sec
22:17:49.066 [JavaFX Application Thread] DEBUG Input                - Clearing active input actions
22:17:49.081 [JavaFX Application Thread] DEBUG GameApplicationServi - Removing overlay from FXGLLoadingScene and adding to GameScene
22:17:49.081 [JavaFX Application Thread] DEBUG PrimaryStageWindow   - FXGLLoadingScene -> GameScene
22:17:49.694 [JavaFX Application Thread] DEBUG FXGLApplication      - Exiting FXGL
22:17:49.694 [JavaFX Application Thread] DEBUG LoopRunner           - Stopping loop
22:17:49.694 [JavaFX Application Thread] DEBUG SystemBundleService  - Saving FXGL system data
22:17:49.696 [JavaFX Application Thread] DEBUG FileSystemAccess     - Writing to: C:\Users\admin\OneDrive\Máy tính\btl\baitaplonOOP\system\fxgl.bundle
22:17:49.700 [JavaFX Application Thread] DEBUG Async                - Shutting down background threads
22:17:49.700 [JavaFX Application Thread] DEBUG PrimaryStageWindow   - Closing main window
22:17:49.711 [JavaFX Application Thread] DEBUG Logger               - Closing Logger
