10:58:07.844 [main                     ] DEBUG Logger               - Configured Logger
10:58:07.873 [main                     ] DEBUG GameApplication      - Logging settings
Title: Bomberman Game
Version: 1.0
Width: 480
Height: 480
Fullscreen: false
Intro: false
Profiling: false
Single step:false
App Mode: DEVELOPER
Menu Key: ESCAPE
Stage Style: DECORATED
Scene Factory: class com.almasb.fxgl.app.scene.SceneFactory

10:58:08.209 [JavaFX Application Thread] DEBUG FXGLApplication      - Initializing FXGL
10:58:08.213 [JavaFX Application Thread] INFO  Engine               - FXGL-17.3 (30.03.2023 11.49) on WINDOWS (J:23.0.2 FX:17.0.6)
10:58:08.213 [JavaFX Application Thread] DEBUG Engine               - JRE Vendor Name: Oracle Corporation
10:58:08.213 [JavaFX Application Thread] DEBUG Engine               - Running on OS: Windows 11 version 10.0
10:58:08.213 [JavaFX Application Thread] DEBUG Engine               - Architecture: amd64
10:58:08.213 [JavaFX Application Thread] INFO  Engine               - Source code and latest versions at: https://github.com/AlmasB/FXGL
10:58:08.214 [JavaFX Application Thread] INFO  Engine               -       Ask questions and discuss at: https://github.com/AlmasB/FXGL/discussions
10:58:08.214 [JavaFX Application Thread] INFO  Engine               -              Join the FXGL chat at: https://gitter.im/AlmasB/FXGL
10:58:08.304 [JavaFX Application Thread] DEBUG PrimaryStageWindow   - Creating a JavaFX scene
10:58:08.368 [JavaFX Application Thread] DEBUG PrimaryStageWindow   - Target settings size: 480.0 x 480.0
10:58:08.368 [JavaFX Application Thread] DEBUG PrimaryStageWindow   - Scaled scene size:    480.0 x 480.0
10:58:08.369 [JavaFX Application Thread] DEBUG PrimaryStageWindow   - Scaled ratio: (1.0, 1.0)
10:58:08.369 [JavaFX Application Thread] DEBUG PrimaryStageWindow   - Set initial scene to FXGLStartupScene
10:58:08.377 [JavaFX Application Thread] DEBUG PrimaryStageWindow   - Opening main window
10:58:08.460 [JavaFX Application Thread] DEBUG PrimaryStageWindow   - Window border size: (14.666656494140625, 37.33331298828125)
10:58:08.462 [JavaFX Application Thread] DEBUG PrimaryStageWindow   - Scaled size: 480.0 x 480.0
10:58:08.462 [JavaFX Application Thread] DEBUG PrimaryStageWindow   - Scaled ratio: (1.0, 1.0)
10:58:08.462 [JavaFX Application Thread] DEBUG PrimaryStageWindow   - Scene size: 480.0 x 480.0
10:58:08.462 [JavaFX Application Thread] DEBUG PrimaryStageWindow   - Stage size: 494.6666564941406 x 517.3333129882812
10:58:08.470 [FXGL Background Thread 1 ] DEBUG Engine               - Initializing environment variables
10:58:08.561 [FXGL Background Thread 1 ] DEBUG FXGLAssetLoaderServi - User app class for loading assets: class org.example.demo.HelloApplication
10:58:08.563 [FXGL Background Thread 1 ] DEBUG GameApplicationServi - Applying CSS: fxgl_dark.css
10:58:08.563 [FXGL Background Thread 1 ] DEBUG FXGLAssetLoaderServi - Loading from file system: jar:file:///C:/Users/admin/.m2/repository/com/github/almasb/fxgl/17.3/fxgl-17.3.jar!/fxglassets/ui/css/fxgl_dark.css
10:58:08.612 [FXGL Background Thread 1 ] DEBUG GameApplicationServi - Initializing application scenes
10:58:08.656 [FXGL Background Thread 1 ] DEBUG GameWorld            - Game world initialized
10:58:08.745 [FXGL Background Thread 1 ] DEBUG PhysicsWorld         - Physics world initialized: appHeight=480, physics.ppm=50.0
10:58:08.745 [FXGL Background Thread 1 ] DEBUG PhysicsWorld         - Using strategy: BRUTE_FORCE
10:58:08.750 [FXGL Background Thread 1 ] DEBUG GameScene            - Game scene initialized: 480x480
10:58:08.765 [FXGL Background Thread 1 ] WARN  FXGL.DefaultMenu     - FXGLDefaultMenu is not designed for resolutions < 800x600
10:58:08.766 [FXGL Background Thread 1 ] DEBUG FXGL.DefaultMenu     - createMenuBodyGameMenu()
10:58:08.783 [FXGL Background Thread 1 ] DEBUG FXGL.DefaultMenu     - createOptionsMenu()
10:58:08.792 [FXGL Background Thread 1 ] DEBUG FXGLAssetLoaderServi - Loading from file system: jar:file:///C:/Users/admin/.m2/repository/com/github/almasb/fxgl/17.3/fxgl-17.3.jar!/fxglassets/textures/particles/smoke.png
10:58:08.888 [FXGL Background Thread 1 ] DEBUG FXGLAssetLoaderServi - Loading from file system: jar:file:///C:/Users/admin/.m2/repository/com/github/almasb/fxgl/17.3/fxgl-17.3.jar!/fxglassets/textures/particles/trace_horizontal.png
10:58:08.923 [FXGL Background Thread 1 ] DEBUG GameApplicationServi - Application scenes initialized
10:58:08.933 [FXGL Background Thread 1 ] DEBUG SystemBundleService  - Loading FXGL system data
10:58:08.938 [FXGL Background Thread 1 ] DEBUG FileSystemAccess     - Reading from: C:\Users\admin\OneDrive\Máy tính\btl\New folder\baitaplonOOP\system\fxgl.bundle
10:58:08.943 [FXGL Background Thread 1 ] DEBUG SystemBundleService  - Bundle FXGL: {}
10:58:08.943 [FXGL Background Thread 1 ] DEBUG UpdaterService       - Checking for updates
10:58:08.949 [FXGL Background Thread 4 ] DEBUG FXGLApplication      - Loading fonts
10:58:08.949 [FXGL Background Thread 4 ] DEBUG FXGLAssetLoaderServi - Loading from file system: jar:file:///C:/Users/admin/.m2/repository/com/github/almasb/fxgl/17.3/fxgl-17.3.jar!/fxglassets/ui/fonts/VarelaRound-Regular.ttf
10:58:08.950 [FXGL Background Thread 1 ] DEBUG FXGLApplication      - Loading default localization
10:58:08.950 [FXGL Background Thread 1 ] DEBUG FXGLAssetLoaderServi - Loading from file system: jar:file:///C:/Users/admin/.m2/repository/com/github/almasb/fxgl/17.3/fxgl-17.3.jar!/fxglassets/languages/english.lang
10:58:08.974 [FXGL Background Thread 1 ] INFO  FXGLApplication      - FXGL initialization took: 0.504 sec
10:58:08.979 [JavaFX Application Thread] DEBUG Input                - Clearing active input actions
10:58:08.992 [JavaFX Application Thread] DEBUG Input                - Registered new binding: Move Up - W
10:58:08.992 [JavaFX Application Thread] DEBUG Input                - Registered new binding: Move Down - S
10:58:08.992 [JavaFX Application Thread] DEBUG Input                - Registered new binding: Move Left - A
10:58:08.992 [JavaFX Application Thread] DEBUG Input                - Registered new binding: Move Right - D
10:58:08.992 [JavaFX Application Thread] DEBUG Input                - Registered new binding: Đặt bom - Space
10:58:08.993 [JavaFX Application Thread] DEBUG FXGLAssetLoaderServi - Loading from file system: jar:file:///C:/Users/admin/.m2/repository/com/github/almasb/fxgl/17.3/fxgl-17.3.jar!/fxglassets/textures/fxgl_icon.png
10:58:09.006 [FXGL Background Thread 4 ] DEBUG FXGLAssetLoaderServi - Loading from file system: jar:file:///C:/Users/admin/.m2/repository/com/github/almasb/fxgl/17.3/fxgl-17.3.jar!/fxglassets/ui/fonts/Abel-Regular.ttf
10:58:09.017 [JavaFX Application Thread] DEBUG FXGLAssetLoaderServi - Loading from file system: jar:file:///C:/Users/admin/.m2/repository/com/github/almasb/fxgl/17.3/fxgl-17.3.jar!/fxglassets/textures/fxgl_default_cursor.png
10:58:09.020 [JavaFX Application Thread] DEBUG Input                - Registered new binding: Screenshot - CTRL+8
10:58:09.021 [JavaFX Application Thread] DEBUG Input                - Registered new binding: System info dump - CTRL+9
10:58:09.021 [JavaFX Application Thread] DEBUG Input                - Registered new binding: Restart - CTRL+R
10:58:09.021 [JavaFX Application Thread] DEBUG Input                - Registered new binding: Toggle Debug Camera - CTRL+7
10:58:09.022 [FXGL Background Thread 4 ] DEBUG FXGLAssetLoaderServi - Loading from file system: jar:file:///C:/Users/admin/.m2/repository/com/github/almasb/fxgl/17.3/fxgl-17.3.jar!/fxglassets/ui/fonts/TerminalLandMono-Regular.otf
10:58:09.024 [JavaFX Application Thread] DEBUG LoopRunner           - Starting loop
10:58:09.024 [JavaFX Application Thread] DEBUG LoopRunner           - Initializing JavaFX AnimationTimerLoop
10:58:09.025 [JavaFX Application Thread] DEBUG GameApplicationServi - Starting new game
10:58:09.026 [JavaFX Application Thread] DEBUG Input                - Clearing active input actions
10:58:09.038 [JavaFX Application Thread] DEBUG GameApplicationServi - Removing overlay from FXGLStartupScene and adding to FXGLLoadingScene
10:58:09.039 [JavaFX Application Thread] DEBUG PrimaryStageWindow   - FXGLStartupScene -> FXGLLoadingScene
10:58:09.039 [JavaFX Application Thread] DEBUG GameApplicationServi - Clearing previous game
10:58:09.039 [JavaFX Application Thread] DEBUG GameScene            - Clearing game scene
10:58:09.039 [JavaFX Application Thread] DEBUG GameWorld            - Clearing game world
10:58:09.039 [JavaFX Application Thread] DEBUG PhysicsWorld         - Clearing physics world
10:58:09.040 [FXGL Background Thread 4 ] DEBUG FXGLAssetLoaderServi - Loading from file system: jar:file:///C:/Users/admin/.m2/repository/com/github/almasb/fxgl/17.3/fxgl-17.3.jar!/fxglassets/ui/fonts/Courier-Prime.ttf
10:58:09.041 [FXGL Background Thread 1 ] DEBUG FXGLApplication      - Initializing game
10:58:09.099 [JavaFX Application Thread] DEBUG FXGLApplication      - Registering font factories with UI factory
10:58:09.403 [FXGL Background Thread 1 ] INFO  FXGLApplication      - Game initialization took: 0.362 sec
10:58:09.403 [JavaFX Application Thread] DEBUG Input                - Clearing active input actions
10:58:09.423 [JavaFX Application Thread] DEBUG GameApplicationServi - Removing overlay from FXGLLoadingScene and adding to GameScene
10:58:09.423 [JavaFX Application Thread] DEBUG PrimaryStageWindow   - FXGLLoadingScene -> GameScene
10:58:09.786 [FXGL Background Thread 2 ] INFO  UpdaterService       - Your current version:  17.3
10:58:09.787 [FXGL Background Thread 2 ] INFO  UpdaterService       - Latest stable version: 21.1
10:58:11.949 [FXGL Background Thread 3 ] DEBUG Engine               - Logging environment variables
10:58:11.951 [FXGL Background Thread 3 ] DEBUG Engine               - achievements: []
10:58:11.951 [FXGL Background Thread 3 ] DEBUG Engine               - actualHeight: 480.0
10:58:11.951 [FXGL Background Thread 3 ] DEBUG Engine               - actualHeightProperty: ReadOnlyDoubleProperty [value: 480.0]
10:58:11.951 [FXGL Background Thread 3 ] DEBUG Engine               - actualWidth: 480.0
10:58:11.951 [FXGL Background Thread 3 ] DEBUG Engine               - actualWidthProperty: ReadOnlyDoubleProperty [value: 480.0]
10:58:11.952 [FXGL Background Thread 3 ] DEBUG Engine               - appIcon: fxgl_icon.png
10:58:11.952 [FXGL Background Thread 3 ] DEBUG Engine               - applicationMode: DEVELOPER
10:58:11.952 [FXGL Background Thread 3 ] DEBUG Engine               - cSSList: [fxgl_dark.css]
10:58:11.952 [FXGL Background Thread 3 ] DEBUG Engine               - collisionDetectionStrategy: BRUTE_FORCE
10:58:11.952 [FXGL Background Thread 3 ] DEBUG Engine               - configClass: Optional.empty
10:58:11.952 [FXGL Background Thread 3 ] DEBUG Engine               - credits: []
10:58:11.953 [FXGL Background Thread 3 ] DEBUG Engine               - defaultCursor: CursorInfo(imageName=fxgl_default_cursor.png, hotspotX=7.0, hotspotY=6.0)
10:58:11.953 [FXGL Background Thread 3 ] DEBUG Engine               - devBBoxColorProperty: ObjectProperty [value: 0xff0000ff]
10:58:11.953 [FXGL Background Thread 3 ] DEBUG Engine               - devEnableDebugCameraProperty: BooleanProperty [value: false]
10:58:11.953 [FXGL Background Thread 3 ] DEBUG Engine               - devSensorColorProperty: ObjectProperty [value: 0xffff00ff]
10:58:11.953 [FXGL Background Thread 3 ] DEBUG Engine               - devShowBBoxProperty: BooleanProperty [value: false]
10:58:11.954 [FXGL Background Thread 3 ] DEBUG Engine               - devShowPositionProperty: BooleanProperty [value: false]
10:58:11.954 [FXGL Background Thread 3 ] DEBUG Engine               - enabledMenuItems: []
10:58:11.954 [FXGL Background Thread 3 ] DEBUG Engine               - engineServices: [class com.almasb.fxgl.app.services.FXGLAssetLoaderService, class com.almasb.fxgl.app.FXGLApplication$GameApplicationService, class com.almasb.fxgl.app.services.FXGLDialogService, class com.almasb.fxgl.app.services.IOTaskExecutorService, class com.almasb.fxgl.io.FileSystemService, class com.almasb.fxgl.localization.LocalizationService, class com.almasb.fxgl.app.services.SystemBundleService, class com.almasb.fxgl.profile.SaveLoadService, class com.almasb.fxgl.ui.FXGLUIFactoryServiceProvider, class com.almasb.fxgl.ui.FXGLDialogFactoryServiceProvider, class com.almasb.fxgl.audio.AudioPlayer, class com.almasb.fxgl.notification.impl.NotificationServiceProvider, class com.almasb.fxgl.achievement.AchievementService, class com.almasb.fxgl.cutscene.CutsceneService, class com.almasb.fxgl.minigames.MiniGameService, class com.almasb.fxgl.net.NetService, class com.almasb.fxgl.app.services.UpdaterService, class com.almasb.fxgl.dev.DevService]
10:58:11.954 [FXGL Background Thread 3 ] DEBUG Engine               - fontGame: Abel-Regular.ttf
10:58:11.954 [FXGL Background Thread 3 ] DEBUG Engine               - fontMono: TerminalLandMono-Regular.otf
10:58:11.954 [FXGL Background Thread 3 ] DEBUG Engine               - fontSizeScaleUI: 1.0
10:58:11.954 [FXGL Background Thread 3 ] DEBUG Engine               - fontText: Courier-Prime.ttf
10:58:11.954 [FXGL Background Thread 3 ] DEBUG Engine               - fontUI: VarelaRound-Regular.ttf
10:58:11.954 [FXGL Background Thread 3 ] DEBUG Engine               - fullScreen: BooleanProperty [value: false]
10:58:11.955 [FXGL Background Thread 3 ] DEBUG Engine               - gameDifficulty: MEDIUM
10:58:11.955 [FXGL Background Thread 3 ] DEBUG Engine               - gameDifficultyProperty: ObjectProperty [value: MEDIUM]
10:58:11.955 [FXGL Background Thread 3 ] DEBUG Engine               - globalMusicVolume: 0.5
10:58:11.955 [FXGL Background Thread 3 ] DEBUG Engine               - globalMusicVolumeProperty: DoubleProperty [value: 0.5]
10:58:11.955 [FXGL Background Thread 3 ] DEBUG Engine               - globalSoundVolume: 0.5
10:58:11.955 [FXGL Background Thread 3 ] DEBUG Engine               - globalSoundVolumeProperty: DoubleProperty [value: 0.5]
10:58:11.955 [FXGL Background Thread 3 ] DEBUG Engine               - height: 480
10:58:11.955 [FXGL Background Thread 3 ] DEBUG Engine               - is3D: false
10:58:11.955 [FXGL Background Thread 3 ] DEBUG Engine               - isAndroid: false
10:58:11.955 [FXGL Background Thread 3 ] DEBUG Engine               - isBrowser: false
10:58:11.955 [FXGL Background Thread 3 ] DEBUG Engine               - isClickFeedbackEnabled: false
10:58:11.956 [FXGL Background Thread 3 ] DEBUG Engine               - isCloseConfirmation: false
10:58:11.956 [FXGL Background Thread 3 ] DEBUG Engine               - isDesktop: true
10:58:11.956 [FXGL Background Thread 3 ] DEBUG Engine               - isDeveloperMenuEnabled: false
10:58:11.956 [FXGL Background Thread 3 ] DEBUG Engine               - isEmbedded: false
10:58:11.956 [FXGL Background Thread 3 ] DEBUG Engine               - isEntityPreloadEnabled: true
10:58:11.956 [FXGL Background Thread 3 ] DEBUG Engine               - isExperimentalTiledLargeMap: false
10:58:11.956 [FXGL Background Thread 3 ] DEBUG Engine               - isFileSystemWriteAllowed: true
10:58:11.956 [FXGL Background Thread 3 ] DEBUG Engine               - isFullScreenAllowed: false
10:58:11.956 [FXGL Background Thread 3 ] DEBUG Engine               - isFullScreenFromStart: false
10:58:11.956 [FXGL Background Thread 3 ] DEBUG Engine               - isGameMenuEnabled: true
10:58:11.956 [FXGL Background Thread 3 ] DEBUG Engine               - isIOS: false
10:58:11.957 [FXGL Background Thread 3 ] DEBUG Engine               - isIntroEnabled: false
10:58:11.957 [FXGL Background Thread 3 ] DEBUG Engine               - isLinux: false
10:58:11.957 [FXGL Background Thread 3 ] DEBUG Engine               - isMac: false
10:58:11.957 [FXGL Background Thread 3 ] DEBUG Engine               - isMainMenuEnabled: false
10:58:11.957 [FXGL Background Thread 3 ] DEBUG Engine               - isManualResizeEnabled: false
10:58:11.957 [FXGL Background Thread 3 ] DEBUG Engine               - isMobile: false
10:58:11.957 [FXGL Background Thread 3 ] DEBUG Engine               - isNative: false
10:58:11.957 [FXGL Background Thread 3 ] DEBUG Engine               - isPauseMusicWhenMinimized: true
10:58:11.957 [FXGL Background Thread 3 ] DEBUG Engine               - isPreserveResizeRatio: false
10:58:11.957 [FXGL Background Thread 3 ] DEBUG Engine               - isProfilingEnabled: false
10:58:11.957 [FXGL Background Thread 3 ] DEBUG Engine               - isScaleAffectedOnResize: true
10:58:11.957 [FXGL Background Thread 3 ] DEBUG Engine               - isSingleStep: false
10:58:11.957 [FXGL Background Thread 3 ] DEBUG Engine               - isUserProfileEnabled: false
10:58:11.958 [FXGL Background Thread 3 ] DEBUG Engine               - isWindows: true
10:58:11.958 [FXGL Background Thread 3 ] DEBUG Engine               - language: ObjectProperty [value: ENGLISH]
10:58:11.958 [FXGL Background Thread 3 ] DEBUG Engine               - menuKey: ESCAPE
10:58:11.958 [FXGL Background Thread 3 ] DEBUG Engine               - mouseSensitivity: 0.2
10:58:11.958 [FXGL Background Thread 3 ] DEBUG Engine               - notificationViewClass: class com.almasb.fxgl.notification.view.XboxNotificationView
10:58:11.958 [FXGL Background Thread 3 ] DEBUG Engine               - pixelsPerMeter: 50.0
10:58:11.958 [FXGL Background Thread 3 ] DEBUG Engine               - platform: WINDOWS
10:58:11.958 [FXGL Background Thread 3 ] DEBUG Engine               - prefHeightProperty: ReadOnlyDoubleProperty [value: 480.0]
10:58:11.958 [FXGL Background Thread 3 ] DEBUG Engine               - prefWidthProperty: ReadOnlyDoubleProperty [value: 480.0]
10:58:11.958 [FXGL Background Thread 3 ] DEBUG Engine               - profileDir: profiles/
10:58:11.958 [FXGL Background Thread 3 ] DEBUG Engine               - profileName: StringProperty [value: DEFAULT]
10:58:11.958 [FXGL Background Thread 3 ] DEBUG Engine               - randomSeed: -1
10:58:11.958 [FXGL Background Thread 3 ] DEBUG Engine               - runtimeInfo: RuntimeInfo(platform=WINDOWS, version=17.3, build=30.03.2023 11.49)
10:58:11.958 [FXGL Background Thread 3 ] DEBUG Engine               - saveFileExt: sav
10:58:11.958 [FXGL Background Thread 3 ] DEBUG Engine               - scaledHeightProp$fxgl: DoubleProperty [bound, value: 480.0]
10:58:11.958 [FXGL Background Thread 3 ] DEBUG Engine               - scaledWidthProp$fxgl: DoubleProperty [bound, value: 480.0]
10:58:11.958 [FXGL Background Thread 3 ] DEBUG Engine               - sceneFactory: com.almasb.fxgl.app.scene.SceneFactory@47231fc1
10:58:11.958 [FXGL Background Thread 3 ] DEBUG Engine               - secondsIn24h: 60
10:58:11.958 [FXGL Background Thread 3 ] DEBUG Engine               - soundMenuBack: menu/back.wav
10:58:11.958 [FXGL Background Thread 3 ] DEBUG Engine               - soundMenuPress: menu/press.wav
10:58:11.959 [FXGL Background Thread 3 ] DEBUG Engine               - soundMenuSelect: menu/select.wav
10:58:11.959 [FXGL Background Thread 3 ] DEBUG Engine               - soundNotification: core/notification.wav
10:58:11.959 [FXGL Background Thread 3 ] DEBUG Engine               - stageStyle: DECORATED
10:58:11.959 [FXGL Background Thread 3 ] DEBUG Engine               - supportedLanguages: [ENGLISH, FRENCH, GERMAN, HUNGARIAN, RUSSIAN]
10:58:11.959 [FXGL Background Thread 3 ] DEBUG Engine               - ticksPerSecond: -1
10:58:11.959 [FXGL Background Thread 3 ] DEBUG Engine               - title: Bomberman Game
10:58:11.959 [FXGL Background Thread 3 ] DEBUG Engine               - urlGithub: https://github.com/AlmasB/FXGL
10:58:11.959 [FXGL Background Thread 3 ] DEBUG Engine               - urlLeaderboard: http://fxgl-top.herokuapp.com/
10:58:11.959 [FXGL Background Thread 3 ] DEBUG Engine               - urlPOM: https://raw.githubusercontent.com/AlmasB/FXGL/release/README.md
10:58:11.960 [FXGL Background Thread 3 ] DEBUG Engine               - userAppClass: class org.example.demo.HelloApplication
10:58:11.960 [FXGL Background Thread 3 ] DEBUG Engine               - version: 1.0
10:58:11.960 [FXGL Background Thread 3 ] DEBUG Engine               - versionCheckDays: 7
10:58:11.960 [FXGL Background Thread 3 ] DEBUG Engine               - width: 480
10:58:11.960 [FXGL Background Thread 3 ] DEBUG Engine               - Logging services
10:58:11.960 [FXGL Background Thread 3 ] DEBUG Engine               - class com.almasb.fxgl.app.services.FXGLAssetLoaderService
10:58:11.960 [FXGL Background Thread 3 ] DEBUG Engine               - class com.almasb.fxgl.app.FXGLApplication$GameApplicationService
10:58:11.960 [FXGL Background Thread 3 ] DEBUG Engine               - class com.almasb.fxgl.app.services.FXGLDialogService
10:58:11.960 [FXGL Background Thread 3 ] DEBUG Engine               - class com.almasb.fxgl.app.services.IOTaskExecutorService
10:58:11.960 [FXGL Background Thread 3 ] DEBUG Engine               - class com.almasb.fxgl.io.FileSystemService
10:58:11.960 [FXGL Background Thread 3 ] DEBUG Engine               - class com.almasb.fxgl.localization.LocalizationService
10:58:11.960 [FXGL Background Thread 3 ] DEBUG Engine               - class com.almasb.fxgl.app.services.SystemBundleService
10:58:11.960 [FXGL Background Thread 3 ] DEBUG Engine               - class com.almasb.fxgl.profile.SaveLoadService
10:58:11.960 [FXGL Background Thread 3 ] DEBUG Engine               - class com.almasb.fxgl.ui.FXGLUIFactoryServiceProvider
10:58:11.960 [FXGL Background Thread 3 ] DEBUG Engine               - class com.almasb.fxgl.ui.FXGLDialogFactoryServiceProvider
10:58:11.960 [FXGL Background Thread 3 ] DEBUG Engine               - class com.almasb.fxgl.audio.AudioPlayer
10:58:11.960 [FXGL Background Thread 3 ] DEBUG Engine               - class com.almasb.fxgl.notification.impl.NotificationServiceProvider
10:58:11.962 [FXGL Background Thread 3 ] DEBUG Engine               - class com.almasb.fxgl.achievement.AchievementService
10:58:11.962 [FXGL Background Thread 3 ] DEBUG Engine               - class com.almasb.fxgl.cutscene.CutsceneService
10:58:11.962 [FXGL Background Thread 3 ] DEBUG Engine               - class com.almasb.fxgl.minigames.MiniGameService
10:58:11.962 [FXGL Background Thread 3 ] DEBUG Engine               - class com.almasb.fxgl.net.NetService
10:58:11.962 [FXGL Background Thread 3 ] DEBUG Engine               - class com.almasb.fxgl.app.services.UpdaterService
10:58:11.962 [FXGL Background Thread 3 ] DEBUG Engine               - class com.almasb.fxgl.dev.DevService
10:58:15.150 [JavaFX Application Thread] DEBUG PrimaryStageWindow   - Push state: DialogSubScene
10:58:15.150 [JavaFX Application Thread] DEBUG Input                - Clearing active input actions
10:58:15.154 [JavaFX Application Thread] DEBUG GameApplicationServi - Removing overlay from GameScene and adding to DialogSubScene
10:58:15.155 [JavaFX Application Thread] DEBUG PrimaryStageWindow   - GameScene -> DialogSubScene
10:58:17.714 [JavaFX Application Thread] DEBUG PrimaryStageWindow   - Pop state: DialogSubScene
10:58:17.714 [JavaFX Application Thread] DEBUG Input                - Clearing active input actions
10:58:17.715 [JavaFX Application Thread] DEBUG GameApplicationServi - Removing overlay from DialogSubScene and adding to GameScene
10:58:17.715 [JavaFX Application Thread] DEBUG PrimaryStageWindow   - GameScene <- DialogSubScene
10:58:27.832 [JavaFX Application Thread] DEBUG PrimaryStageWindow   - Push state: DialogSubScene
10:58:27.833 [JavaFX Application Thread] DEBUG Input                - Clearing active input actions
10:58:27.834 [JavaFX Application Thread] DEBUG GameApplicationServi - Removing overlay from GameScene and adding to DialogSubScene
10:58:27.834 [JavaFX Application Thread] DEBUG PrimaryStageWindow   - GameScene -> DialogSubScene
10:58:29.511 [JavaFX Application Thread] DEBUG PrimaryStageWindow   - Pop state: DialogSubScene
10:58:29.511 [JavaFX Application Thread] DEBUG Input                - Clearing active input actions
10:58:29.512 [JavaFX Application Thread] DEBUG GameApplicationServi - Removing overlay from DialogSubScene and adding to GameScene
10:58:29.512 [JavaFX Application Thread] DEBUG PrimaryStageWindow   - GameScene <- DialogSubScene
10:58:36.808 [JavaFX Application Thread] DEBUG PrimaryStageWindow   - Push state: DialogSubScene
10:58:36.808 [JavaFX Application Thread] DEBUG Input                - Clearing active input actions
10:58:36.809 [JavaFX Application Thread] DEBUG GameApplicationServi - Removing overlay from GameScene and adding to DialogSubScene
10:58:36.810 [JavaFX Application Thread] DEBUG PrimaryStageWindow   - GameScene -> DialogSubScene
10:58:38.391 [JavaFX Application Thread] DEBUG PrimaryStageWindow   - Pop state: DialogSubScene
10:58:38.391 [JavaFX Application Thread] DEBUG Input                - Clearing active input actions
10:58:38.392 [JavaFX Application Thread] DEBUG GameApplicationServi - Removing overlay from DialogSubScene and adding to GameScene
10:58:38.393 [JavaFX Application Thread] DEBUG PrimaryStageWindow   - GameScene <- DialogSubScene
10:58:41.006 [JavaFX Application Thread] DEBUG PrimaryStageWindow   - Push state: DialogSubScene
10:58:41.007 [JavaFX Application Thread] DEBUG Input                - Clearing active input actions
10:58:41.008 [JavaFX Application Thread] DEBUG GameApplicationServi - Removing overlay from GameScene and adding to DialogSubScene
10:58:41.008 [JavaFX Application Thread] DEBUG PrimaryStageWindow   - GameScene -> DialogSubScene
10:58:42.913 [JavaFX Application Thread] DEBUG GameApplicationServi - Starting new game
10:58:42.913 [JavaFX Application Thread] DEBUG PrimaryStageWindow   - Pop state: DialogSubScene
10:58:42.913 [JavaFX Application Thread] DEBUG Input                - Clearing active input actions
10:58:42.915 [JavaFX Application Thread] DEBUG GameApplicationServi - Removing overlay from DialogSubScene and adding to GameScene
10:58:42.915 [JavaFX Application Thread] DEBUG PrimaryStageWindow   - GameScene <- DialogSubScene
10:58:42.915 [JavaFX Application Thread] DEBUG Input                - Clearing active input actions
10:58:42.929 [JavaFX Application Thread] DEBUG GameApplicationServi - Removing overlay from GameScene and adding to FXGLLoadingScene
10:58:42.929 [JavaFX Application Thread] DEBUG PrimaryStageWindow   - GameScene -> FXGLLoadingScene
10:58:42.929 [JavaFX Application Thread] DEBUG GameApplicationServi - Clearing previous game
10:58:42.929 [JavaFX Application Thread] DEBUG GameScene            - Clearing game scene
10:58:42.929 [JavaFX Application Thread] DEBUG GameWorld            - Clearing game world
10:58:42.939 [JavaFX Application Thread] DEBUG PhysicsWorld         - Clearing physics world
10:58:42.940 [FXGL Background Thread 2 ] DEBUG FXGLApplication      - Initializing game
10:58:43.065 [FXGL Background Thread 2 ] INFO  FXGLApplication      - Game initialization took: 0.125 sec
10:58:43.066 [JavaFX Application Thread] DEBUG Input                - Clearing active input actions
10:58:43.071 [JavaFX Application Thread] DEBUG GameApplicationServi - Removing overlay from FXGLLoadingScene and adding to GameScene
10:58:43.071 [JavaFX Application Thread] DEBUG PrimaryStageWindow   - FXGLLoadingScene -> GameScene
10:58:53.335 [JavaFX Application Thread] DEBUG PrimaryStageWindow   - Push state: DialogSubScene
10:58:53.335 [JavaFX Application Thread] DEBUG Input                - Clearing active input actions
10:58:53.336 [JavaFX Application Thread] DEBUG GameApplicationServi - Removing overlay from GameScene and adding to DialogSubScene
10:58:53.336 [JavaFX Application Thread] DEBUG PrimaryStageWindow   - GameScene -> DialogSubScene
10:58:55.195 [JavaFX Application Thread] DEBUG PrimaryStageWindow   - Pop state: DialogSubScene
10:58:55.195 [JavaFX Application Thread] DEBUG Input                - Clearing active input actions
10:58:55.196 [JavaFX Application Thread] DEBUG GameApplicationServi - Removing overlay from DialogSubScene and adding to GameScene
10:58:55.196 [JavaFX Application Thread] DEBUG PrimaryStageWindow   - GameScene <- DialogSubScene
10:59:02.003 [JavaFX Application Thread] DEBUG FXGLApplication      - Exiting FXGL
10:59:02.003 [JavaFX Application Thread] DEBUG LoopRunner           - Stopping loop
10:59:02.003 [JavaFX Application Thread] DEBUG SystemBundleService  - Saving FXGL system data
10:59:02.008 [JavaFX Application Thread] DEBUG FileSystemAccess     - Writing to: C:\Users\admin\OneDrive\Máy tính\btl\New folder\baitaplonOOP\system\fxgl.bundle
10:59:02.013 [JavaFX Application Thread] DEBUG Async                - Shutting down background threads
10:59:02.013 [JavaFX Application Thread] DEBUG PrimaryStageWindow   - Closing main window
10:59:02.037 [JavaFX Application Thread] DEBUG Logger               - Closing Logger
