16:40:49.387 [main                     ] DEBUG Logger               - Configured Logger
16:40:49.410 [main                     ] DEBUG GameApplication      - Logging settings
Title: Bomberman Game
Version: 1.0
Width: 480
Height: 480
Fullscreen: false
Intro: false
Profiling: false
Single step:false
App Mode: DEVELOPER
Menu Key: ESCAPE
Stage Style: DECORATED
Scene Factory: class com.almasb.fxgl.app.scene.SceneFactory

16:40:49.716 [JavaFX Application Thread] DEBUG FXGLApplication      - Initializing FXGL
16:40:49.720 [JavaFX Application Thread] INFO  Engine               - FXGL-17.3 (30.03.2023 11.49) on WINDOWS (J:23.0.2 FX:17.0.6)
16:40:49.720 [JavaFX Application Thread] DEBUG Engine               - JRE Vendor Name: Oracle Corporation
16:40:49.720 [JavaFX Application Thread] DEBUG Engine               - Running on OS: Windows 11 version 10.0
16:40:49.720 [JavaFX Application Thread] DEBUG Engine               - Architecture: amd64
16:40:49.720 [JavaFX Application Thread] INFO  Engine               - Source code and latest versions at: https://github.com/AlmasB/FXGL
16:40:49.720 [JavaFX Application Thread] INFO  Engine               -       Ask questions and discuss at: https://github.com/AlmasB/FXGL/discussions
16:40:49.720 [JavaFX Application Thread] INFO  Engine               -              Join the FXGL chat at: https://gitter.im/AlmasB/FXGL
16:40:49.802 [JavaFX Application Thread] DEBUG PrimaryStageWindow   - Creating a JavaFX scene
16:40:49.850 [JavaFX Application Thread] DEBUG PrimaryStageWindow   - Target settings size: 480.0 x 480.0
16:40:49.850 [JavaFX Application Thread] DEBUG PrimaryStageWindow   - Scaled scene size:    480.0 x 480.0
16:40:49.850 [JavaFX Application Thread] DEBUG PrimaryStageWindow   - Scaled ratio: (1.0, 1.0)
16:40:49.852 [JavaFX Application Thread] DEBUG PrimaryStageWindow   - Set initial scene to FXGLStartupScene
16:40:49.858 [JavaFX Application Thread] DEBUG PrimaryStageWindow   - Opening main window
16:40:49.928 [JavaFX Application Thread] DEBUG PrimaryStageWindow   - Window border size: (14.666656494140625, 37.33331298828125)
16:40:49.930 [JavaFX Application Thread] DEBUG PrimaryStageWindow   - Scaled size: 480.0 x 480.0
16:40:49.930 [JavaFX Application Thread] DEBUG PrimaryStageWindow   - Scaled ratio: (1.0, 1.0)
16:40:49.930 [JavaFX Application Thread] DEBUG PrimaryStageWindow   - Scene size: 480.0 x 480.0
16:40:49.930 [JavaFX Application Thread] DEBUG PrimaryStageWindow   - Stage size: 494.6666564941406 x 517.3333129882812
16:40:49.938 [FXGL Background Thread 1 ] DEBUG Engine               - Initializing environment variables
16:40:50.019 [FXGL Background Thread 1 ] DEBUG FXGLAssetLoaderServi - User app class for loading assets: class org.example.demo.HelloApplication
16:40:50.020 [FXGL Background Thread 1 ] DEBUG GameApplicationServi - Applying CSS: fxgl_dark.css
16:40:50.020 [FXGL Background Thread 1 ] DEBUG FXGLAssetLoaderServi - Loading from file system: jar:file:///C:/Users/admin/.m2/repository/com/github/almasb/fxgl/17.3/fxgl-17.3.jar!/fxglassets/ui/css/fxgl_dark.css
16:40:50.065 [FXGL Background Thread 1 ] DEBUG GameApplicationServi - Initializing application scenes
16:40:50.106 [FXGL Background Thread 1 ] DEBUG GameWorld            - Game world initialized
16:40:50.180 [FXGL Background Thread 1 ] DEBUG PhysicsWorld         - Physics world initialized: appHeight=480, physics.ppm=50.0
16:40:50.180 [FXGL Background Thread 1 ] DEBUG PhysicsWorld         - Using strategy: BRUTE_FORCE
16:40:50.185 [FXGL Background Thread 1 ] DEBUG GameScene            - Game scene initialized: 480x480
16:40:50.197 [FXGL Background Thread 1 ] WARN  FXGL.DefaultMenu     - FXGLDefaultMenu is not designed for resolutions < 800x600
16:40:50.197 [FXGL Background Thread 1 ] DEBUG FXGL.DefaultMenu     - createMenuBodyGameMenu()
16:40:50.210 [FXGL Background Thread 1 ] DEBUG FXGL.DefaultMenu     - createOptionsMenu()
16:40:50.221 [FXGL Background Thread 1 ] DEBUG FXGLAssetLoaderServi - Loading from file system: jar:file:///C:/Users/admin/.m2/repository/com/github/almasb/fxgl/17.3/fxgl-17.3.jar!/fxglassets/textures/particles/smoke.png
16:40:50.315 [FXGL Background Thread 1 ] DEBUG FXGLAssetLoaderServi - Loading from file system: jar:file:///C:/Users/admin/.m2/repository/com/github/almasb/fxgl/17.3/fxgl-17.3.jar!/fxglassets/textures/particles/trace_horizontal.png
16:40:50.339 [FXGL Background Thread 1 ] DEBUG GameApplicationServi - Application scenes initialized
16:40:50.348 [FXGL Background Thread 1 ] DEBUG SystemBundleService  - Loading FXGL system data
16:40:50.353 [FXGL Background Thread 1 ] DEBUG FileSystemAccess     - Reading from: C:\Users\admin\OneDrive\Máy tính\btl\baitaplonOOP\system\fxgl.bundle
16:40:50.359 [FXGL Background Thread 1 ] DEBUG SystemBundleService  - Bundle FXGL: {}
16:40:50.359 [FXGL Background Thread 1 ] DEBUG UpdaterService       - Checking for updates
16:40:50.363 [FXGL Background Thread 4 ] DEBUG FXGLApplication      - Loading fonts
16:40:50.363 [FXGL Background Thread 4 ] DEBUG FXGLAssetLoaderServi - Loading from file system: jar:file:///C:/Users/admin/.m2/repository/com/github/almasb/fxgl/17.3/fxgl-17.3.jar!/fxglassets/ui/fonts/VarelaRound-Regular.ttf
16:40:50.363 [FXGL Background Thread 1 ] DEBUG FXGLApplication      - Loading default localization
16:40:50.364 [FXGL Background Thread 1 ] DEBUG FXGLAssetLoaderServi - Loading from file system: jar:file:///C:/Users/admin/.m2/repository/com/github/almasb/fxgl/17.3/fxgl-17.3.jar!/fxglassets/languages/english.lang
16:40:50.381 [FXGL Background Thread 1 ] INFO  FXGLApplication      - FXGL initialization took: 0.443 sec
16:40:50.383 [JavaFX Application Thread] DEBUG Input                - Clearing active input actions
16:40:50.395 [JavaFX Application Thread] DEBUG Input                - Registered new binding: Move Up - W
16:40:50.395 [JavaFX Application Thread] DEBUG Input                - Registered new binding: Move Down - S
16:40:50.395 [JavaFX Application Thread] DEBUG Input                - Registered new binding: Move Left - A
16:40:50.396 [JavaFX Application Thread] DEBUG Input                - Registered new binding: Move Right - D
16:40:50.396 [JavaFX Application Thread] DEBUG FXGLAssetLoaderServi - Loading from file system: jar:file:///C:/Users/admin/.m2/repository/com/github/almasb/fxgl/17.3/fxgl-17.3.jar!/fxglassets/textures/fxgl_icon.png
16:40:50.411 [FXGL Background Thread 4 ] DEBUG FXGLAssetLoaderServi - Loading from file system: jar:file:///C:/Users/admin/.m2/repository/com/github/almasb/fxgl/17.3/fxgl-17.3.jar!/fxglassets/ui/fonts/Abel-Regular.ttf
16:40:50.427 [FXGL Background Thread 4 ] DEBUG FXGLAssetLoaderServi - Loading from file system: jar:file:///C:/Users/admin/.m2/repository/com/github/almasb/fxgl/17.3/fxgl-17.3.jar!/fxglassets/ui/fonts/TerminalLandMono-Regular.otf
16:40:50.429 [JavaFX Application Thread] DEBUG FXGLAssetLoaderServi - Loading from file system: jar:file:///C:/Users/admin/.m2/repository/com/github/almasb/fxgl/17.3/fxgl-17.3.jar!/fxglassets/textures/fxgl_default_cursor.png
16:40:50.434 [JavaFX Application Thread] DEBUG Input                - Registered new binding: Screenshot - CTRL+8
16:40:50.435 [JavaFX Application Thread] DEBUG Input                - Registered new binding: System info dump - CTRL+9
16:40:50.436 [JavaFX Application Thread] DEBUG Input                - Registered new binding: Restart - CTRL+R
16:40:50.437 [JavaFX Application Thread] DEBUG Input                - Registered new binding: Toggle Debug Camera - CTRL+7
16:40:50.440 [JavaFX Application Thread] DEBUG LoopRunner           - Starting loop
16:40:50.440 [JavaFX Application Thread] DEBUG LoopRunner           - Initializing JavaFX AnimationTimerLoop
16:40:50.441 [JavaFX Application Thread] DEBUG GameApplicationServi - Starting new game
16:40:50.447 [JavaFX Application Thread] DEBUG Input                - Clearing active input actions
16:40:50.447 [FXGL Background Thread 4 ] DEBUG FXGLAssetLoaderServi - Loading from file system: jar:file:///C:/Users/admin/.m2/repository/com/github/almasb/fxgl/17.3/fxgl-17.3.jar!/fxglassets/ui/fonts/Courier-Prime.ttf
16:40:50.474 [JavaFX Application Thread] DEBUG GameApplicationServi - Removing overlay from FXGLStartupScene and adding to FXGLLoadingScene
16:40:50.475 [JavaFX Application Thread] DEBUG PrimaryStageWindow   - FXGLStartupScene -> FXGLLoadingScene
16:40:50.475 [JavaFX Application Thread] DEBUG GameApplicationServi - Clearing previous game
16:40:50.475 [JavaFX Application Thread] DEBUG GameScene            - Clearing game scene
16:40:50.475 [JavaFX Application Thread] DEBUG GameWorld            - Clearing game world
16:40:50.475 [JavaFX Application Thread] DEBUG PhysicsWorld         - Clearing physics world
16:40:50.481 [FXGL Background Thread 4 ] DEBUG FXGLApplication      - Initializing game
16:40:50.529 [JavaFX Application Thread] DEBUG FXGLApplication      - Registering font factories with UI factory
16:40:50.533 [JavaFX Application Thread] DEBUG LoopRunner           - Stopping loop
16:40:50.545 [JavaFX Application Thread] FATAL FXGLApplication      - Uncaught Exception:
java.lang.RuntimeException: Initialization failed
	at com.almasb.fxgl.all@17.3/com.almasb.fxgl.app.FXGLApplication$InitAppTask.failed(FXGLApplication.kt:343)
	at javafx.graphics/javafx.concurrent.Task.setState(Task.java:710)
	at javafx.graphics/javafx.concurrent.Task$TaskCallable.lambda$call$2(Task.java:1456)
	at javafx.graphics/com.sun.javafx.application.PlatformImpl.lambda$runLater$10(PlatformImpl.java:457)
	at java.base/java.security.AccessController.doPrivileged(AccessController.java:400)
	at javafx.graphics/com.sun.javafx.application.PlatformImpl.lambda$runLater$11(PlatformImpl.java:456)
	at javafx.graphics/com.sun.glass.ui.InvokeLaterDispatcher$Future.run(InvokeLaterDispatcher.java:96)
	at javafx.graphics/com.sun.glass.ui.win.WinApplication._runLoop(Native Method)
	at javafx.graphics/com.sun.glass.ui.win.WinApplication.lambda$runLoop$3(WinApplication.java:184)
	at java.base/java.lang.Thread.run(Thread.java:1575)
Caused by: java.lang.NullPointerException: Cannot invoke "org.example.demo.GamePlay.getWall()" because "org.example.demo.GameInitializerMap.controller" is null
	at org.example.demo/org.example.demo.GameInitializerMap.initGame(GameInitializerMap.java:62)
	at org.example.demo/org.example.demo.BombermanApp.initGame(BombermanApp.java:149)
	at com.almasb.fxgl.all@17.3/com.almasb.fxgl.app.FXGLApplication$InitAppTask.initGame(FXGLApplication.kt:339)
	at com.almasb.fxgl.all@17.3/com.almasb.fxgl.app.FXGLApplication$InitAppTask.call(FXGLApplication.kt:319)
	at com.almasb.fxgl.all@17.3/com.almasb.fxgl.app.FXGLApplication$InitAppTask.call(FXGLApplication.kt:311)
	at javafx.graphics/javafx.concurrent.Task$TaskCallable.call(Task.java:1426)
	at java.base/java.util.concurrent.FutureTask.run(FutureTask.java:317)
	at java.base/java.util.concurrent.Executors$RunnableAdapter.call(Executors.java:572)
	at java.base/java.util.concurrent.FutureTask.run(FutureTask.java:317)
	at java.base/java.util.concurrent.ThreadPoolExecutor.runWorker(ThreadPoolExecutor.java:1144)
	at java.base/java.util.concurrent.ThreadPoolExecutor$Worker.run(ThreadPoolExecutor.java:642)
	... 1 more

16:40:50.545 [JavaFX Application Thread] FATAL FXGLApplication      - Application will now exit
16:40:50.572 [JavaFX Application Thread] DEBUG PrimaryStageWindow   - Push state: ErrorSubScene
16:40:50.572 [JavaFX Application Thread] DEBUG Input                - Clearing active input actions
16:40:50.579 [JavaFX Application Thread] DEBUG GameApplicationServi - Removing overlay from FXGLLoadingScene and adding to ErrorSubScene
16:40:50.580 [JavaFX Application Thread] DEBUG PrimaryStageWindow   - FXGLLoadingScene -> ErrorSubScene
16:40:51.081 [FXGL Background Thread 2 ] INFO  UpdaterService       - Your current version:  17.3
16:40:51.081 [FXGL Background Thread 2 ] INFO  UpdaterService       - Latest stable version: 21.1
16:40:53.351 [JavaFX Application Thread] DEBUG FXGLApplication      - Exiting FXGL
16:40:53.351 [JavaFX Application Thread] DEBUG Async                - Shutting down background threads
16:40:53.352 [JavaFX Application Thread] DEBUG PrimaryStageWindow   - Closing main window
16:40:53.373 [JavaFX Application Thread] DEBUG Logger               - Closing Logger
