03:04:49.957 [main                     ] DEBUG Logger               - Configured Logger
03:04:49.977 [main                     ] DEBUG GameApplication      - Logging settings
Title: Bomberman Game
Version: 1.0
Width: 480
Height: 480
Fullscreen: false
Intro: false
Profiling: false
Single step:false
App Mode: DEVELOPER
Menu Key: ESCAPE
Stage Style: DECORATED
Scene Factory: class com.almasb.fxgl.app.scene.SceneFactory

03:04:50.323 [JavaFX Application Thread] DEBUG FXGLApplication      - Initializing FXGL
03:04:50.327 [JavaFX Application Thread] INFO  Engine               - FXGL-17.3 (30.03.2023 11.49) on WINDOWS (J:23.0.2 FX:17.0.6)
03:04:50.327 [JavaFX Application Thread] DEBUG Engine               - JRE Vendor Name: Oracle Corporation
03:04:50.328 [JavaFX Application Thread] DEBUG Engine               - Running on OS: Windows 11 version 10.0
03:04:50.328 [JavaFX Application Thread] DEBUG Engine               - Architecture: amd64
03:04:50.328 [JavaFX Application Thread] INFO  Engine               - Source code and latest versions at: https://github.com/AlmasB/FXGL
03:04:50.328 [JavaFX Application Thread] INFO  Engine               -       Ask questions and discuss at: https://github.com/AlmasB/FXGL/discussions
03:04:50.328 [JavaFX Application Thread] INFO  Engine               -              Join the FXGL chat at: https://gitter.im/AlmasB/FXGL
03:04:50.410 [JavaFX Application Thread] DEBUG PrimaryStageWindow   - Creating a JavaFX scene
03:04:50.458 [JavaFX Application Thread] DEBUG PrimaryStageWindow   - Target settings size: 480.0 x 480.0
03:04:50.459 [JavaFX Application Thread] DEBUG PrimaryStageWindow   - Scaled scene size:    480.0 x 480.0
03:04:50.459 [JavaFX Application Thread] DEBUG PrimaryStageWindow   - Scaled ratio: (1.0, 1.0)
03:04:50.460 [JavaFX Application Thread] DEBUG PrimaryStageWindow   - Set initial scene to FXGLStartupScene
03:04:50.466 [JavaFX Application Thread] DEBUG PrimaryStageWindow   - Opening main window
03:04:50.553 [JavaFX Application Thread] DEBUG PrimaryStageWindow   - Window border size: (14.666656494140625, 37.33331298828125)
03:04:50.554 [JavaFX Application Thread] DEBUG PrimaryStageWindow   - Scaled size: 480.0 x 480.0
03:04:50.554 [JavaFX Application Thread] DEBUG PrimaryStageWindow   - Scaled ratio: (1.0, 1.0)
03:04:50.554 [JavaFX Application Thread] DEBUG PrimaryStageWindow   - Scene size: 480.0 x 480.0
03:04:50.554 [JavaFX Application Thread] DEBUG PrimaryStageWindow   - Stage size: 494.6666564941406 x 517.3333129882812
03:04:50.561 [FXGL Background Thread 1 ] DEBUG Engine               - Initializing environment variables
03:04:50.648 [FXGL Background Thread 1 ] DEBUG FXGLAssetLoaderServi - User app class for loading assets: class org.example.demo.HelloApplication
03:04:50.648 [FXGL Background Thread 1 ] DEBUG GameApplicationServi - Applying CSS: fxgl_dark.css
03:04:50.649 [FXGL Background Thread 1 ] DEBUG FXGLAssetLoaderServi - Loading from file system: jar:file:///C:/Users/admin/.m2/repository/com/github/almasb/fxgl/17.3/fxgl-17.3.jar!/fxglassets/ui/css/fxgl_dark.css
03:04:50.698 [FXGL Background Thread 1 ] DEBUG GameApplicationServi - Initializing application scenes
03:04:50.741 [FXGL Background Thread 1 ] DEBUG GameWorld            - Game world initialized
03:04:50.815 [FXGL Background Thread 1 ] DEBUG PhysicsWorld         - Physics world initialized: appHeight=480, physics.ppm=50.0
03:04:50.816 [FXGL Background Thread 1 ] DEBUG PhysicsWorld         - Using strategy: BRUTE_FORCE
03:04:50.822 [FXGL Background Thread 1 ] DEBUG GameScene            - Game scene initialized: 480x480
03:04:50.834 [FXGL Background Thread 1 ] WARN  FXGL.DefaultMenu     - FXGLDefaultMenu is not designed for resolutions < 800x600
03:04:50.834 [FXGL Background Thread 1 ] DEBUG FXGL.DefaultMenu     - createMenuBodyGameMenu()
03:04:50.850 [FXGL Background Thread 1 ] DEBUG FXGL.DefaultMenu     - createOptionsMenu()
03:04:50.860 [FXGL Background Thread 1 ] DEBUG FXGLAssetLoaderServi - Loading from file system: jar:file:///C:/Users/admin/.m2/repository/com/github/almasb/fxgl/17.3/fxgl-17.3.jar!/fxglassets/textures/particles/smoke.png
03:04:50.949 [FXGL Background Thread 1 ] DEBUG FXGLAssetLoaderServi - Loading from file system: jar:file:///C:/Users/admin/.m2/repository/com/github/almasb/fxgl/17.3/fxgl-17.3.jar!/fxglassets/textures/particles/trace_horizontal.png
03:04:50.997 [FXGL Background Thread 1 ] DEBUG GameApplicationServi - Application scenes initialized
03:04:51.009 [FXGL Background Thread 1 ] DEBUG SystemBundleService  - Loading FXGL system data
03:04:51.015 [FXGL Background Thread 1 ] DEBUG FileSystemAccess     - Reading from: C:\Users\admin\OneDrive\Máy tính\btl\baitaplonOOP\system\fxgl.bundle
03:04:51.023 [FXGL Background Thread 1 ] DEBUG SystemBundleService  - Bundle FXGL: {}
03:04:51.024 [FXGL Background Thread 1 ] DEBUG UpdaterService       - Checking for updates
03:04:51.029 [FXGL Background Thread 4 ] DEBUG FXGLApplication      - Loading fonts
03:04:51.030 [FXGL Background Thread 4 ] DEBUG FXGLAssetLoaderServi - Loading from file system: jar:file:///C:/Users/admin/.m2/repository/com/github/almasb/fxgl/17.3/fxgl-17.3.jar!/fxglassets/ui/fonts/VarelaRound-Regular.ttf
03:04:51.030 [FXGL Background Thread 1 ] DEBUG FXGLApplication      - Loading default localization
03:04:51.031 [FXGL Background Thread 1 ] DEBUG FXGLAssetLoaderServi - Loading from file system: jar:file:///C:/Users/admin/.m2/repository/com/github/almasb/fxgl/17.3/fxgl-17.3.jar!/fxglassets/languages/english.lang
03:04:51.054 [FXGL Background Thread 1 ] INFO  FXGLApplication      - FXGL initialization took: 0.494 sec
03:04:51.055 [JavaFX Application Thread] DEBUG Input                - Clearing active input actions
03:04:51.068 [JavaFX Application Thread] DEBUG Input                - Registered new binding: Move Up - W
03:04:51.068 [JavaFX Application Thread] DEBUG Input                - Registered new binding: Move Down - S
03:04:51.068 [JavaFX Application Thread] DEBUG Input                - Registered new binding: Move Left - A
03:04:51.069 [JavaFX Application Thread] DEBUG Input                - Registered new binding: Move Right - D
03:04:51.069 [JavaFX Application Thread] DEBUG Input                - Registered new binding: Đặt bom - Space
03:04:51.069 [JavaFX Application Thread] DEBUG FXGLAssetLoaderServi - Loading from file system: jar:file:///C:/Users/admin/.m2/repository/com/github/almasb/fxgl/17.3/fxgl-17.3.jar!/fxglassets/textures/fxgl_icon.png
03:04:51.091 [FXGL Background Thread 4 ] DEBUG FXGLAssetLoaderServi - Loading from file system: jar:file:///C:/Users/admin/.m2/repository/com/github/almasb/fxgl/17.3/fxgl-17.3.jar!/fxglassets/ui/fonts/Abel-Regular.ttf
03:04:51.102 [JavaFX Application Thread] DEBUG FXGLAssetLoaderServi - Loading from file system: jar:file:///C:/Users/admin/.m2/repository/com/github/almasb/fxgl/17.3/fxgl-17.3.jar!/fxglassets/textures/fxgl_default_cursor.png
03:04:51.105 [JavaFX Application Thread] DEBUG Input                - Registered new binding: Screenshot - CTRL+8
03:04:51.105 [JavaFX Application Thread] DEBUG Input                - Registered new binding: System info dump - CTRL+9
03:04:51.106 [JavaFX Application Thread] DEBUG Input                - Registered new binding: Restart - CTRL+R
03:04:51.106 [FXGL Background Thread 4 ] DEBUG FXGLAssetLoaderServi - Loading from file system: jar:file:///C:/Users/admin/.m2/repository/com/github/almasb/fxgl/17.3/fxgl-17.3.jar!/fxglassets/ui/fonts/TerminalLandMono-Regular.otf
03:04:51.107 [JavaFX Application Thread] DEBUG Input                - Registered new binding: Toggle Debug Camera - CTRL+7
03:04:51.110 [JavaFX Application Thread] DEBUG LoopRunner           - Starting loop
03:04:51.111 [JavaFX Application Thread] DEBUG LoopRunner           - Initializing JavaFX AnimationTimerLoop
03:04:51.113 [JavaFX Application Thread] DEBUG GameApplicationServi - Starting new game
03:04:51.114 [JavaFX Application Thread] DEBUG Input                - Clearing active input actions
03:04:51.127 [FXGL Background Thread 4 ] DEBUG FXGLAssetLoaderServi - Loading from file system: jar:file:///C:/Users/admin/.m2/repository/com/github/almasb/fxgl/17.3/fxgl-17.3.jar!/fxglassets/ui/fonts/Courier-Prime.ttf
03:04:51.127 [JavaFX Application Thread] DEBUG GameApplicationServi - Removing overlay from FXGLStartupScene and adding to FXGLLoadingScene
03:04:51.128 [JavaFX Application Thread] DEBUG PrimaryStageWindow   - FXGLStartupScene -> FXGLLoadingScene
03:04:51.128 [JavaFX Application Thread] DEBUG GameApplicationServi - Clearing previous game
03:04:51.128 [JavaFX Application Thread] DEBUG GameScene            - Clearing game scene
03:04:51.128 [JavaFX Application Thread] DEBUG GameWorld            - Clearing game world
03:04:51.128 [JavaFX Application Thread] DEBUG PhysicsWorld         - Clearing physics world
03:04:51.130 [FXGL Background Thread 1 ] DEBUG FXGLApplication      - Initializing game
03:04:51.184 [JavaFX Application Thread] DEBUG FXGLApplication      - Registering font factories with UI factory
03:04:51.450 [FXGL Background Thread 1 ] INFO  FXGLApplication      - Game initialization took: 0.320 sec
03:04:51.451 [JavaFX Application Thread] DEBUG Input                - Clearing active input actions
03:04:51.477 [JavaFX Application Thread] DEBUG GameApplicationServi - Removing overlay from FXGLLoadingScene and adding to GameScene
03:04:51.478 [JavaFX Application Thread] DEBUG PrimaryStageWindow   - FXGLLoadingScene -> GameScene
03:04:51.638 [FXGL Background Thread 2 ] INFO  UpdaterService       - Your current version:  17.3
03:04:51.638 [FXGL Background Thread 2 ] INFO  UpdaterService       - Latest stable version: 21.1
03:04:54.028 [FXGL Background Thread 3 ] DEBUG Engine               - Logging environment variables
03:04:54.029 [FXGL Background Thread 3 ] DEBUG Engine               - achievements: []
03:04:54.030 [FXGL Background Thread 3 ] DEBUG Engine               - actualHeight: 480.0
03:04:54.030 [FXGL Background Thread 3 ] DEBUG Engine               - actualHeightProperty: ReadOnlyDoubleProperty [value: 480.0]
03:04:54.030 [FXGL Background Thread 3 ] DEBUG Engine               - actualWidth: 480.0
03:04:54.030 [FXGL Background Thread 3 ] DEBUG Engine               - actualWidthProperty: ReadOnlyDoubleProperty [value: 480.0]
03:04:54.031 [FXGL Background Thread 3 ] DEBUG Engine               - appIcon: fxgl_icon.png
03:04:54.031 [FXGL Background Thread 3 ] DEBUG Engine               - applicationMode: DEVELOPER
03:04:54.033 [FXGL Background Thread 3 ] DEBUG Engine               - cSSList: [fxgl_dark.css]
03:04:54.033 [FXGL Background Thread 3 ] DEBUG Engine               - collisionDetectionStrategy: BRUTE_FORCE
03:04:54.033 [FXGL Background Thread 3 ] DEBUG Engine               - configClass: Optional.empty
03:04:54.033 [FXGL Background Thread 3 ] DEBUG Engine               - credits: []
03:04:54.034 [FXGL Background Thread 3 ] DEBUG Engine               - defaultCursor: CursorInfo(imageName=fxgl_default_cursor.png, hotspotX=7.0, hotspotY=6.0)
03:04:54.035 [FXGL Background Thread 3 ] DEBUG Engine               - devBBoxColorProperty: ObjectProperty [value: 0xff0000ff]
03:04:54.035 [FXGL Background Thread 3 ] DEBUG Engine               - devEnableDebugCameraProperty: BooleanProperty [value: false]
03:04:54.035 [FXGL Background Thread 3 ] DEBUG Engine               - devSensorColorProperty: ObjectProperty [value: 0xffff00ff]
03:04:54.035 [FXGL Background Thread 3 ] DEBUG Engine               - devShowBBoxProperty: BooleanProperty [value: false]
03:04:54.035 [FXGL Background Thread 3 ] DEBUG Engine               - devShowPositionProperty: BooleanProperty [value: false]
03:04:54.035 [FXGL Background Thread 3 ] DEBUG Engine               - enabledMenuItems: []
03:04:54.035 [FXGL Background Thread 3 ] DEBUG Engine               - engineServices: [class com.almasb.fxgl.app.services.FXGLAssetLoaderService, class com.almasb.fxgl.app.FXGLApplication$GameApplicationService, class com.almasb.fxgl.app.services.FXGLDialogService, class com.almasb.fxgl.app.services.IOTaskExecutorService, class com.almasb.fxgl.io.FileSystemService, class com.almasb.fxgl.localization.LocalizationService, class com.almasb.fxgl.app.services.SystemBundleService, class com.almasb.fxgl.profile.SaveLoadService, class com.almasb.fxgl.ui.FXGLUIFactoryServiceProvider, class com.almasb.fxgl.ui.FXGLDialogFactoryServiceProvider, class com.almasb.fxgl.audio.AudioPlayer, class com.almasb.fxgl.notification.impl.NotificationServiceProvider, class com.almasb.fxgl.achievement.AchievementService, class com.almasb.fxgl.cutscene.CutsceneService, class com.almasb.fxgl.minigames.MiniGameService, class com.almasb.fxgl.net.NetService, class com.almasb.fxgl.app.services.UpdaterService, class com.almasb.fxgl.dev.DevService]
03:04:54.036 [FXGL Background Thread 3 ] DEBUG Engine               - fontGame: Abel-Regular.ttf
03:04:54.036 [FXGL Background Thread 3 ] DEBUG Engine               - fontMono: TerminalLandMono-Regular.otf
03:04:54.036 [FXGL Background Thread 3 ] DEBUG Engine               - fontSizeScaleUI: 1.0
03:04:54.036 [FXGL Background Thread 3 ] DEBUG Engine               - fontText: Courier-Prime.ttf
03:04:54.036 [FXGL Background Thread 3 ] DEBUG Engine               - fontUI: VarelaRound-Regular.ttf
03:04:54.036 [FXGL Background Thread 3 ] DEBUG Engine               - fullScreen: BooleanProperty [value: false]
03:04:54.036 [FXGL Background Thread 3 ] DEBUG Engine               - gameDifficulty: MEDIUM
03:04:54.036 [FXGL Background Thread 3 ] DEBUG Engine               - gameDifficultyProperty: ObjectProperty [value: MEDIUM]
03:04:54.036 [FXGL Background Thread 3 ] DEBUG Engine               - globalMusicVolume: 0.5
03:04:54.036 [FXGL Background Thread 3 ] DEBUG Engine               - globalMusicVolumeProperty: DoubleProperty [value: 0.5]
03:04:54.038 [FXGL Background Thread 3 ] DEBUG Engine               - globalSoundVolume: 0.5
03:04:54.038 [FXGL Background Thread 3 ] DEBUG Engine               - globalSoundVolumeProperty: DoubleProperty [value: 0.5]
03:04:54.038 [FXGL Background Thread 3 ] DEBUG Engine               - height: 480
03:04:54.038 [FXGL Background Thread 3 ] DEBUG Engine               - is3D: false
03:04:54.038 [FXGL Background Thread 3 ] DEBUG Engine               - isAndroid: false
03:04:54.038 [FXGL Background Thread 3 ] DEBUG Engine               - isBrowser: false
03:04:54.038 [FXGL Background Thread 3 ] DEBUG Engine               - isClickFeedbackEnabled: false
03:04:54.038 [FXGL Background Thread 3 ] DEBUG Engine               - isCloseConfirmation: false
03:04:54.039 [FXGL Background Thread 3 ] DEBUG Engine               - isDesktop: true
03:04:54.039 [FXGL Background Thread 3 ] DEBUG Engine               - isDeveloperMenuEnabled: false
03:04:54.039 [FXGL Background Thread 3 ] DEBUG Engine               - isEmbedded: false
03:04:54.039 [FXGL Background Thread 3 ] DEBUG Engine               - isEntityPreloadEnabled: true
03:04:54.039 [FXGL Background Thread 3 ] DEBUG Engine               - isExperimentalTiledLargeMap: false
03:04:54.039 [FXGL Background Thread 3 ] DEBUG Engine               - isFileSystemWriteAllowed: true
03:04:54.039 [FXGL Background Thread 3 ] DEBUG Engine               - isFullScreenAllowed: false
03:04:54.040 [FXGL Background Thread 3 ] DEBUG Engine               - isFullScreenFromStart: false
03:04:54.040 [FXGL Background Thread 3 ] DEBUG Engine               - isGameMenuEnabled: true
03:04:54.040 [FXGL Background Thread 3 ] DEBUG Engine               - isIOS: false
03:04:54.040 [FXGL Background Thread 3 ] DEBUG Engine               - isIntroEnabled: false
03:04:54.040 [FXGL Background Thread 3 ] DEBUG Engine               - isLinux: false
03:04:54.040 [FXGL Background Thread 3 ] DEBUG Engine               - isMac: false
03:04:54.040 [FXGL Background Thread 3 ] DEBUG Engine               - isMainMenuEnabled: false
03:04:54.040 [FXGL Background Thread 3 ] DEBUG Engine               - isManualResizeEnabled: false
03:04:54.040 [FXGL Background Thread 3 ] DEBUG Engine               - isMobile: false
03:04:54.041 [FXGL Background Thread 3 ] DEBUG Engine               - isNative: false
03:04:54.041 [FXGL Background Thread 3 ] DEBUG Engine               - isPauseMusicWhenMinimized: true
03:04:54.041 [FXGL Background Thread 3 ] DEBUG Engine               - isPreserveResizeRatio: false
03:04:54.041 [FXGL Background Thread 3 ] DEBUG Engine               - isProfilingEnabled: false
03:04:54.041 [FXGL Background Thread 3 ] DEBUG Engine               - isScaleAffectedOnResize: true
03:04:54.041 [FXGL Background Thread 3 ] DEBUG Engine               - isSingleStep: false
03:04:54.041 [FXGL Background Thread 3 ] DEBUG Engine               - isUserProfileEnabled: false
03:04:54.041 [FXGL Background Thread 3 ] DEBUG Engine               - isWindows: true
03:04:54.041 [FXGL Background Thread 3 ] DEBUG Engine               - language: ObjectProperty [value: ENGLISH]
03:04:54.041 [FXGL Background Thread 3 ] DEBUG Engine               - menuKey: ESCAPE
03:04:54.041 [FXGL Background Thread 3 ] DEBUG Engine               - mouseSensitivity: 0.2
03:04:54.041 [FXGL Background Thread 3 ] DEBUG Engine               - notificationViewClass: class com.almasb.fxgl.notification.view.XboxNotificationView
03:04:54.041 [FXGL Background Thread 3 ] DEBUG Engine               - pixelsPerMeter: 50.0
03:04:54.042 [FXGL Background Thread 3 ] DEBUG Engine               - platform: WINDOWS
03:04:54.042 [FXGL Background Thread 3 ] DEBUG Engine               - prefHeightProperty: ReadOnlyDoubleProperty [value: 480.0]
03:04:54.042 [FXGL Background Thread 3 ] DEBUG Engine               - prefWidthProperty: ReadOnlyDoubleProperty [value: 480.0]
03:04:54.042 [FXGL Background Thread 3 ] DEBUG Engine               - profileDir: profiles/
03:04:54.042 [FXGL Background Thread 3 ] DEBUG Engine               - profileName: StringProperty [value: DEFAULT]
03:04:54.042 [FXGL Background Thread 3 ] DEBUG Engine               - randomSeed: -1
03:04:54.042 [FXGL Background Thread 3 ] DEBUG Engine               - runtimeInfo: RuntimeInfo(platform=WINDOWS, version=17.3, build=30.03.2023 11.49)
03:04:54.042 [FXGL Background Thread 3 ] DEBUG Engine               - saveFileExt: sav
03:04:54.042 [FXGL Background Thread 3 ] DEBUG Engine               - scaledHeightProp$fxgl: DoubleProperty [bound, value: 480.0]
03:04:54.042 [FXGL Background Thread 3 ] DEBUG Engine               - scaledWidthProp$fxgl: DoubleProperty [bound, value: 480.0]
03:04:54.042 [FXGL Background Thread 3 ] DEBUG Engine               - sceneFactory: com.almasb.fxgl.app.scene.SceneFactory@743be489
03:04:54.043 [FXGL Background Thread 3 ] DEBUG Engine               - secondsIn24h: 60
03:04:54.043 [FXGL Background Thread 3 ] DEBUG Engine               - soundMenuBack: menu/back.wav
03:04:54.043 [FXGL Background Thread 3 ] DEBUG Engine               - soundMenuPress: menu/press.wav
03:04:54.043 [FXGL Background Thread 3 ] DEBUG Engine               - soundMenuSelect: menu/select.wav
03:04:54.043 [FXGL Background Thread 3 ] DEBUG Engine               - soundNotification: core/notification.wav
03:04:54.043 [FXGL Background Thread 3 ] DEBUG Engine               - stageStyle: DECORATED
03:04:54.043 [FXGL Background Thread 3 ] DEBUG Engine               - supportedLanguages: [ENGLISH, FRENCH, GERMAN, HUNGARIAN, RUSSIAN]
03:04:54.043 [FXGL Background Thread 3 ] DEBUG Engine               - ticksPerSecond: -1
03:04:54.043 [FXGL Background Thread 3 ] DEBUG Engine               - title: Bomberman Game
03:04:54.043 [FXGL Background Thread 3 ] DEBUG Engine               - urlGithub: https://github.com/AlmasB/FXGL
03:04:54.043 [FXGL Background Thread 3 ] DEBUG Engine               - urlLeaderboard: http://fxgl-top.herokuapp.com/
03:04:54.043 [FXGL Background Thread 3 ] DEBUG Engine               - urlPOM: https://raw.githubusercontent.com/AlmasB/FXGL/release/README.md
03:04:54.043 [FXGL Background Thread 3 ] DEBUG Engine               - userAppClass: class org.example.demo.HelloApplication
03:04:54.043 [FXGL Background Thread 3 ] DEBUG Engine               - version: 1.0
03:04:54.043 [FXGL Background Thread 3 ] DEBUG Engine               - versionCheckDays: 7
03:04:54.043 [FXGL Background Thread 3 ] DEBUG Engine               - width: 480
03:04:54.043 [FXGL Background Thread 3 ] DEBUG Engine               - Logging services
03:04:54.044 [FXGL Background Thread 3 ] DEBUG Engine               - class com.almasb.fxgl.app.services.FXGLAssetLoaderService
03:04:54.044 [FXGL Background Thread 3 ] DEBUG Engine               - class com.almasb.fxgl.app.FXGLApplication$GameApplicationService
03:04:54.044 [FXGL Background Thread 3 ] DEBUG Engine               - class com.almasb.fxgl.app.services.FXGLDialogService
03:04:54.044 [FXGL Background Thread 3 ] DEBUG Engine               - class com.almasb.fxgl.app.services.IOTaskExecutorService
03:04:54.044 [FXGL Background Thread 3 ] DEBUG Engine               - class com.almasb.fxgl.io.FileSystemService
03:04:54.044 [FXGL Background Thread 3 ] DEBUG Engine               - class com.almasb.fxgl.localization.LocalizationService
03:04:54.044 [FXGL Background Thread 3 ] DEBUG Engine               - class com.almasb.fxgl.app.services.SystemBundleService
03:04:54.044 [FXGL Background Thread 3 ] DEBUG Engine               - class com.almasb.fxgl.profile.SaveLoadService
03:04:54.044 [FXGL Background Thread 3 ] DEBUG Engine               - class com.almasb.fxgl.ui.FXGLUIFactoryServiceProvider
03:04:54.044 [FXGL Background Thread 3 ] DEBUG Engine               - class com.almasb.fxgl.ui.FXGLDialogFactoryServiceProvider
03:04:54.044 [FXGL Background Thread 3 ] DEBUG Engine               - class com.almasb.fxgl.audio.AudioPlayer
03:04:54.044 [FXGL Background Thread 3 ] DEBUG Engine               - class com.almasb.fxgl.notification.impl.NotificationServiceProvider
03:04:54.044 [FXGL Background Thread 3 ] DEBUG Engine               - class com.almasb.fxgl.achievement.AchievementService
03:04:54.044 [FXGL Background Thread 3 ] DEBUG Engine               - class com.almasb.fxgl.cutscene.CutsceneService
03:04:54.044 [FXGL Background Thread 3 ] DEBUG Engine               - class com.almasb.fxgl.minigames.MiniGameService
03:04:54.044 [FXGL Background Thread 3 ] DEBUG Engine               - class com.almasb.fxgl.net.NetService
03:04:54.044 [FXGL Background Thread 3 ] DEBUG Engine               - class com.almasb.fxgl.app.services.UpdaterService
03:04:54.044 [FXGL Background Thread 3 ] DEBUG Engine               - class com.almasb.fxgl.dev.DevService
03:04:54.583 [JavaFX Application Thread] WARN  FXGLAssetLoaderServi - Asset "/assets/textures/sprites/explosion.png" was not found!
03:04:54.584 [JavaFX Application Thread] WARN  FXGLAssetLoaderServi - Failed to load IMAGE
03:04:54.609 [JavaFX Application Thread] WARN  FXGLAssetLoaderServi - Asset "/assets/textures/sprites/explosion.png" was not found!
03:04:54.609 [JavaFX Application Thread] WARN  FXGLAssetLoaderServi - Failed to load IMAGE
03:04:54.611 [JavaFX Application Thread] DEBUG PrimaryStageWindow   - Push state: DialogSubScene
03:04:54.611 [JavaFX Application Thread] DEBUG Input                - Clearing active input actions
03:04:54.613 [JavaFX Application Thread] DEBUG GameApplicationServi - Removing overlay from GameScene and adding to DialogSubScene
03:04:54.614 [JavaFX Application Thread] DEBUG PrimaryStageWindow   - GameScene -> DialogSubScene
03:04:54.614 [JavaFX Application Thread] WARN  FXGLAssetLoaderServi - Asset "/assets/textures/sprites/explosion.png" was not found!
03:04:54.614 [JavaFX Application Thread] WARN  FXGLAssetLoaderServi - Failed to load IMAGE
03:04:54.625 [JavaFX Application Thread] WARN  FXGLAssetLoaderServi - Asset "/assets/textures/sprites/explosion.png" was not found!
03:04:54.625 [JavaFX Application Thread] WARN  FXGLAssetLoaderServi - Failed to load IMAGE
03:04:54.626 [JavaFX Application Thread] WARN  FXGLAssetLoaderServi - Asset "/assets/textures/sprites/explosion.png" was not found!
03:04:54.626 [JavaFX Application Thread] WARN  FXGLAssetLoaderServi - Failed to load IMAGE
03:04:54.627 [JavaFX Application Thread] WARN  FXGLAssetLoaderServi - Asset "/assets/textures/sprites/explosion.png" was not found!
03:04:54.627 [JavaFX Application Thread] WARN  FXGLAssetLoaderServi - Failed to load IMAGE
03:04:54.627 [JavaFX Application Thread] WARN  GameWorld            - Attempted to remove entity which is not active
03:04:54.628 [JavaFX Application Thread] WARN  FXGLAssetLoaderServi - Asset "/assets/textures/sprites/explosion.png" was not found!
03:04:54.629 [JavaFX Application Thread] WARN  FXGLAssetLoaderServi - Failed to load IMAGE
03:04:58.849 [JavaFX Application Thread] DEBUG FXGLApplication      - Exiting FXGL
03:04:58.850 [JavaFX Application Thread] DEBUG LoopRunner           - Stopping loop
03:04:58.850 [JavaFX Application Thread] DEBUG SystemBundleService  - Saving FXGL system data
03:04:58.855 [JavaFX Application Thread] DEBUG FileSystemAccess     - Writing to: C:\Users\admin\OneDrive\Máy tính\btl\baitaplonOOP\system\fxgl.bundle
03:04:58.859 [JavaFX Application Thread] DEBUG Async                - Shutting down background threads
03:04:58.859 [JavaFX Application Thread] DEBUG PrimaryStageWindow   - Closing main window
03:04:58.887 [JavaFX Application Thread] DEBUG Logger               - Closing Logger
