13:36:03.755 [main                     ] DEBUG Logger               - Configured Logger
13:36:03.781 [main                     ] DEBUG GameApplication      - Logging settings
Title: Bomberman Game
Version: 1.0
Width: 480
Height: 480
Fullscreen: false
Intro: false
Profiling: false
Single step:false
App Mode: DEVELOPER
Menu Key: ESCAPE
Stage Style: DECORATED
Scene Factory: class org.example.demo.BombermanApp$1

13:36:04.070 [JavaFX Application Thread] DEBUG FXGLApplication      - Initializing FXGL
13:36:04.073 [JavaFX Application Thread] INFO  Engine               - FXGL-17.3 (30.03.2023 11.49) on WINDOWS (J:23.0.2 FX:17.0.6)
13:36:04.073 [JavaFX Application Thread] DEBUG Engine               - JRE Vendor Name: Oracle Corporation
13:36:04.073 [JavaFX Application Thread] DEBUG Engine               - Running on OS: Windows 11 version 10.0
13:36:04.073 [JavaFX Application Thread] DEBUG Engine               - Architecture: amd64
13:36:04.074 [JavaFX Application Thread] INFO  Engine               - Source code and latest versions at: https://github.com/AlmasB/FXGL
13:36:04.074 [JavaFX Application Thread] INFO  Engine               -       Ask questions and discuss at: https://github.com/AlmasB/FXGL/discussions
13:36:04.074 [JavaFX Application Thread] INFO  Engine               -              Join the FXGL chat at: https://gitter.im/AlmasB/FXGL
13:36:04.142 [JavaFX Application Thread] DEBUG PrimaryStageWindow   - Creating a JavaFX scene
13:36:04.185 [JavaFX Application Thread] DEBUG PrimaryStageWindow   - Target settings size: 480.0 x 480.0
13:36:04.185 [JavaFX Application Thread] DEBUG PrimaryStageWindow   - Scaled scene size:    480.0 x 480.0
13:36:04.185 [JavaFX Application Thread] DEBUG PrimaryStageWindow   - Scaled ratio: (1.0, 1.0)
13:36:04.186 [JavaFX Application Thread] DEBUG PrimaryStageWindow   - Set initial scene to FXGLStartupScene
13:36:04.193 [JavaFX Application Thread] DEBUG PrimaryStageWindow   - Opening main window
13:36:04.260 [JavaFX Application Thread] DEBUG PrimaryStageWindow   - Window border size: (14.666656494140625, 37.33331298828125)
13:36:04.260 [JavaFX Application Thread] DEBUG PrimaryStageWindow   - Scaled size: 480.0 x 480.0
13:36:04.260 [JavaFX Application Thread] DEBUG PrimaryStageWindow   - Scaled ratio: (1.0, 1.0)
13:36:04.260 [JavaFX Application Thread] DEBUG PrimaryStageWindow   - Scene size: 480.0 x 480.0
13:36:04.261 [JavaFX Application Thread] DEBUG PrimaryStageWindow   - Stage size: 494.6666564941406 x 517.3333129882812
13:36:04.266 [FXGL Background Thread 1 ] DEBUG Engine               - Initializing environment variables
13:36:04.332 [FXGL Background Thread 1 ] DEBUG FXGLAssetLoaderServi - User app class for loading assets: class org.example.demo.HelloApplication
13:36:04.332 [FXGL Background Thread 1 ] DEBUG GameApplicationServi - Applying CSS: fxgl_dark.css
13:36:04.333 [FXGL Background Thread 1 ] DEBUG FXGLAssetLoaderServi - Loading from file system: jar:file:///C:/Users/admin/.m2/repository/com/github/almasb/fxgl/17.3/fxgl-17.3.jar!/fxglassets/ui/css/fxgl_dark.css
13:36:04.373 [FXGL Background Thread 1 ] DEBUG GameApplicationServi - Initializing application scenes
13:36:04.409 [FXGL Background Thread 1 ] DEBUG GameWorld            - Game world initialized
13:36:04.469 [FXGL Background Thread 1 ] DEBUG PhysicsWorld         - Physics world initialized: appHeight=480, physics.ppm=50.0
13:36:04.470 [FXGL Background Thread 1 ] DEBUG PhysicsWorld         - Using strategy: BRUTE_FORCE
13:36:04.474 [FXGL Background Thread 1 ] DEBUG GameScene            - Game scene initialized: 480x480
13:36:04.488 [FXGL Background Thread 1 ] WARN  FXGL.DefaultMenu     - FXGLDefaultMenu is not designed for resolutions < 800x600
13:36:04.488 [FXGL Background Thread 1 ] DEBUG FXGL.DefaultMenu     - createMenuBodyGameMenu()
13:36:04.498 [FXGL Background Thread 1 ] DEBUG FXGL.DefaultMenu     - createOptionsMenu()
13:36:04.506 [FXGL Background Thread 1 ] DEBUG FXGLAssetLoaderServi - Loading from file system: jar:file:///C:/Users/admin/.m2/repository/com/github/almasb/fxgl/17.3/fxgl-17.3.jar!/fxglassets/textures/particles/smoke.png
13:36:04.582 [FXGL Background Thread 1 ] DEBUG FXGLAssetLoaderServi - Loading from file system: jar:file:///C:/Users/admin/.m2/repository/com/github/almasb/fxgl/17.3/fxgl-17.3.jar!/fxglassets/textures/particles/trace_horizontal.png
13:36:04.609 [FXGL Background Thread 1 ] DEBUG GameApplicationServi - Application scenes initialized
13:36:04.618 [FXGL Background Thread 1 ] DEBUG SystemBundleService  - Loading FXGL system data
13:36:04.621 [FXGL Background Thread 1 ] DEBUG FileSystemAccess     - Reading from: C:\Users\admin\OneDrive\Máy tính\btl\baitaplonOOP\system\fxgl.bundle
13:36:04.626 [FXGL Background Thread 1 ] DEBUG SystemBundleService  - Bundle FXGL: {}
13:36:04.626 [FXGL Background Thread 1 ] DEBUG UpdaterService       - Checking for updates
13:36:04.630 [FXGL Background Thread 4 ] DEBUG FXGLApplication      - Loading fonts
13:36:04.631 [FXGL Background Thread 1 ] DEBUG FXGLApplication      - Loading default localization
13:36:04.631 [FXGL Background Thread 4 ] DEBUG FXGLAssetLoaderServi - Loading from file system: jar:file:///C:/Users/admin/.m2/repository/com/github/almasb/fxgl/17.3/fxgl-17.3.jar!/fxglassets/ui/fonts/VarelaRound-Regular.ttf
13:36:04.631 [FXGL Background Thread 1 ] DEBUG FXGLAssetLoaderServi - Loading from file system: jar:file:///C:/Users/admin/.m2/repository/com/github/almasb/fxgl/17.3/fxgl-17.3.jar!/fxglassets/languages/english.lang
13:36:04.647 [FXGL Background Thread 1 ] INFO  FXGLApplication      - FXGL initialization took: 0.381 sec
13:36:04.651 [JavaFX Application Thread] DEBUG Input                - Clearing active input actions
13:36:04.659 [JavaFX Application Thread] DEBUG Input                - Registered new binding: Move Up - W
13:36:04.659 [JavaFX Application Thread] DEBUG Input                - Registered new binding: Move Down - S
13:36:04.659 [JavaFX Application Thread] DEBUG Input                - Registered new binding: Move Left - A
13:36:04.660 [JavaFX Application Thread] DEBUG Input                - Registered new binding: Move Right - D
13:36:04.660 [JavaFX Application Thread] DEBUG Input                - Registered new binding: Đặt bom - Space
13:36:04.661 [JavaFX Application Thread] DEBUG FXGLAssetLoaderServi - Loading from file system: jar:file:///C:/Users/admin/.m2/repository/com/github/almasb/fxgl/17.3/fxgl-17.3.jar!/fxglassets/textures/fxgl_icon.png
13:36:04.671 [FXGL Background Thread 4 ] DEBUG FXGLAssetLoaderServi - Loading from file system: jar:file:///C:/Users/admin/.m2/repository/com/github/almasb/fxgl/17.3/fxgl-17.3.jar!/fxglassets/ui/fonts/Abel-Regular.ttf
13:36:04.678 [JavaFX Application Thread] DEBUG FXGLAssetLoaderServi - Loading from file system: jar:file:///C:/Users/admin/.m2/repository/com/github/almasb/fxgl/17.3/fxgl-17.3.jar!/fxglassets/textures/fxgl_default_cursor.png
13:36:04.680 [JavaFX Application Thread] DEBUG Input                - Registered new binding: Screenshot - CTRL+8
13:36:04.682 [JavaFX Application Thread] DEBUG Input                - Registered new binding: System info dump - CTRL+9
13:36:04.682 [JavaFX Application Thread] DEBUG Input                - Registered new binding: Restart - CTRL+R
13:36:04.683 [JavaFX Application Thread] DEBUG Input                - Registered new binding: Toggle Debug Camera - CTRL+7
13:36:04.685 [JavaFX Application Thread] DEBUG LoopRunner           - Starting loop
13:36:04.685 [JavaFX Application Thread] DEBUG LoopRunner           - Initializing JavaFX AnimationTimerLoop
13:36:04.687 [JavaFX Application Thread] DEBUG Input                - Clearing active input actions
13:36:04.689 [FXGL Background Thread 4 ] DEBUG FXGLAssetLoaderServi - Loading from file system: jar:file:///C:/Users/admin/.m2/repository/com/github/almasb/fxgl/17.3/fxgl-17.3.jar!/fxglassets/ui/fonts/TerminalLandMono-Regular.otf
13:36:04.694 [JavaFX Application Thread] DEBUG GameApplicationServi - Removing overlay from FXGLStartupScene and adding to FXGLMainMenuDummyScene
13:36:04.695 [JavaFX Application Thread] DEBUG PrimaryStageWindow   - FXGLStartupScene -> FXGLMainMenuDummyScene
13:36:04.695 [JavaFX Application Thread] DEBUG PrimaryStageWindow   - Push state: ViewMenu
13:36:04.695 [JavaFX Application Thread] DEBUG Input                - Clearing active input actions
13:36:04.704 [JavaFX Application Thread] DEBUG GameApplicationServi - Removing overlay from FXGLMainMenuDummyScene and adding to ViewMenu
13:36:04.704 [FXGL Background Thread 4 ] DEBUG FXGLAssetLoaderServi - Loading from file system: jar:file:///C:/Users/admin/.m2/repository/com/github/almasb/fxgl/17.3/fxgl-17.3.jar!/fxglassets/ui/fonts/Courier-Prime.ttf
13:36:04.705 [JavaFX Application Thread] DEBUG PrimaryStageWindow   - FXGLMainMenuDummyScene -> ViewMenu
13:36:04.772 [JavaFX Application Thread] DEBUG FXGLApplication      - Registering font factories with UI factory
13:36:05.810 [FXGL Background Thread 2 ] INFO  UpdaterService       - Your current version:  17.3
13:36:05.811 [FXGL Background Thread 2 ] INFO  UpdaterService       - Latest stable version: 21.1
13:36:07.630 [FXGL Background Thread 3 ] DEBUG Engine               - Logging environment variables
13:36:07.631 [FXGL Background Thread 3 ] DEBUG Engine               - achievements: []
13:36:07.631 [FXGL Background Thread 3 ] DEBUG Engine               - actualHeight: 480.0
13:36:07.632 [FXGL Background Thread 3 ] DEBUG Engine               - actualHeightProperty: ReadOnlyDoubleProperty [value: 480.0]
13:36:07.632 [FXGL Background Thread 3 ] DEBUG Engine               - actualWidth: 480.0
13:36:07.632 [FXGL Background Thread 3 ] DEBUG Engine               - actualWidthProperty: ReadOnlyDoubleProperty [value: 480.0]
13:36:07.632 [FXGL Background Thread 3 ] DEBUG Engine               - appIcon: fxgl_icon.png
13:36:07.633 [FXGL Background Thread 3 ] DEBUG Engine               - applicationMode: DEVELOPER
13:36:07.633 [FXGL Background Thread 3 ] DEBUG Engine               - cSSList: [fxgl_dark.css]
13:36:07.633 [FXGL Background Thread 3 ] DEBUG Engine               - collisionDetectionStrategy: BRUTE_FORCE
13:36:07.633 [FXGL Background Thread 3 ] DEBUG Engine               - configClass: Optional.empty
13:36:07.633 [FXGL Background Thread 3 ] DEBUG Engine               - credits: []
13:36:07.634 [FXGL Background Thread 3 ] DEBUG Engine               - defaultCursor: CursorInfo(imageName=fxgl_default_cursor.png, hotspotX=7.0, hotspotY=6.0)
13:36:07.635 [FXGL Background Thread 3 ] DEBUG Engine               - devBBoxColorProperty: ObjectProperty [value: 0xff0000ff]
13:36:07.635 [FXGL Background Thread 3 ] DEBUG Engine               - devEnableDebugCameraProperty: BooleanProperty [value: false]
13:36:07.635 [FXGL Background Thread 3 ] DEBUG Engine               - devSensorColorProperty: ObjectProperty [value: 0xffff00ff]
13:36:07.636 [FXGL Background Thread 3 ] DEBUG Engine               - devShowBBoxProperty: BooleanProperty [value: false]
13:36:07.636 [FXGL Background Thread 3 ] DEBUG Engine               - devShowPositionProperty: BooleanProperty [value: false]
13:36:07.636 [FXGL Background Thread 3 ] DEBUG Engine               - enabledMenuItems: []
13:36:07.636 [FXGL Background Thread 3 ] DEBUG Engine               - engineServices: [class com.almasb.fxgl.app.services.FXGLAssetLoaderService, class com.almasb.fxgl.app.FXGLApplication$GameApplicationService, class com.almasb.fxgl.app.services.FXGLDialogService, class com.almasb.fxgl.app.services.IOTaskExecutorService, class com.almasb.fxgl.io.FileSystemService, class com.almasb.fxgl.localization.LocalizationService, class com.almasb.fxgl.app.services.SystemBundleService, class com.almasb.fxgl.profile.SaveLoadService, class com.almasb.fxgl.ui.FXGLUIFactoryServiceProvider, class com.almasb.fxgl.ui.FXGLDialogFactoryServiceProvider, class com.almasb.fxgl.audio.AudioPlayer, class com.almasb.fxgl.notification.impl.NotificationServiceProvider, class com.almasb.fxgl.achievement.AchievementService, class com.almasb.fxgl.cutscene.CutsceneService, class com.almasb.fxgl.minigames.MiniGameService, class com.almasb.fxgl.net.NetService, class com.almasb.fxgl.app.services.UpdaterService, class com.almasb.fxgl.dev.DevService]
13:36:07.638 [FXGL Background Thread 3 ] DEBUG Engine               - fontGame: Abel-Regular.ttf
13:36:07.638 [FXGL Background Thread 3 ] DEBUG Engine               - fontMono: TerminalLandMono-Regular.otf
13:36:07.638 [FXGL Background Thread 3 ] DEBUG Engine               - fontSizeScaleUI: 1.0
13:36:07.638 [FXGL Background Thread 3 ] DEBUG Engine               - fontText: Courier-Prime.ttf
13:36:07.639 [FXGL Background Thread 3 ] DEBUG Engine               - fontUI: VarelaRound-Regular.ttf
13:36:07.639 [FXGL Background Thread 3 ] DEBUG Engine               - fullScreen: BooleanProperty [value: false]
13:36:07.639 [FXGL Background Thread 3 ] DEBUG Engine               - gameDifficulty: MEDIUM
13:36:07.639 [FXGL Background Thread 3 ] DEBUG Engine               - gameDifficultyProperty: ObjectProperty [value: MEDIUM]
13:36:07.640 [FXGL Background Thread 3 ] DEBUG Engine               - globalMusicVolume: 0.5
13:36:07.640 [FXGL Background Thread 3 ] DEBUG Engine               - globalMusicVolumeProperty: DoubleProperty [value: 0.5]
13:36:07.640 [FXGL Background Thread 3 ] DEBUG Engine               - globalSoundVolume: 0.5
13:36:07.640 [FXGL Background Thread 3 ] DEBUG Engine               - globalSoundVolumeProperty: DoubleProperty [value: 0.5]
13:36:07.641 [FXGL Background Thread 3 ] DEBUG Engine               - height: 480
13:36:07.641 [FXGL Background Thread 3 ] DEBUG Engine               - is3D: false
13:36:07.641 [FXGL Background Thread 3 ] DEBUG Engine               - isAndroid: false
13:36:07.641 [FXGL Background Thread 3 ] DEBUG Engine               - isBrowser: false
13:36:07.641 [FXGL Background Thread 3 ] DEBUG Engine               - isClickFeedbackEnabled: false
13:36:07.642 [FXGL Background Thread 3 ] DEBUG Engine               - isCloseConfirmation: false
13:36:07.642 [FXGL Background Thread 3 ] DEBUG Engine               - isDesktop: true
13:36:07.642 [FXGL Background Thread 3 ] DEBUG Engine               - isDeveloperMenuEnabled: false
13:36:07.642 [FXGL Background Thread 3 ] DEBUG Engine               - isEmbedded: false
13:36:07.642 [FXGL Background Thread 3 ] DEBUG Engine               - isEntityPreloadEnabled: true
13:36:07.642 [FXGL Background Thread 3 ] DEBUG Engine               - isExperimentalTiledLargeMap: false
13:36:07.643 [FXGL Background Thread 3 ] DEBUG Engine               - isFileSystemWriteAllowed: true
13:36:07.643 [FXGL Background Thread 3 ] DEBUG Engine               - isFullScreenAllowed: false
13:36:07.643 [FXGL Background Thread 3 ] DEBUG Engine               - isFullScreenFromStart: false
13:36:07.643 [FXGL Background Thread 3 ] DEBUG Engine               - isGameMenuEnabled: true
13:36:07.643 [FXGL Background Thread 3 ] DEBUG Engine               - isIOS: false
13:36:07.643 [FXGL Background Thread 3 ] DEBUG Engine               - isIntroEnabled: false
13:36:07.644 [FXGL Background Thread 3 ] DEBUG Engine               - isLinux: false
13:36:07.644 [FXGL Background Thread 3 ] DEBUG Engine               - isMac: false
13:36:07.644 [FXGL Background Thread 3 ] DEBUG Engine               - isMainMenuEnabled: true
13:36:07.644 [FXGL Background Thread 3 ] DEBUG Engine               - isManualResizeEnabled: false
13:36:07.644 [FXGL Background Thread 3 ] DEBUG Engine               - isMobile: false
13:36:07.644 [FXGL Background Thread 3 ] DEBUG Engine               - isNative: false
13:36:07.645 [FXGL Background Thread 3 ] DEBUG Engine               - isPauseMusicWhenMinimized: true
13:36:07.645 [FXGL Background Thread 3 ] DEBUG Engine               - isPreserveResizeRatio: false
13:36:07.645 [FXGL Background Thread 3 ] DEBUG Engine               - isProfilingEnabled: false
13:36:07.645 [FXGL Background Thread 3 ] DEBUG Engine               - isScaleAffectedOnResize: true
13:36:07.645 [FXGL Background Thread 3 ] DEBUG Engine               - isSingleStep: false
13:36:07.645 [FXGL Background Thread 3 ] DEBUG Engine               - isUserProfileEnabled: false
13:36:07.645 [FXGL Background Thread 3 ] DEBUG Engine               - isWindows: true
13:36:07.646 [FXGL Background Thread 3 ] DEBUG Engine               - language: ObjectProperty [value: ENGLISH]
13:36:07.646 [FXGL Background Thread 3 ] DEBUG Engine               - menuKey: ESCAPE
13:36:07.646 [FXGL Background Thread 3 ] DEBUG Engine               - mouseSensitivity: 0.2
13:36:07.646 [FXGL Background Thread 3 ] DEBUG Engine               - notificationViewClass: class com.almasb.fxgl.notification.view.XboxNotificationView
13:36:07.646 [FXGL Background Thread 3 ] DEBUG Engine               - pixelsPerMeter: 50.0
13:36:07.646 [FXGL Background Thread 3 ] DEBUG Engine               - platform: WINDOWS
13:36:07.646 [FXGL Background Thread 3 ] DEBUG Engine               - prefHeightProperty: ReadOnlyDoubleProperty [value: 480.0]
13:36:07.646 [FXGL Background Thread 3 ] DEBUG Engine               - prefWidthProperty: ReadOnlyDoubleProperty [value: 480.0]
13:36:07.647 [FXGL Background Thread 3 ] DEBUG Engine               - profileDir: profiles/
13:36:07.647 [FXGL Background Thread 3 ] DEBUG Engine               - profileName: StringProperty [value: DEFAULT]
13:36:07.647 [FXGL Background Thread 3 ] DEBUG Engine               - randomSeed: -1
13:36:07.647 [FXGL Background Thread 3 ] DEBUG Engine               - runtimeInfo: RuntimeInfo(platform=WINDOWS, version=17.3, build=30.03.2023 11.49)
13:36:07.648 [FXGL Background Thread 3 ] DEBUG Engine               - saveFileExt: sav
13:36:07.648 [FXGL Background Thread 3 ] DEBUG Engine               - scaledHeightProp$fxgl: DoubleProperty [bound, value: 480.0]
13:36:07.648 [FXGL Background Thread 3 ] DEBUG Engine               - scaledWidthProp$fxgl: DoubleProperty [bound, value: 480.0]
13:36:07.648 [FXGL Background Thread 3 ] DEBUG Engine               - sceneFactory: org.example.demo.BombermanApp$1@5cc45d70
13:36:07.648 [FXGL Background Thread 3 ] DEBUG Engine               - secondsIn24h: 60
13:36:07.648 [FXGL Background Thread 3 ] DEBUG Engine               - soundMenuBack: menu/back.wav
13:36:07.648 [FXGL Background Thread 3 ] DEBUG Engine               - soundMenuPress: menu/press.wav
13:36:07.648 [FXGL Background Thread 3 ] DEBUG Engine               - soundMenuSelect: menu/select.wav
13:36:07.648 [FXGL Background Thread 3 ] DEBUG Engine               - soundNotification: core/notification.wav
13:36:07.648 [FXGL Background Thread 3 ] DEBUG Engine               - stageStyle: DECORATED
13:36:07.648 [FXGL Background Thread 3 ] DEBUG Engine               - supportedLanguages: [ENGLISH, FRENCH, GERMAN, HUNGARIAN, RUSSIAN]
13:36:07.648 [FXGL Background Thread 3 ] DEBUG Engine               - ticksPerSecond: -1
13:36:07.649 [FXGL Background Thread 3 ] DEBUG Engine               - title: Bomberman Game
13:36:07.649 [FXGL Background Thread 3 ] DEBUG Engine               - urlGithub: https://github.com/AlmasB/FXGL
13:36:07.649 [FXGL Background Thread 3 ] DEBUG Engine               - urlLeaderboard: http://fxgl-top.herokuapp.com/
13:36:07.649 [FXGL Background Thread 3 ] DEBUG Engine               - urlPOM: https://raw.githubusercontent.com/AlmasB/FXGL/release/README.md
13:36:07.649 [FXGL Background Thread 3 ] DEBUG Engine               - userAppClass: class org.example.demo.HelloApplication
13:36:07.649 [FXGL Background Thread 3 ] DEBUG Engine               - version: 1.0
13:36:07.649 [FXGL Background Thread 3 ] DEBUG Engine               - versionCheckDays: 7
13:36:07.649 [FXGL Background Thread 3 ] DEBUG Engine               - width: 480
13:36:07.649 [FXGL Background Thread 3 ] DEBUG Engine               - Logging services
13:36:07.649 [FXGL Background Thread 3 ] DEBUG Engine               - class com.almasb.fxgl.app.services.FXGLAssetLoaderService
13:36:07.649 [FXGL Background Thread 3 ] DEBUG Engine               - class com.almasb.fxgl.app.FXGLApplication$GameApplicationService
13:36:07.649 [FXGL Background Thread 3 ] DEBUG Engine               - class com.almasb.fxgl.app.services.FXGLDialogService
13:36:07.649 [FXGL Background Thread 3 ] DEBUG Engine               - class com.almasb.fxgl.app.services.IOTaskExecutorService
13:36:07.650 [FXGL Background Thread 3 ] DEBUG Engine               - class com.almasb.fxgl.io.FileSystemService
13:36:07.650 [FXGL Background Thread 3 ] DEBUG Engine               - class com.almasb.fxgl.localization.LocalizationService
13:36:07.650 [FXGL Background Thread 3 ] DEBUG Engine               - class com.almasb.fxgl.app.services.SystemBundleService
13:36:07.650 [FXGL Background Thread 3 ] DEBUG Engine               - class com.almasb.fxgl.profile.SaveLoadService
13:36:07.650 [FXGL Background Thread 3 ] DEBUG Engine               - class com.almasb.fxgl.ui.FXGLUIFactoryServiceProvider
13:36:07.650 [FXGL Background Thread 3 ] DEBUG Engine               - class com.almasb.fxgl.ui.FXGLDialogFactoryServiceProvider
13:36:07.650 [FXGL Background Thread 3 ] DEBUG Engine               - class com.almasb.fxgl.audio.AudioPlayer
13:36:07.650 [FXGL Background Thread 3 ] DEBUG Engine               - class com.almasb.fxgl.notification.impl.NotificationServiceProvider
13:36:07.650 [FXGL Background Thread 3 ] DEBUG Engine               - class com.almasb.fxgl.achievement.AchievementService
13:36:07.650 [FXGL Background Thread 3 ] DEBUG Engine               - class com.almasb.fxgl.cutscene.CutsceneService
13:36:07.650 [FXGL Background Thread 3 ] DEBUG Engine               - class com.almasb.fxgl.minigames.MiniGameService
13:36:07.650 [FXGL Background Thread 3 ] DEBUG Engine               - class com.almasb.fxgl.net.NetService
13:36:07.650 [FXGL Background Thread 3 ] DEBUG Engine               - class com.almasb.fxgl.app.services.UpdaterService
13:36:07.650 [FXGL Background Thread 3 ] DEBUG Engine               - class com.almasb.fxgl.dev.DevService
13:36:39.812 [JavaFX Application Thread] DEBUG GameApplicationServi - Starting new game
13:36:39.813 [JavaFX Application Thread] DEBUG PrimaryStageWindow   - Pop state: ViewMenu
13:36:39.813 [JavaFX Application Thread] DEBUG Input                - Clearing active input actions
13:36:39.815 [JavaFX Application Thread] DEBUG GameApplicationServi - Removing overlay from ViewMenu and adding to FXGLMainMenuDummyScene
13:36:39.816 [JavaFX Application Thread] DEBUG PrimaryStageWindow   - FXGLMainMenuDummyScene <- ViewMenu
13:36:39.817 [JavaFX Application Thread] DEBUG Input                - Clearing active input actions
13:36:39.833 [JavaFX Application Thread] DEBUG GameApplicationServi - Removing overlay from FXGLMainMenuDummyScene and adding to FXGLLoadingScene
13:36:39.833 [JavaFX Application Thread] DEBUG PrimaryStageWindow   - FXGLMainMenuDummyScene -> FXGLLoadingScene
13:36:39.833 [JavaFX Application Thread] DEBUG GameApplicationServi - Clearing previous game
13:36:39.833 [JavaFX Application Thread] DEBUG GameScene            - Clearing game scene
13:36:39.833 [JavaFX Application Thread] DEBUG GameWorld            - Clearing game world
13:36:39.833 [JavaFX Application Thread] DEBUG PhysicsWorld         - Clearing physics world
13:36:39.835 [FXGL Background Thread 2 ] DEBUG FXGLApplication      - Initializing game
13:36:40.039 [FXGL Background Thread 2 ] INFO  FXGLApplication      - Game initialization took: 0.204 sec
13:36:40.039 [JavaFX Application Thread] DEBUG Input                - Clearing active input actions
13:36:40.051 [JavaFX Application Thread] DEBUG GameApplicationServi - Removing overlay from FXGLLoadingScene and adding to GameScene
13:36:40.051 [JavaFX Application Thread] DEBUG PrimaryStageWindow   - FXGLLoadingScene -> GameScene
13:37:08.611 [JavaFX Application Thread] DEBUG PrimaryStageWindow   - Push state: DialogSubScene
13:37:08.611 [JavaFX Application Thread] DEBUG Input                - Clearing active input actions
13:37:08.613 [JavaFX Application Thread] DEBUG GameApplicationServi - Removing overlay from GameScene and adding to DialogSubScene
13:37:08.613 [JavaFX Application Thread] DEBUG PrimaryStageWindow   - GameScene -> DialogSubScene
13:37:16.678 [JavaFX Application Thread] DEBUG GameApplicationServi - Starting new game
13:37:16.678 [JavaFX Application Thread] DEBUG PrimaryStageWindow   - Pop state: DialogSubScene
13:37:16.678 [JavaFX Application Thread] DEBUG Input                - Clearing active input actions
13:37:16.679 [JavaFX Application Thread] DEBUG GameApplicationServi - Removing overlay from DialogSubScene and adding to GameScene
13:37:16.680 [JavaFX Application Thread] DEBUG PrimaryStageWindow   - GameScene <- DialogSubScene
13:37:16.680 [JavaFX Application Thread] DEBUG Input                - Clearing active input actions
13:37:16.690 [JavaFX Application Thread] DEBUG GameApplicationServi - Removing overlay from GameScene and adding to FXGLLoadingScene
13:37:16.691 [JavaFX Application Thread] DEBUG PrimaryStageWindow   - GameScene -> FXGLLoadingScene
13:37:16.691 [JavaFX Application Thread] DEBUG GameApplicationServi - Clearing previous game
13:37:16.691 [JavaFX Application Thread] DEBUG GameScene            - Clearing game scene
13:37:16.691 [JavaFX Application Thread] DEBUG GameWorld            - Clearing game world
13:37:16.702 [JavaFX Application Thread] DEBUG PhysicsWorld         - Clearing physics world
13:37:16.704 [FXGL Background Thread 2 ] DEBUG FXGLApplication      - Initializing game
13:37:16.762 [FXGL Background Thread 2 ] INFO  FXGLApplication      - Game initialization took: 0.058 sec
13:37:16.763 [JavaFX Application Thread] DEBUG Input                - Clearing active input actions
13:37:16.767 [JavaFX Application Thread] DEBUG GameApplicationServi - Removing overlay from FXGLLoadingScene and adding to GameScene
13:37:16.767 [JavaFX Application Thread] DEBUG PrimaryStageWindow   - FXGLLoadingScene -> GameScene
13:37:19.223 [JavaFX Application Thread] DEBUG FXGLApplication      - Exiting FXGL
13:37:19.225 [JavaFX Application Thread] DEBUG LoopRunner           - Stopping loop
13:37:19.225 [JavaFX Application Thread] DEBUG SystemBundleService  - Saving FXGL system data
13:37:19.241 [JavaFX Application Thread] DEBUG FileSystemAccess     - Writing to: C:\Users\admin\OneDrive\Máy tính\btl\baitaplonOOP\system\fxgl.bundle
13:37:19.244 [JavaFX Application Thread] DEBUG Async                - Shutting down background threads
13:37:19.245 [JavaFX Application Thread] DEBUG PrimaryStageWindow   - Closing main window
13:37:19.257 [JavaFX Application Thread] DEBUG Logger               - Closing Logger
