13:17:58.191 [main                     ] DEBUG Logger               - Configured Logger
13:17:58.213 [main                     ] DEBUG GameApplication      - Logging settings
Title: Bomberman Game
Version: 1.0
Width: 480
Height: 480
Fullscreen: false
Intro: false
Profiling: false
Single step:false
App Mode: DEVELOPER
Menu Key: ESCAPE
Stage Style: DECORATED
Scene Factory: class com.almasb.fxgl.app.scene.SceneFactory

13:17:58.522 [JavaFX Application Thread] DEBUG FXGLApplication      - Initializing FXGL
13:17:58.525 [JavaFX Application Thread] INFO  Engine               - FXGL-17.3 (30.03.2023 11.49) on WINDOWS (J:23.0.2 FX:17.0.6)
13:17:58.526 [JavaFX Application Thread] DEBUG Engine               - JRE Vendor Name: Oracle Corporation
13:17:58.526 [JavaFX Application Thread] DEBUG Engine               - Running on OS: Windows 11 version 10.0
13:17:58.526 [JavaFX Application Thread] DEBUG Engine               - Architecture: amd64
13:17:58.526 [JavaFX Application Thread] INFO  Engine               - Source code and latest versions at: https://github.com/AlmasB/FXGL
13:17:58.526 [JavaFX Application Thread] INFO  Engine               -       Ask questions and discuss at: https://github.com/AlmasB/FXGL/discussions
13:17:58.526 [JavaFX Application Thread] INFO  Engine               -              Join the FXGL chat at: https://gitter.im/AlmasB/FXGL
13:17:58.601 [JavaFX Application Thread] DEBUG PrimaryStageWindow   - Creating a JavaFX scene
13:17:58.642 [JavaFX Application Thread] DEBUG PrimaryStageWindow   - Target settings size: 480.0 x 480.0
13:17:58.643 [JavaFX Application Thread] DEBUG PrimaryStageWindow   - Scaled scene size:    480.0 x 480.0
13:17:58.643 [JavaFX Application Thread] DEBUG PrimaryStageWindow   - Scaled ratio: (1.0, 1.0)
13:17:58.644 [JavaFX Application Thread] DEBUG PrimaryStageWindow   - Set initial scene to FXGLStartupScene
13:17:58.649 [JavaFX Application Thread] DEBUG PrimaryStageWindow   - Opening main window
13:17:58.717 [JavaFX Application Thread] DEBUG PrimaryStageWindow   - Window border size: (14.666656494140625, 37.33331298828125)
13:17:58.717 [JavaFX Application Thread] DEBUG PrimaryStageWindow   - Scaled size: 480.0 x 480.0
13:17:58.717 [JavaFX Application Thread] DEBUG PrimaryStageWindow   - Scaled ratio: (1.0, 1.0)
13:17:58.717 [JavaFX Application Thread] DEBUG PrimaryStageWindow   - Scene size: 480.0 x 480.0
13:17:58.718 [JavaFX Application Thread] DEBUG PrimaryStageWindow   - Stage size: 494.6666564941406 x 517.3333129882812
13:17:58.723 [FXGL Background Thread 1 ] DEBUG Engine               - Initializing environment variables
13:17:58.800 [FXGL Background Thread 1 ] DEBUG FXGLAssetLoaderServi - User app class for loading assets: class org.example.demo.HelloApplication
13:17:58.800 [FXGL Background Thread 1 ] DEBUG GameApplicationServi - Applying CSS: fxgl_dark.css
13:17:58.801 [FXGL Background Thread 1 ] DEBUG FXGLAssetLoaderServi - Loading from file system: jar:file:///C:/Users/admin/.m2/repository/com/github/almasb/fxgl/17.3/fxgl-17.3.jar!/fxglassets/ui/css/fxgl_dark.css
13:17:58.840 [FXGL Background Thread 1 ] DEBUG GameApplicationServi - Initializing application scenes
13:17:58.878 [FXGL Background Thread 1 ] DEBUG GameWorld            - Game world initialized
13:17:58.939 [FXGL Background Thread 1 ] DEBUG PhysicsWorld         - Physics world initialized: appHeight=480, physics.ppm=50.0
13:17:58.939 [FXGL Background Thread 1 ] DEBUG PhysicsWorld         - Using strategy: BRUTE_FORCE
13:17:58.943 [FXGL Background Thread 1 ] DEBUG GameScene            - Game scene initialized: 480x480
13:17:58.954 [FXGL Background Thread 1 ] WARN  FXGL.DefaultMenu     - FXGLDefaultMenu is not designed for resolutions < 800x600
13:17:58.954 [FXGL Background Thread 1 ] DEBUG FXGL.DefaultMenu     - createMenuBodyGameMenu()
13:17:58.965 [FXGL Background Thread 1 ] DEBUG FXGL.DefaultMenu     - createOptionsMenu()
13:17:58.971 [FXGL Background Thread 1 ] DEBUG FXGLAssetLoaderServi - Loading from file system: jar:file:///C:/Users/admin/.m2/repository/com/github/almasb/fxgl/17.3/fxgl-17.3.jar!/fxglassets/textures/particles/smoke.png
13:17:59.047 [FXGL Background Thread 1 ] DEBUG FXGLAssetLoaderServi - Loading from file system: jar:file:///C:/Users/admin/.m2/repository/com/github/almasb/fxgl/17.3/fxgl-17.3.jar!/fxglassets/textures/particles/trace_horizontal.png
13:17:59.069 [FXGL Background Thread 1 ] DEBUG GameApplicationServi - Application scenes initialized
13:17:59.079 [FXGL Background Thread 1 ] DEBUG SystemBundleService  - Loading FXGL system data
13:17:59.082 [FXGL Background Thread 1 ] DEBUG FileSystemAccess     - Reading from: C:\Users\admin\OneDrive\Máy tính\btl\baitaplonOOP\system\fxgl.bundle
13:17:59.088 [FXGL Background Thread 1 ] DEBUG SystemBundleService  - Bundle FXGL: {}
13:17:59.088 [FXGL Background Thread 1 ] DEBUG UpdaterService       - Checking for updates
13:17:59.092 [FXGL Background Thread 4 ] DEBUG FXGLApplication      - Loading fonts
13:17:59.094 [FXGL Background Thread 4 ] DEBUG FXGLAssetLoaderServi - Loading from file system: jar:file:///C:/Users/admin/.m2/repository/com/github/almasb/fxgl/17.3/fxgl-17.3.jar!/fxglassets/ui/fonts/VarelaRound-Regular.ttf
13:17:59.095 [FXGL Background Thread 1 ] DEBUG FXGLApplication      - Loading default localization
13:17:59.095 [FXGL Background Thread 1 ] DEBUG FXGLAssetLoaderServi - Loading from file system: jar:file:///C:/Users/admin/.m2/repository/com/github/almasb/fxgl/17.3/fxgl-17.3.jar!/fxglassets/languages/english.lang
13:17:59.124 [FXGL Background Thread 1 ] INFO  FXGLApplication      - FXGL initialization took: 0.400 sec
13:17:59.125 [JavaFX Application Thread] DEBUG FXGLAssetLoaderServi - Loading from file system: jar:file:///C:/Users/admin/.m2/repository/com/github/almasb/fxgl/17.3/fxgl-17.3.jar!/fxglassets/textures/fxgl_icon.png
13:17:59.140 [FXGL Background Thread 4 ] DEBUG FXGLAssetLoaderServi - Loading from file system: jar:file:///C:/Users/admin/.m2/repository/com/github/almasb/fxgl/17.3/fxgl-17.3.jar!/fxglassets/ui/fonts/Abel-Regular.ttf
13:17:59.141 [JavaFX Application Thread] DEBUG FXGLAssetLoaderServi - Loading from file system: jar:file:///C:/Users/admin/.m2/repository/com/github/almasb/fxgl/17.3/fxgl-17.3.jar!/fxglassets/textures/fxgl_default_cursor.png
13:17:59.153 [JavaFX Application Thread] DEBUG Input                - Registered new binding: Screenshot - CTRL+8
13:17:59.154 [JavaFX Application Thread] DEBUG Input                - Registered new binding: System info dump - CTRL+9
13:17:59.154 [JavaFX Application Thread] DEBUG Input                - Registered new binding: Restart - CTRL+R
13:17:59.155 [JavaFX Application Thread] DEBUG Input                - Registered new binding: Toggle Debug Camera - CTRL+7
13:17:59.156 [FXGL Background Thread 4 ] DEBUG FXGLAssetLoaderServi - Loading from file system: jar:file:///C:/Users/admin/.m2/repository/com/github/almasb/fxgl/17.3/fxgl-17.3.jar!/fxglassets/ui/fonts/TerminalLandMono-Regular.otf
13:17:59.156 [JavaFX Application Thread] DEBUG LoopRunner           - Starting loop
13:17:59.156 [JavaFX Application Thread] DEBUG LoopRunner           - Initializing JavaFX AnimationTimerLoop
13:17:59.157 [JavaFX Application Thread] DEBUG GameApplicationServi - Starting new game
13:17:59.158 [JavaFX Application Thread] DEBUG Input                - Clearing active input actions
13:17:59.170 [FXGL Background Thread 4 ] DEBUG FXGLAssetLoaderServi - Loading from file system: jar:file:///C:/Users/admin/.m2/repository/com/github/almasb/fxgl/17.3/fxgl-17.3.jar!/fxglassets/ui/fonts/Courier-Prime.ttf
13:17:59.173 [JavaFX Application Thread] DEBUG GameApplicationServi - Removing overlay from FXGLStartupScene and adding to FXGLLoadingScene
13:17:59.173 [JavaFX Application Thread] DEBUG PrimaryStageWindow   - FXGLStartupScene -> FXGLLoadingScene
13:17:59.173 [JavaFX Application Thread] DEBUG GameApplicationServi - Clearing previous game
13:17:59.173 [JavaFX Application Thread] DEBUG GameScene            - Clearing game scene
13:17:59.174 [JavaFX Application Thread] DEBUG GameWorld            - Clearing game world
13:17:59.174 [JavaFX Application Thread] DEBUG PhysicsWorld         - Clearing physics world
13:17:59.175 [FXGL Background Thread 1 ] DEBUG FXGLApplication      - Initializing game
13:17:59.213 [JavaFX Application Thread] DEBUG FXGLApplication      - Registering font factories with UI factory
13:17:59.362 [FXGL Background Thread 1 ] DEBUG Input                - Clearing active input actions
13:17:59.362 [FXGL Background Thread 1 ] DEBUG Input                - Registered new binding: Move Up - W
13:17:59.362 [FXGL Background Thread 1 ] DEBUG Input                - Registered new binding: Move Down - S
13:17:59.362 [FXGL Background Thread 1 ] DEBUG Input                - Registered new binding: Move Left - A
13:17:59.362 [FXGL Background Thread 1 ] DEBUG Input                - Registered new binding: Move Right - D
13:17:59.362 [FXGL Background Thread 1 ] DEBUG Input                - Registered new binding: Đặt bom - Space
13:17:59.398 [FXGL Background Thread 1 ] INFO  FXGLApplication      - Game initialization took: 0.224 sec
13:17:59.410 [JavaFX Application Thread] DEBUG Input                - Clearing active input actions
13:17:59.424 [JavaFX Application Thread] DEBUG GameApplicationServi - Removing overlay from FXGLLoadingScene and adding to GameScene
13:17:59.424 [JavaFX Application Thread] DEBUG PrimaryStageWindow   - FXGLLoadingScene -> GameScene
13:18:00.353 [FXGL Background Thread 2 ] INFO  UpdaterService       - Your current version:  17.3
13:18:00.353 [FXGL Background Thread 2 ] INFO  UpdaterService       - Latest stable version: 21.1
13:18:02.093 [FXGL Background Thread 3 ] DEBUG Engine               - Logging environment variables
13:18:02.094 [FXGL Background Thread 3 ] DEBUG Engine               - achievements: []
13:18:02.094 [FXGL Background Thread 3 ] DEBUG Engine               - actualHeight: 480.0
13:18:02.094 [FXGL Background Thread 3 ] DEBUG Engine               - actualHeightProperty: ReadOnlyDoubleProperty [value: 480.0]
13:18:02.094 [FXGL Background Thread 3 ] DEBUG Engine               - actualWidth: 480.0
13:18:02.094 [FXGL Background Thread 3 ] DEBUG Engine               - actualWidthProperty: ReadOnlyDoubleProperty [value: 480.0]
13:18:02.094 [FXGL Background Thread 3 ] DEBUG Engine               - appIcon: fxgl_icon.png
13:18:02.094 [FXGL Background Thread 3 ] DEBUG Engine               - applicationMode: DEVELOPER
13:18:02.094 [FXGL Background Thread 3 ] DEBUG Engine               - cSSList: [fxgl_dark.css]
13:18:02.094 [FXGL Background Thread 3 ] DEBUG Engine               - collisionDetectionStrategy: BRUTE_FORCE
13:18:02.095 [FXGL Background Thread 3 ] DEBUG Engine               - configClass: Optional.empty
13:18:02.095 [FXGL Background Thread 3 ] DEBUG Engine               - credits: []
13:18:02.095 [FXGL Background Thread 3 ] DEBUG Engine               - defaultCursor: CursorInfo(imageName=fxgl_default_cursor.png, hotspotX=7.0, hotspotY=6.0)
13:18:02.095 [FXGL Background Thread 3 ] DEBUG Engine               - devBBoxColorProperty: ObjectProperty [value: 0xff0000ff]
13:18:02.095 [FXGL Background Thread 3 ] DEBUG Engine               - devEnableDebugCameraProperty: BooleanProperty [value: false]
13:18:02.095 [FXGL Background Thread 3 ] DEBUG Engine               - devSensorColorProperty: ObjectProperty [value: 0xffff00ff]
13:18:02.095 [FXGL Background Thread 3 ] DEBUG Engine               - devShowBBoxProperty: BooleanProperty [value: false]
13:18:02.095 [FXGL Background Thread 3 ] DEBUG Engine               - devShowPositionProperty: BooleanProperty [value: false]
13:18:02.095 [FXGL Background Thread 3 ] DEBUG Engine               - enabledMenuItems: []
13:18:02.095 [FXGL Background Thread 3 ] DEBUG Engine               - engineServices: [class com.almasb.fxgl.app.services.FXGLAssetLoaderService, class com.almasb.fxgl.app.FXGLApplication$GameApplicationService, class com.almasb.fxgl.app.services.FXGLDialogService, class com.almasb.fxgl.app.services.IOTaskExecutorService, class com.almasb.fxgl.io.FileSystemService, class com.almasb.fxgl.localization.LocalizationService, class com.almasb.fxgl.app.services.SystemBundleService, class com.almasb.fxgl.profile.SaveLoadService, class com.almasb.fxgl.ui.FXGLUIFactoryServiceProvider, class com.almasb.fxgl.ui.FXGLDialogFactoryServiceProvider, class com.almasb.fxgl.audio.AudioPlayer, class com.almasb.fxgl.notification.impl.NotificationServiceProvider, class com.almasb.fxgl.achievement.AchievementService, class com.almasb.fxgl.cutscene.CutsceneService, class com.almasb.fxgl.minigames.MiniGameService, class com.almasb.fxgl.net.NetService, class com.almasb.fxgl.app.services.UpdaterService, class com.almasb.fxgl.dev.DevService]
13:18:02.096 [FXGL Background Thread 3 ] DEBUG Engine               - fontGame: Abel-Regular.ttf
13:18:02.096 [FXGL Background Thread 3 ] DEBUG Engine               - fontMono: TerminalLandMono-Regular.otf
13:18:02.096 [FXGL Background Thread 3 ] DEBUG Engine               - fontSizeScaleUI: 1.0
13:18:02.096 [FXGL Background Thread 3 ] DEBUG Engine               - fontText: Courier-Prime.ttf
13:18:02.096 [FXGL Background Thread 3 ] DEBUG Engine               - fontUI: VarelaRound-Regular.ttf
13:18:02.096 [FXGL Background Thread 3 ] DEBUG Engine               - fullScreen: BooleanProperty [value: false]
13:18:02.096 [FXGL Background Thread 3 ] DEBUG Engine               - gameDifficulty: MEDIUM
13:18:02.096 [FXGL Background Thread 3 ] DEBUG Engine               - gameDifficultyProperty: ObjectProperty [value: MEDIUM]
13:18:02.096 [FXGL Background Thread 3 ] DEBUG Engine               - globalMusicVolume: 0.5
13:18:02.096 [FXGL Background Thread 3 ] DEBUG Engine               - globalMusicVolumeProperty: DoubleProperty [value: 0.5]
13:18:02.096 [FXGL Background Thread 3 ] DEBUG Engine               - globalSoundVolume: 0.5
13:18:02.096 [FXGL Background Thread 3 ] DEBUG Engine               - globalSoundVolumeProperty: DoubleProperty [value: 0.5]
13:18:02.096 [FXGL Background Thread 3 ] DEBUG Engine               - height: 480
13:18:02.096 [FXGL Background Thread 3 ] DEBUG Engine               - is3D: false
13:18:02.096 [FXGL Background Thread 3 ] DEBUG Engine               - isAndroid: false
13:18:02.096 [FXGL Background Thread 3 ] DEBUG Engine               - isBrowser: false
13:18:02.097 [FXGL Background Thread 3 ] DEBUG Engine               - isClickFeedbackEnabled: false
13:18:02.097 [FXGL Background Thread 3 ] DEBUG Engine               - isCloseConfirmation: false
13:18:02.097 [FXGL Background Thread 3 ] DEBUG Engine               - isDesktop: true
13:18:02.097 [FXGL Background Thread 3 ] DEBUG Engine               - isDeveloperMenuEnabled: false
13:18:02.097 [FXGL Background Thread 3 ] DEBUG Engine               - isEmbedded: false
13:18:02.097 [FXGL Background Thread 3 ] DEBUG Engine               - isEntityPreloadEnabled: true
13:18:02.097 [FXGL Background Thread 3 ] DEBUG Engine               - isExperimentalTiledLargeMap: false
13:18:02.097 [FXGL Background Thread 3 ] DEBUG Engine               - isFileSystemWriteAllowed: true
13:18:02.097 [FXGL Background Thread 3 ] DEBUG Engine               - isFullScreenAllowed: false
13:18:02.097 [FXGL Background Thread 3 ] DEBUG Engine               - isFullScreenFromStart: false
13:18:02.097 [FXGL Background Thread 3 ] DEBUG Engine               - isGameMenuEnabled: true
13:18:02.097 [FXGL Background Thread 3 ] DEBUG Engine               - isIOS: false
13:18:02.097 [FXGL Background Thread 3 ] DEBUG Engine               - isIntroEnabled: false
13:18:02.097 [FXGL Background Thread 3 ] DEBUG Engine               - isLinux: false
13:18:02.097 [FXGL Background Thread 3 ] DEBUG Engine               - isMac: false
13:18:02.098 [FXGL Background Thread 3 ] DEBUG Engine               - isMainMenuEnabled: false
13:18:02.098 [FXGL Background Thread 3 ] DEBUG Engine               - isManualResizeEnabled: false
13:18:02.098 [FXGL Background Thread 3 ] DEBUG Engine               - isMobile: false
13:18:02.098 [FXGL Background Thread 3 ] DEBUG Engine               - isNative: false
13:18:02.098 [FXGL Background Thread 3 ] DEBUG Engine               - isPauseMusicWhenMinimized: true
13:18:02.098 [FXGL Background Thread 3 ] DEBUG Engine               - isPreserveResizeRatio: false
13:18:02.098 [FXGL Background Thread 3 ] DEBUG Engine               - isProfilingEnabled: false
13:18:02.098 [FXGL Background Thread 3 ] DEBUG Engine               - isScaleAffectedOnResize: true
13:18:02.098 [FXGL Background Thread 3 ] DEBUG Engine               - isSingleStep: false
13:18:02.098 [FXGL Background Thread 3 ] DEBUG Engine               - isUserProfileEnabled: false
13:18:02.098 [FXGL Background Thread 3 ] DEBUG Engine               - isWindows: true
13:18:02.098 [FXGL Background Thread 3 ] DEBUG Engine               - language: ObjectProperty [value: ENGLISH]
13:18:02.098 [FXGL Background Thread 3 ] DEBUG Engine               - menuKey: ESCAPE
13:18:02.098 [FXGL Background Thread 3 ] DEBUG Engine               - mouseSensitivity: 0.2
13:18:02.098 [FXGL Background Thread 3 ] DEBUG Engine               - notificationViewClass: class com.almasb.fxgl.notification.view.XboxNotificationView
13:18:02.098 [FXGL Background Thread 3 ] DEBUG Engine               - pixelsPerMeter: 50.0
13:18:02.099 [FXGL Background Thread 3 ] DEBUG Engine               - platform: WINDOWS
13:18:02.099 [FXGL Background Thread 3 ] DEBUG Engine               - prefHeightProperty: ReadOnlyDoubleProperty [value: 480.0]
13:18:02.099 [FXGL Background Thread 3 ] DEBUG Engine               - prefWidthProperty: ReadOnlyDoubleProperty [value: 480.0]
13:18:02.099 [FXGL Background Thread 3 ] DEBUG Engine               - profileDir: profiles/
13:18:02.099 [FXGL Background Thread 3 ] DEBUG Engine               - profileName: StringProperty [value: DEFAULT]
13:18:02.099 [FXGL Background Thread 3 ] DEBUG Engine               - randomSeed: -1
13:18:02.099 [FXGL Background Thread 3 ] DEBUG Engine               - runtimeInfo: RuntimeInfo(platform=WINDOWS, version=17.3, build=30.03.2023 11.49)
13:18:02.099 [FXGL Background Thread 3 ] DEBUG Engine               - saveFileExt: sav
13:18:02.099 [FXGL Background Thread 3 ] DEBUG Engine               - scaledHeightProp$fxgl: DoubleProperty [bound, value: 480.0]
13:18:02.099 [FXGL Background Thread 3 ] DEBUG Engine               - scaledWidthProp$fxgl: DoubleProperty [bound, value: 480.0]
13:18:02.099 [FXGL Background Thread 3 ] DEBUG Engine               - sceneFactory: com.almasb.fxgl.app.scene.SceneFactory@13b1a4df
13:18:02.099 [FXGL Background Thread 3 ] DEBUG Engine               - secondsIn24h: 60
13:18:02.099 [FXGL Background Thread 3 ] DEBUG Engine               - soundMenuBack: menu/back.wav
13:18:02.100 [FXGL Background Thread 3 ] DEBUG Engine               - soundMenuPress: menu/press.wav
13:18:02.100 [FXGL Background Thread 3 ] DEBUG Engine               - soundMenuSelect: menu/select.wav
13:18:02.100 [FXGL Background Thread 3 ] DEBUG Engine               - soundNotification: core/notification.wav
13:18:02.100 [FXGL Background Thread 3 ] DEBUG Engine               - stageStyle: DECORATED
13:18:02.100 [FXGL Background Thread 3 ] DEBUG Engine               - supportedLanguages: [ENGLISH, FRENCH, GERMAN, HUNGARIAN, RUSSIAN]
13:18:02.100 [FXGL Background Thread 3 ] DEBUG Engine               - ticksPerSecond: -1
13:18:02.100 [FXGL Background Thread 3 ] DEBUG Engine               - title: Bomberman Game
13:18:02.100 [FXGL Background Thread 3 ] DEBUG Engine               - urlGithub: https://github.com/AlmasB/FXGL
13:18:02.100 [FXGL Background Thread 3 ] DEBUG Engine               - urlLeaderboard: http://fxgl-top.herokuapp.com/
13:18:02.100 [FXGL Background Thread 3 ] DEBUG Engine               - urlPOM: https://raw.githubusercontent.com/AlmasB/FXGL/release/README.md
13:18:02.100 [FXGL Background Thread 3 ] DEBUG Engine               - userAppClass: class org.example.demo.HelloApplication
13:18:02.100 [FXGL Background Thread 3 ] DEBUG Engine               - version: 1.0
13:18:02.100 [FXGL Background Thread 3 ] DEBUG Engine               - versionCheckDays: 7
13:18:02.100 [FXGL Background Thread 3 ] DEBUG Engine               - width: 480
13:18:02.100 [FXGL Background Thread 3 ] DEBUG Engine               - Logging services
13:18:02.100 [FXGL Background Thread 3 ] DEBUG Engine               - class com.almasb.fxgl.app.services.FXGLAssetLoaderService
13:18:02.100 [FXGL Background Thread 3 ] DEBUG Engine               - class com.almasb.fxgl.app.FXGLApplication$GameApplicationService
13:18:02.100 [FXGL Background Thread 3 ] DEBUG Engine               - class com.almasb.fxgl.app.services.FXGLDialogService
13:18:02.100 [FXGL Background Thread 3 ] DEBUG Engine               - class com.almasb.fxgl.app.services.IOTaskExecutorService
13:18:02.100 [FXGL Background Thread 3 ] DEBUG Engine               - class com.almasb.fxgl.io.FileSystemService
13:18:02.100 [FXGL Background Thread 3 ] DEBUG Engine               - class com.almasb.fxgl.localization.LocalizationService
13:18:02.100 [FXGL Background Thread 3 ] DEBUG Engine               - class com.almasb.fxgl.app.services.SystemBundleService
13:18:02.101 [FXGL Background Thread 3 ] DEBUG Engine               - class com.almasb.fxgl.profile.SaveLoadService
13:18:02.101 [FXGL Background Thread 3 ] DEBUG Engine               - class com.almasb.fxgl.ui.FXGLUIFactoryServiceProvider
13:18:02.101 [FXGL Background Thread 3 ] DEBUG Engine               - class com.almasb.fxgl.ui.FXGLDialogFactoryServiceProvider
13:18:02.101 [FXGL Background Thread 3 ] DEBUG Engine               - class com.almasb.fxgl.audio.AudioPlayer
13:18:02.101 [FXGL Background Thread 3 ] DEBUG Engine               - class com.almasb.fxgl.notification.impl.NotificationServiceProvider
13:18:02.101 [FXGL Background Thread 3 ] DEBUG Engine               - class com.almasb.fxgl.achievement.AchievementService
13:18:02.101 [FXGL Background Thread 3 ] DEBUG Engine               - class com.almasb.fxgl.cutscene.CutsceneService
13:18:02.101 [FXGL Background Thread 3 ] DEBUG Engine               - class com.almasb.fxgl.minigames.MiniGameService
13:18:02.101 [FXGL Background Thread 3 ] DEBUG Engine               - class com.almasb.fxgl.net.NetService
13:18:02.101 [FXGL Background Thread 3 ] DEBUG Engine               - class com.almasb.fxgl.app.services.UpdaterService
13:18:02.101 [FXGL Background Thread 3 ] DEBUG Engine               - class com.almasb.fxgl.dev.DevService
13:18:02.746 [JavaFX Application Thread] WARN  FXGLAssetLoaderServi - Asset "/assets/textures/sprites/explosion.png" was not found!
13:18:02.746 [JavaFX Application Thread] WARN  FXGLAssetLoaderServi - Failed to load IMAGE
13:18:02.774 [JavaFX Application Thread] WARN  FXGLAssetLoaderServi - Asset "/assets/textures/sprites/explosion.png" was not found!
13:18:02.774 [JavaFX Application Thread] WARN  FXGLAssetLoaderServi - Failed to load IMAGE
13:18:02.777 [JavaFX Application Thread] WARN  FXGLAssetLoaderServi - Asset "/assets/textures/sprites/explosion.png" was not found!
13:18:02.778 [JavaFX Application Thread] WARN  FXGLAssetLoaderServi - Failed to load IMAGE
13:18:02.778 [JavaFX Application Thread] WARN  FXGLAssetLoaderServi - Asset "/assets/textures/sprites/explosion.png" was not found!
13:18:02.778 [JavaFX Application Thread] WARN  FXGLAssetLoaderServi - Failed to load IMAGE
13:18:02.779 [JavaFX Application Thread] WARN  FXGLAssetLoaderServi - Asset "/assets/textures/sprites/explosion.png" was not found!
13:18:02.779 [JavaFX Application Thread] WARN  FXGLAssetLoaderServi - Failed to load IMAGE
13:18:02.779 [JavaFX Application Thread] WARN  FXGLAssetLoaderServi - Asset "/assets/textures/sprites/explosion.png" was not found!
13:18:02.779 [JavaFX Application Thread] WARN  FXGLAssetLoaderServi - Failed to load IMAGE
13:18:02.780 [JavaFX Application Thread] WARN  FXGLAssetLoaderServi - Asset "/assets/textures/sprites/explosion.png" was not found!
13:18:02.780 [JavaFX Application Thread] WARN  FXGLAssetLoaderServi - Failed to load IMAGE
13:18:03.539 [JavaFX Application Thread] DEBUG PrimaryStageWindow   - Push state: DialogSubScene
13:18:03.539 [JavaFX Application Thread] DEBUG Input                - Clearing active input actions
13:18:03.542 [JavaFX Application Thread] DEBUG GameApplicationServi - Removing overlay from GameScene and adding to DialogSubScene
13:18:03.542 [JavaFX Application Thread] DEBUG PrimaryStageWindow   - GameScene -> DialogSubScene
13:18:03.856 [JavaFX Application Thread] WARN  FXGLAssetLoaderServi - Asset "/assets/textures/sprites/explosion.png" was not found!
13:18:03.856 [JavaFX Application Thread] WARN  FXGLAssetLoaderServi - Failed to load IMAGE
13:18:03.857 [JavaFX Application Thread] WARN  FXGLAssetLoaderServi - Asset "/assets/textures/sprites/explosion.png" was not found!
13:18:03.857 [JavaFX Application Thread] WARN  FXGLAssetLoaderServi - Failed to load IMAGE
13:18:03.878 [JavaFX Application Thread] WARN  FXGLAssetLoaderServi - Asset "/assets/textures/sprites/explosion.png" was not found!
13:18:03.878 [JavaFX Application Thread] WARN  FXGLAssetLoaderServi - Failed to load IMAGE
13:18:03.878 [JavaFX Application Thread] WARN  FXGLAssetLoaderServi - Asset "/assets/textures/sprites/explosion.png" was not found!
13:18:03.879 [JavaFX Application Thread] WARN  FXGLAssetLoaderServi - Failed to load IMAGE
13:18:03.879 [JavaFX Application Thread] WARN  FXGLAssetLoaderServi - Asset "/assets/textures/sprites/explosion.png" was not found!
13:18:03.879 [JavaFX Application Thread] WARN  FXGLAssetLoaderServi - Failed to load IMAGE
13:18:03.880 [JavaFX Application Thread] WARN  FXGLAssetLoaderServi - Asset "/assets/textures/sprites/explosion.png" was not found!
13:18:03.880 [JavaFX Application Thread] WARN  FXGLAssetLoaderServi - Failed to load IMAGE
13:18:03.881 [JavaFX Application Thread] WARN  FXGLAssetLoaderServi - Asset "/assets/textures/sprites/explosion.png" was not found!
13:18:03.881 [JavaFX Application Thread] WARN  FXGLAssetLoaderServi - Failed to load IMAGE
13:18:03.881 [JavaFX Application Thread] WARN  FXGLAssetLoaderServi - Asset "/assets/textures/sprites/explosion.png" was not found!
13:18:03.882 [JavaFX Application Thread] WARN  FXGLAssetLoaderServi - Failed to load IMAGE
13:18:13.177 [JavaFX Application Thread] DEBUG FXGLApplication      - Exiting FXGL
13:18:13.177 [JavaFX Application Thread] DEBUG LoopRunner           - Stopping loop
13:18:13.177 [JavaFX Application Thread] DEBUG SystemBundleService  - Saving FXGL system data
13:18:13.183 [JavaFX Application Thread] DEBUG FileSystemAccess     - Writing to: C:\Users\admin\OneDrive\Máy tính\btl\baitaplonOOP\system\fxgl.bundle
13:18:13.186 [JavaFX Application Thread] DEBUG Async                - Shutting down background threads
13:18:13.187 [JavaFX Application Thread] DEBUG PrimaryStageWindow   - Closing main window
13:18:13.212 [JavaFX Application Thread] DEBUG Logger               - Closing Logger
