15:53:44.696 [main                     ] DEBUG Logger               - Configured Logger
15:53:44.712 [main                     ] DEBUG GameApplication      - Logging settings
Title: Bomberman Game
Version: 1.0
Width: 480
Height: 480
Fullscreen: false
Intro: false
Profiling: false
Single step:false
App Mode: DEVELOPER
Menu Key: ESCAPE
Stage Style: DECORATED
Scene Factory: class com.almasb.fxgl.app.scene.SceneFactory

15:53:45.004 [JavaFX Application Thread] DEBUG FXGLApplication      - Initializing FXGL
15:53:45.008 [JavaFX Application Thread] INFO  Engine               - FXGL-17.3 (30.03.2023 11.49) on WINDOWS (J:23.0.2 FX:17.0.6)
15:53:45.008 [JavaFX Application Thread] DEBUG Engine               - JRE Vendor Name: Oracle Corporation
15:53:45.008 [JavaFX Application Thread] DEBUG Engine               - Running on OS: Windows 11 version 10.0
15:53:45.009 [JavaFX Application Thread] DEBUG Engine               - Architecture: amd64
15:53:45.009 [JavaFX Application Thread] INFO  Engine               - Source code and latest versions at: https://github.com/AlmasB/FXGL
15:53:45.009 [JavaFX Application Thread] INFO  Engine               -       Ask questions and discuss at: https://github.com/AlmasB/FXGL/discussions
15:53:45.009 [JavaFX Application Thread] INFO  Engine               -              Join the FXGL chat at: https://gitter.im/AlmasB/FXGL
15:53:45.083 [JavaFX Application Thread] DEBUG PrimaryStageWindow   - Creating a JavaFX scene
15:53:45.127 [JavaFX Application Thread] DEBUG PrimaryStageWindow   - Target settings size: 480.0 x 480.0
15:53:45.127 [JavaFX Application Thread] DEBUG PrimaryStageWindow   - Scaled scene size:    480.0 x 480.0
15:53:45.127 [JavaFX Application Thread] DEBUG PrimaryStageWindow   - Scaled ratio: (1.0, 1.0)
15:53:45.128 [JavaFX Application Thread] DEBUG PrimaryStageWindow   - Set initial scene to FXGLStartupScene
15:53:45.132 [JavaFX Application Thread] DEBUG PrimaryStageWindow   - Opening main window
15:53:45.207 [JavaFX Application Thread] DEBUG PrimaryStageWindow   - Window border size: (14.666656494140625, 37.33331298828125)
15:53:45.208 [JavaFX Application Thread] DEBUG PrimaryStageWindow   - Scaled size: 480.0 x 480.0
15:53:45.208 [JavaFX Application Thread] DEBUG PrimaryStageWindow   - Scaled ratio: (1.0, 1.0)
15:53:45.208 [JavaFX Application Thread] DEBUG PrimaryStageWindow   - Scene size: 480.0 x 480.0
15:53:45.208 [JavaFX Application Thread] DEBUG PrimaryStageWindow   - Stage size: 494.6666564941406 x 517.3333129882812
15:53:45.213 [FXGL Background Thread 1 ] DEBUG Engine               - Initializing environment variables
15:53:45.285 [FXGL Background Thread 1 ] DEBUG FXGLAssetLoaderServi - User app class for loading assets: class org.example.demo.HelloApplication
15:53:45.286 [FXGL Background Thread 1 ] DEBUG GameApplicationServi - Applying CSS: fxgl_dark.css
15:53:45.287 [FXGL Background Thread 1 ] DEBUG FXGLAssetLoaderServi - Loading from file system: jar:file:///C:/Users/admin/.m2/repository/com/github/almasb/fxgl/17.3/fxgl-17.3.jar!/fxglassets/ui/css/fxgl_dark.css
15:53:45.328 [FXGL Background Thread 1 ] DEBUG GameApplicationServi - Initializing application scenes
15:53:45.364 [FXGL Background Thread 1 ] DEBUG GameWorld            - Game world initialized
15:53:45.426 [FXGL Background Thread 1 ] DEBUG PhysicsWorld         - Physics world initialized: appHeight=480, physics.ppm=50.0
15:53:45.426 [FXGL Background Thread 1 ] DEBUG PhysicsWorld         - Using strategy: BRUTE_FORCE
15:53:45.430 [FXGL Background Thread 1 ] DEBUG GameScene            - Game scene initialized: 480x480
15:53:45.441 [FXGL Background Thread 1 ] WARN  FXGL.DefaultMenu     - FXGLDefaultMenu is not designed for resolutions < 800x600
15:53:45.442 [FXGL Background Thread 1 ] DEBUG FXGL.DefaultMenu     - createMenuBodyGameMenu()
15:53:45.453 [FXGL Background Thread 1 ] DEBUG FXGL.DefaultMenu     - createOptionsMenu()
15:53:45.459 [FXGL Background Thread 1 ] DEBUG FXGLAssetLoaderServi - Loading from file system: jar:file:///C:/Users/admin/.m2/repository/com/github/almasb/fxgl/17.3/fxgl-17.3.jar!/fxglassets/textures/particles/smoke.png
15:53:45.536 [FXGL Background Thread 1 ] DEBUG FXGLAssetLoaderServi - Loading from file system: jar:file:///C:/Users/admin/.m2/repository/com/github/almasb/fxgl/17.3/fxgl-17.3.jar!/fxglassets/textures/particles/trace_horizontal.png
15:53:45.561 [FXGL Background Thread 1 ] DEBUG GameApplicationServi - Application scenes initialized
15:53:45.571 [FXGL Background Thread 1 ] DEBUG SystemBundleService  - Loading FXGL system data
15:53:45.574 [FXGL Background Thread 1 ] DEBUG FileSystemAccess     - Reading from: C:\Users\admin\OneDrive\Máy tính\btl\baitaplonOOP\system\fxgl.bundle
15:53:45.581 [FXGL Background Thread 1 ] DEBUG SystemBundleService  - Bundle FXGL: {}
15:53:45.581 [FXGL Background Thread 1 ] DEBUG UpdaterService       - Checking for updates
15:53:45.585 [FXGL Background Thread 4 ] DEBUG FXGLApplication      - Loading fonts
15:53:45.586 [FXGL Background Thread 4 ] DEBUG FXGLAssetLoaderServi - Loading from file system: jar:file:///C:/Users/admin/.m2/repository/com/github/almasb/fxgl/17.3/fxgl-17.3.jar!/fxglassets/ui/fonts/VarelaRound-Regular.ttf
15:53:45.586 [FXGL Background Thread 1 ] DEBUG FXGLApplication      - Loading default localization
15:53:45.587 [FXGL Background Thread 1 ] DEBUG FXGLAssetLoaderServi - Loading from file system: jar:file:///C:/Users/admin/.m2/repository/com/github/almasb/fxgl/17.3/fxgl-17.3.jar!/fxglassets/languages/english.lang
15:53:45.609 [FXGL Background Thread 1 ] INFO  FXGLApplication      - FXGL initialization took: 0.396 sec
15:53:45.612 [JavaFX Application Thread] DEBUG FXGLAssetLoaderServi - Loading from file system: jar:file:///C:/Users/admin/.m2/repository/com/github/almasb/fxgl/17.3/fxgl-17.3.jar!/fxglassets/textures/fxgl_icon.png
15:53:45.629 [JavaFX Application Thread] DEBUG FXGLAssetLoaderServi - Loading from file system: jar:file:///C:/Users/admin/.m2/repository/com/github/almasb/fxgl/17.3/fxgl-17.3.jar!/fxglassets/textures/fxgl_default_cursor.png
15:53:45.630 [FXGL Background Thread 4 ] DEBUG FXGLAssetLoaderServi - Loading from file system: jar:file:///C:/Users/admin/.m2/repository/com/github/almasb/fxgl/17.3/fxgl-17.3.jar!/fxglassets/ui/fonts/Abel-Regular.ttf
15:53:45.642 [JavaFX Application Thread] DEBUG Input                - Registered new binding: Screenshot - CTRL+8
15:53:45.642 [JavaFX Application Thread] DEBUG Input                - Registered new binding: System info dump - CTRL+9
15:53:45.642 [JavaFX Application Thread] DEBUG Input                - Registered new binding: Restart - CTRL+R
15:53:45.643 [JavaFX Application Thread] DEBUG Input                - Registered new binding: Toggle Debug Camera - CTRL+7
15:53:45.643 [FXGL Background Thread 4 ] DEBUG FXGLAssetLoaderServi - Loading from file system: jar:file:///C:/Users/admin/.m2/repository/com/github/almasb/fxgl/17.3/fxgl-17.3.jar!/fxglassets/ui/fonts/TerminalLandMono-Regular.otf
15:53:45.644 [JavaFX Application Thread] DEBUG LoopRunner           - Starting loop
15:53:45.646 [JavaFX Application Thread] DEBUG LoopRunner           - Initializing JavaFX AnimationTimerLoop
15:53:45.646 [JavaFX Application Thread] DEBUG GameApplicationServi - Starting new game
15:53:45.647 [JavaFX Application Thread] DEBUG Input                - Clearing active input actions
15:53:45.657 [FXGL Background Thread 4 ] DEBUG FXGLAssetLoaderServi - Loading from file system: jar:file:///C:/Users/admin/.m2/repository/com/github/almasb/fxgl/17.3/fxgl-17.3.jar!/fxglassets/ui/fonts/Courier-Prime.ttf
15:53:45.660 [JavaFX Application Thread] DEBUG GameApplicationServi - Removing overlay from FXGLStartupScene and adding to FXGLLoadingScene
15:53:45.660 [JavaFX Application Thread] DEBUG PrimaryStageWindow   - FXGLStartupScene -> FXGLLoadingScene
15:53:45.660 [JavaFX Application Thread] DEBUG GameApplicationServi - Clearing previous game
15:53:45.660 [JavaFX Application Thread] DEBUG GameScene            - Clearing game scene
15:53:45.660 [JavaFX Application Thread] DEBUG GameWorld            - Clearing game world
15:53:45.660 [JavaFX Application Thread] DEBUG PhysicsWorld         - Clearing physics world
15:53:45.662 [FXGL Background Thread 1 ] DEBUG FXGLApplication      - Initializing game
15:53:45.703 [JavaFX Application Thread] DEBUG FXGLApplication      - Registering font factories with UI factory
15:53:45.883 [FXGL Background Thread 1 ] DEBUG Input                - Clearing active input actions
15:53:45.883 [FXGL Background Thread 1 ] DEBUG Input                - Registered new binding: Move Up - W
15:53:45.883 [FXGL Background Thread 1 ] DEBUG Input                - Registered new binding: Move Down - S
15:53:45.884 [FXGL Background Thread 1 ] DEBUG Input                - Registered new binding: Move Left - A
15:53:45.884 [FXGL Background Thread 1 ] DEBUG Input                - Registered new binding: Move Right - D
15:53:45.884 [FXGL Background Thread 1 ] DEBUG Input                - Registered new binding: Đặt bom - Space
15:53:45.909 [FXGL Background Thread 1 ] INFO  FXGLApplication      - Game initialization took: 0.248 sec
15:53:45.918 [JavaFX Application Thread] DEBUG Input                - Clearing active input actions
15:53:45.931 [JavaFX Application Thread] DEBUG GameApplicationServi - Removing overlay from FXGLLoadingScene and adding to GameScene
15:53:45.931 [JavaFX Application Thread] DEBUG PrimaryStageWindow   - FXGLLoadingScene -> GameScene
15:53:46.594 [FXGL Background Thread 2 ] INFO  UpdaterService       - Your current version:  17.3
15:53:46.595 [FXGL Background Thread 2 ] INFO  UpdaterService       - Latest stable version: 21.1
15:53:48.586 [FXGL Background Thread 3 ] DEBUG Engine               - Logging environment variables
15:53:48.587 [FXGL Background Thread 3 ] DEBUG Engine               - achievements: []
15:53:48.587 [FXGL Background Thread 3 ] DEBUG Engine               - actualHeight: 480.0
15:53:48.587 [FXGL Background Thread 3 ] DEBUG Engine               - actualHeightProperty: ReadOnlyDoubleProperty [value: 480.0]
15:53:48.588 [FXGL Background Thread 3 ] DEBUG Engine               - actualWidth: 480.0
15:53:48.588 [FXGL Background Thread 3 ] DEBUG Engine               - actualWidthProperty: ReadOnlyDoubleProperty [value: 480.0]
15:53:48.588 [FXGL Background Thread 3 ] DEBUG Engine               - appIcon: fxgl_icon.png
15:53:48.588 [FXGL Background Thread 3 ] DEBUG Engine               - applicationMode: DEVELOPER
15:53:48.588 [FXGL Background Thread 3 ] DEBUG Engine               - cSSList: [fxgl_dark.css]
15:53:48.588 [FXGL Background Thread 3 ] DEBUG Engine               - collisionDetectionStrategy: BRUTE_FORCE
15:53:48.588 [FXGL Background Thread 3 ] DEBUG Engine               - configClass: Optional.empty
15:53:48.589 [FXGL Background Thread 3 ] DEBUG Engine               - credits: []
15:53:48.589 [FXGL Background Thread 3 ] DEBUG Engine               - defaultCursor: CursorInfo(imageName=fxgl_default_cursor.png, hotspotX=7.0, hotspotY=6.0)
15:53:48.589 [FXGL Background Thread 3 ] DEBUG Engine               - devBBoxColorProperty: ObjectProperty [value: 0xff0000ff]
15:53:48.590 [FXGL Background Thread 3 ] DEBUG Engine               - devEnableDebugCameraProperty: BooleanProperty [value: false]
15:53:48.590 [FXGL Background Thread 3 ] DEBUG Engine               - devSensorColorProperty: ObjectProperty [value: 0xffff00ff]
15:53:48.590 [FXGL Background Thread 3 ] DEBUG Engine               - devShowBBoxProperty: BooleanProperty [value: false]
15:53:48.590 [FXGL Background Thread 3 ] DEBUG Engine               - devShowPositionProperty: BooleanProperty [value: false]
15:53:48.590 [FXGL Background Thread 3 ] DEBUG Engine               - enabledMenuItems: []
15:53:48.590 [FXGL Background Thread 3 ] DEBUG Engine               - engineServices: [class com.almasb.fxgl.app.services.FXGLAssetLoaderService, class com.almasb.fxgl.app.FXGLApplication$GameApplicationService, class com.almasb.fxgl.app.services.FXGLDialogService, class com.almasb.fxgl.app.services.IOTaskExecutorService, class com.almasb.fxgl.io.FileSystemService, class com.almasb.fxgl.localization.LocalizationService, class com.almasb.fxgl.app.services.SystemBundleService, class com.almasb.fxgl.profile.SaveLoadService, class com.almasb.fxgl.ui.FXGLUIFactoryServiceProvider, class com.almasb.fxgl.ui.FXGLDialogFactoryServiceProvider, class com.almasb.fxgl.audio.AudioPlayer, class com.almasb.fxgl.notification.impl.NotificationServiceProvider, class com.almasb.fxgl.achievement.AchievementService, class com.almasb.fxgl.cutscene.CutsceneService, class com.almasb.fxgl.minigames.MiniGameService, class com.almasb.fxgl.net.NetService, class com.almasb.fxgl.app.services.UpdaterService, class com.almasb.fxgl.dev.DevService]
15:53:48.590 [FXGL Background Thread 3 ] DEBUG Engine               - fontGame: Abel-Regular.ttf
15:53:48.590 [FXGL Background Thread 3 ] DEBUG Engine               - fontMono: TerminalLandMono-Regular.otf
15:53:48.590 [FXGL Background Thread 3 ] DEBUG Engine               - fontSizeScaleUI: 1.0
15:53:48.591 [FXGL Background Thread 3 ] DEBUG Engine               - fontText: Courier-Prime.ttf
15:53:48.591 [FXGL Background Thread 3 ] DEBUG Engine               - fontUI: VarelaRound-Regular.ttf
15:53:48.591 [FXGL Background Thread 3 ] DEBUG Engine               - fullScreen: BooleanProperty [value: false]
15:53:48.591 [FXGL Background Thread 3 ] DEBUG Engine               - gameDifficulty: MEDIUM
15:53:48.591 [FXGL Background Thread 3 ] DEBUG Engine               - gameDifficultyProperty: ObjectProperty [value: MEDIUM]
15:53:48.591 [FXGL Background Thread 3 ] DEBUG Engine               - globalMusicVolume: 0.5
15:53:48.591 [FXGL Background Thread 3 ] DEBUG Engine               - globalMusicVolumeProperty: DoubleProperty [value: 0.5]
15:53:48.591 [FXGL Background Thread 3 ] DEBUG Engine               - globalSoundVolume: 0.5
15:53:48.591 [FXGL Background Thread 3 ] DEBUG Engine               - globalSoundVolumeProperty: DoubleProperty [value: 0.5]
15:53:48.591 [FXGL Background Thread 3 ] DEBUG Engine               - height: 480
15:53:48.592 [FXGL Background Thread 3 ] DEBUG Engine               - is3D: false
15:53:48.592 [FXGL Background Thread 3 ] DEBUG Engine               - isAndroid: false
15:53:48.592 [FXGL Background Thread 3 ] DEBUG Engine               - isBrowser: false
15:53:48.592 [FXGL Background Thread 3 ] DEBUG Engine               - isClickFeedbackEnabled: false
15:53:48.592 [FXGL Background Thread 3 ] DEBUG Engine               - isCloseConfirmation: false
15:53:48.592 [FXGL Background Thread 3 ] DEBUG Engine               - isDesktop: true
15:53:48.592 [FXGL Background Thread 3 ] DEBUG Engine               - isDeveloperMenuEnabled: false
15:53:48.592 [FXGL Background Thread 3 ] DEBUG Engine               - isEmbedded: false
15:53:48.592 [FXGL Background Thread 3 ] DEBUG Engine               - isEntityPreloadEnabled: true
15:53:48.592 [FXGL Background Thread 3 ] DEBUG Engine               - isExperimentalTiledLargeMap: false
15:53:48.592 [FXGL Background Thread 3 ] DEBUG Engine               - isFileSystemWriteAllowed: true
15:53:48.592 [FXGL Background Thread 3 ] DEBUG Engine               - isFullScreenAllowed: false
15:53:48.592 [FXGL Background Thread 3 ] DEBUG Engine               - isFullScreenFromStart: false
15:53:48.593 [FXGL Background Thread 3 ] DEBUG Engine               - isGameMenuEnabled: true
15:53:48.593 [FXGL Background Thread 3 ] DEBUG Engine               - isIOS: false
15:53:48.593 [FXGL Background Thread 3 ] DEBUG Engine               - isIntroEnabled: false
15:53:48.593 [FXGL Background Thread 3 ] DEBUG Engine               - isLinux: false
15:53:48.593 [FXGL Background Thread 3 ] DEBUG Engine               - isMac: false
15:53:48.593 [FXGL Background Thread 3 ] DEBUG Engine               - isMainMenuEnabled: false
15:53:48.593 [FXGL Background Thread 3 ] DEBUG Engine               - isManualResizeEnabled: false
15:53:48.593 [FXGL Background Thread 3 ] DEBUG Engine               - isMobile: false
15:53:48.593 [FXGL Background Thread 3 ] DEBUG Engine               - isNative: false
15:53:48.593 [FXGL Background Thread 3 ] DEBUG Engine               - isPauseMusicWhenMinimized: true
15:53:48.593 [FXGL Background Thread 3 ] DEBUG Engine               - isPreserveResizeRatio: false
15:53:48.593 [FXGL Background Thread 3 ] DEBUG Engine               - isProfilingEnabled: false
15:53:48.593 [FXGL Background Thread 3 ] DEBUG Engine               - isScaleAffectedOnResize: true
15:53:48.594 [FXGL Background Thread 3 ] DEBUG Engine               - isSingleStep: false
15:53:48.594 [FXGL Background Thread 3 ] DEBUG Engine               - isUserProfileEnabled: false
15:53:48.594 [FXGL Background Thread 3 ] DEBUG Engine               - isWindows: true
15:53:48.594 [FXGL Background Thread 3 ] DEBUG Engine               - language: ObjectProperty [value: ENGLISH]
15:53:48.594 [FXGL Background Thread 3 ] DEBUG Engine               - menuKey: ESCAPE
15:53:48.594 [FXGL Background Thread 3 ] DEBUG Engine               - mouseSensitivity: 0.2
15:53:48.594 [FXGL Background Thread 3 ] DEBUG Engine               - notificationViewClass: class com.almasb.fxgl.notification.view.XboxNotificationView
15:53:48.594 [FXGL Background Thread 3 ] DEBUG Engine               - pixelsPerMeter: 50.0
15:53:48.594 [FXGL Background Thread 3 ] DEBUG Engine               - platform: WINDOWS
15:53:48.594 [FXGL Background Thread 3 ] DEBUG Engine               - prefHeightProperty: ReadOnlyDoubleProperty [value: 480.0]
15:53:48.594 [FXGL Background Thread 3 ] DEBUG Engine               - prefWidthProperty: ReadOnlyDoubleProperty [value: 480.0]
15:53:48.594 [FXGL Background Thread 3 ] DEBUG Engine               - profileDir: profiles/
15:53:48.594 [FXGL Background Thread 3 ] DEBUG Engine               - profileName: StringProperty [value: DEFAULT]
15:53:48.594 [FXGL Background Thread 3 ] DEBUG Engine               - randomSeed: -1
15:53:48.595 [FXGL Background Thread 3 ] DEBUG Engine               - runtimeInfo: RuntimeInfo(platform=WINDOWS, version=17.3, build=30.03.2023 11.49)
15:53:48.595 [FXGL Background Thread 3 ] DEBUG Engine               - saveFileExt: sav
15:53:48.595 [FXGL Background Thread 3 ] DEBUG Engine               - scaledHeightProp$fxgl: DoubleProperty [bound, value: 480.0]
15:53:48.595 [FXGL Background Thread 3 ] DEBUG Engine               - scaledWidthProp$fxgl: DoubleProperty [bound, value: 480.0]
15:53:48.595 [FXGL Background Thread 3 ] DEBUG Engine               - sceneFactory: com.almasb.fxgl.app.scene.SceneFactory@fe05037
15:53:48.595 [FXGL Background Thread 3 ] DEBUG Engine               - secondsIn24h: 60
15:53:48.595 [FXGL Background Thread 3 ] DEBUG Engine               - soundMenuBack: menu/back.wav
15:53:48.595 [FXGL Background Thread 3 ] DEBUG Engine               - soundMenuPress: menu/press.wav
15:53:48.595 [FXGL Background Thread 3 ] DEBUG Engine               - soundMenuSelect: menu/select.wav
15:53:48.595 [FXGL Background Thread 3 ] DEBUG Engine               - soundNotification: core/notification.wav
15:53:48.595 [FXGL Background Thread 3 ] DEBUG Engine               - stageStyle: DECORATED
15:53:48.595 [FXGL Background Thread 3 ] DEBUG Engine               - supportedLanguages: [ENGLISH, FRENCH, GERMAN, HUNGARIAN, RUSSIAN]
15:53:48.595 [FXGL Background Thread 3 ] DEBUG Engine               - ticksPerSecond: -1
15:53:48.595 [FXGL Background Thread 3 ] DEBUG Engine               - title: Bomberman Game
15:53:48.596 [FXGL Background Thread 3 ] DEBUG Engine               - urlGithub: https://github.com/AlmasB/FXGL
15:53:48.596 [FXGL Background Thread 3 ] DEBUG Engine               - urlLeaderboard: http://fxgl-top.herokuapp.com/
15:53:48.596 [FXGL Background Thread 3 ] DEBUG Engine               - urlPOM: https://raw.githubusercontent.com/AlmasB/FXGL/release/README.md
15:53:48.596 [FXGL Background Thread 3 ] DEBUG Engine               - userAppClass: class org.example.demo.HelloApplication
15:53:48.596 [FXGL Background Thread 3 ] DEBUG Engine               - version: 1.0
15:53:48.596 [FXGL Background Thread 3 ] DEBUG Engine               - versionCheckDays: 7
15:53:48.596 [FXGL Background Thread 3 ] DEBUG Engine               - width: 480
15:53:48.596 [FXGL Background Thread 3 ] DEBUG Engine               - Logging services
15:53:48.596 [FXGL Background Thread 3 ] DEBUG Engine               - class com.almasb.fxgl.app.services.FXGLAssetLoaderService
15:53:48.596 [FXGL Background Thread 3 ] DEBUG Engine               - class com.almasb.fxgl.app.FXGLApplication$GameApplicationService
15:53:48.596 [FXGL Background Thread 3 ] DEBUG Engine               - class com.almasb.fxgl.app.services.FXGLDialogService
15:53:48.596 [FXGL Background Thread 3 ] DEBUG Engine               - class com.almasb.fxgl.app.services.IOTaskExecutorService
15:53:48.596 [FXGL Background Thread 3 ] DEBUG Engine               - class com.almasb.fxgl.io.FileSystemService
15:53:48.596 [FXGL Background Thread 3 ] DEBUG Engine               - class com.almasb.fxgl.localization.LocalizationService
15:53:48.596 [FXGL Background Thread 3 ] DEBUG Engine               - class com.almasb.fxgl.app.services.SystemBundleService
15:53:48.596 [FXGL Background Thread 3 ] DEBUG Engine               - class com.almasb.fxgl.profile.SaveLoadService
15:53:48.596 [FXGL Background Thread 3 ] DEBUG Engine               - class com.almasb.fxgl.ui.FXGLUIFactoryServiceProvider
15:53:48.596 [FXGL Background Thread 3 ] DEBUG Engine               - class com.almasb.fxgl.ui.FXGLDialogFactoryServiceProvider
15:53:48.596 [FXGL Background Thread 3 ] DEBUG Engine               - class com.almasb.fxgl.audio.AudioPlayer
15:53:48.596 [FXGL Background Thread 3 ] DEBUG Engine               - class com.almasb.fxgl.notification.impl.NotificationServiceProvider
15:53:48.596 [FXGL Background Thread 3 ] DEBUG Engine               - class com.almasb.fxgl.achievement.AchievementService
15:53:48.596 [FXGL Background Thread 3 ] DEBUG Engine               - class com.almasb.fxgl.cutscene.CutsceneService
15:53:48.597 [FXGL Background Thread 3 ] DEBUG Engine               - class com.almasb.fxgl.minigames.MiniGameService
15:53:48.597 [FXGL Background Thread 3 ] DEBUG Engine               - class com.almasb.fxgl.net.NetService
15:53:48.597 [FXGL Background Thread 3 ] DEBUG Engine               - class com.almasb.fxgl.app.services.UpdaterService
15:53:48.597 [FXGL Background Thread 3 ] DEBUG Engine               - class com.almasb.fxgl.dev.DevService
15:54:05.226 [JavaFX Application Thread] DEBUG FXGLApplication      - Exiting FXGL
15:54:05.227 [JavaFX Application Thread] DEBUG LoopRunner           - Stopping loop
15:54:05.227 [JavaFX Application Thread] DEBUG SystemBundleService  - Saving FXGL system data
15:54:05.230 [JavaFX Application Thread] DEBUG FileSystemAccess     - Writing to: C:\Users\admin\OneDrive\Máy tính\btl\baitaplonOOP\system\fxgl.bundle
15:54:05.234 [JavaFX Application Thread] DEBUG Async                - Shutting down background threads
15:54:05.234 [JavaFX Application Thread] DEBUG PrimaryStageWindow   - Closing main window
15:54:05.261 [JavaFX Application Thread] DEBUG Logger               - Closing Logger
