20:59:35.326 [main                     ] DEBUG Logger               - Configured Logger
20:59:35.350 [main                     ] DEBUG GameApplication      - Logging settings
Title: Bomberman Game
Version: 1.0
Width: 480
Height: 480
Fullscreen: false
Intro: false
Profiling: false
Single step:false
App Mode: DEVELOPER
Menu Key: ESCAPE
Stage Style: DECORATED
Scene Factory: class org.example.demo.BombermanApp$1

20:59:35.913 [JavaFX Application Thread] DEBUG FXGLApplication      - Initializing FXGL
20:59:35.918 [JavaFX Application Thread] INFO  Engine               - FXGL-17.3 (30.03.2023 11.49) on WINDOWS (J:23.0.2 FX:17.0.6)
20:59:35.919 [JavaFX Application Thread] DEBUG Engine               - JRE Vendor Name: Oracle Corporation
20:59:35.919 [JavaFX Application Thread] DEBUG Engine               - Running on OS: Windows 11 version 10.0
20:59:35.919 [JavaFX Application Thread] DEBUG Engine               - Architecture: amd64
20:59:35.919 [JavaFX Application Thread] INFO  Engine               - Source code and latest versions at: https://github.com/AlmasB/FXGL
20:59:35.919 [JavaFX Application Thread] INFO  Engine               -       Ask questions and discuss at: https://github.com/AlmasB/FXGL/discussions
20:59:35.919 [JavaFX Application Thread] INFO  Engine               -              Join the FXGL chat at: https://gitter.im/AlmasB/FXGL
20:59:36.027 [JavaFX Application Thread] DEBUG PrimaryStageWindow   - Creating a JavaFX scene
20:59:36.073 [JavaFX Application Thread] DEBUG PrimaryStageWindow   - Target settings size: 480.0 x 480.0
20:59:36.073 [JavaFX Application Thread] DEBUG PrimaryStageWindow   - Scaled scene size:    480.0 x 480.0
20:59:36.073 [JavaFX Application Thread] DEBUG PrimaryStageWindow   - Scaled ratio: (1.0, 1.0)
20:59:36.074 [JavaFX Application Thread] DEBUG PrimaryStageWindow   - Set initial scene to FXGLStartupScene
20:59:36.081 [JavaFX Application Thread] DEBUG PrimaryStageWindow   - Opening main window
20:59:36.184 [JavaFX Application Thread] DEBUG PrimaryStageWindow   - Window border size: (14.666656494140625, 37.33331298828125)
20:59:36.184 [JavaFX Application Thread] DEBUG PrimaryStageWindow   - Scaled size: 480.0 x 480.0
20:59:36.185 [JavaFX Application Thread] DEBUG PrimaryStageWindow   - Scaled ratio: (1.0, 1.0)
20:59:36.185 [JavaFX Application Thread] DEBUG PrimaryStageWindow   - Scene size: 480.0 x 480.0
20:59:36.185 [JavaFX Application Thread] DEBUG PrimaryStageWindow   - Stage size: 494.6666564941406 x 517.3333129882812
20:59:36.192 [FXGL Background Thread 1 ] DEBUG Engine               - Initializing environment variables
20:59:36.237 [FXGL Background Thread 1 ] DEBUG FXGLAssetLoaderServi - User app class for loading assets: class org.example.demo.HelloApplication
20:59:36.237 [FXGL Background Thread 1 ] DEBUG GameApplicationServi - Applying CSS: fxgl_dark.css
20:59:36.238 [FXGL Background Thread 1 ] DEBUG FXGLAssetLoaderServi - Loading from file system: jar:file:///C:/Users/My%20Laptop/.m2/repository/com/github/almasb/fxgl/17.3/fxgl-17.3.jar!/fxglassets/ui/css/fxgl_dark.css
20:59:36.288 [FXGL Background Thread 1 ] DEBUG GameApplicationServi - Initializing application scenes
20:59:36.331 [FXGL Background Thread 1 ] DEBUG GameWorld            - Game world initialized
20:59:36.394 [FXGL Background Thread 1 ] DEBUG PhysicsWorld         - Physics world initialized: appHeight=480, physics.ppm=50.0
20:59:36.394 [FXGL Background Thread 1 ] DEBUG PhysicsWorld         - Using strategy: BRUTE_FORCE
20:59:36.398 [FXGL Background Thread 1 ] DEBUG GameScene            - Game scene initialized: 480x480
20:59:36.419 [FXGL Background Thread 1 ] WARN  FXGL.DefaultMenu     - FXGLDefaultMenu is not designed for resolutions < 800x600
20:59:36.419 [FXGL Background Thread 1 ] DEBUG FXGL.DefaultMenu     - createMenuBodyGameMenu()
20:59:36.432 [FXGL Background Thread 1 ] DEBUG FXGL.DefaultMenu     - createOptionsMenu()
20:59:36.442 [FXGL Background Thread 1 ] DEBUG FXGLAssetLoaderServi - Loading from file system: jar:file:///C:/Users/My%20Laptop/.m2/repository/com/github/almasb/fxgl/17.3/fxgl-17.3.jar!/fxglassets/textures/particles/smoke.png
20:59:36.552 [FXGL Background Thread 1 ] DEBUG FXGLAssetLoaderServi - Loading from file system: jar:file:///C:/Users/My%20Laptop/.m2/repository/com/github/almasb/fxgl/17.3/fxgl-17.3.jar!/fxglassets/textures/particles/trace_horizontal.png
20:59:36.594 [FXGL Background Thread 1 ] DEBUG GameApplicationServi - Application scenes initialized
20:59:36.608 [FXGL Background Thread 1 ] DEBUG SystemBundleService  - Loading FXGL system data
20:59:36.610 [FXGL Background Thread 1 ] DEBUG FileSystemAccess     - Reading from: C:\OOP\baitaplonOOP\system\fxgl.bundle
20:59:36.613 [FXGL Background Thread 1 ] DEBUG SystemBundleService  - Bundle FXGL: {}
20:59:36.613 [FXGL Background Thread 1 ] DEBUG UpdaterService       - Checking for updates
20:59:36.618 [FXGL Background Thread 4 ] DEBUG FXGLApplication      - Loading fonts
20:59:36.619 [FXGL Background Thread 4 ] DEBUG FXGLAssetLoaderServi - Loading from file system: jar:file:///C:/Users/My%20Laptop/.m2/repository/com/github/almasb/fxgl/17.3/fxgl-17.3.jar!/fxglassets/ui/fonts/VarelaRound-Regular.ttf
20:59:36.619 [FXGL Background Thread 1 ] DEBUG FXGLApplication      - Loading default localization
20:59:36.620 [FXGL Background Thread 1 ] DEBUG FXGLAssetLoaderServi - Loading from file system: jar:file:///C:/Users/My%20Laptop/.m2/repository/com/github/almasb/fxgl/17.3/fxgl-17.3.jar!/fxglassets/languages/english.lang
20:59:36.638 [FXGL Background Thread 1 ] INFO  FXGLApplication      - FXGL initialization took: 0.446 sec
20:59:36.649 [JavaFX Application Thread] DEBUG Input                - Clearing active input actions
20:59:36.661 [FXGL Background Thread 4 ] DEBUG FXGLAssetLoaderServi - Loading from file system: jar:file:///C:/Users/My%20Laptop/.m2/repository/com/github/almasb/fxgl/17.3/fxgl-17.3.jar!/fxglassets/ui/fonts/Abel-Regular.ttf
20:59:36.664 [JavaFX Application Thread] DEBUG Input                - Registered new binding: Move Up - W
20:59:36.664 [JavaFX Application Thread] DEBUG Input                - Registered new binding: Move Down - S
20:59:36.664 [JavaFX Application Thread] DEBUG Input                - Registered new binding: Move Left - A
20:59:36.664 [JavaFX Application Thread] DEBUG Input                - Registered new binding: Move Right - D
20:59:36.664 [JavaFX Application Thread] DEBUG Input                - Registered new binding: Đặt bom - Space
20:59:36.664 [JavaFX Application Thread] DEBUG FXGLAssetLoaderServi - Loading from file system: jar:file:///C:/Users/My%20Laptop/.m2/repository/com/github/almasb/fxgl/17.3/fxgl-17.3.jar!/fxglassets/textures/fxgl_icon.png
20:59:36.677 [FXGL Background Thread 4 ] DEBUG FXGLAssetLoaderServi - Loading from file system: jar:file:///C:/Users/My%20Laptop/.m2/repository/com/github/almasb/fxgl/17.3/fxgl-17.3.jar!/fxglassets/ui/fonts/TerminalLandMono-Regular.otf
20:59:36.695 [JavaFX Application Thread] DEBUG FXGLAssetLoaderServi - Loading from file system: jar:file:///C:/Users/My%20Laptop/.m2/repository/com/github/almasb/fxgl/17.3/fxgl-17.3.jar!/fxglassets/textures/fxgl_default_cursor.png
20:59:36.698 [JavaFX Application Thread] DEBUG Input                - Registered new binding: Screenshot - CTRL+8
20:59:36.700 [JavaFX Application Thread] DEBUG Input                - Registered new binding: System info dump - CTRL+9
20:59:36.700 [JavaFX Application Thread] DEBUG Input                - Registered new binding: Restart - CTRL+R
20:59:36.700 [JavaFX Application Thread] DEBUG Input                - Registered new binding: Toggle Debug Camera - CTRL+7
20:59:36.704 [JavaFX Application Thread] DEBUG LoopRunner           - Starting loop
20:59:36.704 [JavaFX Application Thread] DEBUG LoopRunner           - Initializing JavaFX AnimationTimerLoop
20:59:36.707 [JavaFX Application Thread] DEBUG Input                - Clearing active input actions
20:59:36.715 [JavaFX Application Thread] DEBUG GameApplicationServi - Removing overlay from FXGLStartupScene and adding to FXGLMainMenuDummyScene
20:59:36.715 [JavaFX Application Thread] DEBUG PrimaryStageWindow   - FXGLStartupScene -> FXGLMainMenuDummyScene
20:59:36.715 [JavaFX Application Thread] DEBUG PrimaryStageWindow   - Push state: ViewMenu
20:59:36.715 [JavaFX Application Thread] DEBUG Input                - Clearing active input actions
20:59:36.725 [JavaFX Application Thread] DEBUG GameApplicationServi - Removing overlay from FXGLMainMenuDummyScene and adding to ViewMenu
20:59:36.725 [JavaFX Application Thread] DEBUG PrimaryStageWindow   - FXGLMainMenuDummyScene -> ViewMenu
20:59:36.759 [FXGL Background Thread 4 ] DEBUG FXGLAssetLoaderServi - Loading from file system: jar:file:///C:/Users/My%20Laptop/.m2/repository/com/github/almasb/fxgl/17.3/fxgl-17.3.jar!/fxglassets/ui/fonts/Courier-Prime.ttf
20:59:36.832 [JavaFX Application Thread] DEBUG FXGLApplication      - Registering font factories with UI factory
20:59:37.978 [FXGL Background Thread 2 ] INFO  UpdaterService       - Your current version:  17.3
20:59:37.979 [FXGL Background Thread 2 ] INFO  UpdaterService       - Latest stable version: 21.1
20:59:38.474 [JavaFX Application Thread] DEBUG FXGLApplication      - Exiting FXGL
20:59:38.476 [JavaFX Application Thread] DEBUG LoopRunner           - Stopping loop
20:59:38.476 [JavaFX Application Thread] DEBUG SystemBundleService  - Saving FXGL system data
20:59:38.477 [JavaFX Application Thread] DEBUG FileSystemAccess     - Writing to: C:\OOP\baitaplonOOP\system\fxgl.bundle
20:59:38.477 [JavaFX Application Thread] DEBUG Async                - Shutting down background threads
20:59:38.477 [JavaFX Application Thread] DEBUG PrimaryStageWindow   - Closing main window
20:59:38.494 [JavaFX Application Thread] DEBUG Logger               - Closing Logger
