22:59:50.385 [main                     ] DEBUG Logger               - Configured Logger
22:59:50.408 [main                     ] DEBUG GameApplication      - Logging settings
Title: Bomberman Game
Version: 1.0
Width: 480
Height: 480
Fullscreen: false
Intro: false
Profiling: false
Single step:false
App Mode: DEVELOPER
Menu Key: ESCAPE
Stage Style: DECORATED
Scene Factory: class com.almasb.fxgl.app.scene.SceneFactory

22:59:50.737 [JavaFX Application Thread] DEBUG FXGLApplication      - Initializing FXGL
22:59:50.741 [JavaFX Application Thread] INFO  Engine               - FXGL-17.3 (30.03.2023 11.49) on WINDOWS (J:23.0.2 FX:17.0.6)
22:59:50.742 [JavaFX Application Thread] DEBUG Engine               - JRE Vendor Name: Oracle Corporation
22:59:50.742 [JavaFX Application Thread] DEBUG Engine               - Running on OS: Windows 11 version 10.0
22:59:50.742 [JavaFX Application Thread] DEBUG Engine               - Architecture: amd64
22:59:50.742 [JavaFX Application Thread] INFO  Engine               - Source code and latest versions at: https://github.com/AlmasB/FXGL
22:59:50.742 [JavaFX Application Thread] INFO  Engine               -       Ask questions and discuss at: https://github.com/AlmasB/FXGL/discussions
22:59:50.742 [JavaFX Application Thread] INFO  Engine               -              Join the FXGL chat at: https://gitter.im/AlmasB/FXGL
22:59:50.833 [JavaFX Application Thread] DEBUG PrimaryStageWindow   - Creating a JavaFX scene
22:59:50.893 [JavaFX Application Thread] DEBUG PrimaryStageWindow   - Target settings size: 480.0 x 480.0
22:59:50.893 [JavaFX Application Thread] DEBUG PrimaryStageWindow   - Scaled scene size:    480.0 x 480.0
22:59:50.893 [JavaFX Application Thread] DEBUG PrimaryStageWindow   - Scaled ratio: (1.0, 1.0)
22:59:50.893 [JavaFX Application Thread] DEBUG PrimaryStageWindow   - Set initial scene to FXGLStartupScene
22:59:50.903 [JavaFX Application Thread] DEBUG PrimaryStageWindow   - Opening main window
22:59:50.990 [JavaFX Application Thread] DEBUG PrimaryStageWindow   - Window border size: (14.666656494140625, 37.33331298828125)
22:59:50.990 [JavaFX Application Thread] DEBUG PrimaryStageWindow   - Scaled size: 480.0 x 480.0
22:59:50.990 [JavaFX Application Thread] DEBUG PrimaryStageWindow   - Scaled ratio: (1.0, 1.0)
22:59:50.990 [JavaFX Application Thread] DEBUG PrimaryStageWindow   - Scene size: 480.0 x 480.0
22:59:50.991 [JavaFX Application Thread] DEBUG PrimaryStageWindow   - Stage size: 494.6666564941406 x 517.3333129882812
22:59:50.998 [FXGL Background Thread 1 ] DEBUG Engine               - Initializing environment variables
22:59:51.073 [FXGL Background Thread 1 ] DEBUG FXGLAssetLoaderServi - User app class for loading assets: class org.example.demo.HelloApplication
22:59:51.073 [FXGL Background Thread 1 ] DEBUG GameApplicationServi - Applying CSS: fxgl_dark.css
22:59:51.074 [FXGL Background Thread 1 ] DEBUG FXGLAssetLoaderServi - Loading from file system: jar:file:///C:/Users/admin/.m2/repository/com/github/almasb/fxgl/17.3/fxgl-17.3.jar!/fxglassets/ui/css/fxgl_dark.css
22:59:51.118 [FXGL Background Thread 1 ] DEBUG GameApplicationServi - Initializing application scenes
22:59:51.159 [FXGL Background Thread 1 ] DEBUG GameWorld            - Game world initialized
22:59:51.212 [FXGL Background Thread 1 ] DEBUG PhysicsWorld         - Physics world initialized: appHeight=480, physics.ppm=50.0
22:59:51.212 [FXGL Background Thread 1 ] DEBUG PhysicsWorld         - Using strategy: BRUTE_FORCE
22:59:51.215 [FXGL Background Thread 1 ] DEBUG GameScene            - Game scene initialized: 480x480
22:59:51.226 [FXGL Background Thread 1 ] WARN  FXGL.DefaultMenu     - FXGLDefaultMenu is not designed for resolutions < 800x600
22:59:51.226 [FXGL Background Thread 1 ] DEBUG FXGL.DefaultMenu     - createMenuBodyGameMenu()
22:59:51.239 [FXGL Background Thread 1 ] DEBUG FXGL.DefaultMenu     - createOptionsMenu()
22:59:51.248 [FXGL Background Thread 1 ] DEBUG FXGLAssetLoaderServi - Loading from file system: jar:file:///C:/Users/admin/.m2/repository/com/github/almasb/fxgl/17.3/fxgl-17.3.jar!/fxglassets/textures/particles/smoke.png
22:59:51.329 [FXGL Background Thread 1 ] DEBUG FXGLAssetLoaderServi - Loading from file system: jar:file:///C:/Users/admin/.m2/repository/com/github/almasb/fxgl/17.3/fxgl-17.3.jar!/fxglassets/textures/particles/trace_horizontal.png
22:59:51.352 [FXGL Background Thread 1 ] DEBUG GameApplicationServi - Application scenes initialized
22:59:51.364 [FXGL Background Thread 1 ] DEBUG SystemBundleService  - Loading FXGL system data
22:59:51.367 [FXGL Background Thread 1 ] DEBUG FileSystemAccess     - Reading from: C:\Users\admin\OneDrive\Máy tính\btl\baitaplonOOP\system\fxgl.bundle
22:59:51.376 [FXGL Background Thread 1 ] DEBUG SystemBundleService  - Bundle FXGL: {}
22:59:51.376 [FXGL Background Thread 1 ] DEBUG UpdaterService       - Checking for updates
22:59:51.380 [FXGL Background Thread 4 ] DEBUG FXGLApplication      - Loading fonts
22:59:51.381 [FXGL Background Thread 1 ] DEBUG FXGLApplication      - Loading default localization
22:59:51.381 [FXGL Background Thread 4 ] DEBUG FXGLAssetLoaderServi - Loading from file system: jar:file:///C:/Users/admin/.m2/repository/com/github/almasb/fxgl/17.3/fxgl-17.3.jar!/fxglassets/ui/fonts/VarelaRound-Regular.ttf
22:59:51.381 [FXGL Background Thread 1 ] DEBUG FXGLAssetLoaderServi - Loading from file system: jar:file:///C:/Users/admin/.m2/repository/com/github/almasb/fxgl/17.3/fxgl-17.3.jar!/fxglassets/languages/english.lang
22:59:51.400 [FXGL Background Thread 1 ] INFO  FXGLApplication      - FXGL initialization took: 0.401 sec
22:59:51.406 [JavaFX Application Thread] DEBUG Input                - Clearing active input actions
22:59:51.415 [JavaFX Application Thread] DEBUG Input                - Registered new binding: Move Up - W
22:59:51.415 [JavaFX Application Thread] DEBUG Input                - Registered new binding: Move Down - S
22:59:51.415 [JavaFX Application Thread] DEBUG Input                - Registered new binding: Move Left - A
22:59:51.415 [JavaFX Application Thread] DEBUG Input                - Registered new binding: Move Right - D
22:59:51.415 [JavaFX Application Thread] DEBUG Input                - Registered new binding: Đặt bom - Space
22:59:51.416 [JavaFX Application Thread] DEBUG FXGLAssetLoaderServi - Loading from file system: jar:file:///C:/Users/admin/.m2/repository/com/github/almasb/fxgl/17.3/fxgl-17.3.jar!/fxglassets/textures/fxgl_icon.png
22:59:51.429 [FXGL Background Thread 4 ] DEBUG FXGLAssetLoaderServi - Loading from file system: jar:file:///C:/Users/admin/.m2/repository/com/github/almasb/fxgl/17.3/fxgl-17.3.jar!/fxglassets/ui/fonts/Abel-Regular.ttf
22:59:51.436 [JavaFX Application Thread] DEBUG FXGLAssetLoaderServi - Loading from file system: jar:file:///C:/Users/admin/.m2/repository/com/github/almasb/fxgl/17.3/fxgl-17.3.jar!/fxglassets/textures/fxgl_default_cursor.png
22:59:51.441 [JavaFX Application Thread] DEBUG Input                - Registered new binding: Screenshot - CTRL+8
22:59:51.441 [JavaFX Application Thread] DEBUG Input                - Registered new binding: System info dump - CTRL+9
22:59:51.441 [JavaFX Application Thread] DEBUG Input                - Registered new binding: Restart - CTRL+R
22:59:51.442 [JavaFX Application Thread] DEBUG Input                - Registered new binding: Toggle Debug Camera - CTRL+7
22:59:51.445 [JavaFX Application Thread] DEBUG LoopRunner           - Starting loop
22:59:51.445 [JavaFX Application Thread] DEBUG LoopRunner           - Initializing JavaFX AnimationTimerLoop
22:59:51.445 [FXGL Background Thread 4 ] DEBUG FXGLAssetLoaderServi - Loading from file system: jar:file:///C:/Users/admin/.m2/repository/com/github/almasb/fxgl/17.3/fxgl-17.3.jar!/fxglassets/ui/fonts/TerminalLandMono-Regular.otf
22:59:51.449 [JavaFX Application Thread] DEBUG GameApplicationServi - Starting new game
22:59:51.449 [JavaFX Application Thread] DEBUG Input                - Clearing active input actions
22:59:51.462 [JavaFX Application Thread] DEBUG GameApplicationServi - Removing overlay from FXGLStartupScene and adding to FXGLLoadingScene
22:59:51.462 [JavaFX Application Thread] DEBUG PrimaryStageWindow   - FXGLStartupScene -> FXGLLoadingScene
22:59:51.462 [JavaFX Application Thread] DEBUG GameApplicationServi - Clearing previous game
22:59:51.462 [JavaFX Application Thread] DEBUG GameScene            - Clearing game scene
22:59:51.463 [JavaFX Application Thread] DEBUG GameWorld            - Clearing game world
22:59:51.463 [JavaFX Application Thread] DEBUG PhysicsWorld         - Clearing physics world
22:59:51.463 [FXGL Background Thread 4 ] DEBUG FXGLAssetLoaderServi - Loading from file system: jar:file:///C:/Users/admin/.m2/repository/com/github/almasb/fxgl/17.3/fxgl-17.3.jar!/fxglassets/ui/fonts/Courier-Prime.ttf
22:59:51.464 [FXGL Background Thread 1 ] DEBUG FXGLApplication      - Initializing game
22:59:51.511 [JavaFX Application Thread] DEBUG FXGLApplication      - Registering font factories with UI factory
22:59:51.754 [FXGL Background Thread 1 ] INFO  FXGLApplication      - Game initialization took: 0.290 sec
22:59:51.756 [JavaFX Application Thread] DEBUG Input                - Clearing active input actions
22:59:51.777 [JavaFX Application Thread] DEBUG GameApplicationServi - Removing overlay from FXGLLoadingScene and adding to GameScene
22:59:51.777 [JavaFX Application Thread] DEBUG PrimaryStageWindow   - FXGLLoadingScene -> GameScene
22:59:52.033 [FXGL Background Thread 2 ] INFO  UpdaterService       - Your current version:  17.3
22:59:52.033 [FXGL Background Thread 2 ] INFO  UpdaterService       - Latest stable version: 21.1
22:59:54.380 [FXGL Background Thread 3 ] DEBUG Engine               - Logging environment variables
22:59:54.382 [FXGL Background Thread 3 ] DEBUG Engine               - achievements: []
22:59:54.382 [FXGL Background Thread 3 ] DEBUG Engine               - actualHeight: 480.0
22:59:54.382 [FXGL Background Thread 3 ] DEBUG Engine               - actualHeightProperty: ReadOnlyDoubleProperty [value: 480.0]
22:59:54.382 [FXGL Background Thread 3 ] DEBUG Engine               - actualWidth: 480.0
22:59:54.382 [FXGL Background Thread 3 ] DEBUG Engine               - actualWidthProperty: ReadOnlyDoubleProperty [value: 480.0]
22:59:54.383 [FXGL Background Thread 3 ] DEBUG Engine               - appIcon: fxgl_icon.png
22:59:54.383 [FXGL Background Thread 3 ] DEBUG Engine               - applicationMode: DEVELOPER
22:59:54.383 [FXGL Background Thread 3 ] DEBUG Engine               - cSSList: [fxgl_dark.css]
22:59:54.383 [FXGL Background Thread 3 ] DEBUG Engine               - collisionDetectionStrategy: BRUTE_FORCE
22:59:54.383 [FXGL Background Thread 3 ] DEBUG Engine               - configClass: Optional.empty
22:59:54.383 [FXGL Background Thread 3 ] DEBUG Engine               - credits: []
22:59:54.384 [FXGL Background Thread 3 ] DEBUG Engine               - defaultCursor: CursorInfo(imageName=fxgl_default_cursor.png, hotspotX=7.0, hotspotY=6.0)
22:59:54.385 [FXGL Background Thread 3 ] DEBUG Engine               - devBBoxColorProperty: ObjectProperty [value: 0xff0000ff]
22:59:54.385 [FXGL Background Thread 3 ] DEBUG Engine               - devEnableDebugCameraProperty: BooleanProperty [value: false]
22:59:54.385 [FXGL Background Thread 3 ] DEBUG Engine               - devSensorColorProperty: ObjectProperty [value: 0xffff00ff]
22:59:54.385 [FXGL Background Thread 3 ] DEBUG Engine               - devShowBBoxProperty: BooleanProperty [value: false]
22:59:54.385 [FXGL Background Thread 3 ] DEBUG Engine               - devShowPositionProperty: BooleanProperty [value: false]
22:59:54.386 [FXGL Background Thread 3 ] DEBUG Engine               - enabledMenuItems: []
22:59:54.386 [FXGL Background Thread 3 ] DEBUG Engine               - engineServices: [class com.almasb.fxgl.app.services.FXGLAssetLoaderService, class com.almasb.fxgl.app.FXGLApplication$GameApplicationService, class com.almasb.fxgl.app.services.FXGLDialogService, class com.almasb.fxgl.app.services.IOTaskExecutorService, class com.almasb.fxgl.io.FileSystemService, class com.almasb.fxgl.localization.LocalizationService, class com.almasb.fxgl.app.services.SystemBundleService, class com.almasb.fxgl.profile.SaveLoadService, class com.almasb.fxgl.ui.FXGLUIFactoryServiceProvider, class com.almasb.fxgl.ui.FXGLDialogFactoryServiceProvider, class com.almasb.fxgl.audio.AudioPlayer, class com.almasb.fxgl.notification.impl.NotificationServiceProvider, class com.almasb.fxgl.achievement.AchievementService, class com.almasb.fxgl.cutscene.CutsceneService, class com.almasb.fxgl.minigames.MiniGameService, class com.almasb.fxgl.net.NetService, class com.almasb.fxgl.app.services.UpdaterService, class com.almasb.fxgl.dev.DevService]
22:59:54.386 [FXGL Background Thread 3 ] DEBUG Engine               - fontGame: Abel-Regular.ttf
22:59:54.386 [FXGL Background Thread 3 ] DEBUG Engine               - fontMono: TerminalLandMono-Regular.otf
22:59:54.386 [FXGL Background Thread 3 ] DEBUG Engine               - fontSizeScaleUI: 1.0
22:59:54.386 [FXGL Background Thread 3 ] DEBUG Engine               - fontText: Courier-Prime.ttf
22:59:54.387 [FXGL Background Thread 3 ] DEBUG Engine               - fontUI: VarelaRound-Regular.ttf
22:59:54.387 [FXGL Background Thread 3 ] DEBUG Engine               - fullScreen: BooleanProperty [value: false]
22:59:54.387 [FXGL Background Thread 3 ] DEBUG Engine               - gameDifficulty: MEDIUM
22:59:54.387 [FXGL Background Thread 3 ] DEBUG Engine               - gameDifficultyProperty: ObjectProperty [value: MEDIUM]
22:59:54.387 [FXGL Background Thread 3 ] DEBUG Engine               - globalMusicVolume: 0.5
22:59:54.387 [FXGL Background Thread 3 ] DEBUG Engine               - globalMusicVolumeProperty: DoubleProperty [value: 0.5]
22:59:54.387 [FXGL Background Thread 3 ] DEBUG Engine               - globalSoundVolume: 0.5
22:59:54.387 [FXGL Background Thread 3 ] DEBUG Engine               - globalSoundVolumeProperty: DoubleProperty [value: 0.5]
22:59:54.387 [FXGL Background Thread 3 ] DEBUG Engine               - height: 480
22:59:54.388 [FXGL Background Thread 3 ] DEBUG Engine               - is3D: false
22:59:54.388 [FXGL Background Thread 3 ] DEBUG Engine               - isAndroid: false
22:59:54.388 [FXGL Background Thread 3 ] DEBUG Engine               - isBrowser: false
22:59:54.388 [FXGL Background Thread 3 ] DEBUG Engine               - isClickFeedbackEnabled: false
22:59:54.388 [FXGL Background Thread 3 ] DEBUG Engine               - isCloseConfirmation: false
22:59:54.388 [FXGL Background Thread 3 ] DEBUG Engine               - isDesktop: true
22:59:54.388 [FXGL Background Thread 3 ] DEBUG Engine               - isDeveloperMenuEnabled: false
22:59:54.388 [FXGL Background Thread 3 ] DEBUG Engine               - isEmbedded: false
22:59:54.388 [FXGL Background Thread 3 ] DEBUG Engine               - isEntityPreloadEnabled: true
22:59:54.388 [FXGL Background Thread 3 ] DEBUG Engine               - isExperimentalTiledLargeMap: false
22:59:54.389 [FXGL Background Thread 3 ] DEBUG Engine               - isFileSystemWriteAllowed: true
22:59:54.389 [FXGL Background Thread 3 ] DEBUG Engine               - isFullScreenAllowed: false
22:59:54.389 [FXGL Background Thread 3 ] DEBUG Engine               - isFullScreenFromStart: false
22:59:54.389 [FXGL Background Thread 3 ] DEBUG Engine               - isGameMenuEnabled: true
22:59:54.389 [FXGL Background Thread 3 ] DEBUG Engine               - isIOS: false
22:59:54.390 [FXGL Background Thread 3 ] DEBUG Engine               - isIntroEnabled: false
22:59:54.390 [FXGL Background Thread 3 ] DEBUG Engine               - isLinux: false
22:59:54.390 [FXGL Background Thread 3 ] DEBUG Engine               - isMac: false
22:59:54.390 [FXGL Background Thread 3 ] DEBUG Engine               - isMainMenuEnabled: false
22:59:54.390 [FXGL Background Thread 3 ] DEBUG Engine               - isManualResizeEnabled: false
22:59:54.390 [FXGL Background Thread 3 ] DEBUG Engine               - isMobile: false
22:59:54.390 [FXGL Background Thread 3 ] DEBUG Engine               - isNative: false
22:59:54.390 [FXGL Background Thread 3 ] DEBUG Engine               - isPauseMusicWhenMinimized: true
22:59:54.390 [FXGL Background Thread 3 ] DEBUG Engine               - isPreserveResizeRatio: false
22:59:54.390 [FXGL Background Thread 3 ] DEBUG Engine               - isProfilingEnabled: false
22:59:54.390 [FXGL Background Thread 3 ] DEBUG Engine               - isScaleAffectedOnResize: true
22:59:54.390 [FXGL Background Thread 3 ] DEBUG Engine               - isSingleStep: false
22:59:54.391 [FXGL Background Thread 3 ] DEBUG Engine               - isUserProfileEnabled: false
22:59:54.391 [FXGL Background Thread 3 ] DEBUG Engine               - isWindows: true
22:59:54.391 [FXGL Background Thread 3 ] DEBUG Engine               - language: ObjectProperty [value: ENGLISH]
22:59:54.391 [FXGL Background Thread 3 ] DEBUG Engine               - menuKey: ESCAPE
22:59:54.391 [FXGL Background Thread 3 ] DEBUG Engine               - mouseSensitivity: 0.2
22:59:54.391 [FXGL Background Thread 3 ] DEBUG Engine               - notificationViewClass: class com.almasb.fxgl.notification.view.XboxNotificationView
22:59:54.391 [FXGL Background Thread 3 ] DEBUG Engine               - pixelsPerMeter: 50.0
22:59:54.391 [FXGL Background Thread 3 ] DEBUG Engine               - platform: WINDOWS
22:59:54.391 [FXGL Background Thread 3 ] DEBUG Engine               - prefHeightProperty: ReadOnlyDoubleProperty [value: 480.0]
22:59:54.391 [FXGL Background Thread 3 ] DEBUG Engine               - prefWidthProperty: ReadOnlyDoubleProperty [value: 480.0]
22:59:54.391 [FXGL Background Thread 3 ] DEBUG Engine               - profileDir: profiles/
22:59:54.391 [FXGL Background Thread 3 ] DEBUG Engine               - profileName: StringProperty [value: DEFAULT]
22:59:54.391 [FXGL Background Thread 3 ] DEBUG Engine               - randomSeed: -1
22:59:54.392 [FXGL Background Thread 3 ] DEBUG Engine               - runtimeInfo: RuntimeInfo(platform=WINDOWS, version=17.3, build=30.03.2023 11.49)
22:59:54.392 [FXGL Background Thread 3 ] DEBUG Engine               - saveFileExt: sav
22:59:54.392 [FXGL Background Thread 3 ] DEBUG Engine               - scaledHeightProp$fxgl: DoubleProperty [bound, value: 480.0]
22:59:54.392 [FXGL Background Thread 3 ] DEBUG Engine               - scaledWidthProp$fxgl: DoubleProperty [bound, value: 480.0]
22:59:54.392 [FXGL Background Thread 3 ] DEBUG Engine               - sceneFactory: com.almasb.fxgl.app.scene.SceneFactory@37665912
22:59:54.392 [FXGL Background Thread 3 ] DEBUG Engine               - secondsIn24h: 60
22:59:54.392 [FXGL Background Thread 3 ] DEBUG Engine               - soundMenuBack: menu/back.wav
22:59:54.392 [FXGL Background Thread 3 ] DEBUG Engine               - soundMenuPress: menu/press.wav
22:59:54.392 [FXGL Background Thread 3 ] DEBUG Engine               - soundMenuSelect: menu/select.wav
22:59:54.392 [FXGL Background Thread 3 ] DEBUG Engine               - soundNotification: core/notification.wav
22:59:54.393 [FXGL Background Thread 3 ] DEBUG Engine               - stageStyle: DECORATED
22:59:54.393 [FXGL Background Thread 3 ] DEBUG Engine               - supportedLanguages: [ENGLISH, FRENCH, GERMAN, HUNGARIAN, RUSSIAN]
22:59:54.393 [FXGL Background Thread 3 ] DEBUG Engine               - ticksPerSecond: -1
22:59:54.393 [FXGL Background Thread 3 ] DEBUG Engine               - title: Bomberman Game
22:59:54.393 [FXGL Background Thread 3 ] DEBUG Engine               - urlGithub: https://github.com/AlmasB/FXGL
22:59:54.393 [FXGL Background Thread 3 ] DEBUG Engine               - urlLeaderboard: http://fxgl-top.herokuapp.com/
22:59:54.393 [FXGL Background Thread 3 ] DEBUG Engine               - urlPOM: https://raw.githubusercontent.com/AlmasB/FXGL/release/README.md
22:59:54.393 [FXGL Background Thread 3 ] DEBUG Engine               - userAppClass: class org.example.demo.HelloApplication
22:59:54.393 [FXGL Background Thread 3 ] DEBUG Engine               - version: 1.0
22:59:54.393 [FXGL Background Thread 3 ] DEBUG Engine               - versionCheckDays: 7
22:59:54.393 [FXGL Background Thread 3 ] DEBUG Engine               - width: 480
22:59:54.393 [FXGL Background Thread 3 ] DEBUG Engine               - Logging services
22:59:54.393 [FXGL Background Thread 3 ] DEBUG Engine               - class com.almasb.fxgl.app.services.FXGLAssetLoaderService
22:59:54.393 [FXGL Background Thread 3 ] DEBUG Engine               - class com.almasb.fxgl.app.FXGLApplication$GameApplicationService
22:59:54.393 [FXGL Background Thread 3 ] DEBUG Engine               - class com.almasb.fxgl.app.services.FXGLDialogService
22:59:54.394 [FXGL Background Thread 3 ] DEBUG Engine               - class com.almasb.fxgl.app.services.IOTaskExecutorService
22:59:54.394 [FXGL Background Thread 3 ] DEBUG Engine               - class com.almasb.fxgl.io.FileSystemService
22:59:54.394 [FXGL Background Thread 3 ] DEBUG Engine               - class com.almasb.fxgl.localization.LocalizationService
22:59:54.394 [FXGL Background Thread 3 ] DEBUG Engine               - class com.almasb.fxgl.app.services.SystemBundleService
22:59:54.394 [FXGL Background Thread 3 ] DEBUG Engine               - class com.almasb.fxgl.profile.SaveLoadService
22:59:54.394 [FXGL Background Thread 3 ] DEBUG Engine               - class com.almasb.fxgl.ui.FXGLUIFactoryServiceProvider
22:59:54.394 [FXGL Background Thread 3 ] DEBUG Engine               - class com.almasb.fxgl.ui.FXGLDialogFactoryServiceProvider
22:59:54.394 [FXGL Background Thread 3 ] DEBUG Engine               - class com.almasb.fxgl.audio.AudioPlayer
22:59:54.394 [FXGL Background Thread 3 ] DEBUG Engine               - class com.almasb.fxgl.notification.impl.NotificationServiceProvider
22:59:54.394 [FXGL Background Thread 3 ] DEBUG Engine               - class com.almasb.fxgl.achievement.AchievementService
22:59:54.394 [FXGL Background Thread 3 ] DEBUG Engine               - class com.almasb.fxgl.cutscene.CutsceneService
22:59:54.394 [FXGL Background Thread 3 ] DEBUG Engine               - class com.almasb.fxgl.minigames.MiniGameService
22:59:54.394 [FXGL Background Thread 3 ] DEBUG Engine               - class com.almasb.fxgl.net.NetService
22:59:54.394 [FXGL Background Thread 3 ] DEBUG Engine               - class com.almasb.fxgl.app.services.UpdaterService
22:59:54.394 [FXGL Background Thread 3 ] DEBUG Engine               - class com.almasb.fxgl.dev.DevService
23:01:08.278 [JavaFX Application Thread] DEBUG PrimaryStageWindow   - Push state: DialogSubScene
23:01:08.278 [JavaFX Application Thread] DEBUG Input                - Clearing active input actions
23:01:08.282 [JavaFX Application Thread] DEBUG GameApplicationServi - Removing overlay from GameScene and adding to DialogSubScene
23:01:08.282 [JavaFX Application Thread] DEBUG PrimaryStageWindow   - GameScene -> DialogSubScene
23:01:10.213 [JavaFX Application Thread] DEBUG PrimaryStageWindow   - Pop state: DialogSubScene
23:01:10.213 [JavaFX Application Thread] DEBUG Input                - Clearing active input actions
23:01:10.214 [JavaFX Application Thread] DEBUG GameApplicationServi - Removing overlay from DialogSubScene and adding to GameScene
23:01:10.214 [JavaFX Application Thread] DEBUG PrimaryStageWindow   - GameScene <- DialogSubScene
23:01:21.096 [JavaFX Application Thread] DEBUG PrimaryStageWindow   - Push state: DialogSubScene
23:01:21.096 [JavaFX Application Thread] DEBUG Input                - Clearing active input actions
23:01:21.096 [JavaFX Application Thread] DEBUG GameApplicationServi - Removing overlay from GameScene and adding to DialogSubScene
23:01:21.096 [JavaFX Application Thread] DEBUG PrimaryStageWindow   - GameScene -> DialogSubScene
23:01:23.015 [JavaFX Application Thread] DEBUG PrimaryStageWindow   - Pop state: DialogSubScene
23:01:23.015 [JavaFX Application Thread] DEBUG Input                - Clearing active input actions
23:01:23.015 [JavaFX Application Thread] DEBUG GameApplicationServi - Removing overlay from DialogSubScene and adding to GameScene
23:01:23.015 [JavaFX Application Thread] DEBUG PrimaryStageWindow   - GameScene <- DialogSubScene
23:01:27.736 [JavaFX Application Thread] DEBUG PrimaryStageWindow   - Push state: DialogSubScene
23:01:27.736 [JavaFX Application Thread] DEBUG Input                - Clearing active input actions
23:01:27.736 [JavaFX Application Thread] DEBUG GameApplicationServi - Removing overlay from GameScene and adding to DialogSubScene
23:01:27.736 [JavaFX Application Thread] DEBUG PrimaryStageWindow   - GameScene -> DialogSubScene
23:01:29.603 [JavaFX Application Thread] DEBUG PrimaryStageWindow   - Pop state: DialogSubScene
23:01:29.603 [JavaFX Application Thread] DEBUG Input                - Clearing active input actions
23:01:29.605 [JavaFX Application Thread] DEBUG GameApplicationServi - Removing overlay from DialogSubScene and adding to GameScene
23:01:29.605 [JavaFX Application Thread] DEBUG PrimaryStageWindow   - GameScene <- DialogSubScene
23:01:37.913 [JavaFX Application Thread] DEBUG PrimaryStageWindow   - Push state: DialogSubScene
23:01:37.913 [JavaFX Application Thread] DEBUG Input                - Clearing active input actions
23:01:37.914 [JavaFX Application Thread] DEBUG GameApplicationServi - Removing overlay from GameScene and adding to DialogSubScene
23:01:37.914 [JavaFX Application Thread] DEBUG PrimaryStageWindow   - GameScene -> DialogSubScene
23:01:39.612 [JavaFX Application Thread] DEBUG PrimaryStageWindow   - Pop state: DialogSubScene
23:01:39.612 [JavaFX Application Thread] DEBUG Input                - Clearing active input actions
23:01:39.613 [JavaFX Application Thread] DEBUG GameApplicationServi - Removing overlay from DialogSubScene and adding to GameScene
23:01:39.613 [JavaFX Application Thread] DEBUG PrimaryStageWindow   - GameScene <- DialogSubScene
23:01:46.088 [JavaFX Application Thread] DEBUG PrimaryStageWindow   - Push state: DialogSubScene
23:01:46.088 [JavaFX Application Thread] DEBUG Input                - Clearing active input actions
23:01:46.088 [JavaFX Application Thread] DEBUG GameApplicationServi - Removing overlay from GameScene and adding to DialogSubScene
23:01:46.088 [JavaFX Application Thread] DEBUG PrimaryStageWindow   - GameScene -> DialogSubScene
23:01:47.737 [JavaFX Application Thread] DEBUG PrimaryStageWindow   - Pop state: DialogSubScene
23:01:47.737 [JavaFX Application Thread] DEBUG Input                - Clearing active input actions
23:01:47.738 [JavaFX Application Thread] DEBUG GameApplicationServi - Removing overlay from DialogSubScene and adding to GameScene
23:01:47.738 [JavaFX Application Thread] DEBUG PrimaryStageWindow   - GameScene <- DialogSubScene
23:02:01.320 [JavaFX Application Thread] DEBUG PrimaryStageWindow   - Push state: DialogSubScene
23:02:01.320 [JavaFX Application Thread] DEBUG Input                - Clearing active input actions
23:02:01.321 [JavaFX Application Thread] DEBUG GameApplicationServi - Removing overlay from GameScene and adding to DialogSubScene
23:02:01.322 [JavaFX Application Thread] DEBUG PrimaryStageWindow   - GameScene -> DialogSubScene
23:02:03.166 [JavaFX Application Thread] DEBUG PrimaryStageWindow   - Pop state: DialogSubScene
23:02:03.166 [JavaFX Application Thread] DEBUG Input                - Clearing active input actions
23:02:03.166 [JavaFX Application Thread] DEBUG GameApplicationServi - Removing overlay from DialogSubScene and adding to GameScene
23:02:03.166 [JavaFX Application Thread] DEBUG PrimaryStageWindow   - GameScene <- DialogSubScene
23:02:39.353 [JavaFX Application Thread] DEBUG PrimaryStageWindow   - Push state: DialogSubScene
23:02:39.354 [JavaFX Application Thread] DEBUG Input                - Clearing active input actions
23:02:39.354 [JavaFX Application Thread] DEBUG GameApplicationServi - Removing overlay from GameScene and adding to DialogSubScene
23:02:39.354 [JavaFX Application Thread] DEBUG PrimaryStageWindow   - GameScene -> DialogSubScene
23:02:40.982 [JavaFX Application Thread] DEBUG FXGLApplication      - Exiting FXGL
23:02:40.982 [JavaFX Application Thread] DEBUG LoopRunner           - Stopping loop
23:02:40.982 [JavaFX Application Thread] DEBUG SystemBundleService  - Saving FXGL system data
23:02:40.989 [JavaFX Application Thread] DEBUG FileSystemAccess     - Writing to: C:\Users\admin\OneDrive\Máy tính\btl\baitaplonOOP\system\fxgl.bundle
23:02:40.992 [JavaFX Application Thread] DEBUG Async                - Shutting down background threads
23:02:40.992 [JavaFX Application Thread] DEBUG PrimaryStageWindow   - Closing main window
23:02:41.016 [JavaFX Application Thread] DEBUG Logger               - Closing Logger
