13:55:39.801 [main                     ] DEBUG Logger               - Configured Logger
13:55:39.824 [main                     ] DEBUG GameApplication      - Logging settings
Title: Bomberman Game
Version: 1.0
Width: 480
Height: 480
Fullscreen: false
Intro: false
Profiling: false
Single step:false
App Mode: DEVELOPER
Menu Key: ESCAPE
Stage Style: DECORATED
Scene Factory: class com.almasb.fxgl.app.scene.SceneFactory

13:55:40.140 [JavaFX Application Thread] DEBUG FXGLApplication      - Initializing FXGL
13:55:40.143 [JavaFX Application Thread] INFO  Engine               - FXGL-17.3 (30.03.2023 11.49) on WINDOWS (J:23.0.2 FX:17.0.6)
13:55:40.144 [JavaFX Application Thread] DEBUG Engine               - JRE Vendor Name: Oracle Corporation
13:55:40.144 [JavaFX Application Thread] DEBUG Engine               - Running on OS: Windows 11 version 10.0
13:55:40.144 [JavaFX Application Thread] DEBUG Engine               - Architecture: amd64
13:55:40.144 [JavaFX Application Thread] INFO  Engine               - Source code and latest versions at: https://github.com/AlmasB/FXGL
13:55:40.144 [JavaFX Application Thread] INFO  Engine               -       Ask questions and discuss at: https://github.com/AlmasB/FXGL/discussions
13:55:40.144 [JavaFX Application Thread] INFO  Engine               -              Join the FXGL chat at: https://gitter.im/AlmasB/FXGL
13:55:40.219 [JavaFX Application Thread] DEBUG PrimaryStageWindow   - Creating a JavaFX scene
13:55:40.264 [JavaFX Application Thread] DEBUG PrimaryStageWindow   - Target settings size: 480.0 x 480.0
13:55:40.265 [JavaFX Application Thread] DEBUG PrimaryStageWindow   - Scaled scene size:    480.0 x 480.0
13:55:40.265 [JavaFX Application Thread] DEBUG PrimaryStageWindow   - Scaled ratio: (1.0, 1.0)
13:55:40.266 [JavaFX Application Thread] DEBUG PrimaryStageWindow   - Set initial scene to FXGLStartupScene
13:55:40.272 [JavaFX Application Thread] DEBUG PrimaryStageWindow   - Opening main window
13:55:40.344 [JavaFX Application Thread] DEBUG PrimaryStageWindow   - Window border size: (14.666656494140625, 37.33331298828125)
13:55:40.344 [JavaFX Application Thread] DEBUG PrimaryStageWindow   - Scaled size: 480.0 x 480.0
13:55:40.344 [JavaFX Application Thread] DEBUG PrimaryStageWindow   - Scaled ratio: (1.0, 1.0)
13:55:40.344 [JavaFX Application Thread] DEBUG PrimaryStageWindow   - Scene size: 480.0 x 480.0
13:55:40.344 [JavaFX Application Thread] DEBUG PrimaryStageWindow   - Stage size: 494.6666564941406 x 517.3333129882812
13:55:40.351 [FXGL Background Thread 1 ] DEBUG Engine               - Initializing environment variables
13:55:40.432 [FXGL Background Thread 1 ] DEBUG FXGLAssetLoaderServi - User app class for loading assets: class org.example.demo.HelloApplication
13:55:40.432 [FXGL Background Thread 1 ] DEBUG GameApplicationServi - Applying CSS: fxgl_dark.css
13:55:40.433 [FXGL Background Thread 1 ] DEBUG FXGLAssetLoaderServi - Loading from file system: jar:file:///C:/Users/admin/.m2/repository/com/github/almasb/fxgl/17.3/fxgl-17.3.jar!/fxglassets/ui/css/fxgl_dark.css
13:55:40.473 [FXGL Background Thread 1 ] DEBUG GameApplicationServi - Initializing application scenes
13:55:40.514 [FXGL Background Thread 1 ] DEBUG GameWorld            - Game world initialized
13:55:40.579 [FXGL Background Thread 1 ] DEBUG PhysicsWorld         - Physics world initialized: appHeight=480, physics.ppm=50.0
13:55:40.580 [FXGL Background Thread 1 ] DEBUG PhysicsWorld         - Using strategy: BRUTE_FORCE
13:55:40.583 [FXGL Background Thread 1 ] DEBUG GameScene            - Game scene initialized: 480x480
13:55:40.593 [FXGL Background Thread 1 ] WARN  FXGL.DefaultMenu     - FXGLDefaultMenu is not designed for resolutions < 800x600
13:55:40.593 [FXGL Background Thread 1 ] DEBUG FXGL.DefaultMenu     - createMenuBodyGameMenu()
13:55:40.603 [FXGL Background Thread 1 ] DEBUG FXGL.DefaultMenu     - createOptionsMenu()
13:55:40.611 [FXGL Background Thread 1 ] DEBUG FXGLAssetLoaderServi - Loading from file system: jar:file:///C:/Users/admin/.m2/repository/com/github/almasb/fxgl/17.3/fxgl-17.3.jar!/fxglassets/textures/particles/smoke.png
13:55:40.706 [FXGL Background Thread 1 ] DEBUG FXGLAssetLoaderServi - Loading from file system: jar:file:///C:/Users/admin/.m2/repository/com/github/almasb/fxgl/17.3/fxgl-17.3.jar!/fxglassets/textures/particles/trace_horizontal.png
13:55:40.751 [FXGL Background Thread 1 ] DEBUG GameApplicationServi - Application scenes initialized
13:55:40.763 [FXGL Background Thread 1 ] DEBUG SystemBundleService  - Loading FXGL system data
13:55:40.767 [FXGL Background Thread 1 ] DEBUG FileSystemAccess     - Reading from: C:\Users\admin\OneDrive\Máy tính\btl\baitaplonOOP\system\fxgl.bundle
13:55:40.776 [FXGL Background Thread 1 ] DEBUG SystemBundleService  - Bundle FXGL: {}
13:55:40.777 [FXGL Background Thread 1 ] DEBUG UpdaterService       - Checking for updates
13:55:40.782 [FXGL Background Thread 4 ] DEBUG FXGLApplication      - Loading fonts
13:55:40.783 [FXGL Background Thread 4 ] DEBUG FXGLAssetLoaderServi - Loading from file system: jar:file:///C:/Users/admin/.m2/repository/com/github/almasb/fxgl/17.3/fxgl-17.3.jar!/fxglassets/ui/fonts/VarelaRound-Regular.ttf
13:55:40.784 [FXGL Background Thread 1 ] DEBUG FXGLAssetLoaderServi - Loading from file system: jar:file:///C:/Users/admin/.m2/repository/com/github/almasb/fxgl/17.3/fxgl-17.3.jar!/fxglassets/languages/english.lang
13:55:40.802 [FXGL Background Thread 1 ] INFO  FXGLApplication      - FXGL initialization took: 0.450 sec
13:55:40.806 [JavaFX Application Thread] DEBUG Input                - Clearing active input actions
13:55:40.815 [JavaFX Application Thread] DEBUG Input                - Registered new binding: Move Up - W
13:55:40.815 [JavaFX Application Thread] DEBUG Input                - Registered new binding: Move Down - S
13:55:40.815 [JavaFX Application Thread] DEBUG Input                - Registered new binding: Move Left - A
13:55:40.815 [JavaFX Application Thread] DEBUG Input                - Registered new binding: Move Right - D
13:55:40.815 [JavaFX Application Thread] DEBUG Input                - Registered new binding: Đặt bom - Space
13:55:40.816 [JavaFX Application Thread] DEBUG FXGLAssetLoaderServi - Loading from file system: jar:file:///C:/Users/admin/.m2/repository/com/github/almasb/fxgl/17.3/fxgl-17.3.jar!/fxglassets/textures/fxgl_icon.png
13:55:40.835 [FXGL Background Thread 4 ] DEBUG FXGLAssetLoaderServi - Loading from file system: jar:file:///C:/Users/admin/.m2/repository/com/github/almasb/fxgl/17.3/fxgl-17.3.jar!/fxglassets/ui/fonts/Abel-Regular.ttf
13:55:40.838 [JavaFX Application Thread] DEBUG FXGLAssetLoaderServi - Loading from file system: jar:file:///C:/Users/admin/.m2/repository/com/github/almasb/fxgl/17.3/fxgl-17.3.jar!/fxglassets/textures/fxgl_default_cursor.png
13:55:40.840 [JavaFX Application Thread] DEBUG Input                - Registered new binding: Screenshot - CTRL+8
13:55:40.840 [JavaFX Application Thread] DEBUG Input                - Registered new binding: System info dump - CTRL+9
13:55:40.841 [JavaFX Application Thread] DEBUG Input                - Registered new binding: Restart - CTRL+R
13:55:40.841 [JavaFX Application Thread] DEBUG Input                - Registered new binding: Toggle Debug Camera - CTRL+7
13:55:40.844 [JavaFX Application Thread] DEBUG LoopRunner           - Starting loop
13:55:40.844 [JavaFX Application Thread] DEBUG LoopRunner           - Initializing JavaFX AnimationTimerLoop
13:55:40.846 [JavaFX Application Thread] DEBUG GameApplicationServi - Starting new game
13:55:40.846 [JavaFX Application Thread] DEBUG Input                - Clearing active input actions
13:55:40.852 [FXGL Background Thread 4 ] DEBUG FXGLAssetLoaderServi - Loading from file system: jar:file:///C:/Users/admin/.m2/repository/com/github/almasb/fxgl/17.3/fxgl-17.3.jar!/fxglassets/ui/fonts/TerminalLandMono-Regular.otf
13:55:40.859 [JavaFX Application Thread] DEBUG GameApplicationServi - Removing overlay from FXGLStartupScene and adding to FXGLLoadingScene
13:55:40.859 [JavaFX Application Thread] DEBUG PrimaryStageWindow   - FXGLStartupScene -> FXGLLoadingScene
13:55:40.859 [JavaFX Application Thread] DEBUG GameApplicationServi - Clearing previous game
13:55:40.859 [JavaFX Application Thread] DEBUG GameScene            - Clearing game scene
13:55:40.860 [JavaFX Application Thread] DEBUG GameWorld            - Clearing game world
13:55:40.860 [JavaFX Application Thread] DEBUG PhysicsWorld         - Clearing physics world
13:55:40.862 [FXGL Background Thread 1 ] DEBUG FXGLApplication      - Initializing game
13:55:40.870 [FXGL Background Thread 4 ] DEBUG FXGLAssetLoaderServi - Loading from file system: jar:file:///C:/Users/admin/.m2/repository/com/github/almasb/fxgl/17.3/fxgl-17.3.jar!/fxglassets/ui/fonts/Courier-Prime.ttf
13:55:40.905 [JavaFX Application Thread] DEBUG FXGLApplication      - Registering font factories with UI factory
13:55:41.226 [FXGL Background Thread 1 ] INFO  FXGLApplication      - Game initialization took: 0.365 sec
13:55:41.228 [JavaFX Application Thread] DEBUG Input                - Clearing active input actions
13:55:41.245 [JavaFX Application Thread] DEBUG GameApplicationServi - Removing overlay from FXGLLoadingScene and adding to GameScene
13:55:41.245 [JavaFX Application Thread] DEBUG PrimaryStageWindow   - FXGLLoadingScene -> GameScene
13:55:41.828 [FXGL Background Thread 2 ] INFO  UpdaterService       - Your current version:  17.3
13:55:41.828 [FXGL Background Thread 2 ] INFO  UpdaterService       - Latest stable version: 21.1
13:55:42.080 [JavaFX Application Thread] DEBUG FXGLApplication      - Exiting FXGL
13:55:42.080 [JavaFX Application Thread] DEBUG LoopRunner           - Stopping loop
13:55:42.080 [JavaFX Application Thread] DEBUG SystemBundleService  - Saving FXGL system data
13:55:42.083 [JavaFX Application Thread] DEBUG FileSystemAccess     - Writing to: C:\Users\admin\OneDrive\Máy tính\btl\baitaplonOOP\system\fxgl.bundle
13:55:42.086 [JavaFX Application Thread] DEBUG Async                - Shutting down background threads
13:55:42.087 [JavaFX Application Thread] DEBUG PrimaryStageWindow   - Closing main window
13:55:42.099 [JavaFX Application Thread] DEBUG Logger               - Closing Logger
