20:29:27.766 [main                     ] DEBUG Logger               - Configured Logger
20:29:27.789 [main                     ] DEBUG GameApplication      - Logging settings
Title: Bomberman Game
Version: 1.0
Width: 480
Height: 480
Fullscreen: false
Intro: false
Profiling: false
Single step:false
App Mode: DEVELOPER
Menu Key: ESCAPE
Stage Style: DECORATED
Scene Factory: class org.example.demo.BombermanApp$1

20:29:28.299 [JavaFX Application Thread] DEBUG FXGLApplication      - Initializing FXGL
20:29:28.304 [JavaFX Application Thread] INFO  Engine               - FXGL-17.3 (30.03.2023 11.49) on WINDOWS (J:23.0.2 FX:17.0.6)
20:29:28.304 [JavaFX Application Thread] DEBUG Engine               - JRE Vendor Name: Oracle Corporation
20:29:28.304 [JavaFX Application Thread] DEBUG Engine               - Running on OS: Windows 11 version 10.0
20:29:28.305 [JavaFX Application Thread] DEBUG Engine               - Architecture: amd64
20:29:28.305 [JavaFX Application Thread] INFO  Engine               - Source code and latest versions at: https://github.com/AlmasB/FXGL
20:29:28.305 [JavaFX Application Thread] INFO  Engine               -       Ask questions and discuss at: https://github.com/AlmasB/FXGL/discussions
20:29:28.305 [JavaFX Application Thread] INFO  Engine               -              Join the FXGL chat at: https://gitter.im/AlmasB/FXGL
20:29:28.406 [JavaFX Application Thread] DEBUG PrimaryStageWindow   - Creating a JavaFX scene
20:29:28.448 [JavaFX Application Thread] DEBUG PrimaryStageWindow   - Target settings size: 480.0 x 480.0
20:29:28.448 [JavaFX Application Thread] DEBUG PrimaryStageWindow   - Scaled scene size:    480.0 x 480.0
20:29:28.449 [JavaFX Application Thread] DEBUG PrimaryStageWindow   - Scaled ratio: (1.0, 1.0)
20:29:28.449 [JavaFX Application Thread] DEBUG PrimaryStageWindow   - Set initial scene to FXGLStartupScene
20:29:28.456 [JavaFX Application Thread] DEBUG PrimaryStageWindow   - Opening main window
20:29:28.544 [JavaFX Application Thread] DEBUG PrimaryStageWindow   - Window border size: (14.666656494140625, 37.33331298828125)
20:29:28.544 [JavaFX Application Thread] DEBUG PrimaryStageWindow   - Scaled size: 480.0 x 480.0
20:29:28.544 [JavaFX Application Thread] DEBUG PrimaryStageWindow   - Scaled ratio: (1.0, 1.0)
20:29:28.544 [JavaFX Application Thread] DEBUG PrimaryStageWindow   - Scene size: 480.0 x 480.0
20:29:28.545 [JavaFX Application Thread] DEBUG PrimaryStageWindow   - Stage size: 494.6666564941406 x 517.3333129882812
20:29:28.551 [FXGL Background Thread 1 ] DEBUG Engine               - Initializing environment variables
20:29:28.588 [FXGL Background Thread 1 ] DEBUG FXGLAssetLoaderServi - User app class for loading assets: class org.example.demo.HelloApplication
20:29:28.589 [FXGL Background Thread 1 ] DEBUG GameApplicationServi - Applying CSS: fxgl_dark.css
20:29:28.589 [FXGL Background Thread 1 ] DEBUG FXGLAssetLoaderServi - Loading from file system: jar:file:///C:/Users/My%20Laptop/.m2/repository/com/github/almasb/fxgl/17.3/fxgl-17.3.jar!/fxglassets/ui/css/fxgl_dark.css
20:29:28.631 [FXGL Background Thread 1 ] DEBUG GameApplicationServi - Initializing application scenes
20:29:28.668 [FXGL Background Thread 1 ] DEBUG GameWorld            - Game world initialized
20:29:28.720 [FXGL Background Thread 1 ] DEBUG PhysicsWorld         - Physics world initialized: appHeight=480, physics.ppm=50.0
20:29:28.720 [FXGL Background Thread 1 ] DEBUG PhysicsWorld         - Using strategy: BRUTE_FORCE
20:29:28.723 [FXGL Background Thread 1 ] DEBUG GameScene            - Game scene initialized: 480x480
20:29:28.740 [FXGL Background Thread 1 ] WARN  FXGL.DefaultMenu     - FXGLDefaultMenu is not designed for resolutions < 800x600
20:29:28.741 [FXGL Background Thread 1 ] DEBUG FXGL.DefaultMenu     - createMenuBodyGameMenu()
20:29:28.751 [FXGL Background Thread 1 ] DEBUG FXGL.DefaultMenu     - createOptionsMenu()
20:29:28.758 [FXGL Background Thread 1 ] DEBUG FXGLAssetLoaderServi - Loading from file system: jar:file:///C:/Users/My%20Laptop/.m2/repository/com/github/almasb/fxgl/17.3/fxgl-17.3.jar!/fxglassets/textures/particles/smoke.png
20:29:28.851 [FXGL Background Thread 1 ] DEBUG FXGLAssetLoaderServi - Loading from file system: jar:file:///C:/Users/My%20Laptop/.m2/repository/com/github/almasb/fxgl/17.3/fxgl-17.3.jar!/fxglassets/textures/particles/trace_horizontal.png
20:29:28.878 [FXGL Background Thread 1 ] DEBUG GameApplicationServi - Application scenes initialized
20:29:28.891 [FXGL Background Thread 1 ] DEBUG SystemBundleService  - Loading FXGL system data
20:29:28.895 [FXGL Background Thread 1 ] DEBUG FileSystemAccess     - Reading from: C:\OOP\baitaplonOOP\system\fxgl.bundle
20:29:28.897 [FXGL Background Thread 1 ] DEBUG SystemBundleService  - Bundle FXGL: {}
20:29:28.897 [FXGL Background Thread 1 ] DEBUG UpdaterService       - Checking for updates
20:29:28.900 [FXGL Background Thread 4 ] DEBUG FXGLApplication      - Loading fonts
20:29:28.901 [FXGL Background Thread 4 ] DEBUG FXGLAssetLoaderServi - Loading from file system: jar:file:///C:/Users/My%20Laptop/.m2/repository/com/github/almasb/fxgl/17.3/fxgl-17.3.jar!/fxglassets/ui/fonts/VarelaRound-Regular.ttf
20:29:28.901 [FXGL Background Thread 1 ] DEBUG FXGLApplication      - Loading default localization
20:29:28.901 [FXGL Background Thread 1 ] DEBUG FXGLAssetLoaderServi - Loading from file system: jar:file:///C:/Users/My%20Laptop/.m2/repository/com/github/almasb/fxgl/17.3/fxgl-17.3.jar!/fxglassets/languages/english.lang
20:29:28.921 [FXGL Background Thread 1 ] INFO  FXGLApplication      - FXGL initialization took: 0.371 sec
20:29:28.923 [FXGL Background Thread 4 ] DEBUG FXGLAssetLoaderServi - Loading from file system: jar:file:///C:/Users/My%20Laptop/.m2/repository/com/github/almasb/fxgl/17.3/fxgl-17.3.jar!/fxglassets/ui/fonts/Abel-Regular.ttf
20:29:28.924 [JavaFX Application Thread] DEBUG Input                - Clearing active input actions
20:29:28.948 [JavaFX Application Thread] DEBUG Input                - Registered new binding: Move Up - W
20:29:28.948 [JavaFX Application Thread] DEBUG Input                - Registered new binding: Move Down - S
20:29:28.948 [JavaFX Application Thread] DEBUG Input                - Registered new binding: Move Left - A
20:29:28.948 [JavaFX Application Thread] DEBUG Input                - Registered new binding: Move Right - D
20:29:28.948 [JavaFX Application Thread] DEBUG Input                - Registered new binding: Đặt bom - Space
20:29:28.950 [FXGL Background Thread 4 ] DEBUG FXGLAssetLoaderServi - Loading from file system: jar:file:///C:/Users/My%20Laptop/.m2/repository/com/github/almasb/fxgl/17.3/fxgl-17.3.jar!/fxglassets/ui/fonts/TerminalLandMono-Regular.otf
20:29:28.950 [JavaFX Application Thread] DEBUG FXGLAssetLoaderServi - Loading from file system: jar:file:///C:/Users/My%20Laptop/.m2/repository/com/github/almasb/fxgl/17.3/fxgl-17.3.jar!/fxglassets/textures/fxgl_icon.png
20:29:28.966 [FXGL Background Thread 4 ] DEBUG FXGLAssetLoaderServi - Loading from file system: jar:file:///C:/Users/My%20Laptop/.m2/repository/com/github/almasb/fxgl/17.3/fxgl-17.3.jar!/fxglassets/ui/fonts/Courier-Prime.ttf
20:29:28.970 [JavaFX Application Thread] DEBUG FXGLAssetLoaderServi - Loading from file system: jar:file:///C:/Users/My%20Laptop/.m2/repository/com/github/almasb/fxgl/17.3/fxgl-17.3.jar!/fxglassets/textures/fxgl_default_cursor.png
20:29:28.973 [JavaFX Application Thread] DEBUG Input                - Registered new binding: Screenshot - CTRL+8
20:29:28.973 [JavaFX Application Thread] DEBUG Input                - Registered new binding: System info dump - CTRL+9
20:29:28.974 [JavaFX Application Thread] DEBUG Input                - Registered new binding: Restart - CTRL+R
20:29:28.974 [JavaFX Application Thread] DEBUG Input                - Registered new binding: Toggle Debug Camera - CTRL+7
20:29:28.978 [JavaFX Application Thread] DEBUG LoopRunner           - Starting loop
20:29:28.978 [JavaFX Application Thread] DEBUG LoopRunner           - Initializing JavaFX AnimationTimerLoop
20:29:28.981 [JavaFX Application Thread] DEBUG Input                - Clearing active input actions
20:29:28.986 [JavaFX Application Thread] DEBUG GameApplicationServi - Removing overlay from FXGLStartupScene and adding to FXGLMainMenuDummyScene
20:29:28.987 [JavaFX Application Thread] DEBUG PrimaryStageWindow   - FXGLStartupScene -> FXGLMainMenuDummyScene
20:29:28.987 [JavaFX Application Thread] DEBUG PrimaryStageWindow   - Push state: ViewMenu
20:29:28.987 [JavaFX Application Thread] DEBUG Input                - Clearing active input actions
20:29:28.994 [JavaFX Application Thread] DEBUG GameApplicationServi - Removing overlay from FXGLMainMenuDummyScene and adding to ViewMenu
20:29:28.994 [JavaFX Application Thread] DEBUG PrimaryStageWindow   - FXGLMainMenuDummyScene -> ViewMenu
20:29:28.994 [JavaFX Application Thread] DEBUG FXGLApplication      - Registering font factories with UI factory
20:29:30.089 [JavaFX Application Thread] DEBUG GameApplicationServi - Starting new game
20:29:30.089 [JavaFX Application Thread] DEBUG PrimaryStageWindow   - Pop state: ViewMenu
20:29:30.089 [JavaFX Application Thread] DEBUG Input                - Clearing active input actions
20:29:30.089 [JavaFX Application Thread] DEBUG GameApplicationServi - Removing overlay from ViewMenu and adding to FXGLMainMenuDummyScene
20:29:30.090 [JavaFX Application Thread] DEBUG PrimaryStageWindow   - FXGLMainMenuDummyScene <- ViewMenu
20:29:30.090 [JavaFX Application Thread] DEBUG Input                - Clearing active input actions
20:29:30.096 [JavaFX Application Thread] DEBUG GameApplicationServi - Removing overlay from FXGLMainMenuDummyScene and adding to FXGLLoadingScene
20:29:30.096 [JavaFX Application Thread] DEBUG PrimaryStageWindow   - FXGLMainMenuDummyScene -> FXGLLoadingScene
20:29:30.096 [JavaFX Application Thread] DEBUG GameApplicationServi - Clearing previous game
20:29:30.096 [JavaFX Application Thread] DEBUG GameScene            - Clearing game scene
20:29:30.096 [JavaFX Application Thread] DEBUG GameWorld            - Clearing game world
20:29:30.096 [JavaFX Application Thread] DEBUG PhysicsWorld         - Clearing physics world
20:29:30.097 [FXGL Background Thread 4 ] DEBUG FXGLApplication      - Initializing game
20:29:30.302 [FXGL Background Thread 2 ] INFO  UpdaterService       - Your current version:  17.3
20:29:30.304 [FXGL Background Thread 2 ] INFO  UpdaterService       - Latest stable version: 21.1
20:29:30.413 [FXGL Background Thread 4 ] INFO  FXGLApplication      - Game initialization took: 0.315 sec
20:29:30.413 [JavaFX Application Thread] DEBUG Input                - Clearing active input actions
20:29:30.429 [JavaFX Application Thread] DEBUG GameApplicationServi - Removing overlay from FXGLLoadingScene and adding to GameScene
20:29:30.429 [JavaFX Application Thread] DEBUG PrimaryStageWindow   - FXGLLoadingScene -> GameScene
20:29:31.899 [FXGL Background Thread 3 ] DEBUG Engine               - Logging environment variables
20:29:31.899 [FXGL Background Thread 3 ] DEBUG Engine               - achievements: []
20:29:31.899 [FXGL Background Thread 3 ] DEBUG Engine               - actualHeight: 480.0
20:29:31.899 [FXGL Background Thread 3 ] DEBUG Engine               - actualHeightProperty: ReadOnlyDoubleProperty [value: 480.0]
20:29:31.899 [FXGL Background Thread 3 ] DEBUG Engine               - actualWidth: 480.0
20:29:31.900 [FXGL Background Thread 3 ] DEBUG Engine               - actualWidthProperty: ReadOnlyDoubleProperty [value: 480.0]
20:29:31.900 [FXGL Background Thread 3 ] DEBUG Engine               - appIcon: fxgl_icon.png
20:29:31.900 [FXGL Background Thread 3 ] DEBUG Engine               - applicationMode: DEVELOPER
20:29:31.900 [FXGL Background Thread 3 ] DEBUG Engine               - cSSList: [fxgl_dark.css]
20:29:31.900 [FXGL Background Thread 3 ] DEBUG Engine               - collisionDetectionStrategy: BRUTE_FORCE
20:29:31.900 [FXGL Background Thread 3 ] DEBUG Engine               - configClass: Optional.empty
20:29:31.900 [FXGL Background Thread 3 ] DEBUG Engine               - credits: []
20:29:31.900 [FXGL Background Thread 3 ] DEBUG Engine               - defaultCursor: CursorInfo(imageName=fxgl_default_cursor.png, hotspotX=7.0, hotspotY=6.0)
20:29:31.900 [FXGL Background Thread 3 ] DEBUG Engine               - devBBoxColorProperty: ObjectProperty [value: 0xff0000ff]
20:29:31.900 [FXGL Background Thread 3 ] DEBUG Engine               - devEnableDebugCameraProperty: BooleanProperty [value: false]
20:29:31.900 [FXGL Background Thread 3 ] DEBUG Engine               - devSensorColorProperty: ObjectProperty [value: 0xffff00ff]
20:29:31.900 [FXGL Background Thread 3 ] DEBUG Engine               - devShowBBoxProperty: BooleanProperty [value: false]
20:29:31.901 [FXGL Background Thread 3 ] DEBUG Engine               - devShowPositionProperty: BooleanProperty [value: false]
20:29:31.901 [FXGL Background Thread 3 ] DEBUG Engine               - enabledMenuItems: []
20:29:31.901 [FXGL Background Thread 3 ] DEBUG Engine               - engineServices: [class com.almasb.fxgl.app.services.FXGLAssetLoaderService, class com.almasb.fxgl.app.FXGLApplication$GameApplicationService, class com.almasb.fxgl.app.services.FXGLDialogService, class com.almasb.fxgl.app.services.IOTaskExecutorService, class com.almasb.fxgl.io.FileSystemService, class com.almasb.fxgl.localization.LocalizationService, class com.almasb.fxgl.app.services.SystemBundleService, class com.almasb.fxgl.profile.SaveLoadService, class com.almasb.fxgl.ui.FXGLUIFactoryServiceProvider, class com.almasb.fxgl.ui.FXGLDialogFactoryServiceProvider, class com.almasb.fxgl.audio.AudioPlayer, class com.almasb.fxgl.notification.impl.NotificationServiceProvider, class com.almasb.fxgl.achievement.AchievementService, class com.almasb.fxgl.cutscene.CutsceneService, class com.almasb.fxgl.minigames.MiniGameService, class com.almasb.fxgl.net.NetService, class com.almasb.fxgl.app.services.UpdaterService, class com.almasb.fxgl.dev.DevService]
20:29:31.901 [FXGL Background Thread 3 ] DEBUG Engine               - fontGame: Abel-Regular.ttf
20:29:31.901 [FXGL Background Thread 3 ] DEBUG Engine               - fontMono: TerminalLandMono-Regular.otf
20:29:31.901 [FXGL Background Thread 3 ] DEBUG Engine               - fontSizeScaleUI: 1.0
20:29:31.901 [FXGL Background Thread 3 ] DEBUG Engine               - fontText: Courier-Prime.ttf
20:29:31.901 [FXGL Background Thread 3 ] DEBUG Engine               - fontUI: VarelaRound-Regular.ttf
20:29:31.901 [FXGL Background Thread 3 ] DEBUG Engine               - fullScreen: BooleanProperty [value: false]
20:29:31.901 [FXGL Background Thread 3 ] DEBUG Engine               - gameDifficulty: MEDIUM
20:29:31.901 [FXGL Background Thread 3 ] DEBUG Engine               - gameDifficultyProperty: ObjectProperty [value: MEDIUM]
20:29:31.901 [FXGL Background Thread 3 ] DEBUG Engine               - globalMusicVolume: 0.5
20:29:31.901 [FXGL Background Thread 3 ] DEBUG Engine               - globalMusicVolumeProperty: DoubleProperty [value: 0.5]
20:29:31.901 [FXGL Background Thread 3 ] DEBUG Engine               - globalSoundVolume: 0.5
20:29:31.901 [FXGL Background Thread 3 ] DEBUG Engine               - globalSoundVolumeProperty: DoubleProperty [value: 0.5]
20:29:31.901 [FXGL Background Thread 3 ] DEBUG Engine               - height: 480
20:29:31.901 [FXGL Background Thread 3 ] DEBUG Engine               - is3D: false
20:29:31.901 [FXGL Background Thread 3 ] DEBUG Engine               - isAndroid: false
20:29:31.901 [FXGL Background Thread 3 ] DEBUG Engine               - isBrowser: false
20:29:31.901 [FXGL Background Thread 3 ] DEBUG Engine               - isClickFeedbackEnabled: false
20:29:31.903 [FXGL Background Thread 3 ] DEBUG Engine               - isCloseConfirmation: false
20:29:31.903 [FXGL Background Thread 3 ] DEBUG Engine               - isDesktop: true
20:29:31.903 [FXGL Background Thread 3 ] DEBUG Engine               - isDeveloperMenuEnabled: false
20:29:31.903 [FXGL Background Thread 3 ] DEBUG Engine               - isEmbedded: false
20:29:31.903 [FXGL Background Thread 3 ] DEBUG Engine               - isEntityPreloadEnabled: true
20:29:31.903 [FXGL Background Thread 3 ] DEBUG Engine               - isExperimentalTiledLargeMap: false
20:29:31.903 [FXGL Background Thread 3 ] DEBUG Engine               - isFileSystemWriteAllowed: true
20:29:31.903 [FXGL Background Thread 3 ] DEBUG Engine               - isFullScreenAllowed: false
20:29:31.903 [FXGL Background Thread 3 ] DEBUG Engine               - isFullScreenFromStart: false
20:29:31.903 [FXGL Background Thread 3 ] DEBUG Engine               - isGameMenuEnabled: true
20:29:31.903 [FXGL Background Thread 3 ] DEBUG Engine               - isIOS: false
20:29:31.903 [FXGL Background Thread 3 ] DEBUG Engine               - isIntroEnabled: false
20:29:31.903 [FXGL Background Thread 3 ] DEBUG Engine               - isLinux: false
20:29:31.903 [FXGL Background Thread 3 ] DEBUG Engine               - isMac: false
20:29:31.903 [FXGL Background Thread 3 ] DEBUG Engine               - isMainMenuEnabled: true
20:29:31.903 [FXGL Background Thread 3 ] DEBUG Engine               - isManualResizeEnabled: false
20:29:31.903 [FXGL Background Thread 3 ] DEBUG Engine               - isMobile: false
20:29:31.903 [FXGL Background Thread 3 ] DEBUG Engine               - isNative: false
20:29:31.903 [FXGL Background Thread 3 ] DEBUG Engine               - isPauseMusicWhenMinimized: true
20:29:31.903 [FXGL Background Thread 3 ] DEBUG Engine               - isPreserveResizeRatio: false
20:29:31.903 [FXGL Background Thread 3 ] DEBUG Engine               - isProfilingEnabled: false
20:29:31.903 [FXGL Background Thread 3 ] DEBUG Engine               - isScaleAffectedOnResize: true
20:29:31.903 [FXGL Background Thread 3 ] DEBUG Engine               - isSingleStep: false
20:29:31.904 [FXGL Background Thread 3 ] DEBUG Engine               - isUserProfileEnabled: false
20:29:31.904 [FXGL Background Thread 3 ] DEBUG Engine               - isWindows: true
20:29:31.904 [FXGL Background Thread 3 ] DEBUG Engine               - language: ObjectProperty [value: ENGLISH]
20:29:31.904 [FXGL Background Thread 3 ] DEBUG Engine               - menuKey: ESCAPE
20:29:31.904 [FXGL Background Thread 3 ] DEBUG Engine               - mouseSensitivity: 0.2
20:29:31.904 [FXGL Background Thread 3 ] DEBUG Engine               - notificationViewClass: class com.almasb.fxgl.notification.view.XboxNotificationView
20:29:31.904 [FXGL Background Thread 3 ] DEBUG Engine               - pixelsPerMeter: 50.0
20:29:31.904 [FXGL Background Thread 3 ] DEBUG Engine               - platform: WINDOWS
20:29:31.904 [FXGL Background Thread 3 ] DEBUG Engine               - prefHeightProperty: ReadOnlyDoubleProperty [value: 480.0]
20:29:31.904 [FXGL Background Thread 3 ] DEBUG Engine               - prefWidthProperty: ReadOnlyDoubleProperty [value: 480.0]
20:29:31.904 [FXGL Background Thread 3 ] DEBUG Engine               - profileDir: profiles/
20:29:31.904 [FXGL Background Thread 3 ] DEBUG Engine               - profileName: StringProperty [value: DEFAULT]
20:29:31.904 [FXGL Background Thread 3 ] DEBUG Engine               - randomSeed: -1
20:29:31.904 [FXGL Background Thread 3 ] DEBUG Engine               - runtimeInfo: RuntimeInfo(platform=WINDOWS, version=17.3, build=30.03.2023 11.49)
20:29:31.905 [FXGL Background Thread 3 ] DEBUG Engine               - saveFileExt: sav
20:29:31.905 [FXGL Background Thread 3 ] DEBUG Engine               - scaledHeightProp$fxgl: DoubleProperty [bound, value: 480.0]
20:29:31.905 [FXGL Background Thread 3 ] DEBUG Engine               - scaledWidthProp$fxgl: DoubleProperty [bound, value: 480.0]
20:29:31.905 [FXGL Background Thread 3 ] DEBUG Engine               - sceneFactory: org.example.demo.BombermanApp$1@4f8eee3a
20:29:31.905 [FXGL Background Thread 3 ] DEBUG Engine               - secondsIn24h: 60
20:29:31.905 [FXGL Background Thread 3 ] DEBUG Engine               - soundMenuBack: menu/back.wav
20:29:31.905 [FXGL Background Thread 3 ] DEBUG Engine               - soundMenuPress: menu/press.wav
20:29:31.905 [FXGL Background Thread 3 ] DEBUG Engine               - soundMenuSelect: menu/select.wav
20:29:31.905 [FXGL Background Thread 3 ] DEBUG Engine               - soundNotification: core/notification.wav
20:29:31.905 [FXGL Background Thread 3 ] DEBUG Engine               - stageStyle: DECORATED
20:29:31.905 [FXGL Background Thread 3 ] DEBUG Engine               - supportedLanguages: [ENGLISH, FRENCH, GERMAN, HUNGARIAN, RUSSIAN]
20:29:31.905 [FXGL Background Thread 3 ] DEBUG Engine               - ticksPerSecond: -1
20:29:31.905 [FXGL Background Thread 3 ] DEBUG Engine               - title: Bomberman Game
20:29:31.905 [FXGL Background Thread 3 ] DEBUG Engine               - urlGithub: https://github.com/AlmasB/FXGL
20:29:31.905 [FXGL Background Thread 3 ] DEBUG Engine               - urlLeaderboard: http://fxgl-top.herokuapp.com/
20:29:31.905 [FXGL Background Thread 3 ] DEBUG Engine               - urlPOM: https://raw.githubusercontent.com/AlmasB/FXGL/release/README.md
20:29:31.906 [FXGL Background Thread 3 ] DEBUG Engine               - userAppClass: class org.example.demo.HelloApplication
20:29:31.906 [FXGL Background Thread 3 ] DEBUG Engine               - version: 1.0
20:29:31.906 [FXGL Background Thread 3 ] DEBUG Engine               - versionCheckDays: 7
20:29:31.906 [FXGL Background Thread 3 ] DEBUG Engine               - width: 480
20:29:31.906 [FXGL Background Thread 3 ] DEBUG Engine               - Logging services
20:29:31.906 [FXGL Background Thread 3 ] DEBUG Engine               - class com.almasb.fxgl.app.services.FXGLAssetLoaderService
20:29:31.906 [FXGL Background Thread 3 ] DEBUG Engine               - class com.almasb.fxgl.app.FXGLApplication$GameApplicationService
20:29:31.906 [FXGL Background Thread 3 ] DEBUG Engine               - class com.almasb.fxgl.app.services.FXGLDialogService
20:29:31.906 [FXGL Background Thread 3 ] DEBUG Engine               - class com.almasb.fxgl.app.services.IOTaskExecutorService
20:29:31.906 [FXGL Background Thread 3 ] DEBUG Engine               - class com.almasb.fxgl.io.FileSystemService
20:29:31.906 [FXGL Background Thread 3 ] DEBUG Engine               - class com.almasb.fxgl.localization.LocalizationService
20:29:31.906 [FXGL Background Thread 3 ] DEBUG Engine               - class com.almasb.fxgl.app.services.SystemBundleService
20:29:31.906 [FXGL Background Thread 3 ] DEBUG Engine               - class com.almasb.fxgl.profile.SaveLoadService
20:29:31.906 [FXGL Background Thread 3 ] DEBUG Engine               - class com.almasb.fxgl.ui.FXGLUIFactoryServiceProvider
20:29:31.906 [FXGL Background Thread 3 ] DEBUG Engine               - class com.almasb.fxgl.ui.FXGLDialogFactoryServiceProvider
20:29:31.906 [FXGL Background Thread 3 ] DEBUG Engine               - class com.almasb.fxgl.audio.AudioPlayer
20:29:31.906 [FXGL Background Thread 3 ] DEBUG Engine               - class com.almasb.fxgl.notification.impl.NotificationServiceProvider
20:29:31.906 [FXGL Background Thread 3 ] DEBUG Engine               - class com.almasb.fxgl.achievement.AchievementService
20:29:31.907 [FXGL Background Thread 3 ] DEBUG Engine               - class com.almasb.fxgl.cutscene.CutsceneService
20:29:31.907 [FXGL Background Thread 3 ] DEBUG Engine               - class com.almasb.fxgl.minigames.MiniGameService
20:29:31.907 [FXGL Background Thread 3 ] DEBUG Engine               - class com.almasb.fxgl.net.NetService
20:29:31.907 [FXGL Background Thread 3 ] DEBUG Engine               - class com.almasb.fxgl.app.services.UpdaterService
20:29:31.907 [FXGL Background Thread 3 ] DEBUG Engine               - class com.almasb.fxgl.dev.DevService
20:29:41.152 [JavaFX Application Thread] DEBUG PrimaryStageWindow   - Push state: DialogSubScene
20:29:41.152 [JavaFX Application Thread] DEBUG Input                - Clearing active input actions
20:29:41.153 [JavaFX Application Thread] DEBUG GameApplicationServi - Removing overlay from GameScene and adding to DialogSubScene
20:29:41.153 [JavaFX Application Thread] DEBUG PrimaryStageWindow   - GameScene -> DialogSubScene
20:29:43.325 [JavaFX Application Thread] DEBUG PrimaryStageWindow   - Pop state: DialogSubScene
20:29:43.325 [JavaFX Application Thread] DEBUG Input                - Clearing active input actions
20:29:43.325 [JavaFX Application Thread] DEBUG GameApplicationServi - Removing overlay from DialogSubScene and adding to GameScene
20:29:43.325 [JavaFX Application Thread] DEBUG PrimaryStageWindow   - GameScene <- DialogSubScene
20:29:45.298 [JavaFX Application Thread] DEBUG PrimaryStageWindow   - Push state: DialogSubScene
20:29:45.298 [JavaFX Application Thread] DEBUG Input                - Clearing active input actions
20:29:45.298 [JavaFX Application Thread] DEBUG GameApplicationServi - Removing overlay from GameScene and adding to DialogSubScene
20:29:45.298 [JavaFX Application Thread] DEBUG PrimaryStageWindow   - GameScene -> DialogSubScene
20:29:46.851 [JavaFX Application Thread] DEBUG PrimaryStageWindow   - Pop state: DialogSubScene
20:29:46.851 [JavaFX Application Thread] DEBUG Input                - Clearing active input actions
20:29:46.852 [JavaFX Application Thread] DEBUG GameApplicationServi - Removing overlay from DialogSubScene and adding to GameScene
20:29:46.852 [JavaFX Application Thread] DEBUG PrimaryStageWindow   - GameScene <- DialogSubScene
20:29:49.299 [JavaFX Application Thread] DEBUG PrimaryStageWindow   - Push state: DialogSubScene
20:29:49.299 [JavaFX Application Thread] DEBUG Input                - Clearing active input actions
20:29:49.299 [JavaFX Application Thread] DEBUG GameApplicationServi - Removing overlay from GameScene and adding to DialogSubScene
20:29:49.299 [JavaFX Application Thread] DEBUG PrimaryStageWindow   - GameScene -> DialogSubScene
20:29:50.825 [JavaFX Application Thread] DEBUG PrimaryStageWindow   - Pop state: DialogSubScene
20:29:50.825 [JavaFX Application Thread] DEBUG Input                - Clearing active input actions
20:29:50.827 [JavaFX Application Thread] DEBUG GameApplicationServi - Removing overlay from DialogSubScene and adding to GameScene
20:29:50.827 [JavaFX Application Thread] DEBUG PrimaryStageWindow   - GameScene <- DialogSubScene
20:29:51.570 [JavaFX Application Thread] DEBUG PrimaryStageWindow   - Push state: DialogSubScene
20:29:51.570 [JavaFX Application Thread] DEBUG Input                - Clearing active input actions
20:29:51.570 [JavaFX Application Thread] DEBUG GameApplicationServi - Removing overlay from GameScene and adding to DialogSubScene
20:29:51.570 [JavaFX Application Thread] DEBUG PrimaryStageWindow   - GameScene -> DialogSubScene
20:29:52.864 [JavaFX Application Thread] DEBUG PrimaryStageWindow   - Pop state: DialogSubScene
20:29:52.864 [JavaFX Application Thread] DEBUG Input                - Clearing active input actions
20:29:52.864 [JavaFX Application Thread] DEBUG GameApplicationServi - Removing overlay from DialogSubScene and adding to GameScene
20:29:52.864 [JavaFX Application Thread] DEBUG PrimaryStageWindow   - GameScene <- DialogSubScene
20:29:57.437 [JavaFX Application Thread] DEBUG PrimaryStageWindow   - Push state: DialogSubScene
20:29:57.437 [JavaFX Application Thread] DEBUG Input                - Clearing active input actions
20:29:57.437 [JavaFX Application Thread] DEBUG GameApplicationServi - Removing overlay from GameScene and adding to DialogSubScene
20:29:57.437 [JavaFX Application Thread] DEBUG PrimaryStageWindow   - GameScene -> DialogSubScene
20:30:00.638 [JavaFX Application Thread] DEBUG PrimaryStageWindow   - Pop state: DialogSubScene
20:30:00.638 [JavaFX Application Thread] DEBUG Input                - Clearing active input actions
20:30:00.639 [JavaFX Application Thread] DEBUG GameApplicationServi - Removing overlay from DialogSubScene and adding to GameScene
20:30:00.639 [JavaFX Application Thread] DEBUG PrimaryStageWindow   - GameScene <- DialogSubScene
20:30:01.118 [JavaFX Application Thread] DEBUG PrimaryStageWindow   - Push state: DialogSubScene
20:30:01.118 [JavaFX Application Thread] DEBUG Input                - Clearing active input actions
20:30:01.118 [JavaFX Application Thread] DEBUG GameApplicationServi - Removing overlay from GameScene and adding to DialogSubScene
20:30:01.118 [JavaFX Application Thread] DEBUG PrimaryStageWindow   - GameScene -> DialogSubScene
20:30:02.219 [JavaFX Application Thread] DEBUG PrimaryStageWindow   - Pop state: DialogSubScene
20:30:02.219 [JavaFX Application Thread] DEBUG Input                - Clearing active input actions
20:30:02.219 [JavaFX Application Thread] DEBUG GameApplicationServi - Removing overlay from DialogSubScene and adding to GameScene
20:30:02.220 [JavaFX Application Thread] DEBUG PrimaryStageWindow   - GameScene <- DialogSubScene
20:30:22.048 [JavaFX Application Thread] DEBUG PrimaryStageWindow   - Push state: DialogSubScene
20:30:22.048 [JavaFX Application Thread] DEBUG Input                - Clearing active input actions
20:30:22.048 [JavaFX Application Thread] DEBUG GameApplicationServi - Removing overlay from GameScene and adding to DialogSubScene
20:30:22.048 [JavaFX Application Thread] DEBUG PrimaryStageWindow   - GameScene -> DialogSubScene
20:30:24.547 [JavaFX Application Thread] DEBUG PrimaryStageWindow   - Pop state: DialogSubScene
20:30:24.549 [JavaFX Application Thread] DEBUG Input                - Clearing active input actions
20:30:24.549 [JavaFX Application Thread] DEBUG GameApplicationServi - Removing overlay from DialogSubScene and adding to GameScene
20:30:24.549 [JavaFX Application Thread] DEBUG PrimaryStageWindow   - GameScene <- DialogSubScene
20:30:44.762 [JavaFX Application Thread] DEBUG FXGLApplication      - Exiting FXGL
20:30:44.763 [JavaFX Application Thread] DEBUG LoopRunner           - Stopping loop
20:30:44.763 [JavaFX Application Thread] DEBUG SystemBundleService  - Saving FXGL system data
20:30:44.766 [JavaFX Application Thread] DEBUG FileSystemAccess     - Writing to: C:\OOP\baitaplonOOP\system\fxgl.bundle
20:30:44.767 [JavaFX Application Thread] DEBUG Async                - Shutting down background threads
20:30:44.768 [JavaFX Application Thread] DEBUG PrimaryStageWindow   - Closing main window
20:30:44.788 [JavaFX Application Thread] DEBUG Logger               - Closing Logger
