03:08:54.890 [main                     ] DEBUG Logger               - Configured Logger
03:08:54.910 [main                     ] DEBUG GameApplication      - Logging settings
Title: Bomberman Game
Version: 1.0
Width: 480
Height: 480
Fullscreen: false
Intro: false
Profiling: false
Single step:false
App Mode: DEVELOPER
Menu Key: ESCAPE
Stage Style: DECORATED
Scene Factory: class com.almasb.fxgl.app.scene.SceneFactory

03:08:55.260 [JavaFX Application Thread] DEBUG FXGLApplication      - Initializing FXGL
03:08:55.264 [JavaFX Application Thread] INFO  Engine               - FXGL-17.3 (30.03.2023 11.49) on WINDOWS (J:23.0.2 FX:17.0.6)
03:08:55.266 [JavaFX Application Thread] DEBUG Engine               - JRE Vendor Name: Oracle Corporation
03:08:55.266 [JavaFX Application Thread] DEBUG Engine               - Running on OS: Windows 11 version 10.0
03:08:55.266 [JavaFX Application Thread] DEBUG Engine               - Architecture: amd64
03:08:55.266 [JavaFX Application Thread] INFO  Engine               - Source code and latest versions at: https://github.com/AlmasB/FXGL
03:08:55.266 [JavaFX Application Thread] INFO  Engine               -       Ask questions and discuss at: https://github.com/AlmasB/FXGL/discussions
03:08:55.266 [JavaFX Application Thread] INFO  Engine               -              Join the FXGL chat at: https://gitter.im/AlmasB/FXGL
03:08:55.348 [JavaFX Application Thread] DEBUG PrimaryStageWindow   - Creating a JavaFX scene
03:08:55.402 [JavaFX Application Thread] DEBUG PrimaryStageWindow   - Target settings size: 480.0 x 480.0
03:08:55.403 [JavaFX Application Thread] DEBUG PrimaryStageWindow   - Scaled scene size:    480.0 x 480.0
03:08:55.403 [JavaFX Application Thread] DEBUG PrimaryStageWindow   - Scaled ratio: (1.0, 1.0)
03:08:55.404 [JavaFX Application Thread] DEBUG PrimaryStageWindow   - Set initial scene to FXGLStartupScene
03:08:55.410 [JavaFX Application Thread] DEBUG PrimaryStageWindow   - Opening main window
03:08:55.489 [JavaFX Application Thread] DEBUG PrimaryStageWindow   - Window border size: (14.666656494140625, 37.33331298828125)
03:08:55.490 [JavaFX Application Thread] DEBUG PrimaryStageWindow   - Scaled size: 480.0 x 480.0
03:08:55.490 [JavaFX Application Thread] DEBUG PrimaryStageWindow   - Scaled ratio: (1.0, 1.0)
03:08:55.490 [JavaFX Application Thread] DEBUG PrimaryStageWindow   - Scene size: 480.0 x 480.0
03:08:55.491 [JavaFX Application Thread] DEBUG PrimaryStageWindow   - Stage size: 494.6666564941406 x 517.3333129882812
03:08:55.500 [FXGL Background Thread 1 ] DEBUG Engine               - Initializing environment variables
03:08:55.588 [FXGL Background Thread 1 ] DEBUG FXGLAssetLoaderServi - User app class for loading assets: class org.example.demo.HelloApplication
03:08:55.589 [FXGL Background Thread 1 ] DEBUG GameApplicationServi - Applying CSS: fxgl_dark.css
03:08:55.590 [FXGL Background Thread 1 ] DEBUG FXGLAssetLoaderServi - Loading from file system: jar:file:///C:/Users/admin/.m2/repository/com/github/almasb/fxgl/17.3/fxgl-17.3.jar!/fxglassets/ui/css/fxgl_dark.css
03:08:55.638 [FXGL Background Thread 1 ] DEBUG GameApplicationServi - Initializing application scenes
03:08:55.684 [FXGL Background Thread 1 ] DEBUG GameWorld            - Game world initialized
03:08:55.760 [FXGL Background Thread 1 ] DEBUG PhysicsWorld         - Physics world initialized: appHeight=480, physics.ppm=50.0
03:08:55.761 [FXGL Background Thread 1 ] DEBUG PhysicsWorld         - Using strategy: BRUTE_FORCE
03:08:55.764 [FXGL Background Thread 1 ] DEBUG GameScene            - Game scene initialized: 480x480
03:08:55.781 [FXGL Background Thread 1 ] WARN  FXGL.DefaultMenu     - FXGLDefaultMenu is not designed for resolutions < 800x600
03:08:55.781 [FXGL Background Thread 1 ] DEBUG FXGL.DefaultMenu     - createMenuBodyGameMenu()
03:08:55.794 [FXGL Background Thread 1 ] DEBUG FXGL.DefaultMenu     - createOptionsMenu()
03:08:55.805 [FXGL Background Thread 1 ] DEBUG FXGLAssetLoaderServi - Loading from file system: jar:file:///C:/Users/admin/.m2/repository/com/github/almasb/fxgl/17.3/fxgl-17.3.jar!/fxglassets/textures/particles/smoke.png
03:08:55.897 [FXGL Background Thread 1 ] DEBUG FXGLAssetLoaderServi - Loading from file system: jar:file:///C:/Users/admin/.m2/repository/com/github/almasb/fxgl/17.3/fxgl-17.3.jar!/fxglassets/textures/particles/trace_horizontal.png
03:08:55.931 [FXGL Background Thread 1 ] DEBUG GameApplicationServi - Application scenes initialized
03:08:55.942 [FXGL Background Thread 1 ] DEBUG SystemBundleService  - Loading FXGL system data
03:08:55.946 [FXGL Background Thread 1 ] DEBUG FileSystemAccess     - Reading from: C:\Users\admin\OneDrive\Máy tính\btl\baitaplonOOP\system\fxgl.bundle
03:08:55.953 [FXGL Background Thread 1 ] DEBUG SystemBundleService  - Bundle FXGL: {}
03:08:55.954 [FXGL Background Thread 1 ] DEBUG UpdaterService       - Checking for updates
03:08:55.958 [FXGL Background Thread 4 ] DEBUG FXGLApplication      - Loading fonts
03:08:55.959 [FXGL Background Thread 4 ] DEBUG FXGLAssetLoaderServi - Loading from file system: jar:file:///C:/Users/admin/.m2/repository/com/github/almasb/fxgl/17.3/fxgl-17.3.jar!/fxglassets/ui/fonts/VarelaRound-Regular.ttf
03:08:55.959 [FXGL Background Thread 1 ] DEBUG FXGLApplication      - Loading default localization
03:08:55.959 [FXGL Background Thread 1 ] DEBUG FXGLAssetLoaderServi - Loading from file system: jar:file:///C:/Users/admin/.m2/repository/com/github/almasb/fxgl/17.3/fxgl-17.3.jar!/fxglassets/languages/english.lang
03:08:55.981 [FXGL Background Thread 1 ] INFO  FXGLApplication      - FXGL initialization took: 0.481 sec
03:08:55.981 [JavaFX Application Thread] DEBUG Input                - Clearing active input actions
03:08:55.991 [JavaFX Application Thread] DEBUG Input                - Registered new binding: Move Up - W
03:08:55.991 [JavaFX Application Thread] DEBUG Input                - Registered new binding: Move Down - S
03:08:55.991 [JavaFX Application Thread] DEBUG Input                - Registered new binding: Move Left - A
03:08:55.991 [JavaFX Application Thread] DEBUG Input                - Registered new binding: Move Right - D
03:08:55.991 [JavaFX Application Thread] DEBUG Input                - Registered new binding: Đặt bom - Space
03:08:55.992 [JavaFX Application Thread] DEBUG FXGLAssetLoaderServi - Loading from file system: jar:file:///C:/Users/admin/.m2/repository/com/github/almasb/fxgl/17.3/fxgl-17.3.jar!/fxglassets/textures/fxgl_icon.png
03:08:56.008 [FXGL Background Thread 4 ] DEBUG FXGLAssetLoaderServi - Loading from file system: jar:file:///C:/Users/admin/.m2/repository/com/github/almasb/fxgl/17.3/fxgl-17.3.jar!/fxglassets/ui/fonts/Abel-Regular.ttf
03:08:56.021 [JavaFX Application Thread] DEBUG FXGLAssetLoaderServi - Loading from file system: jar:file:///C:/Users/admin/.m2/repository/com/github/almasb/fxgl/17.3/fxgl-17.3.jar!/fxglassets/textures/fxgl_default_cursor.png
03:08:56.023 [JavaFX Application Thread] DEBUG Input                - Registered new binding: Screenshot - CTRL+8
03:08:56.023 [JavaFX Application Thread] DEBUG Input                - Registered new binding: System info dump - CTRL+9
03:08:56.025 [JavaFX Application Thread] DEBUG Input                - Registered new binding: Restart - CTRL+R
03:08:56.025 [FXGL Background Thread 4 ] DEBUG FXGLAssetLoaderServi - Loading from file system: jar:file:///C:/Users/admin/.m2/repository/com/github/almasb/fxgl/17.3/fxgl-17.3.jar!/fxglassets/ui/fonts/TerminalLandMono-Regular.otf
03:08:56.025 [JavaFX Application Thread] DEBUG Input                - Registered new binding: Toggle Debug Camera - CTRL+7
03:08:56.028 [JavaFX Application Thread] DEBUG LoopRunner           - Starting loop
03:08:56.029 [JavaFX Application Thread] DEBUG LoopRunner           - Initializing JavaFX AnimationTimerLoop
03:08:56.030 [JavaFX Application Thread] DEBUG GameApplicationServi - Starting new game
03:08:56.031 [JavaFX Application Thread] DEBUG Input                - Clearing active input actions
03:08:56.041 [FXGL Background Thread 4 ] DEBUG FXGLAssetLoaderServi - Loading from file system: jar:file:///C:/Users/admin/.m2/repository/com/github/almasb/fxgl/17.3/fxgl-17.3.jar!/fxglassets/ui/fonts/Courier-Prime.ttf
03:08:56.047 [JavaFX Application Thread] DEBUG GameApplicationServi - Removing overlay from FXGLStartupScene and adding to FXGLLoadingScene
03:08:56.048 [JavaFX Application Thread] DEBUG PrimaryStageWindow   - FXGLStartupScene -> FXGLLoadingScene
03:08:56.048 [JavaFX Application Thread] DEBUG GameApplicationServi - Clearing previous game
03:08:56.048 [JavaFX Application Thread] DEBUG GameScene            - Clearing game scene
03:08:56.048 [JavaFX Application Thread] DEBUG GameWorld            - Clearing game world
03:08:56.048 [JavaFX Application Thread] DEBUG PhysicsWorld         - Clearing physics world
03:08:56.050 [FXGL Background Thread 1 ] DEBUG FXGLApplication      - Initializing game
03:08:56.094 [JavaFX Application Thread] DEBUG FXGLApplication      - Registering font factories with UI factory
03:08:56.374 [FXGL Background Thread 1 ] INFO  FXGLApplication      - Game initialization took: 0.323 sec
03:08:56.374 [JavaFX Application Thread] DEBUG Input                - Clearing active input actions
03:08:56.398 [JavaFX Application Thread] DEBUG GameApplicationServi - Removing overlay from FXGLLoadingScene and adding to GameScene
03:08:56.399 [JavaFX Application Thread] DEBUG PrimaryStageWindow   - FXGLLoadingScene -> GameScene
03:08:57.186 [FXGL Background Thread 2 ] INFO  UpdaterService       - Your current version:  17.3
03:08:57.186 [FXGL Background Thread 2 ] INFO  UpdaterService       - Latest stable version: 21.1
03:08:58.958 [FXGL Background Thread 3 ] DEBUG Engine               - Logging environment variables
03:08:58.958 [FXGL Background Thread 3 ] DEBUG Engine               - achievements: []
03:08:58.958 [FXGL Background Thread 3 ] DEBUG Engine               - actualHeight: 480.0
03:08:58.959 [FXGL Background Thread 3 ] DEBUG Engine               - actualHeightProperty: ReadOnlyDoubleProperty [value: 480.0]
03:08:58.959 [FXGL Background Thread 3 ] DEBUG Engine               - actualWidth: 480.0
03:08:58.959 [FXGL Background Thread 3 ] DEBUG Engine               - actualWidthProperty: ReadOnlyDoubleProperty [value: 480.0]
03:08:58.959 [FXGL Background Thread 3 ] DEBUG Engine               - appIcon: fxgl_icon.png
03:08:58.959 [FXGL Background Thread 3 ] DEBUG Engine               - applicationMode: DEVELOPER
03:08:58.959 [FXGL Background Thread 3 ] DEBUG Engine               - cSSList: [fxgl_dark.css]
03:08:58.959 [FXGL Background Thread 3 ] DEBUG Engine               - collisionDetectionStrategy: BRUTE_FORCE
03:08:58.959 [FXGL Background Thread 3 ] DEBUG Engine               - configClass: Optional.empty
03:08:58.959 [FXGL Background Thread 3 ] DEBUG Engine               - credits: []
03:08:58.959 [FXGL Background Thread 3 ] DEBUG Engine               - defaultCursor: CursorInfo(imageName=fxgl_default_cursor.png, hotspotX=7.0, hotspotY=6.0)
03:08:58.959 [FXGL Background Thread 3 ] DEBUG Engine               - devBBoxColorProperty: ObjectProperty [value: 0xff0000ff]
03:08:58.960 [FXGL Background Thread 3 ] DEBUG Engine               - devEnableDebugCameraProperty: BooleanProperty [value: false]
03:08:58.960 [FXGL Background Thread 3 ] DEBUG Engine               - devSensorColorProperty: ObjectProperty [value: 0xffff00ff]
03:08:58.960 [FXGL Background Thread 3 ] DEBUG Engine               - devShowBBoxProperty: BooleanProperty [value: false]
03:08:58.960 [FXGL Background Thread 3 ] DEBUG Engine               - devShowPositionProperty: BooleanProperty [value: false]
03:08:58.960 [FXGL Background Thread 3 ] DEBUG Engine               - enabledMenuItems: []
03:08:58.960 [FXGL Background Thread 3 ] DEBUG Engine               - engineServices: [class com.almasb.fxgl.app.services.FXGLAssetLoaderService, class com.almasb.fxgl.app.FXGLApplication$GameApplicationService, class com.almasb.fxgl.app.services.FXGLDialogService, class com.almasb.fxgl.app.services.IOTaskExecutorService, class com.almasb.fxgl.io.FileSystemService, class com.almasb.fxgl.localization.LocalizationService, class com.almasb.fxgl.app.services.SystemBundleService, class com.almasb.fxgl.profile.SaveLoadService, class com.almasb.fxgl.ui.FXGLUIFactoryServiceProvider, class com.almasb.fxgl.ui.FXGLDialogFactoryServiceProvider, class com.almasb.fxgl.audio.AudioPlayer, class com.almasb.fxgl.notification.impl.NotificationServiceProvider, class com.almasb.fxgl.achievement.AchievementService, class com.almasb.fxgl.cutscene.CutsceneService, class com.almasb.fxgl.minigames.MiniGameService, class com.almasb.fxgl.net.NetService, class com.almasb.fxgl.app.services.UpdaterService, class com.almasb.fxgl.dev.DevService]
03:08:58.960 [FXGL Background Thread 3 ] DEBUG Engine               - fontGame: Abel-Regular.ttf
03:08:58.960 [FXGL Background Thread 3 ] DEBUG Engine               - fontMono: TerminalLandMono-Regular.otf
03:08:58.960 [FXGL Background Thread 3 ] DEBUG Engine               - fontSizeScaleUI: 1.0
03:08:58.960 [FXGL Background Thread 3 ] DEBUG Engine               - fontText: Courier-Prime.ttf
03:08:58.960 [FXGL Background Thread 3 ] DEBUG Engine               - fontUI: VarelaRound-Regular.ttf
03:08:58.960 [FXGL Background Thread 3 ] DEBUG Engine               - fullScreen: BooleanProperty [value: false]
03:08:58.960 [FXGL Background Thread 3 ] DEBUG Engine               - gameDifficulty: MEDIUM
03:08:58.960 [FXGL Background Thread 3 ] DEBUG Engine               - gameDifficultyProperty: ObjectProperty [value: MEDIUM]
03:08:58.960 [FXGL Background Thread 3 ] DEBUG Engine               - globalMusicVolume: 0.5
03:08:58.960 [FXGL Background Thread 3 ] DEBUG Engine               - globalMusicVolumeProperty: DoubleProperty [value: 0.5]
03:08:58.960 [FXGL Background Thread 3 ] DEBUG Engine               - globalSoundVolume: 0.5
03:08:58.961 [FXGL Background Thread 3 ] DEBUG Engine               - globalSoundVolumeProperty: DoubleProperty [value: 0.5]
03:08:58.961 [FXGL Background Thread 3 ] DEBUG Engine               - height: 480
03:08:58.961 [FXGL Background Thread 3 ] DEBUG Engine               - is3D: false
03:08:58.961 [FXGL Background Thread 3 ] DEBUG Engine               - isAndroid: false
03:08:58.961 [FXGL Background Thread 3 ] DEBUG Engine               - isBrowser: false
03:08:58.961 [FXGL Background Thread 3 ] DEBUG Engine               - isClickFeedbackEnabled: false
03:08:58.961 [FXGL Background Thread 3 ] DEBUG Engine               - isCloseConfirmation: false
03:08:58.961 [FXGL Background Thread 3 ] DEBUG Engine               - isDesktop: true
03:08:58.961 [FXGL Background Thread 3 ] DEBUG Engine               - isDeveloperMenuEnabled: false
03:08:58.961 [FXGL Background Thread 3 ] DEBUG Engine               - isEmbedded: false
03:08:58.961 [FXGL Background Thread 3 ] DEBUG Engine               - isEntityPreloadEnabled: true
03:08:58.961 [FXGL Background Thread 3 ] DEBUG Engine               - isExperimentalTiledLargeMap: false
03:08:58.961 [FXGL Background Thread 3 ] DEBUG Engine               - isFileSystemWriteAllowed: true
03:08:58.962 [FXGL Background Thread 3 ] DEBUG Engine               - isFullScreenAllowed: false
03:08:58.962 [FXGL Background Thread 3 ] DEBUG Engine               - isFullScreenFromStart: false
03:08:58.962 [FXGL Background Thread 3 ] DEBUG Engine               - isGameMenuEnabled: true
03:08:58.962 [FXGL Background Thread 3 ] DEBUG Engine               - isIOS: false
03:08:58.962 [FXGL Background Thread 3 ] DEBUG Engine               - isIntroEnabled: false
03:08:58.962 [FXGL Background Thread 3 ] DEBUG Engine               - isLinux: false
03:08:58.962 [FXGL Background Thread 3 ] DEBUG Engine               - isMac: false
03:08:58.962 [FXGL Background Thread 3 ] DEBUG Engine               - isMainMenuEnabled: false
03:08:58.962 [FXGL Background Thread 3 ] DEBUG Engine               - isManualResizeEnabled: false
03:08:58.962 [FXGL Background Thread 3 ] DEBUG Engine               - isMobile: false
03:08:58.962 [FXGL Background Thread 3 ] DEBUG Engine               - isNative: false
03:08:58.962 [FXGL Background Thread 3 ] DEBUG Engine               - isPauseMusicWhenMinimized: true
03:08:58.962 [FXGL Background Thread 3 ] DEBUG Engine               - isPreserveResizeRatio: false
03:08:58.962 [FXGL Background Thread 3 ] DEBUG Engine               - isProfilingEnabled: false
03:08:58.962 [FXGL Background Thread 3 ] DEBUG Engine               - isScaleAffectedOnResize: true
03:08:58.962 [FXGL Background Thread 3 ] DEBUG Engine               - isSingleStep: false
03:08:58.962 [FXGL Background Thread 3 ] DEBUG Engine               - isUserProfileEnabled: false
03:08:58.962 [FXGL Background Thread 3 ] DEBUG Engine               - isWindows: true
03:08:58.962 [FXGL Background Thread 3 ] DEBUG Engine               - language: ObjectProperty [value: ENGLISH]
03:08:58.962 [FXGL Background Thread 3 ] DEBUG Engine               - menuKey: ESCAPE
03:08:58.962 [FXGL Background Thread 3 ] DEBUG Engine               - mouseSensitivity: 0.2
03:08:58.962 [FXGL Background Thread 3 ] DEBUG Engine               - notificationViewClass: class com.almasb.fxgl.notification.view.XboxNotificationView
03:08:58.963 [FXGL Background Thread 3 ] DEBUG Engine               - pixelsPerMeter: 50.0
03:08:58.963 [FXGL Background Thread 3 ] DEBUG Engine               - platform: WINDOWS
03:08:58.963 [FXGL Background Thread 3 ] DEBUG Engine               - prefHeightProperty: ReadOnlyDoubleProperty [value: 480.0]
03:08:58.963 [FXGL Background Thread 3 ] DEBUG Engine               - prefWidthProperty: ReadOnlyDoubleProperty [value: 480.0]
03:08:58.963 [FXGL Background Thread 3 ] DEBUG Engine               - profileDir: profiles/
03:08:58.963 [FXGL Background Thread 3 ] DEBUG Engine               - profileName: StringProperty [value: DEFAULT]
03:08:58.963 [FXGL Background Thread 3 ] DEBUG Engine               - randomSeed: -1
03:08:58.963 [FXGL Background Thread 3 ] DEBUG Engine               - runtimeInfo: RuntimeInfo(platform=WINDOWS, version=17.3, build=30.03.2023 11.49)
03:08:58.963 [FXGL Background Thread 3 ] DEBUG Engine               - saveFileExt: sav
03:08:58.963 [FXGL Background Thread 3 ] DEBUG Engine               - scaledHeightProp$fxgl: DoubleProperty [bound, value: 480.0]
03:08:58.963 [FXGL Background Thread 3 ] DEBUG Engine               - scaledWidthProp$fxgl: DoubleProperty [bound, value: 480.0]
03:08:58.963 [FXGL Background Thread 3 ] DEBUG Engine               - sceneFactory: com.almasb.fxgl.app.scene.SceneFactory@1c8a8332
03:08:58.963 [FXGL Background Thread 3 ] DEBUG Engine               - secondsIn24h: 60
03:08:58.963 [FXGL Background Thread 3 ] DEBUG Engine               - soundMenuBack: menu/back.wav
03:08:58.963 [FXGL Background Thread 3 ] DEBUG Engine               - soundMenuPress: menu/press.wav
03:08:58.963 [FXGL Background Thread 3 ] DEBUG Engine               - soundMenuSelect: menu/select.wav
03:08:58.963 [FXGL Background Thread 3 ] DEBUG Engine               - soundNotification: core/notification.wav
03:08:58.963 [FXGL Background Thread 3 ] DEBUG Engine               - stageStyle: DECORATED
03:08:58.964 [FXGL Background Thread 3 ] DEBUG Engine               - supportedLanguages: [ENGLISH, FRENCH, GERMAN, HUNGARIAN, RUSSIAN]
03:08:58.964 [FXGL Background Thread 3 ] DEBUG Engine               - ticksPerSecond: -1
03:08:58.964 [FXGL Background Thread 3 ] DEBUG Engine               - title: Bomberman Game
03:08:58.964 [FXGL Background Thread 3 ] DEBUG Engine               - urlGithub: https://github.com/AlmasB/FXGL
03:08:58.964 [FXGL Background Thread 3 ] DEBUG Engine               - urlLeaderboard: http://fxgl-top.herokuapp.com/
03:08:58.964 [FXGL Background Thread 3 ] DEBUG Engine               - urlPOM: https://raw.githubusercontent.com/AlmasB/FXGL/release/README.md
03:08:58.964 [FXGL Background Thread 3 ] DEBUG Engine               - userAppClass: class org.example.demo.HelloApplication
03:08:58.964 [FXGL Background Thread 3 ] DEBUG Engine               - version: 1.0
03:08:58.964 [FXGL Background Thread 3 ] DEBUG Engine               - versionCheckDays: 7
03:08:58.964 [FXGL Background Thread 3 ] DEBUG Engine               - width: 480
03:08:58.964 [FXGL Background Thread 3 ] DEBUG Engine               - Logging services
03:08:58.964 [FXGL Background Thread 3 ] DEBUG Engine               - class com.almasb.fxgl.app.services.FXGLAssetLoaderService
03:08:58.964 [FXGL Background Thread 3 ] DEBUG Engine               - class com.almasb.fxgl.app.FXGLApplication$GameApplicationService
03:08:58.964 [FXGL Background Thread 3 ] DEBUG Engine               - class com.almasb.fxgl.app.services.FXGLDialogService
03:08:58.964 [FXGL Background Thread 3 ] DEBUG Engine               - class com.almasb.fxgl.app.services.IOTaskExecutorService
03:08:58.964 [FXGL Background Thread 3 ] DEBUG Engine               - class com.almasb.fxgl.io.FileSystemService
03:08:58.964 [FXGL Background Thread 3 ] DEBUG Engine               - class com.almasb.fxgl.localization.LocalizationService
03:08:58.964 [FXGL Background Thread 3 ] DEBUG Engine               - class com.almasb.fxgl.app.services.SystemBundleService
03:08:58.965 [FXGL Background Thread 3 ] DEBUG Engine               - class com.almasb.fxgl.profile.SaveLoadService
03:08:58.965 [FXGL Background Thread 3 ] DEBUG Engine               - class com.almasb.fxgl.ui.FXGLUIFactoryServiceProvider
03:08:58.965 [FXGL Background Thread 3 ] DEBUG Engine               - class com.almasb.fxgl.ui.FXGLDialogFactoryServiceProvider
03:08:58.965 [FXGL Background Thread 3 ] DEBUG Engine               - class com.almasb.fxgl.audio.AudioPlayer
03:08:58.965 [FXGL Background Thread 3 ] DEBUG Engine               - class com.almasb.fxgl.notification.impl.NotificationServiceProvider
03:08:58.965 [FXGL Background Thread 3 ] DEBUG Engine               - class com.almasb.fxgl.achievement.AchievementService
03:08:58.965 [FXGL Background Thread 3 ] DEBUG Engine               - class com.almasb.fxgl.cutscene.CutsceneService
03:08:58.965 [FXGL Background Thread 3 ] DEBUG Engine               - class com.almasb.fxgl.minigames.MiniGameService
03:08:58.965 [FXGL Background Thread 3 ] DEBUG Engine               - class com.almasb.fxgl.net.NetService
03:08:58.965 [FXGL Background Thread 3 ] DEBUG Engine               - class com.almasb.fxgl.app.services.UpdaterService
03:08:58.965 [FXGL Background Thread 3 ] DEBUG Engine               - class com.almasb.fxgl.dev.DevService
03:09:03.837 [JavaFX Application Thread] WARN  FXGLAssetLoaderServi - Asset "/assets/textures/sprites/explosion.png" was not found!
03:09:03.837 [JavaFX Application Thread] WARN  FXGLAssetLoaderServi - Failed to load IMAGE
03:09:03.858 [JavaFX Application Thread] WARN  FXGLAssetLoaderServi - Asset "/assets/textures/sprites/explosion.png" was not found!
03:09:03.858 [JavaFX Application Thread] WARN  FXGLAssetLoaderServi - Failed to load IMAGE
03:09:03.859 [JavaFX Application Thread] WARN  FXGLAssetLoaderServi - Asset "/assets/textures/sprites/explosion.png" was not found!
03:09:03.859 [JavaFX Application Thread] WARN  FXGLAssetLoaderServi - Failed to load IMAGE
03:09:03.860 [JavaFX Application Thread] WARN  FXGLAssetLoaderServi - Asset "/assets/textures/sprites/explosion.png" was not found!
03:09:03.860 [JavaFX Application Thread] WARN  FXGLAssetLoaderServi - Failed to load IMAGE
03:09:03.875 [JavaFX Application Thread] WARN  FXGLAssetLoaderServi - Asset "/assets/textures/sprites/explosion.png" was not found!
03:09:03.875 [JavaFX Application Thread] WARN  FXGLAssetLoaderServi - Failed to load IMAGE
03:09:03.875 [JavaFX Application Thread] WARN  FXGLAssetLoaderServi - Asset "/assets/textures/sprites/explosion.png" was not found!
03:09:03.876 [JavaFX Application Thread] WARN  FXGLAssetLoaderServi - Failed to load IMAGE
03:09:03.888 [JavaFX Application Thread] WARN  FXGLAssetLoaderServi - Asset "/assets/textures/sprites/explosion.png" was not found!
03:09:03.888 [JavaFX Application Thread] WARN  FXGLAssetLoaderServi - Failed to load IMAGE
03:09:03.891 [JavaFX Application Thread] DEBUG PrimaryStageWindow   - Push state: DialogSubScene
03:09:03.891 [JavaFX Application Thread] DEBUG Input                - Clearing active input actions
03:09:03.895 [JavaFX Application Thread] DEBUG GameApplicationServi - Removing overlay from GameScene and adding to DialogSubScene
03:09:03.896 [JavaFX Application Thread] DEBUG PrimaryStageWindow   - GameScene -> DialogSubScene
03:09:03.896 [JavaFX Application Thread] WARN  FXGLAssetLoaderServi - Asset "/assets/textures/sprites/explosion.png" was not found!
03:09:03.896 [JavaFX Application Thread] WARN  FXGLAssetLoaderServi - Failed to load IMAGE
03:09:03.897 [JavaFX Application Thread] WARN  FXGLAssetLoaderServi - Asset "/assets/textures/sprites/explosion.png" was not found!
03:09:03.897 [JavaFX Application Thread] WARN  FXGLAssetLoaderServi - Failed to load IMAGE
03:09:12.914 [JavaFX Application Thread] DEBUG PrimaryStageWindow   - Pop state: DialogSubScene
03:09:12.914 [JavaFX Application Thread] DEBUG Input                - Clearing active input actions
03:09:12.917 [JavaFX Application Thread] DEBUG GameApplicationServi - Removing overlay from DialogSubScene and adding to GameScene
03:09:12.917 [JavaFX Application Thread] DEBUG PrimaryStageWindow   - GameScene <- DialogSubScene
03:09:12.918 [JavaFX Application Thread] DEBUG FXGLApplication      - Exiting FXGL
03:09:12.918 [JavaFX Application Thread] DEBUG LoopRunner           - Stopping loop
03:09:12.918 [JavaFX Application Thread] DEBUG SystemBundleService  - Saving FXGL system data
03:09:12.921 [JavaFX Application Thread] DEBUG FileSystemAccess     - Writing to: C:\Users\admin\OneDrive\Máy tính\btl\baitaplonOOP\system\fxgl.bundle
03:09:12.925 [JavaFX Application Thread] DEBUG Async                - Shutting down background threads
03:09:12.925 [JavaFX Application Thread] DEBUG PrimaryStageWindow   - Closing main window
03:09:12.950 [JavaFX Application Thread] DEBUG Logger               - Closing Logger
