14:35:31.216 [main                     ] DEBUG Logger               - Configured Logger
14:35:31.246 [main                     ] DEBUG GameApplication      - Logging settings
Title: Bomberman Game
Version: 1.0
Width: 608
Height: 480
Fullscreen: false
Intro: false
Profiling: false
Single step:false
App Mode: DEVELOPER
Menu Key: ESCAPE
Stage Style: DECORATED
Scene Factory: class com.almasb.fxgl.app.scene.SceneFactory

14:35:31.601 [JavaFX Application Thread] DEBUG FXGLApplication      - Initializing FXGL
14:35:31.606 [JavaFX Application Thread] INFO  Engine               - FXGL-17.3 (30.03.2023 11.49) on WINDOWS (J:23.0.2 FX:17.0.6)
14:35:31.606 [JavaFX Application Thread] DEBUG Engine               - JRE Vendor Name: Oracle Corporation
14:35:31.606 [JavaFX Application Thread] DEBUG Engine               - Running on OS: Windows 11 version 10.0
14:35:31.606 [JavaFX Application Thread] DEBUG Engine               - Architecture: amd64
14:35:31.606 [JavaFX Application Thread] INFO  Engine               - Source code and latest versions at: https://github.com/AlmasB/FXGL
14:35:31.606 [JavaFX Application Thread] INFO  Engine               -       Ask questions and discuss at: https://github.com/AlmasB/FXGL/discussions
14:35:31.607 [JavaFX Application Thread] INFO  Engine               -              Join the FXGL chat at: https://gitter.im/AlmasB/FXGL
14:35:31.696 [JavaFX Application Thread] DEBUG PrimaryStageWindow   - Creating a JavaFX scene
14:35:31.740 [JavaFX Application Thread] DEBUG PrimaryStageWindow   - Target settings size: 608.0 x 480.0
14:35:31.741 [JavaFX Application Thread] DEBUG PrimaryStageWindow   - Scaled scene size:    608.0 x 480.0
14:35:31.741 [JavaFX Application Thread] DEBUG PrimaryStageWindow   - Scaled ratio: (1.0, 1.0)
14:35:31.743 [JavaFX Application Thread] DEBUG PrimaryStageWindow   - Set initial scene to FXGLStartupScene
14:35:31.749 [JavaFX Application Thread] DEBUG PrimaryStageWindow   - Opening main window
14:35:31.829 [JavaFX Application Thread] DEBUG PrimaryStageWindow   - Window border size: (14.66668701171875, 37.33331298828125)
14:35:31.830 [JavaFX Application Thread] DEBUG PrimaryStageWindow   - Scaled size: 608.0 x 480.0
14:35:31.830 [JavaFX Application Thread] DEBUG PrimaryStageWindow   - Scaled ratio: (1.0, 1.0)
14:35:31.831 [JavaFX Application Thread] DEBUG PrimaryStageWindow   - Scene size: 608.0 x 480.0
14:35:31.831 [JavaFX Application Thread] DEBUG PrimaryStageWindow   - Stage size: 622.6666870117188 x 517.3333129882812
14:35:31.838 [FXGL Background Thread 1 ] DEBUG Engine               - Initializing environment variables
14:35:31.924 [FXGL Background Thread 1 ] DEBUG FXGLAssetLoaderServi - User app class for loading assets: class org.example.demo.HelloApplication
14:35:31.924 [FXGL Background Thread 1 ] DEBUG GameApplicationServi - Applying CSS: fxgl_dark.css
14:35:31.925 [FXGL Background Thread 1 ] DEBUG FXGLAssetLoaderServi - Loading from file system: jar:file:///C:/Users/admin/.m2/repository/com/github/almasb/fxgl/17.3/fxgl-17.3.jar!/fxglassets/ui/css/fxgl_dark.css
14:35:31.974 [FXGL Background Thread 1 ] DEBUG GameApplicationServi - Initializing application scenes
14:35:32.022 [FXGL Background Thread 1 ] DEBUG GameWorld            - Game world initialized
14:35:32.110 [FXGL Background Thread 1 ] DEBUG PhysicsWorld         - Physics world initialized: appHeight=480, physics.ppm=50.0
14:35:32.111 [FXGL Background Thread 1 ] DEBUG PhysicsWorld         - Using strategy: BRUTE_FORCE
14:35:32.115 [FXGL Background Thread 1 ] DEBUG GameScene            - Game scene initialized: 608x480
14:35:32.130 [FXGL Background Thread 1 ] WARN  FXGL.DefaultMenu     - FXGLDefaultMenu is not designed for resolutions < 800x600
14:35:32.130 [FXGL Background Thread 1 ] DEBUG FXGL.DefaultMenu     - createMenuBodyGameMenu()
14:35:32.143 [FXGL Background Thread 1 ] DEBUG FXGL.DefaultMenu     - createOptionsMenu()
14:35:32.152 [FXGL Background Thread 1 ] DEBUG FXGLAssetLoaderServi - Loading from file system: jar:file:///C:/Users/admin/.m2/repository/com/github/almasb/fxgl/17.3/fxgl-17.3.jar!/fxglassets/textures/particles/smoke.png
14:35:32.248 [FXGL Background Thread 1 ] DEBUG FXGLAssetLoaderServi - Loading from file system: jar:file:///C:/Users/admin/.m2/repository/com/github/almasb/fxgl/17.3/fxgl-17.3.jar!/fxglassets/textures/particles/trace_horizontal.png
14:35:32.277 [FXGL Background Thread 1 ] DEBUG GameApplicationServi - Application scenes initialized
14:35:32.289 [FXGL Background Thread 1 ] DEBUG SystemBundleService  - Loading FXGL system data
14:35:32.292 [FXGL Background Thread 1 ] DEBUG FileSystemAccess     - Reading from: C:\Users\admin\OneDrive\Máy tính\btl\baitaplonOOP\system\fxgl.bundle
14:35:32.299 [FXGL Background Thread 1 ] DEBUG SystemBundleService  - Bundle FXGL: {}
14:35:32.299 [FXGL Background Thread 1 ] DEBUG UpdaterService       - Checking for updates
14:35:32.304 [FXGL Background Thread 4 ] DEBUG FXGLApplication      - Loading fonts
14:35:32.305 [FXGL Background Thread 4 ] DEBUG FXGLAssetLoaderServi - Loading from file system: jar:file:///C:/Users/admin/.m2/repository/com/github/almasb/fxgl/17.3/fxgl-17.3.jar!/fxglassets/ui/fonts/VarelaRound-Regular.ttf
14:35:32.305 [FXGL Background Thread 1 ] DEBUG FXGLApplication      - Loading default localization
14:35:32.305 [FXGL Background Thread 1 ] DEBUG FXGLAssetLoaderServi - Loading from file system: jar:file:///C:/Users/admin/.m2/repository/com/github/almasb/fxgl/17.3/fxgl-17.3.jar!/fxglassets/languages/english.lang
14:35:32.325 [FXGL Background Thread 1 ] INFO  FXGLApplication      - FXGL initialization took: 0.487 sec
14:35:32.327 [JavaFX Application Thread] DEBUG FXGLAssetLoaderServi - Loading from file system: jar:file:///C:/Users/admin/.m2/repository/com/github/almasb/fxgl/17.3/fxgl-17.3.jar!/fxglassets/textures/fxgl_icon.png
14:35:32.352 [JavaFX Application Thread] DEBUG FXGLAssetLoaderServi - Loading from file system: jar:file:///C:/Users/admin/.m2/repository/com/github/almasb/fxgl/17.3/fxgl-17.3.jar!/fxglassets/textures/fxgl_default_cursor.png
14:35:32.353 [FXGL Background Thread 4 ] DEBUG FXGLAssetLoaderServi - Loading from file system: jar:file:///C:/Users/admin/.m2/repository/com/github/almasb/fxgl/17.3/fxgl-17.3.jar!/fxglassets/ui/fonts/Abel-Regular.ttf
14:35:32.369 [FXGL Background Thread 4 ] DEBUG FXGLAssetLoaderServi - Loading from file system: jar:file:///C:/Users/admin/.m2/repository/com/github/almasb/fxgl/17.3/fxgl-17.3.jar!/fxglassets/ui/fonts/TerminalLandMono-Regular.otf
14:35:32.369 [JavaFX Application Thread] DEBUG Input                - Registered new binding: Screenshot - CTRL+8
14:35:32.370 [JavaFX Application Thread] DEBUG Input                - Registered new binding: System info dump - CTRL+9
14:35:32.370 [JavaFX Application Thread] DEBUG Input                - Registered new binding: Restart - CTRL+R
14:35:32.371 [JavaFX Application Thread] DEBUG Input                - Registered new binding: Toggle Debug Camera - CTRL+7
14:35:32.374 [JavaFX Application Thread] DEBUG LoopRunner           - Starting loop
14:35:32.374 [JavaFX Application Thread] DEBUG LoopRunner           - Initializing JavaFX AnimationTimerLoop
14:35:32.375 [JavaFX Application Thread] DEBUG GameApplicationServi - Starting new game
14:35:32.376 [JavaFX Application Thread] DEBUG Input                - Clearing active input actions
14:35:32.383 [FXGL Background Thread 4 ] DEBUG FXGLAssetLoaderServi - Loading from file system: jar:file:///C:/Users/admin/.m2/repository/com/github/almasb/fxgl/17.3/fxgl-17.3.jar!/fxglassets/ui/fonts/Courier-Prime.ttf
14:35:32.390 [JavaFX Application Thread] DEBUG GameApplicationServi - Removing overlay from FXGLStartupScene and adding to FXGLLoadingScene
14:35:32.390 [JavaFX Application Thread] DEBUG PrimaryStageWindow   - FXGLStartupScene -> FXGLLoadingScene
14:35:32.390 [JavaFX Application Thread] DEBUG GameApplicationServi - Clearing previous game
14:35:32.390 [JavaFX Application Thread] DEBUG GameScene            - Clearing game scene
14:35:32.390 [JavaFX Application Thread] DEBUG GameWorld            - Clearing game world
14:35:32.391 [JavaFX Application Thread] DEBUG PhysicsWorld         - Clearing physics world
14:35:32.392 [FXGL Background Thread 1 ] DEBUG FXGLApplication      - Initializing game
14:35:32.430 [JavaFX Application Thread] DEBUG LoopRunner           - Stopping loop
14:35:32.432 [JavaFX Application Thread] FATAL FXGLApplication      - Uncaught Exception:
java.lang.RuntimeException: Initialization failed
	at com.almasb.fxgl.all@17.3/com.almasb.fxgl.app.FXGLApplication$InitAppTask.failed(FXGLApplication.kt:343)
	at javafx.graphics/javafx.concurrent.Task.setState(Task.java:710)
	at javafx.graphics/javafx.concurrent.Task$TaskCallable.lambda$call$2(Task.java:1456)
	at javafx.graphics/com.sun.javafx.application.PlatformImpl.lambda$runLater$10(PlatformImpl.java:457)
	at java.base/java.security.AccessController.doPrivileged(AccessController.java:400)
	at javafx.graphics/com.sun.javafx.application.PlatformImpl.lambda$runLater$11(PlatformImpl.java:456)
	at javafx.graphics/com.sun.glass.ui.InvokeLaterDispatcher$Future.run(InvokeLaterDispatcher.java:96)
	at javafx.graphics/com.sun.glass.ui.win.WinApplication._runLoop(Native Method)
	at javafx.graphics/com.sun.glass.ui.win.WinApplication.lambda$runLoop$3(WinApplication.java:184)
	at java.base/java.lang.Thread.run(Thread.java:1575)
Caused by: java.lang.ArrayIndexOutOfBoundsException: Index 17 out of bounds for length 15
	at org.example.demo/org.example.demo.GameInitializerMap.initializeMap(GameInitializerMap.java:62)
	at org.example.demo/org.example.demo.BombermanApp.initializeMap(BombermanApp.java:104)
	at org.example.demo/org.example.demo.BombermanApp.initGame(BombermanApp.java:50)
	at com.almasb.fxgl.all@17.3/com.almasb.fxgl.app.FXGLApplication$InitAppTask.initGame(FXGLApplication.kt:339)
	at com.almasb.fxgl.all@17.3/com.almasb.fxgl.app.FXGLApplication$InitAppTask.call(FXGLApplication.kt:319)
	at com.almasb.fxgl.all@17.3/com.almasb.fxgl.app.FXGLApplication$InitAppTask.call(FXGLApplication.kt:311)
	at javafx.graphics/javafx.concurrent.Task$TaskCallable.call(Task.java:1426)
	at java.base/java.util.concurrent.FutureTask.run(FutureTask.java:317)
	at java.base/java.util.concurrent.Executors$RunnableAdapter.call(Executors.java:572)
	at java.base/java.util.concurrent.FutureTask.run(FutureTask.java:317)
	at java.base/java.util.concurrent.ThreadPoolExecutor.runWorker(ThreadPoolExecutor.java:1144)
	at java.base/java.util.concurrent.ThreadPoolExecutor$Worker.run(ThreadPoolExecutor.java:642)
	... 1 more

14:35:32.432 [JavaFX Application Thread] FATAL FXGLApplication      - Application will now exit
14:35:32.453 [JavaFX Application Thread] DEBUG PrimaryStageWindow   - Push state: ErrorSubScene
14:35:32.453 [JavaFX Application Thread] DEBUG Input                - Clearing active input actions
14:35:32.459 [JavaFX Application Thread] DEBUG GameApplicationServi - Removing overlay from FXGLLoadingScene and adding to ErrorSubScene
14:35:32.460 [JavaFX Application Thread] DEBUG PrimaryStageWindow   - FXGLLoadingScene -> ErrorSubScene
14:35:32.460 [JavaFX Application Thread] DEBUG FXGLApplication      - Registering font factories with UI factory
14:35:32.952 [FXGL Background Thread 2 ] INFO  UpdaterService       - Your current version:  17.3
14:35:32.952 [FXGL Background Thread 2 ] INFO  UpdaterService       - Latest stable version: 21.1
14:35:35.297 [JavaFX Application Thread] DEBUG FXGLApplication      - Exiting FXGL
14:35:35.298 [JavaFX Application Thread] DEBUG Async                - Shutting down background threads
14:35:35.298 [JavaFX Application Thread] DEBUG PrimaryStageWindow   - Closing main window
14:35:35.329 [JavaFX Application Thread] DEBUG Logger               - Closing Logger
