13:56:45.649 [main                     ] DEBUG Logger               - Configured Logger
13:56:45.673 [main                     ] DEBUG GameApplication      - Logging settings
Title: Bomberman Game
Version: 1.0
Width: 480
Height: 480
Fullscreen: false
Intro: false
Profiling: false
Single step:false
App Mode: DEVELOPER
Menu Key: ESCAPE
Stage Style: DECORATED
Scene Factory: class com.almasb.fxgl.app.scene.SceneFactory

13:56:45.963 [JavaFX Application Thread] DEBUG FXGLApplication      - Initializing FXGL
13:56:45.967 [JavaFX Application Thread] INFO  Engine               - FXGL-17.3 (30.03.2023 11.49) on WINDOWS (J:23.0.2 FX:17.0.6)
13:56:45.968 [JavaFX Application Thread] DEBUG Engine               - JRE Vendor Name: Oracle Corporation
13:56:45.968 [JavaFX Application Thread] DEBUG Engine               - Running on OS: Windows 11 version 10.0
13:56:45.968 [JavaFX Application Thread] DEBUG Engine               - Architecture: amd64
13:56:45.968 [JavaFX Application Thread] INFO  Engine               - Source code and latest versions at: https://github.com/AlmasB/FXGL
13:56:45.968 [JavaFX Application Thread] INFO  Engine               -       Ask questions and discuss at: https://github.com/AlmasB/FXGL/discussions
13:56:45.968 [JavaFX Application Thread] INFO  Engine               -              Join the FXGL chat at: https://gitter.im/AlmasB/FXGL
13:56:46.051 [JavaFX Application Thread] DEBUG PrimaryStageWindow   - Creating a JavaFX scene
13:56:46.101 [JavaFX Application Thread] DEBUG PrimaryStageWindow   - Target settings size: 480.0 x 480.0
13:56:46.101 [JavaFX Application Thread] DEBUG PrimaryStageWindow   - Scaled scene size:    480.0 x 480.0
13:56:46.101 [JavaFX Application Thread] DEBUG PrimaryStageWindow   - Scaled ratio: (1.0, 1.0)
13:56:46.103 [JavaFX Application Thread] DEBUG PrimaryStageWindow   - Set initial scene to FXGLStartupScene
13:56:46.110 [JavaFX Application Thread] DEBUG PrimaryStageWindow   - Opening main window
13:56:46.192 [JavaFX Application Thread] DEBUG PrimaryStageWindow   - Window border size: (14.666656494140625, 37.33331298828125)
13:56:46.192 [JavaFX Application Thread] DEBUG PrimaryStageWindow   - Scaled size: 480.0 x 480.0
13:56:46.193 [JavaFX Application Thread] DEBUG PrimaryStageWindow   - Scaled ratio: (1.0, 1.0)
13:56:46.193 [JavaFX Application Thread] DEBUG PrimaryStageWindow   - Scene size: 480.0 x 480.0
13:56:46.193 [JavaFX Application Thread] DEBUG PrimaryStageWindow   - Stage size: 494.6666564941406 x 517.3333129882812
13:56:46.203 [FXGL Background Thread 1 ] DEBUG Engine               - Initializing environment variables
13:56:46.284 [FXGL Background Thread 1 ] DEBUG FXGLAssetLoaderServi - User app class for loading assets: class org.example.demo.HelloApplication
13:56:46.285 [FXGL Background Thread 1 ] DEBUG GameApplicationServi - Applying CSS: fxgl_dark.css
13:56:46.286 [FXGL Background Thread 1 ] DEBUG FXGLAssetLoaderServi - Loading from file system: jar:file:///C:/Users/admin/.m2/repository/com/github/almasb/fxgl/17.3/fxgl-17.3.jar!/fxglassets/ui/css/fxgl_dark.css
13:56:46.332 [FXGL Background Thread 1 ] DEBUG GameApplicationServi - Initializing application scenes
13:56:46.373 [FXGL Background Thread 1 ] DEBUG GameWorld            - Game world initialized
13:56:46.437 [FXGL Background Thread 1 ] DEBUG PhysicsWorld         - Physics world initialized: appHeight=480, physics.ppm=50.0
13:56:46.438 [FXGL Background Thread 1 ] DEBUG PhysicsWorld         - Using strategy: BRUTE_FORCE
13:56:46.441 [FXGL Background Thread 1 ] DEBUG GameScene            - Game scene initialized: 480x480
13:56:46.455 [FXGL Background Thread 1 ] WARN  FXGL.DefaultMenu     - FXGLDefaultMenu is not designed for resolutions < 800x600
13:56:46.455 [FXGL Background Thread 1 ] DEBUG FXGL.DefaultMenu     - createMenuBodyGameMenu()
13:56:46.467 [FXGL Background Thread 1 ] DEBUG FXGL.DefaultMenu     - createOptionsMenu()
13:56:46.476 [FXGL Background Thread 1 ] DEBUG FXGLAssetLoaderServi - Loading from file system: jar:file:///C:/Users/admin/.m2/repository/com/github/almasb/fxgl/17.3/fxgl-17.3.jar!/fxglassets/textures/particles/smoke.png
13:56:46.576 [FXGL Background Thread 1 ] DEBUG FXGLAssetLoaderServi - Loading from file system: jar:file:///C:/Users/admin/.m2/repository/com/github/almasb/fxgl/17.3/fxgl-17.3.jar!/fxglassets/textures/particles/trace_horizontal.png
13:56:46.611 [FXGL Background Thread 1 ] DEBUG GameApplicationServi - Application scenes initialized
13:56:46.626 [FXGL Background Thread 1 ] DEBUG SystemBundleService  - Loading FXGL system data
13:56:46.631 [FXGL Background Thread 1 ] DEBUG FileSystemAccess     - Reading from: C:\Users\admin\OneDrive\Máy tính\btl\baitaplonOOP\system\fxgl.bundle
13:56:46.641 [FXGL Background Thread 1 ] DEBUG SystemBundleService  - Bundle FXGL: {}
13:56:46.641 [FXGL Background Thread 1 ] DEBUG UpdaterService       - Checking for updates
13:56:46.647 [FXGL Background Thread 4 ] DEBUG FXGLApplication      - Loading fonts
13:56:46.647 [FXGL Background Thread 1 ] DEBUG FXGLApplication      - Loading default localization
13:56:46.647 [FXGL Background Thread 4 ] DEBUG FXGLAssetLoaderServi - Loading from file system: jar:file:///C:/Users/admin/.m2/repository/com/github/almasb/fxgl/17.3/fxgl-17.3.jar!/fxglassets/ui/fonts/VarelaRound-Regular.ttf
13:56:46.648 [FXGL Background Thread 1 ] DEBUG FXGLAssetLoaderServi - Loading from file system: jar:file:///C:/Users/admin/.m2/repository/com/github/almasb/fxgl/17.3/fxgl-17.3.jar!/fxglassets/languages/english.lang
13:56:46.674 [FXGL Background Thread 1 ] INFO  FXGLApplication      - FXGL initialization took: 0.472 sec
13:56:46.675 [JavaFX Application Thread] DEBUG Input                - Clearing active input actions
13:56:46.691 [JavaFX Application Thread] DEBUG Input                - Registered new binding: Move Up - W
13:56:46.691 [JavaFX Application Thread] DEBUG Input                - Registered new binding: Move Down - S
13:56:46.691 [JavaFX Application Thread] DEBUG Input                - Registered new binding: Move Left - A
13:56:46.691 [JavaFX Application Thread] DEBUG Input                - Registered new binding: Move Right - D
13:56:46.692 [JavaFX Application Thread] DEBUG FXGLAssetLoaderServi - Loading from file system: jar:file:///C:/Users/admin/.m2/repository/com/github/almasb/fxgl/17.3/fxgl-17.3.jar!/fxglassets/textures/fxgl_icon.png
13:56:46.723 [FXGL Background Thread 4 ] DEBUG FXGLAssetLoaderServi - Loading from file system: jar:file:///C:/Users/admin/.m2/repository/com/github/almasb/fxgl/17.3/fxgl-17.3.jar!/fxglassets/ui/fonts/Abel-Regular.ttf
13:56:46.723 [JavaFX Application Thread] DEBUG FXGLAssetLoaderServi - Loading from file system: jar:file:///C:/Users/admin/.m2/repository/com/github/almasb/fxgl/17.3/fxgl-17.3.jar!/fxglassets/textures/fxgl_default_cursor.png
13:56:46.729 [JavaFX Application Thread] DEBUG Input                - Registered new binding: Screenshot - CTRL+8
13:56:46.730 [JavaFX Application Thread] DEBUG Input                - Registered new binding: System info dump - CTRL+9
13:56:46.730 [JavaFX Application Thread] DEBUG Input                - Registered new binding: Restart - CTRL+R
13:56:46.731 [JavaFX Application Thread] DEBUG Input                - Registered new binding: Toggle Debug Camera - CTRL+7
13:56:46.738 [JavaFX Application Thread] DEBUG LoopRunner           - Starting loop
13:56:46.738 [JavaFX Application Thread] DEBUG LoopRunner           - Initializing JavaFX AnimationTimerLoop
13:56:46.739 [JavaFX Application Thread] DEBUG GameApplicationServi - Starting new game
13:56:46.739 [FXGL Background Thread 4 ] DEBUG FXGLAssetLoaderServi - Loading from file system: jar:file:///C:/Users/admin/.m2/repository/com/github/almasb/fxgl/17.3/fxgl-17.3.jar!/fxglassets/ui/fonts/TerminalLandMono-Regular.otf
13:56:46.739 [JavaFX Application Thread] DEBUG Input                - Clearing active input actions
13:56:46.754 [FXGL Background Thread 4 ] DEBUG FXGLAssetLoaderServi - Loading from file system: jar:file:///C:/Users/admin/.m2/repository/com/github/almasb/fxgl/17.3/fxgl-17.3.jar!/fxglassets/ui/fonts/Courier-Prime.ttf
13:56:46.761 [JavaFX Application Thread] DEBUG GameApplicationServi - Removing overlay from FXGLStartupScene and adding to FXGLLoadingScene
13:56:46.762 [JavaFX Application Thread] DEBUG PrimaryStageWindow   - FXGLStartupScene -> FXGLLoadingScene
13:56:46.762 [JavaFX Application Thread] DEBUG GameApplicationServi - Clearing previous game
13:56:46.762 [JavaFX Application Thread] DEBUG GameScene            - Clearing game scene
13:56:46.762 [JavaFX Application Thread] DEBUG GameWorld            - Clearing game world
13:56:46.762 [JavaFX Application Thread] DEBUG PhysicsWorld         - Clearing physics world
13:56:46.764 [FXGL Background Thread 1 ] DEBUG FXGLApplication      - Initializing game
13:56:46.817 [JavaFX Application Thread] DEBUG FXGLApplication      - Registering font factories with UI factory
13:56:46.986 [JavaFX Application Thread] DEBUG LoopRunner           - Stopping loop
13:56:46.988 [JavaFX Application Thread] FATAL FXGLApplication      - Uncaught Exception:
java.lang.RuntimeException: Initialization failed
	at com.almasb.fxgl.all@17.3/com.almasb.fxgl.app.FXGLApplication$InitAppTask.failed(FXGLApplication.kt:343)
	at javafx.graphics/javafx.concurrent.Task.setState(Task.java:710)
	at javafx.graphics/javafx.concurrent.Task$TaskCallable.lambda$call$2(Task.java:1456)
	at javafx.graphics/com.sun.javafx.application.PlatformImpl.lambda$runLater$10(PlatformImpl.java:457)
	at java.base/java.security.AccessController.doPrivileged(AccessController.java:400)
	at javafx.graphics/com.sun.javafx.application.PlatformImpl.lambda$runLater$11(PlatformImpl.java:456)
	at javafx.graphics/com.sun.glass.ui.InvokeLaterDispatcher$Future.run(InvokeLaterDispatcher.java:96)
	at javafx.graphics/com.sun.glass.ui.win.WinApplication._runLoop(Native Method)
	at javafx.graphics/com.sun.glass.ui.win.WinApplication.lambda$runLoop$3(WinApplication.java:184)
	at java.base/java.lang.Thread.run(Thread.java:1575)
Caused by: java.lang.NullPointerException: Cannot load from object array because "org.example.demo.GameInitializerMap.map" is null
	at org.example.demo/org.example.demo.GameInitializerMap.spawnBalloom(GameInitializerMap.java:139)
	at org.example.demo/org.example.demo.BombermanApp.initGame(BombermanApp.java:99)
	at com.almasb.fxgl.all@17.3/com.almasb.fxgl.app.FXGLApplication$InitAppTask.initGame(FXGLApplication.kt:339)
	at com.almasb.fxgl.all@17.3/com.almasb.fxgl.app.FXGLApplication$InitAppTask.call(FXGLApplication.kt:319)
	at com.almasb.fxgl.all@17.3/com.almasb.fxgl.app.FXGLApplication$InitAppTask.call(FXGLApplication.kt:311)
	at javafx.graphics/javafx.concurrent.Task$TaskCallable.call(Task.java:1426)
	at java.base/java.util.concurrent.FutureTask.run(FutureTask.java:317)
	at java.base/java.util.concurrent.Executors$RunnableAdapter.call(Executors.java:572)
	at java.base/java.util.concurrent.FutureTask.run(FutureTask.java:317)
	at java.base/java.util.concurrent.ThreadPoolExecutor.runWorker(ThreadPoolExecutor.java:1144)
	at java.base/java.util.concurrent.ThreadPoolExecutor$Worker.run(ThreadPoolExecutor.java:642)
	... 1 more

13:56:46.988 [JavaFX Application Thread] FATAL FXGLApplication      - Application will now exit
13:56:47.009 [JavaFX Application Thread] DEBUG PrimaryStageWindow   - Push state: ErrorSubScene
13:56:47.010 [JavaFX Application Thread] DEBUG Input                - Clearing active input actions
13:56:47.015 [JavaFX Application Thread] DEBUG GameApplicationServi - Removing overlay from FXGLLoadingScene and adding to ErrorSubScene
13:56:47.016 [JavaFX Application Thread] DEBUG PrimaryStageWindow   - FXGLLoadingScene -> ErrorSubScene
13:56:47.373 [FXGL Background Thread 2 ] INFO  UpdaterService       - Your current version:  17.3
13:56:47.373 [FXGL Background Thread 2 ] INFO  UpdaterService       - Latest stable version: 21.1
13:56:48.107 [JavaFX Application Thread] DEBUG FXGLApplication      - Exiting FXGL
13:56:48.107 [JavaFX Application Thread] DEBUG Async                - Shutting down background threads
13:56:48.108 [JavaFX Application Thread] DEBUG PrimaryStageWindow   - Closing main window
13:56:48.132 [JavaFX Application Thread] DEBUG Logger               - Closing Logger
