09:37:27.148 [main                     ] DEBUG Logger               - Configured Logger
09:37:27.160 [main                     ] DEBUG GameApplication      - Logging settings
Title: Bomberman Game
Version: 1.0
Width: 480
Height: 480
Fullscreen: false
Intro: false
Profiling: false
Single step:false
App Mode: DEVELOPER
Menu Key: ESCAPE
Stage Style: DECORATED
Scene Factory: class org.example.demo.BombermanApp$1

09:37:27.508 [JavaFX Application Thread] DEBUG FXGLApplication      - Initializing FXGL
09:37:27.513 [JavaFX Application Thread] INFO  Engine               - FXGL-17.3 (30.03.2023 11.49) on WINDOWS (J:23.0.2 FX:17.0.6)
09:37:27.513 [JavaFX Application Thread] DEBUG Engine               - JRE Vendor Name: Oracle Corporation
09:37:27.513 [JavaFX Application Thread] DEBUG Engine               - Running on OS: Windows 11 version 10.0
09:37:27.513 [JavaFX Application Thread] DEBUG Engine               - Architecture: amd64
09:37:27.513 [JavaFX Application Thread] INFO  Engine               - Source code and latest versions at: https://github.com/AlmasB/FXGL
09:37:27.513 [JavaFX Application Thread] INFO  Engine               -       Ask questions and discuss at: https://github.com/AlmasB/FXGL/discussions
09:37:27.513 [JavaFX Application Thread] INFO  Engine               -              Join the FXGL chat at: https://gitter.im/AlmasB/FXGL
09:37:27.602 [JavaFX Application Thread] DEBUG PrimaryStageWindow   - Creating a JavaFX scene
09:37:27.658 [JavaFX Application Thread] DEBUG PrimaryStageWindow   - Target settings size: 480.0 x 480.0
09:37:27.658 [JavaFX Application Thread] DEBUG PrimaryStageWindow   - Scaled scene size:    480.0 x 480.0
09:37:27.659 [JavaFX Application Thread] DEBUG PrimaryStageWindow   - Scaled ratio: (1.0, 1.0)
09:37:27.659 [JavaFX Application Thread] DEBUG PrimaryStageWindow   - Set initial scene to FXGLStartupScene
09:37:27.667 [JavaFX Application Thread] DEBUG PrimaryStageWindow   - Opening main window
09:37:27.752 [JavaFX Application Thread] DEBUG PrimaryStageWindow   - Window border size: (14.666656494140625, 37.33331298828125)
09:37:27.752 [JavaFX Application Thread] DEBUG PrimaryStageWindow   - Scaled size: 480.0 x 480.0
09:37:27.752 [JavaFX Application Thread] DEBUG PrimaryStageWindow   - Scaled ratio: (1.0, 1.0)
09:37:27.753 [JavaFX Application Thread] DEBUG PrimaryStageWindow   - Scene size: 480.0 x 480.0
09:37:27.753 [JavaFX Application Thread] DEBUG PrimaryStageWindow   - Stage size: 494.6666564941406 x 517.3333129882812
09:37:27.761 [FXGL Background Thread 1 ] DEBUG Engine               - Initializing environment variables
09:37:27.843 [FXGL Background Thread 1 ] DEBUG FXGLAssetLoaderServi - User app class for loading assets: class org.example.demo.HelloApplication
09:37:27.843 [FXGL Background Thread 1 ] DEBUG GameApplicationServi - Applying CSS: fxgl_dark.css
09:37:27.844 [FXGL Background Thread 1 ] DEBUG FXGLAssetLoaderServi - Loading from file system: jar:file:///C:/Users/admin/.m2/repository/com/github/almasb/fxgl/17.3/fxgl-17.3.jar!/fxglassets/ui/css/fxgl_dark.css
09:37:27.891 [FXGL Background Thread 1 ] DEBUG GameApplicationServi - Initializing application scenes
09:37:27.938 [FXGL Background Thread 1 ] DEBUG GameWorld            - Game world initialized
09:37:28.019 [FXGL Background Thread 1 ] DEBUG PhysicsWorld         - Physics world initialized: appHeight=480, physics.ppm=50.0
09:37:28.020 [FXGL Background Thread 1 ] DEBUG PhysicsWorld         - Using strategy: BRUTE_FORCE
09:37:28.025 [FXGL Background Thread 1 ] DEBUG GameScene            - Game scene initialized: 480x480
09:37:28.042 [FXGL Background Thread 1 ] WARN  FXGL.DefaultMenu     - FXGLDefaultMenu is not designed for resolutions < 800x600
09:37:28.042 [FXGL Background Thread 1 ] DEBUG FXGL.DefaultMenu     - createMenuBodyGameMenu()
09:37:28.053 [FXGL Background Thread 1 ] DEBUG FXGL.DefaultMenu     - createOptionsMenu()
09:37:28.064 [FXGL Background Thread 1 ] DEBUG FXGLAssetLoaderServi - Loading from file system: jar:file:///C:/Users/admin/.m2/repository/com/github/almasb/fxgl/17.3/fxgl-17.3.jar!/fxglassets/textures/particles/smoke.png
09:37:28.157 [FXGL Background Thread 1 ] DEBUG FXGLAssetLoaderServi - Loading from file system: jar:file:///C:/Users/admin/.m2/repository/com/github/almasb/fxgl/17.3/fxgl-17.3.jar!/fxglassets/textures/particles/trace_horizontal.png
09:37:28.185 [FXGL Background Thread 1 ] DEBUG GameApplicationServi - Application scenes initialized
09:37:28.197 [FXGL Background Thread 1 ] DEBUG SystemBundleService  - Loading FXGL system data
09:37:28.201 [FXGL Background Thread 1 ] DEBUG FileSystemAccess     - Reading from: C:\Users\admin\OneDrive\Máy tính\btl\baitaplonOOP\system\fxgl.bundle
09:37:28.208 [FXGL Background Thread 1 ] DEBUG SystemBundleService  - Bundle FXGL: {}
09:37:28.208 [FXGL Background Thread 1 ] DEBUG UpdaterService       - Checking for updates
09:37:28.213 [FXGL Background Thread 4 ] DEBUG FXGLApplication      - Loading fonts
09:37:28.213 [FXGL Background Thread 4 ] DEBUG FXGLAssetLoaderServi - Loading from file system: jar:file:///C:/Users/admin/.m2/repository/com/github/almasb/fxgl/17.3/fxgl-17.3.jar!/fxglassets/ui/fonts/VarelaRound-Regular.ttf
09:37:28.214 [FXGL Background Thread 1 ] DEBUG FXGLApplication      - Loading default localization
09:37:28.214 [FXGL Background Thread 1 ] DEBUG FXGLAssetLoaderServi - Loading from file system: jar:file:///C:/Users/admin/.m2/repository/com/github/almasb/fxgl/17.3/fxgl-17.3.jar!/fxglassets/languages/english.lang
09:37:28.237 [FXGL Background Thread 1 ] INFO  FXGLApplication      - FXGL initialization took: 0.476 sec
09:37:28.243 [JavaFX Application Thread] DEBUG Input                - Clearing active input actions
09:37:28.254 [JavaFX Application Thread] DEBUG Input                - Registered new binding: Move Up - W
09:37:28.255 [JavaFX Application Thread] DEBUG Input                - Registered new binding: Move Down - S
09:37:28.255 [JavaFX Application Thread] DEBUG Input                - Registered new binding: Move Left - A
09:37:28.255 [JavaFX Application Thread] DEBUG Input                - Registered new binding: Move Right - D
09:37:28.256 [JavaFX Application Thread] DEBUG Input                - Registered new binding: Đặt bom - Space
09:37:28.257 [JavaFX Application Thread] DEBUG FXGLAssetLoaderServi - Loading from file system: jar:file:///C:/Users/admin/.m2/repository/com/github/almasb/fxgl/17.3/fxgl-17.3.jar!/fxglassets/textures/fxgl_icon.png
09:37:28.269 [FXGL Background Thread 4 ] DEBUG FXGLAssetLoaderServi - Loading from file system: jar:file:///C:/Users/admin/.m2/repository/com/github/almasb/fxgl/17.3/fxgl-17.3.jar!/fxglassets/ui/fonts/Abel-Regular.ttf
09:37:28.281 [JavaFX Application Thread] DEBUG FXGLAssetLoaderServi - Loading from file system: jar:file:///C:/Users/admin/.m2/repository/com/github/almasb/fxgl/17.3/fxgl-17.3.jar!/fxglassets/textures/fxgl_default_cursor.png
09:37:28.284 [JavaFX Application Thread] DEBUG Input                - Registered new binding: Screenshot - CTRL+8
09:37:28.285 [JavaFX Application Thread] DEBUG Input                - Registered new binding: System info dump - CTRL+9
09:37:28.285 [JavaFX Application Thread] DEBUG Input                - Registered new binding: Restart - CTRL+R
09:37:28.285 [JavaFX Application Thread] DEBUG Input                - Registered new binding: Toggle Debug Camera - CTRL+7
09:37:28.286 [FXGL Background Thread 4 ] DEBUG FXGLAssetLoaderServi - Loading from file system: jar:file:///C:/Users/admin/.m2/repository/com/github/almasb/fxgl/17.3/fxgl-17.3.jar!/fxglassets/ui/fonts/TerminalLandMono-Regular.otf
09:37:28.289 [JavaFX Application Thread] DEBUG LoopRunner           - Starting loop
09:37:28.289 [JavaFX Application Thread] DEBUG LoopRunner           - Initializing JavaFX AnimationTimerLoop
09:37:28.292 [JavaFX Application Thread] DEBUG Input                - Clearing active input actions
09:37:28.302 [JavaFX Application Thread] DEBUG GameApplicationServi - Removing overlay from FXGLStartupScene and adding to FXGLMainMenuDummyScene
09:37:28.302 [JavaFX Application Thread] DEBUG PrimaryStageWindow   - FXGLStartupScene -> FXGLMainMenuDummyScene
09:37:28.302 [JavaFX Application Thread] DEBUG PrimaryStageWindow   - Push state: ViewMenu
09:37:28.302 [JavaFX Application Thread] DEBUG Input                - Clearing active input actions
09:37:28.307 [FXGL Background Thread 4 ] DEBUG FXGLAssetLoaderServi - Loading from file system: jar:file:///C:/Users/admin/.m2/repository/com/github/almasb/fxgl/17.3/fxgl-17.3.jar!/fxglassets/ui/fonts/Courier-Prime.ttf
09:37:28.311 [JavaFX Application Thread] DEBUG GameApplicationServi - Removing overlay from FXGLMainMenuDummyScene and adding to ViewMenu
09:37:28.312 [JavaFX Application Thread] DEBUG PrimaryStageWindow   - FXGLMainMenuDummyScene -> ViewMenu
09:37:28.391 [JavaFX Application Thread] DEBUG FXGLApplication      - Registering font factories with UI factory
09:37:29.234 [FXGL Background Thread 2 ] INFO  UpdaterService       - Your current version:  17.3
09:37:29.235 [FXGL Background Thread 2 ] INFO  UpdaterService       - Latest stable version: 21.1
09:37:29.495 [JavaFX Application Thread] DEBUG FXGLApplication      - Exiting FXGL
09:37:29.495 [JavaFX Application Thread] DEBUG LoopRunner           - Stopping loop
09:37:29.495 [JavaFX Application Thread] DEBUG SystemBundleService  - Saving FXGL system data
09:37:29.501 [JavaFX Application Thread] DEBUG FileSystemAccess     - Writing to: C:\Users\admin\OneDrive\Máy tính\btl\baitaplonOOP\system\fxgl.bundle
09:37:29.506 [JavaFX Application Thread] DEBUG Async                - Shutting down background threads
09:37:29.506 [JavaFX Application Thread] DEBUG PrimaryStageWindow   - Closing main window
09:37:29.527 [JavaFX Application Thread] DEBUG Logger               - Closing Logger
