07:08:15.515 [main                     ] DEBUG Logger               - Configured Logger
07:08:15.534 [main                     ] DEBUG GameApplication      - Logging settings
Title: Bomberman Game
Version: 1.0
Width: 480
Height: 480
Fullscreen: false
Intro: false
Profiling: false
Single step:false
App Mode: DEVELOPER
Menu Key: ESCAPE
Stage Style: DECORATED
Scene Factory: class com.almasb.fxgl.app.scene.SceneFactory

07:08:15.821 [JavaFX Application Thread] DEBUG FXGLApplication      - Initializing FXGL
07:08:15.825 [JavaFX Application Thread] INFO  Engine               - FXGL-17.3 (30.03.2023 11.49) on WINDOWS (J:23.0.2 FX:17.0.6)
07:08:15.825 [JavaFX Application Thread] DEBUG Engine               - JRE Vendor Name: Oracle Corporation
07:08:15.825 [JavaFX Application Thread] DEBUG Engine               - Running on OS: Windows 11 version 10.0
07:08:15.826 [JavaFX Application Thread] DEBUG Engine               - Architecture: amd64
07:08:15.826 [JavaFX Application Thread] INFO  Engine               - Source code and latest versions at: https://github.com/AlmasB/FXGL
07:08:15.826 [JavaFX Application Thread] INFO  Engine               -       Ask questions and discuss at: https://github.com/AlmasB/FXGL/discussions
07:08:15.826 [JavaFX Application Thread] INFO  Engine               -              Join the FXGL chat at: https://gitter.im/AlmasB/FXGL
07:08:15.899 [JavaFX Application Thread] DEBUG PrimaryStageWindow   - Creating a JavaFX scene
07:08:15.946 [JavaFX Application Thread] DEBUG PrimaryStageWindow   - Target settings size: 480.0 x 480.0
07:08:15.946 [JavaFX Application Thread] DEBUG PrimaryStageWindow   - Scaled scene size:    480.0 x 480.0
07:08:15.946 [JavaFX Application Thread] DEBUG PrimaryStageWindow   - Scaled ratio: (1.0, 1.0)
07:08:15.947 [JavaFX Application Thread] DEBUG PrimaryStageWindow   - Set initial scene to FXGLStartupScene
07:08:15.954 [JavaFX Application Thread] DEBUG PrimaryStageWindow   - Opening main window
07:08:16.019 [JavaFX Application Thread] DEBUG PrimaryStageWindow   - Window border size: (14.666656494140625, 37.33331298828125)
07:08:16.019 [JavaFX Application Thread] DEBUG PrimaryStageWindow   - Scaled size: 480.0 x 480.0
07:08:16.019 [JavaFX Application Thread] DEBUG PrimaryStageWindow   - Scaled ratio: (1.0, 1.0)
07:08:16.019 [JavaFX Application Thread] DEBUG PrimaryStageWindow   - Scene size: 480.0 x 480.0
07:08:16.019 [JavaFX Application Thread] DEBUG PrimaryStageWindow   - Stage size: 494.6666564941406 x 517.3333129882812
07:08:16.029 [FXGL Background Thread 1 ] DEBUG Engine               - Initializing environment variables
07:08:16.103 [FXGL Background Thread 1 ] DEBUG FXGLAssetLoaderServi - User app class for loading assets: class org.example.demo.HelloApplication
07:08:16.103 [FXGL Background Thread 1 ] DEBUG GameApplicationServi - Applying CSS: fxgl_dark.css
07:08:16.104 [FXGL Background Thread 1 ] DEBUG FXGLAssetLoaderServi - Loading from file system: jar:file:///C:/Users/admin/.m2/repository/com/github/almasb/fxgl/17.3/fxgl-17.3.jar!/fxglassets/ui/css/fxgl_dark.css
07:08:16.149 [FXGL Background Thread 1 ] DEBUG GameApplicationServi - Initializing application scenes
07:08:16.190 [FXGL Background Thread 1 ] DEBUG GameWorld            - Game world initialized
07:08:16.252 [FXGL Background Thread 1 ] DEBUG PhysicsWorld         - Physics world initialized: appHeight=480, physics.ppm=50.0
07:08:16.252 [FXGL Background Thread 1 ] DEBUG PhysicsWorld         - Using strategy: BRUTE_FORCE
07:08:16.256 [FXGL Background Thread 1 ] DEBUG GameScene            - Game scene initialized: 480x480
07:08:16.266 [FXGL Background Thread 1 ] WARN  FXGL.DefaultMenu     - FXGLDefaultMenu is not designed for resolutions < 800x600
07:08:16.266 [FXGL Background Thread 1 ] DEBUG FXGL.DefaultMenu     - createMenuBodyGameMenu()
07:08:16.277 [FXGL Background Thread 1 ] DEBUG FXGL.DefaultMenu     - createOptionsMenu()
07:08:16.284 [FXGL Background Thread 1 ] DEBUG FXGLAssetLoaderServi - Loading from file system: jar:file:///C:/Users/admin/.m2/repository/com/github/almasb/fxgl/17.3/fxgl-17.3.jar!/fxglassets/textures/particles/smoke.png
07:08:16.369 [FXGL Background Thread 1 ] DEBUG FXGLAssetLoaderServi - Loading from file system: jar:file:///C:/Users/admin/.m2/repository/com/github/almasb/fxgl/17.3/fxgl-17.3.jar!/fxglassets/textures/particles/trace_horizontal.png
07:08:16.391 [FXGL Background Thread 1 ] DEBUG GameApplicationServi - Application scenes initialized
07:08:16.401 [FXGL Background Thread 1 ] DEBUG SystemBundleService  - Loading FXGL system data
07:08:16.404 [FXGL Background Thread 1 ] DEBUG FileSystemAccess     - Reading from: C:\Users\admin\OneDrive\Máy tính\btl\baitaplonOOP\system\fxgl.bundle
07:08:16.411 [FXGL Background Thread 1 ] DEBUG SystemBundleService  - Bundle FXGL: {}
07:08:16.411 [FXGL Background Thread 1 ] DEBUG UpdaterService       - Checking for updates
07:08:16.416 [FXGL Background Thread 4 ] DEBUG FXGLApplication      - Loading fonts
07:08:16.416 [FXGL Background Thread 4 ] DEBUG FXGLAssetLoaderServi - Loading from file system: jar:file:///C:/Users/admin/.m2/repository/com/github/almasb/fxgl/17.3/fxgl-17.3.jar!/fxglassets/ui/fonts/VarelaRound-Regular.ttf
07:08:16.416 [FXGL Background Thread 1 ] DEBUG FXGLApplication      - Loading default localization
07:08:16.417 [FXGL Background Thread 1 ] DEBUG FXGLAssetLoaderServi - Loading from file system: jar:file:///C:/Users/admin/.m2/repository/com/github/almasb/fxgl/17.3/fxgl-17.3.jar!/fxglassets/languages/english.lang
07:08:16.439 [FXGL Background Thread 1 ] INFO  FXGLApplication      - FXGL initialization took: 0.411 sec
07:08:16.442 [JavaFX Application Thread] DEBUG Input                - Clearing active input actions
07:08:16.450 [JavaFX Application Thread] DEBUG Input                - Registered new binding: Move Up - W
07:08:16.450 [JavaFX Application Thread] DEBUG Input                - Registered new binding: Move Down - S
07:08:16.450 [JavaFX Application Thread] DEBUG Input                - Registered new binding: Move Left - A
07:08:16.450 [JavaFX Application Thread] DEBUG Input                - Registered new binding: Move Right - D
07:08:16.450 [JavaFX Application Thread] DEBUG Input                - Registered new binding: Đặt bom - Space
07:08:16.451 [JavaFX Application Thread] DEBUG FXGLAssetLoaderServi - Loading from file system: jar:file:///C:/Users/admin/.m2/repository/com/github/almasb/fxgl/17.3/fxgl-17.3.jar!/fxglassets/textures/fxgl_icon.png
07:08:16.462 [FXGL Background Thread 4 ] DEBUG FXGLAssetLoaderServi - Loading from file system: jar:file:///C:/Users/admin/.m2/repository/com/github/almasb/fxgl/17.3/fxgl-17.3.jar!/fxglassets/ui/fonts/Abel-Regular.ttf
07:08:16.475 [JavaFX Application Thread] DEBUG FXGLAssetLoaderServi - Loading from file system: jar:file:///C:/Users/admin/.m2/repository/com/github/almasb/fxgl/17.3/fxgl-17.3.jar!/fxglassets/textures/fxgl_default_cursor.png
07:08:16.477 [JavaFX Application Thread] DEBUG Input                - Registered new binding: Screenshot - CTRL+8
07:08:16.478 [JavaFX Application Thread] DEBUG Input                - Registered new binding: System info dump - CTRL+9
07:08:16.478 [JavaFX Application Thread] DEBUG Input                - Registered new binding: Restart - CTRL+R
07:08:16.478 [FXGL Background Thread 4 ] DEBUG FXGLAssetLoaderServi - Loading from file system: jar:file:///C:/Users/admin/.m2/repository/com/github/almasb/fxgl/17.3/fxgl-17.3.jar!/fxglassets/ui/fonts/TerminalLandMono-Regular.otf
07:08:16.480 [JavaFX Application Thread] DEBUG Input                - Registered new binding: Toggle Debug Camera - CTRL+7
07:08:16.486 [JavaFX Application Thread] DEBUG LoopRunner           - Starting loop
07:08:16.486 [JavaFX Application Thread] DEBUG LoopRunner           - Initializing JavaFX AnimationTimerLoop
07:08:16.487 [JavaFX Application Thread] DEBUG GameApplicationServi - Starting new game
07:08:16.488 [JavaFX Application Thread] DEBUG Input                - Clearing active input actions
07:08:16.496 [FXGL Background Thread 4 ] DEBUG FXGLAssetLoaderServi - Loading from file system: jar:file:///C:/Users/admin/.m2/repository/com/github/almasb/fxgl/17.3/fxgl-17.3.jar!/fxglassets/ui/fonts/Courier-Prime.ttf
07:08:16.501 [JavaFX Application Thread] DEBUG GameApplicationServi - Removing overlay from FXGLStartupScene and adding to FXGLLoadingScene
07:08:16.502 [JavaFX Application Thread] DEBUG PrimaryStageWindow   - FXGLStartupScene -> FXGLLoadingScene
07:08:16.502 [JavaFX Application Thread] DEBUG GameApplicationServi - Clearing previous game
07:08:16.502 [JavaFX Application Thread] DEBUG GameScene            - Clearing game scene
07:08:16.502 [JavaFX Application Thread] DEBUG GameWorld            - Clearing game world
07:08:16.502 [JavaFX Application Thread] DEBUG PhysicsWorld         - Clearing physics world
07:08:16.503 [FXGL Background Thread 1 ] DEBUG FXGLApplication      - Initializing game
07:08:16.534 [JavaFX Application Thread] DEBUG LoopRunner           - Stopping loop
07:08:16.535 [JavaFX Application Thread] FATAL FXGLApplication      - Uncaught Exception:
java.lang.RuntimeException: Initialization failed
	at com.almasb.fxgl.all@17.3/com.almasb.fxgl.app.FXGLApplication$InitAppTask.failed(FXGLApplication.kt:343)
	at javafx.graphics/javafx.concurrent.Task.setState(Task.java:710)
	at javafx.graphics/javafx.concurrent.Task$TaskCallable.lambda$call$2(Task.java:1456)
	at javafx.graphics/com.sun.javafx.application.PlatformImpl.lambda$runLater$10(PlatformImpl.java:457)
	at java.base/java.security.AccessController.doPrivileged(AccessController.java:400)
	at javafx.graphics/com.sun.javafx.application.PlatformImpl.lambda$runLater$11(PlatformImpl.java:456)
	at javafx.graphics/com.sun.glass.ui.InvokeLaterDispatcher$Future.run(InvokeLaterDispatcher.java:96)
	at javafx.graphics/com.sun.glass.ui.win.WinApplication._runLoop(Native Method)
	at javafx.graphics/com.sun.glass.ui.win.WinApplication.lambda$runLoop$3(WinApplication.java:184)
	at java.base/java.lang.Thread.run(Thread.java:1575)
Caused by: java.lang.NullPointerException: Cannot invoke "org.example.demo.GamePlay.getPlayerImageView()" because "org.example.demo.BombermanApp.controller" is null
	at org.example.demo/org.example.demo.BombermanApp.initGame(BombermanApp.java:80)
	at com.almasb.fxgl.all@17.3/com.almasb.fxgl.app.FXGLApplication$InitAppTask.initGame(FXGLApplication.kt:339)
	at com.almasb.fxgl.all@17.3/com.almasb.fxgl.app.FXGLApplication$InitAppTask.call(FXGLApplication.kt:319)
	at com.almasb.fxgl.all@17.3/com.almasb.fxgl.app.FXGLApplication$InitAppTask.call(FXGLApplication.kt:311)
	at javafx.graphics/javafx.concurrent.Task$TaskCallable.call(Task.java:1426)
	at java.base/java.util.concurrent.FutureTask.run(FutureTask.java:317)
	at java.base/java.util.concurrent.Executors$RunnableAdapter.call(Executors.java:572)
	at java.base/java.util.concurrent.FutureTask.run(FutureTask.java:317)
	at java.base/java.util.concurrent.ThreadPoolExecutor.runWorker(ThreadPoolExecutor.java:1144)
	at java.base/java.util.concurrent.ThreadPoolExecutor$Worker.run(ThreadPoolExecutor.java:642)
	... 1 more

07:08:16.536 [JavaFX Application Thread] FATAL FXGLApplication      - Application will now exit
07:08:16.554 [JavaFX Application Thread] DEBUG PrimaryStageWindow   - Push state: ErrorSubScene
07:08:16.554 [JavaFX Application Thread] DEBUG Input                - Clearing active input actions
07:08:16.558 [JavaFX Application Thread] DEBUG GameApplicationServi - Removing overlay from FXGLLoadingScene and adding to ErrorSubScene
07:08:16.559 [JavaFX Application Thread] DEBUG PrimaryStageWindow   - FXGLLoadingScene -> ErrorSubScene
07:08:16.559 [JavaFX Application Thread] DEBUG FXGLApplication      - Registering font factories with UI factory
07:08:16.995 [FXGL Background Thread 2 ] INFO  UpdaterService       - Your current version:  17.3
07:08:16.995 [FXGL Background Thread 2 ] INFO  UpdaterService       - Latest stable version: 21.1
07:08:18.447 [JavaFX Application Thread] DEBUG FXGLApplication      - Exiting FXGL
07:08:18.447 [JavaFX Application Thread] DEBUG Async                - Shutting down background threads
07:08:18.448 [JavaFX Application Thread] DEBUG PrimaryStageWindow   - Closing main window
07:08:18.469 [JavaFX Application Thread] DEBUG Logger               - Closing Logger
