17:16:58.151 [main                     ] DEBUG Logger               - Configured Logger
17:16:58.168 [main                     ] DEBUG GameApplication      - Logging settings
Title: Bomberman Game
Version: 1.0
Width: 480
Height: 480
Fullscreen: false
Intro: false
Profiling: false
Single step:false
App Mode: DEVELOPER
Menu Key: ESCAPE
Stage Style: DECORATED
Scene Factory: class com.almasb.fxgl.app.scene.SceneFactory

17:16:58.728 [JavaFX Application Thread] DEBUG FXGLApplication      - Initializing FXGL
17:16:58.733 [JavaFX Application Thread] INFO  Engine               - FXGL-17.3 (30.03.2023 11.49) on WINDOWS (J:23.0.2 FX:17.0.6)
17:16:58.733 [JavaFX Application Thread] DEBUG Engine               - JRE Vendor Name: Oracle Corporation
17:16:58.734 [JavaFX Application Thread] DEBUG Engine               - Running on OS: Windows 11 version 10.0
17:16:58.734 [JavaFX Application Thread] DEBUG Engine               - Architecture: amd64
17:16:58.734 [JavaFX Application Thread] INFO  Engine               - Source code and latest versions at: https://github.com/AlmasB/FXGL
17:16:58.734 [JavaFX Application Thread] INFO  Engine               -       Ask questions and discuss at: https://github.com/AlmasB/FXGL/discussions
17:16:58.734 [JavaFX Application Thread] INFO  Engine               -              Join the FXGL chat at: https://gitter.im/AlmasB/FXGL
17:16:58.851 [JavaFX Application Thread] DEBUG PrimaryStageWindow   - Creating a JavaFX scene
17:16:58.902 [JavaFX Application Thread] DEBUG PrimaryStageWindow   - Target settings size: 480.0 x 480.0
17:16:58.903 [JavaFX Application Thread] DEBUG PrimaryStageWindow   - Scaled scene size:    480.0 x 480.0
17:16:58.903 [JavaFX Application Thread] DEBUG PrimaryStageWindow   - Scaled ratio: (1.0, 1.0)
17:16:58.904 [JavaFX Application Thread] DEBUG PrimaryStageWindow   - Set initial scene to FXGLStartupScene
17:16:58.913 [JavaFX Application Thread] DEBUG PrimaryStageWindow   - Opening main window
17:16:59.020 [JavaFX Application Thread] DEBUG PrimaryStageWindow   - Window border size: (14.666656494140625, 37.33331298828125)
17:16:59.020 [JavaFX Application Thread] DEBUG PrimaryStageWindow   - Scaled size: 480.0 x 480.0
17:16:59.020 [JavaFX Application Thread] DEBUG PrimaryStageWindow   - Scaled ratio: (1.0, 1.0)
17:16:59.020 [JavaFX Application Thread] DEBUG PrimaryStageWindow   - Scene size: 480.0 x 480.0
17:16:59.021 [JavaFX Application Thread] DEBUG PrimaryStageWindow   - Stage size: 494.6666564941406 x 517.3333129882812
17:16:59.028 [FXGL Background Thread 1 ] DEBUG Engine               - Initializing environment variables
17:16:59.082 [FXGL Background Thread 1 ] DEBUG FXGLAssetLoaderServi - User app class for loading assets: class org.example.demo.HelloApplication
17:16:59.083 [FXGL Background Thread 1 ] DEBUG GameApplicationServi - Applying CSS: fxgl_dark.css
17:16:59.084 [FXGL Background Thread 1 ] DEBUG FXGLAssetLoaderServi - Loading from file system: jar:file:///C:/Users/My%20Laptop/.m2/repository/com/github/almasb/fxgl/17.3/fxgl-17.3.jar!/fxglassets/ui/css/fxgl_dark.css
17:16:59.138 [FXGL Background Thread 1 ] DEBUG GameApplicationServi - Initializing application scenes
17:16:59.182 [FXGL Background Thread 1 ] DEBUG GameWorld            - Game world initialized
17:16:59.242 [FXGL Background Thread 1 ] DEBUG PhysicsWorld         - Physics world initialized: appHeight=480, physics.ppm=50.0
17:16:59.243 [FXGL Background Thread 1 ] DEBUG PhysicsWorld         - Using strategy: BRUTE_FORCE
17:16:59.247 [FXGL Background Thread 1 ] DEBUG GameScene            - Game scene initialized: 480x480
17:16:59.260 [FXGL Background Thread 1 ] WARN  FXGL.DefaultMenu     - FXGLDefaultMenu is not designed for resolutions < 800x600
17:16:59.260 [FXGL Background Thread 1 ] DEBUG FXGL.DefaultMenu     - createMenuBodyGameMenu()
17:16:59.275 [FXGL Background Thread 1 ] DEBUG FXGL.DefaultMenu     - createOptionsMenu()
17:16:59.285 [FXGL Background Thread 1 ] DEBUG FXGLAssetLoaderServi - Loading from file system: jar:file:///C:/Users/My%20Laptop/.m2/repository/com/github/almasb/fxgl/17.3/fxgl-17.3.jar!/fxglassets/textures/particles/smoke.png
17:16:59.397 [FXGL Background Thread 1 ] DEBUG FXGLAssetLoaderServi - Loading from file system: jar:file:///C:/Users/My%20Laptop/.m2/repository/com/github/almasb/fxgl/17.3/fxgl-17.3.jar!/fxglassets/textures/particles/trace_horizontal.png
17:16:59.426 [FXGL Background Thread 1 ] DEBUG GameApplicationServi - Application scenes initialized
17:16:59.442 [FXGL Background Thread 1 ] DEBUG SystemBundleService  - Loading FXGL system data
17:16:59.445 [FXGL Background Thread 1 ] DEBUG FileSystemAccess     - Reading from: C:\OOP\baitaplonOOP-long\system\fxgl.bundle
17:16:59.448 [FXGL Background Thread 1 ] DEBUG SystemBundleService  - Bundle FXGL: {}
17:16:59.448 [FXGL Background Thread 1 ] DEBUG UpdaterService       - Checking for updates
17:16:59.452 [FXGL Background Thread 4 ] DEBUG FXGLApplication      - Loading fonts
17:16:59.453 [FXGL Background Thread 4 ] DEBUG FXGLAssetLoaderServi - Loading from file system: jar:file:///C:/Users/My%20Laptop/.m2/repository/com/github/almasb/fxgl/17.3/fxgl-17.3.jar!/fxglassets/ui/fonts/VarelaRound-Regular.ttf
17:16:59.453 [FXGL Background Thread 1 ] DEBUG FXGLApplication      - Loading default localization
17:16:59.453 [FXGL Background Thread 1 ] DEBUG FXGLAssetLoaderServi - Loading from file system: jar:file:///C:/Users/My%20Laptop/.m2/repository/com/github/almasb/fxgl/17.3/fxgl-17.3.jar!/fxglassets/languages/english.lang
17:16:59.484 [FXGL Background Thread 1 ] INFO  FXGLApplication      - FXGL initialization took: 0.457 sec
17:16:59.484 [FXGL Background Thread 4 ] DEBUG FXGLAssetLoaderServi - Loading from file system: jar:file:///C:/Users/My%20Laptop/.m2/repository/com/github/almasb/fxgl/17.3/fxgl-17.3.jar!/fxglassets/ui/fonts/Abel-Regular.ttf
17:16:59.485 [JavaFX Application Thread] DEBUG FXGLAssetLoaderServi - Loading from file system: jar:file:///C:/Users/My%20Laptop/.m2/repository/com/github/almasb/fxgl/17.3/fxgl-17.3.jar!/fxglassets/textures/fxgl_icon.png
17:16:59.509 [FXGL Background Thread 4 ] DEBUG FXGLAssetLoaderServi - Loading from file system: jar:file:///C:/Users/My%20Laptop/.m2/repository/com/github/almasb/fxgl/17.3/fxgl-17.3.jar!/fxglassets/ui/fonts/TerminalLandMono-Regular.otf
17:16:59.527 [JavaFX Application Thread] DEBUG FXGLAssetLoaderServi - Loading from file system: jar:file:///C:/Users/My%20Laptop/.m2/repository/com/github/almasb/fxgl/17.3/fxgl-17.3.jar!/fxglassets/textures/fxgl_default_cursor.png
17:16:59.528 [FXGL Background Thread 4 ] DEBUG FXGLAssetLoaderServi - Loading from file system: jar:file:///C:/Users/My%20Laptop/.m2/repository/com/github/almasb/fxgl/17.3/fxgl-17.3.jar!/fxglassets/ui/fonts/Courier-Prime.ttf
17:16:59.542 [JavaFX Application Thread] DEBUG Input                - Registered new binding: Screenshot - CTRL+8
17:16:59.543 [JavaFX Application Thread] DEBUG Input                - Registered new binding: System info dump - CTRL+9
17:16:59.543 [JavaFX Application Thread] DEBUG Input                - Registered new binding: Restart - CTRL+R
17:16:59.544 [JavaFX Application Thread] DEBUG Input                - Registered new binding: Toggle Debug Camera - CTRL+7
17:16:59.547 [JavaFX Application Thread] DEBUG LoopRunner           - Starting loop
17:16:59.547 [JavaFX Application Thread] DEBUG LoopRunner           - Initializing JavaFX AnimationTimerLoop
17:16:59.550 [JavaFX Application Thread] DEBUG GameApplicationServi - Starting new game
17:16:59.551 [JavaFX Application Thread] DEBUG Input                - Clearing active input actions
17:16:59.563 [JavaFX Application Thread] DEBUG GameApplicationServi - Removing overlay from FXGLStartupScene and adding to FXGLLoadingScene
17:16:59.563 [JavaFX Application Thread] DEBUG PrimaryStageWindow   - FXGLStartupScene -> FXGLLoadingScene
17:16:59.563 [JavaFX Application Thread] DEBUG GameApplicationServi - Clearing previous game
17:16:59.563 [JavaFX Application Thread] DEBUG GameScene            - Clearing game scene
17:16:59.564 [JavaFX Application Thread] DEBUG GameWorld            - Clearing game world
17:16:59.564 [JavaFX Application Thread] DEBUG PhysicsWorld         - Clearing physics world
17:16:59.565 [JavaFX Application Thread] DEBUG FXGLApplication      - Registering font factories with UI factory
17:16:59.565 [FXGL Background Thread 4 ] DEBUG FXGLApplication      - Initializing game
17:16:59.883 [FXGL Background Thread 4 ] DEBUG Input                - Clearing active input actions
17:16:59.884 [FXGL Background Thread 4 ] DEBUG Input                - Registered new binding: Move Up - W
17:16:59.884 [FXGL Background Thread 4 ] DEBUG Input                - Registered new binding: Move Down - S
17:16:59.884 [FXGL Background Thread 4 ] DEBUG Input                - Registered new binding: Move Left - A
17:16:59.884 [FXGL Background Thread 4 ] DEBUG Input                - Registered new binding: Move Right - D
17:16:59.884 [FXGL Background Thread 4 ] DEBUG Input                - Registered new binding: Đặt bom - Space
17:16:59.997 [FXGL Background Thread 4 ] INFO  FXGLApplication      - Game initialization took: 0.431 sec
17:16:59.997 [JavaFX Application Thread] DEBUG Input                - Clearing active input actions
17:17:00.023 [JavaFX Application Thread] DEBUG GameApplicationServi - Removing overlay from FXGLLoadingScene and adding to GameScene
17:17:00.023 [JavaFX Application Thread] DEBUG PrimaryStageWindow   - FXGLLoadingScene -> GameScene
17:17:02.450 [FXGL Background Thread 3 ] DEBUG Engine               - Logging environment variables
17:17:02.450 [FXGL Background Thread 3 ] DEBUG Engine               - achievements: []
17:17:02.450 [FXGL Background Thread 3 ] DEBUG Engine               - actualHeight: 480.0
17:17:02.450 [FXGL Background Thread 3 ] DEBUG Engine               - actualHeightProperty: ReadOnlyDoubleProperty [value: 480.0]
17:17:02.451 [FXGL Background Thread 3 ] DEBUG Engine               - actualWidth: 480.0
17:17:02.451 [FXGL Background Thread 3 ] DEBUG Engine               - actualWidthProperty: ReadOnlyDoubleProperty [value: 480.0]
17:17:02.451 [FXGL Background Thread 3 ] DEBUG Engine               - appIcon: fxgl_icon.png
17:17:02.451 [FXGL Background Thread 3 ] DEBUG Engine               - applicationMode: DEVELOPER
17:17:02.451 [FXGL Background Thread 3 ] DEBUG Engine               - cSSList: [fxgl_dark.css]
17:17:02.451 [FXGL Background Thread 3 ] DEBUG Engine               - collisionDetectionStrategy: BRUTE_FORCE
17:17:02.451 [FXGL Background Thread 3 ] DEBUG Engine               - configClass: Optional.empty
17:17:02.451 [FXGL Background Thread 3 ] DEBUG Engine               - credits: []
17:17:02.451 [FXGL Background Thread 3 ] DEBUG Engine               - defaultCursor: CursorInfo(imageName=fxgl_default_cursor.png, hotspotX=7.0, hotspotY=6.0)
17:17:02.452 [FXGL Background Thread 3 ] DEBUG Engine               - devBBoxColorProperty: ObjectProperty [value: 0xff0000ff]
17:17:02.452 [FXGL Background Thread 3 ] DEBUG Engine               - devEnableDebugCameraProperty: BooleanProperty [value: false]
17:17:02.452 [FXGL Background Thread 3 ] DEBUG Engine               - devSensorColorProperty: ObjectProperty [value: 0xffff00ff]
17:17:02.452 [FXGL Background Thread 3 ] DEBUG Engine               - devShowBBoxProperty: BooleanProperty [value: false]
17:17:02.452 [FXGL Background Thread 3 ] DEBUG Engine               - devShowPositionProperty: BooleanProperty [value: false]
17:17:02.452 [FXGL Background Thread 3 ] DEBUG Engine               - enabledMenuItems: []
17:17:02.452 [FXGL Background Thread 3 ] DEBUG Engine               - engineServices: [class com.almasb.fxgl.app.services.FXGLAssetLoaderService, class com.almasb.fxgl.app.FXGLApplication$GameApplicationService, class com.almasb.fxgl.app.services.FXGLDialogService, class com.almasb.fxgl.app.services.IOTaskExecutorService, class com.almasb.fxgl.io.FileSystemService, class com.almasb.fxgl.localization.LocalizationService, class com.almasb.fxgl.app.services.SystemBundleService, class com.almasb.fxgl.profile.SaveLoadService, class com.almasb.fxgl.ui.FXGLUIFactoryServiceProvider, class com.almasb.fxgl.ui.FXGLDialogFactoryServiceProvider, class com.almasb.fxgl.audio.AudioPlayer, class com.almasb.fxgl.notification.impl.NotificationServiceProvider, class com.almasb.fxgl.achievement.AchievementService, class com.almasb.fxgl.cutscene.CutsceneService, class com.almasb.fxgl.minigames.MiniGameService, class com.almasb.fxgl.net.NetService, class com.almasb.fxgl.app.services.UpdaterService, class com.almasb.fxgl.dev.DevService]
17:17:02.452 [FXGL Background Thread 3 ] DEBUG Engine               - fontGame: Abel-Regular.ttf
17:17:02.452 [FXGL Background Thread 3 ] DEBUG Engine               - fontMono: TerminalLandMono-Regular.otf
17:17:02.452 [FXGL Background Thread 3 ] DEBUG Engine               - fontSizeScaleUI: 1.0
17:17:02.452 [FXGL Background Thread 3 ] DEBUG Engine               - fontText: Courier-Prime.ttf
17:17:02.452 [FXGL Background Thread 3 ] DEBUG Engine               - fontUI: VarelaRound-Regular.ttf
17:17:02.452 [FXGL Background Thread 3 ] DEBUG Engine               - fullScreen: BooleanProperty [value: false]
17:17:02.453 [FXGL Background Thread 3 ] DEBUG Engine               - gameDifficulty: MEDIUM
17:17:02.453 [FXGL Background Thread 3 ] DEBUG Engine               - gameDifficultyProperty: ObjectProperty [value: MEDIUM]
17:17:02.453 [FXGL Background Thread 3 ] DEBUG Engine               - globalMusicVolume: 0.5
17:17:02.453 [FXGL Background Thread 3 ] DEBUG Engine               - globalMusicVolumeProperty: DoubleProperty [value: 0.5]
17:17:02.453 [FXGL Background Thread 3 ] DEBUG Engine               - globalSoundVolume: 0.5
17:17:02.453 [FXGL Background Thread 3 ] DEBUG Engine               - globalSoundVolumeProperty: DoubleProperty [value: 0.5]
17:17:02.453 [FXGL Background Thread 3 ] DEBUG Engine               - height: 480
17:17:02.453 [FXGL Background Thread 3 ] DEBUG Engine               - is3D: false
17:17:02.453 [FXGL Background Thread 3 ] DEBUG Engine               - isAndroid: false
17:17:02.453 [FXGL Background Thread 3 ] DEBUG Engine               - isBrowser: false
17:17:02.453 [FXGL Background Thread 3 ] DEBUG Engine               - isClickFeedbackEnabled: false
17:17:02.453 [FXGL Background Thread 3 ] DEBUG Engine               - isCloseConfirmation: false
17:17:02.453 [FXGL Background Thread 3 ] DEBUG Engine               - isDesktop: true
17:17:02.453 [FXGL Background Thread 3 ] DEBUG Engine               - isDeveloperMenuEnabled: false
17:17:02.453 [FXGL Background Thread 3 ] DEBUG Engine               - isEmbedded: false
17:17:02.453 [FXGL Background Thread 3 ] DEBUG Engine               - isEntityPreloadEnabled: true
17:17:02.453 [FXGL Background Thread 3 ] DEBUG Engine               - isExperimentalTiledLargeMap: false
17:17:02.454 [FXGL Background Thread 3 ] DEBUG Engine               - isFileSystemWriteAllowed: true
17:17:02.454 [FXGL Background Thread 3 ] DEBUG Engine               - isFullScreenAllowed: false
17:17:02.454 [FXGL Background Thread 3 ] DEBUG Engine               - isFullScreenFromStart: false
17:17:02.454 [FXGL Background Thread 3 ] DEBUG Engine               - isGameMenuEnabled: true
17:17:02.454 [FXGL Background Thread 3 ] DEBUG Engine               - isIOS: false
17:17:02.454 [FXGL Background Thread 3 ] DEBUG Engine               - isIntroEnabled: false
17:17:02.454 [FXGL Background Thread 3 ] DEBUG Engine               - isLinux: false
17:17:02.454 [FXGL Background Thread 3 ] DEBUG Engine               - isMac: false
17:17:02.454 [FXGL Background Thread 3 ] DEBUG Engine               - isMainMenuEnabled: false
17:17:02.454 [FXGL Background Thread 3 ] DEBUG Engine               - isManualResizeEnabled: false
17:17:02.454 [FXGL Background Thread 3 ] DEBUG Engine               - isMobile: false
17:17:02.454 [FXGL Background Thread 3 ] DEBUG Engine               - isNative: false
17:17:02.454 [FXGL Background Thread 3 ] DEBUG Engine               - isPauseMusicWhenMinimized: true
17:17:02.455 [FXGL Background Thread 3 ] DEBUG Engine               - isPreserveResizeRatio: false
17:17:02.455 [FXGL Background Thread 3 ] DEBUG Engine               - isProfilingEnabled: false
17:17:02.455 [FXGL Background Thread 3 ] DEBUG Engine               - isScaleAffectedOnResize: true
17:17:02.455 [FXGL Background Thread 3 ] DEBUG Engine               - isSingleStep: false
17:17:02.455 [FXGL Background Thread 3 ] DEBUG Engine               - isUserProfileEnabled: false
17:17:02.455 [FXGL Background Thread 3 ] DEBUG Engine               - isWindows: true
17:17:02.455 [FXGL Background Thread 3 ] DEBUG Engine               - language: ObjectProperty [value: ENGLISH]
17:17:02.455 [FXGL Background Thread 3 ] DEBUG Engine               - menuKey: ESCAPE
17:17:02.455 [FXGL Background Thread 3 ] DEBUG Engine               - mouseSensitivity: 0.2
17:17:02.455 [FXGL Background Thread 3 ] DEBUG Engine               - notificationViewClass: class com.almasb.fxgl.notification.view.XboxNotificationView
17:17:02.455 [FXGL Background Thread 3 ] DEBUG Engine               - pixelsPerMeter: 50.0
17:17:02.455 [FXGL Background Thread 3 ] DEBUG Engine               - platform: WINDOWS
17:17:02.455 [FXGL Background Thread 3 ] DEBUG Engine               - prefHeightProperty: ReadOnlyDoubleProperty [value: 480.0]
17:17:02.455 [FXGL Background Thread 3 ] DEBUG Engine               - prefWidthProperty: ReadOnlyDoubleProperty [value: 480.0]
17:17:02.455 [FXGL Background Thread 3 ] DEBUG Engine               - profileDir: profiles/
17:17:02.455 [FXGL Background Thread 3 ] DEBUG Engine               - profileName: StringProperty [value: DEFAULT]
17:17:02.455 [FXGL Background Thread 3 ] DEBUG Engine               - randomSeed: -1
17:17:02.457 [FXGL Background Thread 3 ] DEBUG Engine               - runtimeInfo: RuntimeInfo(platform=WINDOWS, version=17.3, build=30.03.2023 11.49)
17:17:02.457 [FXGL Background Thread 3 ] DEBUG Engine               - saveFileExt: sav
17:17:02.457 [FXGL Background Thread 3 ] DEBUG Engine               - scaledHeightProp$fxgl: DoubleProperty [bound, value: 480.0]
17:17:02.457 [FXGL Background Thread 3 ] DEBUG Engine               - scaledWidthProp$fxgl: DoubleProperty [bound, value: 480.0]
17:17:02.457 [FXGL Background Thread 3 ] DEBUG Engine               - sceneFactory: com.almasb.fxgl.app.scene.SceneFactory@23f12755
17:17:02.457 [FXGL Background Thread 3 ] DEBUG Engine               - secondsIn24h: 60
17:17:02.457 [FXGL Background Thread 3 ] DEBUG Engine               - soundMenuBack: menu/back.wav
17:17:02.457 [FXGL Background Thread 3 ] DEBUG Engine               - soundMenuPress: menu/press.wav
17:17:02.457 [FXGL Background Thread 3 ] DEBUG Engine               - soundMenuSelect: menu/select.wav
17:17:02.457 [FXGL Background Thread 3 ] DEBUG Engine               - soundNotification: core/notification.wav
17:17:02.457 [FXGL Background Thread 3 ] DEBUG Engine               - stageStyle: DECORATED
17:17:02.457 [FXGL Background Thread 3 ] DEBUG Engine               - supportedLanguages: [ENGLISH, FRENCH, GERMAN, HUNGARIAN, RUSSIAN]
17:17:02.457 [FXGL Background Thread 3 ] DEBUG Engine               - ticksPerSecond: -1
17:17:02.457 [FXGL Background Thread 3 ] DEBUG Engine               - title: Bomberman Game
17:17:02.458 [FXGL Background Thread 3 ] DEBUG Engine               - urlGithub: https://github.com/AlmasB/FXGL
17:17:02.458 [FXGL Background Thread 3 ] DEBUG Engine               - urlLeaderboard: http://fxgl-top.herokuapp.com/
17:17:02.458 [FXGL Background Thread 3 ] DEBUG Engine               - urlPOM: https://raw.githubusercontent.com/AlmasB/FXGL/release/README.md
17:17:02.458 [FXGL Background Thread 3 ] DEBUG Engine               - userAppClass: class org.example.demo.HelloApplication
17:17:02.458 [FXGL Background Thread 3 ] DEBUG Engine               - version: 1.0
17:17:02.458 [FXGL Background Thread 3 ] DEBUG Engine               - versionCheckDays: 7
17:17:02.458 [FXGL Background Thread 3 ] DEBUG Engine               - width: 480
17:17:02.458 [FXGL Background Thread 3 ] DEBUG Engine               - Logging services
17:17:02.458 [FXGL Background Thread 3 ] DEBUG Engine               - class com.almasb.fxgl.app.services.FXGLAssetLoaderService
17:17:02.458 [FXGL Background Thread 3 ] DEBUG Engine               - class com.almasb.fxgl.app.FXGLApplication$GameApplicationService
17:17:02.458 [FXGL Background Thread 3 ] DEBUG Engine               - class com.almasb.fxgl.app.services.FXGLDialogService
17:17:02.458 [FXGL Background Thread 3 ] DEBUG Engine               - class com.almasb.fxgl.app.services.IOTaskExecutorService
17:17:02.458 [FXGL Background Thread 3 ] DEBUG Engine               - class com.almasb.fxgl.io.FileSystemService
17:17:02.458 [FXGL Background Thread 3 ] DEBUG Engine               - class com.almasb.fxgl.localization.LocalizationService
17:17:02.458 [FXGL Background Thread 3 ] DEBUG Engine               - class com.almasb.fxgl.app.services.SystemBundleService
17:17:02.458 [FXGL Background Thread 3 ] DEBUG Engine               - class com.almasb.fxgl.profile.SaveLoadService
17:17:02.458 [FXGL Background Thread 3 ] DEBUG Engine               - class com.almasb.fxgl.ui.FXGLUIFactoryServiceProvider
17:17:02.458 [FXGL Background Thread 3 ] DEBUG Engine               - class com.almasb.fxgl.ui.FXGLDialogFactoryServiceProvider
17:17:02.459 [FXGL Background Thread 3 ] DEBUG Engine               - class com.almasb.fxgl.audio.AudioPlayer
17:17:02.459 [FXGL Background Thread 3 ] DEBUG Engine               - class com.almasb.fxgl.notification.impl.NotificationServiceProvider
17:17:02.459 [FXGL Background Thread 3 ] DEBUG Engine               - class com.almasb.fxgl.achievement.AchievementService
17:17:02.459 [FXGL Background Thread 3 ] DEBUG Engine               - class com.almasb.fxgl.cutscene.CutsceneService
17:17:02.459 [FXGL Background Thread 3 ] DEBUG Engine               - class com.almasb.fxgl.minigames.MiniGameService
17:17:02.459 [FXGL Background Thread 3 ] DEBUG Engine               - class com.almasb.fxgl.net.NetService
17:17:02.459 [FXGL Background Thread 3 ] DEBUG Engine               - class com.almasb.fxgl.app.services.UpdaterService
17:17:02.459 [FXGL Background Thread 3 ] DEBUG Engine               - class com.almasb.fxgl.dev.DevService
17:17:02.823 [JavaFX Application Thread] WARN  FXGLAssetLoaderServi - Asset "/assets/sounds/explosion.wav" was not found!
17:17:02.823 [JavaFX Application Thread] WARN  FXGLAssetLoaderServi - Failed to load SOUND
17:17:06.463 [JavaFX Application Thread] DEBUG FXGLApplication      - Exiting FXGL
17:17:06.463 [JavaFX Application Thread] DEBUG LoopRunner           - Stopping loop
17:17:06.465 [JavaFX Application Thread] DEBUG SystemBundleService  - Saving FXGL system data
17:17:06.467 [JavaFX Application Thread] DEBUG FileSystemAccess     - Writing to: C:\OOP\baitaplonOOP-long\system\fxgl.bundle
17:17:06.467 [JavaFX Application Thread] DEBUG Async                - Shutting down background threads
17:17:06.468 [JavaFX Application Thread] DEBUG PrimaryStageWindow   - Closing main window
17:17:06.484 [JavaFX Application Thread] DEBUG Logger               - Closing Logger
