09:47:40.836 [main                     ] DEBUG Logger               - Configured Logger
09:47:40.860 [main                     ] DEBUG GameApplication      - Logging settings
Title: Bomberman Game
Version: 1.0
Width: 480
Height: 480
Fullscreen: false
Intro: false
Profiling: false
Single step:false
App Mode: DEVELOPER
Menu Key: ESCAPE
Stage Style: DECORATED
Scene Factory: class org.example.demo.BombermanApp$1

09:47:41.241 [JavaFX Application Thread] DEBUG FXGLApplication      - Initializing FXGL
09:47:41.246 [JavaFX Application Thread] INFO  Engine               - FXGL-17.3 (30.03.2023 11.49) on WINDOWS (J:23.0.2 FX:17.0.6)
09:47:41.247 [JavaFX Application Thread] DEBUG Engine               - JRE Vendor Name: Oracle Corporation
09:47:41.247 [JavaFX Application Thread] DEBUG Engine               - Running on OS: Windows 11 version 10.0
09:47:41.247 [JavaFX Application Thread] DEBUG Engine               - Architecture: amd64
09:47:41.247 [JavaFX Application Thread] INFO  Engine               - Source code and latest versions at: https://github.com/AlmasB/FXGL
09:47:41.247 [JavaFX Application Thread] INFO  Engine               -       Ask questions and discuss at: https://github.com/AlmasB/FXGL/discussions
09:47:41.247 [JavaFX Application Thread] INFO  Engine               -              Join the FXGL chat at: https://gitter.im/AlmasB/FXGL
09:47:41.335 [JavaFX Application Thread] DEBUG PrimaryStageWindow   - Creating a JavaFX scene
09:47:41.384 [JavaFX Application Thread] DEBUG PrimaryStageWindow   - Target settings size: 480.0 x 480.0
09:47:41.384 [JavaFX Application Thread] DEBUG PrimaryStageWindow   - Scaled scene size:    480.0 x 480.0
09:47:41.385 [JavaFX Application Thread] DEBUG PrimaryStageWindow   - Scaled ratio: (1.0, 1.0)
09:47:41.386 [JavaFX Application Thread] DEBUG PrimaryStageWindow   - Set initial scene to FXGLStartupScene
09:47:41.394 [JavaFX Application Thread] DEBUG PrimaryStageWindow   - Opening main window
09:47:41.469 [JavaFX Application Thread] DEBUG PrimaryStageWindow   - Window border size: (14.666656494140625, 37.33331298828125)
09:47:41.470 [JavaFX Application Thread] DEBUG PrimaryStageWindow   - Scaled size: 480.0 x 480.0
09:47:41.470 [JavaFX Application Thread] DEBUG PrimaryStageWindow   - Scaled ratio: (1.0, 1.0)
09:47:41.470 [JavaFX Application Thread] DEBUG PrimaryStageWindow   - Scene size: 480.0 x 480.0
09:47:41.470 [JavaFX Application Thread] DEBUG PrimaryStageWindow   - Stage size: 494.6666564941406 x 517.3333129882812
09:47:41.479 [FXGL Background Thread 1 ] DEBUG Engine               - Initializing environment variables
09:47:41.561 [FXGL Background Thread 1 ] DEBUG FXGLAssetLoaderServi - User app class for loading assets: class org.example.demo.HelloApplication
09:47:41.561 [FXGL Background Thread 1 ] DEBUG GameApplicationServi - Applying CSS: fxgl_dark.css
09:47:41.562 [FXGL Background Thread 1 ] DEBUG FXGLAssetLoaderServi - Loading from file system: jar:file:///C:/Users/admin/.m2/repository/com/github/almasb/fxgl/17.3/fxgl-17.3.jar!/fxglassets/ui/css/fxgl_dark.css
09:47:41.608 [FXGL Background Thread 1 ] DEBUG GameApplicationServi - Initializing application scenes
09:47:41.649 [FXGL Background Thread 1 ] DEBUG GameWorld            - Game world initialized
09:47:41.725 [FXGL Background Thread 1 ] DEBUG PhysicsWorld         - Physics world initialized: appHeight=480, physics.ppm=50.0
09:47:41.727 [FXGL Background Thread 1 ] DEBUG PhysicsWorld         - Using strategy: BRUTE_FORCE
09:47:41.732 [FXGL Background Thread 1 ] DEBUG GameScene            - Game scene initialized: 480x480
09:47:41.752 [FXGL Background Thread 1 ] WARN  FXGL.DefaultMenu     - FXGLDefaultMenu is not designed for resolutions < 800x600
09:47:41.753 [FXGL Background Thread 1 ] DEBUG FXGL.DefaultMenu     - createMenuBodyGameMenu()
09:47:41.765 [FXGL Background Thread 1 ] DEBUG FXGL.DefaultMenu     - createOptionsMenu()
09:47:41.776 [FXGL Background Thread 1 ] DEBUG FXGLAssetLoaderServi - Loading from file system: jar:file:///C:/Users/admin/.m2/repository/com/github/almasb/fxgl/17.3/fxgl-17.3.jar!/fxglassets/textures/particles/smoke.png
09:47:41.879 [FXGL Background Thread 1 ] DEBUG FXGLAssetLoaderServi - Loading from file system: jar:file:///C:/Users/admin/.m2/repository/com/github/almasb/fxgl/17.3/fxgl-17.3.jar!/fxglassets/textures/particles/trace_horizontal.png
09:47:41.908 [FXGL Background Thread 1 ] DEBUG GameApplicationServi - Application scenes initialized
09:47:41.920 [FXGL Background Thread 1 ] DEBUG SystemBundleService  - Loading FXGL system data
09:47:41.923 [FXGL Background Thread 1 ] DEBUG FileSystemAccess     - Reading from: C:\Users\admin\OneDrive\Máy tính\btl\baitaplonOOP\system\fxgl.bundle
09:47:41.930 [FXGL Background Thread 1 ] DEBUG SystemBundleService  - Bundle FXGL: {}
09:47:41.930 [FXGL Background Thread 1 ] DEBUG UpdaterService       - Checking for updates
09:47:41.934 [FXGL Background Thread 4 ] DEBUG FXGLApplication      - Loading fonts
09:47:41.934 [FXGL Background Thread 4 ] DEBUG FXGLAssetLoaderServi - Loading from file system: jar:file:///C:/Users/admin/.m2/repository/com/github/almasb/fxgl/17.3/fxgl-17.3.jar!/fxglassets/ui/fonts/VarelaRound-Regular.ttf
09:47:41.935 [FXGL Background Thread 1 ] DEBUG FXGLApplication      - Loading default localization
09:47:41.935 [FXGL Background Thread 1 ] DEBUG FXGLAssetLoaderServi - Loading from file system: jar:file:///C:/Users/admin/.m2/repository/com/github/almasb/fxgl/17.3/fxgl-17.3.jar!/fxglassets/languages/english.lang
09:47:41.957 [FXGL Background Thread 1 ] INFO  FXGLApplication      - FXGL initialization took: 0.477 sec
09:47:41.961 [JavaFX Application Thread] DEBUG Input                - Clearing active input actions
09:47:41.972 [JavaFX Application Thread] DEBUG Input                - Registered new binding: Move Up - W
09:47:41.972 [JavaFX Application Thread] DEBUG Input                - Registered new binding: Move Down - S
09:47:41.972 [JavaFX Application Thread] DEBUG Input                - Registered new binding: Move Left - A
09:47:41.972 [JavaFX Application Thread] DEBUG Input                - Registered new binding: Move Right - D
09:47:41.973 [JavaFX Application Thread] DEBUG Input                - Registered new binding: Đặt bom - Space
09:47:41.973 [JavaFX Application Thread] DEBUG FXGLAssetLoaderServi - Loading from file system: jar:file:///C:/Users/admin/.m2/repository/com/github/almasb/fxgl/17.3/fxgl-17.3.jar!/fxglassets/textures/fxgl_icon.png
09:47:41.983 [FXGL Background Thread 4 ] DEBUG FXGLAssetLoaderServi - Loading from file system: jar:file:///C:/Users/admin/.m2/repository/com/github/almasb/fxgl/17.3/fxgl-17.3.jar!/fxglassets/ui/fonts/Abel-Regular.ttf
09:47:41.999 [JavaFX Application Thread] DEBUG FXGLAssetLoaderServi - Loading from file system: jar:file:///C:/Users/admin/.m2/repository/com/github/almasb/fxgl/17.3/fxgl-17.3.jar!/fxglassets/textures/fxgl_default_cursor.png
09:47:41.999 [FXGL Background Thread 4 ] DEBUG FXGLAssetLoaderServi - Loading from file system: jar:file:///C:/Users/admin/.m2/repository/com/github/almasb/fxgl/17.3/fxgl-17.3.jar!/fxglassets/ui/fonts/TerminalLandMono-Regular.otf
09:47:42.001 [JavaFX Application Thread] DEBUG Input                - Registered new binding: Screenshot - CTRL+8
09:47:42.001 [JavaFX Application Thread] DEBUG Input                - Registered new binding: System info dump - CTRL+9
09:47:42.002 [JavaFX Application Thread] DEBUG Input                - Registered new binding: Restart - CTRL+R
09:47:42.002 [JavaFX Application Thread] DEBUG Input                - Registered new binding: Toggle Debug Camera - CTRL+7
09:47:42.005 [JavaFX Application Thread] DEBUG LoopRunner           - Starting loop
09:47:42.005 [JavaFX Application Thread] DEBUG LoopRunner           - Initializing JavaFX AnimationTimerLoop
09:47:42.007 [JavaFX Application Thread] DEBUG Input                - Clearing active input actions
09:47:42.015 [FXGL Background Thread 4 ] DEBUG FXGLAssetLoaderServi - Loading from file system: jar:file:///C:/Users/admin/.m2/repository/com/github/almasb/fxgl/17.3/fxgl-17.3.jar!/fxglassets/ui/fonts/Courier-Prime.ttf
09:47:42.016 [JavaFX Application Thread] DEBUG GameApplicationServi - Removing overlay from FXGLStartupScene and adding to FXGLMainMenuDummyScene
09:47:42.017 [JavaFX Application Thread] DEBUG PrimaryStageWindow   - FXGLStartupScene -> FXGLMainMenuDummyScene
09:47:42.017 [JavaFX Application Thread] DEBUG PrimaryStageWindow   - Push state: ViewMenu
09:47:42.017 [JavaFX Application Thread] DEBUG Input                - Clearing active input actions
09:47:42.026 [JavaFX Application Thread] DEBUG GameApplicationServi - Removing overlay from FXGLMainMenuDummyScene and adding to ViewMenu
09:47:42.026 [JavaFX Application Thread] DEBUG PrimaryStageWindow   - FXGLMainMenuDummyScene -> ViewMenu
09:47:42.097 [JavaFX Application Thread] DEBUG FXGLApplication      - Registering font factories with UI factory
09:47:43.125 [FXGL Background Thread 2 ] INFO  UpdaterService       - Your current version:  17.3
09:47:43.126 [FXGL Background Thread 2 ] INFO  UpdaterService       - Latest stable version: 21.1
09:47:43.696 [JavaFX Application Thread] DEBUG GameApplicationServi - Starting new game
09:47:43.697 [JavaFX Application Thread] DEBUG PrimaryStageWindow   - Pop state: ViewMenu
09:47:43.697 [JavaFX Application Thread] DEBUG Input                - Clearing active input actions
09:47:43.699 [JavaFX Application Thread] DEBUG GameApplicationServi - Removing overlay from ViewMenu and adding to FXGLMainMenuDummyScene
09:47:43.700 [JavaFX Application Thread] DEBUG PrimaryStageWindow   - FXGLMainMenuDummyScene <- ViewMenu
09:47:43.700 [JavaFX Application Thread] DEBUG Input                - Clearing active input actions
09:47:43.711 [JavaFX Application Thread] DEBUG GameApplicationServi - Removing overlay from FXGLMainMenuDummyScene and adding to FXGLLoadingScene
09:47:43.712 [JavaFX Application Thread] DEBUG PrimaryStageWindow   - FXGLMainMenuDummyScene -> FXGLLoadingScene
09:47:43.712 [JavaFX Application Thread] DEBUG GameApplicationServi - Clearing previous game
09:47:43.712 [JavaFX Application Thread] DEBUG GameScene            - Clearing game scene
09:47:43.712 [JavaFX Application Thread] DEBUG GameWorld            - Clearing game world
09:47:43.712 [JavaFX Application Thread] DEBUG PhysicsWorld         - Clearing physics world
09:47:43.714 [FXGL Background Thread 2 ] DEBUG FXGLApplication      - Initializing game
09:47:44.110 [FXGL Background Thread 2 ] INFO  FXGLApplication      - Game initialization took: 0.395 sec
09:47:44.113 [JavaFX Application Thread] DEBUG Input                - Clearing active input actions
09:47:44.129 [JavaFX Application Thread] DEBUG GameApplicationServi - Removing overlay from FXGLLoadingScene and adding to GameScene
09:47:44.130 [JavaFX Application Thread] DEBUG PrimaryStageWindow   - FXGLLoadingScene -> GameScene
09:47:44.934 [FXGL Background Thread 3 ] DEBUG Engine               - Logging environment variables
09:47:44.934 [FXGL Background Thread 3 ] DEBUG Engine               - achievements: []
09:47:44.934 [FXGL Background Thread 3 ] DEBUG Engine               - actualHeight: 480.0
09:47:44.935 [FXGL Background Thread 3 ] DEBUG Engine               - actualHeightProperty: ReadOnlyDoubleProperty [value: 480.0]
09:47:44.935 [FXGL Background Thread 3 ] DEBUG Engine               - actualWidth: 480.0
09:47:44.935 [FXGL Background Thread 3 ] DEBUG Engine               - actualWidthProperty: ReadOnlyDoubleProperty [value: 480.0]
09:47:44.935 [FXGL Background Thread 3 ] DEBUG Engine               - appIcon: fxgl_icon.png
09:47:44.935 [FXGL Background Thread 3 ] DEBUG Engine               - applicationMode: DEVELOPER
09:47:44.935 [FXGL Background Thread 3 ] DEBUG Engine               - cSSList: [fxgl_dark.css]
09:47:44.935 [FXGL Background Thread 3 ] DEBUG Engine               - collisionDetectionStrategy: BRUTE_FORCE
09:47:44.935 [FXGL Background Thread 3 ] DEBUG Engine               - configClass: Optional.empty
09:47:44.935 [FXGL Background Thread 3 ] DEBUG Engine               - credits: []
09:47:44.935 [FXGL Background Thread 3 ] DEBUG Engine               - defaultCursor: CursorInfo(imageName=fxgl_default_cursor.png, hotspotX=7.0, hotspotY=6.0)
09:47:44.935 [FXGL Background Thread 3 ] DEBUG Engine               - devBBoxColorProperty: ObjectProperty [value: 0xff0000ff]
09:47:44.936 [FXGL Background Thread 3 ] DEBUG Engine               - devEnableDebugCameraProperty: BooleanProperty [value: false]
09:47:44.936 [FXGL Background Thread 3 ] DEBUG Engine               - devSensorColorProperty: ObjectProperty [value: 0xffff00ff]
09:47:44.936 [FXGL Background Thread 3 ] DEBUG Engine               - devShowBBoxProperty: BooleanProperty [value: false]
09:47:44.936 [FXGL Background Thread 3 ] DEBUG Engine               - devShowPositionProperty: BooleanProperty [value: false]
09:47:44.936 [FXGL Background Thread 3 ] DEBUG Engine               - enabledMenuItems: []
09:47:44.936 [FXGL Background Thread 3 ] DEBUG Engine               - engineServices: [class com.almasb.fxgl.app.services.FXGLAssetLoaderService, class com.almasb.fxgl.app.FXGLApplication$GameApplicationService, class com.almasb.fxgl.app.services.FXGLDialogService, class com.almasb.fxgl.app.services.IOTaskExecutorService, class com.almasb.fxgl.io.FileSystemService, class com.almasb.fxgl.localization.LocalizationService, class com.almasb.fxgl.app.services.SystemBundleService, class com.almasb.fxgl.profile.SaveLoadService, class com.almasb.fxgl.ui.FXGLUIFactoryServiceProvider, class com.almasb.fxgl.ui.FXGLDialogFactoryServiceProvider, class com.almasb.fxgl.audio.AudioPlayer, class com.almasb.fxgl.notification.impl.NotificationServiceProvider, class com.almasb.fxgl.achievement.AchievementService, class com.almasb.fxgl.cutscene.CutsceneService, class com.almasb.fxgl.minigames.MiniGameService, class com.almasb.fxgl.net.NetService, class com.almasb.fxgl.app.services.UpdaterService, class com.almasb.fxgl.dev.DevService]
09:47:44.936 [FXGL Background Thread 3 ] DEBUG Engine               - fontGame: Abel-Regular.ttf
09:47:44.936 [FXGL Background Thread 3 ] DEBUG Engine               - fontMono: TerminalLandMono-Regular.otf
09:47:44.936 [FXGL Background Thread 3 ] DEBUG Engine               - fontSizeScaleUI: 1.0
09:47:44.936 [FXGL Background Thread 3 ] DEBUG Engine               - fontText: Courier-Prime.ttf
09:47:44.936 [FXGL Background Thread 3 ] DEBUG Engine               - fontUI: VarelaRound-Regular.ttf
09:47:44.936 [FXGL Background Thread 3 ] DEBUG Engine               - fullScreen: BooleanProperty [value: false]
09:47:44.936 [FXGL Background Thread 3 ] DEBUG Engine               - gameDifficulty: MEDIUM
09:47:44.936 [FXGL Background Thread 3 ] DEBUG Engine               - gameDifficultyProperty: ObjectProperty [value: MEDIUM]
09:47:44.936 [FXGL Background Thread 3 ] DEBUG Engine               - globalMusicVolume: 0.5
09:47:44.936 [FXGL Background Thread 3 ] DEBUG Engine               - globalMusicVolumeProperty: DoubleProperty [value: 0.5]
09:47:44.936 [FXGL Background Thread 3 ] DEBUG Engine               - globalSoundVolume: 0.5
09:47:44.937 [FXGL Background Thread 3 ] DEBUG Engine               - globalSoundVolumeProperty: DoubleProperty [value: 0.5]
09:47:44.937 [FXGL Background Thread 3 ] DEBUG Engine               - height: 480
09:47:44.937 [FXGL Background Thread 3 ] DEBUG Engine               - is3D: false
09:47:44.937 [FXGL Background Thread 3 ] DEBUG Engine               - isAndroid: false
09:47:44.937 [FXGL Background Thread 3 ] DEBUG Engine               - isBrowser: false
09:47:44.937 [FXGL Background Thread 3 ] DEBUG Engine               - isClickFeedbackEnabled: false
09:47:44.937 [FXGL Background Thread 3 ] DEBUG Engine               - isCloseConfirmation: false
09:47:44.937 [FXGL Background Thread 3 ] DEBUG Engine               - isDesktop: true
09:47:44.937 [FXGL Background Thread 3 ] DEBUG Engine               - isDeveloperMenuEnabled: false
09:47:44.937 [FXGL Background Thread 3 ] DEBUG Engine               - isEmbedded: false
09:47:44.937 [FXGL Background Thread 3 ] DEBUG Engine               - isEntityPreloadEnabled: true
09:47:44.937 [FXGL Background Thread 3 ] DEBUG Engine               - isExperimentalTiledLargeMap: false
09:47:44.937 [FXGL Background Thread 3 ] DEBUG Engine               - isFileSystemWriteAllowed: true
09:47:44.937 [FXGL Background Thread 3 ] DEBUG Engine               - isFullScreenAllowed: false
09:47:44.937 [FXGL Background Thread 3 ] DEBUG Engine               - isFullScreenFromStart: false
09:47:44.937 [FXGL Background Thread 3 ] DEBUG Engine               - isGameMenuEnabled: true
09:47:44.938 [FXGL Background Thread 3 ] DEBUG Engine               - isIOS: false
09:47:44.938 [FXGL Background Thread 3 ] DEBUG Engine               - isIntroEnabled: false
09:47:44.938 [FXGL Background Thread 3 ] DEBUG Engine               - isLinux: false
09:47:44.938 [FXGL Background Thread 3 ] DEBUG Engine               - isMac: false
09:47:44.938 [FXGL Background Thread 3 ] DEBUG Engine               - isMainMenuEnabled: true
09:47:44.938 [FXGL Background Thread 3 ] DEBUG Engine               - isManualResizeEnabled: false
09:47:44.938 [FXGL Background Thread 3 ] DEBUG Engine               - isMobile: false
09:47:44.938 [FXGL Background Thread 3 ] DEBUG Engine               - isNative: false
09:47:44.938 [FXGL Background Thread 3 ] DEBUG Engine               - isPauseMusicWhenMinimized: true
09:47:44.938 [FXGL Background Thread 3 ] DEBUG Engine               - isPreserveResizeRatio: false
09:47:44.938 [FXGL Background Thread 3 ] DEBUG Engine               - isProfilingEnabled: false
09:47:44.938 [FXGL Background Thread 3 ] DEBUG Engine               - isScaleAffectedOnResize: true
09:47:44.938 [FXGL Background Thread 3 ] DEBUG Engine               - isSingleStep: false
09:47:44.938 [FXGL Background Thread 3 ] DEBUG Engine               - isUserProfileEnabled: false
09:47:44.938 [FXGL Background Thread 3 ] DEBUG Engine               - isWindows: true
09:47:44.938 [FXGL Background Thread 3 ] DEBUG Engine               - language: ObjectProperty [value: ENGLISH]
09:47:44.938 [FXGL Background Thread 3 ] DEBUG Engine               - menuKey: ESCAPE
09:47:44.938 [FXGL Background Thread 3 ] DEBUG Engine               - mouseSensitivity: 0.2
09:47:44.938 [FXGL Background Thread 3 ] DEBUG Engine               - notificationViewClass: class com.almasb.fxgl.notification.view.XboxNotificationView
09:47:44.938 [FXGL Background Thread 3 ] DEBUG Engine               - pixelsPerMeter: 50.0
09:47:44.938 [FXGL Background Thread 3 ] DEBUG Engine               - platform: WINDOWS
09:47:44.938 [FXGL Background Thread 3 ] DEBUG Engine               - prefHeightProperty: ReadOnlyDoubleProperty [value: 480.0]
09:47:44.938 [FXGL Background Thread 3 ] DEBUG Engine               - prefWidthProperty: ReadOnlyDoubleProperty [value: 480.0]
09:47:44.938 [FXGL Background Thread 3 ] DEBUG Engine               - profileDir: profiles/
09:47:44.938 [FXGL Background Thread 3 ] DEBUG Engine               - profileName: StringProperty [value: DEFAULT]
09:47:44.938 [FXGL Background Thread 3 ] DEBUG Engine               - randomSeed: -1
09:47:44.939 [FXGL Background Thread 3 ] DEBUG Engine               - runtimeInfo: RuntimeInfo(platform=WINDOWS, version=17.3, build=30.03.2023 11.49)
09:47:44.939 [FXGL Background Thread 3 ] DEBUG Engine               - saveFileExt: sav
09:47:44.939 [FXGL Background Thread 3 ] DEBUG Engine               - scaledHeightProp$fxgl: DoubleProperty [bound, value: 480.0]
09:47:44.939 [FXGL Background Thread 3 ] DEBUG Engine               - scaledWidthProp$fxgl: DoubleProperty [bound, value: 480.0]
09:47:44.939 [FXGL Background Thread 3 ] DEBUG Engine               - sceneFactory: org.example.demo.BombermanApp$1@13102cd3
09:47:44.939 [FXGL Background Thread 3 ] DEBUG Engine               - secondsIn24h: 60
09:47:44.939 [FXGL Background Thread 3 ] DEBUG Engine               - soundMenuBack: menu/back.wav
09:47:44.939 [FXGL Background Thread 3 ] DEBUG Engine               - soundMenuPress: menu/press.wav
09:47:44.939 [FXGL Background Thread 3 ] DEBUG Engine               - soundMenuSelect: menu/select.wav
09:47:44.939 [FXGL Background Thread 3 ] DEBUG Engine               - soundNotification: core/notification.wav
09:47:44.939 [FXGL Background Thread 3 ] DEBUG Engine               - stageStyle: DECORATED
09:47:44.939 [FXGL Background Thread 3 ] DEBUG Engine               - supportedLanguages: [ENGLISH, FRENCH, GERMAN, HUNGARIAN, RUSSIAN]
09:47:44.939 [FXGL Background Thread 3 ] DEBUG Engine               - ticksPerSecond: -1
09:47:44.939 [FXGL Background Thread 3 ] DEBUG Engine               - title: Bomberman Game
09:47:44.939 [FXGL Background Thread 3 ] DEBUG Engine               - urlGithub: https://github.com/AlmasB/FXGL
09:47:44.939 [FXGL Background Thread 3 ] DEBUG Engine               - urlLeaderboard: http://fxgl-top.herokuapp.com/
09:47:44.939 [FXGL Background Thread 3 ] DEBUG Engine               - urlPOM: https://raw.githubusercontent.com/AlmasB/FXGL/release/README.md
09:47:44.939 [FXGL Background Thread 3 ] DEBUG Engine               - userAppClass: class org.example.demo.HelloApplication
09:47:44.939 [FXGL Background Thread 3 ] DEBUG Engine               - version: 1.0
09:47:44.939 [FXGL Background Thread 3 ] DEBUG Engine               - versionCheckDays: 7
09:47:44.940 [FXGL Background Thread 3 ] DEBUG Engine               - width: 480
09:47:44.940 [FXGL Background Thread 3 ] DEBUG Engine               - Logging services
09:47:44.940 [FXGL Background Thread 3 ] DEBUG Engine               - class com.almasb.fxgl.app.services.FXGLAssetLoaderService
09:47:44.940 [FXGL Background Thread 3 ] DEBUG Engine               - class com.almasb.fxgl.app.FXGLApplication$GameApplicationService
09:47:44.940 [FXGL Background Thread 3 ] DEBUG Engine               - class com.almasb.fxgl.app.services.FXGLDialogService
09:47:44.940 [FXGL Background Thread 3 ] DEBUG Engine               - class com.almasb.fxgl.app.services.IOTaskExecutorService
09:47:44.940 [FXGL Background Thread 3 ] DEBUG Engine               - class com.almasb.fxgl.io.FileSystemService
09:47:44.940 [FXGL Background Thread 3 ] DEBUG Engine               - class com.almasb.fxgl.localization.LocalizationService
09:47:44.940 [FXGL Background Thread 3 ] DEBUG Engine               - class com.almasb.fxgl.app.services.SystemBundleService
09:47:44.940 [FXGL Background Thread 3 ] DEBUG Engine               - class com.almasb.fxgl.profile.SaveLoadService
09:47:44.940 [FXGL Background Thread 3 ] DEBUG Engine               - class com.almasb.fxgl.ui.FXGLUIFactoryServiceProvider
09:47:44.940 [FXGL Background Thread 3 ] DEBUG Engine               - class com.almasb.fxgl.ui.FXGLDialogFactoryServiceProvider
09:47:44.940 [FXGL Background Thread 3 ] DEBUG Engine               - class com.almasb.fxgl.audio.AudioPlayer
09:47:44.940 [FXGL Background Thread 3 ] DEBUG Engine               - class com.almasb.fxgl.notification.impl.NotificationServiceProvider
09:47:44.940 [FXGL Background Thread 3 ] DEBUG Engine               - class com.almasb.fxgl.achievement.AchievementService
09:47:44.940 [FXGL Background Thread 3 ] DEBUG Engine               - class com.almasb.fxgl.cutscene.CutsceneService
09:47:44.940 [FXGL Background Thread 3 ] DEBUG Engine               - class com.almasb.fxgl.minigames.MiniGameService
09:47:44.940 [FXGL Background Thread 3 ] DEBUG Engine               - class com.almasb.fxgl.net.NetService
09:47:44.940 [FXGL Background Thread 3 ] DEBUG Engine               - class com.almasb.fxgl.app.services.UpdaterService
09:47:44.940 [FXGL Background Thread 3 ] DEBUG Engine               - class com.almasb.fxgl.dev.DevService
09:47:50.611 [JavaFX Application Thread] DEBUG PrimaryStageWindow   - Push state: DialogSubScene
09:47:50.611 [JavaFX Application Thread] DEBUG Input                - Clearing active input actions
09:47:50.611 [JavaFX Application Thread] DEBUG GameApplicationServi - Removing overlay from GameScene and adding to DialogSubScene
09:47:50.612 [JavaFX Application Thread] DEBUG PrimaryStageWindow   - GameScene -> DialogSubScene
09:47:52.320 [JavaFX Application Thread] DEBUG PrimaryStageWindow   - Pop state: DialogSubScene
09:47:52.320 [JavaFX Application Thread] DEBUG Input                - Clearing active input actions
09:47:52.326 [JavaFX Application Thread] DEBUG GameApplicationServi - Removing overlay from DialogSubScene and adding to GameScene
09:47:52.327 [JavaFX Application Thread] DEBUG PrimaryStageWindow   - GameScene <- DialogSubScene
09:47:53.565 [JavaFX Application Thread] DEBUG PrimaryStageWindow   - Push state: DialogSubScene
09:47:53.565 [JavaFX Application Thread] DEBUG Input                - Clearing active input actions
09:47:53.566 [JavaFX Application Thread] DEBUG GameApplicationServi - Removing overlay from GameScene and adding to DialogSubScene
09:47:53.566 [JavaFX Application Thread] DEBUG PrimaryStageWindow   - GameScene -> DialogSubScene
09:47:54.803 [JavaFX Application Thread] DEBUG PrimaryStageWindow   - Pop state: DialogSubScene
09:47:54.803 [JavaFX Application Thread] DEBUG Input                - Clearing active input actions
09:47:54.805 [JavaFX Application Thread] DEBUG GameApplicationServi - Removing overlay from DialogSubScene and adding to GameScene
09:47:54.805 [JavaFX Application Thread] DEBUG PrimaryStageWindow   - GameScene <- DialogSubScene
09:47:58.268 [JavaFX Application Thread] DEBUG PrimaryStageWindow   - Push state: DialogSubScene
09:47:58.268 [JavaFX Application Thread] DEBUG Input                - Clearing active input actions
09:47:58.269 [JavaFX Application Thread] DEBUG GameApplicationServi - Removing overlay from GameScene and adding to DialogSubScene
09:47:58.269 [JavaFX Application Thread] DEBUG PrimaryStageWindow   - GameScene -> DialogSubScene
09:47:59.644 [JavaFX Application Thread] DEBUG PrimaryStageWindow   - Pop state: DialogSubScene
09:47:59.644 [JavaFX Application Thread] DEBUG Input                - Clearing active input actions
09:47:59.645 [JavaFX Application Thread] DEBUG GameApplicationServi - Removing overlay from DialogSubScene and adding to GameScene
09:47:59.645 [JavaFX Application Thread] DEBUG PrimaryStageWindow   - GameScene <- DialogSubScene
09:48:03.310 [JavaFX Application Thread] DEBUG PrimaryStageWindow   - Push state: DialogSubScene
09:48:03.311 [JavaFX Application Thread] DEBUG Input                - Clearing active input actions
09:48:03.311 [JavaFX Application Thread] DEBUG GameApplicationServi - Removing overlay from GameScene and adding to DialogSubScene
09:48:03.311 [JavaFX Application Thread] DEBUG PrimaryStageWindow   - GameScene -> DialogSubScene
09:48:04.782 [JavaFX Application Thread] DEBUG PrimaryStageWindow   - Pop state: DialogSubScene
09:48:04.782 [JavaFX Application Thread] DEBUG Input                - Clearing active input actions
09:48:04.783 [JavaFX Application Thread] DEBUG GameApplicationServi - Removing overlay from DialogSubScene and adding to GameScene
09:48:04.784 [JavaFX Application Thread] DEBUG PrimaryStageWindow   - GameScene <- DialogSubScene
09:48:06.093 [JavaFX Application Thread] DEBUG PrimaryStageWindow   - Push state: DialogSubScene
09:48:06.093 [JavaFX Application Thread] DEBUG Input                - Clearing active input actions
09:48:06.093 [JavaFX Application Thread] DEBUG GameApplicationServi - Removing overlay from GameScene and adding to DialogSubScene
09:48:06.093 [JavaFX Application Thread] DEBUG PrimaryStageWindow   - GameScene -> DialogSubScene
09:48:07.429 [JavaFX Application Thread] DEBUG PrimaryStageWindow   - Pop state: DialogSubScene
09:48:07.429 [JavaFX Application Thread] DEBUG Input                - Clearing active input actions
09:48:07.429 [JavaFX Application Thread] DEBUG GameApplicationServi - Removing overlay from DialogSubScene and adding to GameScene
09:48:07.430 [JavaFX Application Thread] DEBUG PrimaryStageWindow   - GameScene <- DialogSubScene
09:48:12.895 [JavaFX Application Thread] DEBUG PrimaryStageWindow   - Push state: DialogSubScene
09:48:12.895 [JavaFX Application Thread] DEBUG Input                - Clearing active input actions
09:48:12.896 [JavaFX Application Thread] DEBUG GameApplicationServi - Removing overlay from GameScene and adding to DialogSubScene
09:48:12.896 [JavaFX Application Thread] DEBUG PrimaryStageWindow   - GameScene -> DialogSubScene
09:48:14.181 [JavaFX Application Thread] DEBUG PrimaryStageWindow   - Pop state: DialogSubScene
09:48:14.184 [JavaFX Application Thread] DEBUG Input                - Clearing active input actions
09:48:14.187 [JavaFX Application Thread] DEBUG GameApplicationServi - Removing overlay from DialogSubScene and adding to GameScene
09:48:14.188 [JavaFX Application Thread] DEBUG PrimaryStageWindow   - GameScene <- DialogSubScene
09:49:48.464 [JavaFX Application Thread] DEBUG PrimaryStageWindow   - Push state: DialogSubScene
09:49:48.464 [JavaFX Application Thread] DEBUG Input                - Clearing active input actions
09:49:48.466 [JavaFX Application Thread] DEBUG GameApplicationServi - Removing overlay from GameScene and adding to DialogSubScene
09:49:48.466 [JavaFX Application Thread] DEBUG PrimaryStageWindow   - GameScene -> DialogSubScene
09:49:49.842 [JavaFX Application Thread] DEBUG PrimaryStageWindow   - Pop state: DialogSubScene
09:49:49.842 [JavaFX Application Thread] DEBUG Input                - Clearing active input actions
09:49:49.843 [JavaFX Application Thread] DEBUG GameApplicationServi - Removing overlay from DialogSubScene and adding to GameScene
09:49:49.844 [JavaFX Application Thread] DEBUG PrimaryStageWindow   - GameScene <- DialogSubScene
09:50:04.163 [JavaFX Application Thread] DEBUG PrimaryStageWindow   - Push state: DialogSubScene
09:50:04.164 [JavaFX Application Thread] DEBUG Input                - Clearing active input actions
09:50:04.167 [JavaFX Application Thread] DEBUG GameApplicationServi - Removing overlay from GameScene and adding to DialogSubScene
09:50:04.168 [JavaFX Application Thread] DEBUG PrimaryStageWindow   - GameScene -> DialogSubScene
09:50:12.014 [JavaFX Application Thread] DEBUG FXGLApplication      - Exiting FXGL
09:50:12.014 [JavaFX Application Thread] DEBUG LoopRunner           - Stopping loop
09:50:12.014 [JavaFX Application Thread] DEBUG SystemBundleService  - Saving FXGL system data
09:50:12.021 [JavaFX Application Thread] DEBUG FileSystemAccess     - Writing to: C:\Users\admin\OneDrive\Máy tính\btl\baitaplonOOP\system\fxgl.bundle
09:50:12.024 [JavaFX Application Thread] DEBUG Async                - Shutting down background threads
09:50:12.025 [JavaFX Application Thread] DEBUG PrimaryStageWindow   - Closing main window
09:50:12.052 [JavaFX Application Thread] DEBUG Logger               - Closing Logger
