13:26:28.318 [main                     ] DEBUG Logger               - Configured Logger
13:26:28.339 [main                     ] DEBUG GameApplication      - Logging settings
Title: Bomberman Game
Version: 1.0
Width: 480
Height: 480
Fullscreen: false
Intro: false
Profiling: false
Single step:false
App Mode: DEVELOPER
Menu Key: ESCAPE
Stage Style: DECORATED
Scene Factory: class org.example.demo.BombermanApp$1

13:26:28.633 [JavaFX Application Thread] DEBUG FXGLApplication      - Initializing FXGL
13:26:28.637 [JavaFX Application Thread] INFO  Engine               - FXGL-17.3 (30.03.2023 11.49) on WINDOWS (J:23.0.2 FX:17.0.6)
13:26:28.637 [JavaFX Application Thread] DEBUG Engine               - JRE Vendor Name: Oracle Corporation
13:26:28.637 [JavaFX Application Thread] DEBUG Engine               - Running on OS: Windows 11 version 10.0
13:26:28.637 [JavaFX Application Thread] DEBUG Engine               - Architecture: amd64
13:26:28.637 [JavaFX Application Thread] INFO  Engine               - Source code and latest versions at: https://github.com/AlmasB/FXGL
13:26:28.637 [JavaFX Application Thread] INFO  Engine               -       Ask questions and discuss at: https://github.com/AlmasB/FXGL/discussions
13:26:28.637 [JavaFX Application Thread] INFO  Engine               -              Join the FXGL chat at: https://gitter.im/AlmasB/FXGL
13:26:28.707 [JavaFX Application Thread] DEBUG PrimaryStageWindow   - Creating a JavaFX scene
13:26:28.751 [JavaFX Application Thread] DEBUG PrimaryStageWindow   - Target settings size: 480.0 x 480.0
13:26:28.751 [JavaFX Application Thread] DEBUG PrimaryStageWindow   - Scaled scene size:    480.0 x 480.0
13:26:28.752 [JavaFX Application Thread] DEBUG PrimaryStageWindow   - Scaled ratio: (1.0, 1.0)
13:26:28.752 [JavaFX Application Thread] DEBUG PrimaryStageWindow   - Set initial scene to FXGLStartupScene
13:26:28.760 [JavaFX Application Thread] DEBUG PrimaryStageWindow   - Opening main window
13:26:28.828 [JavaFX Application Thread] DEBUG PrimaryStageWindow   - Window border size: (14.666656494140625, 37.33331298828125)
13:26:28.828 [JavaFX Application Thread] DEBUG PrimaryStageWindow   - Scaled size: 480.0 x 480.0
13:26:28.828 [JavaFX Application Thread] DEBUG PrimaryStageWindow   - Scaled ratio: (1.0, 1.0)
13:26:28.828 [JavaFX Application Thread] DEBUG PrimaryStageWindow   - Scene size: 480.0 x 480.0
13:26:28.828 [JavaFX Application Thread] DEBUG PrimaryStageWindow   - Stage size: 494.6666564941406 x 517.3333129882812
13:26:28.835 [FXGL Background Thread 1 ] DEBUG Engine               - Initializing environment variables
13:26:28.903 [FXGL Background Thread 1 ] DEBUG FXGLAssetLoaderServi - User app class for loading assets: class org.example.demo.HelloApplication
13:26:28.903 [FXGL Background Thread 1 ] DEBUG GameApplicationServi - Applying CSS: fxgl_dark.css
13:26:28.904 [FXGL Background Thread 1 ] DEBUG FXGLAssetLoaderServi - Loading from file system: jar:file:///C:/Users/admin/.m2/repository/com/github/almasb/fxgl/17.3/fxgl-17.3.jar!/fxglassets/ui/css/fxgl_dark.css
13:26:28.948 [FXGL Background Thread 1 ] DEBUG GameApplicationServi - Initializing application scenes
13:26:28.985 [FXGL Background Thread 1 ] DEBUG GameWorld            - Game world initialized
13:26:29.049 [FXGL Background Thread 1 ] DEBUG PhysicsWorld         - Physics world initialized: appHeight=480, physics.ppm=50.0
13:26:29.049 [FXGL Background Thread 1 ] DEBUG PhysicsWorld         - Using strategy: BRUTE_FORCE
13:26:29.053 [FXGL Background Thread 1 ] DEBUG GameScene            - Game scene initialized: 480x480
13:26:29.069 [FXGL Background Thread 1 ] WARN  FXGL.DefaultMenu     - FXGLDefaultMenu is not designed for resolutions < 800x600
13:26:29.069 [FXGL Background Thread 1 ] DEBUG FXGL.DefaultMenu     - createMenuBodyGameMenu()
13:26:29.078 [FXGL Background Thread 1 ] DEBUG FXGL.DefaultMenu     - createOptionsMenu()
13:26:29.086 [FXGL Background Thread 1 ] DEBUG FXGLAssetLoaderServi - Loading from file system: jar:file:///C:/Users/admin/.m2/repository/com/github/almasb/fxgl/17.3/fxgl-17.3.jar!/fxglassets/textures/particles/smoke.png
13:26:29.168 [FXGL Background Thread 1 ] DEBUG FXGLAssetLoaderServi - Loading from file system: jar:file:///C:/Users/admin/.m2/repository/com/github/almasb/fxgl/17.3/fxgl-17.3.jar!/fxglassets/textures/particles/trace_horizontal.png
13:26:29.194 [FXGL Background Thread 1 ] DEBUG GameApplicationServi - Application scenes initialized
13:26:29.204 [FXGL Background Thread 1 ] DEBUG SystemBundleService  - Loading FXGL system data
13:26:29.207 [FXGL Background Thread 1 ] DEBUG FileSystemAccess     - Reading from: C:\Users\admin\OneDrive\Máy tính\btl\baitaplonOOP\system\fxgl.bundle
13:26:29.213 [FXGL Background Thread 1 ] DEBUG SystemBundleService  - Bundle FXGL: {}
13:26:29.213 [FXGL Background Thread 1 ] DEBUG UpdaterService       - Checking for updates
13:26:29.218 [FXGL Background Thread 4 ] DEBUG FXGLApplication      - Loading fonts
13:26:29.219 [FXGL Background Thread 4 ] DEBUG FXGLAssetLoaderServi - Loading from file system: jar:file:///C:/Users/admin/.m2/repository/com/github/almasb/fxgl/17.3/fxgl-17.3.jar!/fxglassets/ui/fonts/VarelaRound-Regular.ttf
13:26:29.221 [FXGL Background Thread 1 ] DEBUG FXGLApplication      - Loading default localization
13:26:29.221 [FXGL Background Thread 1 ] DEBUG FXGLAssetLoaderServi - Loading from file system: jar:file:///C:/Users/admin/.m2/repository/com/github/almasb/fxgl/17.3/fxgl-17.3.jar!/fxglassets/languages/english.lang
13:26:29.246 [FXGL Background Thread 1 ] INFO  FXGLApplication      - FXGL initialization took: 0.411 sec
13:26:29.249 [JavaFX Application Thread] DEBUG Input                - Clearing active input actions
13:26:29.256 [JavaFX Application Thread] DEBUG Input                - Registered new binding: Move Up - W
13:26:29.256 [JavaFX Application Thread] DEBUG Input                - Registered new binding: Move Down - S
13:26:29.256 [JavaFX Application Thread] DEBUG Input                - Registered new binding: Move Left - A
13:26:29.256 [JavaFX Application Thread] DEBUG Input                - Registered new binding: Move Right - D
13:26:29.257 [JavaFX Application Thread] DEBUG Input                - Registered new binding: Đặt bom - Space
13:26:29.257 [JavaFX Application Thread] DEBUG FXGLAssetLoaderServi - Loading from file system: jar:file:///C:/Users/admin/.m2/repository/com/github/almasb/fxgl/17.3/fxgl-17.3.jar!/fxglassets/textures/fxgl_icon.png
13:26:29.265 [FXGL Background Thread 4 ] DEBUG FXGLAssetLoaderServi - Loading from file system: jar:file:///C:/Users/admin/.m2/repository/com/github/almasb/fxgl/17.3/fxgl-17.3.jar!/fxglassets/ui/fonts/Abel-Regular.ttf
13:26:29.277 [JavaFX Application Thread] DEBUG FXGLAssetLoaderServi - Loading from file system: jar:file:///C:/Users/admin/.m2/repository/com/github/almasb/fxgl/17.3/fxgl-17.3.jar!/fxglassets/textures/fxgl_default_cursor.png
13:26:29.280 [JavaFX Application Thread] DEBUG Input                - Registered new binding: Screenshot - CTRL+8
13:26:29.280 [JavaFX Application Thread] DEBUG Input                - Registered new binding: System info dump - CTRL+9
13:26:29.280 [JavaFX Application Thread] DEBUG Input                - Registered new binding: Restart - CTRL+R
13:26:29.282 [FXGL Background Thread 4 ] DEBUG FXGLAssetLoaderServi - Loading from file system: jar:file:///C:/Users/admin/.m2/repository/com/github/almasb/fxgl/17.3/fxgl-17.3.jar!/fxglassets/ui/fonts/TerminalLandMono-Regular.otf
13:26:29.282 [JavaFX Application Thread] DEBUG Input                - Registered new binding: Toggle Debug Camera - CTRL+7
13:26:29.284 [JavaFX Application Thread] DEBUG LoopRunner           - Starting loop
13:26:29.285 [JavaFX Application Thread] DEBUG LoopRunner           - Initializing JavaFX AnimationTimerLoop
13:26:29.287 [JavaFX Application Thread] DEBUG Input                - Clearing active input actions
13:26:29.294 [JavaFX Application Thread] DEBUG GameApplicationServi - Removing overlay from FXGLStartupScene and adding to FXGLMainMenuDummyScene
13:26:29.295 [JavaFX Application Thread] DEBUG PrimaryStageWindow   - FXGLStartupScene -> FXGLMainMenuDummyScene
13:26:29.295 [JavaFX Application Thread] DEBUG PrimaryStageWindow   - Push state: ViewMenu
13:26:29.295 [JavaFX Application Thread] DEBUG Input                - Clearing active input actions
13:26:29.297 [FXGL Background Thread 4 ] DEBUG FXGLAssetLoaderServi - Loading from file system: jar:file:///C:/Users/admin/.m2/repository/com/github/almasb/fxgl/17.3/fxgl-17.3.jar!/fxglassets/ui/fonts/Courier-Prime.ttf
13:26:29.303 [JavaFX Application Thread] DEBUG GameApplicationServi - Removing overlay from FXGLMainMenuDummyScene and adding to ViewMenu
13:26:29.303 [JavaFX Application Thread] DEBUG PrimaryStageWindow   - FXGLMainMenuDummyScene -> ViewMenu
13:26:29.370 [JavaFX Application Thread] DEBUG FXGLApplication      - Registering font factories with UI factory
13:26:30.101 [FXGL Background Thread 2 ] INFO  UpdaterService       - Your current version:  17.3
13:26:30.102 [FXGL Background Thread 2 ] INFO  UpdaterService       - Latest stable version: 21.1
13:26:31.291 [JavaFX Application Thread] DEBUG GameApplicationServi - Starting new game
13:26:31.291 [JavaFX Application Thread] DEBUG PrimaryStageWindow   - Pop state: ViewMenu
13:26:31.292 [JavaFX Application Thread] DEBUG Input                - Clearing active input actions
13:26:31.293 [JavaFX Application Thread] DEBUG GameApplicationServi - Removing overlay from ViewMenu and adding to FXGLMainMenuDummyScene
13:26:31.295 [JavaFX Application Thread] DEBUG PrimaryStageWindow   - FXGLMainMenuDummyScene <- ViewMenu
13:26:31.295 [JavaFX Application Thread] DEBUG Input                - Clearing active input actions
13:26:31.316 [JavaFX Application Thread] DEBUG GameApplicationServi - Removing overlay from FXGLMainMenuDummyScene and adding to FXGLLoadingScene
13:26:31.316 [JavaFX Application Thread] DEBUG PrimaryStageWindow   - FXGLMainMenuDummyScene -> FXGLLoadingScene
13:26:31.316 [JavaFX Application Thread] DEBUG GameApplicationServi - Clearing previous game
13:26:31.316 [JavaFX Application Thread] DEBUG GameScene            - Clearing game scene
13:26:31.316 [JavaFX Application Thread] DEBUG GameWorld            - Clearing game world
13:26:31.316 [JavaFX Application Thread] DEBUG PhysicsWorld         - Clearing physics world
13:26:31.318 [FXGL Background Thread 2 ] DEBUG FXGLApplication      - Initializing game
13:26:31.551 [FXGL Background Thread 2 ] INFO  FXGLApplication      - Game initialization took: 0.233 sec
13:26:31.561 [JavaFX Application Thread] DEBUG Input                - Clearing active input actions
13:26:31.572 [JavaFX Application Thread] DEBUG GameApplicationServi - Removing overlay from FXGLLoadingScene and adding to GameScene
13:26:31.572 [JavaFX Application Thread] DEBUG PrimaryStageWindow   - FXGLLoadingScene -> GameScene
13:26:32.218 [FXGL Background Thread 3 ] DEBUG Engine               - Logging environment variables
13:26:32.219 [FXGL Background Thread 3 ] DEBUG Engine               - achievements: []
13:26:32.219 [FXGL Background Thread 3 ] DEBUG Engine               - actualHeight: 480.0
13:26:32.219 [FXGL Background Thread 3 ] DEBUG Engine               - actualHeightProperty: ReadOnlyDoubleProperty [value: 480.0]
13:26:32.219 [FXGL Background Thread 3 ] DEBUG Engine               - actualWidth: 480.0
13:26:32.219 [FXGL Background Thread 3 ] DEBUG Engine               - actualWidthProperty: ReadOnlyDoubleProperty [value: 480.0]
13:26:32.220 [FXGL Background Thread 3 ] DEBUG Engine               - appIcon: fxgl_icon.png
13:26:32.220 [FXGL Background Thread 3 ] DEBUG Engine               - applicationMode: DEVELOPER
13:26:32.220 [FXGL Background Thread 3 ] DEBUG Engine               - cSSList: [fxgl_dark.css]
13:26:32.220 [FXGL Background Thread 3 ] DEBUG Engine               - collisionDetectionStrategy: BRUTE_FORCE
13:26:32.220 [FXGL Background Thread 3 ] DEBUG Engine               - configClass: Optional.empty
13:26:32.220 [FXGL Background Thread 3 ] DEBUG Engine               - credits: []
13:26:32.220 [FXGL Background Thread 3 ] DEBUG Engine               - defaultCursor: CursorInfo(imageName=fxgl_default_cursor.png, hotspotX=7.0, hotspotY=6.0)
13:26:32.222 [FXGL Background Thread 3 ] DEBUG Engine               - devBBoxColorProperty: ObjectProperty [value: 0xff0000ff]
13:26:32.222 [FXGL Background Thread 3 ] DEBUG Engine               - devEnableDebugCameraProperty: BooleanProperty [value: false]
13:26:32.222 [FXGL Background Thread 3 ] DEBUG Engine               - devSensorColorProperty: ObjectProperty [value: 0xffff00ff]
13:26:32.222 [FXGL Background Thread 3 ] DEBUG Engine               - devShowBBoxProperty: BooleanProperty [value: false]
13:26:32.222 [FXGL Background Thread 3 ] DEBUG Engine               - devShowPositionProperty: BooleanProperty [value: false]
13:26:32.222 [FXGL Background Thread 3 ] DEBUG Engine               - enabledMenuItems: []
13:26:32.222 [FXGL Background Thread 3 ] DEBUG Engine               - engineServices: [class com.almasb.fxgl.app.services.FXGLAssetLoaderService, class com.almasb.fxgl.app.FXGLApplication$GameApplicationService, class com.almasb.fxgl.app.services.FXGLDialogService, class com.almasb.fxgl.app.services.IOTaskExecutorService, class com.almasb.fxgl.io.FileSystemService, class com.almasb.fxgl.localization.LocalizationService, class com.almasb.fxgl.app.services.SystemBundleService, class com.almasb.fxgl.profile.SaveLoadService, class com.almasb.fxgl.ui.FXGLUIFactoryServiceProvider, class com.almasb.fxgl.ui.FXGLDialogFactoryServiceProvider, class com.almasb.fxgl.audio.AudioPlayer, class com.almasb.fxgl.notification.impl.NotificationServiceProvider, class com.almasb.fxgl.achievement.AchievementService, class com.almasb.fxgl.cutscene.CutsceneService, class com.almasb.fxgl.minigames.MiniGameService, class com.almasb.fxgl.net.NetService, class com.almasb.fxgl.app.services.UpdaterService, class com.almasb.fxgl.dev.DevService]
13:26:32.222 [FXGL Background Thread 3 ] DEBUG Engine               - fontGame: Abel-Regular.ttf
13:26:32.223 [FXGL Background Thread 3 ] DEBUG Engine               - fontMono: TerminalLandMono-Regular.otf
13:26:32.223 [FXGL Background Thread 3 ] DEBUG Engine               - fontSizeScaleUI: 1.0
13:26:32.223 [FXGL Background Thread 3 ] DEBUG Engine               - fontText: Courier-Prime.ttf
13:26:32.223 [FXGL Background Thread 3 ] DEBUG Engine               - fontUI: VarelaRound-Regular.ttf
13:26:32.223 [FXGL Background Thread 3 ] DEBUG Engine               - fullScreen: BooleanProperty [value: false]
13:26:32.223 [FXGL Background Thread 3 ] DEBUG Engine               - gameDifficulty: MEDIUM
13:26:32.223 [FXGL Background Thread 3 ] DEBUG Engine               - gameDifficultyProperty: ObjectProperty [value: MEDIUM]
13:26:32.223 [FXGL Background Thread 3 ] DEBUG Engine               - globalMusicVolume: 0.5
13:26:32.223 [FXGL Background Thread 3 ] DEBUG Engine               - globalMusicVolumeProperty: DoubleProperty [value: 0.5]
13:26:32.223 [FXGL Background Thread 3 ] DEBUG Engine               - globalSoundVolume: 0.5
13:26:32.223 [FXGL Background Thread 3 ] DEBUG Engine               - globalSoundVolumeProperty: DoubleProperty [value: 0.5]
13:26:32.223 [FXGL Background Thread 3 ] DEBUG Engine               - height: 480
13:26:32.223 [FXGL Background Thread 3 ] DEBUG Engine               - is3D: false
13:26:32.224 [FXGL Background Thread 3 ] DEBUG Engine               - isAndroid: false
13:26:32.224 [FXGL Background Thread 3 ] DEBUG Engine               - isBrowser: false
13:26:32.224 [FXGL Background Thread 3 ] DEBUG Engine               - isClickFeedbackEnabled: false
13:26:32.224 [FXGL Background Thread 3 ] DEBUG Engine               - isCloseConfirmation: false
13:26:32.224 [FXGL Background Thread 3 ] DEBUG Engine               - isDesktop: true
13:26:32.224 [FXGL Background Thread 3 ] DEBUG Engine               - isDeveloperMenuEnabled: false
13:26:32.224 [FXGL Background Thread 3 ] DEBUG Engine               - isEmbedded: false
13:26:32.224 [FXGL Background Thread 3 ] DEBUG Engine               - isEntityPreloadEnabled: true
13:26:32.224 [FXGL Background Thread 3 ] DEBUG Engine               - isExperimentalTiledLargeMap: false
13:26:32.224 [FXGL Background Thread 3 ] DEBUG Engine               - isFileSystemWriteAllowed: true
13:26:32.224 [FXGL Background Thread 3 ] DEBUG Engine               - isFullScreenAllowed: false
13:26:32.224 [FXGL Background Thread 3 ] DEBUG Engine               - isFullScreenFromStart: false
13:26:32.224 [FXGL Background Thread 3 ] DEBUG Engine               - isGameMenuEnabled: true
13:26:32.224 [FXGL Background Thread 3 ] DEBUG Engine               - isIOS: false
13:26:32.224 [FXGL Background Thread 3 ] DEBUG Engine               - isIntroEnabled: false
13:26:32.224 [FXGL Background Thread 3 ] DEBUG Engine               - isLinux: false
13:26:32.224 [FXGL Background Thread 3 ] DEBUG Engine               - isMac: false
13:26:32.225 [FXGL Background Thread 3 ] DEBUG Engine               - isMainMenuEnabled: true
13:26:32.225 [FXGL Background Thread 3 ] DEBUG Engine               - isManualResizeEnabled: false
13:26:32.225 [FXGL Background Thread 3 ] DEBUG Engine               - isMobile: false
13:26:32.225 [FXGL Background Thread 3 ] DEBUG Engine               - isNative: false
13:26:32.225 [FXGL Background Thread 3 ] DEBUG Engine               - isPauseMusicWhenMinimized: true
13:26:32.225 [FXGL Background Thread 3 ] DEBUG Engine               - isPreserveResizeRatio: false
13:26:32.225 [FXGL Background Thread 3 ] DEBUG Engine               - isProfilingEnabled: false
13:26:32.225 [FXGL Background Thread 3 ] DEBUG Engine               - isScaleAffectedOnResize: true
13:26:32.225 [FXGL Background Thread 3 ] DEBUG Engine               - isSingleStep: false
13:26:32.225 [FXGL Background Thread 3 ] DEBUG Engine               - isUserProfileEnabled: false
13:26:32.225 [FXGL Background Thread 3 ] DEBUG Engine               - isWindows: true
13:26:32.225 [FXGL Background Thread 3 ] DEBUG Engine               - language: ObjectProperty [value: ENGLISH]
13:26:32.225 [FXGL Background Thread 3 ] DEBUG Engine               - menuKey: ESCAPE
13:26:32.225 [FXGL Background Thread 3 ] DEBUG Engine               - mouseSensitivity: 0.2
13:26:32.225 [FXGL Background Thread 3 ] DEBUG Engine               - notificationViewClass: class com.almasb.fxgl.notification.view.XboxNotificationView
13:26:32.225 [FXGL Background Thread 3 ] DEBUG Engine               - pixelsPerMeter: 50.0
13:26:32.225 [FXGL Background Thread 3 ] DEBUG Engine               - platform: WINDOWS
13:26:32.225 [FXGL Background Thread 3 ] DEBUG Engine               - prefHeightProperty: ReadOnlyDoubleProperty [value: 480.0]
13:26:32.225 [FXGL Background Thread 3 ] DEBUG Engine               - prefWidthProperty: ReadOnlyDoubleProperty [value: 480.0]
13:26:32.225 [FXGL Background Thread 3 ] DEBUG Engine               - profileDir: profiles/
13:26:32.225 [FXGL Background Thread 3 ] DEBUG Engine               - profileName: StringProperty [value: DEFAULT]
13:26:32.225 [FXGL Background Thread 3 ] DEBUG Engine               - randomSeed: -1
13:26:32.226 [FXGL Background Thread 3 ] DEBUG Engine               - runtimeInfo: RuntimeInfo(platform=WINDOWS, version=17.3, build=30.03.2023 11.49)
13:26:32.226 [FXGL Background Thread 3 ] DEBUG Engine               - saveFileExt: sav
13:26:32.226 [FXGL Background Thread 3 ] DEBUG Engine               - scaledHeightProp$fxgl: DoubleProperty [bound, value: 480.0]
13:26:32.226 [FXGL Background Thread 3 ] DEBUG Engine               - scaledWidthProp$fxgl: DoubleProperty [bound, value: 480.0]
13:26:32.226 [FXGL Background Thread 3 ] DEBUG Engine               - sceneFactory: org.example.demo.BombermanApp$1@421c4520
13:26:32.226 [FXGL Background Thread 3 ] DEBUG Engine               - secondsIn24h: 60
13:26:32.226 [FXGL Background Thread 3 ] DEBUG Engine               - soundMenuBack: menu/back.wav
13:26:32.226 [FXGL Background Thread 3 ] DEBUG Engine               - soundMenuPress: menu/press.wav
13:26:32.226 [FXGL Background Thread 3 ] DEBUG Engine               - soundMenuSelect: menu/select.wav
13:26:32.226 [FXGL Background Thread 3 ] DEBUG Engine               - soundNotification: core/notification.wav
13:26:32.226 [FXGL Background Thread 3 ] DEBUG Engine               - stageStyle: DECORATED
13:26:32.228 [FXGL Background Thread 3 ] DEBUG Engine               - supportedLanguages: [ENGLISH, FRENCH, GERMAN, HUNGARIAN, RUSSIAN]
13:26:32.228 [FXGL Background Thread 3 ] DEBUG Engine               - ticksPerSecond: -1
13:26:32.228 [FXGL Background Thread 3 ] DEBUG Engine               - title: Bomberman Game
13:26:32.228 [FXGL Background Thread 3 ] DEBUG Engine               - urlGithub: https://github.com/AlmasB/FXGL
13:26:32.228 [FXGL Background Thread 3 ] DEBUG Engine               - urlLeaderboard: http://fxgl-top.herokuapp.com/
13:26:32.228 [FXGL Background Thread 3 ] DEBUG Engine               - urlPOM: https://raw.githubusercontent.com/AlmasB/FXGL/release/README.md
13:26:32.228 [FXGL Background Thread 3 ] DEBUG Engine               - userAppClass: class org.example.demo.HelloApplication
13:26:32.228 [FXGL Background Thread 3 ] DEBUG Engine               - version: 1.0
13:26:32.228 [FXGL Background Thread 3 ] DEBUG Engine               - versionCheckDays: 7
13:26:32.228 [FXGL Background Thread 3 ] DEBUG Engine               - width: 480
13:26:32.228 [FXGL Background Thread 3 ] DEBUG Engine               - Logging services
13:26:32.228 [FXGL Background Thread 3 ] DEBUG Engine               - class com.almasb.fxgl.app.services.FXGLAssetLoaderService
13:26:32.228 [FXGL Background Thread 3 ] DEBUG Engine               - class com.almasb.fxgl.app.FXGLApplication$GameApplicationService
13:26:32.228 [FXGL Background Thread 3 ] DEBUG Engine               - class com.almasb.fxgl.app.services.FXGLDialogService
13:26:32.229 [FXGL Background Thread 3 ] DEBUG Engine               - class com.almasb.fxgl.app.services.IOTaskExecutorService
13:26:32.229 [FXGL Background Thread 3 ] DEBUG Engine               - class com.almasb.fxgl.io.FileSystemService
13:26:32.229 [FXGL Background Thread 3 ] DEBUG Engine               - class com.almasb.fxgl.localization.LocalizationService
13:26:32.229 [FXGL Background Thread 3 ] DEBUG Engine               - class com.almasb.fxgl.app.services.SystemBundleService
13:26:32.229 [FXGL Background Thread 3 ] DEBUG Engine               - class com.almasb.fxgl.profile.SaveLoadService
13:26:32.229 [FXGL Background Thread 3 ] DEBUG Engine               - class com.almasb.fxgl.ui.FXGLUIFactoryServiceProvider
13:26:32.229 [FXGL Background Thread 3 ] DEBUG Engine               - class com.almasb.fxgl.ui.FXGLDialogFactoryServiceProvider
13:26:32.229 [FXGL Background Thread 3 ] DEBUG Engine               - class com.almasb.fxgl.audio.AudioPlayer
13:26:32.229 [FXGL Background Thread 3 ] DEBUG Engine               - class com.almasb.fxgl.notification.impl.NotificationServiceProvider
13:26:32.229 [FXGL Background Thread 3 ] DEBUG Engine               - class com.almasb.fxgl.achievement.AchievementService
13:26:32.229 [FXGL Background Thread 3 ] DEBUG Engine               - class com.almasb.fxgl.cutscene.CutsceneService
13:26:32.229 [FXGL Background Thread 3 ] DEBUG Engine               - class com.almasb.fxgl.minigames.MiniGameService
13:26:32.229 [FXGL Background Thread 3 ] DEBUG Engine               - class com.almasb.fxgl.net.NetService
13:26:32.229 [FXGL Background Thread 3 ] DEBUG Engine               - class com.almasb.fxgl.app.services.UpdaterService
13:26:32.229 [FXGL Background Thread 3 ] DEBUG Engine               - class com.almasb.fxgl.dev.DevService
13:26:34.969 [JavaFX Application Thread] DEBUG PrimaryStageWindow   - Push state: DialogSubScene
13:26:34.969 [JavaFX Application Thread] DEBUG Input                - Clearing active input actions
13:26:34.970 [JavaFX Application Thread] DEBUG GameApplicationServi - Removing overlay from GameScene and adding to DialogSubScene
13:26:34.970 [JavaFX Application Thread] DEBUG PrimaryStageWindow   - GameScene -> DialogSubScene
13:26:38.552 [JavaFX Application Thread] DEBUG GameApplicationServi - Starting new game
13:26:38.553 [JavaFX Application Thread] DEBUG PrimaryStageWindow   - Pop state: DialogSubScene
13:26:38.553 [JavaFX Application Thread] DEBUG Input                - Clearing active input actions
13:26:38.554 [JavaFX Application Thread] DEBUG GameApplicationServi - Removing overlay from DialogSubScene and adding to GameScene
13:26:38.554 [JavaFX Application Thread] DEBUG PrimaryStageWindow   - GameScene <- DialogSubScene
13:26:38.554 [JavaFX Application Thread] DEBUG Input                - Clearing active input actions
13:26:38.561 [JavaFX Application Thread] DEBUG GameApplicationServi - Removing overlay from GameScene and adding to FXGLLoadingScene
13:26:38.562 [JavaFX Application Thread] DEBUG PrimaryStageWindow   - GameScene -> FXGLLoadingScene
13:26:38.562 [JavaFX Application Thread] DEBUG GameApplicationServi - Clearing previous game
13:26:38.562 [JavaFX Application Thread] DEBUG GameScene            - Clearing game scene
13:26:38.562 [JavaFX Application Thread] DEBUG GameWorld            - Clearing game world
13:26:38.574 [JavaFX Application Thread] DEBUG PhysicsWorld         - Clearing physics world
13:26:38.576 [FXGL Background Thread 2 ] DEBUG FXGLApplication      - Initializing game
13:26:38.656 [FXGL Background Thread 2 ] INFO  FXGLApplication      - Game initialization took: 0.081 sec
13:26:38.661 [JavaFX Application Thread] DEBUG Input                - Clearing active input actions
13:26:38.668 [JavaFX Application Thread] DEBUG GameApplicationServi - Removing overlay from FXGLLoadingScene and adding to GameScene
13:26:38.668 [JavaFX Application Thread] DEBUG PrimaryStageWindow   - FXGLLoadingScene -> GameScene
13:26:43.958 [JavaFX Application Thread] DEBUG PrimaryStageWindow   - Push state: DialogSubScene
13:26:43.958 [JavaFX Application Thread] DEBUG Input                - Clearing active input actions
13:26:43.959 [JavaFX Application Thread] DEBUG GameApplicationServi - Removing overlay from GameScene and adding to DialogSubScene
13:26:43.959 [JavaFX Application Thread] DEBUG PrimaryStageWindow   - GameScene -> DialogSubScene
13:26:45.569 [JavaFX Application Thread] DEBUG PrimaryStageWindow   - Pop state: DialogSubScene
13:26:45.569 [JavaFX Application Thread] DEBUG Input                - Clearing active input actions
13:26:45.571 [JavaFX Application Thread] DEBUG GameApplicationServi - Removing overlay from DialogSubScene and adding to GameScene
13:26:45.572 [JavaFX Application Thread] DEBUG PrimaryStageWindow   - GameScene <- DialogSubScene
13:26:51.903 [JavaFX Application Thread] DEBUG PrimaryStageWindow   - Push state: DialogSubScene
13:26:51.904 [JavaFX Application Thread] DEBUG Input                - Clearing active input actions
13:26:51.904 [JavaFX Application Thread] DEBUG GameApplicationServi - Removing overlay from GameScene and adding to DialogSubScene
13:26:51.904 [JavaFX Application Thread] DEBUG PrimaryStageWindow   - GameScene -> DialogSubScene
13:26:53.495 [JavaFX Application Thread] DEBUG PrimaryStageWindow   - Pop state: DialogSubScene
13:26:53.495 [JavaFX Application Thread] DEBUG Input                - Clearing active input actions
13:26:53.496 [JavaFX Application Thread] DEBUG GameApplicationServi - Removing overlay from DialogSubScene and adding to GameScene
13:26:53.496 [JavaFX Application Thread] DEBUG PrimaryStageWindow   - GameScene <- DialogSubScene
13:26:55.839 [JavaFX Application Thread] DEBUG PrimaryStageWindow   - Push state: DialogSubScene
13:26:55.839 [JavaFX Application Thread] DEBUG Input                - Clearing active input actions
13:26:55.841 [JavaFX Application Thread] DEBUG GameApplicationServi - Removing overlay from GameScene and adding to DialogSubScene
13:26:55.841 [JavaFX Application Thread] DEBUG PrimaryStageWindow   - GameScene -> DialogSubScene
13:26:58.326 [JavaFX Application Thread] DEBUG GameApplicationServi - Starting new game
13:26:58.326 [JavaFX Application Thread] DEBUG PrimaryStageWindow   - Pop state: DialogSubScene
13:26:58.326 [JavaFX Application Thread] DEBUG Input                - Clearing active input actions
13:26:58.327 [JavaFX Application Thread] DEBUG GameApplicationServi - Removing overlay from DialogSubScene and adding to GameScene
13:26:58.328 [JavaFX Application Thread] DEBUG PrimaryStageWindow   - GameScene <- DialogSubScene
13:26:58.328 [JavaFX Application Thread] DEBUG Input                - Clearing active input actions
13:26:58.343 [JavaFX Application Thread] DEBUG GameApplicationServi - Removing overlay from GameScene and adding to FXGLLoadingScene
13:26:58.343 [JavaFX Application Thread] DEBUG PrimaryStageWindow   - GameScene -> FXGLLoadingScene
13:26:58.343 [JavaFX Application Thread] DEBUG GameApplicationServi - Clearing previous game
13:26:58.343 [JavaFX Application Thread] DEBUG GameScene            - Clearing game scene
13:26:58.343 [JavaFX Application Thread] DEBUG GameWorld            - Clearing game world
13:26:58.348 [JavaFX Application Thread] DEBUG PhysicsWorld         - Clearing physics world
13:26:58.349 [FXGL Background Thread 2 ] DEBUG FXGLApplication      - Initializing game
13:26:58.419 [FXGL Background Thread 2 ] INFO  FXGLApplication      - Game initialization took: 0.070 sec
13:26:58.424 [JavaFX Application Thread] DEBUG Input                - Clearing active input actions
13:26:58.428 [JavaFX Application Thread] DEBUG GameApplicationServi - Removing overlay from FXGLLoadingScene and adding to GameScene
13:26:58.428 [JavaFX Application Thread] DEBUG PrimaryStageWindow   - FXGLLoadingScene -> GameScene
13:27:08.480 [JavaFX Application Thread] DEBUG PrimaryStageWindow   - Push state: DialogSubScene
13:27:08.480 [JavaFX Application Thread] DEBUG Input                - Clearing active input actions
13:27:08.482 [JavaFX Application Thread] DEBUG GameApplicationServi - Removing overlay from GameScene and adding to DialogSubScene
13:27:08.482 [JavaFX Application Thread] DEBUG PrimaryStageWindow   - GameScene -> DialogSubScene
13:27:10.559 [JavaFX Application Thread] DEBUG PrimaryStageWindow   - Pop state: DialogSubScene
13:27:10.559 [JavaFX Application Thread] DEBUG Input                - Clearing active input actions
13:27:10.559 [JavaFX Application Thread] DEBUG GameApplicationServi - Removing overlay from DialogSubScene and adding to GameScene
13:27:10.559 [JavaFX Application Thread] DEBUG PrimaryStageWindow   - GameScene <- DialogSubScene
13:27:17.874 [JavaFX Application Thread] DEBUG PrimaryStageWindow   - Push state: DialogSubScene
13:27:17.874 [JavaFX Application Thread] DEBUG Input                - Clearing active input actions
13:27:17.875 [JavaFX Application Thread] DEBUG GameApplicationServi - Removing overlay from GameScene and adding to DialogSubScene
13:27:17.875 [JavaFX Application Thread] DEBUG PrimaryStageWindow   - GameScene -> DialogSubScene
13:27:19.105 [JavaFX Application Thread] DEBUG PrimaryStageWindow   - Pop state: DialogSubScene
13:27:19.105 [JavaFX Application Thread] DEBUG Input                - Clearing active input actions
13:27:19.105 [JavaFX Application Thread] DEBUG GameApplicationServi - Removing overlay from DialogSubScene and adding to GameScene
13:27:19.106 [JavaFX Application Thread] DEBUG PrimaryStageWindow   - GameScene <- DialogSubScene
13:27:20.271 [JavaFX Application Thread] DEBUG PrimaryStageWindow   - Push state: DialogSubScene
13:27:20.271 [JavaFX Application Thread] DEBUG Input                - Clearing active input actions
13:27:20.271 [JavaFX Application Thread] DEBUG GameApplicationServi - Removing overlay from GameScene and adding to DialogSubScene
13:27:20.271 [JavaFX Application Thread] DEBUG PrimaryStageWindow   - GameScene -> DialogSubScene
13:27:21.688 [JavaFX Application Thread] DEBUG PrimaryStageWindow   - Pop state: DialogSubScene
13:27:21.688 [JavaFX Application Thread] DEBUG Input                - Clearing active input actions
13:27:21.689 [JavaFX Application Thread] DEBUG GameApplicationServi - Removing overlay from DialogSubScene and adding to GameScene
13:27:21.689 [JavaFX Application Thread] DEBUG PrimaryStageWindow   - GameScene <- DialogSubScene
13:27:24.433 [JavaFX Application Thread] DEBUG PrimaryStageWindow   - Push state: DialogSubScene
13:27:24.433 [JavaFX Application Thread] DEBUG Input                - Clearing active input actions
13:27:24.433 [JavaFX Application Thread] DEBUG GameApplicationServi - Removing overlay from GameScene and adding to DialogSubScene
13:27:24.434 [JavaFX Application Thread] DEBUG PrimaryStageWindow   - GameScene -> DialogSubScene
13:27:26.247 [JavaFX Application Thread] DEBUG PrimaryStageWindow   - Pop state: DialogSubScene
13:27:26.247 [JavaFX Application Thread] DEBUG Input                - Clearing active input actions
13:27:26.247 [JavaFX Application Thread] DEBUG GameApplicationServi - Removing overlay from DialogSubScene and adding to GameScene
13:27:26.247 [JavaFX Application Thread] DEBUG PrimaryStageWindow   - GameScene <- DialogSubScene
13:27:33.719 [JavaFX Application Thread] DEBUG PrimaryStageWindow   - Push state: DialogSubScene
13:27:33.719 [JavaFX Application Thread] DEBUG Input                - Clearing active input actions
13:27:33.720 [JavaFX Application Thread] DEBUG GameApplicationServi - Removing overlay from GameScene and adding to DialogSubScene
13:27:33.720 [JavaFX Application Thread] DEBUG PrimaryStageWindow   - GameScene -> DialogSubScene
13:27:35.725 [JavaFX Application Thread] DEBUG GameApplicationServi - Starting new game
13:27:35.725 [JavaFX Application Thread] DEBUG PrimaryStageWindow   - Pop state: DialogSubScene
13:27:35.725 [JavaFX Application Thread] DEBUG Input                - Clearing active input actions
13:27:35.726 [JavaFX Application Thread] DEBUG GameApplicationServi - Removing overlay from DialogSubScene and adding to GameScene
13:27:35.726 [JavaFX Application Thread] DEBUG PrimaryStageWindow   - GameScene <- DialogSubScene
13:27:35.726 [JavaFX Application Thread] DEBUG Input                - Clearing active input actions
13:27:35.738 [JavaFX Application Thread] DEBUG GameApplicationServi - Removing overlay from GameScene and adding to FXGLLoadingScene
13:27:35.738 [JavaFX Application Thread] DEBUG PrimaryStageWindow   - GameScene -> FXGLLoadingScene
13:27:35.738 [JavaFX Application Thread] DEBUG GameApplicationServi - Clearing previous game
13:27:35.738 [JavaFX Application Thread] DEBUG GameScene            - Clearing game scene
13:27:35.738 [JavaFX Application Thread] DEBUG GameWorld            - Clearing game world
13:27:35.742 [JavaFX Application Thread] DEBUG PhysicsWorld         - Clearing physics world
13:27:35.743 [FXGL Background Thread 2 ] DEBUG FXGLApplication      - Initializing game
13:27:35.799 [FXGL Background Thread 2 ] INFO  FXGLApplication      - Game initialization took: 0.057 sec
13:27:35.802 [JavaFX Application Thread] DEBUG Input                - Clearing active input actions
13:27:35.805 [JavaFX Application Thread] DEBUG GameApplicationServi - Removing overlay from FXGLLoadingScene and adding to GameScene
13:27:35.805 [JavaFX Application Thread] DEBUG PrimaryStageWindow   - FXGLLoadingScene -> GameScene
13:27:38.691 [JavaFX Application Thread] DEBUG PrimaryStageWindow   - Push state: DialogSubScene
13:27:38.691 [JavaFX Application Thread] DEBUG Input                - Clearing active input actions
13:27:38.693 [JavaFX Application Thread] DEBUG GameApplicationServi - Removing overlay from GameScene and adding to DialogSubScene
13:27:38.693 [JavaFX Application Thread] DEBUG PrimaryStageWindow   - GameScene -> DialogSubScene
13:27:40.241 [JavaFX Application Thread] DEBUG PrimaryStageWindow   - Pop state: DialogSubScene
13:27:40.241 [JavaFX Application Thread] DEBUG Input                - Clearing active input actions
13:27:40.242 [JavaFX Application Thread] DEBUG GameApplicationServi - Removing overlay from DialogSubScene and adding to GameScene
13:27:40.242 [JavaFX Application Thread] DEBUG PrimaryStageWindow   - GameScene <- DialogSubScene
13:27:40.242 [JavaFX Application Thread] DEBUG Input                - Clearing active input actions
13:27:40.250 [JavaFX Application Thread] DEBUG GameApplicationServi - Removing overlay from GameScene and adding to FXGLMainMenuDummyScene
13:27:40.250 [JavaFX Application Thread] DEBUG PrimaryStageWindow   - GameScene -> FXGLMainMenuDummyScene
13:27:40.250 [JavaFX Application Thread] DEBUG PrimaryStageWindow   - Push state: ViewMenu
13:27:40.250 [JavaFX Application Thread] DEBUG Input                - Clearing active input actions
13:27:40.254 [JavaFX Application Thread] DEBUG GameApplicationServi - Removing overlay from FXGLMainMenuDummyScene and adding to ViewMenu
13:27:40.254 [JavaFX Application Thread] DEBUG PrimaryStageWindow   - FXGLMainMenuDummyScene -> ViewMenu
13:27:41.973 [JavaFX Application Thread] DEBUG GameApplicationServi - Starting new game
13:27:41.973 [JavaFX Application Thread] DEBUG PrimaryStageWindow   - Pop state: ViewMenu
13:27:41.973 [JavaFX Application Thread] DEBUG Input                - Clearing active input actions
13:27:41.974 [JavaFX Application Thread] DEBUG GameApplicationServi - Removing overlay from ViewMenu and adding to FXGLMainMenuDummyScene
13:27:41.974 [JavaFX Application Thread] DEBUG PrimaryStageWindow   - FXGLMainMenuDummyScene <- ViewMenu
13:27:41.974 [JavaFX Application Thread] DEBUG Input                - Clearing active input actions
13:27:41.977 [JavaFX Application Thread] DEBUG GameApplicationServi - Removing overlay from FXGLMainMenuDummyScene and adding to FXGLLoadingScene
13:27:41.977 [JavaFX Application Thread] DEBUG PrimaryStageWindow   - FXGLMainMenuDummyScene -> FXGLLoadingScene
13:27:41.977 [JavaFX Application Thread] DEBUG GameApplicationServi - Clearing previous game
13:27:41.977 [JavaFX Application Thread] DEBUG GameScene            - Clearing game scene
13:27:41.977 [JavaFX Application Thread] DEBUG GameWorld            - Clearing game world
13:27:41.979 [JavaFX Application Thread] DEBUG PhysicsWorld         - Clearing physics world
13:27:41.980 [FXGL Background Thread 2 ] DEBUG FXGLApplication      - Initializing game
13:27:42.033 [FXGL Background Thread 2 ] INFO  FXGLApplication      - Game initialization took: 0.053 sec
13:27:42.035 [JavaFX Application Thread] DEBUG Input                - Clearing active input actions
13:27:42.038 [JavaFX Application Thread] DEBUG GameApplicationServi - Removing overlay from FXGLLoadingScene and adding to GameScene
13:27:42.038 [JavaFX Application Thread] DEBUG PrimaryStageWindow   - FXGLLoadingScene -> GameScene
13:27:47.055 [JavaFX Application Thread] DEBUG PrimaryStageWindow   - Push state: DialogSubScene
13:27:47.055 [JavaFX Application Thread] DEBUG Input                - Clearing active input actions
13:27:47.056 [JavaFX Application Thread] DEBUG GameApplicationServi - Removing overlay from GameScene and adding to DialogSubScene
13:27:47.056 [JavaFX Application Thread] DEBUG PrimaryStageWindow   - GameScene -> DialogSubScene
13:27:49.986 [JavaFX Application Thread] DEBUG GameApplicationServi - Starting new game
13:27:49.986 [JavaFX Application Thread] DEBUG PrimaryStageWindow   - Pop state: DialogSubScene
13:27:49.986 [JavaFX Application Thread] DEBUG Input                - Clearing active input actions
13:27:49.986 [JavaFX Application Thread] DEBUG GameApplicationServi - Removing overlay from DialogSubScene and adding to GameScene
13:27:49.987 [JavaFX Application Thread] DEBUG PrimaryStageWindow   - GameScene <- DialogSubScene
13:27:49.987 [JavaFX Application Thread] DEBUG Input                - Clearing active input actions
13:27:49.999 [JavaFX Application Thread] DEBUG GameApplicationServi - Removing overlay from GameScene and adding to FXGLLoadingScene
13:27:50.000 [JavaFX Application Thread] DEBUG PrimaryStageWindow   - GameScene -> FXGLLoadingScene
13:27:50.000 [JavaFX Application Thread] DEBUG GameApplicationServi - Clearing previous game
13:27:50.000 [JavaFX Application Thread] DEBUG GameScene            - Clearing game scene
13:27:50.000 [JavaFX Application Thread] DEBUG GameWorld            - Clearing game world
13:27:50.005 [JavaFX Application Thread] DEBUG PhysicsWorld         - Clearing physics world
13:27:50.005 [FXGL Background Thread 2 ] DEBUG FXGLApplication      - Initializing game
13:27:50.061 [FXGL Background Thread 2 ] INFO  FXGLApplication      - Game initialization took: 0.055 sec
13:27:50.061 [JavaFX Application Thread] DEBUG Input                - Clearing active input actions
13:27:50.063 [JavaFX Application Thread] DEBUG GameApplicationServi - Removing overlay from FXGLLoadingScene and adding to GameScene
13:27:50.063 [JavaFX Application Thread] DEBUG PrimaryStageWindow   - FXGLLoadingScene -> GameScene
13:27:57.279 [JavaFX Application Thread] DEBUG PrimaryStageWindow   - Push state: DialogSubScene
13:27:57.279 [JavaFX Application Thread] DEBUG Input                - Clearing active input actions
13:27:57.280 [JavaFX Application Thread] DEBUG GameApplicationServi - Removing overlay from GameScene and adding to DialogSubScene
13:27:57.280 [JavaFX Application Thread] DEBUG PrimaryStageWindow   - GameScene -> DialogSubScene
13:28:02.455 [JavaFX Application Thread] DEBUG GameApplicationServi - Starting new game
13:28:02.455 [JavaFX Application Thread] DEBUG PrimaryStageWindow   - Pop state: DialogSubScene
13:28:02.455 [JavaFX Application Thread] DEBUG Input                - Clearing active input actions
13:28:02.457 [JavaFX Application Thread] DEBUG GameApplicationServi - Removing overlay from DialogSubScene and adding to GameScene
13:28:02.457 [JavaFX Application Thread] DEBUG PrimaryStageWindow   - GameScene <- DialogSubScene
13:28:02.457 [JavaFX Application Thread] DEBUG Input                - Clearing active input actions
13:28:02.467 [JavaFX Application Thread] DEBUG GameApplicationServi - Removing overlay from GameScene and adding to FXGLLoadingScene
13:28:02.467 [JavaFX Application Thread] DEBUG PrimaryStageWindow   - GameScene -> FXGLLoadingScene
13:28:02.467 [JavaFX Application Thread] DEBUG GameApplicationServi - Clearing previous game
13:28:02.467 [JavaFX Application Thread] DEBUG GameScene            - Clearing game scene
13:28:02.467 [JavaFX Application Thread] DEBUG GameWorld            - Clearing game world
13:28:02.471 [JavaFX Application Thread] DEBUG PhysicsWorld         - Clearing physics world
13:28:02.472 [FXGL Background Thread 2 ] DEBUG FXGLApplication      - Initializing game
13:28:02.529 [FXGL Background Thread 2 ] INFO  FXGLApplication      - Game initialization took: 0.057 sec
13:28:02.533 [JavaFX Application Thread] DEBUG Input                - Clearing active input actions
13:28:02.535 [JavaFX Application Thread] DEBUG GameApplicationServi - Removing overlay from FXGLLoadingScene and adding to GameScene
13:28:02.536 [JavaFX Application Thread] DEBUG PrimaryStageWindow   - FXGLLoadingScene -> GameScene
13:28:08.192 [JavaFX Application Thread] DEBUG PrimaryStageWindow   - Push state: DialogSubScene
13:28:08.192 [JavaFX Application Thread] DEBUG Input                - Clearing active input actions
13:28:08.193 [JavaFX Application Thread] DEBUG GameApplicationServi - Removing overlay from GameScene and adding to DialogSubScene
13:28:08.193 [JavaFX Application Thread] DEBUG PrimaryStageWindow   - GameScene -> DialogSubScene
13:28:10.771 [JavaFX Application Thread] DEBUG PrimaryStageWindow   - Pop state: DialogSubScene
13:28:10.771 [JavaFX Application Thread] DEBUG Input                - Clearing active input actions
13:28:10.772 [JavaFX Application Thread] DEBUG GameApplicationServi - Removing overlay from DialogSubScene and adding to GameScene
13:28:10.772 [JavaFX Application Thread] DEBUG PrimaryStageWindow   - GameScene <- DialogSubScene
13:28:17.055 [JavaFX Application Thread] DEBUG PrimaryStageWindow   - Push state: DialogSubScene
13:28:17.056 [JavaFX Application Thread] DEBUG Input                - Clearing active input actions
13:28:17.056 [JavaFX Application Thread] DEBUG GameApplicationServi - Removing overlay from GameScene and adding to DialogSubScene
13:28:17.056 [JavaFX Application Thread] DEBUG PrimaryStageWindow   - GameScene -> DialogSubScene
13:28:18.482 [JavaFX Application Thread] DEBUG PrimaryStageWindow   - Pop state: DialogSubScene
13:28:18.482 [JavaFX Application Thread] DEBUG Input                - Clearing active input actions
13:28:18.483 [JavaFX Application Thread] DEBUG GameApplicationServi - Removing overlay from DialogSubScene and adding to GameScene
13:28:18.483 [JavaFX Application Thread] DEBUG PrimaryStageWindow   - GameScene <- DialogSubScene
13:28:20.799 [JavaFX Application Thread] DEBUG PrimaryStageWindow   - Push state: DialogSubScene
13:28:20.800 [JavaFX Application Thread] DEBUG Input                - Clearing active input actions
13:28:20.800 [JavaFX Application Thread] DEBUG GameApplicationServi - Removing overlay from GameScene and adding to DialogSubScene
13:28:20.800 [JavaFX Application Thread] DEBUG PrimaryStageWindow   - GameScene -> DialogSubScene
13:28:22.331 [JavaFX Application Thread] DEBUG PrimaryStageWindow   - Pop state: DialogSubScene
13:28:22.331 [JavaFX Application Thread] DEBUG Input                - Clearing active input actions
13:28:22.331 [JavaFX Application Thread] DEBUG GameApplicationServi - Removing overlay from DialogSubScene and adding to GameScene
13:28:22.331 [JavaFX Application Thread] DEBUG PrimaryStageWindow   - GameScene <- DialogSubScene
13:28:24.000 [JavaFX Application Thread] DEBUG PrimaryStageWindow   - Push state: DialogSubScene
13:28:24.000 [JavaFX Application Thread] DEBUG Input                - Clearing active input actions
13:28:24.000 [JavaFX Application Thread] DEBUG GameApplicationServi - Removing overlay from GameScene and adding to DialogSubScene
13:28:24.000 [JavaFX Application Thread] DEBUG PrimaryStageWindow   - GameScene -> DialogSubScene
13:28:25.461 [JavaFX Application Thread] DEBUG PrimaryStageWindow   - Pop state: DialogSubScene
13:28:25.461 [JavaFX Application Thread] DEBUG Input                - Clearing active input actions
13:28:25.461 [JavaFX Application Thread] DEBUG GameApplicationServi - Removing overlay from DialogSubScene and adding to GameScene
13:28:25.461 [JavaFX Application Thread] DEBUG PrimaryStageWindow   - GameScene <- DialogSubScene
13:28:33.536 [JavaFX Application Thread] DEBUG PrimaryStageWindow   - Push state: DialogSubScene
13:28:33.536 [JavaFX Application Thread] DEBUG Input                - Clearing active input actions
13:28:33.536 [JavaFX Application Thread] DEBUG GameApplicationServi - Removing overlay from GameScene and adding to DialogSubScene
13:28:33.537 [JavaFX Application Thread] DEBUG PrimaryStageWindow   - GameScene -> DialogSubScene
13:28:35.304 [JavaFX Application Thread] DEBUG PrimaryStageWindow   - Pop state: DialogSubScene
13:28:35.304 [JavaFX Application Thread] DEBUG Input                - Clearing active input actions
13:28:35.304 [JavaFX Application Thread] DEBUG GameApplicationServi - Removing overlay from DialogSubScene and adding to GameScene
13:28:35.304 [JavaFX Application Thread] DEBUG PrimaryStageWindow   - GameScene <- DialogSubScene
13:28:39.425 [JavaFX Application Thread] DEBUG PrimaryStageWindow   - Push state: DialogSubScene
13:28:39.425 [JavaFX Application Thread] DEBUG Input                - Clearing active input actions
13:28:39.425 [JavaFX Application Thread] DEBUG GameApplicationServi - Removing overlay from GameScene and adding to DialogSubScene
13:28:39.425 [JavaFX Application Thread] DEBUG PrimaryStageWindow   - GameScene -> DialogSubScene
13:28:41.729 [JavaFX Application Thread] DEBUG PrimaryStageWindow   - Pop state: DialogSubScene
13:28:41.729 [JavaFX Application Thread] DEBUG Input                - Clearing active input actions
13:28:41.729 [JavaFX Application Thread] DEBUG GameApplicationServi - Removing overlay from DialogSubScene and adding to GameScene
13:28:41.729 [JavaFX Application Thread] DEBUG PrimaryStageWindow   - GameScene <- DialogSubScene
13:28:57.599 [JavaFX Application Thread] DEBUG PrimaryStageWindow   - Push state: DialogSubScene
13:28:57.600 [JavaFX Application Thread] DEBUG Input                - Clearing active input actions
13:28:57.600 [JavaFX Application Thread] DEBUG GameApplicationServi - Removing overlay from GameScene and adding to DialogSubScene
13:28:57.600 [JavaFX Application Thread] DEBUG PrimaryStageWindow   - GameScene -> DialogSubScene
13:29:18.122 [JavaFX Application Thread] DEBUG GameApplicationServi - Starting new game
13:29:18.122 [JavaFX Application Thread] DEBUG PrimaryStageWindow   - Pop state: DialogSubScene
13:29:18.122 [JavaFX Application Thread] DEBUG Input                - Clearing active input actions
13:29:18.123 [JavaFX Application Thread] DEBUG GameApplicationServi - Removing overlay from DialogSubScene and adding to GameScene
13:29:18.123 [JavaFX Application Thread] DEBUG PrimaryStageWindow   - GameScene <- DialogSubScene
13:29:18.123 [JavaFX Application Thread] DEBUG Input                - Clearing active input actions
13:29:18.130 [JavaFX Application Thread] DEBUG GameApplicationServi - Removing overlay from GameScene and adding to FXGLLoadingScene
13:29:18.130 [JavaFX Application Thread] DEBUG PrimaryStageWindow   - GameScene -> FXGLLoadingScene
13:29:18.130 [JavaFX Application Thread] DEBUG GameApplicationServi - Clearing previous game
13:29:18.130 [JavaFX Application Thread] DEBUG GameScene            - Clearing game scene
13:29:18.130 [JavaFX Application Thread] DEBUG GameWorld            - Clearing game world
13:29:18.135 [JavaFX Application Thread] DEBUG PhysicsWorld         - Clearing physics world
13:29:18.137 [FXGL Background Thread 5 ] DEBUG FXGLApplication      - Initializing game
13:29:18.172 [FXGL Background Thread 5 ] INFO  FXGLApplication      - Game initialization took: 0.035 sec
13:29:18.173 [JavaFX Application Thread] DEBUG Input                - Clearing active input actions
13:29:18.176 [JavaFX Application Thread] DEBUG GameApplicationServi - Removing overlay from FXGLLoadingScene and adding to GameScene
13:29:18.176 [JavaFX Application Thread] DEBUG PrimaryStageWindow   - FXGLLoadingScene -> GameScene
13:29:33.104 [JavaFX Application Thread] DEBUG PrimaryStageWindow   - Push state: DialogSubScene
13:29:33.104 [JavaFX Application Thread] DEBUG Input                - Clearing active input actions
13:29:33.105 [JavaFX Application Thread] DEBUG GameApplicationServi - Removing overlay from GameScene and adding to DialogSubScene
13:29:33.105 [JavaFX Application Thread] DEBUG PrimaryStageWindow   - GameScene -> DialogSubScene
13:29:36.264 [JavaFX Application Thread] DEBUG PrimaryStageWindow   - Pop state: DialogSubScene
13:29:36.264 [JavaFX Application Thread] DEBUG Input                - Clearing active input actions
13:29:36.264 [JavaFX Application Thread] DEBUG GameApplicationServi - Removing overlay from DialogSubScene and adding to GameScene
13:29:36.264 [JavaFX Application Thread] DEBUG PrimaryStageWindow   - GameScene <- DialogSubScene
13:29:37.280 [JavaFX Application Thread] DEBUG PrimaryStageWindow   - Push state: DialogSubScene
13:29:37.280 [JavaFX Application Thread] DEBUG Input                - Clearing active input actions
13:29:37.280 [JavaFX Application Thread] DEBUG GameApplicationServi - Removing overlay from GameScene and adding to DialogSubScene
13:29:37.280 [JavaFX Application Thread] DEBUG PrimaryStageWindow   - GameScene -> DialogSubScene
13:29:38.769 [JavaFX Application Thread] DEBUG PrimaryStageWindow   - Pop state: DialogSubScene
13:29:38.769 [JavaFX Application Thread] DEBUG Input                - Clearing active input actions
13:29:38.769 [JavaFX Application Thread] DEBUG GameApplicationServi - Removing overlay from DialogSubScene and adding to GameScene
13:29:38.770 [JavaFX Application Thread] DEBUG PrimaryStageWindow   - GameScene <- DialogSubScene
13:29:45.552 [JavaFX Application Thread] DEBUG PrimaryStageWindow   - Push state: DialogSubScene
13:29:45.552 [JavaFX Application Thread] DEBUG Input                - Clearing active input actions
13:29:45.552 [JavaFX Application Thread] DEBUG GameApplicationServi - Removing overlay from GameScene and adding to DialogSubScene
13:29:45.552 [JavaFX Application Thread] DEBUG PrimaryStageWindow   - GameScene -> DialogSubScene
13:29:48.934 [JavaFX Application Thread] DEBUG PrimaryStageWindow   - Pop state: DialogSubScene
13:29:48.934 [JavaFX Application Thread] DEBUG Input                - Clearing active input actions
13:29:48.934 [JavaFX Application Thread] DEBUG GameApplicationServi - Removing overlay from DialogSubScene and adding to GameScene
13:29:48.934 [JavaFX Application Thread] DEBUG PrimaryStageWindow   - GameScene <- DialogSubScene
13:29:50.464 [JavaFX Application Thread] DEBUG PrimaryStageWindow   - Push state: DialogSubScene
13:29:50.464 [JavaFX Application Thread] DEBUG Input                - Clearing active input actions
13:29:50.464 [JavaFX Application Thread] DEBUG GameApplicationServi - Removing overlay from GameScene and adding to DialogSubScene
13:29:50.464 [JavaFX Application Thread] DEBUG PrimaryStageWindow   - GameScene -> DialogSubScene
13:29:55.619 [JavaFX Application Thread] DEBUG PrimaryStageWindow   - Pop state: DialogSubScene
13:29:55.619 [JavaFX Application Thread] DEBUG Input                - Clearing active input actions
13:29:55.620 [JavaFX Application Thread] DEBUG GameApplicationServi - Removing overlay from DialogSubScene and adding to GameScene
13:29:55.620 [JavaFX Application Thread] DEBUG PrimaryStageWindow   - GameScene <- DialogSubScene
13:30:10.223 [JavaFX Application Thread] DEBUG PrimaryStageWindow   - Push state: DialogSubScene
13:30:10.223 [JavaFX Application Thread] DEBUG Input                - Clearing active input actions
13:30:10.223 [JavaFX Application Thread] DEBUG GameApplicationServi - Removing overlay from GameScene and adding to DialogSubScene
13:30:10.223 [JavaFX Application Thread] DEBUG PrimaryStageWindow   - GameScene -> DialogSubScene
13:30:16.585 [JavaFX Application Thread] DEBUG GameApplicationServi - Starting new game
13:30:16.585 [JavaFX Application Thread] DEBUG PrimaryStageWindow   - Pop state: DialogSubScene
13:30:16.585 [JavaFX Application Thread] DEBUG Input                - Clearing active input actions
13:30:16.586 [JavaFX Application Thread] DEBUG GameApplicationServi - Removing overlay from DialogSubScene and adding to GameScene
13:30:16.586 [JavaFX Application Thread] DEBUG PrimaryStageWindow   - GameScene <- DialogSubScene
13:30:16.586 [JavaFX Application Thread] DEBUG Input                - Clearing active input actions
13:30:16.594 [JavaFX Application Thread] DEBUG GameApplicationServi - Removing overlay from GameScene and adding to FXGLLoadingScene
13:30:16.594 [JavaFX Application Thread] DEBUG PrimaryStageWindow   - GameScene -> FXGLLoadingScene
13:30:16.594 [JavaFX Application Thread] DEBUG GameApplicationServi - Clearing previous game
13:30:16.594 [JavaFX Application Thread] DEBUG GameScene            - Clearing game scene
13:30:16.594 [JavaFX Application Thread] DEBUG GameWorld            - Clearing game world
13:30:16.596 [JavaFX Application Thread] DEBUG PhysicsWorld         - Clearing physics world
13:30:16.598 [FXGL Background Thread 5 ] DEBUG FXGLApplication      - Initializing game
13:30:16.643 [FXGL Background Thread 5 ] INFO  FXGLApplication      - Game initialization took: 0.044 sec
13:30:16.649 [JavaFX Application Thread] DEBUG Input                - Clearing active input actions
13:30:16.652 [JavaFX Application Thread] DEBUG GameApplicationServi - Removing overlay from FXGLLoadingScene and adding to GameScene
13:30:16.652 [JavaFX Application Thread] DEBUG PrimaryStageWindow   - FXGLLoadingScene -> GameScene
13:30:19.421 [JavaFX Application Thread] DEBUG LoopRunner           - Pausing loop
13:30:31.881 [JavaFX Application Thread] DEBUG LoopRunner           - Resuming loop
13:30:33.350 [JavaFX Application Thread] DEBUG FXGLApplication      - Exiting FXGL
13:30:33.350 [JavaFX Application Thread] DEBUG LoopRunner           - Stopping loop
13:30:33.350 [JavaFX Application Thread] DEBUG SystemBundleService  - Saving FXGL system data
13:30:33.359 [JavaFX Application Thread] DEBUG FileSystemAccess     - Writing to: C:\Users\admin\OneDrive\Máy tính\btl\baitaplonOOP\system\fxgl.bundle
13:30:33.365 [JavaFX Application Thread] DEBUG Async                - Shutting down background threads
13:30:33.365 [JavaFX Application Thread] DEBUG PrimaryStageWindow   - Closing main window
13:30:33.379 [JavaFX Application Thread] DEBUG Logger               - Closing Logger
