13:25:18.918 [main                     ] DEBUG Logger               - Configured Logger
13:25:18.927 [main                     ] DEBUG GameApplication      - Logging settings
Title: Bomberman Game
Version: 1.0
Width: 480
Height: 480
Fullscreen: false
Intro: false
Profiling: false
Single step:false
App Mode: DEVELOPER
Menu Key: ESCAPE
Stage Style: DECORATED
Scene Factory: class com.almasb.fxgl.app.scene.SceneFactory

13:25:19.216 [JavaFX Application Thread] DEBUG FXGLApplication      - Initializing FXGL
13:25:19.219 [JavaFX Application Thread] INFO  Engine               - FXGL-17.3 (30.03.2023 11.49) on WINDOWS (J:23.0.2 FX:17.0.6)
13:25:19.219 [JavaFX Application Thread] DEBUG Engine               - JRE Vendor Name: Oracle Corporation
13:25:19.220 [JavaFX Application Thread] DEBUG Engine               - Running on OS: Windows 11 version 10.0
13:25:19.220 [JavaFX Application Thread] DEBUG Engine               - Architecture: amd64
13:25:19.220 [JavaFX Application Thread] INFO  Engine               - Source code and latest versions at: https://github.com/AlmasB/FXGL
13:25:19.220 [JavaFX Application Thread] INFO  Engine               -       Ask questions and discuss at: https://github.com/AlmasB/FXGL/discussions
13:25:19.220 [JavaFX Application Thread] INFO  Engine               -              Join the FXGL chat at: https://gitter.im/AlmasB/FXGL
13:25:19.293 [JavaFX Application Thread] DEBUG PrimaryStageWindow   - Creating a JavaFX scene
13:25:19.338 [JavaFX Application Thread] DEBUG PrimaryStageWindow   - Target settings size: 480.0 x 480.0
13:25:19.338 [JavaFX Application Thread] DEBUG PrimaryStageWindow   - Scaled scene size:    480.0 x 480.0
13:25:19.338 [JavaFX Application Thread] DEBUG PrimaryStageWindow   - Scaled ratio: (1.0, 1.0)
13:25:19.339 [JavaFX Application Thread] DEBUG PrimaryStageWindow   - Set initial scene to FXGLStartupScene
13:25:19.345 [JavaFX Application Thread] DEBUG PrimaryStageWindow   - Opening main window
13:25:19.414 [JavaFX Application Thread] DEBUG PrimaryStageWindow   - Window border size: (14.666656494140625, 37.33331298828125)
13:25:19.414 [JavaFX Application Thread] DEBUG PrimaryStageWindow   - Scaled size: 480.0 x 480.0
13:25:19.414 [JavaFX Application Thread] DEBUG PrimaryStageWindow   - Scaled ratio: (1.0, 1.0)
13:25:19.415 [JavaFX Application Thread] DEBUG PrimaryStageWindow   - Scene size: 480.0 x 480.0
13:25:19.415 [JavaFX Application Thread] DEBUG PrimaryStageWindow   - Stage size: 494.6666564941406 x 517.3333129882812
13:25:19.421 [FXGL Background Thread 1 ] DEBUG Engine               - Initializing environment variables
13:25:19.491 [FXGL Background Thread 1 ] DEBUG FXGLAssetLoaderServi - User app class for loading assets: class org.example.demo.HelloApplication
13:25:19.491 [FXGL Background Thread 1 ] DEBUG GameApplicationServi - Applying CSS: fxgl_dark.css
13:25:19.492 [FXGL Background Thread 1 ] DEBUG FXGLAssetLoaderServi - Loading from file system: jar:file:///C:/Users/admin/.m2/repository/com/github/almasb/fxgl/17.3/fxgl-17.3.jar!/fxglassets/ui/css/fxgl_dark.css
13:25:19.529 [FXGL Background Thread 1 ] DEBUG GameApplicationServi - Initializing application scenes
13:25:19.567 [FXGL Background Thread 1 ] DEBUG GameWorld            - Game world initialized
13:25:19.635 [FXGL Background Thread 1 ] DEBUG PhysicsWorld         - Physics world initialized: appHeight=480, physics.ppm=50.0
13:25:19.635 [FXGL Background Thread 1 ] DEBUG PhysicsWorld         - Using strategy: BRUTE_FORCE
13:25:19.640 [FXGL Background Thread 1 ] DEBUG GameScene            - Game scene initialized: 480x480
13:25:19.653 [FXGL Background Thread 1 ] WARN  FXGL.DefaultMenu     - FXGLDefaultMenu is not designed for resolutions < 800x600
13:25:19.655 [FXGL Background Thread 1 ] DEBUG FXGL.DefaultMenu     - createMenuBodyGameMenu()
13:25:19.666 [FXGL Background Thread 1 ] DEBUG FXGL.DefaultMenu     - createOptionsMenu()
13:25:19.673 [FXGL Background Thread 1 ] DEBUG FXGLAssetLoaderServi - Loading from file system: jar:file:///C:/Users/admin/.m2/repository/com/github/almasb/fxgl/17.3/fxgl-17.3.jar!/fxglassets/textures/particles/smoke.png
13:25:19.764 [FXGL Background Thread 1 ] DEBUG FXGLAssetLoaderServi - Loading from file system: jar:file:///C:/Users/admin/.m2/repository/com/github/almasb/fxgl/17.3/fxgl-17.3.jar!/fxglassets/textures/particles/trace_horizontal.png
13:25:19.807 [FXGL Background Thread 1 ] DEBUG GameApplicationServi - Application scenes initialized
13:25:19.816 [FXGL Background Thread 1 ] DEBUG SystemBundleService  - Loading FXGL system data
13:25:19.819 [FXGL Background Thread 1 ] DEBUG FileSystemAccess     - Reading from: C:\Users\admin\OneDrive\Máy tính\btl\baitaplonOOP\system\fxgl.bundle
13:25:19.827 [FXGL Background Thread 1 ] DEBUG SystemBundleService  - Bundle FXGL: {}
13:25:19.828 [FXGL Background Thread 1 ] DEBUG UpdaterService       - Checking for updates
13:25:19.832 [FXGL Background Thread 4 ] DEBUG FXGLApplication      - Loading fonts
13:25:19.832 [FXGL Background Thread 1 ] DEBUG FXGLApplication      - Loading default localization
13:25:19.832 [FXGL Background Thread 4 ] DEBUG FXGLAssetLoaderServi - Loading from file system: jar:file:///C:/Users/admin/.m2/repository/com/github/almasb/fxgl/17.3/fxgl-17.3.jar!/fxglassets/ui/fonts/VarelaRound-Regular.ttf
13:25:19.833 [FXGL Background Thread 1 ] DEBUG FXGLAssetLoaderServi - Loading from file system: jar:file:///C:/Users/admin/.m2/repository/com/github/almasb/fxgl/17.3/fxgl-17.3.jar!/fxglassets/languages/english.lang
13:25:19.857 [FXGL Background Thread 1 ] INFO  FXGLApplication      - FXGL initialization took: 0.436 sec
13:25:19.859 [JavaFX Application Thread] DEBUG FXGLAssetLoaderServi - Loading from file system: jar:file:///C:/Users/admin/.m2/repository/com/github/almasb/fxgl/17.3/fxgl-17.3.jar!/fxglassets/textures/fxgl_icon.png
13:25:19.884 [JavaFX Application Thread] DEBUG FXGLAssetLoaderServi - Loading from file system: jar:file:///C:/Users/admin/.m2/repository/com/github/almasb/fxgl/17.3/fxgl-17.3.jar!/fxglassets/textures/fxgl_default_cursor.png
13:25:19.884 [FXGL Background Thread 4 ] DEBUG FXGLAssetLoaderServi - Loading from file system: jar:file:///C:/Users/admin/.m2/repository/com/github/almasb/fxgl/17.3/fxgl-17.3.jar!/fxglassets/ui/fonts/Abel-Regular.ttf
13:25:19.897 [JavaFX Application Thread] DEBUG Input                - Registered new binding: Screenshot - CTRL+8
13:25:19.899 [JavaFX Application Thread] DEBUG Input                - Registered new binding: System info dump - CTRL+9
13:25:19.899 [JavaFX Application Thread] DEBUG Input                - Registered new binding: Restart - CTRL+R
13:25:19.899 [FXGL Background Thread 4 ] DEBUG FXGLAssetLoaderServi - Loading from file system: jar:file:///C:/Users/admin/.m2/repository/com/github/almasb/fxgl/17.3/fxgl-17.3.jar!/fxglassets/ui/fonts/TerminalLandMono-Regular.otf
13:25:19.899 [JavaFX Application Thread] DEBUG Input                - Registered new binding: Toggle Debug Camera - CTRL+7
13:25:19.902 [JavaFX Application Thread] DEBUG LoopRunner           - Starting loop
13:25:19.902 [JavaFX Application Thread] DEBUG LoopRunner           - Initializing JavaFX AnimationTimerLoop
13:25:19.903 [JavaFX Application Thread] DEBUG GameApplicationServi - Starting new game
13:25:19.903 [JavaFX Application Thread] DEBUG Input                - Clearing active input actions
13:25:19.912 [FXGL Background Thread 4 ] DEBUG FXGLAssetLoaderServi - Loading from file system: jar:file:///C:/Users/admin/.m2/repository/com/github/almasb/fxgl/17.3/fxgl-17.3.jar!/fxglassets/ui/fonts/Courier-Prime.ttf
13:25:19.914 [JavaFX Application Thread] DEBUG GameApplicationServi - Removing overlay from FXGLStartupScene and adding to FXGLLoadingScene
13:25:19.915 [JavaFX Application Thread] DEBUG PrimaryStageWindow   - FXGLStartupScene -> FXGLLoadingScene
13:25:19.915 [JavaFX Application Thread] DEBUG GameApplicationServi - Clearing previous game
13:25:19.915 [JavaFX Application Thread] DEBUG GameScene            - Clearing game scene
13:25:19.915 [JavaFX Application Thread] DEBUG GameWorld            - Clearing game world
13:25:19.915 [JavaFX Application Thread] DEBUG PhysicsWorld         - Clearing physics world
13:25:19.917 [FXGL Background Thread 1 ] DEBUG FXGLApplication      - Initializing game
13:25:19.955 [JavaFX Application Thread] DEBUG FXGLApplication      - Registering font factories with UI factory
13:25:20.100 [FXGL Background Thread 1 ] DEBUG Input                - Clearing active input actions
13:25:20.100 [FXGL Background Thread 1 ] DEBUG Input                - Registered new binding: Move Up - W
13:25:20.101 [FXGL Background Thread 1 ] DEBUG Input                - Registered new binding: Move Down - S
13:25:20.101 [FXGL Background Thread 1 ] DEBUG Input                - Registered new binding: Move Left - A
13:25:20.101 [FXGL Background Thread 1 ] DEBUG Input                - Registered new binding: Move Right - D
13:25:20.101 [FXGL Background Thread 1 ] DEBUG Input                - Registered new binding: Đặt bom - Space
13:25:20.149 [FXGL Background Thread 1 ] INFO  FXGLApplication      - Game initialization took: 0.232 sec
13:25:20.149 [JavaFX Application Thread] DEBUG Input                - Clearing active input actions
13:25:20.169 [JavaFX Application Thread] DEBUG GameApplicationServi - Removing overlay from FXGLLoadingScene and adding to GameScene
13:25:20.169 [JavaFX Application Thread] DEBUG PrimaryStageWindow   - FXGLLoadingScene -> GameScene
13:25:20.777 [FXGL Background Thread 2 ] INFO  UpdaterService       - Your current version:  17.3
13:25:20.777 [FXGL Background Thread 2 ] INFO  UpdaterService       - Latest stable version: 21.1
13:25:22.832 [FXGL Background Thread 3 ] DEBUG Engine               - Logging environment variables
13:25:22.834 [FXGL Background Thread 3 ] DEBUG Engine               - achievements: []
13:25:22.834 [FXGL Background Thread 3 ] DEBUG Engine               - actualHeight: 480.0
13:25:22.834 [FXGL Background Thread 3 ] DEBUG Engine               - actualHeightProperty: ReadOnlyDoubleProperty [value: 480.0]
13:25:22.834 [FXGL Background Thread 3 ] DEBUG Engine               - actualWidth: 480.0
13:25:22.835 [FXGL Background Thread 3 ] DEBUG Engine               - actualWidthProperty: ReadOnlyDoubleProperty [value: 480.0]
13:25:22.837 [FXGL Background Thread 3 ] DEBUG Engine               - appIcon: fxgl_icon.png
13:25:22.837 [FXGL Background Thread 3 ] DEBUG Engine               - applicationMode: DEVELOPER
13:25:22.837 [FXGL Background Thread 3 ] DEBUG Engine               - cSSList: [fxgl_dark.css]
13:25:22.838 [FXGL Background Thread 3 ] DEBUG Engine               - collisionDetectionStrategy: BRUTE_FORCE
13:25:22.838 [FXGL Background Thread 3 ] DEBUG Engine               - configClass: Optional.empty
13:25:22.838 [FXGL Background Thread 3 ] DEBUG Engine               - credits: []
13:25:22.839 [FXGL Background Thread 3 ] DEBUG Engine               - defaultCursor: CursorInfo(imageName=fxgl_default_cursor.png, hotspotX=7.0, hotspotY=6.0)
13:25:22.840 [FXGL Background Thread 3 ] DEBUG Engine               - devBBoxColorProperty: ObjectProperty [value: 0xff0000ff]
13:25:22.840 [FXGL Background Thread 3 ] DEBUG Engine               - devEnableDebugCameraProperty: BooleanProperty [value: false]
13:25:22.840 [FXGL Background Thread 3 ] DEBUG Engine               - devSensorColorProperty: ObjectProperty [value: 0xffff00ff]
13:25:22.840 [FXGL Background Thread 3 ] DEBUG Engine               - devShowBBoxProperty: BooleanProperty [value: false]
13:25:22.841 [FXGL Background Thread 3 ] DEBUG Engine               - devShowPositionProperty: BooleanProperty [value: false]
13:25:22.841 [FXGL Background Thread 3 ] DEBUG Engine               - enabledMenuItems: []
13:25:22.841 [FXGL Background Thread 3 ] DEBUG Engine               - engineServices: [class com.almasb.fxgl.app.services.FXGLAssetLoaderService, class com.almasb.fxgl.app.FXGLApplication$GameApplicationService, class com.almasb.fxgl.app.services.FXGLDialogService, class com.almasb.fxgl.app.services.IOTaskExecutorService, class com.almasb.fxgl.io.FileSystemService, class com.almasb.fxgl.localization.LocalizationService, class com.almasb.fxgl.app.services.SystemBundleService, class com.almasb.fxgl.profile.SaveLoadService, class com.almasb.fxgl.ui.FXGLUIFactoryServiceProvider, class com.almasb.fxgl.ui.FXGLDialogFactoryServiceProvider, class com.almasb.fxgl.audio.AudioPlayer, class com.almasb.fxgl.notification.impl.NotificationServiceProvider, class com.almasb.fxgl.achievement.AchievementService, class com.almasb.fxgl.cutscene.CutsceneService, class com.almasb.fxgl.minigames.MiniGameService, class com.almasb.fxgl.net.NetService, class com.almasb.fxgl.app.services.UpdaterService, class com.almasb.fxgl.dev.DevService]
13:25:22.841 [FXGL Background Thread 3 ] DEBUG Engine               - fontGame: Abel-Regular.ttf
13:25:22.841 [FXGL Background Thread 3 ] DEBUG Engine               - fontMono: TerminalLandMono-Regular.otf
13:25:22.842 [FXGL Background Thread 3 ] DEBUG Engine               - fontSizeScaleUI: 1.0
13:25:22.842 [FXGL Background Thread 3 ] DEBUG Engine               - fontText: Courier-Prime.ttf
13:25:22.842 [FXGL Background Thread 3 ] DEBUG Engine               - fontUI: VarelaRound-Regular.ttf
13:25:22.842 [FXGL Background Thread 3 ] DEBUG Engine               - fullScreen: BooleanProperty [value: false]
13:25:22.842 [FXGL Background Thread 3 ] DEBUG Engine               - gameDifficulty: MEDIUM
13:25:22.842 [FXGL Background Thread 3 ] DEBUG Engine               - gameDifficultyProperty: ObjectProperty [value: MEDIUM]
13:25:22.843 [FXGL Background Thread 3 ] DEBUG Engine               - globalMusicVolume: 0.5
13:25:22.843 [FXGL Background Thread 3 ] DEBUG Engine               - globalMusicVolumeProperty: DoubleProperty [value: 0.5]
13:25:22.843 [FXGL Background Thread 3 ] DEBUG Engine               - globalSoundVolume: 0.5
13:25:22.843 [FXGL Background Thread 3 ] DEBUG Engine               - globalSoundVolumeProperty: DoubleProperty [value: 0.5]
13:25:22.843 [FXGL Background Thread 3 ] DEBUG Engine               - height: 480
13:25:22.843 [FXGL Background Thread 3 ] DEBUG Engine               - is3D: false
13:25:22.844 [FXGL Background Thread 3 ] DEBUG Engine               - isAndroid: false
13:25:22.844 [FXGL Background Thread 3 ] DEBUG Engine               - isBrowser: false
13:25:22.844 [FXGL Background Thread 3 ] DEBUG Engine               - isClickFeedbackEnabled: false
13:25:22.844 [FXGL Background Thread 3 ] DEBUG Engine               - isCloseConfirmation: false
13:25:22.844 [FXGL Background Thread 3 ] DEBUG Engine               - isDesktop: true
13:25:22.844 [FXGL Background Thread 3 ] DEBUG Engine               - isDeveloperMenuEnabled: false
13:25:22.844 [FXGL Background Thread 3 ] DEBUG Engine               - isEmbedded: false
13:25:22.844 [FXGL Background Thread 3 ] DEBUG Engine               - isEntityPreloadEnabled: true
13:25:22.845 [FXGL Background Thread 3 ] DEBUG Engine               - isExperimentalTiledLargeMap: false
13:25:22.845 [FXGL Background Thread 3 ] DEBUG Engine               - isFileSystemWriteAllowed: true
13:25:22.845 [FXGL Background Thread 3 ] DEBUG Engine               - isFullScreenAllowed: false
13:25:22.845 [FXGL Background Thread 3 ] DEBUG Engine               - isFullScreenFromStart: false
13:25:22.845 [FXGL Background Thread 3 ] DEBUG Engine               - isGameMenuEnabled: true
13:25:22.846 [FXGL Background Thread 3 ] DEBUG Engine               - isIOS: false
13:25:22.846 [FXGL Background Thread 3 ] DEBUG Engine               - isIntroEnabled: false
13:25:22.846 [FXGL Background Thread 3 ] DEBUG Engine               - isLinux: false
13:25:22.846 [FXGL Background Thread 3 ] DEBUG Engine               - isMac: false
13:25:22.846 [FXGL Background Thread 3 ] DEBUG Engine               - isMainMenuEnabled: false
13:25:22.846 [FXGL Background Thread 3 ] DEBUG Engine               - isManualResizeEnabled: false
13:25:22.846 [FXGL Background Thread 3 ] DEBUG Engine               - isMobile: false
13:25:22.846 [FXGL Background Thread 3 ] DEBUG Engine               - isNative: false
13:25:22.847 [FXGL Background Thread 3 ] DEBUG Engine               - isPauseMusicWhenMinimized: true
13:25:22.847 [FXGL Background Thread 3 ] DEBUG Engine               - isPreserveResizeRatio: false
13:25:22.847 [FXGL Background Thread 3 ] DEBUG Engine               - isProfilingEnabled: false
13:25:22.847 [FXGL Background Thread 3 ] DEBUG Engine               - isScaleAffectedOnResize: true
13:25:22.847 [FXGL Background Thread 3 ] DEBUG Engine               - isSingleStep: false
13:25:22.847 [FXGL Background Thread 3 ] DEBUG Engine               - isUserProfileEnabled: false
13:25:22.847 [FXGL Background Thread 3 ] DEBUG Engine               - isWindows: true
13:25:22.847 [FXGL Background Thread 3 ] DEBUG Engine               - language: ObjectProperty [value: ENGLISH]
13:25:22.847 [FXGL Background Thread 3 ] DEBUG Engine               - menuKey: ESCAPE
13:25:22.848 [FXGL Background Thread 3 ] DEBUG Engine               - mouseSensitivity: 0.2
13:25:22.848 [FXGL Background Thread 3 ] DEBUG Engine               - notificationViewClass: class com.almasb.fxgl.notification.view.XboxNotificationView
13:25:22.848 [FXGL Background Thread 3 ] DEBUG Engine               - pixelsPerMeter: 50.0
13:25:22.848 [FXGL Background Thread 3 ] DEBUG Engine               - platform: WINDOWS
13:25:22.848 [FXGL Background Thread 3 ] DEBUG Engine               - prefHeightProperty: ReadOnlyDoubleProperty [value: 480.0]
13:25:22.848 [FXGL Background Thread 3 ] DEBUG Engine               - prefWidthProperty: ReadOnlyDoubleProperty [value: 480.0]
13:25:22.848 [FXGL Background Thread 3 ] DEBUG Engine               - profileDir: profiles/
13:25:22.848 [FXGL Background Thread 3 ] DEBUG Engine               - profileName: StringProperty [value: DEFAULT]
13:25:22.848 [FXGL Background Thread 3 ] DEBUG Engine               - randomSeed: -1
13:25:22.849 [FXGL Background Thread 3 ] DEBUG Engine               - runtimeInfo: RuntimeInfo(platform=WINDOWS, version=17.3, build=30.03.2023 11.49)
13:25:22.849 [FXGL Background Thread 3 ] DEBUG Engine               - saveFileExt: sav
13:25:22.849 [FXGL Background Thread 3 ] DEBUG Engine               - scaledHeightProp$fxgl: DoubleProperty [bound, value: 480.0]
13:25:22.849 [FXGL Background Thread 3 ] DEBUG Engine               - scaledWidthProp$fxgl: DoubleProperty [bound, value: 480.0]
13:25:22.849 [FXGL Background Thread 3 ] DEBUG Engine               - sceneFactory: com.almasb.fxgl.app.scene.SceneFactory@2638c318
13:25:22.849 [FXGL Background Thread 3 ] DEBUG Engine               - secondsIn24h: 60
13:25:22.849 [FXGL Background Thread 3 ] DEBUG Engine               - soundMenuBack: menu/back.wav
13:25:22.849 [FXGL Background Thread 3 ] DEBUG Engine               - soundMenuPress: menu/press.wav
13:25:22.849 [FXGL Background Thread 3 ] DEBUG Engine               - soundMenuSelect: menu/select.wav
13:25:22.852 [FXGL Background Thread 3 ] DEBUG Engine               - soundNotification: core/notification.wav
13:25:22.852 [FXGL Background Thread 3 ] DEBUG Engine               - stageStyle: DECORATED
13:25:22.852 [FXGL Background Thread 3 ] DEBUG Engine               - supportedLanguages: [ENGLISH, FRENCH, GERMAN, HUNGARIAN, RUSSIAN]
13:25:22.852 [FXGL Background Thread 3 ] DEBUG Engine               - ticksPerSecond: -1
13:25:22.852 [FXGL Background Thread 3 ] DEBUG Engine               - title: Bomberman Game
13:25:22.852 [FXGL Background Thread 3 ] DEBUG Engine               - urlGithub: https://github.com/AlmasB/FXGL
13:25:22.852 [FXGL Background Thread 3 ] DEBUG Engine               - urlLeaderboard: http://fxgl-top.herokuapp.com/
13:25:22.853 [FXGL Background Thread 3 ] DEBUG Engine               - urlPOM: https://raw.githubusercontent.com/AlmasB/FXGL/release/README.md
13:25:22.853 [FXGL Background Thread 3 ] DEBUG Engine               - userAppClass: class org.example.demo.HelloApplication
13:25:22.853 [FXGL Background Thread 3 ] DEBUG Engine               - version: 1.0
13:25:22.853 [FXGL Background Thread 3 ] DEBUG Engine               - versionCheckDays: 7
13:25:22.854 [FXGL Background Thread 3 ] DEBUG Engine               - width: 480
13:25:22.854 [FXGL Background Thread 3 ] DEBUG Engine               - Logging services
13:25:22.854 [FXGL Background Thread 3 ] DEBUG Engine               - class com.almasb.fxgl.app.services.FXGLAssetLoaderService
13:25:22.854 [FXGL Background Thread 3 ] DEBUG Engine               - class com.almasb.fxgl.app.FXGLApplication$GameApplicationService
13:25:22.854 [FXGL Background Thread 3 ] DEBUG Engine               - class com.almasb.fxgl.app.services.FXGLDialogService
13:25:22.854 [FXGL Background Thread 3 ] DEBUG Engine               - class com.almasb.fxgl.app.services.IOTaskExecutorService
13:25:22.854 [FXGL Background Thread 3 ] DEBUG Engine               - class com.almasb.fxgl.io.FileSystemService
13:25:22.854 [FXGL Background Thread 3 ] DEBUG Engine               - class com.almasb.fxgl.localization.LocalizationService
13:25:22.854 [FXGL Background Thread 3 ] DEBUG Engine               - class com.almasb.fxgl.app.services.SystemBundleService
13:25:22.854 [FXGL Background Thread 3 ] DEBUG Engine               - class com.almasb.fxgl.profile.SaveLoadService
13:25:22.854 [FXGL Background Thread 3 ] DEBUG Engine               - class com.almasb.fxgl.ui.FXGLUIFactoryServiceProvider
13:25:22.854 [FXGL Background Thread 3 ] DEBUG Engine               - class com.almasb.fxgl.ui.FXGLDialogFactoryServiceProvider
13:25:22.854 [FXGL Background Thread 3 ] DEBUG Engine               - class com.almasb.fxgl.audio.AudioPlayer
13:25:22.854 [FXGL Background Thread 3 ] DEBUG Engine               - class com.almasb.fxgl.notification.impl.NotificationServiceProvider
13:25:22.854 [FXGL Background Thread 3 ] DEBUG Engine               - class com.almasb.fxgl.achievement.AchievementService
13:25:22.854 [FXGL Background Thread 3 ] DEBUG Engine               - class com.almasb.fxgl.cutscene.CutsceneService
13:25:22.854 [FXGL Background Thread 3 ] DEBUG Engine               - class com.almasb.fxgl.minigames.MiniGameService
13:25:22.854 [FXGL Background Thread 3 ] DEBUG Engine               - class com.almasb.fxgl.net.NetService
13:25:22.854 [FXGL Background Thread 3 ] DEBUG Engine               - class com.almasb.fxgl.app.services.UpdaterService
13:25:22.854 [FXGL Background Thread 3 ] DEBUG Engine               - class com.almasb.fxgl.dev.DevService
13:25:23.972 [JavaFX Application Thread] WARN  FXGLAssetLoaderServi - Asset "/assets/textures/sprites/explosion.png" was not found!
13:25:23.973 [JavaFX Application Thread] WARN  FXGLAssetLoaderServi - Failed to load IMAGE
13:25:24.004 [JavaFX Application Thread] WARN  FXGLAssetLoaderServi - Asset "/assets/textures/sprites/explosion.png" was not found!
13:25:24.004 [JavaFX Application Thread] WARN  FXGLAssetLoaderServi - Failed to load IMAGE
13:25:24.010 [JavaFX Application Thread] WARN  FXGLAssetLoaderServi - Asset "/assets/textures/sprites/explosion.png" was not found!
13:25:24.010 [JavaFX Application Thread] WARN  FXGLAssetLoaderServi - Failed to load IMAGE
13:25:24.011 [JavaFX Application Thread] WARN  FXGLAssetLoaderServi - Asset "/assets/textures/sprites/explosion.png" was not found!
13:25:24.012 [JavaFX Application Thread] WARN  FXGLAssetLoaderServi - Failed to load IMAGE
13:25:24.013 [JavaFX Application Thread] WARN  FXGLAssetLoaderServi - Asset "/assets/textures/sprites/explosion.png" was not found!
13:25:24.013 [JavaFX Application Thread] WARN  FXGLAssetLoaderServi - Failed to load IMAGE
13:25:24.013 [JavaFX Application Thread] WARN  FXGLAssetLoaderServi - Asset "/assets/textures/sprites/explosion.png" was not found!
13:25:24.014 [JavaFX Application Thread] WARN  FXGLAssetLoaderServi - Failed to load IMAGE
13:25:24.014 [JavaFX Application Thread] WARN  FXGLAssetLoaderServi - Asset "/assets/textures/sprites/explosion.png" was not found!
13:25:24.014 [JavaFX Application Thread] WARN  FXGLAssetLoaderServi - Failed to load IMAGE
13:25:24.015 [JavaFX Application Thread] WARN  FXGLAssetLoaderServi - Asset "/assets/textures/sprites/explosion.png" was not found!
13:25:24.015 [JavaFX Application Thread] WARN  FXGLAssetLoaderServi - Failed to load IMAGE
13:25:28.156 [JavaFX Application Thread] WARN  FXGLAssetLoaderServi - Asset "/assets/textures/sprites/explosion.png" was not found!
13:25:28.157 [JavaFX Application Thread] WARN  FXGLAssetLoaderServi - Failed to load IMAGE
13:25:28.158 [JavaFX Application Thread] WARN  FXGLAssetLoaderServi - Asset "/assets/textures/sprites/explosion.png" was not found!
13:25:28.158 [JavaFX Application Thread] WARN  FXGLAssetLoaderServi - Failed to load IMAGE
13:25:28.174 [JavaFX Application Thread] WARN  FXGLAssetLoaderServi - Asset "/assets/textures/sprites/explosion.png" was not found!
13:25:28.174 [JavaFX Application Thread] WARN  FXGLAssetLoaderServi - Failed to load IMAGE
13:25:28.175 [JavaFX Application Thread] WARN  FXGLAssetLoaderServi - Asset "/assets/textures/sprites/explosion.png" was not found!
13:25:28.175 [JavaFX Application Thread] WARN  FXGLAssetLoaderServi - Failed to load IMAGE
13:25:28.175 [JavaFX Application Thread] WARN  FXGLAssetLoaderServi - Asset "/assets/textures/sprites/explosion.png" was not found!
13:25:28.175 [JavaFX Application Thread] WARN  FXGLAssetLoaderServi - Failed to load IMAGE
13:25:28.176 [JavaFX Application Thread] WARN  FXGLAssetLoaderServi - Asset "/assets/textures/sprites/explosion.png" was not found!
13:25:28.176 [JavaFX Application Thread] WARN  FXGLAssetLoaderServi - Failed to load IMAGE
13:25:28.176 [JavaFX Application Thread] WARN  FXGLAssetLoaderServi - Asset "/assets/textures/sprites/explosion.png" was not found!
13:25:28.176 [JavaFX Application Thread] WARN  FXGLAssetLoaderServi - Failed to load IMAGE
13:25:32.326 [JavaFX Application Thread] WARN  FXGLAssetLoaderServi - Asset "/assets/textures/sprites/explosion.png" was not found!
13:25:32.327 [JavaFX Application Thread] WARN  FXGLAssetLoaderServi - Failed to load IMAGE
13:25:32.329 [JavaFX Application Thread] WARN  FXGLAssetLoaderServi - Asset "/assets/textures/sprites/explosion.png" was not found!
13:25:32.329 [JavaFX Application Thread] WARN  FXGLAssetLoaderServi - Failed to load IMAGE
13:25:32.347 [JavaFX Application Thread] WARN  FXGLAssetLoaderServi - Asset "/assets/textures/sprites/explosion.png" was not found!
13:25:32.347 [JavaFX Application Thread] WARN  FXGLAssetLoaderServi - Failed to load IMAGE
13:25:32.348 [JavaFX Application Thread] WARN  FXGLAssetLoaderServi - Asset "/assets/textures/sprites/explosion.png" was not found!
13:25:32.348 [JavaFX Application Thread] WARN  FXGLAssetLoaderServi - Failed to load IMAGE
13:25:32.348 [JavaFX Application Thread] WARN  FXGLAssetLoaderServi - Asset "/assets/textures/sprites/explosion.png" was not found!
13:25:32.348 [JavaFX Application Thread] WARN  FXGLAssetLoaderServi - Failed to load IMAGE
13:25:32.349 [JavaFX Application Thread] WARN  FXGLAssetLoaderServi - Asset "/assets/textures/sprites/explosion.png" was not found!
13:25:32.349 [JavaFX Application Thread] WARN  FXGLAssetLoaderServi - Failed to load IMAGE
13:25:32.349 [JavaFX Application Thread] WARN  FXGLAssetLoaderServi - Asset "/assets/textures/sprites/explosion.png" was not found!
13:25:32.349 [JavaFX Application Thread] WARN  FXGLAssetLoaderServi - Failed to load IMAGE
13:25:35.378 [JavaFX Application Thread] WARN  FXGLAssetLoaderServi - Asset "/assets/textures/sprites/explosion.png" was not found!
13:25:35.378 [JavaFX Application Thread] WARN  FXGLAssetLoaderServi - Failed to load IMAGE
13:25:35.379 [JavaFX Application Thread] WARN  FXGLAssetLoaderServi - Asset "/assets/textures/sprites/explosion.png" was not found!
13:25:35.379 [JavaFX Application Thread] WARN  FXGLAssetLoaderServi - Failed to load IMAGE
13:25:35.381 [JavaFX Application Thread] WARN  FXGLAssetLoaderServi - Asset "/assets/textures/sprites/explosion.png" was not found!
13:25:35.381 [JavaFX Application Thread] WARN  FXGLAssetLoaderServi - Failed to load IMAGE
13:25:35.382 [JavaFX Application Thread] WARN  FXGLAssetLoaderServi - Asset "/assets/textures/sprites/explosion.png" was not found!
13:25:35.382 [JavaFX Application Thread] WARN  FXGLAssetLoaderServi - Failed to load IMAGE
13:25:35.397 [JavaFX Application Thread] WARN  FXGLAssetLoaderServi - Asset "/assets/textures/sprites/explosion.png" was not found!
13:25:35.397 [JavaFX Application Thread] WARN  FXGLAssetLoaderServi - Failed to load IMAGE
13:25:35.398 [JavaFX Application Thread] WARN  FXGLAssetLoaderServi - Asset "/assets/textures/sprites/explosion.png" was not found!
13:25:35.398 [JavaFX Application Thread] WARN  FXGLAssetLoaderServi - Failed to load IMAGE
13:25:35.398 [JavaFX Application Thread] WARN  FXGLAssetLoaderServi - Asset "/assets/textures/sprites/explosion.png" was not found!
13:25:35.398 [JavaFX Application Thread] WARN  FXGLAssetLoaderServi - Failed to load IMAGE
13:25:35.398 [JavaFX Application Thread] WARN  FXGLAssetLoaderServi - Asset "/assets/textures/sprites/explosion.png" was not found!
13:25:35.399 [JavaFX Application Thread] WARN  FXGLAssetLoaderServi - Failed to load IMAGE
13:25:35.399 [JavaFX Application Thread] WARN  FXGLAssetLoaderServi - Asset "/assets/textures/sprites/explosion.png" was not found!
13:25:35.399 [JavaFX Application Thread] WARN  FXGLAssetLoaderServi - Failed to load IMAGE
13:25:39.685 [JavaFX Application Thread] WARN  FXGLAssetLoaderServi - Asset "/assets/textures/sprites/explosion.png" was not found!
13:25:39.686 [JavaFX Application Thread] WARN  FXGLAssetLoaderServi - Failed to load IMAGE
13:25:39.686 [JavaFX Application Thread] WARN  FXGLAssetLoaderServi - Asset "/assets/textures/sprites/explosion.png" was not found!
13:25:39.687 [JavaFX Application Thread] WARN  FXGLAssetLoaderServi - Failed to load IMAGE
13:25:39.687 [JavaFX Application Thread] WARN  FXGLAssetLoaderServi - Asset "/assets/textures/sprites/explosion.png" was not found!
13:25:39.687 [JavaFX Application Thread] WARN  FXGLAssetLoaderServi - Failed to load IMAGE
13:25:39.697 [JavaFX Application Thread] WARN  FXGLAssetLoaderServi - Asset "/assets/textures/sprites/explosion.png" was not found!
13:25:39.697 [JavaFX Application Thread] WARN  FXGLAssetLoaderServi - Failed to load IMAGE
13:25:39.698 [JavaFX Application Thread] WARN  FXGLAssetLoaderServi - Asset "/assets/textures/sprites/explosion.png" was not found!
13:25:39.698 [JavaFX Application Thread] WARN  FXGLAssetLoaderServi - Failed to load IMAGE
13:25:39.698 [JavaFX Application Thread] WARN  FXGLAssetLoaderServi - Asset "/assets/textures/sprites/explosion.png" was not found!
13:25:39.699 [JavaFX Application Thread] WARN  FXGLAssetLoaderServi - Failed to load IMAGE
13:25:39.699 [JavaFX Application Thread] WARN  FXGLAssetLoaderServi - Asset "/assets/textures/sprites/explosion.png" was not found!
13:25:39.699 [JavaFX Application Thread] WARN  FXGLAssetLoaderServi - Failed to load IMAGE
13:25:40.208 [JavaFX Application Thread] WARN  FXGLAssetLoaderServi - Asset "/assets/textures/sprites/explosion.png" was not found!
13:25:40.208 [JavaFX Application Thread] WARN  FXGLAssetLoaderServi - Failed to load IMAGE
13:25:40.209 [JavaFX Application Thread] WARN  FXGLAssetLoaderServi - Asset "/assets/textures/sprites/explosion.png" was not found!
13:25:40.209 [JavaFX Application Thread] WARN  FXGLAssetLoaderServi - Failed to load IMAGE
13:25:40.210 [JavaFX Application Thread] WARN  FXGLAssetLoaderServi - Asset "/assets/textures/sprites/explosion.png" was not found!
13:25:40.210 [JavaFX Application Thread] WARN  FXGLAssetLoaderServi - Failed to load IMAGE
13:25:40.210 [JavaFX Application Thread] WARN  FXGLAssetLoaderServi - Asset "/assets/textures/sprites/explosion.png" was not found!
13:25:40.211 [JavaFX Application Thread] WARN  FXGLAssetLoaderServi - Failed to load IMAGE
13:25:40.212 [JavaFX Application Thread] WARN  FXGLAssetLoaderServi - Asset "/assets/textures/sprites/explosion.png" was not found!
13:25:40.212 [JavaFX Application Thread] WARN  FXGLAssetLoaderServi - Failed to load IMAGE
13:25:40.213 [JavaFX Application Thread] WARN  FXGLAssetLoaderServi - Asset "/assets/textures/sprites/explosion.png" was not found!
13:25:40.213 [JavaFX Application Thread] WARN  FXGLAssetLoaderServi - Failed to load IMAGE
13:25:40.215 [JavaFX Application Thread] WARN  FXGLAssetLoaderServi - Asset "/assets/textures/sprites/explosion.png" was not found!
13:25:40.215 [JavaFX Application Thread] WARN  FXGLAssetLoaderServi - Failed to load IMAGE
13:25:45.302 [JavaFX Application Thread] WARN  FXGLAssetLoaderServi - Asset "/assets/textures/sprites/explosion.png" was not found!
13:25:45.302 [JavaFX Application Thread] WARN  FXGLAssetLoaderServi - Failed to load IMAGE
13:25:45.304 [JavaFX Application Thread] WARN  FXGLAssetLoaderServi - Asset "/assets/textures/sprites/explosion.png" was not found!
13:25:45.304 [JavaFX Application Thread] WARN  FXGLAssetLoaderServi - Failed to load IMAGE
13:25:45.320 [JavaFX Application Thread] WARN  FXGLAssetLoaderServi - Asset "/assets/textures/sprites/explosion.png" was not found!
13:25:45.321 [JavaFX Application Thread] WARN  FXGLAssetLoaderServi - Failed to load IMAGE
13:25:45.321 [JavaFX Application Thread] WARN  FXGLAssetLoaderServi - Asset "/assets/textures/sprites/explosion.png" was not found!
13:25:45.321 [JavaFX Application Thread] WARN  FXGLAssetLoaderServi - Failed to load IMAGE
13:25:45.321 [JavaFX Application Thread] WARN  FXGLAssetLoaderServi - Asset "/assets/textures/sprites/explosion.png" was not found!
13:25:45.321 [JavaFX Application Thread] WARN  FXGLAssetLoaderServi - Failed to load IMAGE
13:25:45.322 [JavaFX Application Thread] WARN  FXGLAssetLoaderServi - Asset "/assets/textures/sprites/explosion.png" was not found!
13:25:45.322 [JavaFX Application Thread] WARN  FXGLAssetLoaderServi - Failed to load IMAGE
13:25:45.329 [JavaFX Application Thread] WARN  FXGLAssetLoaderServi - Asset "/assets/textures/sprites/explosion.png" was not found!
13:25:45.329 [JavaFX Application Thread] WARN  FXGLAssetLoaderServi - Failed to load IMAGE
13:25:45.330 [JavaFX Application Thread] WARN  FXGLAssetLoaderServi - Asset "/assets/textures/sprites/explosion.png" was not found!
13:25:45.330 [JavaFX Application Thread] WARN  FXGLAssetLoaderServi - Failed to load IMAGE
13:25:45.330 [JavaFX Application Thread] WARN  FXGLAssetLoaderServi - Asset "/assets/textures/sprites/explosion.png" was not found!
13:25:45.330 [JavaFX Application Thread] WARN  FXGLAssetLoaderServi - Failed to load IMAGE
13:25:48.835 [JavaFX Application Thread] WARN  FXGLAssetLoaderServi - Asset "/assets/textures/sprites/explosion.png" was not found!
13:25:48.835 [JavaFX Application Thread] WARN  FXGLAssetLoaderServi - Failed to load IMAGE
13:25:48.836 [JavaFX Application Thread] WARN  FXGLAssetLoaderServi - Asset "/assets/textures/sprites/explosion.png" was not found!
13:25:48.836 [JavaFX Application Thread] WARN  FXGLAssetLoaderServi - Failed to load IMAGE
13:25:48.837 [JavaFX Application Thread] WARN  FXGLAssetLoaderServi - Asset "/assets/textures/sprites/explosion.png" was not found!
13:25:48.837 [JavaFX Application Thread] WARN  FXGLAssetLoaderServi - Failed to load IMAGE
13:25:48.839 [JavaFX Application Thread] WARN  FXGLAssetLoaderServi - Asset "/assets/textures/sprites/explosion.png" was not found!
13:25:48.839 [JavaFX Application Thread] WARN  FXGLAssetLoaderServi - Failed to load IMAGE
13:25:48.841 [JavaFX Application Thread] WARN  FXGLAssetLoaderServi - Asset "/assets/textures/sprites/explosion.png" was not found!
13:25:48.841 [JavaFX Application Thread] WARN  FXGLAssetLoaderServi - Failed to load IMAGE
13:25:48.842 [JavaFX Application Thread] WARN  FXGLAssetLoaderServi - Asset "/assets/textures/sprites/explosion.png" was not found!
13:25:48.842 [JavaFX Application Thread] WARN  FXGLAssetLoaderServi - Failed to load IMAGE
13:25:48.842 [JavaFX Application Thread] WARN  FXGLAssetLoaderServi - Asset "/assets/textures/sprites/explosion.png" was not found!
13:25:48.842 [JavaFX Application Thread] WARN  FXGLAssetLoaderServi - Failed to load IMAGE
13:25:52.417 [JavaFX Application Thread] WARN  FXGLAssetLoaderServi - Asset "/assets/textures/sprites/explosion.png" was not found!
13:25:52.417 [JavaFX Application Thread] WARN  FXGLAssetLoaderServi - Failed to load IMAGE
13:25:52.419 [JavaFX Application Thread] WARN  FXGLAssetLoaderServi - Asset "/assets/textures/sprites/explosion.png" was not found!
13:25:52.419 [JavaFX Application Thread] WARN  FXGLAssetLoaderServi - Failed to load IMAGE
13:25:52.420 [JavaFX Application Thread] WARN  FXGLAssetLoaderServi - Asset "/assets/textures/sprites/explosion.png" was not found!
13:25:52.420 [JavaFX Application Thread] WARN  FXGLAssetLoaderServi - Failed to load IMAGE
13:25:52.430 [JavaFX Application Thread] WARN  FXGLAssetLoaderServi - Asset "/assets/textures/sprites/explosion.png" was not found!
13:25:52.430 [JavaFX Application Thread] WARN  FXGLAssetLoaderServi - Failed to load IMAGE
13:25:52.430 [JavaFX Application Thread] WARN  FXGLAssetLoaderServi - Asset "/assets/textures/sprites/explosion.png" was not found!
13:25:52.430 [JavaFX Application Thread] WARN  FXGLAssetLoaderServi - Failed to load IMAGE
13:25:52.431 [JavaFX Application Thread] WARN  FXGLAssetLoaderServi - Asset "/assets/textures/sprites/explosion.png" was not found!
13:25:52.431 [JavaFX Application Thread] WARN  FXGLAssetLoaderServi - Failed to load IMAGE
13:25:52.431 [JavaFX Application Thread] WARN  FXGLAssetLoaderServi - Asset "/assets/textures/sprites/explosion.png" was not found!
13:25:52.431 [JavaFX Application Thread] WARN  FXGLAssetLoaderServi - Failed to load IMAGE
13:25:56.284 [JavaFX Application Thread] WARN  FXGLAssetLoaderServi - Asset "/assets/textures/sprites/explosion.png" was not found!
13:25:56.284 [JavaFX Application Thread] WARN  FXGLAssetLoaderServi - Failed to load IMAGE
13:25:56.286 [JavaFX Application Thread] WARN  FXGLAssetLoaderServi - Asset "/assets/textures/sprites/explosion.png" was not found!
13:25:56.286 [JavaFX Application Thread] WARN  FXGLAssetLoaderServi - Failed to load IMAGE
13:25:56.298 [JavaFX Application Thread] WARN  FXGLAssetLoaderServi - Asset "/assets/textures/sprites/explosion.png" was not found!
13:25:56.299 [JavaFX Application Thread] WARN  FXGLAssetLoaderServi - Failed to load IMAGE
13:25:56.299 [JavaFX Application Thread] WARN  FXGLAssetLoaderServi - Asset "/assets/textures/sprites/explosion.png" was not found!
13:25:56.299 [JavaFX Application Thread] WARN  FXGLAssetLoaderServi - Failed to load IMAGE
13:25:56.300 [JavaFX Application Thread] WARN  FXGLAssetLoaderServi - Asset "/assets/textures/sprites/explosion.png" was not found!
13:25:56.300 [JavaFX Application Thread] WARN  FXGLAssetLoaderServi - Failed to load IMAGE
13:25:56.300 [JavaFX Application Thread] WARN  FXGLAssetLoaderServi - Asset "/assets/textures/sprites/explosion.png" was not found!
13:25:56.300 [JavaFX Application Thread] WARN  FXGLAssetLoaderServi - Failed to load IMAGE
13:25:56.301 [JavaFX Application Thread] WARN  FXGLAssetLoaderServi - Asset "/assets/textures/sprites/explosion.png" was not found!
13:25:56.301 [JavaFX Application Thread] WARN  FXGLAssetLoaderServi - Failed to load IMAGE
13:25:56.302 [JavaFX Application Thread] WARN  FXGLAssetLoaderServi - Asset "/assets/textures/sprites/explosion.png" was not found!
13:25:56.302 [JavaFX Application Thread] WARN  FXGLAssetLoaderServi - Failed to load IMAGE
13:25:56.302 [JavaFX Application Thread] WARN  FXGLAssetLoaderServi - Asset "/assets/textures/sprites/explosion.png" was not found!
13:25:56.302 [JavaFX Application Thread] WARN  FXGLAssetLoaderServi - Failed to load IMAGE
13:25:59.836 [JavaFX Application Thread] WARN  FXGLAssetLoaderServi - Asset "/assets/textures/sprites/explosion.png" was not found!
13:25:59.836 [JavaFX Application Thread] WARN  FXGLAssetLoaderServi - Failed to load IMAGE
13:25:59.839 [JavaFX Application Thread] WARN  FXGLAssetLoaderServi - Asset "/assets/textures/sprites/explosion.png" was not found!
13:25:59.839 [JavaFX Application Thread] WARN  FXGLAssetLoaderServi - Failed to load IMAGE
13:25:59.840 [JavaFX Application Thread] WARN  FXGLAssetLoaderServi - Asset "/assets/textures/sprites/explosion.png" was not found!
13:25:59.840 [JavaFX Application Thread] WARN  FXGLAssetLoaderServi - Failed to load IMAGE
13:25:59.841 [JavaFX Application Thread] WARN  FXGLAssetLoaderServi - Asset "/assets/textures/sprites/explosion.png" was not found!
13:25:59.841 [JavaFX Application Thread] WARN  FXGLAssetLoaderServi - Failed to load IMAGE
13:25:59.842 [JavaFX Application Thread] WARN  FXGLAssetLoaderServi - Asset "/assets/textures/sprites/explosion.png" was not found!
13:25:59.842 [JavaFX Application Thread] WARN  FXGLAssetLoaderServi - Failed to load IMAGE
13:25:59.843 [JavaFX Application Thread] WARN  FXGLAssetLoaderServi - Asset "/assets/textures/sprites/explosion.png" was not found!
13:25:59.843 [JavaFX Application Thread] WARN  FXGLAssetLoaderServi - Failed to load IMAGE
13:25:59.844 [JavaFX Application Thread] WARN  FXGLAssetLoaderServi - Asset "/assets/textures/sprites/explosion.png" was not found!
13:25:59.844 [JavaFX Application Thread] WARN  FXGLAssetLoaderServi - Failed to load IMAGE
13:25:59.845 [JavaFX Application Thread] WARN  FXGLAssetLoaderServi - Asset "/assets/textures/sprites/explosion.png" was not found!
13:25:59.845 [JavaFX Application Thread] WARN  FXGLAssetLoaderServi - Failed to load IMAGE
13:25:59.845 [JavaFX Application Thread] WARN  FXGLAssetLoaderServi - Asset "/assets/textures/sprites/explosion.png" was not found!
13:25:59.846 [JavaFX Application Thread] WARN  FXGLAssetLoaderServi - Failed to load IMAGE
13:26:02.823 [JavaFX Application Thread] WARN  FXGLAssetLoaderServi - Asset "/assets/textures/sprites/explosion.png" was not found!
13:26:02.823 [JavaFX Application Thread] WARN  FXGLAssetLoaderServi - Failed to load IMAGE
13:26:02.824 [JavaFX Application Thread] WARN  FXGLAssetLoaderServi - Asset "/assets/textures/sprites/explosion.png" was not found!
13:26:02.824 [JavaFX Application Thread] WARN  FXGLAssetLoaderServi - Failed to load IMAGE
13:26:02.826 [JavaFX Application Thread] WARN  FXGLAssetLoaderServi - Asset "/assets/textures/sprites/explosion.png" was not found!
13:26:02.826 [JavaFX Application Thread] WARN  FXGLAssetLoaderServi - Failed to load IMAGE
13:26:02.838 [JavaFX Application Thread] WARN  FXGLAssetLoaderServi - Asset "/assets/textures/sprites/explosion.png" was not found!
13:26:02.838 [JavaFX Application Thread] WARN  FXGLAssetLoaderServi - Failed to load IMAGE
13:26:02.839 [JavaFX Application Thread] WARN  FXGLAssetLoaderServi - Asset "/assets/textures/sprites/explosion.png" was not found!
13:26:02.839 [JavaFX Application Thread] WARN  FXGLAssetLoaderServi - Failed to load IMAGE
13:26:02.839 [JavaFX Application Thread] WARN  FXGLAssetLoaderServi - Asset "/assets/textures/sprites/explosion.png" was not found!
13:26:02.839 [JavaFX Application Thread] WARN  FXGLAssetLoaderServi - Failed to load IMAGE
13:26:02.839 [JavaFX Application Thread] WARN  FXGLAssetLoaderServi - Asset "/assets/textures/sprites/explosion.png" was not found!
13:26:02.839 [JavaFX Application Thread] WARN  FXGLAssetLoaderServi - Failed to load IMAGE
13:26:03.400 [JavaFX Application Thread] WARN  FXGLAssetLoaderServi - Asset "/assets/textures/sprites/explosion.png" was not found!
13:26:03.400 [JavaFX Application Thread] WARN  FXGLAssetLoaderServi - Failed to load IMAGE
13:26:03.401 [JavaFX Application Thread] WARN  FXGLAssetLoaderServi - Asset "/assets/textures/sprites/explosion.png" was not found!
13:26:03.401 [JavaFX Application Thread] WARN  FXGLAssetLoaderServi - Failed to load IMAGE
13:26:03.405 [JavaFX Application Thread] WARN  FXGLAssetLoaderServi - Asset "/assets/textures/sprites/explosion.png" was not found!
13:26:03.405 [JavaFX Application Thread] WARN  FXGLAssetLoaderServi - Failed to load IMAGE
13:26:03.410 [JavaFX Application Thread] WARN  FXGLAssetLoaderServi - Asset "/assets/textures/sprites/explosion.png" was not found!
13:26:03.414 [JavaFX Application Thread] WARN  FXGLAssetLoaderServi - Failed to load IMAGE
13:26:03.415 [JavaFX Application Thread] WARN  FXGLAssetLoaderServi - Asset "/assets/textures/sprites/explosion.png" was not found!
13:26:03.415 [JavaFX Application Thread] WARN  FXGLAssetLoaderServi - Failed to load IMAGE
13:26:03.416 [JavaFX Application Thread] WARN  FXGLAssetLoaderServi - Asset "/assets/textures/sprites/explosion.png" was not found!
13:26:03.416 [JavaFX Application Thread] WARN  FXGLAssetLoaderServi - Failed to load IMAGE
13:26:03.417 [JavaFX Application Thread] WARN  FXGLAssetLoaderServi - Asset "/assets/textures/sprites/explosion.png" was not found!
13:26:03.417 [JavaFX Application Thread] WARN  FXGLAssetLoaderServi - Failed to load IMAGE
13:26:08.232 [JavaFX Application Thread] WARN  FXGLAssetLoaderServi - Asset "/assets/textures/sprites/explosion.png" was not found!
13:26:08.232 [JavaFX Application Thread] WARN  FXGLAssetLoaderServi - Failed to load IMAGE
13:26:08.232 [JavaFX Application Thread] WARN  FXGLAssetLoaderServi - Asset "/assets/textures/sprites/explosion.png" was not found!
13:26:08.232 [JavaFX Application Thread] WARN  FXGLAssetLoaderServi - Failed to load IMAGE
13:26:08.233 [JavaFX Application Thread] WARN  FXGLAssetLoaderServi - Asset "/assets/textures/sprites/explosion.png" was not found!
13:26:08.233 [JavaFX Application Thread] WARN  FXGLAssetLoaderServi - Failed to load IMAGE
13:26:08.233 [JavaFX Application Thread] WARN  FXGLAssetLoaderServi - Asset "/assets/textures/sprites/explosion.png" was not found!
13:26:08.233 [JavaFX Application Thread] WARN  FXGLAssetLoaderServi - Failed to load IMAGE
13:26:08.234 [JavaFX Application Thread] WARN  FXGLAssetLoaderServi - Asset "/assets/textures/sprites/explosion.png" was not found!
13:26:08.234 [JavaFX Application Thread] WARN  FXGLAssetLoaderServi - Failed to load IMAGE
13:26:08.234 [JavaFX Application Thread] WARN  FXGLAssetLoaderServi - Asset "/assets/textures/sprites/explosion.png" was not found!
13:26:08.234 [JavaFX Application Thread] WARN  FXGLAssetLoaderServi - Failed to load IMAGE
13:26:08.236 [JavaFX Application Thread] WARN  FXGLAssetLoaderServi - Asset "/assets/textures/sprites/explosion.png" was not found!
13:26:08.236 [JavaFX Application Thread] WARN  FXGLAssetLoaderServi - Failed to load IMAGE
13:26:18.530 [JavaFX Application Thread] WARN  FXGLAssetLoaderServi - Asset "/assets/textures/sprites/explosion.png" was not found!
13:26:18.531 [JavaFX Application Thread] WARN  FXGLAssetLoaderServi - Failed to load IMAGE
13:26:18.531 [JavaFX Application Thread] WARN  FXGLAssetLoaderServi - Asset "/assets/textures/sprites/explosion.png" was not found!
13:26:18.532 [JavaFX Application Thread] WARN  FXGLAssetLoaderServi - Failed to load IMAGE
13:26:18.544 [JavaFX Application Thread] WARN  FXGLAssetLoaderServi - Asset "/assets/textures/sprites/explosion.png" was not found!
13:26:18.544 [JavaFX Application Thread] WARN  FXGLAssetLoaderServi - Failed to load IMAGE
13:26:18.544 [JavaFX Application Thread] WARN  FXGLAssetLoaderServi - Asset "/assets/textures/sprites/explosion.png" was not found!
13:26:18.544 [JavaFX Application Thread] WARN  FXGLAssetLoaderServi - Failed to load IMAGE
13:26:18.552 [JavaFX Application Thread] WARN  FXGLAssetLoaderServi - Asset "/assets/textures/sprites/explosion.png" was not found!
13:26:18.552 [JavaFX Application Thread] WARN  FXGLAssetLoaderServi - Failed to load IMAGE
13:26:18.552 [JavaFX Application Thread] WARN  FXGLAssetLoaderServi - Asset "/assets/textures/sprites/explosion.png" was not found!
13:26:18.552 [JavaFX Application Thread] WARN  FXGLAssetLoaderServi - Failed to load IMAGE
13:26:18.553 [JavaFX Application Thread] WARN  FXGLAssetLoaderServi - Asset "/assets/textures/sprites/explosion.png" was not found!
13:26:18.553 [JavaFX Application Thread] WARN  FXGLAssetLoaderServi - Failed to load IMAGE
13:26:18.553 [JavaFX Application Thread] WARN  FXGLAssetLoaderServi - Asset "/assets/textures/sprites/explosion.png" was not found!
13:26:18.553 [JavaFX Application Thread] WARN  FXGLAssetLoaderServi - Failed to load IMAGE
13:26:24.398 [JavaFX Application Thread] WARN  FXGLAssetLoaderServi - Asset "/assets/textures/sprites/explosion.png" was not found!
13:26:24.398 [JavaFX Application Thread] WARN  FXGLAssetLoaderServi - Failed to load IMAGE
13:26:24.399 [JavaFX Application Thread] WARN  FXGLAssetLoaderServi - Asset "/assets/textures/sprites/explosion.png" was not found!
13:26:24.399 [JavaFX Application Thread] WARN  FXGLAssetLoaderServi - Failed to load IMAGE
13:26:24.400 [JavaFX Application Thread] WARN  FXGLAssetLoaderServi - Asset "/assets/textures/sprites/explosion.png" was not found!
13:26:24.400 [JavaFX Application Thread] WARN  FXGLAssetLoaderServi - Failed to load IMAGE
13:26:24.401 [JavaFX Application Thread] WARN  FXGLAssetLoaderServi - Asset "/assets/textures/sprites/explosion.png" was not found!
13:26:24.401 [JavaFX Application Thread] WARN  FXGLAssetLoaderServi - Failed to load IMAGE
13:26:24.402 [JavaFX Application Thread] WARN  FXGLAssetLoaderServi - Asset "/assets/textures/sprites/explosion.png" was not found!
13:26:24.402 [JavaFX Application Thread] WARN  FXGLAssetLoaderServi - Failed to load IMAGE
13:26:24.403 [JavaFX Application Thread] WARN  FXGLAssetLoaderServi - Asset "/assets/textures/sprites/explosion.png" was not found!
13:26:24.404 [JavaFX Application Thread] WARN  FXGLAssetLoaderServi - Failed to load IMAGE
13:26:24.404 [JavaFX Application Thread] WARN  FXGLAssetLoaderServi - Asset "/assets/textures/sprites/explosion.png" was not found!
13:26:24.405 [JavaFX Application Thread] WARN  FXGLAssetLoaderServi - Failed to load IMAGE
13:26:27.031 [JavaFX Application Thread] WARN  FXGLAssetLoaderServi - Asset "/assets/textures/sprites/explosion.png" was not found!
13:26:27.031 [JavaFX Application Thread] WARN  FXGLAssetLoaderServi - Failed to load IMAGE
13:26:27.032 [JavaFX Application Thread] WARN  FXGLAssetLoaderServi - Asset "/assets/textures/sprites/explosion.png" was not found!
13:26:27.032 [JavaFX Application Thread] WARN  FXGLAssetLoaderServi - Failed to load IMAGE
13:26:27.034 [JavaFX Application Thread] WARN  FXGLAssetLoaderServi - Asset "/assets/textures/sprites/explosion.png" was not found!
13:26:27.034 [JavaFX Application Thread] WARN  FXGLAssetLoaderServi - Failed to load IMAGE
13:26:27.049 [JavaFX Application Thread] WARN  FXGLAssetLoaderServi - Asset "/assets/textures/sprites/explosion.png" was not found!
13:26:27.049 [JavaFX Application Thread] WARN  FXGLAssetLoaderServi - Failed to load IMAGE
13:26:27.049 [JavaFX Application Thread] WARN  FXGLAssetLoaderServi - Asset "/assets/textures/sprites/explosion.png" was not found!
13:26:27.049 [JavaFX Application Thread] WARN  FXGLAssetLoaderServi - Failed to load IMAGE
13:26:27.050 [JavaFX Application Thread] WARN  FXGLAssetLoaderServi - Asset "/assets/textures/sprites/explosion.png" was not found!
13:26:27.050 [JavaFX Application Thread] WARN  FXGLAssetLoaderServi - Failed to load IMAGE
13:26:27.050 [JavaFX Application Thread] WARN  FXGLAssetLoaderServi - Asset "/assets/textures/sprites/explosion.png" was not found!
13:26:27.050 [JavaFX Application Thread] WARN  FXGLAssetLoaderServi - Failed to load IMAGE
13:26:37.245 [JavaFX Application Thread] WARN  FXGLAssetLoaderServi - Asset "/assets/textures/sprites/explosion.png" was not found!
13:26:37.245 [JavaFX Application Thread] WARN  FXGLAssetLoaderServi - Failed to load IMAGE
13:26:37.245 [JavaFX Application Thread] WARN  FXGLAssetLoaderServi - Asset "/assets/textures/sprites/explosion.png" was not found!
13:26:37.246 [JavaFX Application Thread] WARN  FXGLAssetLoaderServi - Failed to load IMAGE
13:26:37.246 [JavaFX Application Thread] WARN  FXGLAssetLoaderServi - Asset "/assets/textures/sprites/explosion.png" was not found!
13:26:37.246 [JavaFX Application Thread] WARN  FXGLAssetLoaderServi - Failed to load IMAGE
13:26:37.257 [JavaFX Application Thread] WARN  FXGLAssetLoaderServi - Asset "/assets/textures/sprites/explosion.png" was not found!
13:26:37.257 [JavaFX Application Thread] WARN  FXGLAssetLoaderServi - Failed to load IMAGE
13:26:37.258 [JavaFX Application Thread] WARN  FXGLAssetLoaderServi - Asset "/assets/textures/sprites/explosion.png" was not found!
13:26:37.258 [JavaFX Application Thread] WARN  FXGLAssetLoaderServi - Failed to load IMAGE
13:26:37.258 [JavaFX Application Thread] WARN  FXGLAssetLoaderServi - Asset "/assets/textures/sprites/explosion.png" was not found!
13:26:37.258 [JavaFX Application Thread] WARN  FXGLAssetLoaderServi - Failed to load IMAGE
13:26:37.259 [JavaFX Application Thread] WARN  FXGLAssetLoaderServi - Asset "/assets/textures/sprites/explosion.png" was not found!
13:26:37.259 [JavaFX Application Thread] WARN  FXGLAssetLoaderServi - Failed to load IMAGE
13:26:39.935 [JavaFX Application Thread] WARN  FXGLAssetLoaderServi - Asset "/assets/textures/sprites/explosion.png" was not found!
13:26:39.935 [JavaFX Application Thread] WARN  FXGLAssetLoaderServi - Failed to load IMAGE
13:26:39.936 [JavaFX Application Thread] WARN  FXGLAssetLoaderServi - Asset "/assets/textures/sprites/explosion.png" was not found!
13:26:39.936 [JavaFX Application Thread] WARN  FXGLAssetLoaderServi - Failed to load IMAGE
13:26:39.951 [JavaFX Application Thread] WARN  FXGLAssetLoaderServi - Asset "/assets/textures/sprites/explosion.png" was not found!
13:26:39.951 [JavaFX Application Thread] WARN  FXGLAssetLoaderServi - Failed to load IMAGE
13:26:39.951 [JavaFX Application Thread] WARN  FXGLAssetLoaderServi - Asset "/assets/textures/sprites/explosion.png" was not found!
13:26:39.951 [JavaFX Application Thread] WARN  FXGLAssetLoaderServi - Failed to load IMAGE
13:26:39.952 [JavaFX Application Thread] WARN  FXGLAssetLoaderServi - Asset "/assets/textures/sprites/explosion.png" was not found!
13:26:39.952 [JavaFX Application Thread] WARN  FXGLAssetLoaderServi - Failed to load IMAGE
13:26:39.952 [JavaFX Application Thread] WARN  FXGLAssetLoaderServi - Asset "/assets/textures/sprites/explosion.png" was not found!
13:26:39.952 [JavaFX Application Thread] WARN  FXGLAssetLoaderServi - Failed to load IMAGE
13:26:39.952 [JavaFX Application Thread] WARN  FXGLAssetLoaderServi - Asset "/assets/textures/sprites/explosion.png" was not found!
13:26:39.952 [JavaFX Application Thread] WARN  FXGLAssetLoaderServi - Failed to load IMAGE
13:26:42.536 [JavaFX Application Thread] WARN  FXGLAssetLoaderServi - Asset "/assets/textures/sprites/explosion.png" was not found!
13:26:42.536 [JavaFX Application Thread] WARN  FXGLAssetLoaderServi - Failed to load IMAGE
13:26:42.537 [JavaFX Application Thread] WARN  FXGLAssetLoaderServi - Asset "/assets/textures/sprites/explosion.png" was not found!
13:26:42.537 [JavaFX Application Thread] WARN  FXGLAssetLoaderServi - Failed to load IMAGE
13:26:42.549 [JavaFX Application Thread] WARN  FXGLAssetLoaderServi - Asset "/assets/textures/sprites/explosion.png" was not found!
13:26:42.549 [JavaFX Application Thread] WARN  FXGLAssetLoaderServi - Failed to load IMAGE
13:26:42.550 [JavaFX Application Thread] WARN  FXGLAssetLoaderServi - Asset "/assets/textures/sprites/explosion.png" was not found!
13:26:42.550 [JavaFX Application Thread] WARN  FXGLAssetLoaderServi - Failed to load IMAGE
13:26:42.550 [JavaFX Application Thread] WARN  FXGLAssetLoaderServi - Asset "/assets/textures/sprites/explosion.png" was not found!
13:26:42.550 [JavaFX Application Thread] WARN  FXGLAssetLoaderServi - Failed to load IMAGE
13:26:42.550 [JavaFX Application Thread] WARN  FXGLAssetLoaderServi - Asset "/assets/textures/sprites/explosion.png" was not found!
13:26:42.550 [JavaFX Application Thread] WARN  FXGLAssetLoaderServi - Failed to load IMAGE
13:26:42.550 [JavaFX Application Thread] WARN  FXGLAssetLoaderServi - Asset "/assets/textures/sprites/explosion.png" was not found!
13:26:42.550 [JavaFX Application Thread] WARN  FXGLAssetLoaderServi - Failed to load IMAGE
13:26:42.550 [JavaFX Application Thread] WARN  FXGLAssetLoaderServi - Asset "/assets/textures/sprites/explosion.png" was not found!
13:26:42.550 [JavaFX Application Thread] WARN  FXGLAssetLoaderServi - Failed to load IMAGE
13:26:43.694 [JavaFX Application Thread] WARN  FXGLAssetLoaderServi - Asset "/assets/textures/sprites/explosion.png" was not found!
13:26:43.694 [JavaFX Application Thread] WARN  FXGLAssetLoaderServi - Failed to load IMAGE
13:26:43.695 [JavaFX Application Thread] WARN  FXGLAssetLoaderServi - Asset "/assets/textures/sprites/explosion.png" was not found!
13:26:43.695 [JavaFX Application Thread] WARN  FXGLAssetLoaderServi - Failed to load IMAGE
13:26:43.705 [JavaFX Application Thread] WARN  FXGLAssetLoaderServi - Asset "/assets/textures/sprites/explosion.png" was not found!
13:26:43.705 [JavaFX Application Thread] WARN  FXGLAssetLoaderServi - Failed to load IMAGE
13:26:43.705 [JavaFX Application Thread] WARN  FXGLAssetLoaderServi - Asset "/assets/textures/sprites/explosion.png" was not found!
13:26:43.705 [JavaFX Application Thread] WARN  FXGLAssetLoaderServi - Failed to load IMAGE
13:26:43.705 [JavaFX Application Thread] WARN  FXGLAssetLoaderServi - Asset "/assets/textures/sprites/explosion.png" was not found!
13:26:43.706 [JavaFX Application Thread] WARN  FXGLAssetLoaderServi - Failed to load IMAGE
13:26:43.706 [JavaFX Application Thread] WARN  FXGLAssetLoaderServi - Asset "/assets/textures/sprites/explosion.png" was not found!
13:26:43.706 [JavaFX Application Thread] WARN  FXGLAssetLoaderServi - Failed to load IMAGE
13:26:43.706 [JavaFX Application Thread] WARN  FXGLAssetLoaderServi - Asset "/assets/textures/sprites/explosion.png" was not found!
13:26:43.706 [JavaFX Application Thread] WARN  FXGLAssetLoaderServi - Failed to load IMAGE
13:26:43.707 [JavaFX Application Thread] WARN  FXGLAssetLoaderServi - Asset "/assets/textures/sprites/explosion.png" was not found!
13:26:43.707 [JavaFX Application Thread] WARN  FXGLAssetLoaderServi - Failed to load IMAGE
13:26:43.713 [JavaFX Application Thread] WARN  FXGLAssetLoaderServi - Asset "/assets/textures/sprites/explosion.png" was not found!
13:26:43.713 [JavaFX Application Thread] WARN  FXGLAssetLoaderServi - Failed to load IMAGE
13:26:45.916 [JavaFX Application Thread] DEBUG PrimaryStageWindow   - Push state: DialogSubScene
13:26:45.916 [JavaFX Application Thread] DEBUG Input                - Clearing active input actions
13:26:45.920 [JavaFX Application Thread] DEBUG GameApplicationServi - Removing overlay from GameScene and adding to DialogSubScene
13:26:45.921 [JavaFX Application Thread] DEBUG PrimaryStageWindow   - GameScene -> DialogSubScene
13:26:47.763 [JavaFX Application Thread] DEBUG PrimaryStageWindow   - Pop state: DialogSubScene
13:26:47.763 [JavaFX Application Thread] DEBUG Input                - Clearing active input actions
13:26:47.765 [JavaFX Application Thread] DEBUG GameApplicationServi - Removing overlay from DialogSubScene and adding to GameScene
13:26:47.765 [JavaFX Application Thread] DEBUG PrimaryStageWindow   - GameScene <- DialogSubScene
13:26:47.765 [JavaFX Application Thread] DEBUG FXGLApplication      - Exiting FXGL
13:26:47.765 [JavaFX Application Thread] DEBUG LoopRunner           - Stopping loop
13:26:47.765 [JavaFX Application Thread] DEBUG SystemBundleService  - Saving FXGL system data
13:26:47.769 [JavaFX Application Thread] DEBUG FileSystemAccess     - Writing to: C:\Users\admin\OneDrive\Máy tính\btl\baitaplonOOP\system\fxgl.bundle
13:26:47.771 [JavaFX Application Thread] DEBUG Async                - Shutting down background threads
13:26:47.771 [JavaFX Application Thread] DEBUG PrimaryStageWindow   - Closing main window
13:26:47.786 [JavaFX Application Thread] DEBUG Logger               - Closing Logger
