22:56:33.331 [main                     ] DEBUG Logger               - Configured Logger
22:56:33.365 [main                     ] DEBUG GameApplication      - Logging settings
Title: Bomberman
Version: 0.0
Width: 480
Height: 480
Fullscreen: false
Intro: false
Profiling: false
Single step:false
App Mode: DEVELOPER
Menu Key: ESCAPE
Stage Style: DECORATED
Scene Factory: class com.almasb.fxgl.app.scene.SceneFactory

22:56:33.713 [JavaFX Application Thread] DEBUG FXGLApplication      - Initializing FXGL
22:56:33.718 [JavaFX Application Thread] INFO  Engine               - FXGL-17.3 (30.03.2023 11.49) on WINDOWS (J:23.0.2 FX:17.0.6)
22:56:33.719 [JavaFX Application Thread] DEBUG Engine               - JRE Vendor Name: Oracle Corporation
22:56:33.719 [JavaFX Application Thread] DEBUG Engine               - Running on OS: Windows 11 version 10.0
22:56:33.719 [JavaFX Application Thread] DEBUG Engine               - Architecture: amd64
22:56:33.720 [JavaFX Application Thread] INFO  Engine               - Source code and latest versions at: https://github.com/AlmasB/FXGL
22:56:33.720 [JavaFX Application Thread] INFO  Engine               -       Ask questions and discuss at: https://github.com/AlmasB/FXGL/discussions
22:56:33.720 [JavaFX Application Thread] INFO  Engine               -              Join the FXGL chat at: https://gitter.im/AlmasB/FXGL
22:56:33.806 [JavaFX Application Thread] DEBUG PrimaryStageWindow   - Creating a JavaFX scene
22:56:33.855 [JavaFX Application Thread] DEBUG PrimaryStageWindow   - Target settings size: 480.0 x 480.0
22:56:33.856 [JavaFX Application Thread] DEBUG PrimaryStageWindow   - Scaled scene size:    480.0 x 480.0
22:56:33.856 [JavaFX Application Thread] DEBUG PrimaryStageWindow   - Scaled ratio: (1.0, 1.0)
22:56:33.857 [JavaFX Application Thread] DEBUG PrimaryStageWindow   - Set initial scene to FXGLStartupScene
22:56:33.863 [JavaFX Application Thread] DEBUG PrimaryStageWindow   - Opening main window
22:56:33.946 [JavaFX Application Thread] DEBUG PrimaryStageWindow   - Window border size: (14.666656494140625, 37.33331298828125)
22:56:33.946 [JavaFX Application Thread] DEBUG PrimaryStageWindow   - Scaled size: 480.0 x 480.0
22:56:33.947 [JavaFX Application Thread] DEBUG PrimaryStageWindow   - Scaled ratio: (1.0, 1.0)
22:56:33.947 [JavaFX Application Thread] DEBUG PrimaryStageWindow   - Scene size: 480.0 x 480.0
22:56:33.947 [JavaFX Application Thread] DEBUG PrimaryStageWindow   - Stage size: 494.6666564941406 x 517.3333129882812
22:56:33.953 [FXGL Background Thread 1 ] DEBUG Engine               - Initializing environment variables
22:56:34.037 [FXGL Background Thread 1 ] DEBUG FXGLAssetLoaderServi - User app class for loading assets: class org.example.demo.BombermanApp
22:56:34.037 [FXGL Background Thread 1 ] DEBUG GameApplicationServi - Applying CSS: fxgl_dark.css
22:56:34.038 [FXGL Background Thread 1 ] DEBUG FXGLAssetLoaderServi - Loading from file system: jar:file:///C:/Users/admin/.m2/repository/com/github/almasb/fxgl/17.3/fxgl-17.3.jar!/fxglassets/ui/css/fxgl_dark.css
22:56:34.086 [FXGL Background Thread 1 ] DEBUG GameApplicationServi - Initializing application scenes
22:56:34.132 [FXGL Background Thread 1 ] DEBUG GameWorld            - Game world initialized
22:56:34.212 [FXGL Background Thread 1 ] DEBUG PhysicsWorld         - Physics world initialized: appHeight=480, physics.ppm=50.0
22:56:34.213 [FXGL Background Thread 1 ] DEBUG PhysicsWorld         - Using strategy: BRUTE_FORCE
22:56:34.217 [FXGL Background Thread 1 ] DEBUG GameScene            - Game scene initialized: 480x480
22:56:34.231 [FXGL Background Thread 1 ] WARN  FXGL.DefaultMenu     - FXGLDefaultMenu is not designed for resolutions < 800x600
22:56:34.231 [FXGL Background Thread 1 ] DEBUG FXGL.DefaultMenu     - createMenuBodyGameMenu()
22:56:34.244 [FXGL Background Thread 1 ] DEBUG FXGL.DefaultMenu     - createOptionsMenu()
22:56:34.254 [FXGL Background Thread 1 ] DEBUG FXGLAssetLoaderServi - Loading from file system: jar:file:///C:/Users/admin/.m2/repository/com/github/almasb/fxgl/17.3/fxgl-17.3.jar!/fxglassets/textures/particles/smoke.png
22:56:34.350 [FXGL Background Thread 1 ] DEBUG FXGLAssetLoaderServi - Loading from file system: jar:file:///C:/Users/admin/.m2/repository/com/github/almasb/fxgl/17.3/fxgl-17.3.jar!/fxglassets/textures/particles/trace_horizontal.png
22:56:34.377 [FXGL Background Thread 1 ] DEBUG GameApplicationServi - Application scenes initialized
22:56:34.387 [FXGL Background Thread 1 ] DEBUG SystemBundleService  - Loading FXGL system data
22:56:34.390 [FXGL Background Thread 1 ] DEBUG FileSystemAccess     - Reading from: C:\Users\admin\OneDrive\Máy tính\demo\system\fxgl.bundle
22:56:34.396 [FXGL Background Thread 1 ] DEBUG SystemBundleService  - Bundle FXGL: {}
22:56:34.396 [FXGL Background Thread 1 ] DEBUG UpdaterService       - Checking for updates
22:56:34.402 [FXGL Background Thread 4 ] DEBUG FXGLApplication      - Loading fonts
22:56:34.402 [FXGL Background Thread 4 ] DEBUG FXGLAssetLoaderServi - Loading from file system: jar:file:///C:/Users/admin/.m2/repository/com/github/almasb/fxgl/17.3/fxgl-17.3.jar!/fxglassets/ui/fonts/VarelaRound-Regular.ttf
22:56:34.402 [FXGL Background Thread 1 ] DEBUG FXGLApplication      - Loading default localization
22:56:34.403 [FXGL Background Thread 1 ] DEBUG FXGLAssetLoaderServi - Loading from file system: jar:file:///C:/Users/admin/.m2/repository/com/github/almasb/fxgl/17.3/fxgl-17.3.jar!/fxglassets/languages/english.lang
22:56:34.425 [FXGL Background Thread 1 ] INFO  FXGLApplication      - FXGL initialization took: 0.472 sec
22:56:34.439 [JavaFX Application Thread] DEBUG Input                - Registered new binding: action0 - W
22:56:34.440 [JavaFX Application Thread] DEBUG Input                - Registered new binding: action1 - S
22:56:34.440 [JavaFX Application Thread] DEBUG Input                - Registered new binding: action2 - A
22:56:34.440 [JavaFX Application Thread] DEBUG Input                - Registered new binding: action3 - D
22:56:34.442 [JavaFX Application Thread] DEBUG LoopRunner           - Stopping loop
22:56:34.442 [JavaFX Application Thread] DEBUG LoopRunner           - Initializing JavaFX AnimationTimerLoop
22:56:34.446 [JavaFX Application Thread] FATAL FXGLApplication      - Uncaught Exception:
java.lang.IllegalArgumentException: Trigger is already bound: W
	at com.almasb.fxgl.core@17.3/com.almasb.fxgl.input.Input.addBinding(Input.kt:512)
	at com.almasb.fxgl.core@17.3/com.almasb.fxgl.input.Input.addAction(Input.kt:507)
	at com.almasb.fxgl.core@17.3/com.almasb.fxgl.input.Input.addAction$default(Input.kt:504)
	at com.almasb.fxgl.all@17.3/com.almasb.fxgl.dsl.FXGL$Companion.onKeyUp(FXGL.kt:510)
	at com.almasb.fxgl.all@17.3/com.almasb.fxgl.dsl.FXGL$Companion.onKeyUp(FXGL.kt:506)
	at com.almasb.fxgl.all@17.3/com.almasb.fxgl.dsl.FXGL.onKeyUp(FXGL.kt)
	at org.example.demo/org.example.demo.BombermanApp.initInput(BombermanApp.java:251)
	at com.almasb.fxgl.all@17.3/com.almasb.fxgl.app.FXGLApplication$GameApplicationService.onMainLoopStarting(FXGLApplication.kt:529)
	at com.almasb.fxgl.all@17.3/com.almasb.fxgl.app.Engine.startLoop(Engine.kt:150)
	at com.almasb.fxgl.all@17.3/com.almasb.fxgl.app.FXGLApplication.startImpl$lambda$3(FXGLApplication.kt:145)
	at com.almasb.fxgl.core@17.3/com.almasb.fxgl.core.concurrent.IOTask.succeed(IOTask.java:164)
	at com.almasb.fxgl.core@17.3/com.almasb.fxgl.core.concurrent.IOTask$1.succeeded(IOTask.java:153)
	at javafx.graphics/javafx.concurrent.Task.setState(Task.java:726)
	at javafx.graphics/javafx.concurrent.Task$TaskCallable.lambda$call$1(Task.java:1437)
	at javafx.graphics/com.sun.javafx.application.PlatformImpl.lambda$runLater$10(PlatformImpl.java:457)
	at java.base/java.security.AccessController.doPrivileged(AccessController.java:400)
	at javafx.graphics/com.sun.javafx.application.PlatformImpl.lambda$runLater$11(PlatformImpl.java:456)
	at javafx.graphics/com.sun.glass.ui.InvokeLaterDispatcher$Future.run(InvokeLaterDispatcher.java:96)
	at javafx.graphics/com.sun.glass.ui.win.WinApplication._runLoop(Native Method)
	at javafx.graphics/com.sun.glass.ui.win.WinApplication.lambda$runLoop$3(WinApplication.java:184)
	at java.base/java.lang.Thread.run(Thread.java:1575)

22:56:34.446 [JavaFX Application Thread] FATAL FXGLApplication      - Application will now exit
22:56:34.470 [FXGL Background Thread 4 ] DEBUG FXGLAssetLoaderServi - Loading from file system: jar:file:///C:/Users/admin/.m2/repository/com/github/almasb/fxgl/17.3/fxgl-17.3.jar!/fxglassets/ui/fonts/Abel-Regular.ttf
22:56:34.473 [JavaFX Application Thread] DEBUG PrimaryStageWindow   - Push state: ErrorSubScene
22:56:34.473 [JavaFX Application Thread] DEBUG Input                - Clearing active input actions
22:56:34.488 [JavaFX Application Thread] DEBUG GameApplicationServi - Removing overlay from FXGLStartupScene and adding to ErrorSubScene
22:56:34.488 [JavaFX Application Thread] DEBUG PrimaryStageWindow   - FXGLStartupScene -> ErrorSubScene
22:56:34.492 [FXGL Background Thread 4 ] DEBUG FXGLAssetLoaderServi - Loading from file system: jar:file:///C:/Users/admin/.m2/repository/com/github/almasb/fxgl/17.3/fxgl-17.3.jar!/fxglassets/ui/fonts/TerminalLandMono-Regular.otf
22:56:34.511 [FXGL Background Thread 4 ] DEBUG FXGLAssetLoaderServi - Loading from file system: jar:file:///C:/Users/admin/.m2/repository/com/github/almasb/fxgl/17.3/fxgl-17.3.jar!/fxglassets/ui/fonts/Courier-Prime.ttf
22:56:34.746 [JavaFX Application Thread] DEBUG FXGLApplication      - Registering font factories with UI factory
22:56:35.101 [FXGL Background Thread 2 ] INFO  UpdaterService       - Your current version:  17.3
22:56:35.101 [FXGL Background Thread 2 ] INFO  UpdaterService       - Latest stable version: 21.1
22:56:36.444 [JavaFX Application Thread] DEBUG FXGLApplication      - Exiting FXGL
22:56:36.446 [JavaFX Application Thread] DEBUG Async                - Shutting down background threads
22:56:36.446 [JavaFX Application Thread] DEBUG PrimaryStageWindow   - Closing main window
22:56:36.458 [JavaFX Application Thread] DEBUG Logger               - Closing Logger
