23:02:46.372 [main                     ] DEBUG Logger               - Configured Logger
23:02:46.396 [main                     ] DEBUG GameApplication      - Logging settings
Title: Bomberman Game
Version: 1.0
Width: 480
Height: 480
Fullscreen: false
Intro: false
Profiling: false
Single step:false
App Mode: DEVELOPER
Menu Key: ESCAPE
Stage Style: DECORATED
Scene Factory: class org.example.demo.BombermanApp$1

23:02:47.023 [JavaFX Application Thread] DEBUG FXGLApplication      - Initializing FXGL
23:02:47.027 [JavaFX Application Thread] INFO  Engine               - FXGL-17.3 (30.03.2023 11.49) on WINDOWS (J:23.0.2 FX:17.0.6)
23:02:47.028 [JavaFX Application Thread] DEBUG Engine               - JRE Vendor Name: Oracle Corporation
23:02:47.028 [JavaFX Application Thread] DEBUG Engine               - Running on OS: Windows 11 version 10.0
23:02:47.028 [JavaFX Application Thread] DEBUG Engine               - Architecture: amd64
23:02:47.028 [JavaFX Application Thread] INFO  Engine               - Source code and latest versions at: https://github.com/AlmasB/FXGL
23:02:47.028 [JavaFX Application Thread] INFO  Engine               -       Ask questions and discuss at: https://github.com/AlmasB/FXGL/discussions
23:02:47.028 [JavaFX Application Thread] INFO  Engine               -              Join the FXGL chat at: https://gitter.im/AlmasB/FXGL
23:02:47.136 [JavaFX Application Thread] DEBUG PrimaryStageWindow   - Creating a JavaFX scene
23:02:47.254 [JavaFX Application Thread] DEBUG PrimaryStageWindow   - Target settings size: 480.0 x 480.0
23:02:47.254 [JavaFX Application Thread] DEBUG PrimaryStageWindow   - Scaled scene size:    480.0 x 480.0
23:02:47.255 [JavaFX Application Thread] DEBUG PrimaryStageWindow   - Scaled ratio: (1.0, 1.0)
23:02:47.256 [JavaFX Application Thread] DEBUG PrimaryStageWindow   - Set initial scene to FXGLStartupScene
23:02:47.263 [JavaFX Application Thread] DEBUG PrimaryStageWindow   - Opening main window
23:02:47.399 [JavaFX Application Thread] DEBUG PrimaryStageWindow   - Window border size: (14.666656494140625, 37.33331298828125)
23:02:47.399 [JavaFX Application Thread] DEBUG PrimaryStageWindow   - Scaled size: 480.0 x 480.0
23:02:47.399 [JavaFX Application Thread] DEBUG PrimaryStageWindow   - Scaled ratio: (1.0, 1.0)
23:02:47.399 [JavaFX Application Thread] DEBUG PrimaryStageWindow   - Scene size: 480.0 x 480.0
23:02:47.400 [JavaFX Application Thread] DEBUG PrimaryStageWindow   - Stage size: 494.6666564941406 x 517.3333129882812
23:02:47.410 [FXGL Background Thread 1 ] DEBUG Engine               - Initializing environment variables
23:02:47.479 [FXGL Background Thread 1 ] DEBUG FXGLAssetLoaderServi - User app class for loading assets: class org.example.demo.HelloApplication
23:02:47.479 [FXGL Background Thread 1 ] DEBUG GameApplicationServi - Applying CSS: fxgl_dark.css
23:02:47.479 [FXGL Background Thread 1 ] DEBUG FXGLAssetLoaderServi - Loading from file system: jar:file:///C:/Users/admin/.m2/repository/com/github/almasb/fxgl/17.3/fxgl-17.3.jar!/fxglassets/ui/css/fxgl_dark.css
23:02:47.512 [FXGL Background Thread 1 ] DEBUG GameApplicationServi - Initializing application scenes
23:02:47.550 [FXGL Background Thread 1 ] DEBUG GameWorld            - Game world initialized
23:02:47.609 [FXGL Background Thread 1 ] DEBUG PhysicsWorld         - Physics world initialized: appHeight=480, physics.ppm=50.0
23:02:47.609 [FXGL Background Thread 1 ] DEBUG PhysicsWorld         - Using strategy: BRUTE_FORCE
23:02:47.613 [FXGL Background Thread 1 ] DEBUG GameScene            - Game scene initialized: 480x480
23:02:47.627 [FXGL Background Thread 1 ] WARN  FXGL.DefaultMenu     - FXGLDefaultMenu is not designed for resolutions < 800x600
23:02:47.628 [FXGL Background Thread 1 ] DEBUG FXGL.DefaultMenu     - createMenuBodyGameMenu()
23:02:47.636 [FXGL Background Thread 1 ] DEBUG FXGL.DefaultMenu     - createOptionsMenu()
23:02:47.643 [FXGL Background Thread 1 ] DEBUG FXGLAssetLoaderServi - Loading from file system: jar:file:///C:/Users/admin/.m2/repository/com/github/almasb/fxgl/17.3/fxgl-17.3.jar!/fxglassets/textures/particles/smoke.png
23:02:47.731 [FXGL Background Thread 1 ] DEBUG FXGLAssetLoaderServi - Loading from file system: jar:file:///C:/Users/admin/.m2/repository/com/github/almasb/fxgl/17.3/fxgl-17.3.jar!/fxglassets/textures/particles/trace_horizontal.png
23:02:47.759 [FXGL Background Thread 1 ] DEBUG GameApplicationServi - Application scenes initialized
23:02:47.770 [FXGL Background Thread 1 ] DEBUG SystemBundleService  - Loading FXGL system data
23:02:47.776 [FXGL Background Thread 1 ] DEBUG FileSystemAccess     - Reading from: C:\Users\admin\OneDrive\Máy tính\btl\baitaplonOOP\system\fxgl.bundle
23:02:47.789 [FXGL Background Thread 1 ] DEBUG SystemBundleService  - Bundle FXGL: {}
23:02:47.789 [FXGL Background Thread 1 ] DEBUG UpdaterService       - Checking for updates
23:02:47.793 [FXGL Background Thread 4 ] DEBUG FXGLApplication      - Loading fonts
23:02:47.794 [FXGL Background Thread 4 ] DEBUG FXGLAssetLoaderServi - Loading from file system: jar:file:///C:/Users/admin/.m2/repository/com/github/almasb/fxgl/17.3/fxgl-17.3.jar!/fxglassets/ui/fonts/VarelaRound-Regular.ttf
23:02:47.794 [FXGL Background Thread 1 ] DEBUG FXGLApplication      - Loading default localization
23:02:47.794 [FXGL Background Thread 1 ] DEBUG FXGLAssetLoaderServi - Loading from file system: jar:file:///C:/Users/admin/.m2/repository/com/github/almasb/fxgl/17.3/fxgl-17.3.jar!/fxglassets/languages/english.lang
23:02:47.815 [FXGL Background Thread 1 ] INFO  FXGLApplication      - FXGL initialization took: 0.406 sec
23:02:47.822 [JavaFX Application Thread] DEBUG Input                - Clearing active input actions
23:02:47.831 [JavaFX Application Thread] DEBUG Input                - Registered new binding: Move Up - W
23:02:47.831 [JavaFX Application Thread] DEBUG Input                - Registered new binding: Move Down - S
23:02:47.831 [JavaFX Application Thread] DEBUG Input                - Registered new binding: Move Left - A
23:02:47.831 [JavaFX Application Thread] DEBUG Input                - Registered new binding: Move Right - D
23:02:47.831 [JavaFX Application Thread] DEBUG Input                - Registered new binding: Đặt bom - Space
23:02:47.832 [JavaFX Application Thread] DEBUG FXGLAssetLoaderServi - Loading from file system: jar:file:///C:/Users/admin/.m2/repository/com/github/almasb/fxgl/17.3/fxgl-17.3.jar!/fxglassets/textures/fxgl_icon.png
23:02:47.839 [FXGL Background Thread 4 ] DEBUG FXGLAssetLoaderServi - Loading from file system: jar:file:///C:/Users/admin/.m2/repository/com/github/almasb/fxgl/17.3/fxgl-17.3.jar!/fxglassets/ui/fonts/Abel-Regular.ttf
23:02:47.851 [JavaFX Application Thread] DEBUG FXGLAssetLoaderServi - Loading from file system: jar:file:///C:/Users/admin/.m2/repository/com/github/almasb/fxgl/17.3/fxgl-17.3.jar!/fxglassets/textures/fxgl_default_cursor.png
23:02:47.855 [JavaFX Application Thread] DEBUG Input                - Registered new binding: Screenshot - CTRL+8
23:02:47.855 [JavaFX Application Thread] DEBUG Input                - Registered new binding: System info dump - CTRL+9
23:02:47.855 [JavaFX Application Thread] DEBUG Input                - Registered new binding: Restart - CTRL+R
23:02:47.856 [JavaFX Application Thread] DEBUG Input                - Registered new binding: Toggle Debug Camera - CTRL+7
23:02:47.859 [JavaFX Application Thread] DEBUG LoopRunner           - Starting loop
23:02:47.859 [JavaFX Application Thread] DEBUG LoopRunner           - Initializing JavaFX AnimationTimerLoop
23:02:47.859 [FXGL Background Thread 4 ] DEBUG FXGLAssetLoaderServi - Loading from file system: jar:file:///C:/Users/admin/.m2/repository/com/github/almasb/fxgl/17.3/fxgl-17.3.jar!/fxglassets/ui/fonts/TerminalLandMono-Regular.otf
23:02:47.862 [JavaFX Application Thread] DEBUG Input                - Clearing active input actions
23:02:47.871 [JavaFX Application Thread] DEBUG GameApplicationServi - Removing overlay from FXGLStartupScene and adding to FXGLMainMenuDummyScene
23:02:47.872 [JavaFX Application Thread] DEBUG PrimaryStageWindow   - FXGLStartupScene -> FXGLMainMenuDummyScene
23:02:47.872 [JavaFX Application Thread] DEBUG PrimaryStageWindow   - Push state: ViewMenu
23:02:47.872 [JavaFX Application Thread] DEBUG Input                - Clearing active input actions
23:02:47.875 [FXGL Background Thread 4 ] DEBUG FXGLAssetLoaderServi - Loading from file system: jar:file:///C:/Users/admin/.m2/repository/com/github/almasb/fxgl/17.3/fxgl-17.3.jar!/fxglassets/ui/fonts/Courier-Prime.ttf
23:02:47.881 [JavaFX Application Thread] DEBUG GameApplicationServi - Removing overlay from FXGLMainMenuDummyScene and adding to ViewMenu
23:02:47.881 [JavaFX Application Thread] DEBUG PrimaryStageWindow   - FXGLMainMenuDummyScene -> ViewMenu
23:02:47.943 [JavaFX Application Thread] DEBUG FXGLApplication      - Registering font factories with UI factory
23:02:48.448 [FXGL Background Thread 2 ] INFO  UpdaterService       - Your current version:  17.3
23:02:48.448 [FXGL Background Thread 2 ] INFO  UpdaterService       - Latest stable version: 21.1
23:02:50.281 [JavaFX Application Thread] DEBUG GameApplicationServi - Starting new game
23:02:50.282 [JavaFX Application Thread] DEBUG PrimaryStageWindow   - Pop state: ViewMenu
23:02:50.282 [JavaFX Application Thread] DEBUG Input                - Clearing active input actions
23:02:50.283 [JavaFX Application Thread] DEBUG GameApplicationServi - Removing overlay from ViewMenu and adding to FXGLMainMenuDummyScene
23:02:50.284 [JavaFX Application Thread] DEBUG PrimaryStageWindow   - FXGLMainMenuDummyScene <- ViewMenu
23:02:50.285 [JavaFX Application Thread] DEBUG Input                - Clearing active input actions
23:02:50.288 [JavaFX Application Thread] DEBUG GameApplicationServi - Removing overlay from FXGLMainMenuDummyScene and adding to FXGLLoadingScene
23:02:50.289 [JavaFX Application Thread] DEBUG PrimaryStageWindow   - FXGLMainMenuDummyScene -> FXGLLoadingScene
23:02:50.289 [JavaFX Application Thread] DEBUG GameApplicationServi - Clearing previous game
23:02:50.289 [JavaFX Application Thread] DEBUG GameScene            - Clearing game scene
23:02:50.289 [JavaFX Application Thread] DEBUG GameWorld            - Clearing game world
23:02:50.289 [JavaFX Application Thread] DEBUG PhysicsWorld         - Clearing physics world
23:02:50.290 [FXGL Background Thread 2 ] DEBUG FXGLApplication      - Initializing game
23:02:50.549 [FXGL Background Thread 2 ] INFO  FXGLApplication      - Game initialization took: 0.259 sec
23:02:50.553 [JavaFX Application Thread] DEBUG Input                - Clearing active input actions
23:02:50.563 [JavaFX Application Thread] DEBUG GameApplicationServi - Removing overlay from FXGLLoadingScene and adding to GameScene
23:02:50.563 [JavaFX Application Thread] DEBUG PrimaryStageWindow   - FXGLLoadingScene -> GameScene
23:02:50.792 [FXGL Background Thread 3 ] DEBUG Engine               - Logging environment variables
23:02:50.792 [FXGL Background Thread 3 ] DEBUG Engine               - achievements: []
23:02:50.792 [FXGL Background Thread 3 ] DEBUG Engine               - actualHeight: 480.0
23:02:50.792 [FXGL Background Thread 3 ] DEBUG Engine               - actualHeightProperty: ReadOnlyDoubleProperty [value: 480.0]
23:02:50.792 [FXGL Background Thread 3 ] DEBUG Engine               - actualWidth: 480.0
23:02:50.792 [FXGL Background Thread 3 ] DEBUG Engine               - actualWidthProperty: ReadOnlyDoubleProperty [value: 480.0]
23:02:50.792 [FXGL Background Thread 3 ] DEBUG Engine               - appIcon: fxgl_icon.png
23:02:50.792 [FXGL Background Thread 3 ] DEBUG Engine               - applicationMode: DEVELOPER
23:02:50.793 [FXGL Background Thread 3 ] DEBUG Engine               - cSSList: [fxgl_dark.css]
23:02:50.793 [FXGL Background Thread 3 ] DEBUG Engine               - collisionDetectionStrategy: BRUTE_FORCE
23:02:50.793 [FXGL Background Thread 3 ] DEBUG Engine               - configClass: Optional.empty
23:02:50.793 [FXGL Background Thread 3 ] DEBUG Engine               - credits: []
23:02:50.793 [FXGL Background Thread 3 ] DEBUG Engine               - defaultCursor: CursorInfo(imageName=fxgl_default_cursor.png, hotspotX=7.0, hotspotY=6.0)
23:02:50.793 [FXGL Background Thread 3 ] DEBUG Engine               - devBBoxColorProperty: ObjectProperty [value: 0xff0000ff]
23:02:50.793 [FXGL Background Thread 3 ] DEBUG Engine               - devEnableDebugCameraProperty: BooleanProperty [value: false]
23:02:50.793 [FXGL Background Thread 3 ] DEBUG Engine               - devSensorColorProperty: ObjectProperty [value: 0xffff00ff]
23:02:50.793 [FXGL Background Thread 3 ] DEBUG Engine               - devShowBBoxProperty: BooleanProperty [value: false]
23:02:50.793 [FXGL Background Thread 3 ] DEBUG Engine               - devShowPositionProperty: BooleanProperty [value: false]
23:02:50.793 [FXGL Background Thread 3 ] DEBUG Engine               - enabledMenuItems: []
23:02:50.793 [FXGL Background Thread 3 ] DEBUG Engine               - engineServices: [class com.almasb.fxgl.app.services.FXGLAssetLoaderService, class com.almasb.fxgl.app.FXGLApplication$GameApplicationService, class com.almasb.fxgl.app.services.FXGLDialogService, class com.almasb.fxgl.app.services.IOTaskExecutorService, class com.almasb.fxgl.io.FileSystemService, class com.almasb.fxgl.localization.LocalizationService, class com.almasb.fxgl.app.services.SystemBundleService, class com.almasb.fxgl.profile.SaveLoadService, class com.almasb.fxgl.ui.FXGLUIFactoryServiceProvider, class com.almasb.fxgl.ui.FXGLDialogFactoryServiceProvider, class com.almasb.fxgl.audio.AudioPlayer, class com.almasb.fxgl.notification.impl.NotificationServiceProvider, class com.almasb.fxgl.achievement.AchievementService, class com.almasb.fxgl.cutscene.CutsceneService, class com.almasb.fxgl.minigames.MiniGameService, class com.almasb.fxgl.net.NetService, class com.almasb.fxgl.app.services.UpdaterService, class com.almasb.fxgl.dev.DevService]
23:02:50.793 [FXGL Background Thread 3 ] DEBUG Engine               - fontGame: Abel-Regular.ttf
23:02:50.793 [FXGL Background Thread 3 ] DEBUG Engine               - fontMono: TerminalLandMono-Regular.otf
23:02:50.793 [FXGL Background Thread 3 ] DEBUG Engine               - fontSizeScaleUI: 1.0
23:02:50.793 [FXGL Background Thread 3 ] DEBUG Engine               - fontText: Courier-Prime.ttf
23:02:50.793 [FXGL Background Thread 3 ] DEBUG Engine               - fontUI: VarelaRound-Regular.ttf
23:02:50.794 [FXGL Background Thread 3 ] DEBUG Engine               - fullScreen: BooleanProperty [value: false]
23:02:50.794 [FXGL Background Thread 3 ] DEBUG Engine               - gameDifficulty: MEDIUM
23:02:50.794 [FXGL Background Thread 3 ] DEBUG Engine               - gameDifficultyProperty: ObjectProperty [value: MEDIUM]
23:02:50.794 [FXGL Background Thread 3 ] DEBUG Engine               - globalMusicVolume: 0.5
23:02:50.794 [FXGL Background Thread 3 ] DEBUG Engine               - globalMusicVolumeProperty: DoubleProperty [value: 0.5]
23:02:50.794 [FXGL Background Thread 3 ] DEBUG Engine               - globalSoundVolume: 0.5
23:02:50.794 [FXGL Background Thread 3 ] DEBUG Engine               - globalSoundVolumeProperty: DoubleProperty [value: 0.5]
23:02:50.794 [FXGL Background Thread 3 ] DEBUG Engine               - height: 480
23:02:50.794 [FXGL Background Thread 3 ] DEBUG Engine               - is3D: false
23:02:50.794 [FXGL Background Thread 3 ] DEBUG Engine               - isAndroid: false
23:02:50.794 [FXGL Background Thread 3 ] DEBUG Engine               - isBrowser: false
23:02:50.794 [FXGL Background Thread 3 ] DEBUG Engine               - isClickFeedbackEnabled: false
23:02:50.794 [FXGL Background Thread 3 ] DEBUG Engine               - isCloseConfirmation: false
23:02:50.794 [FXGL Background Thread 3 ] DEBUG Engine               - isDesktop: true
23:02:50.794 [FXGL Background Thread 3 ] DEBUG Engine               - isDeveloperMenuEnabled: false
23:02:50.794 [FXGL Background Thread 3 ] DEBUG Engine               - isEmbedded: false
23:02:50.794 [FXGL Background Thread 3 ] DEBUG Engine               - isEntityPreloadEnabled: true
23:02:50.794 [FXGL Background Thread 3 ] DEBUG Engine               - isExperimentalTiledLargeMap: false
23:02:50.794 [FXGL Background Thread 3 ] DEBUG Engine               - isFileSystemWriteAllowed: true
23:02:50.794 [FXGL Background Thread 3 ] DEBUG Engine               - isFullScreenAllowed: false
23:02:50.794 [FXGL Background Thread 3 ] DEBUG Engine               - isFullScreenFromStart: false
23:02:50.794 [FXGL Background Thread 3 ] DEBUG Engine               - isGameMenuEnabled: true
23:02:50.795 [FXGL Background Thread 3 ] DEBUG Engine               - isIOS: false
23:02:50.795 [FXGL Background Thread 3 ] DEBUG Engine               - isIntroEnabled: false
23:02:50.795 [FXGL Background Thread 3 ] DEBUG Engine               - isLinux: false
23:02:50.795 [FXGL Background Thread 3 ] DEBUG Engine               - isMac: false
23:02:50.795 [FXGL Background Thread 3 ] DEBUG Engine               - isMainMenuEnabled: true
23:02:50.795 [FXGL Background Thread 3 ] DEBUG Engine               - isManualResizeEnabled: false
23:02:50.795 [FXGL Background Thread 3 ] DEBUG Engine               - isMobile: false
23:02:50.795 [FXGL Background Thread 3 ] DEBUG Engine               - isNative: false
23:02:50.795 [FXGL Background Thread 3 ] DEBUG Engine               - isPauseMusicWhenMinimized: true
23:02:50.795 [FXGL Background Thread 3 ] DEBUG Engine               - isPreserveResizeRatio: false
23:02:50.795 [FXGL Background Thread 3 ] DEBUG Engine               - isProfilingEnabled: false
23:02:50.795 [FXGL Background Thread 3 ] DEBUG Engine               - isScaleAffectedOnResize: true
23:02:50.795 [FXGL Background Thread 3 ] DEBUG Engine               - isSingleStep: false
23:02:50.795 [FXGL Background Thread 3 ] DEBUG Engine               - isUserProfileEnabled: false
23:02:50.795 [FXGL Background Thread 3 ] DEBUG Engine               - isWindows: true
23:02:50.795 [FXGL Background Thread 3 ] DEBUG Engine               - language: ObjectProperty [value: ENGLISH]
23:02:50.795 [FXGL Background Thread 3 ] DEBUG Engine               - menuKey: ESCAPE
23:02:50.795 [FXGL Background Thread 3 ] DEBUG Engine               - mouseSensitivity: 0.2
23:02:50.795 [FXGL Background Thread 3 ] DEBUG Engine               - notificationViewClass: class com.almasb.fxgl.notification.view.XboxNotificationView
23:02:50.795 [FXGL Background Thread 3 ] DEBUG Engine               - pixelsPerMeter: 50.0
23:02:50.795 [FXGL Background Thread 3 ] DEBUG Engine               - platform: WINDOWS
23:02:50.795 [FXGL Background Thread 3 ] DEBUG Engine               - prefHeightProperty: ReadOnlyDoubleProperty [value: 480.0]
23:02:50.795 [FXGL Background Thread 3 ] DEBUG Engine               - prefWidthProperty: ReadOnlyDoubleProperty [value: 480.0]
23:02:50.795 [FXGL Background Thread 3 ] DEBUG Engine               - profileDir: profiles/
23:02:50.795 [FXGL Background Thread 3 ] DEBUG Engine               - profileName: StringProperty [value: DEFAULT]
23:02:50.795 [FXGL Background Thread 3 ] DEBUG Engine               - randomSeed: -1
23:02:50.796 [FXGL Background Thread 3 ] DEBUG Engine               - runtimeInfo: RuntimeInfo(platform=WINDOWS, version=17.3, build=30.03.2023 11.49)
23:02:50.796 [FXGL Background Thread 3 ] DEBUG Engine               - saveFileExt: sav
23:02:50.796 [FXGL Background Thread 3 ] DEBUG Engine               - scaledHeightProp$fxgl: DoubleProperty [bound, value: 480.0]
23:02:50.796 [FXGL Background Thread 3 ] DEBUG Engine               - scaledWidthProp$fxgl: DoubleProperty [bound, value: 480.0]
23:02:50.796 [FXGL Background Thread 3 ] DEBUG Engine               - sceneFactory: org.example.demo.BombermanApp$1@13102cd3
23:02:50.796 [FXGL Background Thread 3 ] DEBUG Engine               - secondsIn24h: 60
23:02:50.796 [FXGL Background Thread 3 ] DEBUG Engine               - soundMenuBack: menu/back.wav
23:02:50.796 [FXGL Background Thread 3 ] DEBUG Engine               - soundMenuPress: menu/press.wav
23:02:50.796 [FXGL Background Thread 3 ] DEBUG Engine               - soundMenuSelect: menu/select.wav
23:02:50.796 [FXGL Background Thread 3 ] DEBUG Engine               - soundNotification: core/notification.wav
23:02:50.796 [FXGL Background Thread 3 ] DEBUG Engine               - stageStyle: DECORATED
23:02:50.796 [FXGL Background Thread 3 ] DEBUG Engine               - supportedLanguages: [ENGLISH, FRENCH, GERMAN, HUNGARIAN, RUSSIAN]
23:02:50.796 [FXGL Background Thread 3 ] DEBUG Engine               - ticksPerSecond: -1
23:02:50.796 [FXGL Background Thread 3 ] DEBUG Engine               - title: Bomberman Game
23:02:50.796 [FXGL Background Thread 3 ] DEBUG Engine               - urlGithub: https://github.com/AlmasB/FXGL
23:02:50.796 [FXGL Background Thread 3 ] DEBUG Engine               - urlLeaderboard: http://fxgl-top.herokuapp.com/
23:02:50.796 [FXGL Background Thread 3 ] DEBUG Engine               - urlPOM: https://raw.githubusercontent.com/AlmasB/FXGL/release/README.md
23:02:50.796 [FXGL Background Thread 3 ] DEBUG Engine               - userAppClass: class org.example.demo.HelloApplication
23:02:50.796 [FXGL Background Thread 3 ] DEBUG Engine               - version: 1.0
23:02:50.797 [FXGL Background Thread 3 ] DEBUG Engine               - versionCheckDays: 7
23:02:50.797 [FXGL Background Thread 3 ] DEBUG Engine               - width: 480
23:02:50.797 [FXGL Background Thread 3 ] DEBUG Engine               - Logging services
23:02:50.797 [FXGL Background Thread 3 ] DEBUG Engine               - class com.almasb.fxgl.app.services.FXGLAssetLoaderService
23:02:50.797 [FXGL Background Thread 3 ] DEBUG Engine               - class com.almasb.fxgl.app.FXGLApplication$GameApplicationService
23:02:50.797 [FXGL Background Thread 3 ] DEBUG Engine               - class com.almasb.fxgl.app.services.FXGLDialogService
23:02:50.797 [FXGL Background Thread 3 ] DEBUG Engine               - class com.almasb.fxgl.app.services.IOTaskExecutorService
23:02:50.797 [FXGL Background Thread 3 ] DEBUG Engine               - class com.almasb.fxgl.io.FileSystemService
23:02:50.797 [FXGL Background Thread 3 ] DEBUG Engine               - class com.almasb.fxgl.localization.LocalizationService
23:02:50.797 [FXGL Background Thread 3 ] DEBUG Engine               - class com.almasb.fxgl.app.services.SystemBundleService
23:02:50.797 [FXGL Background Thread 3 ] DEBUG Engine               - class com.almasb.fxgl.profile.SaveLoadService
23:02:50.797 [FXGL Background Thread 3 ] DEBUG Engine               - class com.almasb.fxgl.ui.FXGLUIFactoryServiceProvider
23:02:50.797 [FXGL Background Thread 3 ] DEBUG Engine               - class com.almasb.fxgl.ui.FXGLDialogFactoryServiceProvider
23:02:50.797 [FXGL Background Thread 3 ] DEBUG Engine               - class com.almasb.fxgl.audio.AudioPlayer
23:02:50.797 [FXGL Background Thread 3 ] DEBUG Engine               - class com.almasb.fxgl.notification.impl.NotificationServiceProvider
23:02:50.797 [FXGL Background Thread 3 ] DEBUG Engine               - class com.almasb.fxgl.achievement.AchievementService
23:02:50.797 [FXGL Background Thread 3 ] DEBUG Engine               - class com.almasb.fxgl.cutscene.CutsceneService
23:02:50.797 [FXGL Background Thread 3 ] DEBUG Engine               - class com.almasb.fxgl.minigames.MiniGameService
23:02:50.797 [FXGL Background Thread 3 ] DEBUG Engine               - class com.almasb.fxgl.net.NetService
23:02:50.797 [FXGL Background Thread 3 ] DEBUG Engine               - class com.almasb.fxgl.app.services.UpdaterService
23:02:50.797 [FXGL Background Thread 3 ] DEBUG Engine               - class com.almasb.fxgl.dev.DevService
23:02:53.165 [JavaFX Application Thread] DEBUG PrimaryStageWindow   - Push state: DialogSubScene
23:02:53.165 [JavaFX Application Thread] DEBUG Input                - Clearing active input actions
23:02:53.167 [JavaFX Application Thread] DEBUG GameApplicationServi - Removing overlay from GameScene and adding to DialogSubScene
23:02:53.167 [JavaFX Application Thread] DEBUG PrimaryStageWindow   - GameScene -> DialogSubScene
23:02:59.600 [JavaFX Application Thread] DEBUG PrimaryStageWindow   - Pop state: DialogSubScene
23:02:59.601 [JavaFX Application Thread] DEBUG Input                - Clearing active input actions
23:02:59.602 [JavaFX Application Thread] DEBUG GameApplicationServi - Removing overlay from DialogSubScene and adding to GameScene
23:02:59.602 [JavaFX Application Thread] DEBUG PrimaryStageWindow   - GameScene <- DialogSubScene
23:02:59.602 [JavaFX Application Thread] DEBUG Input                - Clearing active input actions
23:02:59.609 [JavaFX Application Thread] DEBUG GameApplicationServi - Removing overlay from GameScene and adding to FXGLMainMenuDummyScene
23:02:59.609 [JavaFX Application Thread] DEBUG PrimaryStageWindow   - GameScene -> FXGLMainMenuDummyScene
23:02:59.609 [JavaFX Application Thread] DEBUG PrimaryStageWindow   - Push state: ViewMenu
23:02:59.609 [JavaFX Application Thread] DEBUG Input                - Clearing active input actions
23:02:59.610 [JavaFX Application Thread] DEBUG GameApplicationServi - Removing overlay from FXGLMainMenuDummyScene and adding to ViewMenu
23:02:59.610 [JavaFX Application Thread] DEBUG PrimaryStageWindow   - FXGLMainMenuDummyScene -> ViewMenu
23:03:05.548 [JavaFX Application Thread] DEBUG GameApplicationServi - Starting new game
23:03:05.548 [JavaFX Application Thread] DEBUG PrimaryStageWindow   - Pop state: ViewMenu
23:03:05.548 [JavaFX Application Thread] DEBUG Input                - Clearing active input actions
23:03:05.549 [JavaFX Application Thread] DEBUG GameApplicationServi - Removing overlay from ViewMenu and adding to FXGLMainMenuDummyScene
23:03:05.549 [JavaFX Application Thread] DEBUG PrimaryStageWindow   - FXGLMainMenuDummyScene <- ViewMenu
23:03:05.549 [JavaFX Application Thread] DEBUG Input                - Clearing active input actions
23:03:05.556 [JavaFX Application Thread] DEBUG GameApplicationServi - Removing overlay from FXGLMainMenuDummyScene and adding to FXGLLoadingScene
23:03:05.556 [JavaFX Application Thread] DEBUG PrimaryStageWindow   - FXGLMainMenuDummyScene -> FXGLLoadingScene
23:03:05.556 [JavaFX Application Thread] DEBUG GameApplicationServi - Clearing previous game
23:03:05.556 [JavaFX Application Thread] DEBUG GameScene            - Clearing game scene
23:03:05.556 [JavaFX Application Thread] DEBUG GameWorld            - Clearing game world
23:03:05.566 [JavaFX Application Thread] DEBUG PhysicsWorld         - Clearing physics world
23:03:05.566 [FXGL Background Thread 2 ] DEBUG FXGLApplication      - Initializing game
23:03:05.641 [FXGL Background Thread 2 ] INFO  FXGLApplication      - Game initialization took: 0.075 sec
23:03:05.642 [JavaFX Application Thread] DEBUG Input                - Clearing active input actions
23:03:05.646 [JavaFX Application Thread] DEBUG GameApplicationServi - Removing overlay from FXGLLoadingScene and adding to GameScene
23:03:05.646 [JavaFX Application Thread] DEBUG PrimaryStageWindow   - FXGLLoadingScene -> GameScene
23:03:12.043 [JavaFX Application Thread] DEBUG PrimaryStageWindow   - Push state: DialogSubScene
23:03:12.043 [JavaFX Application Thread] DEBUG Input                - Clearing active input actions
23:03:12.044 [JavaFX Application Thread] DEBUG GameApplicationServi - Removing overlay from GameScene and adding to DialogSubScene
23:03:12.044 [JavaFX Application Thread] DEBUG PrimaryStageWindow   - GameScene -> DialogSubScene
23:03:15.481 [JavaFX Application Thread] DEBUG PrimaryStageWindow   - Pop state: DialogSubScene
23:03:15.481 [JavaFX Application Thread] DEBUG Input                - Clearing active input actions
23:03:15.483 [JavaFX Application Thread] DEBUG GameApplicationServi - Removing overlay from DialogSubScene and adding to GameScene
23:03:15.483 [JavaFX Application Thread] DEBUG PrimaryStageWindow   - GameScene <- DialogSubScene
23:03:17.017 [JavaFX Application Thread] DEBUG FXGLApplication      - Exiting FXGL
23:03:17.017 [JavaFX Application Thread] DEBUG LoopRunner           - Stopping loop
23:03:17.017 [JavaFX Application Thread] DEBUG SystemBundleService  - Saving FXGL system data
23:03:17.023 [JavaFX Application Thread] DEBUG FileSystemAccess     - Writing to: C:\Users\admin\OneDrive\Máy tính\btl\baitaplonOOP\system\fxgl.bundle
23:03:17.026 [JavaFX Application Thread] DEBUG Async                - Shutting down background threads
23:03:17.026 [JavaFX Application Thread] DEBUG PrimaryStageWindow   - Closing main window
23:03:17.042 [JavaFX Application Thread] DEBUG Logger               - Closing Logger
