10:44:34.120 [main                     ] DEBUG Logger               - Configured Logger
10:44:34.150 [main                     ] DEBUG GameApplication      - Logging settings
Title: Bomberman Game
Version: 1.0
Width: 480
Height: 480
Fullscreen: false
Intro: false
Profiling: false
Single step:false
App Mode: DEVELOPER
Menu Key: ESCAPE
Stage Style: DECORATED
Scene Factory: class com.almasb.fxgl.app.scene.SceneFactory

10:44:34.626 [JavaFX Application Thread] DEBUG FXGLApplication      - Initializing FXGL
10:44:34.631 [JavaFX Application Thread] INFO  Engine               - FXGL-17.3 (30.03.2023 11.49) on WINDOWS (J:23.0.2 FX:17.0.6)
10:44:34.631 [JavaFX Application Thread] DEBUG Engine               - JRE Vendor Name: Oracle Corporation
10:44:34.632 [JavaFX Application Thread] DEBUG Engine               - Running on OS: Windows 11 version 10.0
10:44:34.632 [JavaFX Application Thread] DEBUG Engine               - Architecture: amd64
10:44:34.632 [JavaFX Application Thread] INFO  Engine               - Source code and latest versions at: https://github.com/AlmasB/FXGL
10:44:34.632 [JavaFX Application Thread] INFO  Engine               -       Ask questions and discuss at: https://github.com/AlmasB/FXGL/discussions
10:44:34.632 [JavaFX Application Thread] INFO  Engine               -              Join the FXGL chat at: https://gitter.im/AlmasB/FXGL
10:44:34.752 [JavaFX Application Thread] DEBUG PrimaryStageWindow   - Creating a JavaFX scene
10:44:34.807 [JavaFX Application Thread] DEBUG PrimaryStageWindow   - Target settings size: 480.0 x 480.0
10:44:34.807 [JavaFX Application Thread] DEBUG PrimaryStageWindow   - Scaled scene size:    480.0 x 480.0
10:44:34.808 [JavaFX Application Thread] DEBUG PrimaryStageWindow   - Scaled ratio: (1.0, 1.0)
10:44:34.809 [JavaFX Application Thread] DEBUG PrimaryStageWindow   - Set initial scene to FXGLStartupScene
10:44:34.816 [JavaFX Application Thread] DEBUG PrimaryStageWindow   - Opening main window
10:44:34.916 [JavaFX Application Thread] DEBUG PrimaryStageWindow   - Window border size: (14.666656494140625, 37.33331298828125)
10:44:34.917 [JavaFX Application Thread] DEBUG PrimaryStageWindow   - Scaled size: 480.0 x 480.0
10:44:34.917 [JavaFX Application Thread] DEBUG PrimaryStageWindow   - Scaled ratio: (1.0, 1.0)
10:44:34.918 [JavaFX Application Thread] DEBUG PrimaryStageWindow   - Scene size: 480.0 x 480.0
10:44:34.918 [JavaFX Application Thread] DEBUG PrimaryStageWindow   - Stage size: 494.6666564941406 x 517.3333129882812
10:44:34.931 [FXGL Background Thread 1 ] DEBUG Engine               - Initializing environment variables
10:44:35.026 [FXGL Background Thread 1 ] DEBUG FXGLAssetLoaderServi - User app class for loading assets: class org.example.demo.HelloApplication
10:44:35.026 [FXGL Background Thread 1 ] DEBUG GameApplicationServi - Applying CSS: fxgl_dark.css
10:44:35.027 [FXGL Background Thread 1 ] DEBUG FXGLAssetLoaderServi - Loading from file system: jar:file:///C:/Users/admin/.m2/repository/com/github/almasb/fxgl/17.3/fxgl-17.3.jar!/fxglassets/ui/css/fxgl_dark.css
10:44:35.085 [FXGL Background Thread 1 ] DEBUG GameApplicationServi - Initializing application scenes
10:44:35.144 [FXGL Background Thread 1 ] DEBUG GameWorld            - Game world initialized
10:44:35.244 [FXGL Background Thread 1 ] DEBUG PhysicsWorld         - Physics world initialized: appHeight=480, physics.ppm=50.0
10:44:35.245 [FXGL Background Thread 1 ] DEBUG PhysicsWorld         - Using strategy: BRUTE_FORCE
10:44:35.250 [FXGL Background Thread 1 ] DEBUG GameScene            - Game scene initialized: 480x480
10:44:35.264 [FXGL Background Thread 1 ] WARN  FXGL.DefaultMenu     - FXGLDefaultMenu is not designed for resolutions < 800x600
10:44:35.264 [FXGL Background Thread 1 ] DEBUG FXGL.DefaultMenu     - createMenuBodyGameMenu()
10:44:35.280 [FXGL Background Thread 1 ] DEBUG FXGL.DefaultMenu     - createOptionsMenu()
10:44:35.290 [FXGL Background Thread 1 ] DEBUG FXGLAssetLoaderServi - Loading from file system: jar:file:///C:/Users/admin/.m2/repository/com/github/almasb/fxgl/17.3/fxgl-17.3.jar!/fxglassets/textures/particles/smoke.png
10:44:35.387 [FXGL Background Thread 1 ] DEBUG FXGLAssetLoaderServi - Loading from file system: jar:file:///C:/Users/admin/.m2/repository/com/github/almasb/fxgl/17.3/fxgl-17.3.jar!/fxglassets/textures/particles/trace_horizontal.png
10:44:35.419 [FXGL Background Thread 1 ] DEBUG GameApplicationServi - Application scenes initialized
10:44:35.431 [FXGL Background Thread 1 ] DEBUG SystemBundleService  - Loading FXGL system data
10:44:35.437 [FXGL Background Thread 1 ] DEBUG FileSystemAccess     - Reading from: C:\Users\admin\OneDrive\Máy tính\btl\New folder\baitaplonOOP\system\fxgl.bundle
10:44:35.447 [FXGL Background Thread 1 ] DEBUG SystemBundleService  - Bundle FXGL: {}
10:44:35.447 [FXGL Background Thread 1 ] DEBUG UpdaterService       - Checking for updates
10:44:35.452 [FXGL Background Thread 4 ] DEBUG FXGLApplication      - Loading fonts
10:44:35.452 [FXGL Background Thread 4 ] DEBUG FXGLAssetLoaderServi - Loading from file system: jar:file:///C:/Users/admin/.m2/repository/com/github/almasb/fxgl/17.3/fxgl-17.3.jar!/fxglassets/ui/fonts/VarelaRound-Regular.ttf
10:44:35.453 [FXGL Background Thread 1 ] DEBUG FXGLApplication      - Loading default localization
10:44:35.453 [FXGL Background Thread 1 ] DEBUG FXGLAssetLoaderServi - Loading from file system: jar:file:///C:/Users/admin/.m2/repository/com/github/almasb/fxgl/17.3/fxgl-17.3.jar!/fxglassets/languages/english.lang
10:44:35.481 [FXGL Background Thread 1 ] INFO  FXGLApplication      - FXGL initialization took: 0.550 sec
10:44:35.488 [JavaFX Application Thread] DEBUG Input                - Clearing active input actions
10:44:35.498 [JavaFX Application Thread] DEBUG Input                - Registered new binding: Move Up - W
10:44:35.499 [JavaFX Application Thread] DEBUG Input                - Registered new binding: Move Down - S
10:44:35.499 [JavaFX Application Thread] DEBUG Input                - Registered new binding: Move Left - A
10:44:35.499 [JavaFX Application Thread] DEBUG Input                - Registered new binding: Move Right - D
10:44:35.499 [JavaFX Application Thread] DEBUG Input                - Registered new binding: Đặt bom - Space
10:44:35.500 [JavaFX Application Thread] DEBUG FXGLAssetLoaderServi - Loading from file system: jar:file:///C:/Users/admin/.m2/repository/com/github/almasb/fxgl/17.3/fxgl-17.3.jar!/fxglassets/textures/fxgl_icon.png
10:44:35.513 [FXGL Background Thread 4 ] DEBUG FXGLAssetLoaderServi - Loading from file system: jar:file:///C:/Users/admin/.m2/repository/com/github/almasb/fxgl/17.3/fxgl-17.3.jar!/fxglassets/ui/fonts/Abel-Regular.ttf
10:44:35.525 [JavaFX Application Thread] DEBUG FXGLAssetLoaderServi - Loading from file system: jar:file:///C:/Users/admin/.m2/repository/com/github/almasb/fxgl/17.3/fxgl-17.3.jar!/fxglassets/textures/fxgl_default_cursor.png
10:44:35.528 [JavaFX Application Thread] DEBUG Input                - Registered new binding: Screenshot - CTRL+8
10:44:35.529 [JavaFX Application Thread] DEBUG Input                - Registered new binding: System info dump - CTRL+9
10:44:35.529 [FXGL Background Thread 4 ] DEBUG FXGLAssetLoaderServi - Loading from file system: jar:file:///C:/Users/admin/.m2/repository/com/github/almasb/fxgl/17.3/fxgl-17.3.jar!/fxglassets/ui/fonts/TerminalLandMono-Regular.otf
10:44:35.529 [JavaFX Application Thread] DEBUG Input                - Registered new binding: Restart - CTRL+R
10:44:35.530 [JavaFX Application Thread] DEBUG Input                - Registered new binding: Toggle Debug Camera - CTRL+7
10:44:35.533 [JavaFX Application Thread] DEBUG LoopRunner           - Starting loop
10:44:35.533 [JavaFX Application Thread] DEBUG LoopRunner           - Initializing JavaFX AnimationTimerLoop
10:44:35.535 [JavaFX Application Thread] DEBUG GameApplicationServi - Starting new game
10:44:35.535 [JavaFX Application Thread] DEBUG Input                - Clearing active input actions
10:44:35.546 [FXGL Background Thread 4 ] DEBUG FXGLAssetLoaderServi - Loading from file system: jar:file:///C:/Users/admin/.m2/repository/com/github/almasb/fxgl/17.3/fxgl-17.3.jar!/fxglassets/ui/fonts/Courier-Prime.ttf
10:44:35.548 [JavaFX Application Thread] DEBUG GameApplicationServi - Removing overlay from FXGLStartupScene and adding to FXGLLoadingScene
10:44:35.549 [JavaFX Application Thread] DEBUG PrimaryStageWindow   - FXGLStartupScene -> FXGLLoadingScene
10:44:35.549 [JavaFX Application Thread] DEBUG GameApplicationServi - Clearing previous game
10:44:35.549 [JavaFX Application Thread] DEBUG GameScene            - Clearing game scene
10:44:35.549 [JavaFX Application Thread] DEBUG GameWorld            - Clearing game world
10:44:35.549 [JavaFX Application Thread] DEBUG PhysicsWorld         - Clearing physics world
10:44:35.552 [FXGL Background Thread 1 ] DEBUG FXGLApplication      - Initializing game
10:44:35.604 [JavaFX Application Thread] DEBUG FXGLApplication      - Registering font factories with UI factory
10:44:36.007 [FXGL Background Thread 1 ] INFO  FXGLApplication      - Game initialization took: 0.455 sec
10:44:36.008 [JavaFX Application Thread] DEBUG Input                - Clearing active input actions
10:44:36.028 [JavaFX Application Thread] DEBUG GameApplicationServi - Removing overlay from FXGLLoadingScene and adding to GameScene
10:44:36.028 [JavaFX Application Thread] DEBUG PrimaryStageWindow   - FXGLLoadingScene -> GameScene
10:44:36.637 [FXGL Background Thread 2 ] INFO  UpdaterService       - Your current version:  17.3
10:44:36.637 [FXGL Background Thread 2 ] INFO  UpdaterService       - Latest stable version: 21.1
10:44:36.798 [JavaFX Application Thread] DEBUG FXGLApplication      - Exiting FXGL
10:44:36.799 [JavaFX Application Thread] DEBUG LoopRunner           - Stopping loop
10:44:36.799 [JavaFX Application Thread] DEBUG SystemBundleService  - Saving FXGL system data
10:44:36.806 [JavaFX Application Thread] DEBUG FileSystemAccess     - Writing to: C:\Users\admin\OneDrive\Máy tính\btl\New folder\baitaplonOOP\system\fxgl.bundle
10:44:36.810 [JavaFX Application Thread] DEBUG Async                - Shutting down background threads
10:44:36.810 [JavaFX Application Thread] DEBUG PrimaryStageWindow   - Closing main window
10:44:36.828 [JavaFX Application Thread] DEBUG Logger               - Closing Logger
