09:45:07.830 [main                     ] DEBUG Logger               - Configured Logger
09:45:07.859 [main                     ] DEBUG GameApplication      - Logging settings
Title: Bomberman Game
Version: 1.0
Width: 480
Height: 480
Fullscreen: false
Intro: false
Profiling: false
Single step:false
App Mode: DEVELOPER
Menu Key: ESCAPE
Stage Style: DECORATED
Scene Factory: class org.example.demo.BombermanApp$1

09:45:08.194 [JavaFX Application Thread] DEBUG FXGLApplication      - Initializing FXGL
09:45:08.200 [JavaFX Application Thread] INFO  Engine               - FXGL-17.3 (30.03.2023 11.49) on WINDOWS (J:23.0.2 FX:17.0.6)
09:45:08.200 [JavaFX Application Thread] DEBUG Engine               - JRE Vendor Name: Oracle Corporation
09:45:08.200 [JavaFX Application Thread] DEBUG Engine               - Running on OS: Windows 11 version 10.0
09:45:08.200 [JavaFX Application Thread] DEBUG Engine               - Architecture: amd64
09:45:08.200 [JavaFX Application Thread] INFO  Engine               - Source code and latest versions at: https://github.com/AlmasB/FXGL
09:45:08.200 [JavaFX Application Thread] INFO  Engine               -       Ask questions and discuss at: https://github.com/AlmasB/FXGL/discussions
09:45:08.201 [JavaFX Application Thread] INFO  Engine               -              Join the FXGL chat at: https://gitter.im/AlmasB/FXGL
09:45:08.290 [JavaFX Application Thread] DEBUG PrimaryStageWindow   - Creating a JavaFX scene
09:45:08.344 [JavaFX Application Thread] DEBUG PrimaryStageWindow   - Target settings size: 480.0 x 480.0
09:45:08.344 [JavaFX Application Thread] DEBUG PrimaryStageWindow   - Scaled scene size:    480.0 x 480.0
09:45:08.344 [JavaFX Application Thread] DEBUG PrimaryStageWindow   - Scaled ratio: (1.0, 1.0)
09:45:08.345 [JavaFX Application Thread] DEBUG PrimaryStageWindow   - Set initial scene to FXGLStartupScene
09:45:08.352 [JavaFX Application Thread] DEBUG PrimaryStageWindow   - Opening main window
09:45:08.437 [JavaFX Application Thread] DEBUG PrimaryStageWindow   - Window border size: (14.666656494140625, 37.33331298828125)
09:45:08.439 [JavaFX Application Thread] DEBUG PrimaryStageWindow   - Scaled size: 480.0 x 480.0
09:45:08.439 [JavaFX Application Thread] DEBUG PrimaryStageWindow   - Scaled ratio: (1.0, 1.0)
09:45:08.439 [JavaFX Application Thread] DEBUG PrimaryStageWindow   - Scene size: 480.0 x 480.0
09:45:08.439 [JavaFX Application Thread] DEBUG PrimaryStageWindow   - Stage size: 494.6666564941406 x 517.3333129882812
09:45:08.447 [FXGL Background Thread 1 ] DEBUG Engine               - Initializing environment variables
09:45:08.535 [FXGL Background Thread 1 ] DEBUG FXGLAssetLoaderServi - User app class for loading assets: class org.example.demo.HelloApplication
09:45:08.536 [FXGL Background Thread 1 ] DEBUG GameApplicationServi - Applying CSS: fxgl_dark.css
09:45:08.536 [FXGL Background Thread 1 ] DEBUG FXGLAssetLoaderServi - Loading from file system: jar:file:///C:/Users/admin/.m2/repository/com/github/almasb/fxgl/17.3/fxgl-17.3.jar!/fxglassets/ui/css/fxgl_dark.css
09:45:08.585 [FXGL Background Thread 1 ] DEBUG GameApplicationServi - Initializing application scenes
09:45:08.633 [FXGL Background Thread 1 ] DEBUG GameWorld            - Game world initialized
09:45:08.718 [FXGL Background Thread 1 ] DEBUG PhysicsWorld         - Physics world initialized: appHeight=480, physics.ppm=50.0
09:45:08.718 [FXGL Background Thread 1 ] DEBUG PhysicsWorld         - Using strategy: BRUTE_FORCE
09:45:08.723 [FXGL Background Thread 1 ] DEBUG GameScene            - Game scene initialized: 480x480
09:45:08.744 [FXGL Background Thread 1 ] WARN  FXGL.DefaultMenu     - FXGLDefaultMenu is not designed for resolutions < 800x600
09:45:08.744 [FXGL Background Thread 1 ] DEBUG FXGL.DefaultMenu     - createMenuBodyGameMenu()
09:45:08.757 [FXGL Background Thread 1 ] DEBUG FXGL.DefaultMenu     - createOptionsMenu()
09:45:08.768 [FXGL Background Thread 1 ] DEBUG FXGLAssetLoaderServi - Loading from file system: jar:file:///C:/Users/admin/.m2/repository/com/github/almasb/fxgl/17.3/fxgl-17.3.jar!/fxglassets/textures/particles/smoke.png
09:45:08.872 [FXGL Background Thread 1 ] DEBUG FXGLAssetLoaderServi - Loading from file system: jar:file:///C:/Users/admin/.m2/repository/com/github/almasb/fxgl/17.3/fxgl-17.3.jar!/fxglassets/textures/particles/trace_horizontal.png
09:45:08.910 [FXGL Background Thread 1 ] DEBUG GameApplicationServi - Application scenes initialized
09:45:08.922 [FXGL Background Thread 1 ] DEBUG SystemBundleService  - Loading FXGL system data
09:45:08.925 [FXGL Background Thread 1 ] DEBUG FileSystemAccess     - Reading from: C:\Users\admin\OneDrive\Máy tính\btl\baitaplonOOP\system\fxgl.bundle
09:45:08.932 [FXGL Background Thread 1 ] DEBUG SystemBundleService  - Bundle FXGL: {}
09:45:08.933 [FXGL Background Thread 1 ] DEBUG UpdaterService       - Checking for updates
09:45:08.937 [FXGL Background Thread 4 ] DEBUG FXGLApplication      - Loading fonts
09:45:08.938 [FXGL Background Thread 4 ] DEBUG FXGLAssetLoaderServi - Loading from file system: jar:file:///C:/Users/admin/.m2/repository/com/github/almasb/fxgl/17.3/fxgl-17.3.jar!/fxglassets/ui/fonts/VarelaRound-Regular.ttf
09:45:08.938 [FXGL Background Thread 1 ] DEBUG FXGLApplication      - Loading default localization
09:45:08.940 [FXGL Background Thread 1 ] DEBUG FXGLAssetLoaderServi - Loading from file system: jar:file:///C:/Users/admin/.m2/repository/com/github/almasb/fxgl/17.3/fxgl-17.3.jar!/fxglassets/languages/english.lang
09:45:08.961 [FXGL Background Thread 1 ] INFO  FXGLApplication      - FXGL initialization took: 0.514 sec
09:45:08.966 [JavaFX Application Thread] DEBUG Input                - Clearing active input actions
09:45:08.977 [JavaFX Application Thread] DEBUG Input                - Registered new binding: Move Up - W
09:45:08.978 [JavaFX Application Thread] DEBUG Input                - Registered new binding: Move Down - S
09:45:08.978 [JavaFX Application Thread] DEBUG Input                - Registered new binding: Move Left - A
09:45:08.978 [JavaFX Application Thread] DEBUG Input                - Registered new binding: Move Right - D
09:45:08.979 [JavaFX Application Thread] DEBUG Input                - Registered new binding: Đặt bom - Space
09:45:08.979 [JavaFX Application Thread] DEBUG FXGLAssetLoaderServi - Loading from file system: jar:file:///C:/Users/admin/.m2/repository/com/github/almasb/fxgl/17.3/fxgl-17.3.jar!/fxglassets/textures/fxgl_icon.png
09:45:08.990 [FXGL Background Thread 4 ] DEBUG FXGLAssetLoaderServi - Loading from file system: jar:file:///C:/Users/admin/.m2/repository/com/github/almasb/fxgl/17.3/fxgl-17.3.jar!/fxglassets/ui/fonts/Abel-Regular.ttf
09:45:09.007 [FXGL Background Thread 4 ] DEBUG FXGLAssetLoaderServi - Loading from file system: jar:file:///C:/Users/admin/.m2/repository/com/github/almasb/fxgl/17.3/fxgl-17.3.jar!/fxglassets/ui/fonts/TerminalLandMono-Regular.otf
09:45:09.011 [JavaFX Application Thread] DEBUG FXGLAssetLoaderServi - Loading from file system: jar:file:///C:/Users/admin/.m2/repository/com/github/almasb/fxgl/17.3/fxgl-17.3.jar!/fxglassets/textures/fxgl_default_cursor.png
09:45:09.014 [JavaFX Application Thread] DEBUG Input                - Registered new binding: Screenshot - CTRL+8
09:45:09.015 [JavaFX Application Thread] DEBUG Input                - Registered new binding: System info dump - CTRL+9
09:45:09.016 [JavaFX Application Thread] DEBUG Input                - Registered new binding: Restart - CTRL+R
09:45:09.017 [JavaFX Application Thread] DEBUG Input                - Registered new binding: Toggle Debug Camera - CTRL+7
09:45:09.020 [JavaFX Application Thread] DEBUG LoopRunner           - Starting loop
09:45:09.020 [JavaFX Application Thread] DEBUG LoopRunner           - Initializing JavaFX AnimationTimerLoop
09:45:09.023 [JavaFX Application Thread] DEBUG Input                - Clearing active input actions
09:45:09.028 [FXGL Background Thread 4 ] DEBUG FXGLAssetLoaderServi - Loading from file system: jar:file:///C:/Users/admin/.m2/repository/com/github/almasb/fxgl/17.3/fxgl-17.3.jar!/fxglassets/ui/fonts/Courier-Prime.ttf
09:45:09.032 [JavaFX Application Thread] DEBUG GameApplicationServi - Removing overlay from FXGLStartupScene and adding to FXGLMainMenuDummyScene
09:45:09.033 [JavaFX Application Thread] DEBUG PrimaryStageWindow   - FXGLStartupScene -> FXGLMainMenuDummyScene
09:45:09.033 [JavaFX Application Thread] DEBUG PrimaryStageWindow   - Push state: ViewMenu
09:45:09.033 [JavaFX Application Thread] DEBUG Input                - Clearing active input actions
09:45:09.043 [JavaFX Application Thread] DEBUG GameApplicationServi - Removing overlay from FXGLMainMenuDummyScene and adding to ViewMenu
09:45:09.044 [JavaFX Application Thread] DEBUG PrimaryStageWindow   - FXGLMainMenuDummyScene -> ViewMenu
09:45:09.121 [JavaFX Application Thread] DEBUG FXGLApplication      - Registering font factories with UI factory
09:45:09.495 [FXGL Background Thread 2 ] INFO  UpdaterService       - Your current version:  17.3
09:45:09.496 [FXGL Background Thread 2 ] INFO  UpdaterService       - Latest stable version: 21.1
09:45:11.236 [JavaFX Application Thread] DEBUG GameApplicationServi - Starting new game
09:45:11.237 [JavaFX Application Thread] DEBUG PrimaryStageWindow   - Pop state: ViewMenu
09:45:11.237 [JavaFX Application Thread] DEBUG Input                - Clearing active input actions
09:45:11.237 [JavaFX Application Thread] DEBUG GameApplicationServi - Removing overlay from ViewMenu and adding to FXGLMainMenuDummyScene
09:45:11.238 [JavaFX Application Thread] DEBUG PrimaryStageWindow   - FXGLMainMenuDummyScene <- ViewMenu
09:45:11.238 [JavaFX Application Thread] DEBUG Input                - Clearing active input actions
09:45:11.244 [JavaFX Application Thread] DEBUG GameApplicationServi - Removing overlay from FXGLMainMenuDummyScene and adding to FXGLLoadingScene
09:45:11.245 [JavaFX Application Thread] DEBUG PrimaryStageWindow   - FXGLMainMenuDummyScene -> FXGLLoadingScene
09:45:11.245 [JavaFX Application Thread] DEBUG GameApplicationServi - Clearing previous game
09:45:11.245 [JavaFX Application Thread] DEBUG GameScene            - Clearing game scene
09:45:11.245 [JavaFX Application Thread] DEBUG GameWorld            - Clearing game world
09:45:11.245 [JavaFX Application Thread] DEBUG PhysicsWorld         - Clearing physics world
09:45:11.247 [FXGL Background Thread 2 ] DEBUG FXGLApplication      - Initializing game
09:45:11.668 [FXGL Background Thread 2 ] INFO  FXGLApplication      - Game initialization took: 0.421 sec
09:45:11.668 [JavaFX Application Thread] DEBUG Input                - Clearing active input actions
09:45:11.686 [JavaFX Application Thread] DEBUG GameApplicationServi - Removing overlay from FXGLLoadingScene and adding to GameScene
09:45:11.686 [JavaFX Application Thread] DEBUG PrimaryStageWindow   - FXGLLoadingScene -> GameScene
09:45:11.937 [FXGL Background Thread 3 ] DEBUG Engine               - Logging environment variables
09:45:11.937 [FXGL Background Thread 3 ] DEBUG Engine               - achievements: []
09:45:11.938 [FXGL Background Thread 3 ] DEBUG Engine               - actualHeight: 480.0
09:45:11.938 [FXGL Background Thread 3 ] DEBUG Engine               - actualHeightProperty: ReadOnlyDoubleProperty [value: 480.0]
09:45:11.938 [FXGL Background Thread 3 ] DEBUG Engine               - actualWidth: 480.0
09:45:11.938 [FXGL Background Thread 3 ] DEBUG Engine               - actualWidthProperty: ReadOnlyDoubleProperty [value: 480.0]
09:45:11.938 [FXGL Background Thread 3 ] DEBUG Engine               - appIcon: fxgl_icon.png
09:45:11.939 [FXGL Background Thread 3 ] DEBUG Engine               - applicationMode: DEVELOPER
09:45:11.939 [FXGL Background Thread 3 ] DEBUG Engine               - cSSList: [fxgl_dark.css]
09:45:11.939 [FXGL Background Thread 3 ] DEBUG Engine               - collisionDetectionStrategy: BRUTE_FORCE
09:45:11.939 [FXGL Background Thread 3 ] DEBUG Engine               - configClass: Optional.empty
09:45:11.939 [FXGL Background Thread 3 ] DEBUG Engine               - credits: []
09:45:11.939 [FXGL Background Thread 3 ] DEBUG Engine               - defaultCursor: CursorInfo(imageName=fxgl_default_cursor.png, hotspotX=7.0, hotspotY=6.0)
09:45:11.940 [FXGL Background Thread 3 ] DEBUG Engine               - devBBoxColorProperty: ObjectProperty [value: 0xff0000ff]
09:45:11.940 [FXGL Background Thread 3 ] DEBUG Engine               - devEnableDebugCameraProperty: BooleanProperty [value: false]
09:45:11.940 [FXGL Background Thread 3 ] DEBUG Engine               - devSensorColorProperty: ObjectProperty [value: 0xffff00ff]
09:45:11.940 [FXGL Background Thread 3 ] DEBUG Engine               - devShowBBoxProperty: BooleanProperty [value: false]
09:45:11.940 [FXGL Background Thread 3 ] DEBUG Engine               - devShowPositionProperty: BooleanProperty [value: false]
09:45:11.940 [FXGL Background Thread 3 ] DEBUG Engine               - enabledMenuItems: []
09:45:11.940 [FXGL Background Thread 3 ] DEBUG Engine               - engineServices: [class com.almasb.fxgl.app.services.FXGLAssetLoaderService, class com.almasb.fxgl.app.FXGLApplication$GameApplicationService, class com.almasb.fxgl.app.services.FXGLDialogService, class com.almasb.fxgl.app.services.IOTaskExecutorService, class com.almasb.fxgl.io.FileSystemService, class com.almasb.fxgl.localization.LocalizationService, class com.almasb.fxgl.app.services.SystemBundleService, class com.almasb.fxgl.profile.SaveLoadService, class com.almasb.fxgl.ui.FXGLUIFactoryServiceProvider, class com.almasb.fxgl.ui.FXGLDialogFactoryServiceProvider, class com.almasb.fxgl.audio.AudioPlayer, class com.almasb.fxgl.notification.impl.NotificationServiceProvider, class com.almasb.fxgl.achievement.AchievementService, class com.almasb.fxgl.cutscene.CutsceneService, class com.almasb.fxgl.minigames.MiniGameService, class com.almasb.fxgl.net.NetService, class com.almasb.fxgl.app.services.UpdaterService, class com.almasb.fxgl.dev.DevService]
09:45:11.940 [FXGL Background Thread 3 ] DEBUG Engine               - fontGame: Abel-Regular.ttf
09:45:11.941 [FXGL Background Thread 3 ] DEBUG Engine               - fontMono: TerminalLandMono-Regular.otf
09:45:11.941 [FXGL Background Thread 3 ] DEBUG Engine               - fontSizeScaleUI: 1.0
09:45:11.941 [FXGL Background Thread 3 ] DEBUG Engine               - fontText: Courier-Prime.ttf
09:45:11.941 [FXGL Background Thread 3 ] DEBUG Engine               - fontUI: VarelaRound-Regular.ttf
09:45:11.941 [FXGL Background Thread 3 ] DEBUG Engine               - fullScreen: BooleanProperty [value: false]
09:45:11.941 [FXGL Background Thread 3 ] DEBUG Engine               - gameDifficulty: MEDIUM
09:45:11.941 [FXGL Background Thread 3 ] DEBUG Engine               - gameDifficultyProperty: ObjectProperty [value: MEDIUM]
09:45:11.941 [FXGL Background Thread 3 ] DEBUG Engine               - globalMusicVolume: 0.5
09:45:11.941 [FXGL Background Thread 3 ] DEBUG Engine               - globalMusicVolumeProperty: DoubleProperty [value: 0.5]
09:45:11.942 [FXGL Background Thread 3 ] DEBUG Engine               - globalSoundVolume: 0.5
09:45:11.942 [FXGL Background Thread 3 ] DEBUG Engine               - globalSoundVolumeProperty: DoubleProperty [value: 0.5]
09:45:11.942 [FXGL Background Thread 3 ] DEBUG Engine               - height: 480
09:45:11.942 [FXGL Background Thread 3 ] DEBUG Engine               - is3D: false
09:45:11.942 [FXGL Background Thread 3 ] DEBUG Engine               - isAndroid: false
09:45:11.942 [FXGL Background Thread 3 ] DEBUG Engine               - isBrowser: false
09:45:11.942 [FXGL Background Thread 3 ] DEBUG Engine               - isClickFeedbackEnabled: false
09:45:11.942 [FXGL Background Thread 3 ] DEBUG Engine               - isCloseConfirmation: false
09:45:11.942 [FXGL Background Thread 3 ] DEBUG Engine               - isDesktop: true
09:45:11.942 [FXGL Background Thread 3 ] DEBUG Engine               - isDeveloperMenuEnabled: false
09:45:11.942 [FXGL Background Thread 3 ] DEBUG Engine               - isEmbedded: false
09:45:11.942 [FXGL Background Thread 3 ] DEBUG Engine               - isEntityPreloadEnabled: true
09:45:11.942 [FXGL Background Thread 3 ] DEBUG Engine               - isExperimentalTiledLargeMap: false
09:45:11.944 [FXGL Background Thread 3 ] DEBUG Engine               - isFileSystemWriteAllowed: true
09:45:11.944 [FXGL Background Thread 3 ] DEBUG Engine               - isFullScreenAllowed: false
09:45:11.944 [FXGL Background Thread 3 ] DEBUG Engine               - isFullScreenFromStart: false
09:45:11.944 [FXGL Background Thread 3 ] DEBUG Engine               - isGameMenuEnabled: true
09:45:11.944 [FXGL Background Thread 3 ] DEBUG Engine               - isIOS: false
09:45:11.944 [FXGL Background Thread 3 ] DEBUG Engine               - isIntroEnabled: false
09:45:11.944 [FXGL Background Thread 3 ] DEBUG Engine               - isLinux: false
09:45:11.944 [FXGL Background Thread 3 ] DEBUG Engine               - isMac: false
09:45:11.944 [FXGL Background Thread 3 ] DEBUG Engine               - isMainMenuEnabled: true
09:45:11.944 [FXGL Background Thread 3 ] DEBUG Engine               - isManualResizeEnabled: false
09:45:11.944 [FXGL Background Thread 3 ] DEBUG Engine               - isMobile: false
09:45:11.944 [FXGL Background Thread 3 ] DEBUG Engine               - isNative: false
09:45:11.945 [FXGL Background Thread 3 ] DEBUG Engine               - isPauseMusicWhenMinimized: true
09:45:11.945 [FXGL Background Thread 3 ] DEBUG Engine               - isPreserveResizeRatio: false
09:45:11.945 [FXGL Background Thread 3 ] DEBUG Engine               - isProfilingEnabled: false
09:45:11.945 [FXGL Background Thread 3 ] DEBUG Engine               - isScaleAffectedOnResize: true
09:45:11.945 [FXGL Background Thread 3 ] DEBUG Engine               - isSingleStep: false
09:45:11.945 [FXGL Background Thread 3 ] DEBUG Engine               - isUserProfileEnabled: false
09:45:11.945 [FXGL Background Thread 3 ] DEBUG Engine               - isWindows: true
09:45:11.945 [FXGL Background Thread 3 ] DEBUG Engine               - language: ObjectProperty [value: ENGLISH]
09:45:11.945 [FXGL Background Thread 3 ] DEBUG Engine               - menuKey: ESCAPE
09:45:11.946 [FXGL Background Thread 3 ] DEBUG Engine               - mouseSensitivity: 0.2
09:45:11.946 [FXGL Background Thread 3 ] DEBUG Engine               - notificationViewClass: class com.almasb.fxgl.notification.view.XboxNotificationView
09:45:11.946 [FXGL Background Thread 3 ] DEBUG Engine               - pixelsPerMeter: 50.0
09:45:11.946 [FXGL Background Thread 3 ] DEBUG Engine               - platform: WINDOWS
09:45:11.946 [FXGL Background Thread 3 ] DEBUG Engine               - prefHeightProperty: ReadOnlyDoubleProperty [value: 480.0]
09:45:11.946 [FXGL Background Thread 3 ] DEBUG Engine               - prefWidthProperty: ReadOnlyDoubleProperty [value: 480.0]
09:45:11.946 [FXGL Background Thread 3 ] DEBUG Engine               - profileDir: profiles/
09:45:11.947 [FXGL Background Thread 3 ] DEBUG Engine               - profileName: StringProperty [value: DEFAULT]
09:45:11.947 [FXGL Background Thread 3 ] DEBUG Engine               - randomSeed: -1
09:45:11.948 [FXGL Background Thread 3 ] DEBUG Engine               - runtimeInfo: RuntimeInfo(platform=WINDOWS, version=17.3, build=30.03.2023 11.49)
09:45:11.948 [FXGL Background Thread 3 ] DEBUG Engine               - saveFileExt: sav
09:45:11.948 [FXGL Background Thread 3 ] DEBUG Engine               - scaledHeightProp$fxgl: DoubleProperty [bound, value: 480.0]
09:45:11.948 [FXGL Background Thread 3 ] DEBUG Engine               - scaledWidthProp$fxgl: DoubleProperty [bound, value: 480.0]
09:45:11.948 [FXGL Background Thread 3 ] DEBUG Engine               - sceneFactory: org.example.demo.BombermanApp$1@5f4cc512
09:45:11.948 [FXGL Background Thread 3 ] DEBUG Engine               - secondsIn24h: 60
09:45:11.949 [FXGL Background Thread 3 ] DEBUG Engine               - soundMenuBack: menu/back.wav
09:45:11.949 [FXGL Background Thread 3 ] DEBUG Engine               - soundMenuPress: menu/press.wav
09:45:11.949 [FXGL Background Thread 3 ] DEBUG Engine               - soundMenuSelect: menu/select.wav
09:45:11.949 [FXGL Background Thread 3 ] DEBUG Engine               - soundNotification: core/notification.wav
09:45:11.949 [FXGL Background Thread 3 ] DEBUG Engine               - stageStyle: DECORATED
09:45:11.949 [FXGL Background Thread 3 ] DEBUG Engine               - supportedLanguages: [ENGLISH, FRENCH, GERMAN, HUNGARIAN, RUSSIAN]
09:45:11.949 [FXGL Background Thread 3 ] DEBUG Engine               - ticksPerSecond: -1
09:45:11.950 [FXGL Background Thread 3 ] DEBUG Engine               - title: Bomberman Game
09:45:11.950 [FXGL Background Thread 3 ] DEBUG Engine               - urlGithub: https://github.com/AlmasB/FXGL
09:45:11.950 [FXGL Background Thread 3 ] DEBUG Engine               - urlLeaderboard: http://fxgl-top.herokuapp.com/
09:45:11.950 [FXGL Background Thread 3 ] DEBUG Engine               - urlPOM: https://raw.githubusercontent.com/AlmasB/FXGL/release/README.md
09:45:11.950 [FXGL Background Thread 3 ] DEBUG Engine               - userAppClass: class org.example.demo.HelloApplication
09:45:11.950 [FXGL Background Thread 3 ] DEBUG Engine               - version: 1.0
09:45:11.950 [FXGL Background Thread 3 ] DEBUG Engine               - versionCheckDays: 7
09:45:11.950 [FXGL Background Thread 3 ] DEBUG Engine               - width: 480
09:45:11.951 [FXGL Background Thread 3 ] DEBUG Engine               - Logging services
09:45:11.951 [FXGL Background Thread 3 ] DEBUG Engine               - class com.almasb.fxgl.app.services.FXGLAssetLoaderService
09:45:11.951 [FXGL Background Thread 3 ] DEBUG Engine               - class com.almasb.fxgl.app.FXGLApplication$GameApplicationService
09:45:11.951 [FXGL Background Thread 3 ] DEBUG Engine               - class com.almasb.fxgl.app.services.FXGLDialogService
09:45:11.951 [FXGL Background Thread 3 ] DEBUG Engine               - class com.almasb.fxgl.app.services.IOTaskExecutorService
09:45:11.951 [FXGL Background Thread 3 ] DEBUG Engine               - class com.almasb.fxgl.io.FileSystemService
09:45:11.951 [FXGL Background Thread 3 ] DEBUG Engine               - class com.almasb.fxgl.localization.LocalizationService
09:45:11.951 [FXGL Background Thread 3 ] DEBUG Engine               - class com.almasb.fxgl.app.services.SystemBundleService
09:45:11.951 [FXGL Background Thread 3 ] DEBUG Engine               - class com.almasb.fxgl.profile.SaveLoadService
09:45:11.951 [FXGL Background Thread 3 ] DEBUG Engine               - class com.almasb.fxgl.ui.FXGLUIFactoryServiceProvider
09:45:11.951 [FXGL Background Thread 3 ] DEBUG Engine               - class com.almasb.fxgl.ui.FXGLDialogFactoryServiceProvider
09:45:11.951 [FXGL Background Thread 3 ] DEBUG Engine               - class com.almasb.fxgl.audio.AudioPlayer
09:45:11.951 [FXGL Background Thread 3 ] DEBUG Engine               - class com.almasb.fxgl.notification.impl.NotificationServiceProvider
09:45:11.951 [FXGL Background Thread 3 ] DEBUG Engine               - class com.almasb.fxgl.achievement.AchievementService
09:45:11.952 [FXGL Background Thread 3 ] DEBUG Engine               - class com.almasb.fxgl.cutscene.CutsceneService
09:45:11.952 [FXGL Background Thread 3 ] DEBUG Engine               - class com.almasb.fxgl.minigames.MiniGameService
09:45:11.952 [FXGL Background Thread 3 ] DEBUG Engine               - class com.almasb.fxgl.net.NetService
09:45:11.952 [FXGL Background Thread 3 ] DEBUG Engine               - class com.almasb.fxgl.app.services.UpdaterService
09:45:11.952 [FXGL Background Thread 3 ] DEBUG Engine               - class com.almasb.fxgl.dev.DevService
09:45:17.906 [JavaFX Application Thread] DEBUG PrimaryStageWindow   - Push state: DialogSubScene
09:45:17.906 [JavaFX Application Thread] DEBUG Input                - Clearing active input actions
09:45:17.907 [JavaFX Application Thread] DEBUG GameApplicationServi - Removing overlay from GameScene and adding to DialogSubScene
09:45:17.908 [JavaFX Application Thread] DEBUG PrimaryStageWindow   - GameScene -> DialogSubScene
09:45:19.706 [JavaFX Application Thread] DEBUG PrimaryStageWindow   - Pop state: DialogSubScene
09:45:19.706 [JavaFX Application Thread] DEBUG Input                - Clearing active input actions
09:45:19.708 [JavaFX Application Thread] DEBUG GameApplicationServi - Removing overlay from DialogSubScene and adding to GameScene
09:45:19.709 [JavaFX Application Thread] DEBUG PrimaryStageWindow   - GameScene <- DialogSubScene
09:45:31.177 [JavaFX Application Thread] DEBUG PrimaryStageWindow   - Push state: DialogSubScene
09:45:31.178 [JavaFX Application Thread] DEBUG Input                - Clearing active input actions
09:45:31.179 [JavaFX Application Thread] DEBUG GameApplicationServi - Removing overlay from GameScene and adding to DialogSubScene
09:45:31.180 [JavaFX Application Thread] DEBUG PrimaryStageWindow   - GameScene -> DialogSubScene
09:45:32.278 [JavaFX Application Thread] DEBUG PrimaryStageWindow   - Pop state: DialogSubScene
09:45:32.278 [JavaFX Application Thread] DEBUG Input                - Clearing active input actions
09:45:32.279 [JavaFX Application Thread] DEBUG GameApplicationServi - Removing overlay from DialogSubScene and adding to GameScene
09:45:32.279 [JavaFX Application Thread] DEBUG PrimaryStageWindow   - GameScene <- DialogSubScene
09:45:38.681 [JavaFX Application Thread] DEBUG PrimaryStageWindow   - Push state: DialogSubScene
09:45:38.682 [JavaFX Application Thread] DEBUG Input                - Clearing active input actions
09:45:38.683 [JavaFX Application Thread] DEBUG GameApplicationServi - Removing overlay from GameScene and adding to DialogSubScene
09:45:38.683 [JavaFX Application Thread] DEBUG PrimaryStageWindow   - GameScene -> DialogSubScene
09:45:40.006 [JavaFX Application Thread] DEBUG PrimaryStageWindow   - Pop state: DialogSubScene
09:45:40.006 [JavaFX Application Thread] DEBUG Input                - Clearing active input actions
09:45:40.006 [JavaFX Application Thread] DEBUG GameApplicationServi - Removing overlay from DialogSubScene and adding to GameScene
09:45:40.006 [JavaFX Application Thread] DEBUG PrimaryStageWindow   - GameScene <- DialogSubScene
09:45:45.448 [JavaFX Application Thread] DEBUG PrimaryStageWindow   - Push state: DialogSubScene
09:45:45.448 [JavaFX Application Thread] DEBUG Input                - Clearing active input actions
09:45:45.449 [JavaFX Application Thread] DEBUG GameApplicationServi - Removing overlay from GameScene and adding to DialogSubScene
09:45:45.449 [JavaFX Application Thread] DEBUG PrimaryStageWindow   - GameScene -> DialogSubScene
09:45:47.226 [JavaFX Application Thread] DEBUG PrimaryStageWindow   - Pop state: DialogSubScene
09:45:47.226 [JavaFX Application Thread] DEBUG Input                - Clearing active input actions
09:45:47.227 [JavaFX Application Thread] DEBUG GameApplicationServi - Removing overlay from DialogSubScene and adding to GameScene
09:45:47.228 [JavaFX Application Thread] DEBUG PrimaryStageWindow   - GameScene <- DialogSubScene
09:45:53.463 [JavaFX Application Thread] DEBUG PrimaryStageWindow   - Push state: DialogSubScene
09:45:53.464 [JavaFX Application Thread] DEBUG Input                - Clearing active input actions
09:45:53.464 [JavaFX Application Thread] DEBUG GameApplicationServi - Removing overlay from GameScene and adding to DialogSubScene
09:45:53.464 [JavaFX Application Thread] DEBUG PrimaryStageWindow   - GameScene -> DialogSubScene
09:45:55.069 [JavaFX Application Thread] DEBUG PrimaryStageWindow   - Pop state: DialogSubScene
09:45:55.069 [JavaFX Application Thread] DEBUG Input                - Clearing active input actions
09:45:55.070 [JavaFX Application Thread] DEBUG GameApplicationServi - Removing overlay from DialogSubScene and adding to GameScene
09:45:55.071 [JavaFX Application Thread] DEBUG PrimaryStageWindow   - GameScene <- DialogSubScene
09:45:55.672 [JavaFX Application Thread] DEBUG PrimaryStageWindow   - Push state: DialogSubScene
09:45:55.672 [JavaFX Application Thread] DEBUG Input                - Clearing active input actions
09:45:55.673 [JavaFX Application Thread] DEBUG GameApplicationServi - Removing overlay from GameScene and adding to DialogSubScene
09:45:55.673 [JavaFX Application Thread] DEBUG PrimaryStageWindow   - GameScene -> DialogSubScene
09:45:57.775 [JavaFX Application Thread] DEBUG PrimaryStageWindow   - Pop state: DialogSubScene
09:45:57.775 [JavaFX Application Thread] DEBUG Input                - Clearing active input actions
09:45:57.776 [JavaFX Application Thread] DEBUG GameApplicationServi - Removing overlay from DialogSubScene and adding to GameScene
09:45:57.777 [JavaFX Application Thread] DEBUG PrimaryStageWindow   - GameScene <- DialogSubScene
09:46:00.541 [JavaFX Application Thread] DEBUG PrimaryStageWindow   - Push state: DialogSubScene
09:46:00.542 [JavaFX Application Thread] DEBUG Input                - Clearing active input actions
09:46:00.545 [JavaFX Application Thread] DEBUG GameApplicationServi - Removing overlay from GameScene and adding to DialogSubScene
09:46:00.545 [JavaFX Application Thread] DEBUG PrimaryStageWindow   - GameScene -> DialogSubScene
09:46:06.331 [JavaFX Application Thread] DEBUG FXGLApplication      - Exiting FXGL
09:46:06.331 [JavaFX Application Thread] DEBUG LoopRunner           - Stopping loop
09:46:06.331 [JavaFX Application Thread] DEBUG SystemBundleService  - Saving FXGL system data
09:46:06.336 [JavaFX Application Thread] DEBUG FileSystemAccess     - Writing to: C:\Users\admin\OneDrive\Máy tính\btl\baitaplonOOP\system\fxgl.bundle
09:46:06.339 [JavaFX Application Thread] DEBUG Async                - Shutting down background threads
09:46:06.340 [JavaFX Application Thread] DEBUG PrimaryStageWindow   - Closing main window
09:46:06.364 [JavaFX Application Thread] DEBUG Logger               - Closing Logger
