09:32:09.295 [main                     ] DEBUG Logger               - Configured Logger
09:32:09.311 [main                     ] DEBUG GameApplication      - Logging settings
Title: Bomberman Game
Version: 1.0
Width: 480
Height: 480
Fullscreen: false
Intro: false
Profiling: false
Single step:false
App Mode: DEVELOPER
Menu Key: ESCAPE
Stage Style: DECORATED
Scene Factory: class org.example.demo.BombermanApp$1

09:32:09.620 [JavaFX Application Thread] DEBUG FXGLApplication      - Initializing FXGL
09:32:09.623 [JavaFX Application Thread] INFO  Engine               - FXGL-17.3 (30.03.2023 11.49) on WINDOWS (J:23.0.2 FX:17.0.6)
09:32:09.624 [JavaFX Application Thread] DEBUG Engine               - JRE Vendor Name: Oracle Corporation
09:32:09.624 [JavaFX Application Thread] DEBUG Engine               - Running on OS: Windows 11 version 10.0
09:32:09.624 [JavaFX Application Thread] DEBUG Engine               - Architecture: amd64
09:32:09.624 [JavaFX Application Thread] INFO  Engine               - Source code and latest versions at: https://github.com/AlmasB/FXGL
09:32:09.624 [JavaFX Application Thread] INFO  Engine               -       Ask questions and discuss at: https://github.com/AlmasB/FXGL/discussions
09:32:09.624 [JavaFX Application Thread] INFO  Engine               -              Join the FXGL chat at: https://gitter.im/AlmasB/FXGL
09:32:09.705 [JavaFX Application Thread] DEBUG PrimaryStageWindow   - Creating a JavaFX scene
09:32:09.751 [JavaFX Application Thread] DEBUG PrimaryStageWindow   - Target settings size: 480.0 x 480.0
09:32:09.752 [JavaFX Application Thread] DEBUG PrimaryStageWindow   - Scaled scene size:    480.0 x 480.0
09:32:09.752 [JavaFX Application Thread] DEBUG PrimaryStageWindow   - Scaled ratio: (1.0, 1.0)
09:32:09.753 [JavaFX Application Thread] DEBUG PrimaryStageWindow   - Set initial scene to FXGLStartupScene
09:32:09.760 [JavaFX Application Thread] DEBUG PrimaryStageWindow   - Opening main window
09:32:09.840 [JavaFX Application Thread] DEBUG PrimaryStageWindow   - Window border size: (14.666656494140625, 37.33331298828125)
09:32:09.841 [JavaFX Application Thread] DEBUG PrimaryStageWindow   - Scaled size: 480.0 x 480.0
09:32:09.841 [JavaFX Application Thread] DEBUG PrimaryStageWindow   - Scaled ratio: (1.0, 1.0)
09:32:09.841 [JavaFX Application Thread] DEBUG PrimaryStageWindow   - Scene size: 480.0 x 480.0
09:32:09.841 [JavaFX Application Thread] DEBUG PrimaryStageWindow   - Stage size: 494.6666564941406 x 517.3333129882812
09:32:09.849 [FXGL Background Thread 1 ] DEBUG Engine               - Initializing environment variables
09:32:09.927 [FXGL Background Thread 1 ] DEBUG FXGLAssetLoaderServi - User app class for loading assets: class org.example.demo.HelloApplication
09:32:09.928 [FXGL Background Thread 1 ] DEBUG GameApplicationServi - Applying CSS: fxgl_dark.css
09:32:09.928 [FXGL Background Thread 1 ] DEBUG FXGLAssetLoaderServi - Loading from file system: jar:file:///C:/Users/admin/.m2/repository/com/github/almasb/fxgl/17.3/fxgl-17.3.jar!/fxglassets/ui/css/fxgl_dark.css
09:32:09.977 [FXGL Background Thread 1 ] DEBUG GameApplicationServi - Initializing application scenes
09:32:10.019 [FXGL Background Thread 1 ] DEBUG GameWorld            - Game world initialized
09:32:10.093 [FXGL Background Thread 1 ] DEBUG PhysicsWorld         - Physics world initialized: appHeight=480, physics.ppm=50.0
09:32:10.093 [FXGL Background Thread 1 ] DEBUG PhysicsWorld         - Using strategy: BRUTE_FORCE
09:32:10.097 [FXGL Background Thread 1 ] DEBUG GameScene            - Game scene initialized: 480x480
09:32:10.121 [FXGL Background Thread 1 ] WARN  FXGL.DefaultMenu     - FXGLDefaultMenu is not designed for resolutions < 800x600
09:32:10.122 [FXGL Background Thread 1 ] DEBUG FXGL.DefaultMenu     - createMenuBodyGameMenu()
09:32:10.135 [FXGL Background Thread 1 ] DEBUG FXGL.DefaultMenu     - createOptionsMenu()
09:32:10.145 [FXGL Background Thread 1 ] DEBUG FXGLAssetLoaderServi - Loading from file system: jar:file:///C:/Users/admin/.m2/repository/com/github/almasb/fxgl/17.3/fxgl-17.3.jar!/fxglassets/textures/particles/smoke.png
09:32:10.238 [FXGL Background Thread 1 ] DEBUG FXGLAssetLoaderServi - Loading from file system: jar:file:///C:/Users/admin/.m2/repository/com/github/almasb/fxgl/17.3/fxgl-17.3.jar!/fxglassets/textures/particles/trace_horizontal.png
09:32:10.269 [FXGL Background Thread 1 ] DEBUG GameApplicationServi - Application scenes initialized
09:32:10.281 [FXGL Background Thread 1 ] DEBUG SystemBundleService  - Loading FXGL system data
09:32:10.285 [FXGL Background Thread 1 ] DEBUG FileSystemAccess     - Reading from: C:\Users\admin\OneDrive\Máy tính\btl\baitaplonOOP\system\fxgl.bundle
09:32:10.293 [FXGL Background Thread 1 ] DEBUG SystemBundleService  - Bundle FXGL: {}
09:32:10.293 [FXGL Background Thread 1 ] DEBUG UpdaterService       - Checking for updates
09:32:10.298 [FXGL Background Thread 4 ] DEBUG FXGLApplication      - Loading fonts
09:32:10.299 [FXGL Background Thread 1 ] DEBUG FXGLApplication      - Loading default localization
09:32:10.299 [FXGL Background Thread 4 ] DEBUG FXGLAssetLoaderServi - Loading from file system: jar:file:///C:/Users/admin/.m2/repository/com/github/almasb/fxgl/17.3/fxgl-17.3.jar!/fxglassets/ui/fonts/VarelaRound-Regular.ttf
09:32:10.299 [FXGL Background Thread 1 ] DEBUG FXGLAssetLoaderServi - Loading from file system: jar:file:///C:/Users/admin/.m2/repository/com/github/almasb/fxgl/17.3/fxgl-17.3.jar!/fxglassets/languages/english.lang
09:32:10.320 [FXGL Background Thread 1 ] INFO  FXGLApplication      - FXGL initialization took: 0.471 sec
09:32:10.324 [JavaFX Application Thread] DEBUG Input                - Clearing active input actions
09:32:10.333 [JavaFX Application Thread] DEBUG Input                - Registered new binding: Move Up - W
09:32:10.333 [JavaFX Application Thread] DEBUG Input                - Registered new binding: Move Down - S
09:32:10.333 [JavaFX Application Thread] DEBUG Input                - Registered new binding: Move Left - A
09:32:10.333 [JavaFX Application Thread] DEBUG Input                - Registered new binding: Move Right - D
09:32:10.334 [JavaFX Application Thread] DEBUG Input                - Registered new binding: Đặt bom - Space
09:32:10.334 [JavaFX Application Thread] DEBUG FXGLAssetLoaderServi - Loading from file system: jar:file:///C:/Users/admin/.m2/repository/com/github/almasb/fxgl/17.3/fxgl-17.3.jar!/fxglassets/textures/fxgl_icon.png
09:32:10.352 [JavaFX Application Thread] DEBUG FXGLAssetLoaderServi - Loading from file system: jar:file:///C:/Users/admin/.m2/repository/com/github/almasb/fxgl/17.3/fxgl-17.3.jar!/fxglassets/textures/fxgl_default_cursor.png
09:32:10.355 [JavaFX Application Thread] DEBUG Input                - Registered new binding: Screenshot - CTRL+8
09:32:10.355 [JavaFX Application Thread] DEBUG Input                - Registered new binding: System info dump - CTRL+9
09:32:10.355 [JavaFX Application Thread] DEBUG Input                - Registered new binding: Restart - CTRL+R
09:32:10.356 [JavaFX Application Thread] DEBUG Input                - Registered new binding: Toggle Debug Camera - CTRL+7
09:32:10.358 [JavaFX Application Thread] DEBUG LoopRunner           - Starting loop
09:32:10.358 [JavaFX Application Thread] DEBUG LoopRunner           - Initializing JavaFX AnimationTimerLoop
09:32:10.358 [FXGL Background Thread 4 ] DEBUG FXGLAssetLoaderServi - Loading from file system: jar:file:///C:/Users/admin/.m2/repository/com/github/almasb/fxgl/17.3/fxgl-17.3.jar!/fxglassets/ui/fonts/Abel-Regular.ttf
09:32:10.361 [JavaFX Application Thread] DEBUG Input                - Clearing active input actions
09:32:10.369 [JavaFX Application Thread] DEBUG GameApplicationServi - Removing overlay from FXGLStartupScene and adding to FXGLMainMenuDummyScene
09:32:10.370 [JavaFX Application Thread] DEBUG PrimaryStageWindow   - FXGLStartupScene -> FXGLMainMenuDummyScene
09:32:10.370 [JavaFX Application Thread] DEBUG PrimaryStageWindow   - Push state: ViewMenu
09:32:10.370 [JavaFX Application Thread] DEBUG Input                - Clearing active input actions
09:32:10.377 [JavaFX Application Thread] DEBUG GameApplicationServi - Removing overlay from FXGLMainMenuDummyScene and adding to ViewMenu
09:32:10.377 [JavaFX Application Thread] DEBUG PrimaryStageWindow   - FXGLMainMenuDummyScene -> ViewMenu
09:32:10.378 [FXGL Background Thread 4 ] DEBUG FXGLAssetLoaderServi - Loading from file system: jar:file:///C:/Users/admin/.m2/repository/com/github/almasb/fxgl/17.3/fxgl-17.3.jar!/fxglassets/ui/fonts/TerminalLandMono-Regular.otf
09:32:10.394 [FXGL Background Thread 4 ] DEBUG FXGLAssetLoaderServi - Loading from file system: jar:file:///C:/Users/admin/.m2/repository/com/github/almasb/fxgl/17.3/fxgl-17.3.jar!/fxglassets/ui/fonts/Courier-Prime.ttf
09:32:10.469 [JavaFX Application Thread] DEBUG FXGLApplication      - Registering font factories with UI factory
09:32:11.065 [FXGL Background Thread 2 ] INFO  UpdaterService       - Your current version:  17.3
09:32:11.065 [FXGL Background Thread 2 ] INFO  UpdaterService       - Latest stable version: 21.1
09:32:12.466 [JavaFX Application Thread] DEBUG GameApplicationServi - Starting new game
09:32:12.466 [JavaFX Application Thread] DEBUG PrimaryStageWindow   - Pop state: ViewMenu
09:32:12.467 [JavaFX Application Thread] DEBUG Input                - Clearing active input actions
09:32:12.468 [JavaFX Application Thread] DEBUG GameApplicationServi - Removing overlay from ViewMenu and adding to FXGLMainMenuDummyScene
09:32:12.469 [JavaFX Application Thread] DEBUG PrimaryStageWindow   - FXGLMainMenuDummyScene <- ViewMenu
09:32:12.469 [JavaFX Application Thread] DEBUG Input                - Clearing active input actions
09:32:12.482 [JavaFX Application Thread] DEBUG GameApplicationServi - Removing overlay from FXGLMainMenuDummyScene and adding to FXGLLoadingScene
09:32:12.483 [JavaFX Application Thread] DEBUG PrimaryStageWindow   - FXGLMainMenuDummyScene -> FXGLLoadingScene
09:32:12.483 [JavaFX Application Thread] DEBUG GameApplicationServi - Clearing previous game
09:32:12.483 [JavaFX Application Thread] DEBUG GameScene            - Clearing game scene
09:32:12.483 [JavaFX Application Thread] DEBUG GameWorld            - Clearing game world
09:32:12.483 [JavaFX Application Thread] DEBUG PhysicsWorld         - Clearing physics world
09:32:12.484 [FXGL Background Thread 2 ] DEBUG FXGLApplication      - Initializing game
09:32:12.807 [FXGL Background Thread 2 ] INFO  FXGLApplication      - Game initialization took: 0.323 sec
09:32:12.808 [JavaFX Application Thread] DEBUG Input                - Clearing active input actions
09:32:12.819 [JavaFX Application Thread] DEBUG GameApplicationServi - Removing overlay from FXGLLoadingScene and adding to GameScene
09:32:12.819 [JavaFX Application Thread] DEBUG PrimaryStageWindow   - FXGLLoadingScene -> GameScene
09:32:13.298 [FXGL Background Thread 3 ] DEBUG Engine               - Logging environment variables
09:32:13.299 [FXGL Background Thread 3 ] DEBUG Engine               - achievements: []
09:32:13.299 [FXGL Background Thread 3 ] DEBUG Engine               - actualHeight: 480.0
09:32:13.299 [FXGL Background Thread 3 ] DEBUG Engine               - actualHeightProperty: ReadOnlyDoubleProperty [value: 480.0]
09:32:13.300 [FXGL Background Thread 3 ] DEBUG Engine               - actualWidth: 480.0
09:32:13.300 [FXGL Background Thread 3 ] DEBUG Engine               - actualWidthProperty: ReadOnlyDoubleProperty [value: 480.0]
09:32:13.300 [FXGL Background Thread 3 ] DEBUG Engine               - appIcon: fxgl_icon.png
09:32:13.300 [FXGL Background Thread 3 ] DEBUG Engine               - applicationMode: DEVELOPER
09:32:13.300 [FXGL Background Thread 3 ] DEBUG Engine               - cSSList: [fxgl_dark.css]
09:32:13.300 [FXGL Background Thread 3 ] DEBUG Engine               - collisionDetectionStrategy: BRUTE_FORCE
09:32:13.300 [FXGL Background Thread 3 ] DEBUG Engine               - configClass: Optional.empty
09:32:13.301 [FXGL Background Thread 3 ] DEBUG Engine               - credits: []
09:32:13.301 [FXGL Background Thread 3 ] DEBUG Engine               - defaultCursor: CursorInfo(imageName=fxgl_default_cursor.png, hotspotX=7.0, hotspotY=6.0)
09:32:13.302 [FXGL Background Thread 3 ] DEBUG Engine               - devBBoxColorProperty: ObjectProperty [value: 0xff0000ff]
09:32:13.302 [FXGL Background Thread 3 ] DEBUG Engine               - devEnableDebugCameraProperty: BooleanProperty [value: false]
09:32:13.302 [FXGL Background Thread 3 ] DEBUG Engine               - devSensorColorProperty: ObjectProperty [value: 0xffff00ff]
09:32:13.302 [FXGL Background Thread 3 ] DEBUG Engine               - devShowBBoxProperty: BooleanProperty [value: false]
09:32:13.302 [FXGL Background Thread 3 ] DEBUG Engine               - devShowPositionProperty: BooleanProperty [value: false]
09:32:13.302 [FXGL Background Thread 3 ] DEBUG Engine               - enabledMenuItems: []
09:32:13.302 [FXGL Background Thread 3 ] DEBUG Engine               - engineServices: [class com.almasb.fxgl.app.services.FXGLAssetLoaderService, class com.almasb.fxgl.app.FXGLApplication$GameApplicationService, class com.almasb.fxgl.app.services.FXGLDialogService, class com.almasb.fxgl.app.services.IOTaskExecutorService, class com.almasb.fxgl.io.FileSystemService, class com.almasb.fxgl.localization.LocalizationService, class com.almasb.fxgl.app.services.SystemBundleService, class com.almasb.fxgl.profile.SaveLoadService, class com.almasb.fxgl.ui.FXGLUIFactoryServiceProvider, class com.almasb.fxgl.ui.FXGLDialogFactoryServiceProvider, class com.almasb.fxgl.audio.AudioPlayer, class com.almasb.fxgl.notification.impl.NotificationServiceProvider, class com.almasb.fxgl.achievement.AchievementService, class com.almasb.fxgl.cutscene.CutsceneService, class com.almasb.fxgl.minigames.MiniGameService, class com.almasb.fxgl.net.NetService, class com.almasb.fxgl.app.services.UpdaterService, class com.almasb.fxgl.dev.DevService]
09:32:13.302 [FXGL Background Thread 3 ] DEBUG Engine               - fontGame: Abel-Regular.ttf
09:32:13.303 [FXGL Background Thread 3 ] DEBUG Engine               - fontMono: TerminalLandMono-Regular.otf
09:32:13.303 [FXGL Background Thread 3 ] DEBUG Engine               - fontSizeScaleUI: 1.0
09:32:13.303 [FXGL Background Thread 3 ] DEBUG Engine               - fontText: Courier-Prime.ttf
09:32:13.303 [FXGL Background Thread 3 ] DEBUG Engine               - fontUI: VarelaRound-Regular.ttf
09:32:13.303 [FXGL Background Thread 3 ] DEBUG Engine               - fullScreen: BooleanProperty [value: false]
09:32:13.304 [FXGL Background Thread 3 ] DEBUG Engine               - gameDifficulty: MEDIUM
09:32:13.304 [FXGL Background Thread 3 ] DEBUG Engine               - gameDifficultyProperty: ObjectProperty [value: MEDIUM]
09:32:13.304 [FXGL Background Thread 3 ] DEBUG Engine               - globalMusicVolume: 0.5
09:32:13.304 [FXGL Background Thread 3 ] DEBUG Engine               - globalMusicVolumeProperty: DoubleProperty [value: 0.5]
09:32:13.304 [FXGL Background Thread 3 ] DEBUG Engine               - globalSoundVolume: 0.5
09:32:13.304 [FXGL Background Thread 3 ] DEBUG Engine               - globalSoundVolumeProperty: DoubleProperty [value: 0.5]
09:32:13.304 [FXGL Background Thread 3 ] DEBUG Engine               - height: 480
09:32:13.304 [FXGL Background Thread 3 ] DEBUG Engine               - is3D: false
09:32:13.305 [FXGL Background Thread 3 ] DEBUG Engine               - isAndroid: false
09:32:13.305 [FXGL Background Thread 3 ] DEBUG Engine               - isBrowser: false
09:32:13.305 [FXGL Background Thread 3 ] DEBUG Engine               - isClickFeedbackEnabled: false
09:32:13.305 [FXGL Background Thread 3 ] DEBUG Engine               - isCloseConfirmation: false
09:32:13.305 [FXGL Background Thread 3 ] DEBUG Engine               - isDesktop: true
09:32:13.305 [FXGL Background Thread 3 ] DEBUG Engine               - isDeveloperMenuEnabled: false
09:32:13.306 [FXGL Background Thread 3 ] DEBUG Engine               - isEmbedded: false
09:32:13.306 [FXGL Background Thread 3 ] DEBUG Engine               - isEntityPreloadEnabled: true
09:32:13.306 [FXGL Background Thread 3 ] DEBUG Engine               - isExperimentalTiledLargeMap: false
09:32:13.306 [FXGL Background Thread 3 ] DEBUG Engine               - isFileSystemWriteAllowed: true
09:32:13.306 [FXGL Background Thread 3 ] DEBUG Engine               - isFullScreenAllowed: false
09:32:13.306 [FXGL Background Thread 3 ] DEBUG Engine               - isFullScreenFromStart: false
09:32:13.307 [FXGL Background Thread 3 ] DEBUG Engine               - isGameMenuEnabled: true
09:32:13.307 [FXGL Background Thread 3 ] DEBUG Engine               - isIOS: false
09:32:13.307 [FXGL Background Thread 3 ] DEBUG Engine               - isIntroEnabled: false
09:32:13.307 [FXGL Background Thread 3 ] DEBUG Engine               - isLinux: false
09:32:13.307 [FXGL Background Thread 3 ] DEBUG Engine               - isMac: false
09:32:13.308 [FXGL Background Thread 3 ] DEBUG Engine               - isMainMenuEnabled: true
09:32:13.308 [FXGL Background Thread 3 ] DEBUG Engine               - isManualResizeEnabled: false
09:32:13.308 [FXGL Background Thread 3 ] DEBUG Engine               - isMobile: false
09:32:13.308 [FXGL Background Thread 3 ] DEBUG Engine               - isNative: false
09:32:13.308 [FXGL Background Thread 3 ] DEBUG Engine               - isPauseMusicWhenMinimized: true
09:32:13.308 [FXGL Background Thread 3 ] DEBUG Engine               - isPreserveResizeRatio: false
09:32:13.308 [FXGL Background Thread 3 ] DEBUG Engine               - isProfilingEnabled: false
09:32:13.308 [FXGL Background Thread 3 ] DEBUG Engine               - isScaleAffectedOnResize: true
09:32:13.308 [FXGL Background Thread 3 ] DEBUG Engine               - isSingleStep: false
09:32:13.308 [FXGL Background Thread 3 ] DEBUG Engine               - isUserProfileEnabled: false
09:32:13.308 [FXGL Background Thread 3 ] DEBUG Engine               - isWindows: true
09:32:13.308 [FXGL Background Thread 3 ] DEBUG Engine               - language: ObjectProperty [value: ENGLISH]
09:32:13.308 [FXGL Background Thread 3 ] DEBUG Engine               - menuKey: ESCAPE
09:32:13.308 [FXGL Background Thread 3 ] DEBUG Engine               - mouseSensitivity: 0.2
09:32:13.308 [FXGL Background Thread 3 ] DEBUG Engine               - notificationViewClass: class com.almasb.fxgl.notification.view.XboxNotificationView
09:32:13.308 [FXGL Background Thread 3 ] DEBUG Engine               - pixelsPerMeter: 50.0
09:32:13.308 [FXGL Background Thread 3 ] DEBUG Engine               - platform: WINDOWS
09:32:13.309 [FXGL Background Thread 3 ] DEBUG Engine               - prefHeightProperty: ReadOnlyDoubleProperty [value: 480.0]
09:32:13.309 [FXGL Background Thread 3 ] DEBUG Engine               - prefWidthProperty: ReadOnlyDoubleProperty [value: 480.0]
09:32:13.309 [FXGL Background Thread 3 ] DEBUG Engine               - profileDir: profiles/
09:32:13.309 [FXGL Background Thread 3 ] DEBUG Engine               - profileName: StringProperty [value: DEFAULT]
09:32:13.309 [FXGL Background Thread 3 ] DEBUG Engine               - randomSeed: -1
09:32:13.309 [FXGL Background Thread 3 ] DEBUG Engine               - runtimeInfo: RuntimeInfo(platform=WINDOWS, version=17.3, build=30.03.2023 11.49)
09:32:13.309 [FXGL Background Thread 3 ] DEBUG Engine               - saveFileExt: sav
09:32:13.309 [FXGL Background Thread 3 ] DEBUG Engine               - scaledHeightProp$fxgl: DoubleProperty [bound, value: 480.0]
09:32:13.309 [FXGL Background Thread 3 ] DEBUG Engine               - scaledWidthProp$fxgl: DoubleProperty [bound, value: 480.0]
09:32:13.310 [FXGL Background Thread 3 ] DEBUG Engine               - sceneFactory: org.example.demo.BombermanApp$1@5d6a30ec
09:32:13.310 [FXGL Background Thread 3 ] DEBUG Engine               - secondsIn24h: 60
09:32:13.310 [FXGL Background Thread 3 ] DEBUG Engine               - soundMenuBack: menu/back.wav
09:32:13.310 [FXGL Background Thread 3 ] DEBUG Engine               - soundMenuPress: menu/press.wav
09:32:13.310 [FXGL Background Thread 3 ] DEBUG Engine               - soundMenuSelect: menu/select.wav
09:32:13.310 [FXGL Background Thread 3 ] DEBUG Engine               - soundNotification: core/notification.wav
09:32:13.310 [FXGL Background Thread 3 ] DEBUG Engine               - stageStyle: DECORATED
09:32:13.310 [FXGL Background Thread 3 ] DEBUG Engine               - supportedLanguages: [ENGLISH, FRENCH, GERMAN, HUNGARIAN, RUSSIAN]
09:32:13.310 [FXGL Background Thread 3 ] DEBUG Engine               - ticksPerSecond: -1
09:32:13.310 [FXGL Background Thread 3 ] DEBUG Engine               - title: Bomberman Game
09:32:13.310 [FXGL Background Thread 3 ] DEBUG Engine               - urlGithub: https://github.com/AlmasB/FXGL
09:32:13.310 [FXGL Background Thread 3 ] DEBUG Engine               - urlLeaderboard: http://fxgl-top.herokuapp.com/
09:32:13.310 [FXGL Background Thread 3 ] DEBUG Engine               - urlPOM: https://raw.githubusercontent.com/AlmasB/FXGL/release/README.md
09:32:13.310 [FXGL Background Thread 3 ] DEBUG Engine               - userAppClass: class org.example.demo.HelloApplication
09:32:13.310 [FXGL Background Thread 3 ] DEBUG Engine               - version: 1.0
09:32:13.310 [FXGL Background Thread 3 ] DEBUG Engine               - versionCheckDays: 7
09:32:13.310 [FXGL Background Thread 3 ] DEBUG Engine               - width: 480
09:32:13.310 [FXGL Background Thread 3 ] DEBUG Engine               - Logging services
09:32:13.310 [FXGL Background Thread 3 ] DEBUG Engine               - class com.almasb.fxgl.app.services.FXGLAssetLoaderService
09:32:13.310 [FXGL Background Thread 3 ] DEBUG Engine               - class com.almasb.fxgl.app.FXGLApplication$GameApplicationService
09:32:13.310 [FXGL Background Thread 3 ] DEBUG Engine               - class com.almasb.fxgl.app.services.FXGLDialogService
09:32:13.310 [FXGL Background Thread 3 ] DEBUG Engine               - class com.almasb.fxgl.app.services.IOTaskExecutorService
09:32:13.311 [FXGL Background Thread 3 ] DEBUG Engine               - class com.almasb.fxgl.io.FileSystemService
09:32:13.311 [FXGL Background Thread 3 ] DEBUG Engine               - class com.almasb.fxgl.localization.LocalizationService
09:32:13.311 [FXGL Background Thread 3 ] DEBUG Engine               - class com.almasb.fxgl.app.services.SystemBundleService
09:32:13.311 [FXGL Background Thread 3 ] DEBUG Engine               - class com.almasb.fxgl.profile.SaveLoadService
09:32:13.311 [FXGL Background Thread 3 ] DEBUG Engine               - class com.almasb.fxgl.ui.FXGLUIFactoryServiceProvider
09:32:13.311 [FXGL Background Thread 3 ] DEBUG Engine               - class com.almasb.fxgl.ui.FXGLDialogFactoryServiceProvider
09:32:13.311 [FXGL Background Thread 3 ] DEBUG Engine               - class com.almasb.fxgl.audio.AudioPlayer
09:32:13.311 [FXGL Background Thread 3 ] DEBUG Engine               - class com.almasb.fxgl.notification.impl.NotificationServiceProvider
09:32:13.311 [FXGL Background Thread 3 ] DEBUG Engine               - class com.almasb.fxgl.achievement.AchievementService
09:32:13.311 [FXGL Background Thread 3 ] DEBUG Engine               - class com.almasb.fxgl.cutscene.CutsceneService
09:32:13.311 [FXGL Background Thread 3 ] DEBUG Engine               - class com.almasb.fxgl.minigames.MiniGameService
09:32:13.311 [FXGL Background Thread 3 ] DEBUG Engine               - class com.almasb.fxgl.net.NetService
09:32:13.311 [FXGL Background Thread 3 ] DEBUG Engine               - class com.almasb.fxgl.app.services.UpdaterService
09:32:13.311 [FXGL Background Thread 3 ] DEBUG Engine               - class com.almasb.fxgl.dev.DevService
09:32:21.527 [JavaFX Application Thread] DEBUG PrimaryStageWindow   - Push state: DialogSubScene
09:32:21.527 [JavaFX Application Thread] DEBUG Input                - Clearing active input actions
09:32:21.528 [JavaFX Application Thread] DEBUG GameApplicationServi - Removing overlay from GameScene and adding to DialogSubScene
09:32:21.528 [JavaFX Application Thread] DEBUG PrimaryStageWindow   - GameScene -> DialogSubScene
09:32:23.872 [JavaFX Application Thread] DEBUG PrimaryStageWindow   - Pop state: DialogSubScene
09:32:23.872 [JavaFX Application Thread] DEBUG Input                - Clearing active input actions
09:32:23.872 [JavaFX Application Thread] DEBUG GameApplicationServi - Removing overlay from DialogSubScene and adding to GameScene
09:32:23.873 [JavaFX Application Thread] DEBUG PrimaryStageWindow   - GameScene <- DialogSubScene
09:32:26.910 [JavaFX Application Thread] DEBUG PrimaryStageWindow   - Push state: DialogSubScene
09:32:26.910 [JavaFX Application Thread] DEBUG Input                - Clearing active input actions
09:32:26.911 [JavaFX Application Thread] DEBUG GameApplicationServi - Removing overlay from GameScene and adding to DialogSubScene
09:32:26.911 [JavaFX Application Thread] DEBUG PrimaryStageWindow   - GameScene -> DialogSubScene
09:32:31.175 [JavaFX Application Thread] DEBUG GameApplicationServi - Starting new game
09:32:31.175 [JavaFX Application Thread] DEBUG PrimaryStageWindow   - Pop state: DialogSubScene
09:32:31.175 [JavaFX Application Thread] DEBUG Input                - Clearing active input actions
09:32:31.176 [JavaFX Application Thread] DEBUG GameApplicationServi - Removing overlay from DialogSubScene and adding to GameScene
09:32:31.176 [JavaFX Application Thread] DEBUG PrimaryStageWindow   - GameScene <- DialogSubScene
09:32:31.176 [JavaFX Application Thread] DEBUG Input                - Clearing active input actions
09:32:31.187 [JavaFX Application Thread] DEBUG GameApplicationServi - Removing overlay from GameScene and adding to FXGLLoadingScene
09:32:31.187 [JavaFX Application Thread] DEBUG PrimaryStageWindow   - GameScene -> FXGLLoadingScene
09:32:31.187 [JavaFX Application Thread] DEBUG GameApplicationServi - Clearing previous game
09:32:31.187 [JavaFX Application Thread] DEBUG GameScene            - Clearing game scene
09:32:31.187 [JavaFX Application Thread] DEBUG GameWorld            - Clearing game world
09:32:31.199 [JavaFX Application Thread] DEBUG PhysicsWorld         - Clearing physics world
09:32:31.199 [FXGL Background Thread 2 ] DEBUG FXGLApplication      - Initializing game
09:32:31.287 [FXGL Background Thread 2 ] INFO  FXGLApplication      - Game initialization took: 0.088 sec
09:32:31.288 [JavaFX Application Thread] DEBUG Input                - Clearing active input actions
09:32:31.291 [JavaFX Application Thread] DEBUG GameApplicationServi - Removing overlay from FXGLLoadingScene and adding to GameScene
09:32:31.291 [JavaFX Application Thread] DEBUG PrimaryStageWindow   - FXGLLoadingScene -> GameScene
09:32:39.339 [JavaFX Application Thread] DEBUG PrimaryStageWindow   - Push state: DialogSubScene
09:32:39.339 [JavaFX Application Thread] DEBUG Input                - Clearing active input actions
09:32:39.340 [JavaFX Application Thread] DEBUG GameApplicationServi - Removing overlay from GameScene and adding to DialogSubScene
09:32:39.340 [JavaFX Application Thread] DEBUG PrimaryStageWindow   - GameScene -> DialogSubScene
09:32:40.727 [JavaFX Application Thread] DEBUG PrimaryStageWindow   - Pop state: DialogSubScene
09:32:40.729 [JavaFX Application Thread] DEBUG Input                - Clearing active input actions
09:32:40.729 [JavaFX Application Thread] DEBUG GameApplicationServi - Removing overlay from DialogSubScene and adding to GameScene
09:32:40.729 [JavaFX Application Thread] DEBUG PrimaryStageWindow   - GameScene <- DialogSubScene
09:32:47.916 [JavaFX Application Thread] DEBUG PrimaryStageWindow   - Push state: DialogSubScene
09:32:47.916 [JavaFX Application Thread] DEBUG Input                - Clearing active input actions
09:32:47.917 [JavaFX Application Thread] DEBUG GameApplicationServi - Removing overlay from GameScene and adding to DialogSubScene
09:32:47.917 [JavaFX Application Thread] DEBUG PrimaryStageWindow   - GameScene -> DialogSubScene
09:32:49.247 [JavaFX Application Thread] DEBUG PrimaryStageWindow   - Pop state: DialogSubScene
09:32:49.248 [JavaFX Application Thread] DEBUG Input                - Clearing active input actions
09:32:49.248 [JavaFX Application Thread] DEBUG GameApplicationServi - Removing overlay from DialogSubScene and adding to GameScene
09:32:49.248 [JavaFX Application Thread] DEBUG PrimaryStageWindow   - GameScene <- DialogSubScene
09:32:49.851 [JavaFX Application Thread] DEBUG PrimaryStageWindow   - Push state: DialogSubScene
09:32:49.851 [JavaFX Application Thread] DEBUG Input                - Clearing active input actions
09:32:49.851 [JavaFX Application Thread] DEBUG GameApplicationServi - Removing overlay from GameScene and adding to DialogSubScene
09:32:49.852 [JavaFX Application Thread] DEBUG PrimaryStageWindow   - GameScene -> DialogSubScene
09:32:51.460 [JavaFX Application Thread] DEBUG PrimaryStageWindow   - Pop state: DialogSubScene
09:32:51.460 [JavaFX Application Thread] DEBUG Input                - Clearing active input actions
09:32:51.461 [JavaFX Application Thread] DEBUG GameApplicationServi - Removing overlay from DialogSubScene and adding to GameScene
09:32:51.461 [JavaFX Application Thread] DEBUG PrimaryStageWindow   - GameScene <- DialogSubScene
09:33:03.995 [JavaFX Application Thread] DEBUG PrimaryStageWindow   - Push state: DialogSubScene
09:33:03.995 [JavaFX Application Thread] DEBUG Input                - Clearing active input actions
09:33:03.995 [JavaFX Application Thread] DEBUG GameApplicationServi - Removing overlay from GameScene and adding to DialogSubScene
09:33:03.996 [JavaFX Application Thread] DEBUG PrimaryStageWindow   - GameScene -> DialogSubScene
09:33:07.684 [JavaFX Application Thread] DEBUG GameApplicationServi - Starting new game
09:33:07.684 [JavaFX Application Thread] DEBUG PrimaryStageWindow   - Pop state: DialogSubScene
09:33:07.684 [JavaFX Application Thread] DEBUG Input                - Clearing active input actions
09:33:07.685 [JavaFX Application Thread] DEBUG GameApplicationServi - Removing overlay from DialogSubScene and adding to GameScene
09:33:07.685 [JavaFX Application Thread] DEBUG PrimaryStageWindow   - GameScene <- DialogSubScene
09:33:07.685 [JavaFX Application Thread] DEBUG Input                - Clearing active input actions
09:33:07.699 [JavaFX Application Thread] DEBUG GameApplicationServi - Removing overlay from GameScene and adding to FXGLLoadingScene
09:33:07.699 [JavaFX Application Thread] DEBUG PrimaryStageWindow   - GameScene -> FXGLLoadingScene
09:33:07.699 [JavaFX Application Thread] DEBUG GameApplicationServi - Clearing previous game
09:33:07.699 [JavaFX Application Thread] DEBUG GameScene            - Clearing game scene
09:33:07.699 [JavaFX Application Thread] DEBUG GameWorld            - Clearing game world
09:33:07.705 [JavaFX Application Thread] DEBUG PhysicsWorld         - Clearing physics world
09:33:07.706 [FXGL Background Thread 2 ] DEBUG FXGLApplication      - Initializing game
09:33:07.779 [FXGL Background Thread 2 ] INFO  FXGLApplication      - Game initialization took: 0.073 sec
09:33:07.779 [JavaFX Application Thread] DEBUG Input                - Clearing active input actions
09:33:07.783 [JavaFX Application Thread] DEBUG GameApplicationServi - Removing overlay from FXGLLoadingScene and adding to GameScene
09:33:07.783 [JavaFX Application Thread] DEBUG PrimaryStageWindow   - FXGLLoadingScene -> GameScene
09:33:16.523 [JavaFX Application Thread] DEBUG PrimaryStageWindow   - Push state: DialogSubScene
09:33:16.523 [JavaFX Application Thread] DEBUG Input                - Clearing active input actions
09:33:16.524 [JavaFX Application Thread] DEBUG GameApplicationServi - Removing overlay from GameScene and adding to DialogSubScene
09:33:16.524 [JavaFX Application Thread] DEBUG PrimaryStageWindow   - GameScene -> DialogSubScene
09:33:19.883 [JavaFX Application Thread] DEBUG PrimaryStageWindow   - Pop state: DialogSubScene
09:33:19.883 [JavaFX Application Thread] DEBUG Input                - Clearing active input actions
09:33:19.883 [JavaFX Application Thread] DEBUG GameApplicationServi - Removing overlay from DialogSubScene and adding to GameScene
09:33:19.883 [JavaFX Application Thread] DEBUG PrimaryStageWindow   - GameScene <- DialogSubScene
09:33:20.811 [JavaFX Application Thread] DEBUG PrimaryStageWindow   - Push state: DialogSubScene
09:33:20.811 [JavaFX Application Thread] DEBUG Input                - Clearing active input actions
09:33:20.811 [JavaFX Application Thread] DEBUG GameApplicationServi - Removing overlay from GameScene and adding to DialogSubScene
09:33:20.811 [JavaFX Application Thread] DEBUG PrimaryStageWindow   - GameScene -> DialogSubScene
09:33:23.841 [JavaFX Application Thread] DEBUG PrimaryStageWindow   - Pop state: DialogSubScene
09:33:23.841 [JavaFX Application Thread] DEBUG Input                - Clearing active input actions
09:33:23.841 [JavaFX Application Thread] DEBUG GameApplicationServi - Removing overlay from DialogSubScene and adding to GameScene
09:33:23.841 [JavaFX Application Thread] DEBUG PrimaryStageWindow   - GameScene <- DialogSubScene
09:33:33.851 [JavaFX Application Thread] DEBUG PrimaryStageWindow   - Push state: DialogSubScene
09:33:33.851 [JavaFX Application Thread] DEBUG Input                - Clearing active input actions
09:33:33.853 [JavaFX Application Thread] DEBUG GameApplicationServi - Removing overlay from GameScene and adding to DialogSubScene
09:33:33.853 [JavaFX Application Thread] DEBUG PrimaryStageWindow   - GameScene -> DialogSubScene
09:33:35.484 [JavaFX Application Thread] DEBUG PrimaryStageWindow   - Pop state: DialogSubScene
09:33:35.484 [JavaFX Application Thread] DEBUG Input                - Clearing active input actions
09:33:35.484 [JavaFX Application Thread] DEBUG GameApplicationServi - Removing overlay from DialogSubScene and adding to GameScene
09:33:35.484 [JavaFX Application Thread] DEBUG PrimaryStageWindow   - GameScene <- DialogSubScene
09:33:44.234 [JavaFX Application Thread] DEBUG PrimaryStageWindow   - Push state: DialogSubScene
09:33:44.234 [JavaFX Application Thread] DEBUG Input                - Clearing active input actions
09:33:44.235 [JavaFX Application Thread] DEBUG GameApplicationServi - Removing overlay from GameScene and adding to DialogSubScene
09:33:44.235 [JavaFX Application Thread] DEBUG PrimaryStageWindow   - GameScene -> DialogSubScene
09:33:46.158 [JavaFX Application Thread] DEBUG PrimaryStageWindow   - Pop state: DialogSubScene
09:33:46.158 [JavaFX Application Thread] DEBUG Input                - Clearing active input actions
09:33:46.158 [JavaFX Application Thread] DEBUG GameApplicationServi - Removing overlay from DialogSubScene and adding to GameScene
09:33:46.158 [JavaFX Application Thread] DEBUG PrimaryStageWindow   - GameScene <- DialogSubScene
09:34:04.412 [JavaFX Application Thread] DEBUG PrimaryStageWindow   - Push state: DialogSubScene
09:34:04.412 [JavaFX Application Thread] DEBUG Input                - Clearing active input actions
09:34:04.413 [JavaFX Application Thread] DEBUG GameApplicationServi - Removing overlay from GameScene and adding to DialogSubScene
09:34:04.413 [JavaFX Application Thread] DEBUG PrimaryStageWindow   - GameScene -> DialogSubScene
09:34:06.082 [JavaFX Application Thread] DEBUG PrimaryStageWindow   - Pop state: DialogSubScene
09:34:06.082 [JavaFX Application Thread] DEBUG Input                - Clearing active input actions
09:34:06.083 [JavaFX Application Thread] DEBUG GameApplicationServi - Removing overlay from DialogSubScene and adding to GameScene
09:34:06.084 [JavaFX Application Thread] DEBUG PrimaryStageWindow   - GameScene <- DialogSubScene
09:34:22.411 [JavaFX Application Thread] DEBUG PrimaryStageWindow   - Push state: DialogSubScene
09:34:22.412 [JavaFX Application Thread] DEBUG Input                - Clearing active input actions
09:34:22.412 [JavaFX Application Thread] DEBUG GameApplicationServi - Removing overlay from GameScene and adding to DialogSubScene
09:34:22.412 [JavaFX Application Thread] DEBUG PrimaryStageWindow   - GameScene -> DialogSubScene
09:34:25.064 [JavaFX Application Thread] DEBUG PrimaryStageWindow   - Pop state: DialogSubScene
09:34:25.064 [JavaFX Application Thread] DEBUG Input                - Clearing active input actions
09:34:25.065 [JavaFX Application Thread] DEBUG GameApplicationServi - Removing overlay from DialogSubScene and adding to GameScene
09:34:25.065 [JavaFX Application Thread] DEBUG PrimaryStageWindow   - GameScene <- DialogSubScene
09:35:04.421 [JavaFX Application Thread] DEBUG FXGLApplication      - Exiting FXGL
09:35:04.421 [JavaFX Application Thread] DEBUG LoopRunner           - Stopping loop
09:35:04.421 [JavaFX Application Thread] DEBUG SystemBundleService  - Saving FXGL system data
09:35:04.425 [JavaFX Application Thread] DEBUG FileSystemAccess     - Writing to: C:\Users\admin\OneDrive\Máy tính\btl\baitaplonOOP\system\fxgl.bundle
09:35:04.427 [JavaFX Application Thread] DEBUG Async                - Shutting down background threads
09:35:04.427 [JavaFX Application Thread] DEBUG PrimaryStageWindow   - Closing main window
09:35:04.446 [JavaFX Application Thread] DEBUG Logger               - Closing Logger
