12:59:10.655 [main                     ] DEBUG Logger               - Configured Logger
12:59:10.670 [main                     ] DEBUG GameApplication      - Logging settings
Title: Bomberman Game
Version: 1.0
Width: 480
Height: 480
Fullscreen: false
Intro: false
Profiling: false
Single step:false
App Mode: DEVELOPER
Menu Key: ESCAPE
Stage Style: DECORATED
Scene Factory: class org.example.demo.BombermanApp$1

12:59:10.958 [JavaFX Application Thread] DEBUG FXGLApplication      - Initializing FXGL
12:59:10.962 [JavaFX Application Thread] INFO  Engine               - FXGL-17.3 (30.03.2023 11.49) on WINDOWS (J:23.0.2 FX:17.0.6)
12:59:10.962 [JavaFX Application Thread] DEBUG Engine               - JRE Vendor Name: Oracle Corporation
12:59:10.962 [JavaFX Application Thread] DEBUG Engine               - Running on OS: Windows 11 version 10.0
12:59:10.962 [JavaFX Application Thread] DEBUG Engine               - Architecture: amd64
12:59:10.963 [JavaFX Application Thread] INFO  Engine               - Source code and latest versions at: https://github.com/AlmasB/FXGL
12:59:10.963 [JavaFX Application Thread] INFO  Engine               -       Ask questions and discuss at: https://github.com/AlmasB/FXGL/discussions
12:59:10.963 [JavaFX Application Thread] INFO  Engine               -              Join the FXGL chat at: https://gitter.im/AlmasB/FXGL
12:59:11.037 [JavaFX Application Thread] DEBUG PrimaryStageWindow   - Creating a JavaFX scene
12:59:11.080 [JavaFX Application Thread] DEBUG PrimaryStageWindow   - Target settings size: 480.0 x 480.0
12:59:11.081 [JavaFX Application Thread] DEBUG PrimaryStageWindow   - Scaled scene size:    480.0 x 480.0
12:59:11.081 [JavaFX Application Thread] DEBUG PrimaryStageWindow   - Scaled ratio: (1.0, 1.0)
12:59:11.081 [JavaFX Application Thread] DEBUG PrimaryStageWindow   - Set initial scene to FXGLStartupScene
12:59:11.086 [JavaFX Application Thread] DEBUG PrimaryStageWindow   - Opening main window
12:59:11.154 [JavaFX Application Thread] DEBUG PrimaryStageWindow   - Window border size: (14.666656494140625, 37.33331298828125)
12:59:11.155 [JavaFX Application Thread] DEBUG PrimaryStageWindow   - Scaled size: 480.0 x 480.0
12:59:11.155 [JavaFX Application Thread] DEBUG PrimaryStageWindow   - Scaled ratio: (1.0, 1.0)
12:59:11.155 [JavaFX Application Thread] DEBUG PrimaryStageWindow   - Scene size: 480.0 x 480.0
12:59:11.155 [JavaFX Application Thread] DEBUG PrimaryStageWindow   - Stage size: 494.6666564941406 x 517.3333129882812
12:59:11.163 [FXGL Background Thread 1 ] DEBUG Engine               - Initializing environment variables
12:59:11.230 [FXGL Background Thread 1 ] DEBUG FXGLAssetLoaderServi - User app class for loading assets: class org.example.demo.HelloApplication
12:59:11.230 [FXGL Background Thread 1 ] DEBUG GameApplicationServi - Applying CSS: fxgl_dark.css
12:59:11.231 [FXGL Background Thread 1 ] DEBUG FXGLAssetLoaderServi - Loading from file system: jar:file:///C:/Users/admin/.m2/repository/com/github/almasb/fxgl/17.3/fxgl-17.3.jar!/fxglassets/ui/css/fxgl_dark.css
12:59:11.272 [FXGL Background Thread 1 ] DEBUG GameApplicationServi - Initializing application scenes
12:59:11.308 [FXGL Background Thread 1 ] DEBUG GameWorld            - Game world initialized
12:59:11.369 [FXGL Background Thread 1 ] DEBUG PhysicsWorld         - Physics world initialized: appHeight=480, physics.ppm=50.0
12:59:11.369 [FXGL Background Thread 1 ] DEBUG PhysicsWorld         - Using strategy: BRUTE_FORCE
12:59:11.374 [FXGL Background Thread 1 ] DEBUG GameScene            - Game scene initialized: 480x480
12:59:11.391 [FXGL Background Thread 1 ] WARN  FXGL.DefaultMenu     - FXGLDefaultMenu is not designed for resolutions < 800x600
12:59:11.391 [FXGL Background Thread 1 ] DEBUG FXGL.DefaultMenu     - createMenuBodyGameMenu()
12:59:11.399 [FXGL Background Thread 1 ] DEBUG FXGL.DefaultMenu     - createOptionsMenu()
12:59:11.407 [FXGL Background Thread 1 ] DEBUG FXGLAssetLoaderServi - Loading from file system: jar:file:///C:/Users/admin/.m2/repository/com/github/almasb/fxgl/17.3/fxgl-17.3.jar!/fxglassets/textures/particles/smoke.png
12:59:11.487 [FXGL Background Thread 1 ] DEBUG FXGLAssetLoaderServi - Loading from file system: jar:file:///C:/Users/admin/.m2/repository/com/github/almasb/fxgl/17.3/fxgl-17.3.jar!/fxglassets/textures/particles/trace_horizontal.png
12:59:11.515 [FXGL Background Thread 1 ] DEBUG GameApplicationServi - Application scenes initialized
12:59:11.525 [FXGL Background Thread 1 ] DEBUG SystemBundleService  - Loading FXGL system data
12:59:11.529 [FXGL Background Thread 1 ] DEBUG FileSystemAccess     - Reading from: C:\Users\admin\OneDrive\Máy tính\btl\baitaplonOOP\system\fxgl.bundle
12:59:11.536 [FXGL Background Thread 1 ] DEBUG SystemBundleService  - Bundle FXGL: {}
12:59:11.536 [FXGL Background Thread 1 ] DEBUG UpdaterService       - Checking for updates
12:59:11.540 [FXGL Background Thread 4 ] DEBUG FXGLApplication      - Loading fonts
12:59:11.541 [FXGL Background Thread 4 ] DEBUG FXGLAssetLoaderServi - Loading from file system: jar:file:///C:/Users/admin/.m2/repository/com/github/almasb/fxgl/17.3/fxgl-17.3.jar!/fxglassets/ui/fonts/VarelaRound-Regular.ttf
12:59:11.541 [FXGL Background Thread 1 ] DEBUG FXGLApplication      - Loading default localization
12:59:11.543 [FXGL Background Thread 1 ] DEBUG FXGLAssetLoaderServi - Loading from file system: jar:file:///C:/Users/admin/.m2/repository/com/github/almasb/fxgl/17.3/fxgl-17.3.jar!/fxglassets/languages/english.lang
12:59:11.567 [FXGL Background Thread 1 ] INFO  FXGLApplication      - FXGL initialization took: 0.405 sec
12:59:11.571 [JavaFX Application Thread] DEBUG Input                - Clearing active input actions
12:59:11.581 [JavaFX Application Thread] DEBUG Input                - Registered new binding: Move Up - W
12:59:11.582 [JavaFX Application Thread] DEBUG Input                - Registered new binding: Move Down - S
12:59:11.582 [JavaFX Application Thread] DEBUG Input                - Registered new binding: Move Left - A
12:59:11.582 [JavaFX Application Thread] DEBUG Input                - Registered new binding: Move Right - D
12:59:11.583 [JavaFX Application Thread] DEBUG Input                - Registered new binding: Đặt bom - Space
12:59:11.583 [JavaFX Application Thread] DEBUG FXGLAssetLoaderServi - Loading from file system: jar:file:///C:/Users/admin/.m2/repository/com/github/almasb/fxgl/17.3/fxgl-17.3.jar!/fxglassets/textures/fxgl_icon.png
12:59:11.587 [FXGL Background Thread 4 ] DEBUG FXGLAssetLoaderServi - Loading from file system: jar:file:///C:/Users/admin/.m2/repository/com/github/almasb/fxgl/17.3/fxgl-17.3.jar!/fxglassets/ui/fonts/Abel-Regular.ttf
12:59:11.602 [FXGL Background Thread 4 ] DEBUG FXGLAssetLoaderServi - Loading from file system: jar:file:///C:/Users/admin/.m2/repository/com/github/almasb/fxgl/17.3/fxgl-17.3.jar!/fxglassets/ui/fonts/TerminalLandMono-Regular.otf
12:59:11.605 [JavaFX Application Thread] DEBUG FXGLAssetLoaderServi - Loading from file system: jar:file:///C:/Users/admin/.m2/repository/com/github/almasb/fxgl/17.3/fxgl-17.3.jar!/fxglassets/textures/fxgl_default_cursor.png
12:59:11.608 [JavaFX Application Thread] DEBUG Input                - Registered new binding: Screenshot - CTRL+8
12:59:11.609 [JavaFX Application Thread] DEBUG Input                - Registered new binding: System info dump - CTRL+9
12:59:11.609 [JavaFX Application Thread] DEBUG Input                - Registered new binding: Restart - CTRL+R
12:59:11.610 [JavaFX Application Thread] DEBUG Input                - Registered new binding: Toggle Debug Camera - CTRL+7
12:59:11.612 [JavaFX Application Thread] DEBUG LoopRunner           - Starting loop
12:59:11.612 [JavaFX Application Thread] DEBUG LoopRunner           - Initializing JavaFX AnimationTimerLoop
12:59:11.615 [JavaFX Application Thread] DEBUG Input                - Clearing active input actions
12:59:11.624 [JavaFX Application Thread] DEBUG GameApplicationServi - Removing overlay from FXGLStartupScene and adding to FXGLMainMenuDummyScene
12:59:11.625 [JavaFX Application Thread] DEBUG PrimaryStageWindow   - FXGLStartupScene -> FXGLMainMenuDummyScene
12:59:11.625 [JavaFX Application Thread] DEBUG PrimaryStageWindow   - Push state: ViewMenu
12:59:11.625 [JavaFX Application Thread] DEBUG Input                - Clearing active input actions
12:59:11.627 [FXGL Background Thread 4 ] DEBUG FXGLAssetLoaderServi - Loading from file system: jar:file:///C:/Users/admin/.m2/repository/com/github/almasb/fxgl/17.3/fxgl-17.3.jar!/fxglassets/ui/fonts/Courier-Prime.ttf
12:59:11.632 [JavaFX Application Thread] DEBUG GameApplicationServi - Removing overlay from FXGLMainMenuDummyScene and adding to ViewMenu
12:59:11.633 [JavaFX Application Thread] DEBUG PrimaryStageWindow   - FXGLMainMenuDummyScene -> ViewMenu
12:59:11.703 [JavaFX Application Thread] DEBUG FXGLApplication      - Registering font factories with UI factory
12:59:12.201 [FXGL Background Thread 2 ] INFO  UpdaterService       - Your current version:  17.3
12:59:12.202 [FXGL Background Thread 2 ] INFO  UpdaterService       - Latest stable version: 21.1
12:59:14.193 [JavaFX Application Thread] DEBUG GameApplicationServi - Starting new game
12:59:14.193 [JavaFX Application Thread] DEBUG PrimaryStageWindow   - Pop state: ViewMenu
12:59:14.194 [JavaFX Application Thread] DEBUG Input                - Clearing active input actions
12:59:14.197 [JavaFX Application Thread] DEBUG GameApplicationServi - Removing overlay from ViewMenu and adding to FXGLMainMenuDummyScene
12:59:14.198 [JavaFX Application Thread] DEBUG PrimaryStageWindow   - FXGLMainMenuDummyScene <- ViewMenu
12:59:14.199 [JavaFX Application Thread] DEBUG Input                - Clearing active input actions
12:59:14.225 [JavaFX Application Thread] DEBUG GameApplicationServi - Removing overlay from FXGLMainMenuDummyScene and adding to FXGLLoadingScene
12:59:14.225 [JavaFX Application Thread] DEBUG PrimaryStageWindow   - FXGLMainMenuDummyScene -> FXGLLoadingScene
12:59:14.225 [JavaFX Application Thread] DEBUG GameApplicationServi - Clearing previous game
12:59:14.225 [JavaFX Application Thread] DEBUG GameScene            - Clearing game scene
12:59:14.225 [JavaFX Application Thread] DEBUG GameWorld            - Clearing game world
12:59:14.225 [JavaFX Application Thread] DEBUG PhysicsWorld         - Clearing physics world
12:59:14.229 [FXGL Background Thread 2 ] DEBUG FXGLApplication      - Initializing game
12:59:14.433 [FXGL Background Thread 2 ] INFO  FXGLApplication      - Game initialization took: 0.205 sec
12:59:14.434 [JavaFX Application Thread] DEBUG Input                - Clearing active input actions
12:59:14.445 [JavaFX Application Thread] DEBUG GameApplicationServi - Removing overlay from FXGLLoadingScene and adding to GameScene
12:59:14.446 [JavaFX Application Thread] DEBUG PrimaryStageWindow   - FXGLLoadingScene -> GameScene
12:59:14.540 [FXGL Background Thread 3 ] DEBUG Engine               - Logging environment variables
12:59:14.545 [FXGL Background Thread 3 ] DEBUG Engine               - achievements: []
12:59:14.547 [FXGL Background Thread 3 ] DEBUG Engine               - actualHeight: 480.0
12:59:14.547 [FXGL Background Thread 3 ] DEBUG Engine               - actualHeightProperty: ReadOnlyDoubleProperty [value: 480.0]
12:59:14.547 [FXGL Background Thread 3 ] DEBUG Engine               - actualWidth: 480.0
12:59:14.547 [FXGL Background Thread 3 ] DEBUG Engine               - actualWidthProperty: ReadOnlyDoubleProperty [value: 480.0]
12:59:14.548 [FXGL Background Thread 3 ] DEBUG Engine               - appIcon: fxgl_icon.png
12:59:14.548 [FXGL Background Thread 3 ] DEBUG Engine               - applicationMode: DEVELOPER
12:59:14.548 [FXGL Background Thread 3 ] DEBUG Engine               - cSSList: [fxgl_dark.css]
12:59:14.548 [FXGL Background Thread 3 ] DEBUG Engine               - collisionDetectionStrategy: BRUTE_FORCE
12:59:14.548 [FXGL Background Thread 3 ] DEBUG Engine               - configClass: Optional.empty
12:59:14.548 [FXGL Background Thread 3 ] DEBUG Engine               - credits: []
12:59:14.549 [FXGL Background Thread 3 ] DEBUG Engine               - defaultCursor: CursorInfo(imageName=fxgl_default_cursor.png, hotspotX=7.0, hotspotY=6.0)
12:59:14.549 [FXGL Background Thread 3 ] DEBUG Engine               - devBBoxColorProperty: ObjectProperty [value: 0xff0000ff]
12:59:14.549 [FXGL Background Thread 3 ] DEBUG Engine               - devEnableDebugCameraProperty: BooleanProperty [value: false]
12:59:14.549 [FXGL Background Thread 3 ] DEBUG Engine               - devSensorColorProperty: ObjectProperty [value: 0xffff00ff]
12:59:14.549 [FXGL Background Thread 3 ] DEBUG Engine               - devShowBBoxProperty: BooleanProperty [value: false]
12:59:14.549 [FXGL Background Thread 3 ] DEBUG Engine               - devShowPositionProperty: BooleanProperty [value: false]
12:59:14.549 [FXGL Background Thread 3 ] DEBUG Engine               - enabledMenuItems: []
12:59:14.549 [FXGL Background Thread 3 ] DEBUG Engine               - engineServices: [class com.almasb.fxgl.app.services.FXGLAssetLoaderService, class com.almasb.fxgl.app.FXGLApplication$GameApplicationService, class com.almasb.fxgl.app.services.FXGLDialogService, class com.almasb.fxgl.app.services.IOTaskExecutorService, class com.almasb.fxgl.io.FileSystemService, class com.almasb.fxgl.localization.LocalizationService, class com.almasb.fxgl.app.services.SystemBundleService, class com.almasb.fxgl.profile.SaveLoadService, class com.almasb.fxgl.ui.FXGLUIFactoryServiceProvider, class com.almasb.fxgl.ui.FXGLDialogFactoryServiceProvider, class com.almasb.fxgl.audio.AudioPlayer, class com.almasb.fxgl.notification.impl.NotificationServiceProvider, class com.almasb.fxgl.achievement.AchievementService, class com.almasb.fxgl.cutscene.CutsceneService, class com.almasb.fxgl.minigames.MiniGameService, class com.almasb.fxgl.net.NetService, class com.almasb.fxgl.app.services.UpdaterService, class com.almasb.fxgl.dev.DevService]
12:59:14.549 [FXGL Background Thread 3 ] DEBUG Engine               - fontGame: Abel-Regular.ttf
12:59:14.549 [FXGL Background Thread 3 ] DEBUG Engine               - fontMono: TerminalLandMono-Regular.otf
12:59:14.550 [FXGL Background Thread 3 ] DEBUG Engine               - fontSizeScaleUI: 1.0
12:59:14.550 [FXGL Background Thread 3 ] DEBUG Engine               - fontText: Courier-Prime.ttf
12:59:14.550 [FXGL Background Thread 3 ] DEBUG Engine               - fontUI: VarelaRound-Regular.ttf
12:59:14.550 [FXGL Background Thread 3 ] DEBUG Engine               - fullScreen: BooleanProperty [value: false]
12:59:14.550 [FXGL Background Thread 3 ] DEBUG Engine               - gameDifficulty: MEDIUM
12:59:14.550 [FXGL Background Thread 3 ] DEBUG Engine               - gameDifficultyProperty: ObjectProperty [value: MEDIUM]
12:59:14.550 [FXGL Background Thread 3 ] DEBUG Engine               - globalMusicVolume: 0.5
12:59:14.551 [FXGL Background Thread 3 ] DEBUG Engine               - globalMusicVolumeProperty: DoubleProperty [value: 0.5]
12:59:14.551 [FXGL Background Thread 3 ] DEBUG Engine               - globalSoundVolume: 0.5
12:59:14.551 [FXGL Background Thread 3 ] DEBUG Engine               - globalSoundVolumeProperty: DoubleProperty [value: 0.5]
12:59:14.552 [FXGL Background Thread 3 ] DEBUG Engine               - height: 480
12:59:14.552 [FXGL Background Thread 3 ] DEBUG Engine               - is3D: false
12:59:14.552 [FXGL Background Thread 3 ] DEBUG Engine               - isAndroid: false
12:59:14.552 [FXGL Background Thread 3 ] DEBUG Engine               - isBrowser: false
12:59:14.552 [FXGL Background Thread 3 ] DEBUG Engine               - isClickFeedbackEnabled: false
12:59:14.552 [FXGL Background Thread 3 ] DEBUG Engine               - isCloseConfirmation: false
12:59:14.552 [FXGL Background Thread 3 ] DEBUG Engine               - isDesktop: true
12:59:14.552 [FXGL Background Thread 3 ] DEBUG Engine               - isDeveloperMenuEnabled: false
12:59:14.552 [FXGL Background Thread 3 ] DEBUG Engine               - isEmbedded: false
12:59:14.552 [FXGL Background Thread 3 ] DEBUG Engine               - isEntityPreloadEnabled: true
12:59:14.553 [FXGL Background Thread 3 ] DEBUG Engine               - isExperimentalTiledLargeMap: false
12:59:14.553 [FXGL Background Thread 3 ] DEBUG Engine               - isFileSystemWriteAllowed: true
12:59:14.553 [FXGL Background Thread 3 ] DEBUG Engine               - isFullScreenAllowed: false
12:59:14.553 [FXGL Background Thread 3 ] DEBUG Engine               - isFullScreenFromStart: false
12:59:14.553 [FXGL Background Thread 3 ] DEBUG Engine               - isGameMenuEnabled: true
12:59:14.553 [FXGL Background Thread 3 ] DEBUG Engine               - isIOS: false
12:59:14.553 [FXGL Background Thread 3 ] DEBUG Engine               - isIntroEnabled: false
12:59:14.553 [FXGL Background Thread 3 ] DEBUG Engine               - isLinux: false
12:59:14.553 [FXGL Background Thread 3 ] DEBUG Engine               - isMac: false
12:59:14.553 [FXGL Background Thread 3 ] DEBUG Engine               - isMainMenuEnabled: true
12:59:14.553 [FXGL Background Thread 3 ] DEBUG Engine               - isManualResizeEnabled: false
12:59:14.553 [FXGL Background Thread 3 ] DEBUG Engine               - isMobile: false
12:59:14.554 [FXGL Background Thread 3 ] DEBUG Engine               - isNative: false
12:59:14.554 [FXGL Background Thread 3 ] DEBUG Engine               - isPauseMusicWhenMinimized: true
12:59:14.554 [FXGL Background Thread 3 ] DEBUG Engine               - isPreserveResizeRatio: false
12:59:14.554 [FXGL Background Thread 3 ] DEBUG Engine               - isProfilingEnabled: false
12:59:14.554 [FXGL Background Thread 3 ] DEBUG Engine               - isScaleAffectedOnResize: true
12:59:14.554 [FXGL Background Thread 3 ] DEBUG Engine               - isSingleStep: false
12:59:14.554 [FXGL Background Thread 3 ] DEBUG Engine               - isUserProfileEnabled: false
12:59:14.554 [FXGL Background Thread 3 ] DEBUG Engine               - isWindows: true
12:59:14.554 [FXGL Background Thread 3 ] DEBUG Engine               - language: ObjectProperty [value: ENGLISH]
12:59:14.554 [FXGL Background Thread 3 ] DEBUG Engine               - menuKey: ESCAPE
12:59:14.554 [FXGL Background Thread 3 ] DEBUG Engine               - mouseSensitivity: 0.2
12:59:14.554 [FXGL Background Thread 3 ] DEBUG Engine               - notificationViewClass: class com.almasb.fxgl.notification.view.XboxNotificationView
12:59:14.554 [FXGL Background Thread 3 ] DEBUG Engine               - pixelsPerMeter: 50.0
12:59:14.554 [FXGL Background Thread 3 ] DEBUG Engine               - platform: WINDOWS
12:59:14.554 [FXGL Background Thread 3 ] DEBUG Engine               - prefHeightProperty: ReadOnlyDoubleProperty [value: 480.0]
12:59:14.555 [FXGL Background Thread 3 ] DEBUG Engine               - prefWidthProperty: ReadOnlyDoubleProperty [value: 480.0]
12:59:14.555 [FXGL Background Thread 3 ] DEBUG Engine               - profileDir: profiles/
12:59:14.555 [FXGL Background Thread 3 ] DEBUG Engine               - profileName: StringProperty [value: DEFAULT]
12:59:14.555 [FXGL Background Thread 3 ] DEBUG Engine               - randomSeed: -1
12:59:14.555 [FXGL Background Thread 3 ] DEBUG Engine               - runtimeInfo: RuntimeInfo(platform=WINDOWS, version=17.3, build=30.03.2023 11.49)
12:59:14.555 [FXGL Background Thread 3 ] DEBUG Engine               - saveFileExt: sav
12:59:14.555 [FXGL Background Thread 3 ] DEBUG Engine               - scaledHeightProp$fxgl: DoubleProperty [bound, value: 480.0]
12:59:14.555 [FXGL Background Thread 3 ] DEBUG Engine               - scaledWidthProp$fxgl: DoubleProperty [bound, value: 480.0]
12:59:14.555 [FXGL Background Thread 3 ] DEBUG Engine               - sceneFactory: org.example.demo.BombermanApp$1@4879aaf9
12:59:14.555 [FXGL Background Thread 3 ] DEBUG Engine               - secondsIn24h: 60
12:59:14.555 [FXGL Background Thread 3 ] DEBUG Engine               - soundMenuBack: menu/back.wav
12:59:14.555 [FXGL Background Thread 3 ] DEBUG Engine               - soundMenuPress: menu/press.wav
12:59:14.555 [FXGL Background Thread 3 ] DEBUG Engine               - soundMenuSelect: menu/select.wav
12:59:14.556 [FXGL Background Thread 3 ] DEBUG Engine               - soundNotification: core/notification.wav
12:59:14.556 [FXGL Background Thread 3 ] DEBUG Engine               - stageStyle: DECORATED
12:59:14.556 [FXGL Background Thread 3 ] DEBUG Engine               - supportedLanguages: [ENGLISH, FRENCH, GERMAN, HUNGARIAN, RUSSIAN]
12:59:14.556 [FXGL Background Thread 3 ] DEBUG Engine               - ticksPerSecond: -1
12:59:14.556 [FXGL Background Thread 3 ] DEBUG Engine               - title: Bomberman Game
12:59:14.556 [FXGL Background Thread 3 ] DEBUG Engine               - urlGithub: https://github.com/AlmasB/FXGL
12:59:14.556 [FXGL Background Thread 3 ] DEBUG Engine               - urlLeaderboard: http://fxgl-top.herokuapp.com/
12:59:14.556 [FXGL Background Thread 3 ] DEBUG Engine               - urlPOM: https://raw.githubusercontent.com/AlmasB/FXGL/release/README.md
12:59:14.556 [FXGL Background Thread 3 ] DEBUG Engine               - userAppClass: class org.example.demo.HelloApplication
12:59:14.556 [FXGL Background Thread 3 ] DEBUG Engine               - version: 1.0
12:59:14.556 [FXGL Background Thread 3 ] DEBUG Engine               - versionCheckDays: 7
12:59:14.556 [FXGL Background Thread 3 ] DEBUG Engine               - width: 480
12:59:14.556 [FXGL Background Thread 3 ] DEBUG Engine               - Logging services
12:59:14.556 [FXGL Background Thread 3 ] DEBUG Engine               - class com.almasb.fxgl.app.services.FXGLAssetLoaderService
12:59:14.556 [FXGL Background Thread 3 ] DEBUG Engine               - class com.almasb.fxgl.app.FXGLApplication$GameApplicationService
12:59:14.556 [FXGL Background Thread 3 ] DEBUG Engine               - class com.almasb.fxgl.app.services.FXGLDialogService
12:59:14.556 [FXGL Background Thread 3 ] DEBUG Engine               - class com.almasb.fxgl.app.services.IOTaskExecutorService
12:59:14.556 [FXGL Background Thread 3 ] DEBUG Engine               - class com.almasb.fxgl.io.FileSystemService
12:59:14.556 [FXGL Background Thread 3 ] DEBUG Engine               - class com.almasb.fxgl.localization.LocalizationService
12:59:14.556 [FXGL Background Thread 3 ] DEBUG Engine               - class com.almasb.fxgl.app.services.SystemBundleService
12:59:14.556 [FXGL Background Thread 3 ] DEBUG Engine               - class com.almasb.fxgl.profile.SaveLoadService
12:59:14.556 [FXGL Background Thread 3 ] DEBUG Engine               - class com.almasb.fxgl.ui.FXGLUIFactoryServiceProvider
12:59:14.556 [FXGL Background Thread 3 ] DEBUG Engine               - class com.almasb.fxgl.ui.FXGLDialogFactoryServiceProvider
12:59:14.556 [FXGL Background Thread 3 ] DEBUG Engine               - class com.almasb.fxgl.audio.AudioPlayer
12:59:14.556 [FXGL Background Thread 3 ] DEBUG Engine               - class com.almasb.fxgl.notification.impl.NotificationServiceProvider
12:59:14.556 [FXGL Background Thread 3 ] DEBUG Engine               - class com.almasb.fxgl.achievement.AchievementService
12:59:14.556 [FXGL Background Thread 3 ] DEBUG Engine               - class com.almasb.fxgl.cutscene.CutsceneService
12:59:14.557 [FXGL Background Thread 3 ] DEBUG Engine               - class com.almasb.fxgl.minigames.MiniGameService
12:59:14.557 [FXGL Background Thread 3 ] DEBUG Engine               - class com.almasb.fxgl.net.NetService
12:59:14.557 [FXGL Background Thread 3 ] DEBUG Engine               - class com.almasb.fxgl.app.services.UpdaterService
12:59:14.557 [FXGL Background Thread 3 ] DEBUG Engine               - class com.almasb.fxgl.dev.DevService
13:01:03.887 [JavaFX Application Thread] DEBUG PrimaryStageWindow   - Push state: DialogSubScene
13:01:03.887 [JavaFX Application Thread] DEBUG Input                - Clearing active input actions
13:01:03.888 [JavaFX Application Thread] DEBUG GameApplicationServi - Removing overlay from GameScene and adding to DialogSubScene
13:01:03.888 [JavaFX Application Thread] DEBUG PrimaryStageWindow   - GameScene -> DialogSubScene
13:01:08.869 [JavaFX Application Thread] DEBUG GameApplicationServi - Starting new game
13:01:08.870 [JavaFX Application Thread] DEBUG PrimaryStageWindow   - Pop state: DialogSubScene
13:01:08.870 [JavaFX Application Thread] DEBUG Input                - Clearing active input actions
13:01:08.871 [JavaFX Application Thread] DEBUG GameApplicationServi - Removing overlay from DialogSubScene and adding to GameScene
13:01:08.871 [JavaFX Application Thread] DEBUG PrimaryStageWindow   - GameScene <- DialogSubScene
13:01:08.872 [JavaFX Application Thread] DEBUG Input                - Clearing active input actions
13:01:08.895 [JavaFX Application Thread] DEBUG GameApplicationServi - Removing overlay from GameScene and adding to FXGLLoadingScene
13:01:08.895 [JavaFX Application Thread] DEBUG PrimaryStageWindow   - GameScene -> FXGLLoadingScene
13:01:08.895 [JavaFX Application Thread] DEBUG GameApplicationServi - Clearing previous game
13:01:08.895 [JavaFX Application Thread] DEBUG GameScene            - Clearing game scene
13:01:08.895 [JavaFX Application Thread] DEBUG GameWorld            - Clearing game world
13:01:08.902 [JavaFX Application Thread] DEBUG PhysicsWorld         - Clearing physics world
13:01:08.903 [FXGL Background Thread 5 ] DEBUG FXGLApplication      - Initializing game
13:01:08.973 [FXGL Background Thread 5 ] INFO  FXGLApplication      - Game initialization took: 0.069 sec
13:01:08.975 [JavaFX Application Thread] DEBUG Input                - Clearing active input actions
13:01:08.980 [JavaFX Application Thread] DEBUG GameApplicationServi - Removing overlay from FXGLLoadingScene and adding to GameScene
13:01:08.980 [JavaFX Application Thread] DEBUG PrimaryStageWindow   - FXGLLoadingScene -> GameScene
13:01:11.295 [JavaFX Application Thread] DEBUG FXGLApplication      - Exiting FXGL
13:01:11.295 [JavaFX Application Thread] DEBUG LoopRunner           - Stopping loop
13:01:11.295 [JavaFX Application Thread] DEBUG SystemBundleService  - Saving FXGL system data
13:01:11.300 [JavaFX Application Thread] DEBUG FileSystemAccess     - Writing to: C:\Users\admin\OneDrive\Máy tính\btl\baitaplonOOP\system\fxgl.bundle
13:01:11.307 [JavaFX Application Thread] DEBUG Async                - Shutting down background threads
13:01:11.307 [JavaFX Application Thread] DEBUG PrimaryStageWindow   - Closing main window
13:01:11.325 [JavaFX Application Thread] DEBUG Logger               - Closing Logger
