15:49:50.455 [main                     ] DEBUG Logger               - Configured Logger
15:49:50.464 [main                     ] DEBUG GameApplication      - Logging settings
Title: Bomberman Game
Version: 1.0
Width: 480
Height: 480
Fullscreen: false
Intro: false
Profiling: false
Single step:false
App Mode: DEVELOPER
Menu Key: ESCAPE
Stage Style: DECORATED
Scene Factory: class com.almasb.fxgl.app.scene.SceneFactory

15:49:50.769 [JavaFX Application Thread] DEBUG FXGLApplication      - Initializing FXGL
15:49:50.773 [JavaFX Application Thread] INFO  Engine               - FXGL-17.3 (30.03.2023 11.49) on WINDOWS (J:23.0.2 FX:17.0.6)
15:49:50.774 [JavaFX Application Thread] DEBUG Engine               - JRE Vendor Name: Oracle Corporation
15:49:50.774 [JavaFX Application Thread] DEBUG Engine               - Running on OS: Windows 11 version 10.0
15:49:50.774 [JavaFX Application Thread] DEBUG Engine               - Architecture: amd64
15:49:50.774 [JavaFX Application Thread] INFO  Engine               - Source code and latest versions at: https://github.com/AlmasB/FXGL
15:49:50.774 [JavaFX Application Thread] INFO  Engine               -       Ask questions and discuss at: https://github.com/AlmasB/FXGL/discussions
15:49:50.774 [JavaFX Application Thread] INFO  Engine               -              Join the FXGL chat at: https://gitter.im/AlmasB/FXGL
15:49:50.846 [JavaFX Application Thread] DEBUG PrimaryStageWindow   - Creating a JavaFX scene
15:49:50.892 [JavaFX Application Thread] DEBUG PrimaryStageWindow   - Target settings size: 480.0 x 480.0
15:49:50.892 [JavaFX Application Thread] DEBUG PrimaryStageWindow   - Scaled scene size:    480.0 x 480.0
15:49:50.893 [JavaFX Application Thread] DEBUG PrimaryStageWindow   - Scaled ratio: (1.0, 1.0)
15:49:50.894 [JavaFX Application Thread] DEBUG PrimaryStageWindow   - Set initial scene to FXGLStartupScene
15:49:50.899 [JavaFX Application Thread] DEBUG PrimaryStageWindow   - Opening main window
15:49:50.974 [JavaFX Application Thread] DEBUG PrimaryStageWindow   - Window border size: (14.666656494140625, 37.33331298828125)
15:49:50.974 [JavaFX Application Thread] DEBUG PrimaryStageWindow   - Scaled size: 480.0 x 480.0
15:49:50.974 [JavaFX Application Thread] DEBUG PrimaryStageWindow   - Scaled ratio: (1.0, 1.0)
15:49:50.975 [JavaFX Application Thread] DEBUG PrimaryStageWindow   - Scene size: 480.0 x 480.0
15:49:50.975 [JavaFX Application Thread] DEBUG PrimaryStageWindow   - Stage size: 494.6666564941406 x 517.3333129882812
15:49:50.981 [FXGL Background Thread 1 ] DEBUG Engine               - Initializing environment variables
15:49:51.049 [FXGL Background Thread 1 ] DEBUG FXGLAssetLoaderServi - User app class for loading assets: class org.example.demo.HelloApplication
15:49:51.049 [FXGL Background Thread 1 ] DEBUG GameApplicationServi - Applying CSS: fxgl_dark.css
15:49:51.050 [FXGL Background Thread 1 ] DEBUG FXGLAssetLoaderServi - Loading from file system: jar:file:///C:/Users/admin/.m2/repository/com/github/almasb/fxgl/17.3/fxgl-17.3.jar!/fxglassets/ui/css/fxgl_dark.css
15:49:51.094 [FXGL Background Thread 1 ] DEBUG GameApplicationServi - Initializing application scenes
15:49:51.128 [FXGL Background Thread 1 ] DEBUG GameWorld            - Game world initialized
15:49:51.191 [FXGL Background Thread 1 ] DEBUG PhysicsWorld         - Physics world initialized: appHeight=480, physics.ppm=50.0
15:49:51.191 [FXGL Background Thread 1 ] DEBUG PhysicsWorld         - Using strategy: BRUTE_FORCE
15:49:51.194 [FXGL Background Thread 1 ] DEBUG GameScene            - Game scene initialized: 480x480
15:49:51.206 [FXGL Background Thread 1 ] WARN  FXGL.DefaultMenu     - FXGLDefaultMenu is not designed for resolutions < 800x600
15:49:51.206 [FXGL Background Thread 1 ] DEBUG FXGL.DefaultMenu     - createMenuBodyGameMenu()
15:49:51.216 [FXGL Background Thread 1 ] DEBUG FXGL.DefaultMenu     - createOptionsMenu()
15:49:51.223 [FXGL Background Thread 1 ] DEBUG FXGLAssetLoaderServi - Loading from file system: jar:file:///C:/Users/admin/.m2/repository/com/github/almasb/fxgl/17.3/fxgl-17.3.jar!/fxglassets/textures/particles/smoke.png
15:49:51.306 [FXGL Background Thread 1 ] DEBUG FXGLAssetLoaderServi - Loading from file system: jar:file:///C:/Users/admin/.m2/repository/com/github/almasb/fxgl/17.3/fxgl-17.3.jar!/fxglassets/textures/particles/trace_horizontal.png
15:49:51.332 [FXGL Background Thread 1 ] DEBUG GameApplicationServi - Application scenes initialized
15:49:51.341 [FXGL Background Thread 1 ] DEBUG SystemBundleService  - Loading FXGL system data
15:49:51.344 [FXGL Background Thread 1 ] DEBUG FileSystemAccess     - Reading from: C:\Users\admin\OneDrive\Máy tính\btl\baitaplonOOP\system\fxgl.bundle
15:49:51.350 [FXGL Background Thread 1 ] DEBUG SystemBundleService  - Bundle FXGL: {}
15:49:51.350 [FXGL Background Thread 1 ] DEBUG UpdaterService       - Checking for updates
15:49:51.355 [FXGL Background Thread 4 ] DEBUG FXGLApplication      - Loading fonts
15:49:51.355 [FXGL Background Thread 1 ] DEBUG FXGLApplication      - Loading default localization
15:49:51.355 [FXGL Background Thread 4 ] DEBUG FXGLAssetLoaderServi - Loading from file system: jar:file:///C:/Users/admin/.m2/repository/com/github/almasb/fxgl/17.3/fxgl-17.3.jar!/fxglassets/ui/fonts/VarelaRound-Regular.ttf
15:49:51.355 [FXGL Background Thread 1 ] DEBUG FXGLAssetLoaderServi - Loading from file system: jar:file:///C:/Users/admin/.m2/repository/com/github/almasb/fxgl/17.3/fxgl-17.3.jar!/fxglassets/languages/english.lang
15:49:51.373 [FXGL Background Thread 1 ] INFO  FXGLApplication      - FXGL initialization took: 0.391 sec
15:49:51.374 [JavaFX Application Thread] DEBUG FXGLAssetLoaderServi - Loading from file system: jar:file:///C:/Users/admin/.m2/repository/com/github/almasb/fxgl/17.3/fxgl-17.3.jar!/fxglassets/textures/fxgl_icon.png
15:49:51.395 [JavaFX Application Thread] DEBUG FXGLAssetLoaderServi - Loading from file system: jar:file:///C:/Users/admin/.m2/repository/com/github/almasb/fxgl/17.3/fxgl-17.3.jar!/fxglassets/textures/fxgl_default_cursor.png
15:49:51.397 [FXGL Background Thread 4 ] DEBUG FXGLAssetLoaderServi - Loading from file system: jar:file:///C:/Users/admin/.m2/repository/com/github/almasb/fxgl/17.3/fxgl-17.3.jar!/fxglassets/ui/fonts/Abel-Regular.ttf
15:49:51.406 [JavaFX Application Thread] DEBUG Input                - Registered new binding: Screenshot - CTRL+8
15:49:51.407 [JavaFX Application Thread] DEBUG Input                - Registered new binding: System info dump - CTRL+9
15:49:51.407 [JavaFX Application Thread] DEBUG Input                - Registered new binding: Restart - CTRL+R
15:49:51.408 [JavaFX Application Thread] DEBUG Input                - Registered new binding: Toggle Debug Camera - CTRL+7
15:49:51.410 [FXGL Background Thread 4 ] DEBUG FXGLAssetLoaderServi - Loading from file system: jar:file:///C:/Users/admin/.m2/repository/com/github/almasb/fxgl/17.3/fxgl-17.3.jar!/fxglassets/ui/fonts/TerminalLandMono-Regular.otf
15:49:51.410 [JavaFX Application Thread] DEBUG LoopRunner           - Starting loop
15:49:51.411 [JavaFX Application Thread] DEBUG LoopRunner           - Initializing JavaFX AnimationTimerLoop
15:49:51.413 [JavaFX Application Thread] DEBUG GameApplicationServi - Starting new game
15:49:51.413 [JavaFX Application Thread] DEBUG Input                - Clearing active input actions
15:49:51.424 [JavaFX Application Thread] DEBUG GameApplicationServi - Removing overlay from FXGLStartupScene and adding to FXGLLoadingScene
15:49:51.424 [FXGL Background Thread 4 ] DEBUG FXGLAssetLoaderServi - Loading from file system: jar:file:///C:/Users/admin/.m2/repository/com/github/almasb/fxgl/17.3/fxgl-17.3.jar!/fxglassets/ui/fonts/Courier-Prime.ttf
15:49:51.425 [JavaFX Application Thread] DEBUG PrimaryStageWindow   - FXGLStartupScene -> FXGLLoadingScene
15:49:51.425 [JavaFX Application Thread] DEBUG GameApplicationServi - Clearing previous game
15:49:51.425 [JavaFX Application Thread] DEBUG GameScene            - Clearing game scene
15:49:51.425 [JavaFX Application Thread] DEBUG GameWorld            - Clearing game world
15:49:51.425 [JavaFX Application Thread] DEBUG PhysicsWorld         - Clearing physics world
15:49:51.426 [FXGL Background Thread 1 ] DEBUG FXGLApplication      - Initializing game
15:49:51.468 [JavaFX Application Thread] DEBUG FXGLApplication      - Registering font factories with UI factory
15:49:51.664 [FXGL Background Thread 1 ] DEBUG Input                - Clearing active input actions
15:49:51.664 [FXGL Background Thread 1 ] DEBUG Input                - Registered new binding: Move Up - W
15:49:51.664 [FXGL Background Thread 1 ] DEBUG Input                - Registered new binding: Move Down - S
15:49:51.664 [FXGL Background Thread 1 ] DEBUG Input                - Registered new binding: Move Left - A
15:49:51.665 [FXGL Background Thread 1 ] DEBUG Input                - Registered new binding: Move Right - D
15:49:51.665 [FXGL Background Thread 1 ] DEBUG Input                - Registered new binding: Đặt bom - Space
15:49:51.694 [FXGL Background Thread 1 ] INFO  FXGLApplication      - Game initialization took: 0.268 sec
15:49:51.698 [JavaFX Application Thread] DEBUG Input                - Clearing active input actions
15:49:51.712 [JavaFX Application Thread] DEBUG GameApplicationServi - Removing overlay from FXGLLoadingScene and adding to GameScene
15:49:51.713 [JavaFX Application Thread] DEBUG PrimaryStageWindow   - FXGLLoadingScene -> GameScene
15:49:52.391 [FXGL Background Thread 2 ] INFO  UpdaterService       - Your current version:  17.3
15:49:52.391 [FXGL Background Thread 2 ] INFO  UpdaterService       - Latest stable version: 21.1
15:49:54.353 [FXGL Background Thread 3 ] DEBUG Engine               - Logging environment variables
15:49:54.357 [FXGL Background Thread 3 ] DEBUG Engine               - achievements: []
15:49:54.358 [FXGL Background Thread 3 ] DEBUG Engine               - actualHeight: 480.0
15:49:54.358 [FXGL Background Thread 3 ] DEBUG Engine               - actualHeightProperty: ReadOnlyDoubleProperty [value: 480.0]
15:49:54.358 [FXGL Background Thread 3 ] DEBUG Engine               - actualWidth: 480.0
15:49:54.358 [FXGL Background Thread 3 ] DEBUG Engine               - actualWidthProperty: ReadOnlyDoubleProperty [value: 480.0]
15:49:54.358 [FXGL Background Thread 3 ] DEBUG Engine               - appIcon: fxgl_icon.png
15:49:54.358 [FXGL Background Thread 3 ] DEBUG Engine               - applicationMode: DEVELOPER
15:49:54.358 [FXGL Background Thread 3 ] DEBUG Engine               - cSSList: [fxgl_dark.css]
15:49:54.358 [FXGL Background Thread 3 ] DEBUG Engine               - collisionDetectionStrategy: BRUTE_FORCE
15:49:54.358 [FXGL Background Thread 3 ] DEBUG Engine               - configClass: Optional.empty
15:49:54.358 [FXGL Background Thread 3 ] DEBUG Engine               - credits: []
15:49:54.360 [FXGL Background Thread 3 ] DEBUG Engine               - defaultCursor: CursorInfo(imageName=fxgl_default_cursor.png, hotspotX=7.0, hotspotY=6.0)
15:49:54.360 [FXGL Background Thread 3 ] DEBUG Engine               - devBBoxColorProperty: ObjectProperty [value: 0xff0000ff]
15:49:54.360 [FXGL Background Thread 3 ] DEBUG Engine               - devEnableDebugCameraProperty: BooleanProperty [value: false]
15:49:54.360 [FXGL Background Thread 3 ] DEBUG Engine               - devSensorColorProperty: ObjectProperty [value: 0xffff00ff]
15:49:54.361 [FXGL Background Thread 3 ] DEBUG Engine               - devShowBBoxProperty: BooleanProperty [value: false]
15:49:54.361 [FXGL Background Thread 3 ] DEBUG Engine               - devShowPositionProperty: BooleanProperty [value: false]
15:49:54.361 [FXGL Background Thread 3 ] DEBUG Engine               - enabledMenuItems: []
15:49:54.361 [FXGL Background Thread 3 ] DEBUG Engine               - engineServices: [class com.almasb.fxgl.app.services.FXGLAssetLoaderService, class com.almasb.fxgl.app.FXGLApplication$GameApplicationService, class com.almasb.fxgl.app.services.FXGLDialogService, class com.almasb.fxgl.app.services.IOTaskExecutorService, class com.almasb.fxgl.io.FileSystemService, class com.almasb.fxgl.localization.LocalizationService, class com.almasb.fxgl.app.services.SystemBundleService, class com.almasb.fxgl.profile.SaveLoadService, class com.almasb.fxgl.ui.FXGLUIFactoryServiceProvider, class com.almasb.fxgl.ui.FXGLDialogFactoryServiceProvider, class com.almasb.fxgl.audio.AudioPlayer, class com.almasb.fxgl.notification.impl.NotificationServiceProvider, class com.almasb.fxgl.achievement.AchievementService, class com.almasb.fxgl.cutscene.CutsceneService, class com.almasb.fxgl.minigames.MiniGameService, class com.almasb.fxgl.net.NetService, class com.almasb.fxgl.app.services.UpdaterService, class com.almasb.fxgl.dev.DevService]
15:49:54.361 [FXGL Background Thread 3 ] DEBUG Engine               - fontGame: Abel-Regular.ttf
15:49:54.361 [FXGL Background Thread 3 ] DEBUG Engine               - fontMono: TerminalLandMono-Regular.otf
15:49:54.361 [FXGL Background Thread 3 ] DEBUG Engine               - fontSizeScaleUI: 1.0
15:49:54.361 [FXGL Background Thread 3 ] DEBUG Engine               - fontText: Courier-Prime.ttf
15:49:54.361 [FXGL Background Thread 3 ] DEBUG Engine               - fontUI: VarelaRound-Regular.ttf
15:49:54.361 [FXGL Background Thread 3 ] DEBUG Engine               - fullScreen: BooleanProperty [value: false]
15:49:54.361 [FXGL Background Thread 3 ] DEBUG Engine               - gameDifficulty: MEDIUM
15:49:54.361 [FXGL Background Thread 3 ] DEBUG Engine               - gameDifficultyProperty: ObjectProperty [value: MEDIUM]
15:49:54.361 [FXGL Background Thread 3 ] DEBUG Engine               - globalMusicVolume: 0.5
15:49:54.361 [FXGL Background Thread 3 ] DEBUG Engine               - globalMusicVolumeProperty: DoubleProperty [value: 0.5]
15:49:54.361 [FXGL Background Thread 3 ] DEBUG Engine               - globalSoundVolume: 0.5
15:49:54.361 [FXGL Background Thread 3 ] DEBUG Engine               - globalSoundVolumeProperty: DoubleProperty [value: 0.5]
15:49:54.362 [FXGL Background Thread 3 ] DEBUG Engine               - height: 480
15:49:54.362 [FXGL Background Thread 3 ] DEBUG Engine               - is3D: false
15:49:54.362 [FXGL Background Thread 3 ] DEBUG Engine               - isAndroid: false
15:49:54.362 [FXGL Background Thread 3 ] DEBUG Engine               - isBrowser: false
15:49:54.362 [FXGL Background Thread 3 ] DEBUG Engine               - isClickFeedbackEnabled: false
15:49:54.362 [FXGL Background Thread 3 ] DEBUG Engine               - isCloseConfirmation: false
15:49:54.362 [FXGL Background Thread 3 ] DEBUG Engine               - isDesktop: true
15:49:54.362 [FXGL Background Thread 3 ] DEBUG Engine               - isDeveloperMenuEnabled: false
15:49:54.362 [FXGL Background Thread 3 ] DEBUG Engine               - isEmbedded: false
15:49:54.362 [FXGL Background Thread 3 ] DEBUG Engine               - isEntityPreloadEnabled: true
15:49:54.362 [FXGL Background Thread 3 ] DEBUG Engine               - isExperimentalTiledLargeMap: false
15:49:54.362 [FXGL Background Thread 3 ] DEBUG Engine               - isFileSystemWriteAllowed: true
15:49:54.362 [FXGL Background Thread 3 ] DEBUG Engine               - isFullScreenAllowed: false
15:49:54.363 [FXGL Background Thread 3 ] DEBUG Engine               - isFullScreenFromStart: false
15:49:54.364 [FXGL Background Thread 3 ] DEBUG Engine               - isGameMenuEnabled: true
15:49:54.364 [FXGL Background Thread 3 ] DEBUG Engine               - isIOS: false
15:49:54.364 [FXGL Background Thread 3 ] DEBUG Engine               - isIntroEnabled: false
15:49:54.364 [FXGL Background Thread 3 ] DEBUG Engine               - isLinux: false
15:49:54.364 [FXGL Background Thread 3 ] DEBUG Engine               - isMac: false
15:49:54.364 [FXGL Background Thread 3 ] DEBUG Engine               - isMainMenuEnabled: false
15:49:54.364 [FXGL Background Thread 3 ] DEBUG Engine               - isManualResizeEnabled: false
15:49:54.364 [FXGL Background Thread 3 ] DEBUG Engine               - isMobile: false
15:49:54.364 [FXGL Background Thread 3 ] DEBUG Engine               - isNative: false
15:49:54.364 [FXGL Background Thread 3 ] DEBUG Engine               - isPauseMusicWhenMinimized: true
15:49:54.364 [FXGL Background Thread 3 ] DEBUG Engine               - isPreserveResizeRatio: false
15:49:54.364 [FXGL Background Thread 3 ] DEBUG Engine               - isProfilingEnabled: false
15:49:54.364 [FXGL Background Thread 3 ] DEBUG Engine               - isScaleAffectedOnResize: true
15:49:54.364 [FXGL Background Thread 3 ] DEBUG Engine               - isSingleStep: false
15:49:54.364 [FXGL Background Thread 3 ] DEBUG Engine               - isUserProfileEnabled: false
15:49:54.364 [FXGL Background Thread 3 ] DEBUG Engine               - isWindows: true
15:49:54.364 [FXGL Background Thread 3 ] DEBUG Engine               - language: ObjectProperty [value: ENGLISH]
15:49:54.365 [FXGL Background Thread 3 ] DEBUG Engine               - menuKey: ESCAPE
15:49:54.365 [FXGL Background Thread 3 ] DEBUG Engine               - mouseSensitivity: 0.2
15:49:54.365 [FXGL Background Thread 3 ] DEBUG Engine               - notificationViewClass: class com.almasb.fxgl.notification.view.XboxNotificationView
15:49:54.365 [FXGL Background Thread 3 ] DEBUG Engine               - pixelsPerMeter: 50.0
15:49:54.365 [FXGL Background Thread 3 ] DEBUG Engine               - platform: WINDOWS
15:49:54.365 [FXGL Background Thread 3 ] DEBUG Engine               - prefHeightProperty: ReadOnlyDoubleProperty [value: 480.0]
15:49:54.365 [FXGL Background Thread 3 ] DEBUG Engine               - prefWidthProperty: ReadOnlyDoubleProperty [value: 480.0]
15:49:54.365 [FXGL Background Thread 3 ] DEBUG Engine               - profileDir: profiles/
15:49:54.365 [FXGL Background Thread 3 ] DEBUG Engine               - profileName: StringProperty [value: DEFAULT]
15:49:54.365 [FXGL Background Thread 3 ] DEBUG Engine               - randomSeed: -1
15:49:54.365 [FXGL Background Thread 3 ] DEBUG Engine               - runtimeInfo: RuntimeInfo(platform=WINDOWS, version=17.3, build=30.03.2023 11.49)
15:49:54.365 [FXGL Background Thread 3 ] DEBUG Engine               - saveFileExt: sav
15:49:54.366 [FXGL Background Thread 3 ] DEBUG Engine               - scaledHeightProp$fxgl: DoubleProperty [bound, value: 480.0]
15:49:54.366 [FXGL Background Thread 3 ] DEBUG Engine               - scaledWidthProp$fxgl: DoubleProperty [bound, value: 480.0]
15:49:54.366 [FXGL Background Thread 3 ] DEBUG Engine               - sceneFactory: com.almasb.fxgl.app.scene.SceneFactory@4ff7ff68
15:49:54.366 [FXGL Background Thread 3 ] DEBUG Engine               - secondsIn24h: 60
15:49:54.366 [FXGL Background Thread 3 ] DEBUG Engine               - soundMenuBack: menu/back.wav
15:49:54.366 [FXGL Background Thread 3 ] DEBUG Engine               - soundMenuPress: menu/press.wav
15:49:54.366 [FXGL Background Thread 3 ] DEBUG Engine               - soundMenuSelect: menu/select.wav
15:49:54.366 [FXGL Background Thread 3 ] DEBUG Engine               - soundNotification: core/notification.wav
15:49:54.366 [FXGL Background Thread 3 ] DEBUG Engine               - stageStyle: DECORATED
15:49:54.366 [FXGL Background Thread 3 ] DEBUG Engine               - supportedLanguages: [ENGLISH, FRENCH, GERMAN, HUNGARIAN, RUSSIAN]
15:49:54.366 [FXGL Background Thread 3 ] DEBUG Engine               - ticksPerSecond: -1
15:49:54.366 [FXGL Background Thread 3 ] DEBUG Engine               - title: Bomberman Game
15:49:54.366 [FXGL Background Thread 3 ] DEBUG Engine               - urlGithub: https://github.com/AlmasB/FXGL
15:49:54.366 [FXGL Background Thread 3 ] DEBUG Engine               - urlLeaderboard: http://fxgl-top.herokuapp.com/
15:49:54.366 [FXGL Background Thread 3 ] DEBUG Engine               - urlPOM: https://raw.githubusercontent.com/AlmasB/FXGL/release/README.md
15:49:54.366 [FXGL Background Thread 3 ] DEBUG Engine               - userAppClass: class org.example.demo.HelloApplication
15:49:54.366 [FXGL Background Thread 3 ] DEBUG Engine               - version: 1.0
15:49:54.366 [FXGL Background Thread 3 ] DEBUG Engine               - versionCheckDays: 7
15:49:54.367 [FXGL Background Thread 3 ] DEBUG Engine               - width: 480
15:49:54.367 [FXGL Background Thread 3 ] DEBUG Engine               - Logging services
15:49:54.367 [FXGL Background Thread 3 ] DEBUG Engine               - class com.almasb.fxgl.app.services.FXGLAssetLoaderService
15:49:54.367 [FXGL Background Thread 3 ] DEBUG Engine               - class com.almasb.fxgl.app.FXGLApplication$GameApplicationService
15:49:54.367 [FXGL Background Thread 3 ] DEBUG Engine               - class com.almasb.fxgl.app.services.FXGLDialogService
15:49:54.367 [FXGL Background Thread 3 ] DEBUG Engine               - class com.almasb.fxgl.app.services.IOTaskExecutorService
15:49:54.367 [FXGL Background Thread 3 ] DEBUG Engine               - class com.almasb.fxgl.io.FileSystemService
15:49:54.367 [FXGL Background Thread 3 ] DEBUG Engine               - class com.almasb.fxgl.localization.LocalizationService
15:49:54.367 [FXGL Background Thread 3 ] DEBUG Engine               - class com.almasb.fxgl.app.services.SystemBundleService
15:49:54.367 [FXGL Background Thread 3 ] DEBUG Engine               - class com.almasb.fxgl.profile.SaveLoadService
15:49:54.367 [FXGL Background Thread 3 ] DEBUG Engine               - class com.almasb.fxgl.ui.FXGLUIFactoryServiceProvider
15:49:54.367 [FXGL Background Thread 3 ] DEBUG Engine               - class com.almasb.fxgl.ui.FXGLDialogFactoryServiceProvider
15:49:54.367 [FXGL Background Thread 3 ] DEBUG Engine               - class com.almasb.fxgl.audio.AudioPlayer
15:49:54.367 [FXGL Background Thread 3 ] DEBUG Engine               - class com.almasb.fxgl.notification.impl.NotificationServiceProvider
15:49:54.367 [FXGL Background Thread 3 ] DEBUG Engine               - class com.almasb.fxgl.achievement.AchievementService
15:49:54.367 [FXGL Background Thread 3 ] DEBUG Engine               - class com.almasb.fxgl.cutscene.CutsceneService
15:49:54.367 [FXGL Background Thread 3 ] DEBUG Engine               - class com.almasb.fxgl.minigames.MiniGameService
15:49:54.367 [FXGL Background Thread 3 ] DEBUG Engine               - class com.almasb.fxgl.net.NetService
15:49:54.367 [FXGL Background Thread 3 ] DEBUG Engine               - class com.almasb.fxgl.app.services.UpdaterService
15:49:54.367 [FXGL Background Thread 3 ] DEBUG Engine               - class com.almasb.fxgl.dev.DevService
15:50:09.681 [JavaFX Application Thread] DEBUG FXGLApplication      - Exiting FXGL
15:50:09.683 [JavaFX Application Thread] DEBUG LoopRunner           - Stopping loop
15:50:09.683 [JavaFX Application Thread] DEBUG SystemBundleService  - Saving FXGL system data
15:50:09.688 [JavaFX Application Thread] DEBUG FileSystemAccess     - Writing to: C:\Users\admin\OneDrive\Máy tính\btl\baitaplonOOP\system\fxgl.bundle
15:50:09.690 [JavaFX Application Thread] DEBUG Async                - Shutting down background threads
15:50:09.690 [JavaFX Application Thread] DEBUG PrimaryStageWindow   - Closing main window
15:50:09.718 [JavaFX Application Thread] DEBUG Logger               - Closing Logger
