17:16:07.174 [main                     ] DEBUG Logger               - Configured Logger
17:16:07.201 [main                     ] DEBUG GameApplication      - Logging settings
Title: Bomberman Game
Version: 1.0
Width: 480
Height: 480
Fullscreen: false
Intro: false
Profiling: false
Single step:false
App Mode: DEVELOPER
Menu Key: ESCAPE
Stage Style: DECORATED
Scene Factory: class com.almasb.fxgl.app.scene.SceneFactory

17:16:07.589 [JavaFX Application Thread] DEBUG FXGLApplication      - Initializing FXGL
17:16:07.593 [JavaFX Application Thread] INFO  Engine               - FXGL-17.3 (30.03.2023 11.49) on WINDOWS (J:23.0.2 FX:17.0.6)
17:16:07.593 [JavaFX Application Thread] DEBUG Engine               - JRE Vendor Name: Oracle Corporation
17:16:07.593 [JavaFX Application Thread] DEBUG Engine               - Running on OS: Windows 11 version 10.0
17:16:07.593 [JavaFX Application Thread] DEBUG Engine               - Architecture: amd64
17:16:07.593 [JavaFX Application Thread] INFO  Engine               - Source code and latest versions at: https://github.com/AlmasB/FXGL
17:16:07.593 [JavaFX Application Thread] INFO  Engine               -       Ask questions and discuss at: https://github.com/AlmasB/FXGL/discussions
17:16:07.593 [JavaFX Application Thread] INFO  Engine               -              Join the FXGL chat at: https://gitter.im/AlmasB/FXGL
17:16:07.690 [JavaFX Application Thread] DEBUG PrimaryStageWindow   - Creating a JavaFX scene
17:16:07.740 [JavaFX Application Thread] DEBUG PrimaryStageWindow   - Target settings size: 480.0 x 480.0
17:16:07.740 [JavaFX Application Thread] DEBUG PrimaryStageWindow   - Scaled scene size:    480.0 x 480.0
17:16:07.740 [JavaFX Application Thread] DEBUG PrimaryStageWindow   - Scaled ratio: (1.0, 1.0)
17:16:07.742 [JavaFX Application Thread] DEBUG PrimaryStageWindow   - Set initial scene to FXGLStartupScene
17:16:07.747 [JavaFX Application Thread] DEBUG PrimaryStageWindow   - Opening main window
17:16:07.831 [JavaFX Application Thread] DEBUG PrimaryStageWindow   - Window border size: (14.666656494140625, 37.33331298828125)
17:16:07.831 [JavaFX Application Thread] DEBUG PrimaryStageWindow   - Scaled size: 480.0 x 480.0
17:16:07.831 [JavaFX Application Thread] DEBUG PrimaryStageWindow   - Scaled ratio: (1.0, 1.0)
17:16:07.831 [JavaFX Application Thread] DEBUG PrimaryStageWindow   - Scene size: 480.0 x 480.0
17:16:07.832 [JavaFX Application Thread] DEBUG PrimaryStageWindow   - Stage size: 494.6666564941406 x 517.3333129882812
17:16:07.843 [FXGL Background Thread 1 ] DEBUG Engine               - Initializing environment variables
17:16:07.928 [FXGL Background Thread 1 ] DEBUG FXGLAssetLoaderServi - User app class for loading assets: class org.example.demo.HelloApplication
17:16:07.928 [FXGL Background Thread 1 ] DEBUG GameApplicationServi - Applying CSS: fxgl_dark.css
17:16:07.929 [FXGL Background Thread 1 ] DEBUG FXGLAssetLoaderServi - Loading from file system: jar:file:///C:/Users/admin/.m2/repository/com/github/almasb/fxgl/17.3/fxgl-17.3.jar!/fxglassets/ui/css/fxgl_dark.css
17:16:07.973 [FXGL Background Thread 1 ] DEBUG GameApplicationServi - Initializing application scenes
17:16:08.020 [FXGL Background Thread 1 ] DEBUG GameWorld            - Game world initialized
17:16:08.096 [FXGL Background Thread 1 ] DEBUG PhysicsWorld         - Physics world initialized: appHeight=480, physics.ppm=50.0
17:16:08.097 [FXGL Background Thread 1 ] DEBUG PhysicsWorld         - Using strategy: BRUTE_FORCE
17:16:08.101 [FXGL Background Thread 1 ] DEBUG GameScene            - Game scene initialized: 480x480
17:16:08.115 [FXGL Background Thread 1 ] WARN  FXGL.DefaultMenu     - FXGLDefaultMenu is not designed for resolutions < 800x600
17:16:08.115 [FXGL Background Thread 1 ] DEBUG FXGL.DefaultMenu     - createMenuBodyGameMenu()
17:16:08.130 [FXGL Background Thread 1 ] DEBUG FXGL.DefaultMenu     - createOptionsMenu()
17:16:08.143 [FXGL Background Thread 1 ] DEBUG FXGLAssetLoaderServi - Loading from file system: jar:file:///C:/Users/admin/.m2/repository/com/github/almasb/fxgl/17.3/fxgl-17.3.jar!/fxglassets/textures/particles/smoke.png
17:16:08.233 [FXGL Background Thread 1 ] DEBUG FXGLAssetLoaderServi - Loading from file system: jar:file:///C:/Users/admin/.m2/repository/com/github/almasb/fxgl/17.3/fxgl-17.3.jar!/fxglassets/textures/particles/trace_horizontal.png
17:16:08.260 [FXGL Background Thread 1 ] DEBUG GameApplicationServi - Application scenes initialized
17:16:08.270 [FXGL Background Thread 1 ] DEBUG SystemBundleService  - Loading FXGL system data
17:16:08.274 [FXGL Background Thread 1 ] DEBUG FileSystemAccess     - Reading from: C:\Users\admin\OneDrive\Máy tính\btl\baitaplonOOP\system\fxgl.bundle
17:16:08.283 [FXGL Background Thread 1 ] DEBUG SystemBundleService  - Bundle FXGL: {}
17:16:08.284 [FXGL Background Thread 1 ] DEBUG UpdaterService       - Checking for updates
17:16:08.287 [FXGL Background Thread 4 ] DEBUG FXGLApplication      - Loading fonts
17:16:08.287 [FXGL Background Thread 1 ] DEBUG FXGLApplication      - Loading default localization
17:16:08.287 [FXGL Background Thread 4 ] DEBUG FXGLAssetLoaderServi - Loading from file system: jar:file:///C:/Users/admin/.m2/repository/com/github/almasb/fxgl/17.3/fxgl-17.3.jar!/fxglassets/ui/fonts/VarelaRound-Regular.ttf
17:16:08.289 [FXGL Background Thread 1 ] DEBUG FXGLAssetLoaderServi - Loading from file system: jar:file:///C:/Users/admin/.m2/repository/com/github/almasb/fxgl/17.3/fxgl-17.3.jar!/fxglassets/languages/english.lang
17:16:08.313 [FXGL Background Thread 1 ] INFO  FXGLApplication      - FXGL initialization took: 0.470 sec
17:16:08.314 [JavaFX Application Thread] DEBUG Input                - Clearing active input actions
17:16:08.322 [JavaFX Application Thread] DEBUG Input                - Registered new binding: Move Up - W
17:16:08.323 [JavaFX Application Thread] DEBUG Input                - Registered new binding: Move Down - S
17:16:08.323 [JavaFX Application Thread] DEBUG Input                - Registered new binding: Move Left - A
17:16:08.323 [JavaFX Application Thread] DEBUG Input                - Registered new binding: Move Right - D
17:16:08.325 [JavaFX Application Thread] DEBUG FXGLAssetLoaderServi - Loading from file system: jar:file:///C:/Users/admin/.m2/repository/com/github/almasb/fxgl/17.3/fxgl-17.3.jar!/fxglassets/textures/fxgl_icon.png
17:16:08.336 [FXGL Background Thread 4 ] DEBUG FXGLAssetLoaderServi - Loading from file system: jar:file:///C:/Users/admin/.m2/repository/com/github/almasb/fxgl/17.3/fxgl-17.3.jar!/fxglassets/ui/fonts/Abel-Regular.ttf
17:16:08.348 [JavaFX Application Thread] DEBUG FXGLAssetLoaderServi - Loading from file system: jar:file:///C:/Users/admin/.m2/repository/com/github/almasb/fxgl/17.3/fxgl-17.3.jar!/fxglassets/textures/fxgl_default_cursor.png
17:16:08.349 [FXGL Background Thread 4 ] DEBUG FXGLAssetLoaderServi - Loading from file system: jar:file:///C:/Users/admin/.m2/repository/com/github/almasb/fxgl/17.3/fxgl-17.3.jar!/fxglassets/ui/fonts/TerminalLandMono-Regular.otf
17:16:08.352 [JavaFX Application Thread] DEBUG Input                - Registered new binding: Screenshot - CTRL+8
17:16:08.352 [JavaFX Application Thread] DEBUG Input                - Registered new binding: System info dump - CTRL+9
17:16:08.352 [JavaFX Application Thread] DEBUG Input                - Registered new binding: Restart - CTRL+R
17:16:08.353 [JavaFX Application Thread] DEBUG Input                - Registered new binding: Toggle Debug Camera - CTRL+7
17:16:08.355 [JavaFX Application Thread] DEBUG LoopRunner           - Starting loop
17:16:08.355 [JavaFX Application Thread] DEBUG LoopRunner           - Initializing JavaFX AnimationTimerLoop
17:16:08.357 [JavaFX Application Thread] DEBUG GameApplicationServi - Starting new game
17:16:08.357 [JavaFX Application Thread] DEBUG Input                - Clearing active input actions
17:16:08.363 [FXGL Background Thread 4 ] DEBUG FXGLAssetLoaderServi - Loading from file system: jar:file:///C:/Users/admin/.m2/repository/com/github/almasb/fxgl/17.3/fxgl-17.3.jar!/fxglassets/ui/fonts/Courier-Prime.ttf
17:16:08.369 [JavaFX Application Thread] DEBUG GameApplicationServi - Removing overlay from FXGLStartupScene and adding to FXGLLoadingScene
17:16:08.369 [JavaFX Application Thread] DEBUG PrimaryStageWindow   - FXGLStartupScene -> FXGLLoadingScene
17:16:08.369 [JavaFX Application Thread] DEBUG GameApplicationServi - Clearing previous game
17:16:08.369 [JavaFX Application Thread] DEBUG GameScene            - Clearing game scene
17:16:08.369 [JavaFX Application Thread] DEBUG GameWorld            - Clearing game world
17:16:08.369 [JavaFX Application Thread] DEBUG PhysicsWorld         - Clearing physics world
17:16:08.370 [FXGL Background Thread 1 ] DEBUG FXGLApplication      - Initializing game
17:16:08.405 [JavaFX Application Thread] DEBUG LoopRunner           - Stopping loop
17:16:08.407 [JavaFX Application Thread] FATAL FXGLApplication      - Uncaught Exception:
java.lang.RuntimeException: Initialization failed
	at com.almasb.fxgl.all@17.3/com.almasb.fxgl.app.FXGLApplication$InitAppTask.failed(FXGLApplication.kt:343)
	at javafx.graphics/javafx.concurrent.Task.setState(Task.java:710)
	at javafx.graphics/javafx.concurrent.Task$TaskCallable.lambda$call$2(Task.java:1456)
	at javafx.graphics/com.sun.javafx.application.PlatformImpl.lambda$runLater$10(PlatformImpl.java:457)
	at java.base/java.security.AccessController.doPrivileged(AccessController.java:400)
	at javafx.graphics/com.sun.javafx.application.PlatformImpl.lambda$runLater$11(PlatformImpl.java:456)
	at javafx.graphics/com.sun.glass.ui.InvokeLaterDispatcher$Future.run(InvokeLaterDispatcher.java:96)
	at javafx.graphics/com.sun.glass.ui.win.WinApplication._runLoop(Native Method)
	at javafx.graphics/com.sun.glass.ui.win.WinApplication.lambda$runLoop$3(WinApplication.java:184)
	at java.base/java.lang.Thread.run(Thread.java:1575)
Caused by: java.lang.NullPointerException: Cannot load from object array because "org.example.demo.GameInitializerMap.map" is null
	at org.example.demo/org.example.demo.GameInitializerMap.initializeMap(GameInitializerMap.java:134)
	at org.example.demo/org.example.demo.BombermanApp.initializeMap(BombermanApp.java:52)
	at org.example.demo/org.example.demo.BombermanApp.initGame(BombermanApp.java:58)
	at com.almasb.fxgl.all@17.3/com.almasb.fxgl.app.FXGLApplication$InitAppTask.initGame(FXGLApplication.kt:339)
	at com.almasb.fxgl.all@17.3/com.almasb.fxgl.app.FXGLApplication$InitAppTask.call(FXGLApplication.kt:319)
	at com.almasb.fxgl.all@17.3/com.almasb.fxgl.app.FXGLApplication$InitAppTask.call(FXGLApplication.kt:311)
	at javafx.graphics/javafx.concurrent.Task$TaskCallable.call(Task.java:1426)
	at java.base/java.util.concurrent.FutureTask.run(FutureTask.java:317)
	at java.base/java.util.concurrent.Executors$RunnableAdapter.call(Executors.java:572)
	at java.base/java.util.concurrent.FutureTask.run(FutureTask.java:317)
	at java.base/java.util.concurrent.ThreadPoolExecutor.runWorker(ThreadPoolExecutor.java:1144)
	at java.base/java.util.concurrent.ThreadPoolExecutor$Worker.run(ThreadPoolExecutor.java:642)
	... 1 more

17:16:08.408 [JavaFX Application Thread] FATAL FXGLApplication      - Application will now exit
17:16:08.425 [JavaFX Application Thread] DEBUG PrimaryStageWindow   - Push state: ErrorSubScene
17:16:08.425 [JavaFX Application Thread] DEBUG Input                - Clearing active input actions
17:16:08.431 [JavaFX Application Thread] DEBUG GameApplicationServi - Removing overlay from FXGLLoadingScene and adding to ErrorSubScene
17:16:08.431 [JavaFX Application Thread] DEBUG PrimaryStageWindow   - FXGLLoadingScene -> ErrorSubScene
17:16:08.433 [JavaFX Application Thread] DEBUG FXGLApplication      - Registering font factories with UI factory
17:16:10.348 [FXGL Background Thread 2 ] INFO  UpdaterService       - Your current version:  17.3
17:16:10.349 [FXGL Background Thread 2 ] INFO  UpdaterService       - Latest stable version: 21.1
17:16:10.400 [JavaFX Application Thread] DEBUG FXGLApplication      - Exiting FXGL
17:16:10.400 [JavaFX Application Thread] DEBUG Async                - Shutting down background threads
17:16:10.400 [JavaFX Application Thread] DEBUG PrimaryStageWindow   - Closing main window
17:16:10.431 [JavaFX Application Thread] DEBUG Logger               - Closing Logger
