00:13:06.220 [main                     ] DEBUG Logger               - Configured Logger
00:13:06.242 [main                     ] DEBUG GameApplication      - Logging settings
Title: Bomberman Game
Version: 1.0
Width: 480
Height: 480
Fullscreen: false
Intro: false
Profiling: false
Single step:false
App Mode: DEVELOPER
Menu Key: ESCAPE
Stage Style: DECORATED
Scene Factory: class com.almasb.fxgl.app.scene.SceneFactory

00:13:06.536 [JavaFX Application Thread] DEBUG FXGLApplication      - Initializing FXGL
00:13:06.540 [JavaFX Application Thread] INFO  Engine               - FXGL-17.3 (30.03.2023 11.49) on WINDOWS (J:23.0.2 FX:17.0.6)
00:13:06.541 [JavaFX Application Thread] DEBUG Engine               - JRE Vendor Name: Oracle Corporation
00:13:06.541 [JavaFX Application Thread] DEBUG Engine               - Running on OS: Windows 11 version 10.0
00:13:06.541 [JavaFX Application Thread] DEBUG Engine               - Architecture: amd64
00:13:06.541 [JavaFX Application Thread] INFO  Engine               - Source code and latest versions at: https://github.com/AlmasB/FXGL
00:13:06.541 [JavaFX Application Thread] INFO  Engine               -       Ask questions and discuss at: https://github.com/AlmasB/FXGL/discussions
00:13:06.541 [JavaFX Application Thread] INFO  Engine               -              Join the FXGL chat at: https://gitter.im/AlmasB/FXGL
00:13:06.630 [JavaFX Application Thread] DEBUG PrimaryStageWindow   - Creating a JavaFX scene
00:13:06.671 [JavaFX Application Thread] DEBUG PrimaryStageWindow   - Target settings size: 480.0 x 480.0
00:13:06.672 [JavaFX Application Thread] DEBUG PrimaryStageWindow   - Scaled scene size:    480.0 x 480.0
00:13:06.672 [JavaFX Application Thread] DEBUG PrimaryStageWindow   - Scaled ratio: (1.0, 1.0)
00:13:06.673 [JavaFX Application Thread] DEBUG PrimaryStageWindow   - Set initial scene to FXGLStartupScene
00:13:06.681 [JavaFX Application Thread] DEBUG PrimaryStageWindow   - Opening main window
00:13:06.751 [JavaFX Application Thread] DEBUG PrimaryStageWindow   - Window border size: (14.666656494140625, 37.33331298828125)
00:13:06.753 [JavaFX Application Thread] DEBUG PrimaryStageWindow   - Scaled size: 480.0 x 480.0
00:13:06.753 [JavaFX Application Thread] DEBUG PrimaryStageWindow   - Scaled ratio: (1.0, 1.0)
00:13:06.753 [JavaFX Application Thread] DEBUG PrimaryStageWindow   - Scene size: 480.0 x 480.0
00:13:06.753 [JavaFX Application Thread] DEBUG PrimaryStageWindow   - Stage size: 494.6666564941406 x 517.3333129882812
00:13:06.760 [FXGL Background Thread 1 ] DEBUG Engine               - Initializing environment variables
00:13:06.828 [FXGL Background Thread 1 ] DEBUG FXGLAssetLoaderServi - User app class for loading assets: class org.example.demo.BombermanApp
00:13:06.829 [FXGL Background Thread 1 ] DEBUG GameApplicationServi - Applying CSS: fxgl_dark.css
00:13:06.829 [FXGL Background Thread 1 ] DEBUG FXGLAssetLoaderServi - Loading from file system: jar:file:///C:/Users/admin/.m2/repository/com/github/almasb/fxgl/17.3/fxgl-17.3.jar!/fxglassets/ui/css/fxgl_dark.css
00:13:06.871 [FXGL Background Thread 1 ] DEBUG GameApplicationServi - Initializing application scenes
00:13:06.907 [FXGL Background Thread 1 ] DEBUG GameWorld            - Game world initialized
00:13:06.966 [FXGL Background Thread 1 ] DEBUG PhysicsWorld         - Physics world initialized: appHeight=480, physics.ppm=50.0
00:13:06.966 [FXGL Background Thread 1 ] DEBUG PhysicsWorld         - Using strategy: BRUTE_FORCE
00:13:06.970 [FXGL Background Thread 1 ] DEBUG GameScene            - Game scene initialized: 480x480
00:13:06.980 [FXGL Background Thread 1 ] WARN  FXGL.DefaultMenu     - FXGLDefaultMenu is not designed for resolutions < 800x600
00:13:06.980 [FXGL Background Thread 1 ] DEBUG FXGL.DefaultMenu     - createMenuBodyGameMenu()
00:13:06.991 [FXGL Background Thread 1 ] DEBUG FXGL.DefaultMenu     - createOptionsMenu()
00:13:07.000 [FXGL Background Thread 1 ] DEBUG FXGLAssetLoaderServi - Loading from file system: jar:file:///C:/Users/admin/.m2/repository/com/github/almasb/fxgl/17.3/fxgl-17.3.jar!/fxglassets/textures/particles/smoke.png
00:13:07.074 [FXGL Background Thread 1 ] DEBUG FXGLAssetLoaderServi - Loading from file system: jar:file:///C:/Users/admin/.m2/repository/com/github/almasb/fxgl/17.3/fxgl-17.3.jar!/fxglassets/textures/particles/trace_horizontal.png
00:13:07.100 [FXGL Background Thread 1 ] DEBUG GameApplicationServi - Application scenes initialized
00:13:07.112 [FXGL Background Thread 1 ] DEBUG SystemBundleService  - Loading FXGL system data
00:13:07.115 [FXGL Background Thread 1 ] DEBUG FileSystemAccess     - Reading from: C:\Users\admin\OneDrive\Máy tính\demo\system\fxgl.bundle
00:13:07.120 [FXGL Background Thread 1 ] DEBUG SystemBundleService  - Bundle FXGL: {}
00:13:07.121 [FXGL Background Thread 1 ] DEBUG UpdaterService       - Checking for updates
00:13:07.125 [FXGL Background Thread 4 ] DEBUG FXGLApplication      - Loading fonts
00:13:07.125 [FXGL Background Thread 4 ] DEBUG FXGLAssetLoaderServi - Loading from file system: jar:file:///C:/Users/admin/.m2/repository/com/github/almasb/fxgl/17.3/fxgl-17.3.jar!/fxglassets/ui/fonts/VarelaRound-Regular.ttf
00:13:07.125 [FXGL Background Thread 1 ] DEBUG FXGLApplication      - Loading default localization
00:13:07.126 [FXGL Background Thread 1 ] DEBUG FXGLAssetLoaderServi - Loading from file system: jar:file:///C:/Users/admin/.m2/repository/com/github/almasb/fxgl/17.3/fxgl-17.3.jar!/fxglassets/languages/english.lang
00:13:07.152 [FXGL Background Thread 1 ] INFO  FXGLApplication      - FXGL initialization took: 0.392 sec
00:13:07.155 [JavaFX Application Thread] DEBUG Input                - Clearing active input actions
00:13:07.165 [JavaFX Application Thread] DEBUG Input                - Registered new binding: Move Up - W
00:13:07.165 [JavaFX Application Thread] DEBUG Input                - Registered new binding: Move Down - S
00:13:07.165 [JavaFX Application Thread] DEBUG Input                - Registered new binding: Move Left - A
00:13:07.165 [JavaFX Application Thread] DEBUG Input                - Registered new binding: Move Right - D
00:13:07.165 [JavaFX Application Thread] DEBUG FXGLAssetLoaderServi - Loading from file system: jar:file:///C:/Users/admin/.m2/repository/com/github/almasb/fxgl/17.3/fxgl-17.3.jar!/fxglassets/textures/fxgl_icon.png
00:13:07.171 [FXGL Background Thread 4 ] DEBUG FXGLAssetLoaderServi - Loading from file system: jar:file:///C:/Users/admin/.m2/repository/com/github/almasb/fxgl/17.3/fxgl-17.3.jar!/fxglassets/ui/fonts/Abel-Regular.ttf
00:13:07.184 [JavaFX Application Thread] DEBUG FXGLAssetLoaderServi - Loading from file system: jar:file:///C:/Users/admin/.m2/repository/com/github/almasb/fxgl/17.3/fxgl-17.3.jar!/fxglassets/textures/fxgl_default_cursor.png
00:13:07.185 [FXGL Background Thread 4 ] DEBUG FXGLAssetLoaderServi - Loading from file system: jar:file:///C:/Users/admin/.m2/repository/com/github/almasb/fxgl/17.3/fxgl-17.3.jar!/fxglassets/ui/fonts/TerminalLandMono-Regular.otf
00:13:07.187 [JavaFX Application Thread] DEBUG Input                - Registered new binding: Screenshot - CTRL+8
00:13:07.187 [JavaFX Application Thread] DEBUG Input                - Registered new binding: System info dump - CTRL+9
00:13:07.187 [JavaFX Application Thread] DEBUG Input                - Registered new binding: Restart - CTRL+R
00:13:07.188 [JavaFX Application Thread] DEBUG Input                - Registered new binding: Toggle Debug Camera - CTRL+7
00:13:07.189 [JavaFX Application Thread] DEBUG LoopRunner           - Starting loop
00:13:07.189 [JavaFX Application Thread] DEBUG LoopRunner           - Initializing JavaFX AnimationTimerLoop
00:13:07.191 [JavaFX Application Thread] DEBUG GameApplicationServi - Starting new game
00:13:07.191 [JavaFX Application Thread] DEBUG Input                - Clearing active input actions
00:13:07.202 [FXGL Background Thread 4 ] DEBUG FXGLAssetLoaderServi - Loading from file system: jar:file:///C:/Users/admin/.m2/repository/com/github/almasb/fxgl/17.3/fxgl-17.3.jar!/fxglassets/ui/fonts/Courier-Prime.ttf
00:13:07.204 [JavaFX Application Thread] DEBUG GameApplicationServi - Removing overlay from FXGLStartupScene and adding to FXGLLoadingScene
00:13:07.204 [JavaFX Application Thread] DEBUG PrimaryStageWindow   - FXGLStartupScene -> FXGLLoadingScene
00:13:07.204 [JavaFX Application Thread] DEBUG GameApplicationServi - Clearing previous game
00:13:07.204 [JavaFX Application Thread] DEBUG GameScene            - Clearing game scene
00:13:07.205 [JavaFX Application Thread] DEBUG GameWorld            - Clearing game world
00:13:07.205 [JavaFX Application Thread] DEBUG PhysicsWorld         - Clearing physics world
00:13:07.206 [FXGL Background Thread 1 ] DEBUG FXGLApplication      - Initializing game
00:13:07.255 [JavaFX Application Thread] DEBUG FXGLApplication      - Registering font factories with UI factory
00:13:07.902 [FXGL Background Thread 2 ] INFO  UpdaterService       - Your current version:  17.3
00:13:07.902 [FXGL Background Thread 2 ] INFO  UpdaterService       - Latest stable version: 21.1
00:13:08.331 [JavaFX Application Thread] DEBUG LoopRunner           - Stopping loop
00:13:08.334 [JavaFX Application Thread] FATAL FXGLApplication      - Uncaught Exception:
java.lang.RuntimeException: Initialization failed
	at com.almasb.fxgl.all@17.3/com.almasb.fxgl.app.FXGLApplication$InitAppTask.failed(FXGLApplication.kt:343)
	at javafx.graphics/javafx.concurrent.Task.setState(Task.java:710)
	at javafx.graphics/javafx.concurrent.Task$TaskCallable.lambda$call$2(Task.java:1456)
	at javafx.graphics/com.sun.javafx.application.PlatformImpl.lambda$runLater$10(PlatformImpl.java:457)
	at java.base/java.security.AccessController.doPrivileged(AccessController.java:400)
	at javafx.graphics/com.sun.javafx.application.PlatformImpl.lambda$runLater$11(PlatformImpl.java:456)
	at javafx.graphics/com.sun.glass.ui.InvokeLaterDispatcher$Future.run(InvokeLaterDispatcher.java:96)
	at javafx.graphics/com.sun.glass.ui.win.WinApplication._runLoop(Native Method)
	at javafx.graphics/com.sun.glass.ui.win.WinApplication.lambda$runLoop$3(WinApplication.java:184)
	at java.base/java.lang.Thread.run(Thread.java:1575)
Caused by: java.lang.NullPointerException: Cannot invoke "org.example.demo.GamePlay.getPlayerImageView()" because "this.controller" is null
	at org.example.demo/org.example.demo.BombermanApp.initGame(BombermanApp.java:99)
	at com.almasb.fxgl.all@17.3/com.almasb.fxgl.app.FXGLApplication$InitAppTask.initGame(FXGLApplication.kt:339)
	at com.almasb.fxgl.all@17.3/com.almasb.fxgl.app.FXGLApplication$InitAppTask.call(FXGLApplication.kt:319)
	at com.almasb.fxgl.all@17.3/com.almasb.fxgl.app.FXGLApplication$InitAppTask.call(FXGLApplication.kt:311)
	at javafx.graphics/javafx.concurrent.Task$TaskCallable.call(Task.java:1426)
	at java.base/java.util.concurrent.FutureTask.run(FutureTask.java:317)
	at java.base/java.util.concurrent.Executors$RunnableAdapter.call(Executors.java:572)
	at java.base/java.util.concurrent.FutureTask.run(FutureTask.java:317)
	at java.base/java.util.concurrent.ThreadPoolExecutor.runWorker(ThreadPoolExecutor.java:1144)
	at java.base/java.util.concurrent.ThreadPoolExecutor$Worker.run(ThreadPoolExecutor.java:642)
	... 1 more

00:13:08.334 [JavaFX Application Thread] FATAL FXGLApplication      - Application will now exit
00:13:08.353 [JavaFX Application Thread] DEBUG PrimaryStageWindow   - Push state: ErrorSubScene
00:13:08.353 [JavaFX Application Thread] DEBUG Input                - Clearing active input actions
00:13:08.358 [JavaFX Application Thread] DEBUG GameApplicationServi - Removing overlay from FXGLLoadingScene and adding to ErrorSubScene
00:13:08.359 [JavaFX Application Thread] DEBUG PrimaryStageWindow   - FXGLLoadingScene -> ErrorSubScene
00:13:10.124 [FXGL Background Thread 3 ] DEBUG Engine               - Logging environment variables
00:13:10.124 [FXGL Background Thread 3 ] DEBUG Engine               - achievements: []
00:13:10.124 [FXGL Background Thread 3 ] DEBUG Engine               - actualHeight: 480.0
00:13:10.124 [FXGL Background Thread 3 ] DEBUG Engine               - actualHeightProperty: ReadOnlyDoubleProperty [value: 480.0]
00:13:10.124 [FXGL Background Thread 3 ] DEBUG Engine               - actualWidth: 480.0
00:13:10.124 [FXGL Background Thread 3 ] DEBUG Engine               - actualWidthProperty: ReadOnlyDoubleProperty [value: 480.0]
00:13:10.124 [FXGL Background Thread 3 ] DEBUG Engine               - appIcon: fxgl_icon.png
00:13:10.124 [FXGL Background Thread 3 ] DEBUG Engine               - applicationMode: DEVELOPER
00:13:10.125 [FXGL Background Thread 3 ] DEBUG Engine               - cSSList: [fxgl_dark.css]
00:13:10.125 [FXGL Background Thread 3 ] DEBUG Engine               - collisionDetectionStrategy: BRUTE_FORCE
00:13:10.125 [FXGL Background Thread 3 ] DEBUG Engine               - configClass: Optional.empty
00:13:10.125 [FXGL Background Thread 3 ] DEBUG Engine               - credits: []
00:13:10.125 [FXGL Background Thread 3 ] DEBUG Engine               - defaultCursor: CursorInfo(imageName=fxgl_default_cursor.png, hotspotX=7.0, hotspotY=6.0)
00:13:10.125 [FXGL Background Thread 3 ] DEBUG Engine               - devBBoxColorProperty: ObjectProperty [value: 0xff0000ff]
00:13:10.125 [FXGL Background Thread 3 ] DEBUG Engine               - devEnableDebugCameraProperty: BooleanProperty [value: false]
00:13:10.125 [FXGL Background Thread 3 ] DEBUG Engine               - devSensorColorProperty: ObjectProperty [value: 0xffff00ff]
00:13:10.125 [FXGL Background Thread 3 ] DEBUG Engine               - devShowBBoxProperty: BooleanProperty [value: false]
00:13:10.125 [FXGL Background Thread 3 ] DEBUG Engine               - devShowPositionProperty: BooleanProperty [value: false]
00:13:10.125 [FXGL Background Thread 3 ] DEBUG Engine               - enabledMenuItems: []
00:13:10.125 [FXGL Background Thread 3 ] DEBUG Engine               - engineServices: [class com.almasb.fxgl.app.services.FXGLAssetLoaderService, class com.almasb.fxgl.app.FXGLApplication$GameApplicationService, class com.almasb.fxgl.app.services.FXGLDialogService, class com.almasb.fxgl.app.services.IOTaskExecutorService, class com.almasb.fxgl.io.FileSystemService, class com.almasb.fxgl.localization.LocalizationService, class com.almasb.fxgl.app.services.SystemBundleService, class com.almasb.fxgl.profile.SaveLoadService, class com.almasb.fxgl.ui.FXGLUIFactoryServiceProvider, class com.almasb.fxgl.ui.FXGLDialogFactoryServiceProvider, class com.almasb.fxgl.audio.AudioPlayer, class com.almasb.fxgl.notification.impl.NotificationServiceProvider, class com.almasb.fxgl.achievement.AchievementService, class com.almasb.fxgl.cutscene.CutsceneService, class com.almasb.fxgl.minigames.MiniGameService, class com.almasb.fxgl.net.NetService, class com.almasb.fxgl.app.services.UpdaterService, class com.almasb.fxgl.dev.DevService]
00:13:10.125 [FXGL Background Thread 3 ] DEBUG Engine               - fontGame: Abel-Regular.ttf
00:13:10.125 [FXGL Background Thread 3 ] DEBUG Engine               - fontMono: TerminalLandMono-Regular.otf
00:13:10.125 [FXGL Background Thread 3 ] DEBUG Engine               - fontSizeScaleUI: 1.0
00:13:10.125 [FXGL Background Thread 3 ] DEBUG Engine               - fontText: Courier-Prime.ttf
00:13:10.125 [FXGL Background Thread 3 ] DEBUG Engine               - fontUI: VarelaRound-Regular.ttf
00:13:10.125 [FXGL Background Thread 3 ] DEBUG Engine               - fullScreen: BooleanProperty [value: false]
00:13:10.125 [FXGL Background Thread 3 ] DEBUG Engine               - gameDifficulty: MEDIUM
00:13:10.125 [FXGL Background Thread 3 ] DEBUG Engine               - gameDifficultyProperty: ObjectProperty [value: MEDIUM]
00:13:10.125 [FXGL Background Thread 3 ] DEBUG Engine               - globalMusicVolume: 0.5
00:13:10.125 [FXGL Background Thread 3 ] DEBUG Engine               - globalMusicVolumeProperty: DoubleProperty [value: 0.5]
00:13:10.125 [FXGL Background Thread 3 ] DEBUG Engine               - globalSoundVolume: 0.5
00:13:10.125 [FXGL Background Thread 3 ] DEBUG Engine               - globalSoundVolumeProperty: DoubleProperty [value: 0.5]
00:13:10.125 [FXGL Background Thread 3 ] DEBUG Engine               - height: 480
00:13:10.125 [FXGL Background Thread 3 ] DEBUG Engine               - is3D: false
00:13:10.125 [FXGL Background Thread 3 ] DEBUG Engine               - isAndroid: false
00:13:10.126 [FXGL Background Thread 3 ] DEBUG Engine               - isBrowser: false
00:13:10.126 [FXGL Background Thread 3 ] DEBUG Engine               - isClickFeedbackEnabled: false
00:13:10.126 [FXGL Background Thread 3 ] DEBUG Engine               - isCloseConfirmation: false
00:13:10.126 [FXGL Background Thread 3 ] DEBUG Engine               - isDesktop: true
00:13:10.126 [FXGL Background Thread 3 ] DEBUG Engine               - isDeveloperMenuEnabled: false
00:13:10.126 [FXGL Background Thread 3 ] DEBUG Engine               - isEmbedded: false
00:13:10.126 [FXGL Background Thread 3 ] DEBUG Engine               - isEntityPreloadEnabled: true
00:13:10.126 [FXGL Background Thread 3 ] DEBUG Engine               - isExperimentalTiledLargeMap: false
00:13:10.126 [FXGL Background Thread 3 ] DEBUG Engine               - isFileSystemWriteAllowed: true
00:13:10.126 [FXGL Background Thread 3 ] DEBUG Engine               - isFullScreenAllowed: false
00:13:10.126 [FXGL Background Thread 3 ] DEBUG Engine               - isFullScreenFromStart: false
00:13:10.126 [FXGL Background Thread 3 ] DEBUG Engine               - isGameMenuEnabled: true
00:13:10.126 [FXGL Background Thread 3 ] DEBUG Engine               - isIOS: false
00:13:10.126 [FXGL Background Thread 3 ] DEBUG Engine               - isIntroEnabled: false
00:13:10.126 [FXGL Background Thread 3 ] DEBUG Engine               - isLinux: false
00:13:10.126 [FXGL Background Thread 3 ] DEBUG Engine               - isMac: false
00:13:10.126 [FXGL Background Thread 3 ] DEBUG Engine               - isMainMenuEnabled: false
00:13:10.126 [FXGL Background Thread 3 ] DEBUG Engine               - isManualResizeEnabled: false
00:13:10.126 [FXGL Background Thread 3 ] DEBUG Engine               - isMobile: false
00:13:10.126 [FXGL Background Thread 3 ] DEBUG Engine               - isNative: false
00:13:10.126 [FXGL Background Thread 3 ] DEBUG Engine               - isPauseMusicWhenMinimized: true
00:13:10.126 [FXGL Background Thread 3 ] DEBUG Engine               - isPreserveResizeRatio: false
00:13:10.126 [FXGL Background Thread 3 ] DEBUG Engine               - isProfilingEnabled: false
00:13:10.126 [FXGL Background Thread 3 ] DEBUG Engine               - isScaleAffectedOnResize: true
00:13:10.126 [FXGL Background Thread 3 ] DEBUG Engine               - isSingleStep: false
00:13:10.126 [FXGL Background Thread 3 ] DEBUG Engine               - isUserProfileEnabled: false
00:13:10.126 [FXGL Background Thread 3 ] DEBUG Engine               - isWindows: true
00:13:10.126 [FXGL Background Thread 3 ] DEBUG Engine               - language: ObjectProperty [value: ENGLISH]
00:13:10.126 [FXGL Background Thread 3 ] DEBUG Engine               - menuKey: ESCAPE
00:13:10.126 [FXGL Background Thread 3 ] DEBUG Engine               - mouseSensitivity: 0.2
00:13:10.126 [FXGL Background Thread 3 ] DEBUG Engine               - notificationViewClass: class com.almasb.fxgl.notification.view.XboxNotificationView
00:13:10.126 [FXGL Background Thread 3 ] DEBUG Engine               - pixelsPerMeter: 50.0
00:13:10.126 [FXGL Background Thread 3 ] DEBUG Engine               - platform: WINDOWS
00:13:10.126 [FXGL Background Thread 3 ] DEBUG Engine               - prefHeightProperty: ReadOnlyDoubleProperty [value: 480.0]
00:13:10.126 [FXGL Background Thread 3 ] DEBUG Engine               - prefWidthProperty: ReadOnlyDoubleProperty [value: 480.0]
00:13:10.126 [FXGL Background Thread 3 ] DEBUG Engine               - profileDir: profiles/
00:13:10.126 [FXGL Background Thread 3 ] DEBUG Engine               - profileName: StringProperty [value: DEFAULT]
00:13:10.126 [FXGL Background Thread 3 ] DEBUG Engine               - randomSeed: -1
00:13:10.126 [FXGL Background Thread 3 ] DEBUG Engine               - runtimeInfo: RuntimeInfo(platform=WINDOWS, version=17.3, build=30.03.2023 11.49)
00:13:10.126 [FXGL Background Thread 3 ] DEBUG Engine               - saveFileExt: sav
00:13:10.126 [FXGL Background Thread 3 ] DEBUG Engine               - scaledHeightProp$fxgl: DoubleProperty [bound, value: 480.0]
00:13:10.126 [FXGL Background Thread 3 ] DEBUG Engine               - scaledWidthProp$fxgl: DoubleProperty [bound, value: 480.0]
00:13:10.126 [FXGL Background Thread 3 ] DEBUG Engine               - sceneFactory: com.almasb.fxgl.app.scene.SceneFactory@6f067a9
00:13:10.126 [FXGL Background Thread 3 ] DEBUG Engine               - secondsIn24h: 60
00:13:10.126 [FXGL Background Thread 3 ] DEBUG Engine               - soundMenuBack: menu/back.wav
00:13:10.126 [FXGL Background Thread 3 ] DEBUG Engine               - soundMenuPress: menu/press.wav
00:13:10.127 [FXGL Background Thread 3 ] DEBUG Engine               - soundMenuSelect: menu/select.wav
00:13:10.127 [FXGL Background Thread 3 ] DEBUG Engine               - soundNotification: core/notification.wav
00:13:10.127 [FXGL Background Thread 3 ] DEBUG Engine               - stageStyle: DECORATED
00:13:10.127 [FXGL Background Thread 3 ] DEBUG Engine               - supportedLanguages: [ENGLISH, FRENCH, GERMAN, HUNGARIAN, RUSSIAN]
00:13:10.127 [FXGL Background Thread 3 ] DEBUG Engine               - ticksPerSecond: -1
00:13:10.127 [FXGL Background Thread 3 ] DEBUG Engine               - title: Bomberman Game
00:13:10.127 [FXGL Background Thread 3 ] DEBUG Engine               - urlGithub: https://github.com/AlmasB/FXGL
00:13:10.127 [FXGL Background Thread 3 ] DEBUG Engine               - urlLeaderboard: http://fxgl-top.herokuapp.com/
00:13:10.127 [FXGL Background Thread 3 ] DEBUG Engine               - urlPOM: https://raw.githubusercontent.com/AlmasB/FXGL/release/README.md
00:13:10.127 [FXGL Background Thread 3 ] DEBUG Engine               - userAppClass: class org.example.demo.BombermanApp
00:13:10.127 [FXGL Background Thread 3 ] DEBUG Engine               - version: 1.0
00:13:10.127 [FXGL Background Thread 3 ] DEBUG Engine               - versionCheckDays: 7
00:13:10.127 [FXGL Background Thread 3 ] DEBUG Engine               - width: 480
00:13:10.127 [FXGL Background Thread 3 ] DEBUG Engine               - Logging services
00:13:10.127 [FXGL Background Thread 3 ] DEBUG Engine               - class com.almasb.fxgl.app.services.FXGLAssetLoaderService
00:13:10.127 [FXGL Background Thread 3 ] DEBUG Engine               - class com.almasb.fxgl.app.FXGLApplication$GameApplicationService
00:13:10.127 [FXGL Background Thread 3 ] DEBUG Engine               - class com.almasb.fxgl.app.services.FXGLDialogService
00:13:10.127 [FXGL Background Thread 3 ] DEBUG Engine               - class com.almasb.fxgl.app.services.IOTaskExecutorService
00:13:10.127 [FXGL Background Thread 3 ] DEBUG Engine               - class com.almasb.fxgl.io.FileSystemService
00:13:10.127 [FXGL Background Thread 3 ] DEBUG Engine               - class com.almasb.fxgl.localization.LocalizationService
00:13:10.127 [FXGL Background Thread 3 ] DEBUG Engine               - class com.almasb.fxgl.app.services.SystemBundleService
00:13:10.127 [FXGL Background Thread 3 ] DEBUG Engine               - class com.almasb.fxgl.profile.SaveLoadService
00:13:10.127 [FXGL Background Thread 3 ] DEBUG Engine               - class com.almasb.fxgl.ui.FXGLUIFactoryServiceProvider
00:13:10.127 [FXGL Background Thread 3 ] DEBUG Engine               - class com.almasb.fxgl.ui.FXGLDialogFactoryServiceProvider
00:13:10.127 [FXGL Background Thread 3 ] DEBUG Engine               - class com.almasb.fxgl.audio.AudioPlayer
00:13:10.127 [FXGL Background Thread 3 ] DEBUG Engine               - class com.almasb.fxgl.notification.impl.NotificationServiceProvider
00:13:10.127 [FXGL Background Thread 3 ] DEBUG Engine               - class com.almasb.fxgl.achievement.AchievementService
00:13:10.127 [FXGL Background Thread 3 ] DEBUG Engine               - class com.almasb.fxgl.cutscene.CutsceneService
00:13:10.127 [FXGL Background Thread 3 ] DEBUG Engine               - class com.almasb.fxgl.minigames.MiniGameService
00:13:10.127 [FXGL Background Thread 3 ] DEBUG Engine               - class com.almasb.fxgl.net.NetService
00:13:10.127 [FXGL Background Thread 3 ] DEBUG Engine               - class com.almasb.fxgl.app.services.UpdaterService
00:13:10.127 [FXGL Background Thread 3 ] DEBUG Engine               - class com.almasb.fxgl.dev.DevService
00:13:12.893 [JavaFX Application Thread] DEBUG FXGLApplication      - Exiting FXGL
00:13:12.893 [JavaFX Application Thread] DEBUG Async                - Shutting down background threads
00:13:12.893 [JavaFX Application Thread] DEBUG PrimaryStageWindow   - Closing main window
00:13:12.917 [JavaFX Application Thread] DEBUG Logger               - Closing Logger
