20:18:30.092 [main                     ] DEBUG Logger               - Configured Logger
20:18:30.112 [main                     ] DEBUG GameApplication      - Logging settings
Title: Bomberman
Version: 0.0
Width: 480
Height: 480
Fullscreen: false
Intro: false
Profiling: false
Single step:false
App Mode: DEVELOPER
Menu Key: ESCAPE
Stage Style: DECORATED
Scene Factory: class com.almasb.fxgl.app.scene.SceneFactory

20:18:30.408 [JavaFX Application Thread] DEBUG FXGLApplication      - Initializing FXGL
20:18:30.411 [JavaFX Application Thread] INFO  Engine               - FXGL-17.3 (30.03.2023 11.49) on WINDOWS (J:23.0.2 FX:17.0.6)
20:18:30.412 [JavaFX Application Thread] DEBUG Engine               - JRE Vendor Name: Oracle Corporation
20:18:30.412 [JavaFX Application Thread] DEBUG Engine               - Running on OS: Windows 11 version 10.0
20:18:30.412 [JavaFX Application Thread] DEBUG Engine               - Architecture: amd64
20:18:30.412 [JavaFX Application Thread] INFO  Engine               - Source code and latest versions at: https://github.com/AlmasB/FXGL
20:18:30.412 [JavaFX Application Thread] INFO  Engine               -       Ask questions and discuss at: https://github.com/AlmasB/FXGL/discussions
20:18:30.412 [JavaFX Application Thread] INFO  Engine               -              Join the FXGL chat at: https://gitter.im/AlmasB/FXGL
20:18:30.486 [JavaFX Application Thread] DEBUG PrimaryStageWindow   - Creating a JavaFX scene
20:18:30.532 [JavaFX Application Thread] DEBUG PrimaryStageWindow   - Target settings size: 480.0 x 480.0
20:18:30.533 [JavaFX Application Thread] DEBUG PrimaryStageWindow   - Scaled scene size:    480.0 x 480.0
20:18:30.533 [JavaFX Application Thread] DEBUG PrimaryStageWindow   - Scaled ratio: (1.0, 1.0)
20:18:30.534 [JavaFX Application Thread] DEBUG PrimaryStageWindow   - Set initial scene to FXGLStartupScene
20:18:30.540 [JavaFX Application Thread] DEBUG PrimaryStageWindow   - Opening main window
20:18:30.613 [JavaFX Application Thread] DEBUG PrimaryStageWindow   - Window border size: (14.666656494140625, 37.33331298828125)
20:18:30.613 [JavaFX Application Thread] DEBUG PrimaryStageWindow   - Scaled size: 480.0 x 480.0
20:18:30.613 [JavaFX Application Thread] DEBUG PrimaryStageWindow   - Scaled ratio: (1.0, 1.0)
20:18:30.613 [JavaFX Application Thread] DEBUG PrimaryStageWindow   - Scene size: 480.0 x 480.0
20:18:30.614 [JavaFX Application Thread] DEBUG PrimaryStageWindow   - Stage size: 494.6666564941406 x 517.3333129882812
20:18:30.622 [FXGL Background Thread 1 ] DEBUG Engine               - Initializing environment variables
20:18:30.697 [FXGL Background Thread 1 ] DEBUG FXGLAssetLoaderServi - User app class for loading assets: class org.example.demo.BombermanApp
20:18:30.697 [FXGL Background Thread 1 ] DEBUG GameApplicationServi - Applying CSS: fxgl_dark.css
20:18:30.698 [FXGL Background Thread 1 ] DEBUG FXGLAssetLoaderServi - Loading from file system: jar:file:///C:/Users/admin/.m2/repository/com/github/almasb/fxgl/17.3/fxgl-17.3.jar!/fxglassets/ui/css/fxgl_dark.css
20:18:30.743 [FXGL Background Thread 1 ] DEBUG GameApplicationServi - Initializing application scenes
20:18:30.778 [FXGL Background Thread 1 ] DEBUG GameWorld            - Game world initialized
20:18:30.842 [FXGL Background Thread 1 ] DEBUG PhysicsWorld         - Physics world initialized: appHeight=480, physics.ppm=50.0
20:18:30.842 [FXGL Background Thread 1 ] DEBUG PhysicsWorld         - Using strategy: BRUTE_FORCE
20:18:30.847 [FXGL Background Thread 1 ] DEBUG GameScene            - Game scene initialized: 480x480
20:18:30.856 [FXGL Background Thread 1 ] WARN  FXGL.DefaultMenu     - FXGLDefaultMenu is not designed for resolutions < 800x600
20:18:30.856 [FXGL Background Thread 1 ] DEBUG FXGL.DefaultMenu     - createMenuBodyGameMenu()
20:18:30.866 [FXGL Background Thread 1 ] DEBUG FXGL.DefaultMenu     - createOptionsMenu()
20:18:30.875 [FXGL Background Thread 1 ] DEBUG FXGLAssetLoaderServi - Loading from file system: jar:file:///C:/Users/admin/.m2/repository/com/github/almasb/fxgl/17.3/fxgl-17.3.jar!/fxglassets/textures/particles/smoke.png
20:18:30.953 [FXGL Background Thread 1 ] DEBUG FXGLAssetLoaderServi - Loading from file system: jar:file:///C:/Users/admin/.m2/repository/com/github/almasb/fxgl/17.3/fxgl-17.3.jar!/fxglassets/textures/particles/trace_horizontal.png
20:18:30.977 [FXGL Background Thread 1 ] DEBUG GameApplicationServi - Application scenes initialized
20:18:30.987 [FXGL Background Thread 1 ] DEBUG SystemBundleService  - Loading FXGL system data
20:18:30.990 [FXGL Background Thread 1 ] DEBUG FileSystemAccess     - Reading from: C:\Users\admin\OneDrive\Máy tính\demo\system\fxgl.bundle
20:18:30.998 [FXGL Background Thread 1 ] DEBUG SystemBundleService  - Bundle FXGL: {}
20:18:30.998 [FXGL Background Thread 1 ] DEBUG UpdaterService       - Checking for updates
20:18:31.004 [FXGL Background Thread 4 ] DEBUG FXGLApplication      - Loading fonts
20:18:31.005 [FXGL Background Thread 4 ] DEBUG FXGLAssetLoaderServi - Loading from file system: jar:file:///C:/Users/admin/.m2/repository/com/github/almasb/fxgl/17.3/fxgl-17.3.jar!/fxglassets/ui/fonts/VarelaRound-Regular.ttf
20:18:31.005 [FXGL Background Thread 1 ] DEBUG FXGLApplication      - Loading default localization
20:18:31.006 [FXGL Background Thread 1 ] DEBUG FXGLAssetLoaderServi - Loading from file system: jar:file:///C:/Users/admin/.m2/repository/com/github/almasb/fxgl/17.3/fxgl-17.3.jar!/fxglassets/languages/english.lang
20:18:31.027 [FXGL Background Thread 1 ] INFO  FXGLApplication      - FXGL initialization took: 0.405 sec
20:18:31.038 [JavaFX Application Thread] DEBUG Input                - Registered new binding: action0 - W
20:18:31.038 [JavaFX Application Thread] DEBUG Input                - Registered new binding: action1 - S
20:18:31.039 [JavaFX Application Thread] DEBUG Input                - Registered new binding: action2 - A
20:18:31.039 [JavaFX Application Thread] DEBUG Input                - Registered new binding: action3 - D
20:18:31.039 [JavaFX Application Thread] DEBUG FXGLAssetLoaderServi - Loading from file system: jar:file:///C:/Users/admin/.m2/repository/com/github/almasb/fxgl/17.3/fxgl-17.3.jar!/fxglassets/textures/fxgl_icon.png
20:18:31.052 [FXGL Background Thread 4 ] DEBUG FXGLAssetLoaderServi - Loading from file system: jar:file:///C:/Users/admin/.m2/repository/com/github/almasb/fxgl/17.3/fxgl-17.3.jar!/fxglassets/ui/fonts/Abel-Regular.ttf
20:18:31.057 [JavaFX Application Thread] DEBUG FXGLAssetLoaderServi - Loading from file system: jar:file:///C:/Users/admin/.m2/repository/com/github/almasb/fxgl/17.3/fxgl-17.3.jar!/fxglassets/textures/fxgl_default_cursor.png
20:18:31.059 [JavaFX Application Thread] DEBUG Input                - Registered new binding: Screenshot - CTRL+8
20:18:31.059 [JavaFX Application Thread] DEBUG Input                - Registered new binding: System info dump - CTRL+9
20:18:31.060 [JavaFX Application Thread] DEBUG Input                - Registered new binding: Restart - CTRL+R
20:18:31.060 [JavaFX Application Thread] DEBUG Input                - Registered new binding: Toggle Debug Camera - CTRL+7
20:18:31.063 [JavaFX Application Thread] DEBUG LoopRunner           - Starting loop
20:18:31.063 [JavaFX Application Thread] DEBUG LoopRunner           - Initializing JavaFX AnimationTimerLoop
20:18:31.064 [JavaFX Application Thread] DEBUG GameApplicationServi - Starting new game
20:18:31.064 [JavaFX Application Thread] DEBUG Input                - Clearing active input actions
20:18:31.070 [FXGL Background Thread 4 ] DEBUG FXGLAssetLoaderServi - Loading from file system: jar:file:///C:/Users/admin/.m2/repository/com/github/almasb/fxgl/17.3/fxgl-17.3.jar!/fxglassets/ui/fonts/TerminalLandMono-Regular.otf
20:18:31.078 [JavaFX Application Thread] DEBUG GameApplicationServi - Removing overlay from FXGLStartupScene and adding to FXGLLoadingScene
20:18:31.078 [JavaFX Application Thread] DEBUG PrimaryStageWindow   - FXGLStartupScene -> FXGLLoadingScene
20:18:31.079 [JavaFX Application Thread] DEBUG GameApplicationServi - Clearing previous game
20:18:31.079 [JavaFX Application Thread] DEBUG GameScene            - Clearing game scene
20:18:31.079 [JavaFX Application Thread] DEBUG GameWorld            - Clearing game world
20:18:31.079 [JavaFX Application Thread] DEBUG PhysicsWorld         - Clearing physics world
20:18:31.080 [FXGL Background Thread 1 ] DEBUG FXGLApplication      - Initializing game
20:18:31.084 [FXGL Background Thread 4 ] DEBUG FXGLAssetLoaderServi - Loading from file system: jar:file:///C:/Users/admin/.m2/repository/com/github/almasb/fxgl/17.3/fxgl-17.3.jar!/fxglassets/ui/fonts/Courier-Prime.ttf
20:18:31.127 [JavaFX Application Thread] DEBUG FXGLApplication      - Registering font factories with UI factory
20:18:32.124 [FXGL Background Thread 2 ] INFO  UpdaterService       - Your current version:  17.3
20:18:32.124 [FXGL Background Thread 2 ] INFO  UpdaterService       - Latest stable version: 21.1
20:18:32.193 [FXGL Background Thread 1 ] INFO  FXGLApplication      - Game initialization took: 1.114 sec
20:18:32.202 [JavaFX Application Thread] DEBUG Input                - Clearing active input actions
20:18:32.218 [JavaFX Application Thread] DEBUG GameApplicationServi - Removing overlay from FXGLLoadingScene and adding to GameScene
20:18:32.218 [JavaFX Application Thread] DEBUG PrimaryStageWindow   - FXGLLoadingScene -> GameScene
20:18:34.004 [FXGL Background Thread 3 ] DEBUG Engine               - Logging environment variables
20:18:34.005 [FXGL Background Thread 3 ] DEBUG Engine               - achievements: []
20:18:34.006 [FXGL Background Thread 3 ] DEBUG Engine               - actualHeight: 480.0
20:18:34.006 [FXGL Background Thread 3 ] DEBUG Engine               - actualHeightProperty: ReadOnlyDoubleProperty [value: 480.0]
20:18:34.006 [FXGL Background Thread 3 ] DEBUG Engine               - actualWidth: 480.0
20:18:34.006 [FXGL Background Thread 3 ] DEBUG Engine               - actualWidthProperty: ReadOnlyDoubleProperty [value: 480.0]
20:18:34.006 [FXGL Background Thread 3 ] DEBUG Engine               - appIcon: fxgl_icon.png
20:18:34.007 [FXGL Background Thread 3 ] DEBUG Engine               - applicationMode: DEVELOPER
20:18:34.007 [FXGL Background Thread 3 ] DEBUG Engine               - cSSList: [fxgl_dark.css]
20:18:34.007 [FXGL Background Thread 3 ] DEBUG Engine               - collisionDetectionStrategy: BRUTE_FORCE
20:18:34.008 [FXGL Background Thread 3 ] DEBUG Engine               - configClass: Optional.empty
20:18:34.008 [FXGL Background Thread 3 ] DEBUG Engine               - credits: []
20:18:34.009 [FXGL Background Thread 3 ] DEBUG Engine               - defaultCursor: CursorInfo(imageName=fxgl_default_cursor.png, hotspotX=7.0, hotspotY=6.0)
20:18:34.009 [FXGL Background Thread 3 ] DEBUG Engine               - devBBoxColorProperty: ObjectProperty [value: 0xff0000ff]
20:18:34.009 [FXGL Background Thread 3 ] DEBUG Engine               - devEnableDebugCameraProperty: BooleanProperty [value: false]
20:18:34.010 [FXGL Background Thread 3 ] DEBUG Engine               - devSensorColorProperty: ObjectProperty [value: 0xffff00ff]
20:18:34.010 [FXGL Background Thread 3 ] DEBUG Engine               - devShowBBoxProperty: BooleanProperty [value: false]
20:18:34.010 [FXGL Background Thread 3 ] DEBUG Engine               - devShowPositionProperty: BooleanProperty [value: false]
20:18:34.010 [FXGL Background Thread 3 ] DEBUG Engine               - enabledMenuItems: []
20:18:34.010 [FXGL Background Thread 3 ] DEBUG Engine               - engineServices: [class com.almasb.fxgl.app.services.FXGLAssetLoaderService, class com.almasb.fxgl.app.FXGLApplication$GameApplicationService, class com.almasb.fxgl.app.services.FXGLDialogService, class com.almasb.fxgl.app.services.IOTaskExecutorService, class com.almasb.fxgl.io.FileSystemService, class com.almasb.fxgl.localization.LocalizationService, class com.almasb.fxgl.app.services.SystemBundleService, class com.almasb.fxgl.profile.SaveLoadService, class com.almasb.fxgl.ui.FXGLUIFactoryServiceProvider, class com.almasb.fxgl.ui.FXGLDialogFactoryServiceProvider, class com.almasb.fxgl.audio.AudioPlayer, class com.almasb.fxgl.notification.impl.NotificationServiceProvider, class com.almasb.fxgl.achievement.AchievementService, class com.almasb.fxgl.cutscene.CutsceneService, class com.almasb.fxgl.minigames.MiniGameService, class com.almasb.fxgl.net.NetService, class com.almasb.fxgl.app.services.UpdaterService, class com.almasb.fxgl.dev.DevService]
20:18:34.010 [FXGL Background Thread 3 ] DEBUG Engine               - fontGame: Abel-Regular.ttf
20:18:34.010 [FXGL Background Thread 3 ] DEBUG Engine               - fontMono: TerminalLandMono-Regular.otf
20:18:34.010 [FXGL Background Thread 3 ] DEBUG Engine               - fontSizeScaleUI: 1.0
20:18:34.010 [FXGL Background Thread 3 ] DEBUG Engine               - fontText: Courier-Prime.ttf
20:18:34.011 [FXGL Background Thread 3 ] DEBUG Engine               - fontUI: VarelaRound-Regular.ttf
20:18:34.011 [FXGL Background Thread 3 ] DEBUG Engine               - fullScreen: BooleanProperty [value: false]
20:18:34.011 [FXGL Background Thread 3 ] DEBUG Engine               - gameDifficulty: MEDIUM
20:18:34.011 [FXGL Background Thread 3 ] DEBUG Engine               - gameDifficultyProperty: ObjectProperty [value: MEDIUM]
20:18:34.011 [FXGL Background Thread 3 ] DEBUG Engine               - globalMusicVolume: 0.5
20:18:34.011 [FXGL Background Thread 3 ] DEBUG Engine               - globalMusicVolumeProperty: DoubleProperty [value: 0.5]
20:18:34.011 [FXGL Background Thread 3 ] DEBUG Engine               - globalSoundVolume: 0.5
20:18:34.011 [FXGL Background Thread 3 ] DEBUG Engine               - globalSoundVolumeProperty: DoubleProperty [value: 0.5]
20:18:34.011 [FXGL Background Thread 3 ] DEBUG Engine               - height: 480
20:18:34.012 [FXGL Background Thread 3 ] DEBUG Engine               - is3D: false
20:18:34.012 [FXGL Background Thread 3 ] DEBUG Engine               - isAndroid: false
20:18:34.012 [FXGL Background Thread 3 ] DEBUG Engine               - isBrowser: false
20:18:34.012 [FXGL Background Thread 3 ] DEBUG Engine               - isClickFeedbackEnabled: false
20:18:34.013 [FXGL Background Thread 3 ] DEBUG Engine               - isCloseConfirmation: false
20:18:34.013 [FXGL Background Thread 3 ] DEBUG Engine               - isDesktop: true
20:18:34.013 [FXGL Background Thread 3 ] DEBUG Engine               - isDeveloperMenuEnabled: false
20:18:34.013 [FXGL Background Thread 3 ] DEBUG Engine               - isEmbedded: false
20:18:34.014 [FXGL Background Thread 3 ] DEBUG Engine               - isEntityPreloadEnabled: true
20:18:34.014 [FXGL Background Thread 3 ] DEBUG Engine               - isExperimentalTiledLargeMap: false
20:18:34.014 [FXGL Background Thread 3 ] DEBUG Engine               - isFileSystemWriteAllowed: true
20:18:34.014 [FXGL Background Thread 3 ] DEBUG Engine               - isFullScreenAllowed: false
20:18:34.014 [FXGL Background Thread 3 ] DEBUG Engine               - isFullScreenFromStart: false
20:18:34.014 [FXGL Background Thread 3 ] DEBUG Engine               - isGameMenuEnabled: true
20:18:34.014 [FXGL Background Thread 3 ] DEBUG Engine               - isIOS: false
20:18:34.014 [FXGL Background Thread 3 ] DEBUG Engine               - isIntroEnabled: false
20:18:34.014 [FXGL Background Thread 3 ] DEBUG Engine               - isLinux: false
20:18:34.014 [FXGL Background Thread 3 ] DEBUG Engine               - isMac: false
20:18:34.014 [FXGL Background Thread 3 ] DEBUG Engine               - isMainMenuEnabled: false
20:18:34.014 [FXGL Background Thread 3 ] DEBUG Engine               - isManualResizeEnabled: false
20:18:34.014 [FXGL Background Thread 3 ] DEBUG Engine               - isMobile: false
20:18:34.014 [FXGL Background Thread 3 ] DEBUG Engine               - isNative: false
20:18:34.014 [FXGL Background Thread 3 ] DEBUG Engine               - isPauseMusicWhenMinimized: true
20:18:34.014 [FXGL Background Thread 3 ] DEBUG Engine               - isPreserveResizeRatio: false
20:18:34.015 [FXGL Background Thread 3 ] DEBUG Engine               - isProfilingEnabled: false
20:18:34.015 [FXGL Background Thread 3 ] DEBUG Engine               - isScaleAffectedOnResize: true
20:18:34.015 [FXGL Background Thread 3 ] DEBUG Engine               - isSingleStep: false
20:18:34.015 [FXGL Background Thread 3 ] DEBUG Engine               - isUserProfileEnabled: false
20:18:34.015 [FXGL Background Thread 3 ] DEBUG Engine               - isWindows: true
20:18:34.015 [FXGL Background Thread 3 ] DEBUG Engine               - language: ObjectProperty [value: ENGLISH]
20:18:34.015 [FXGL Background Thread 3 ] DEBUG Engine               - menuKey: ESCAPE
20:18:34.015 [FXGL Background Thread 3 ] DEBUG Engine               - mouseSensitivity: 0.2
20:18:34.015 [FXGL Background Thread 3 ] DEBUG Engine               - notificationViewClass: class com.almasb.fxgl.notification.view.XboxNotificationView
20:18:34.015 [FXGL Background Thread 3 ] DEBUG Engine               - pixelsPerMeter: 50.0
20:18:34.015 [FXGL Background Thread 3 ] DEBUG Engine               - platform: WINDOWS
20:18:34.015 [FXGL Background Thread 3 ] DEBUG Engine               - prefHeightProperty: ReadOnlyDoubleProperty [value: 480.0]
20:18:34.015 [FXGL Background Thread 3 ] DEBUG Engine               - prefWidthProperty: ReadOnlyDoubleProperty [value: 480.0]
20:18:34.015 [FXGL Background Thread 3 ] DEBUG Engine               - profileDir: profiles/
20:18:34.015 [FXGL Background Thread 3 ] DEBUG Engine               - profileName: StringProperty [value: DEFAULT]
20:18:34.015 [FXGL Background Thread 3 ] DEBUG Engine               - randomSeed: -1
20:18:34.016 [FXGL Background Thread 3 ] DEBUG Engine               - runtimeInfo: RuntimeInfo(platform=WINDOWS, version=17.3, build=30.03.2023 11.49)
20:18:34.016 [FXGL Background Thread 3 ] DEBUG Engine               - saveFileExt: sav
20:18:34.016 [FXGL Background Thread 3 ] DEBUG Engine               - scaledHeightProp$fxgl: DoubleProperty [bound, value: 480.0]
20:18:34.016 [FXGL Background Thread 3 ] DEBUG Engine               - scaledWidthProp$fxgl: DoubleProperty [bound, value: 480.0]
20:18:34.016 [FXGL Background Thread 3 ] DEBUG Engine               - sceneFactory: com.almasb.fxgl.app.scene.SceneFactory@777e6a2a
20:18:34.016 [FXGL Background Thread 3 ] DEBUG Engine               - secondsIn24h: 60
20:18:34.016 [FXGL Background Thread 3 ] DEBUG Engine               - soundMenuBack: menu/back.wav
20:18:34.016 [FXGL Background Thread 3 ] DEBUG Engine               - soundMenuPress: menu/press.wav
20:18:34.016 [FXGL Background Thread 3 ] DEBUG Engine               - soundMenuSelect: menu/select.wav
20:18:34.016 [FXGL Background Thread 3 ] DEBUG Engine               - soundNotification: core/notification.wav
20:18:34.016 [FXGL Background Thread 3 ] DEBUG Engine               - stageStyle: DECORATED
20:18:34.017 [FXGL Background Thread 3 ] DEBUG Engine               - supportedLanguages: [ENGLISH, FRENCH, GERMAN, HUNGARIAN, RUSSIAN]
20:18:34.017 [FXGL Background Thread 3 ] DEBUG Engine               - ticksPerSecond: -1
20:18:34.017 [FXGL Background Thread 3 ] DEBUG Engine               - title: Bomberman
20:18:34.017 [FXGL Background Thread 3 ] DEBUG Engine               - urlGithub: https://github.com/AlmasB/FXGL
20:18:34.017 [FXGL Background Thread 3 ] DEBUG Engine               - urlLeaderboard: http://fxgl-top.herokuapp.com/
20:18:34.017 [FXGL Background Thread 3 ] DEBUG Engine               - urlPOM: https://raw.githubusercontent.com/AlmasB/FXGL/release/README.md
20:18:34.017 [FXGL Background Thread 3 ] DEBUG Engine               - userAppClass: class org.example.demo.BombermanApp
20:18:34.017 [FXGL Background Thread 3 ] DEBUG Engine               - version: 0.0
20:18:34.017 [FXGL Background Thread 3 ] DEBUG Engine               - versionCheckDays: 7
20:18:34.017 [FXGL Background Thread 3 ] DEBUG Engine               - width: 480
20:18:34.017 [FXGL Background Thread 3 ] DEBUG Engine               - Logging services
20:18:34.017 [FXGL Background Thread 3 ] DEBUG Engine               - class com.almasb.fxgl.app.services.FXGLAssetLoaderService
20:18:34.017 [FXGL Background Thread 3 ] DEBUG Engine               - class com.almasb.fxgl.app.FXGLApplication$GameApplicationService
20:18:34.017 [FXGL Background Thread 3 ] DEBUG Engine               - class com.almasb.fxgl.app.services.FXGLDialogService
20:18:34.017 [FXGL Background Thread 3 ] DEBUG Engine               - class com.almasb.fxgl.app.services.IOTaskExecutorService
20:18:34.017 [FXGL Background Thread 3 ] DEBUG Engine               - class com.almasb.fxgl.io.FileSystemService
20:18:34.017 [FXGL Background Thread 3 ] DEBUG Engine               - class com.almasb.fxgl.localization.LocalizationService
20:18:34.017 [FXGL Background Thread 3 ] DEBUG Engine               - class com.almasb.fxgl.app.services.SystemBundleService
20:18:34.017 [FXGL Background Thread 3 ] DEBUG Engine               - class com.almasb.fxgl.profile.SaveLoadService
20:18:34.017 [FXGL Background Thread 3 ] DEBUG Engine               - class com.almasb.fxgl.ui.FXGLUIFactoryServiceProvider
20:18:34.017 [FXGL Background Thread 3 ] DEBUG Engine               - class com.almasb.fxgl.ui.FXGLDialogFactoryServiceProvider
20:18:34.017 [FXGL Background Thread 3 ] DEBUG Engine               - class com.almasb.fxgl.audio.AudioPlayer
20:18:34.017 [FXGL Background Thread 3 ] DEBUG Engine               - class com.almasb.fxgl.notification.impl.NotificationServiceProvider
20:18:34.017 [FXGL Background Thread 3 ] DEBUG Engine               - class com.almasb.fxgl.achievement.AchievementService
20:18:34.017 [FXGL Background Thread 3 ] DEBUG Engine               - class com.almasb.fxgl.cutscene.CutsceneService
20:18:34.017 [FXGL Background Thread 3 ] DEBUG Engine               - class com.almasb.fxgl.minigames.MiniGameService
20:18:34.017 [FXGL Background Thread 3 ] DEBUG Engine               - class com.almasb.fxgl.net.NetService
20:18:34.018 [FXGL Background Thread 3 ] DEBUG Engine               - class com.almasb.fxgl.app.services.UpdaterService
20:18:34.018 [FXGL Background Thread 3 ] DEBUG Engine               - class com.almasb.fxgl.dev.DevService
20:18:36.259 [JavaFX Application Thread] DEBUG FXGLApplication      - Exiting FXGL
20:18:36.259 [JavaFX Application Thread] DEBUG LoopRunner           - Stopping loop
20:18:36.260 [JavaFX Application Thread] DEBUG SystemBundleService  - Saving FXGL system data
20:18:36.265 [JavaFX Application Thread] DEBUG FileSystemAccess     - Writing to: C:\Users\admin\OneDrive\Máy tính\demo\system\fxgl.bundle
20:18:36.270 [JavaFX Application Thread] DEBUG Async                - Shutting down background threads
20:18:36.270 [JavaFX Application Thread] DEBUG PrimaryStageWindow   - Closing main window
20:18:36.289 [JavaFX Application Thread] DEBUG Logger               - Closing Logger
