16:55:49.590 [main                     ] DEBUG Logger               - Configured Logger
16:55:49.614 [main                     ] DEBUG GameApplication      - Logging settings
Title: Bomberman Game
Version: 1.0
Width: 480
Height: 480
Fullscreen: false
Intro: false
Profiling: false
Single step:false
App Mode: DEVELOPER
Menu Key: ESCAPE
Stage Style: DECORATED
Scene Factory: class com.almasb.fxgl.app.scene.SceneFactory

16:55:49.888 [JavaFX Application Thread] DEBUG FXGLApplication      - Initializing FXGL
16:55:49.891 [JavaFX Application Thread] INFO  Engine               - FXGL-17.3 (30.03.2023 11.49) on WINDOWS (J:23.0.2 FX:17.0.6)
16:55:49.891 [JavaFX Application Thread] DEBUG Engine               - JRE Vendor Name: Oracle Corporation
16:55:49.891 [JavaFX Application Thread] DEBUG Engine               - Running on OS: Windows 11 version 10.0
16:55:49.893 [JavaFX Application Thread] DEBUG Engine               - Architecture: amd64
16:55:49.893 [JavaFX Application Thread] INFO  Engine               - Source code and latest versions at: https://github.com/AlmasB/FXGL
16:55:49.893 [JavaFX Application Thread] INFO  Engine               -       Ask questions and discuss at: https://github.com/AlmasB/FXGL/discussions
16:55:49.893 [JavaFX Application Thread] INFO  Engine               -              Join the FXGL chat at: https://gitter.im/AlmasB/FXGL
16:55:49.962 [JavaFX Application Thread] DEBUG PrimaryStageWindow   - Creating a JavaFX scene
16:55:50.005 [JavaFX Application Thread] DEBUG PrimaryStageWindow   - Target settings size: 480.0 x 480.0
16:55:50.005 [JavaFX Application Thread] DEBUG PrimaryStageWindow   - Scaled scene size:    480.0 x 480.0
16:55:50.005 [JavaFX Application Thread] DEBUG PrimaryStageWindow   - Scaled ratio: (1.0, 1.0)
16:55:50.006 [JavaFX Application Thread] DEBUG PrimaryStageWindow   - Set initial scene to FXGLStartupScene
16:55:50.012 [JavaFX Application Thread] DEBUG PrimaryStageWindow   - Opening main window
16:55:50.085 [JavaFX Application Thread] DEBUG PrimaryStageWindow   - Window border size: (14.666656494140625, 37.33331298828125)
16:55:50.085 [JavaFX Application Thread] DEBUG PrimaryStageWindow   - Scaled size: 480.0 x 480.0
16:55:50.085 [JavaFX Application Thread] DEBUG PrimaryStageWindow   - Scaled ratio: (1.0, 1.0)
16:55:50.085 [JavaFX Application Thread] DEBUG PrimaryStageWindow   - Scene size: 480.0 x 480.0
16:55:50.085 [JavaFX Application Thread] DEBUG PrimaryStageWindow   - Stage size: 494.6666564941406 x 517.3333129882812
16:55:50.091 [FXGL Background Thread 1 ] DEBUG Engine               - Initializing environment variables
16:55:50.162 [FXGL Background Thread 1 ] DEBUG FXGLAssetLoaderServi - User app class for loading assets: class org.example.demo.HelloApplication
16:55:50.162 [FXGL Background Thread 1 ] DEBUG GameApplicationServi - Applying CSS: fxgl_dark.css
16:55:50.163 [FXGL Background Thread 1 ] DEBUG FXGLAssetLoaderServi - Loading from file system: jar:file:///C:/Users/admin/.m2/repository/com/github/almasb/fxgl/17.3/fxgl-17.3.jar!/fxglassets/ui/css/fxgl_dark.css
16:55:50.203 [FXGL Background Thread 1 ] DEBUG GameApplicationServi - Initializing application scenes
16:55:50.237 [FXGL Background Thread 1 ] DEBUG GameWorld            - Game world initialized
16:55:50.298 [FXGL Background Thread 1 ] DEBUG PhysicsWorld         - Physics world initialized: appHeight=480, physics.ppm=50.0
16:55:50.298 [FXGL Background Thread 1 ] DEBUG PhysicsWorld         - Using strategy: BRUTE_FORCE
16:55:50.303 [FXGL Background Thread 1 ] DEBUG GameScene            - Game scene initialized: 480x480
16:55:50.312 [FXGL Background Thread 1 ] WARN  FXGL.DefaultMenu     - FXGLDefaultMenu is not designed for resolutions < 800x600
16:55:50.313 [FXGL Background Thread 1 ] DEBUG FXGL.DefaultMenu     - createMenuBodyGameMenu()
16:55:50.325 [FXGL Background Thread 1 ] DEBUG FXGL.DefaultMenu     - createOptionsMenu()
16:55:50.332 [FXGL Background Thread 1 ] DEBUG FXGLAssetLoaderServi - Loading from file system: jar:file:///C:/Users/admin/.m2/repository/com/github/almasb/fxgl/17.3/fxgl-17.3.jar!/fxglassets/textures/particles/smoke.png
16:55:50.413 [FXGL Background Thread 1 ] DEBUG FXGLAssetLoaderServi - Loading from file system: jar:file:///C:/Users/admin/.m2/repository/com/github/almasb/fxgl/17.3/fxgl-17.3.jar!/fxglassets/textures/particles/trace_horizontal.png
16:55:50.439 [FXGL Background Thread 1 ] DEBUG GameApplicationServi - Application scenes initialized
16:55:50.447 [FXGL Background Thread 1 ] DEBUG SystemBundleService  - Loading FXGL system data
16:55:50.451 [FXGL Background Thread 1 ] DEBUG FileSystemAccess     - Reading from: C:\Users\admin\OneDrive\Máy tính\btl\baitaplonOOP\system\fxgl.bundle
16:55:50.456 [FXGL Background Thread 1 ] DEBUG SystemBundleService  - Bundle FXGL: {}
16:55:50.456 [FXGL Background Thread 1 ] DEBUG UpdaterService       - Checking for updates
16:55:50.461 [FXGL Background Thread 4 ] DEBUG FXGLApplication      - Loading fonts
16:55:50.461 [FXGL Background Thread 1 ] DEBUG FXGLApplication      - Loading default localization
16:55:50.461 [FXGL Background Thread 4 ] DEBUG FXGLAssetLoaderServi - Loading from file system: jar:file:///C:/Users/admin/.m2/repository/com/github/almasb/fxgl/17.3/fxgl-17.3.jar!/fxglassets/ui/fonts/VarelaRound-Regular.ttf
16:55:50.462 [FXGL Background Thread 1 ] DEBUG FXGLAssetLoaderServi - Loading from file system: jar:file:///C:/Users/admin/.m2/repository/com/github/almasb/fxgl/17.3/fxgl-17.3.jar!/fxglassets/languages/english.lang
16:55:50.483 [FXGL Background Thread 1 ] INFO  FXGLApplication      - FXGL initialization took: 0.392 sec
16:55:50.484 [JavaFX Application Thread] DEBUG Input                - Clearing active input actions
16:55:50.495 [JavaFX Application Thread] DEBUG Input                - Registered new binding: Move Up - W
16:55:50.495 [JavaFX Application Thread] DEBUG Input                - Registered new binding: Move Down - S
16:55:50.496 [JavaFX Application Thread] DEBUG Input                - Registered new binding: Move Left - A
16:55:50.496 [JavaFX Application Thread] DEBUG Input                - Registered new binding: Move Right - D
16:55:50.496 [JavaFX Application Thread] DEBUG FXGLAssetLoaderServi - Loading from file system: jar:file:///C:/Users/admin/.m2/repository/com/github/almasb/fxgl/17.3/fxgl-17.3.jar!/fxglassets/textures/fxgl_icon.png
16:55:50.506 [FXGL Background Thread 4 ] DEBUG FXGLAssetLoaderServi - Loading from file system: jar:file:///C:/Users/admin/.m2/repository/com/github/almasb/fxgl/17.3/fxgl-17.3.jar!/fxglassets/ui/fonts/Abel-Regular.ttf
16:55:50.514 [JavaFX Application Thread] DEBUG FXGLAssetLoaderServi - Loading from file system: jar:file:///C:/Users/admin/.m2/repository/com/github/almasb/fxgl/17.3/fxgl-17.3.jar!/fxglassets/textures/fxgl_default_cursor.png
16:55:50.517 [JavaFX Application Thread] DEBUG Input                - Registered new binding: Screenshot - CTRL+8
16:55:50.517 [JavaFX Application Thread] DEBUG Input                - Registered new binding: System info dump - CTRL+9
16:55:50.518 [JavaFX Application Thread] DEBUG Input                - Registered new binding: Restart - CTRL+R
16:55:50.518 [JavaFX Application Thread] DEBUG Input                - Registered new binding: Toggle Debug Camera - CTRL+7
16:55:50.521 [JavaFX Application Thread] DEBUG LoopRunner           - Starting loop
16:55:50.522 [JavaFX Application Thread] DEBUG LoopRunner           - Initializing JavaFX AnimationTimerLoop
16:55:50.522 [JavaFX Application Thread] DEBUG GameApplicationServi - Starting new game
16:55:50.523 [JavaFX Application Thread] DEBUG Input                - Clearing active input actions
16:55:50.523 [FXGL Background Thread 4 ] DEBUG FXGLAssetLoaderServi - Loading from file system: jar:file:///C:/Users/admin/.m2/repository/com/github/almasb/fxgl/17.3/fxgl-17.3.jar!/fxglassets/ui/fonts/TerminalLandMono-Regular.otf
16:55:50.535 [JavaFX Application Thread] DEBUG GameApplicationServi - Removing overlay from FXGLStartupScene and adding to FXGLLoadingScene
16:55:50.536 [JavaFX Application Thread] DEBUG PrimaryStageWindow   - FXGLStartupScene -> FXGLLoadingScene
16:55:50.536 [JavaFX Application Thread] DEBUG GameApplicationServi - Clearing previous game
16:55:50.536 [JavaFX Application Thread] DEBUG GameScene            - Clearing game scene
16:55:50.536 [JavaFX Application Thread] DEBUG GameWorld            - Clearing game world
16:55:50.536 [JavaFX Application Thread] DEBUG PhysicsWorld         - Clearing physics world
16:55:50.538 [FXGL Background Thread 4 ] DEBUG FXGLAssetLoaderServi - Loading from file system: jar:file:///C:/Users/admin/.m2/repository/com/github/almasb/fxgl/17.3/fxgl-17.3.jar!/fxglassets/ui/fonts/Courier-Prime.ttf
16:55:50.538 [FXGL Background Thread 1 ] DEBUG FXGLApplication      - Initializing game
16:55:50.582 [JavaFX Application Thread] DEBUG FXGLApplication      - Registering font factories with UI factory
16:55:50.735 [JavaFX Application Thread] DEBUG LoopRunner           - Stopping loop
16:55:50.737 [JavaFX Application Thread] FATAL FXGLApplication      - Uncaught Exception:
java.lang.RuntimeException: Initialization failed
	at com.almasb.fxgl.all@17.3/com.almasb.fxgl.app.FXGLApplication$InitAppTask.failed(FXGLApplication.kt:343)
	at javafx.graphics/javafx.concurrent.Task.setState(Task.java:710)
	at javafx.graphics/javafx.concurrent.Task$TaskCallable.lambda$call$2(Task.java:1456)
	at javafx.graphics/com.sun.javafx.application.PlatformImpl.lambda$runLater$10(PlatformImpl.java:457)
	at java.base/java.security.AccessController.doPrivileged(AccessController.java:400)
	at javafx.graphics/com.sun.javafx.application.PlatformImpl.lambda$runLater$11(PlatformImpl.java:456)
	at javafx.graphics/com.sun.glass.ui.InvokeLaterDispatcher$Future.run(InvokeLaterDispatcher.java:96)
	at javafx.graphics/com.sun.glass.ui.win.WinApplication._runLoop(Native Method)
	at javafx.graphics/com.sun.glass.ui.win.WinApplication.lambda$runLoop$3(WinApplication.java:184)
	at java.base/java.lang.Thread.run(Thread.java:1575)
Caused by: java.lang.NoSuchMethodError: 'int[][] org.example.demo.BombermanApp.getMap()'
	at org.example.demo/org.example.demo.Balloon.onAdded(Balloon.java:23)
	at com.almasb.fxgl.entity@17.3/com.almasb.fxgl.entity.Entity.addComponentNoChecks(Entity.java:401)
	at com.almasb.fxgl.entity@17.3/com.almasb.fxgl.entity.Entity.addComponent(Entity.java:393)
	at com.almasb.fxgl.all@17.3/com.almasb.fxgl.dsl.EntityBuilder.with(EntityBuilder.kt:202)
	at org.example.demo/org.example.demo.BombermanApp.initGame(BombermanApp.java:124)
	at com.almasb.fxgl.all@17.3/com.almasb.fxgl.app.FXGLApplication$InitAppTask.initGame(FXGLApplication.kt:339)
	at com.almasb.fxgl.all@17.3/com.almasb.fxgl.app.FXGLApplication$InitAppTask.call(FXGLApplication.kt:319)
	at com.almasb.fxgl.all@17.3/com.almasb.fxgl.app.FXGLApplication$InitAppTask.call(FXGLApplication.kt:311)
	at javafx.graphics/javafx.concurrent.Task$TaskCallable.call(Task.java:1426)
	at java.base/java.util.concurrent.FutureTask.run(FutureTask.java:317)
	at java.base/java.util.concurrent.Executors$RunnableAdapter.call(Executors.java:572)
	at java.base/java.util.concurrent.FutureTask.run(FutureTask.java:317)
	at java.base/java.util.concurrent.ThreadPoolExecutor.runWorker(ThreadPoolExecutor.java:1144)
	at java.base/java.util.concurrent.ThreadPoolExecutor$Worker.run(ThreadPoolExecutor.java:642)
	... 1 more

16:55:50.737 [JavaFX Application Thread] FATAL FXGLApplication      - Application will now exit
16:55:50.749 [JavaFX Application Thread] DEBUG PrimaryStageWindow   - Push state: ErrorSubScene
16:55:50.750 [JavaFX Application Thread] DEBUG Input                - Clearing active input actions
16:55:50.753 [JavaFX Application Thread] DEBUG GameApplicationServi - Removing overlay from FXGLLoadingScene and adding to ErrorSubScene
16:55:50.754 [JavaFX Application Thread] DEBUG PrimaryStageWindow   - FXGLLoadingScene -> ErrorSubScene
16:55:51.055 [FXGL Background Thread 2 ] INFO  UpdaterService       - Your current version:  17.3
16:55:51.056 [FXGL Background Thread 2 ] INFO  UpdaterService       - Latest stable version: 21.1
16:55:52.531 [JavaFX Application Thread] DEBUG FXGLApplication      - Exiting FXGL
16:55:52.531 [JavaFX Application Thread] DEBUG Async                - Shutting down background threads
16:55:52.532 [JavaFX Application Thread] DEBUG PrimaryStageWindow   - Closing main window
16:55:52.559 [JavaFX Application Thread] DEBUG Logger               - Closing Logger
