21:48:03.327 [main                     ] DEBUG Logger               - Configured Logger
21:48:03.353 [main                     ] DEBUG GameApplication      - Logging settings
Title: Bomberman Game
Version: 1.0
Width: 480
Height: 480
Fullscreen: false
Intro: false
Profiling: false
Single step:false
App Mode: DEVELOPER
Menu Key: ESCAPE
Stage Style: DECORATED
Scene Factory: class com.almasb.fxgl.app.scene.SceneFactory

21:48:03.895 [JavaFX Application Thread] DEBUG FXGLApplication      - Initializing FXGL
21:48:03.904 [JavaFX Application Thread] INFO  Engine               - FXGL-17.3 (30.03.2023 11.49) on WINDOWS (J:23.0.2 FX:17.0.6)
21:48:03.905 [JavaFX Application Thread] DEBUG Engine               - JRE Vendor Name: Oracle Corporation
21:48:03.905 [JavaFX Application Thread] DEBUG Engine               - Running on OS: Windows 11 version 10.0
21:48:03.905 [JavaFX Application Thread] DEBUG Engine               - Architecture: amd64
21:48:03.905 [JavaFX Application Thread] INFO  Engine               - Source code and latest versions at: https://github.com/AlmasB/FXGL
21:48:03.905 [JavaFX Application Thread] INFO  Engine               -       Ask questions and discuss at: https://github.com/AlmasB/FXGL/discussions
21:48:03.905 [JavaFX Application Thread] INFO  Engine               -              Join the FXGL chat at: https://gitter.im/AlmasB/FXGL
21:48:04.006 [JavaFX Application Thread] DEBUG PrimaryStageWindow   - Creating a JavaFX scene
21:48:04.051 [JavaFX Application Thread] DEBUG PrimaryStageWindow   - Target settings size: 480.0 x 480.0
21:48:04.052 [JavaFX Application Thread] DEBUG PrimaryStageWindow   - Scaled scene size:    480.0 x 480.0
21:48:04.052 [JavaFX Application Thread] DEBUG PrimaryStageWindow   - Scaled ratio: (1.0, 1.0)
21:48:04.053 [JavaFX Application Thread] DEBUG PrimaryStageWindow   - Set initial scene to FXGLStartupScene
21:48:04.062 [JavaFX Application Thread] DEBUG PrimaryStageWindow   - Opening main window
21:48:04.178 [JavaFX Application Thread] DEBUG PrimaryStageWindow   - Window border size: (14.666656494140625, 37.33331298828125)
21:48:04.178 [JavaFX Application Thread] DEBUG PrimaryStageWindow   - Scaled size: 480.0 x 480.0
21:48:04.178 [JavaFX Application Thread] DEBUG PrimaryStageWindow   - Scaled ratio: (1.0, 1.0)
21:48:04.179 [JavaFX Application Thread] DEBUG PrimaryStageWindow   - Scene size: 480.0 x 480.0
21:48:04.179 [JavaFX Application Thread] DEBUG PrimaryStageWindow   - Stage size: 494.6666564941406 x 517.3333129882812
21:48:04.189 [FXGL Background Thread 1 ] DEBUG Engine               - Initializing environment variables
21:48:04.242 [FXGL Background Thread 1 ] DEBUG FXGLAssetLoaderServi - User app class for loading assets: class org.example.demo.HelloApplication
21:48:04.242 [FXGL Background Thread 1 ] DEBUG GameApplicationServi - Applying CSS: fxgl_dark.css
21:48:04.243 [FXGL Background Thread 1 ] DEBUG FXGLAssetLoaderServi - Loading from file system: jar:file:///C:/Users/My%20Laptop/.m2/repository/com/github/almasb/fxgl/17.3/fxgl-17.3.jar!/fxglassets/ui/css/fxgl_dark.css
21:48:04.290 [FXGL Background Thread 1 ] DEBUG GameApplicationServi - Initializing application scenes
21:48:04.335 [FXGL Background Thread 1 ] DEBUG GameWorld            - Game world initialized
21:48:04.404 [FXGL Background Thread 1 ] DEBUG PhysicsWorld         - Physics world initialized: appHeight=480, physics.ppm=50.0
21:48:04.404 [FXGL Background Thread 1 ] DEBUG PhysicsWorld         - Using strategy: BRUTE_FORCE
21:48:04.409 [FXGL Background Thread 1 ] DEBUG GameScene            - Game scene initialized: 480x480
21:48:04.423 [FXGL Background Thread 1 ] WARN  FXGL.DefaultMenu     - FXGLDefaultMenu is not designed for resolutions < 800x600
21:48:04.423 [FXGL Background Thread 1 ] DEBUG FXGL.DefaultMenu     - createMenuBodyGameMenu()
21:48:04.437 [FXGL Background Thread 1 ] DEBUG FXGL.DefaultMenu     - createOptionsMenu()
21:48:04.446 [FXGL Background Thread 1 ] DEBUG FXGLAssetLoaderServi - Loading from file system: jar:file:///C:/Users/My%20Laptop/.m2/repository/com/github/almasb/fxgl/17.3/fxgl-17.3.jar!/fxglassets/textures/particles/smoke.png
21:48:04.556 [FXGL Background Thread 1 ] DEBUG FXGLAssetLoaderServi - Loading from file system: jar:file:///C:/Users/My%20Laptop/.m2/repository/com/github/almasb/fxgl/17.3/fxgl-17.3.jar!/fxglassets/textures/particles/trace_horizontal.png
21:48:04.595 [FXGL Background Thread 1 ] DEBUG GameApplicationServi - Application scenes initialized
21:48:04.609 [FXGL Background Thread 1 ] DEBUG SystemBundleService  - Loading FXGL system data
21:48:04.611 [FXGL Background Thread 1 ] DEBUG FileSystemAccess     - Reading from: C:\OOP\baitaplonOOP-long\system\fxgl.bundle
21:48:04.613 [FXGL Background Thread 1 ] DEBUG SystemBundleService  - Bundle FXGL: {}
21:48:04.615 [FXGL Background Thread 1 ] DEBUG UpdaterService       - Checking for updates
21:48:04.618 [FXGL Background Thread 4 ] DEBUG FXGLApplication      - Loading fonts
21:48:04.620 [FXGL Background Thread 4 ] DEBUG FXGLAssetLoaderServi - Loading from file system: jar:file:///C:/Users/My%20Laptop/.m2/repository/com/github/almasb/fxgl/17.3/fxgl-17.3.jar!/fxglassets/ui/fonts/VarelaRound-Regular.ttf
21:48:04.620 [FXGL Background Thread 1 ] DEBUG FXGLApplication      - Loading default localization
21:48:04.621 [FXGL Background Thread 1 ] DEBUG FXGLAssetLoaderServi - Loading from file system: jar:file:///C:/Users/My%20Laptop/.m2/repository/com/github/almasb/fxgl/17.3/fxgl-17.3.jar!/fxglassets/languages/english.lang
21:48:04.646 [FXGL Background Thread 1 ] INFO  FXGLApplication      - FXGL initialization took: 0.458 sec
21:48:04.647 [JavaFX Application Thread] DEBUG FXGLAssetLoaderServi - Loading from file system: jar:file:///C:/Users/My%20Laptop/.m2/repository/com/github/almasb/fxgl/17.3/fxgl-17.3.jar!/fxglassets/textures/fxgl_icon.png
21:48:04.647 [FXGL Background Thread 4 ] DEBUG FXGLAssetLoaderServi - Loading from file system: jar:file:///C:/Users/My%20Laptop/.m2/repository/com/github/almasb/fxgl/17.3/fxgl-17.3.jar!/fxglassets/ui/fonts/Abel-Regular.ttf
21:48:04.667 [FXGL Background Thread 4 ] DEBUG FXGLAssetLoaderServi - Loading from file system: jar:file:///C:/Users/My%20Laptop/.m2/repository/com/github/almasb/fxgl/17.3/fxgl-17.3.jar!/fxglassets/ui/fonts/TerminalLandMono-Regular.otf
21:48:04.679 [JavaFX Application Thread] DEBUG FXGLAssetLoaderServi - Loading from file system: jar:file:///C:/Users/My%20Laptop/.m2/repository/com/github/almasb/fxgl/17.3/fxgl-17.3.jar!/fxglassets/textures/fxgl_default_cursor.png
21:48:04.683 [FXGL Background Thread 4 ] DEBUG FXGLAssetLoaderServi - Loading from file system: jar:file:///C:/Users/My%20Laptop/.m2/repository/com/github/almasb/fxgl/17.3/fxgl-17.3.jar!/fxglassets/ui/fonts/Courier-Prime.ttf
21:48:04.690 [JavaFX Application Thread] DEBUG Input                - Registered new binding: Screenshot - CTRL+8
21:48:04.690 [JavaFX Application Thread] DEBUG Input                - Registered new binding: System info dump - CTRL+9
21:48:04.691 [JavaFX Application Thread] DEBUG Input                - Registered new binding: Restart - CTRL+R
21:48:04.691 [JavaFX Application Thread] DEBUG Input                - Registered new binding: Toggle Debug Camera - CTRL+7
21:48:04.693 [JavaFX Application Thread] DEBUG LoopRunner           - Starting loop
21:48:04.693 [JavaFX Application Thread] DEBUG LoopRunner           - Initializing JavaFX AnimationTimerLoop
21:48:04.694 [JavaFX Application Thread] DEBUG GameApplicationServi - Starting new game
21:48:04.694 [JavaFX Application Thread] DEBUG Input                - Clearing active input actions
21:48:04.705 [JavaFX Application Thread] DEBUG GameApplicationServi - Removing overlay from FXGLStartupScene and adding to FXGLLoadingScene
21:48:04.705 [JavaFX Application Thread] DEBUG PrimaryStageWindow   - FXGLStartupScene -> FXGLLoadingScene
21:48:04.705 [JavaFX Application Thread] DEBUG GameApplicationServi - Clearing previous game
21:48:04.705 [JavaFX Application Thread] DEBUG GameScene            - Clearing game scene
21:48:04.705 [JavaFX Application Thread] DEBUG GameWorld            - Clearing game world
21:48:04.705 [JavaFX Application Thread] DEBUG PhysicsWorld         - Clearing physics world
21:48:04.707 [FXGL Background Thread 1 ] DEBUG FXGLApplication      - Initializing game
21:48:04.804 [JavaFX Application Thread] DEBUG FXGLApplication      - Registering font factories with UI factory
21:48:04.969 [FXGL Background Thread 1 ] DEBUG Input                - Clearing active input actions
21:48:04.971 [FXGL Background Thread 1 ] DEBUG Input                - Registered new binding: Move Up - W
21:48:04.971 [FXGL Background Thread 1 ] DEBUG Input                - Registered new binding: Move Down - S
21:48:04.971 [FXGL Background Thread 1 ] DEBUG Input                - Registered new binding: Move Left - A
21:48:04.971 [FXGL Background Thread 1 ] DEBUG Input                - Registered new binding: Move Right - D
21:48:04.971 [FXGL Background Thread 1 ] DEBUG Input                - Registered new binding: Đặt bom - Space
21:48:05.066 [FXGL Background Thread 1 ] INFO  FXGLApplication      - Game initialization took: 0.359 sec
21:48:05.066 [JavaFX Application Thread] DEBUG Input                - Clearing active input actions
21:48:05.084 [JavaFX Application Thread] DEBUG GameApplicationServi - Removing overlay from FXGLLoadingScene and adding to GameScene
21:48:05.084 [JavaFX Application Thread] DEBUG PrimaryStageWindow   - FXGLLoadingScene -> GameScene
21:48:05.539 [FXGL Background Thread 2 ] INFO  UpdaterService       - Your current version:  17.3
21:48:05.539 [FXGL Background Thread 2 ] INFO  UpdaterService       - Latest stable version: 21.1
21:48:07.618 [FXGL Background Thread 3 ] DEBUG Engine               - Logging environment variables
21:48:07.618 [FXGL Background Thread 3 ] DEBUG Engine               - achievements: []
21:48:07.618 [FXGL Background Thread 3 ] DEBUG Engine               - actualHeight: 480.0
21:48:07.618 [FXGL Background Thread 3 ] DEBUG Engine               - actualHeightProperty: ReadOnlyDoubleProperty [value: 480.0]
21:48:07.618 [FXGL Background Thread 3 ] DEBUG Engine               - actualWidth: 480.0
21:48:07.618 [FXGL Background Thread 3 ] DEBUG Engine               - actualWidthProperty: ReadOnlyDoubleProperty [value: 480.0]
21:48:07.619 [FXGL Background Thread 3 ] DEBUG Engine               - appIcon: fxgl_icon.png
21:48:07.619 [FXGL Background Thread 3 ] DEBUG Engine               - applicationMode: DEVELOPER
21:48:07.619 [FXGL Background Thread 3 ] DEBUG Engine               - cSSList: [fxgl_dark.css]
21:48:07.619 [FXGL Background Thread 3 ] DEBUG Engine               - collisionDetectionStrategy: BRUTE_FORCE
21:48:07.619 [FXGL Background Thread 3 ] DEBUG Engine               - configClass: Optional.empty
21:48:07.619 [FXGL Background Thread 3 ] DEBUG Engine               - credits: []
21:48:07.619 [FXGL Background Thread 3 ] DEBUG Engine               - defaultCursor: CursorInfo(imageName=fxgl_default_cursor.png, hotspotX=7.0, hotspotY=6.0)
21:48:07.619 [FXGL Background Thread 3 ] DEBUG Engine               - devBBoxColorProperty: ObjectProperty [value: 0xff0000ff]
21:48:07.619 [FXGL Background Thread 3 ] DEBUG Engine               - devEnableDebugCameraProperty: BooleanProperty [value: false]
21:48:07.619 [FXGL Background Thread 3 ] DEBUG Engine               - devSensorColorProperty: ObjectProperty [value: 0xffff00ff]
21:48:07.619 [FXGL Background Thread 3 ] DEBUG Engine               - devShowBBoxProperty: BooleanProperty [value: false]
21:48:07.620 [FXGL Background Thread 3 ] DEBUG Engine               - devShowPositionProperty: BooleanProperty [value: false]
21:48:07.620 [FXGL Background Thread 3 ] DEBUG Engine               - enabledMenuItems: []
21:48:07.620 [FXGL Background Thread 3 ] DEBUG Engine               - engineServices: [class com.almasb.fxgl.app.services.FXGLAssetLoaderService, class com.almasb.fxgl.app.FXGLApplication$GameApplicationService, class com.almasb.fxgl.app.services.FXGLDialogService, class com.almasb.fxgl.app.services.IOTaskExecutorService, class com.almasb.fxgl.io.FileSystemService, class com.almasb.fxgl.localization.LocalizationService, class com.almasb.fxgl.app.services.SystemBundleService, class com.almasb.fxgl.profile.SaveLoadService, class com.almasb.fxgl.ui.FXGLUIFactoryServiceProvider, class com.almasb.fxgl.ui.FXGLDialogFactoryServiceProvider, class com.almasb.fxgl.audio.AudioPlayer, class com.almasb.fxgl.notification.impl.NotificationServiceProvider, class com.almasb.fxgl.achievement.AchievementService, class com.almasb.fxgl.cutscene.CutsceneService, class com.almasb.fxgl.minigames.MiniGameService, class com.almasb.fxgl.net.NetService, class com.almasb.fxgl.app.services.UpdaterService, class com.almasb.fxgl.dev.DevService]
21:48:07.620 [FXGL Background Thread 3 ] DEBUG Engine               - fontGame: Abel-Regular.ttf
21:48:07.620 [FXGL Background Thread 3 ] DEBUG Engine               - fontMono: TerminalLandMono-Regular.otf
21:48:07.620 [FXGL Background Thread 3 ] DEBUG Engine               - fontSizeScaleUI: 1.0
21:48:07.620 [FXGL Background Thread 3 ] DEBUG Engine               - fontText: Courier-Prime.ttf
21:48:07.620 [FXGL Background Thread 3 ] DEBUG Engine               - fontUI: VarelaRound-Regular.ttf
21:48:07.620 [FXGL Background Thread 3 ] DEBUG Engine               - fullScreen: BooleanProperty [value: false]
21:48:07.620 [FXGL Background Thread 3 ] DEBUG Engine               - gameDifficulty: MEDIUM
21:48:07.620 [FXGL Background Thread 3 ] DEBUG Engine               - gameDifficultyProperty: ObjectProperty [value: MEDIUM]
21:48:07.620 [FXGL Background Thread 3 ] DEBUG Engine               - globalMusicVolume: 0.5
21:48:07.621 [FXGL Background Thread 3 ] DEBUG Engine               - globalMusicVolumeProperty: DoubleProperty [value: 0.5]
21:48:07.621 [FXGL Background Thread 3 ] DEBUG Engine               - globalSoundVolume: 0.5
21:48:07.621 [FXGL Background Thread 3 ] DEBUG Engine               - globalSoundVolumeProperty: DoubleProperty [value: 0.5]
21:48:07.621 [FXGL Background Thread 3 ] DEBUG Engine               - height: 480
21:48:07.621 [FXGL Background Thread 3 ] DEBUG Engine               - is3D: false
21:48:07.621 [FXGL Background Thread 3 ] DEBUG Engine               - isAndroid: false
21:48:07.621 [FXGL Background Thread 3 ] DEBUG Engine               - isBrowser: false
21:48:07.621 [FXGL Background Thread 3 ] DEBUG Engine               - isClickFeedbackEnabled: false
21:48:07.621 [FXGL Background Thread 3 ] DEBUG Engine               - isCloseConfirmation: false
21:48:07.621 [FXGL Background Thread 3 ] DEBUG Engine               - isDesktop: true
21:48:07.621 [FXGL Background Thread 3 ] DEBUG Engine               - isDeveloperMenuEnabled: false
21:48:07.621 [FXGL Background Thread 3 ] DEBUG Engine               - isEmbedded: false
21:48:07.621 [FXGL Background Thread 3 ] DEBUG Engine               - isEntityPreloadEnabled: true
21:48:07.621 [FXGL Background Thread 3 ] DEBUG Engine               - isExperimentalTiledLargeMap: false
21:48:07.621 [FXGL Background Thread 3 ] DEBUG Engine               - isFileSystemWriteAllowed: true
21:48:07.621 [FXGL Background Thread 3 ] DEBUG Engine               - isFullScreenAllowed: false
21:48:07.621 [FXGL Background Thread 3 ] DEBUG Engine               - isFullScreenFromStart: false
21:48:07.621 [FXGL Background Thread 3 ] DEBUG Engine               - isGameMenuEnabled: true
21:48:07.622 [FXGL Background Thread 3 ] DEBUG Engine               - isIOS: false
21:48:07.622 [FXGL Background Thread 3 ] DEBUG Engine               - isIntroEnabled: false
21:48:07.622 [FXGL Background Thread 3 ] DEBUG Engine               - isLinux: false
21:48:07.622 [FXGL Background Thread 3 ] DEBUG Engine               - isMac: false
21:48:07.622 [FXGL Background Thread 3 ] DEBUG Engine               - isMainMenuEnabled: false
21:48:07.622 [FXGL Background Thread 3 ] DEBUG Engine               - isManualResizeEnabled: false
21:48:07.622 [FXGL Background Thread 3 ] DEBUG Engine               - isMobile: false
21:48:07.622 [FXGL Background Thread 3 ] DEBUG Engine               - isNative: false
21:48:07.622 [FXGL Background Thread 3 ] DEBUG Engine               - isPauseMusicWhenMinimized: true
21:48:07.622 [FXGL Background Thread 3 ] DEBUG Engine               - isPreserveResizeRatio: false
21:48:07.622 [FXGL Background Thread 3 ] DEBUG Engine               - isProfilingEnabled: false
21:48:07.622 [FXGL Background Thread 3 ] DEBUG Engine               - isScaleAffectedOnResize: true
21:48:07.622 [FXGL Background Thread 3 ] DEBUG Engine               - isSingleStep: false
21:48:07.622 [FXGL Background Thread 3 ] DEBUG Engine               - isUserProfileEnabled: false
21:48:07.622 [FXGL Background Thread 3 ] DEBUG Engine               - isWindows: true
21:48:07.622 [FXGL Background Thread 3 ] DEBUG Engine               - language: ObjectProperty [value: ENGLISH]
21:48:07.622 [FXGL Background Thread 3 ] DEBUG Engine               - menuKey: ESCAPE
21:48:07.623 [FXGL Background Thread 3 ] DEBUG Engine               - mouseSensitivity: 0.2
21:48:07.623 [FXGL Background Thread 3 ] DEBUG Engine               - notificationViewClass: class com.almasb.fxgl.notification.view.XboxNotificationView
21:48:07.623 [FXGL Background Thread 3 ] DEBUG Engine               - pixelsPerMeter: 50.0
21:48:07.623 [FXGL Background Thread 3 ] DEBUG Engine               - platform: WINDOWS
21:48:07.623 [FXGL Background Thread 3 ] DEBUG Engine               - prefHeightProperty: ReadOnlyDoubleProperty [value: 480.0]
21:48:07.623 [FXGL Background Thread 3 ] DEBUG Engine               - prefWidthProperty: ReadOnlyDoubleProperty [value: 480.0]
21:48:07.623 [FXGL Background Thread 3 ] DEBUG Engine               - profileDir: profiles/
21:48:07.623 [FXGL Background Thread 3 ] DEBUG Engine               - profileName: StringProperty [value: DEFAULT]
21:48:07.623 [FXGL Background Thread 3 ] DEBUG Engine               - randomSeed: -1
21:48:07.624 [FXGL Background Thread 3 ] DEBUG Engine               - runtimeInfo: RuntimeInfo(platform=WINDOWS, version=17.3, build=30.03.2023 11.49)
21:48:07.624 [FXGL Background Thread 3 ] DEBUG Engine               - saveFileExt: sav
21:48:07.624 [FXGL Background Thread 3 ] DEBUG Engine               - scaledHeightProp$fxgl: DoubleProperty [bound, value: 480.0]
21:48:07.624 [FXGL Background Thread 3 ] DEBUG Engine               - scaledWidthProp$fxgl: DoubleProperty [bound, value: 480.0]
21:48:07.624 [FXGL Background Thread 3 ] DEBUG Engine               - sceneFactory: com.almasb.fxgl.app.scene.SceneFactory@79abf221
21:48:07.624 [FXGL Background Thread 3 ] DEBUG Engine               - secondsIn24h: 60
21:48:07.624 [FXGL Background Thread 3 ] DEBUG Engine               - soundMenuBack: menu/back.wav
21:48:07.624 [FXGL Background Thread 3 ] DEBUG Engine               - soundMenuPress: menu/press.wav
21:48:07.624 [FXGL Background Thread 3 ] DEBUG Engine               - soundMenuSelect: menu/select.wav
21:48:07.624 [FXGL Background Thread 3 ] DEBUG Engine               - soundNotification: core/notification.wav
21:48:07.624 [FXGL Background Thread 3 ] DEBUG Engine               - stageStyle: DECORATED
21:48:07.624 [FXGL Background Thread 3 ] DEBUG Engine               - supportedLanguages: [ENGLISH, FRENCH, GERMAN, HUNGARIAN, RUSSIAN]
21:48:07.624 [FXGL Background Thread 3 ] DEBUG Engine               - ticksPerSecond: -1
21:48:07.624 [FXGL Background Thread 3 ] DEBUG Engine               - title: Bomberman Game
21:48:07.626 [FXGL Background Thread 3 ] DEBUG Engine               - urlGithub: https://github.com/AlmasB/FXGL
21:48:07.626 [FXGL Background Thread 3 ] DEBUG Engine               - urlLeaderboard: http://fxgl-top.herokuapp.com/
21:48:07.626 [FXGL Background Thread 3 ] DEBUG Engine               - urlPOM: https://raw.githubusercontent.com/AlmasB/FXGL/release/README.md
21:48:07.626 [FXGL Background Thread 3 ] DEBUG Engine               - userAppClass: class org.example.demo.HelloApplication
21:48:07.626 [FXGL Background Thread 3 ] DEBUG Engine               - version: 1.0
21:48:07.626 [FXGL Background Thread 3 ] DEBUG Engine               - versionCheckDays: 7
21:48:07.626 [FXGL Background Thread 3 ] DEBUG Engine               - width: 480
21:48:07.626 [FXGL Background Thread 3 ] DEBUG Engine               - Logging services
21:48:07.626 [FXGL Background Thread 3 ] DEBUG Engine               - class com.almasb.fxgl.app.services.FXGLAssetLoaderService
21:48:07.626 [FXGL Background Thread 3 ] DEBUG Engine               - class com.almasb.fxgl.app.FXGLApplication$GameApplicationService
21:48:07.626 [FXGL Background Thread 3 ] DEBUG Engine               - class com.almasb.fxgl.app.services.FXGLDialogService
21:48:07.626 [FXGL Background Thread 3 ] DEBUG Engine               - class com.almasb.fxgl.app.services.IOTaskExecutorService
21:48:07.626 [FXGL Background Thread 3 ] DEBUG Engine               - class com.almasb.fxgl.io.FileSystemService
21:48:07.626 [FXGL Background Thread 3 ] DEBUG Engine               - class com.almasb.fxgl.localization.LocalizationService
21:48:07.626 [FXGL Background Thread 3 ] DEBUG Engine               - class com.almasb.fxgl.app.services.SystemBundleService
21:48:07.626 [FXGL Background Thread 3 ] DEBUG Engine               - class com.almasb.fxgl.profile.SaveLoadService
21:48:07.626 [FXGL Background Thread 3 ] DEBUG Engine               - class com.almasb.fxgl.ui.FXGLUIFactoryServiceProvider
21:48:07.626 [FXGL Background Thread 3 ] DEBUG Engine               - class com.almasb.fxgl.ui.FXGLDialogFactoryServiceProvider
21:48:07.626 [FXGL Background Thread 3 ] DEBUG Engine               - class com.almasb.fxgl.audio.AudioPlayer
21:48:07.626 [FXGL Background Thread 3 ] DEBUG Engine               - class com.almasb.fxgl.notification.impl.NotificationServiceProvider
21:48:07.626 [FXGL Background Thread 3 ] DEBUG Engine               - class com.almasb.fxgl.achievement.AchievementService
21:48:07.627 [FXGL Background Thread 3 ] DEBUG Engine               - class com.almasb.fxgl.cutscene.CutsceneService
21:48:07.627 [FXGL Background Thread 3 ] DEBUG Engine               - class com.almasb.fxgl.minigames.MiniGameService
21:48:07.627 [FXGL Background Thread 3 ] DEBUG Engine               - class com.almasb.fxgl.net.NetService
21:48:07.627 [FXGL Background Thread 3 ] DEBUG Engine               - class com.almasb.fxgl.app.services.UpdaterService
21:48:07.627 [FXGL Background Thread 3 ] DEBUG Engine               - class com.almasb.fxgl.dev.DevService
21:48:24.200 [JavaFX Application Thread] DEBUG FXGLApplication      - Exiting FXGL
21:48:24.200 [JavaFX Application Thread] DEBUG LoopRunner           - Stopping loop
21:48:24.200 [JavaFX Application Thread] DEBUG SystemBundleService  - Saving FXGL system data
21:48:24.202 [JavaFX Application Thread] DEBUG FileSystemAccess     - Writing to: C:\OOP\baitaplonOOP-long\system\fxgl.bundle
21:48:24.203 [JavaFX Application Thread] DEBUG Async                - Shutting down background threads
21:48:24.203 [JavaFX Application Thread] DEBUG PrimaryStageWindow   - Closing main window
21:48:24.216 [JavaFX Application Thread] DEBUG Logger               - Closing Logger
