23:17:41.918 [main                     ] DEBUG Logger               - Configured Logger
23:17:41.940 [main                     ] DEBUG GameApplication      - Logging settings
Title: Bomberman
Version: 0.0
Width: 480
Height: 480
Fullscreen: false
Intro: false
Profiling: false
Single step:false
App Mode: DEVELOPER
Menu Key: ESCAPE
Stage Style: DECORATED
Scene Factory: class com.almasb.fxgl.app.scene.SceneFactory

23:17:42.234 [JavaFX Application Thread] DEBUG FXGLApplication      - Initializing FXGL
23:17:42.237 [JavaFX Application Thread] INFO  Engine               - FXGL-17.3 (30.03.2023 11.49) on WINDOWS (J:23.0.2 FX:17.0.6)
23:17:42.237 [JavaFX Application Thread] DEBUG Engine               - JRE Vendor Name: Oracle Corporation
23:17:42.239 [JavaFX Application Thread] DEBUG Engine               - Running on OS: Windows 11 version 10.0
23:17:42.239 [JavaFX Application Thread] DEBUG Engine               - Architecture: amd64
23:17:42.239 [JavaFX Application Thread] INFO  Engine               - Source code and latest versions at: https://github.com/AlmasB/FXGL
23:17:42.239 [JavaFX Application Thread] INFO  Engine               -       Ask questions and discuss at: https://github.com/AlmasB/FXGL/discussions
23:17:42.239 [JavaFX Application Thread] INFO  Engine               -              Join the FXGL chat at: https://gitter.im/AlmasB/FXGL
23:17:42.317 [JavaFX Application Thread] DEBUG PrimaryStageWindow   - Creating a JavaFX scene
23:17:42.364 [JavaFX Application Thread] DEBUG PrimaryStageWindow   - Target settings size: 480.0 x 480.0
23:17:42.364 [JavaFX Application Thread] DEBUG PrimaryStageWindow   - Scaled scene size:    480.0 x 480.0
23:17:42.364 [JavaFX Application Thread] DEBUG PrimaryStageWindow   - Scaled ratio: (1.0, 1.0)
23:17:42.365 [JavaFX Application Thread] DEBUG PrimaryStageWindow   - Set initial scene to FXGLStartupScene
23:17:42.372 [JavaFX Application Thread] DEBUG PrimaryStageWindow   - Opening main window
23:17:42.451 [JavaFX Application Thread] DEBUG PrimaryStageWindow   - Window border size: (14.666656494140625, 37.33331298828125)
23:17:42.451 [JavaFX Application Thread] DEBUG PrimaryStageWindow   - Scaled size: 480.0 x 480.0
23:17:42.451 [JavaFX Application Thread] DEBUG PrimaryStageWindow   - Scaled ratio: (1.0, 1.0)
23:17:42.451 [JavaFX Application Thread] DEBUG PrimaryStageWindow   - Scene size: 480.0 x 480.0
23:17:42.451 [JavaFX Application Thread] DEBUG PrimaryStageWindow   - Stage size: 494.6666564941406 x 517.3333129882812
23:17:42.457 [FXGL Background Thread 1 ] DEBUG Engine               - Initializing environment variables
23:17:42.532 [FXGL Background Thread 1 ] DEBUG FXGLAssetLoaderServi - User app class for loading assets: class org.example.demo.BombermanApp
23:17:42.532 [FXGL Background Thread 1 ] DEBUG GameApplicationServi - Applying CSS: fxgl_dark.css
23:17:42.533 [FXGL Background Thread 1 ] DEBUG FXGLAssetLoaderServi - Loading from file system: jar:file:///C:/Users/admin/.m2/repository/com/github/almasb/fxgl/17.3/fxgl-17.3.jar!/fxglassets/ui/css/fxgl_dark.css
23:17:42.574 [FXGL Background Thread 1 ] DEBUG GameApplicationServi - Initializing application scenes
23:17:42.608 [FXGL Background Thread 1 ] DEBUG GameWorld            - Game world initialized
23:17:42.673 [FXGL Background Thread 1 ] DEBUG PhysicsWorld         - Physics world initialized: appHeight=480, physics.ppm=50.0
23:17:42.673 [FXGL Background Thread 1 ] DEBUG PhysicsWorld         - Using strategy: BRUTE_FORCE
23:17:42.677 [FXGL Background Thread 1 ] DEBUG GameScene            - Game scene initialized: 480x480
23:17:42.690 [FXGL Background Thread 1 ] WARN  FXGL.DefaultMenu     - FXGLDefaultMenu is not designed for resolutions < 800x600
23:17:42.690 [FXGL Background Thread 1 ] DEBUG FXGL.DefaultMenu     - createMenuBodyGameMenu()
23:17:42.700 [FXGL Background Thread 1 ] DEBUG FXGL.DefaultMenu     - createOptionsMenu()
23:17:42.709 [FXGL Background Thread 1 ] DEBUG FXGLAssetLoaderServi - Loading from file system: jar:file:///C:/Users/admin/.m2/repository/com/github/almasb/fxgl/17.3/fxgl-17.3.jar!/fxglassets/textures/particles/smoke.png
23:17:42.786 [FXGL Background Thread 1 ] DEBUG FXGLAssetLoaderServi - Loading from file system: jar:file:///C:/Users/admin/.m2/repository/com/github/almasb/fxgl/17.3/fxgl-17.3.jar!/fxglassets/textures/particles/trace_horizontal.png
23:17:42.809 [FXGL Background Thread 1 ] DEBUG GameApplicationServi - Application scenes initialized
23:17:42.819 [FXGL Background Thread 1 ] DEBUG SystemBundleService  - Loading FXGL system data
23:17:42.822 [FXGL Background Thread 1 ] DEBUG FileSystemAccess     - Reading from: C:\Users\admin\OneDrive\Máy tính\demo\system\fxgl.bundle
23:17:42.829 [FXGL Background Thread 1 ] DEBUG SystemBundleService  - Bundle FXGL: {}
23:17:42.830 [FXGL Background Thread 1 ] DEBUG UpdaterService       - Checking for updates
23:17:42.835 [FXGL Background Thread 4 ] DEBUG FXGLApplication      - Loading fonts
23:17:42.836 [FXGL Background Thread 4 ] DEBUG FXGLAssetLoaderServi - Loading from file system: jar:file:///C:/Users/admin/.m2/repository/com/github/almasb/fxgl/17.3/fxgl-17.3.jar!/fxglassets/ui/fonts/VarelaRound-Regular.ttf
23:17:42.836 [FXGL Background Thread 1 ] DEBUG FXGLApplication      - Loading default localization
23:17:42.836 [FXGL Background Thread 1 ] DEBUG FXGLAssetLoaderServi - Loading from file system: jar:file:///C:/Users/admin/.m2/repository/com/github/almasb/fxgl/17.3/fxgl-17.3.jar!/fxglassets/languages/english.lang
23:17:42.858 [FXGL Background Thread 1 ] INFO  FXGLApplication      - FXGL initialization took: 0.402 sec
23:17:42.871 [JavaFX Application Thread] DEBUG Input                - Registered new binding: action0 - W
23:17:42.872 [JavaFX Application Thread] DEBUG Input                - Registered new binding: action1 - S
23:17:42.872 [JavaFX Application Thread] DEBUG Input                - Registered new binding: action2 - A
23:17:42.873 [JavaFX Application Thread] DEBUG Input                - Registered new binding: action3 - D
23:17:42.873 [JavaFX Application Thread] DEBUG LoopRunner           - Stopping loop
23:17:42.873 [JavaFX Application Thread] DEBUG LoopRunner           - Initializing JavaFX AnimationTimerLoop
23:17:42.877 [JavaFX Application Thread] FATAL FXGLApplication      - Uncaught Exception:
java.lang.IllegalArgumentException: Trigger is already bound: W
	at com.almasb.fxgl.core@17.3/com.almasb.fxgl.input.Input.addBinding(Input.kt:512)
	at com.almasb.fxgl.core@17.3/com.almasb.fxgl.input.Input.addAction(Input.kt:507)
	at com.almasb.fxgl.core@17.3/com.almasb.fxgl.input.Input.addAction$default(Input.kt:504)
	at com.almasb.fxgl.all@17.3/com.almasb.fxgl.dsl.FXGL$Companion.onKeyUp(FXGL.kt:510)
	at com.almasb.fxgl.all@17.3/com.almasb.fxgl.dsl.FXGL$Companion.onKeyUp(FXGL.kt:506)
	at com.almasb.fxgl.all@17.3/com.almasb.fxgl.dsl.FXGL.onKeyUp(FXGL.kt)
	at org.example.demo/org.example.demo.BombermanApp.initInput(BombermanApp.java:215)
	at com.almasb.fxgl.all@17.3/com.almasb.fxgl.app.FXGLApplication$GameApplicationService.onMainLoopStarting(FXGLApplication.kt:529)
	at com.almasb.fxgl.all@17.3/com.almasb.fxgl.app.Engine.startLoop(Engine.kt:150)
	at com.almasb.fxgl.all@17.3/com.almasb.fxgl.app.FXGLApplication.startImpl$lambda$3(FXGLApplication.kt:145)
	at com.almasb.fxgl.core@17.3/com.almasb.fxgl.core.concurrent.IOTask.succeed(IOTask.java:164)
	at com.almasb.fxgl.core@17.3/com.almasb.fxgl.core.concurrent.IOTask$1.succeeded(IOTask.java:153)
	at javafx.graphics/javafx.concurrent.Task.setState(Task.java:726)
	at javafx.graphics/javafx.concurrent.Task$TaskCallable.lambda$call$1(Task.java:1437)
	at javafx.graphics/com.sun.javafx.application.PlatformImpl.lambda$runLater$10(PlatformImpl.java:457)
	at java.base/java.security.AccessController.doPrivileged(AccessController.java:400)
	at javafx.graphics/com.sun.javafx.application.PlatformImpl.lambda$runLater$11(PlatformImpl.java:456)
	at javafx.graphics/com.sun.glass.ui.InvokeLaterDispatcher$Future.run(InvokeLaterDispatcher.java:96)
	at javafx.graphics/com.sun.glass.ui.win.WinApplication._runLoop(Native Method)
	at javafx.graphics/com.sun.glass.ui.win.WinApplication.lambda$runLoop$3(WinApplication.java:184)
	at java.base/java.lang.Thread.run(Thread.java:1575)

23:17:42.877 [JavaFX Application Thread] FATAL FXGLApplication      - Application will now exit
23:17:42.895 [JavaFX Application Thread] DEBUG PrimaryStageWindow   - Push state: ErrorSubScene
23:17:42.896 [JavaFX Application Thread] DEBUG Input                - Clearing active input actions
23:17:42.896 [FXGL Background Thread 4 ] DEBUG FXGLAssetLoaderServi - Loading from file system: jar:file:///C:/Users/admin/.m2/repository/com/github/almasb/fxgl/17.3/fxgl-17.3.jar!/fxglassets/ui/fonts/Abel-Regular.ttf
23:17:42.905 [JavaFX Application Thread] DEBUG GameApplicationServi - Removing overlay from FXGLStartupScene and adding to ErrorSubScene
23:17:42.906 [JavaFX Application Thread] DEBUG PrimaryStageWindow   - FXGLStartupScene -> ErrorSubScene
23:17:42.913 [FXGL Background Thread 4 ] DEBUG FXGLAssetLoaderServi - Loading from file system: jar:file:///C:/Users/admin/.m2/repository/com/github/almasb/fxgl/17.3/fxgl-17.3.jar!/fxglassets/ui/fonts/TerminalLandMono-Regular.otf
23:17:42.928 [FXGL Background Thread 4 ] DEBUG FXGLAssetLoaderServi - Loading from file system: jar:file:///C:/Users/admin/.m2/repository/com/github/almasb/fxgl/17.3/fxgl-17.3.jar!/fxglassets/ui/fonts/Courier-Prime.ttf
23:17:43.107 [JavaFX Application Thread] DEBUG FXGLApplication      - Registering font factories with UI factory
23:17:43.838 [FXGL Background Thread 2 ] INFO  UpdaterService       - Your current version:  17.3
23:17:43.838 [FXGL Background Thread 2 ] INFO  UpdaterService       - Latest stable version: 21.1
23:17:44.560 [JavaFX Application Thread] DEBUG FXGLApplication      - Exiting FXGL
23:17:44.560 [JavaFX Application Thread] DEBUG Async                - Shutting down background threads
23:17:44.561 [JavaFX Application Thread] DEBUG PrimaryStageWindow   - Closing main window
23:17:44.583 [JavaFX Application Thread] DEBUG Logger               - Closing Logger
