08:25:07.890 [main                     ] DEBUG Logger               - Configured Logger
08:25:07.929 [main                     ] DEBUG GameApplication      - Logging settings
Title: Bomberman Game
Version: 1.0
Width: 480
Height: 480
Fullscreen: false
Intro: false
Profiling: false
Single step:false
App Mode: DEVELOPER
Menu Key: ESCAPE
Stage Style: DECORATED
Scene Factory: class org.example.demo.BombermanApp$1

08:25:08.478 [JavaFX Application Thread] DEBUG FXGLApplication      - Initializing FXGL
08:25:08.483 [JavaFX Application Thread] INFO  Engine               - FXGL-17.3 (30.03.2023 11.49) on WINDOWS (J:23.0.2 FX:17.0.6)
08:25:08.484 [JavaFX Application Thread] DEBUG Engine               - JRE Vendor Name: Oracle Corporation
08:25:08.484 [JavaFX Application Thread] DEBUG Engine               - Running on OS: Windows 11 version 10.0
08:25:08.484 [JavaFX Application Thread] DEBUG Engine               - Architecture: amd64
08:25:08.484 [JavaFX Application Thread] INFO  Engine               - Source code and latest versions at: https://github.com/AlmasB/FXGL
08:25:08.484 [JavaFX Application Thread] INFO  Engine               -       Ask questions and discuss at: https://github.com/AlmasB/FXGL/discussions
08:25:08.484 [JavaFX Application Thread] INFO  Engine               -              Join the FXGL chat at: https://gitter.im/AlmasB/FXGL
08:25:08.588 [JavaFX Application Thread] DEBUG PrimaryStageWindow   - Creating a JavaFX scene
08:25:08.636 [JavaFX Application Thread] DEBUG PrimaryStageWindow   - Target settings size: 480.0 x 480.0
08:25:08.636 [JavaFX Application Thread] DEBUG PrimaryStageWindow   - Scaled scene size:    480.0 x 480.0
08:25:08.636 [JavaFX Application Thread] DEBUG PrimaryStageWindow   - Scaled ratio: (1.0, 1.0)
08:25:08.638 [JavaFX Application Thread] DEBUG PrimaryStageWindow   - Set initial scene to FXGLStartupScene
08:25:08.648 [JavaFX Application Thread] DEBUG PrimaryStageWindow   - Opening main window
08:25:08.760 [JavaFX Application Thread] DEBUG PrimaryStageWindow   - Window border size: (14.399993896484375, 37.5999755859375)
08:25:08.760 [JavaFX Application Thread] DEBUG PrimaryStageWindow   - Scaled size: 480.0 x 480.0
08:25:08.760 [JavaFX Application Thread] DEBUG PrimaryStageWindow   - Scaled ratio: (1.0, 1.0)
08:25:08.760 [JavaFX Application Thread] DEBUG PrimaryStageWindow   - Scene size: 480.0 x 480.0
08:25:08.761 [JavaFX Application Thread] DEBUG PrimaryStageWindow   - Stage size: 494.3999938964844 x 517.5999755859375
08:25:08.768 [FXGL Background Thread 1 ] DEBUG Engine               - Initializing environment variables
08:25:08.864 [FXGL Background Thread 1 ] DEBUG FXGLAssetLoaderServi - User app class for loading assets: class org.example.demo.HelloApplication
08:25:08.864 [FXGL Background Thread 1 ] DEBUG GameApplicationServi - Applying CSS: fxgl_dark.css
08:25:08.865 [FXGL Background Thread 1 ] DEBUG FXGLAssetLoaderServi - Loading from file system: jar:file:///C:/Users/PC/.m2/repository/com/github/almasb/fxgl/17.3/fxgl-17.3.jar!/fxglassets/ui/css/fxgl_dark.css
08:25:08.915 [FXGL Background Thread 1 ] DEBUG GameApplicationServi - Initializing application scenes
08:25:08.981 [FXGL Background Thread 1 ] DEBUG GameWorld            - Game world initialized
08:25:09.071 [FXGL Background Thread 1 ] DEBUG PhysicsWorld         - Physics world initialized: appHeight=480, physics.ppm=50.0
08:25:09.072 [FXGL Background Thread 1 ] DEBUG PhysicsWorld         - Using strategy: BRUTE_FORCE
08:25:09.078 [FXGL Background Thread 1 ] DEBUG GameScene            - Game scene initialized: 480x480
08:25:09.096 [FXGL Background Thread 1 ] WARN  FXGL.DefaultMenu     - FXGLDefaultMenu is not designed for resolutions < 800x600
08:25:09.097 [FXGL Background Thread 1 ] DEBUG FXGL.DefaultMenu     - createMenuBodyGameMenu()
08:25:09.108 [FXGL Background Thread 1 ] DEBUG FXGL.DefaultMenu     - createOptionsMenu()
08:25:09.119 [FXGL Background Thread 1 ] DEBUG FXGLAssetLoaderServi - Loading from file system: jar:file:///C:/Users/PC/.m2/repository/com/github/almasb/fxgl/17.3/fxgl-17.3.jar!/fxglassets/textures/particles/smoke.png
08:25:09.286 [FXGL Background Thread 1 ] DEBUG FXGLAssetLoaderServi - Loading from file system: jar:file:///C:/Users/PC/.m2/repository/com/github/almasb/fxgl/17.3/fxgl-17.3.jar!/fxglassets/textures/particles/trace_horizontal.png
08:25:09.328 [FXGL Background Thread 1 ] DEBUG GameApplicationServi - Application scenes initialized
08:25:09.352 [FXGL Background Thread 1 ] DEBUG SystemBundleService  - Loading FXGL system data
08:25:09.358 [FXGL Background Thread 1 ] DEBUG FileSystemAccess     - Reading from: D:\BTL\baitaplonOOP\system\fxgl.bundle
08:25:09.368 [FXGL Background Thread 1 ] DEBUG SystemBundleService  - Bundle FXGL: {}
08:25:09.369 [FXGL Background Thread 1 ] DEBUG UpdaterService       - Checking for updates
08:25:09.378 [FXGL Background Thread 4 ] DEBUG FXGLApplication      - Loading fonts
08:25:09.379 [FXGL Background Thread 4 ] DEBUG FXGLAssetLoaderServi - Loading from file system: jar:file:///C:/Users/PC/.m2/repository/com/github/almasb/fxgl/17.3/fxgl-17.3.jar!/fxglassets/ui/fonts/VarelaRound-Regular.ttf
08:25:09.383 [FXGL Background Thread 1 ] DEBUG FXGLApplication      - Loading default localization
08:25:09.385 [FXGL Background Thread 1 ] DEBUG FXGLAssetLoaderServi - Loading from file system: jar:file:///C:/Users/PC/.m2/repository/com/github/almasb/fxgl/17.3/fxgl-17.3.jar!/fxglassets/languages/english.lang
08:25:09.435 [FXGL Background Thread 1 ] INFO  FXGLApplication      - FXGL initialization took: 0.668 sec
08:25:09.437 [JavaFX Application Thread] DEBUG FXGLAssetLoaderServi - Loading from file system: jar:file:///C:/Users/PC/.m2/repository/com/github/almasb/fxgl/17.3/fxgl-17.3.jar!/fxglassets/textures/fxgl_icon.png
08:25:09.440 [FXGL Background Thread 4 ] DEBUG FXGLAssetLoaderServi - Loading from file system: jar:file:///C:/Users/PC/.m2/repository/com/github/almasb/fxgl/17.3/fxgl-17.3.jar!/fxglassets/ui/fonts/Abel-Regular.ttf
08:25:09.446 [FXGL Background Thread 4 ] DEBUG FXGLAssetLoaderServi - Loading from file system: jar:file:///C:/Users/PC/.m2/repository/com/github/almasb/fxgl/17.3/fxgl-17.3.jar!/fxglassets/ui/fonts/TerminalLandMono-Regular.otf
08:25:09.451 [FXGL Background Thread 4 ] DEBUG FXGLAssetLoaderServi - Loading from file system: jar:file:///C:/Users/PC/.m2/repository/com/github/almasb/fxgl/17.3/fxgl-17.3.jar!/fxglassets/ui/fonts/Courier-Prime.ttf
08:25:09.474 [JavaFX Application Thread] DEBUG FXGLAssetLoaderServi - Loading from file system: jar:file:///C:/Users/PC/.m2/repository/com/github/almasb/fxgl/17.3/fxgl-17.3.jar!/fxglassets/textures/fxgl_default_cursor.png
08:25:09.490 [JavaFX Application Thread] DEBUG Input                - Registered new binding: Screenshot - CTRL+8
08:25:09.491 [JavaFX Application Thread] DEBUG Input                - Registered new binding: System info dump - CTRL+9
08:25:09.491 [JavaFX Application Thread] DEBUG Input                - Registered new binding: Restart - CTRL+R
08:25:09.492 [JavaFX Application Thread] DEBUG Input                - Registered new binding: Toggle Debug Camera - CTRL+7
08:25:09.500 [JavaFX Application Thread] DEBUG LoopRunner           - Starting loop
08:25:09.500 [JavaFX Application Thread] DEBUG LoopRunner           - Initializing JavaFX AnimationTimerLoop
08:25:09.504 [JavaFX Application Thread] DEBUG Input                - Clearing active input actions
08:25:09.513 [JavaFX Application Thread] DEBUG GameApplicationServi - Removing overlay from FXGLStartupScene and adding to FXGLMainMenuDummyScene
08:25:09.513 [JavaFX Application Thread] DEBUG PrimaryStageWindow   - FXGLStartupScene -> FXGLMainMenuDummyScene
08:25:09.513 [JavaFX Application Thread] DEBUG PrimaryStageWindow   - Push state: ViewMenu
08:25:09.513 [JavaFX Application Thread] DEBUG Input                - Clearing active input actions
08:25:09.531 [JavaFX Application Thread] DEBUG GameApplicationServi - Removing overlay from FXGLMainMenuDummyScene and adding to ViewMenu
08:25:09.532 [JavaFX Application Thread] DEBUG PrimaryStageWindow   - FXGLMainMenuDummyScene -> ViewMenu
08:25:09.533 [JavaFX Application Thread] DEBUG FXGLApplication      - Registering font factories with UI factory
08:25:10.449 [FXGL Background Thread 2 ] INFO  UpdaterService       - Your current version:  17.3
08:25:10.450 [FXGL Background Thread 2 ] INFO  UpdaterService       - Latest stable version: 21.1
08:25:11.228 [JavaFX Application Thread] DEBUG GameApplicationServi - Starting new game
08:25:11.228 [JavaFX Application Thread] DEBUG PrimaryStageWindow   - Pop state: ViewMenu
08:25:11.228 [JavaFX Application Thread] DEBUG Input                - Clearing active input actions
08:25:11.231 [JavaFX Application Thread] DEBUG GameApplicationServi - Removing overlay from ViewMenu and adding to FXGLMainMenuDummyScene
08:25:11.232 [JavaFX Application Thread] DEBUG PrimaryStageWindow   - FXGLMainMenuDummyScene <- ViewMenu
08:25:11.232 [JavaFX Application Thread] DEBUG Input                - Clearing active input actions
08:25:11.240 [JavaFX Application Thread] DEBUG GameApplicationServi - Removing overlay from FXGLMainMenuDummyScene and adding to FXGLLoadingScene
08:25:11.240 [JavaFX Application Thread] DEBUG PrimaryStageWindow   - FXGLMainMenuDummyScene -> FXGLLoadingScene
08:25:11.240 [JavaFX Application Thread] DEBUG GameApplicationServi - Clearing previous game
08:25:11.240 [JavaFX Application Thread] DEBUG GameScene            - Clearing game scene
08:25:11.241 [JavaFX Application Thread] DEBUG GameWorld            - Clearing game world
08:25:11.241 [JavaFX Application Thread] DEBUG PhysicsWorld         - Clearing physics world
08:25:11.245 [FXGL Background Thread 2 ] DEBUG FXGLApplication      - Initializing game
08:25:11.625 [FXGL Background Thread 2 ] DEBUG Input                - Clearing active input actions
08:25:11.625 [FXGL Background Thread 2 ] DEBUG Input                - Registered new binding: Move Up - W
08:25:11.625 [FXGL Background Thread 2 ] DEBUG Input                - Registered new binding: Move Down - S
08:25:11.626 [FXGL Background Thread 2 ] DEBUG Input                - Registered new binding: Move Left - A
08:25:11.626 [FXGL Background Thread 2 ] DEBUG Input                - Registered new binding: Move Right - D
08:25:11.626 [FXGL Background Thread 2 ] DEBUG Input                - Registered new binding: Đặt bom - Space
08:25:11.721 [FXGL Background Thread 2 ] INFO  FXGLApplication      - Game initialization took: 0.477 sec
08:25:11.725 [JavaFX Application Thread] DEBUG Input                - Clearing active input actions
08:25:11.743 [JavaFX Application Thread] DEBUG GameApplicationServi - Removing overlay from FXGLLoadingScene and adding to GameScene
08:25:11.744 [JavaFX Application Thread] DEBUG PrimaryStageWindow   - FXGLLoadingScene -> GameScene
08:25:12.376 [FXGL Background Thread 3 ] DEBUG Engine               - Logging environment variables
08:25:12.378 [FXGL Background Thread 3 ] DEBUG Engine               - achievements: []
08:25:12.378 [FXGL Background Thread 3 ] DEBUG Engine               - actualHeight: 480.0
08:25:12.378 [FXGL Background Thread 3 ] DEBUG Engine               - actualHeightProperty: ReadOnlyDoubleProperty [value: 480.0]
08:25:12.379 [FXGL Background Thread 3 ] DEBUG Engine               - actualWidth: 480.0
08:25:12.379 [FXGL Background Thread 3 ] DEBUG Engine               - actualWidthProperty: ReadOnlyDoubleProperty [value: 480.0]
08:25:12.379 [FXGL Background Thread 3 ] DEBUG Engine               - appIcon: fxgl_icon.png
08:25:12.379 [FXGL Background Thread 3 ] DEBUG Engine               - applicationMode: DEVELOPER
08:25:12.379 [FXGL Background Thread 3 ] DEBUG Engine               - cSSList: [fxgl_dark.css]
08:25:12.379 [FXGL Background Thread 3 ] DEBUG Engine               - collisionDetectionStrategy: BRUTE_FORCE
08:25:12.380 [FXGL Background Thread 3 ] DEBUG Engine               - configClass: Optional.empty
08:25:12.380 [FXGL Background Thread 3 ] DEBUG Engine               - credits: []
08:25:12.381 [FXGL Background Thread 3 ] DEBUG Engine               - defaultCursor: CursorInfo(imageName=fxgl_default_cursor.png, hotspotX=7.0, hotspotY=6.0)
08:25:12.381 [FXGL Background Thread 3 ] DEBUG Engine               - devBBoxColorProperty: ObjectProperty [value: 0xff0000ff]
08:25:12.381 [FXGL Background Thread 3 ] DEBUG Engine               - devEnableDebugCameraProperty: BooleanProperty [value: false]
08:25:12.381 [FXGL Background Thread 3 ] DEBUG Engine               - devSensorColorProperty: ObjectProperty [value: 0xffff00ff]
08:25:12.381 [FXGL Background Thread 3 ] DEBUG Engine               - devShowBBoxProperty: BooleanProperty [value: false]
08:25:12.382 [FXGL Background Thread 3 ] DEBUG Engine               - devShowPositionProperty: BooleanProperty [value: false]
08:25:12.382 [FXGL Background Thread 3 ] DEBUG Engine               - enabledMenuItems: []
08:25:12.382 [FXGL Background Thread 3 ] DEBUG Engine               - engineServices: [class com.almasb.fxgl.app.services.FXGLAssetLoaderService, class com.almasb.fxgl.app.FXGLApplication$GameApplicationService, class com.almasb.fxgl.app.services.FXGLDialogService, class com.almasb.fxgl.app.services.IOTaskExecutorService, class com.almasb.fxgl.io.FileSystemService, class com.almasb.fxgl.localization.LocalizationService, class com.almasb.fxgl.app.services.SystemBundleService, class com.almasb.fxgl.profile.SaveLoadService, class com.almasb.fxgl.ui.FXGLUIFactoryServiceProvider, class com.almasb.fxgl.ui.FXGLDialogFactoryServiceProvider, class com.almasb.fxgl.audio.AudioPlayer, class com.almasb.fxgl.notification.impl.NotificationServiceProvider, class com.almasb.fxgl.achievement.AchievementService, class com.almasb.fxgl.cutscene.CutsceneService, class com.almasb.fxgl.minigames.MiniGameService, class com.almasb.fxgl.net.NetService, class com.almasb.fxgl.app.services.UpdaterService, class com.almasb.fxgl.dev.DevService]
08:25:12.382 [FXGL Background Thread 3 ] DEBUG Engine               - fontGame: Abel-Regular.ttf
08:25:12.382 [FXGL Background Thread 3 ] DEBUG Engine               - fontMono: TerminalLandMono-Regular.otf
08:25:12.382 [FXGL Background Thread 3 ] DEBUG Engine               - fontSizeScaleUI: 1.0
08:25:12.382 [FXGL Background Thread 3 ] DEBUG Engine               - fontText: Courier-Prime.ttf
08:25:12.382 [FXGL Background Thread 3 ] DEBUG Engine               - fontUI: VarelaRound-Regular.ttf
08:25:12.383 [FXGL Background Thread 3 ] DEBUG Engine               - fullScreen: BooleanProperty [value: false]
08:25:12.383 [FXGL Background Thread 3 ] DEBUG Engine               - gameDifficulty: MEDIUM
08:25:12.383 [FXGL Background Thread 3 ] DEBUG Engine               - gameDifficultyProperty: ObjectProperty [value: MEDIUM]
08:25:12.383 [FXGL Background Thread 3 ] DEBUG Engine               - globalMusicVolume: 0.5
08:25:12.383 [FXGL Background Thread 3 ] DEBUG Engine               - globalMusicVolumeProperty: DoubleProperty [value: 0.5]
08:25:12.383 [FXGL Background Thread 3 ] DEBUG Engine               - globalSoundVolume: 0.5
08:25:12.383 [FXGL Background Thread 3 ] DEBUG Engine               - globalSoundVolumeProperty: DoubleProperty [value: 0.5]
08:25:12.384 [FXGL Background Thread 3 ] DEBUG Engine               - height: 480
08:25:12.384 [FXGL Background Thread 3 ] DEBUG Engine               - is3D: false
08:25:12.384 [FXGL Background Thread 3 ] DEBUG Engine               - isAndroid: false
08:25:12.384 [FXGL Background Thread 3 ] DEBUG Engine               - isBrowser: false
08:25:12.384 [FXGL Background Thread 3 ] DEBUG Engine               - isClickFeedbackEnabled: false
08:25:12.385 [FXGL Background Thread 3 ] DEBUG Engine               - isCloseConfirmation: false
08:25:12.385 [FXGL Background Thread 3 ] DEBUG Engine               - isDesktop: true
08:25:12.385 [FXGL Background Thread 3 ] DEBUG Engine               - isDeveloperMenuEnabled: false
08:25:12.385 [FXGL Background Thread 3 ] DEBUG Engine               - isEmbedded: false
08:25:12.385 [FXGL Background Thread 3 ] DEBUG Engine               - isEntityPreloadEnabled: true
08:25:12.385 [FXGL Background Thread 3 ] DEBUG Engine               - isExperimentalTiledLargeMap: false
08:25:12.385 [FXGL Background Thread 3 ] DEBUG Engine               - isFileSystemWriteAllowed: true
08:25:12.385 [FXGL Background Thread 3 ] DEBUG Engine               - isFullScreenAllowed: false
08:25:12.386 [FXGL Background Thread 3 ] DEBUG Engine               - isFullScreenFromStart: false
08:25:12.386 [FXGL Background Thread 3 ] DEBUG Engine               - isGameMenuEnabled: true
08:25:12.386 [FXGL Background Thread 3 ] DEBUG Engine               - isIOS: false
08:25:12.386 [FXGL Background Thread 3 ] DEBUG Engine               - isIntroEnabled: false
08:25:12.386 [FXGL Background Thread 3 ] DEBUG Engine               - isLinux: false
08:25:12.386 [FXGL Background Thread 3 ] DEBUG Engine               - isMac: false
08:25:12.386 [FXGL Background Thread 3 ] DEBUG Engine               - isMainMenuEnabled: true
08:25:12.386 [FXGL Background Thread 3 ] DEBUG Engine               - isManualResizeEnabled: false
08:25:12.386 [FXGL Background Thread 3 ] DEBUG Engine               - isMobile: false
08:25:12.386 [FXGL Background Thread 3 ] DEBUG Engine               - isNative: false
08:25:12.386 [FXGL Background Thread 3 ] DEBUG Engine               - isPauseMusicWhenMinimized: true
08:25:12.386 [FXGL Background Thread 3 ] DEBUG Engine               - isPreserveResizeRatio: false
08:25:12.386 [FXGL Background Thread 3 ] DEBUG Engine               - isProfilingEnabled: false
08:25:12.386 [FXGL Background Thread 3 ] DEBUG Engine               - isScaleAffectedOnResize: true
08:25:12.387 [FXGL Background Thread 3 ] DEBUG Engine               - isSingleStep: false
08:25:12.387 [FXGL Background Thread 3 ] DEBUG Engine               - isUserProfileEnabled: false
08:25:12.387 [FXGL Background Thread 3 ] DEBUG Engine               - isWindows: true
08:25:12.387 [FXGL Background Thread 3 ] DEBUG Engine               - language: ObjectProperty [value: ENGLISH]
08:25:12.388 [FXGL Background Thread 3 ] DEBUG Engine               - menuKey: ESCAPE
08:25:12.388 [FXGL Background Thread 3 ] DEBUG Engine               - mouseSensitivity: 0.2
08:25:12.388 [FXGL Background Thread 3 ] DEBUG Engine               - notificationViewClass: class com.almasb.fxgl.notification.view.XboxNotificationView
08:25:12.388 [FXGL Background Thread 3 ] DEBUG Engine               - pixelsPerMeter: 50.0
08:25:12.388 [FXGL Background Thread 3 ] DEBUG Engine               - platform: WINDOWS
08:25:12.388 [FXGL Background Thread 3 ] DEBUG Engine               - prefHeightProperty: ReadOnlyDoubleProperty [value: 480.0]
08:25:12.388 [FXGL Background Thread 3 ] DEBUG Engine               - prefWidthProperty: ReadOnlyDoubleProperty [value: 480.0]
08:25:12.388 [FXGL Background Thread 3 ] DEBUG Engine               - profileDir: profiles/
08:25:12.388 [FXGL Background Thread 3 ] DEBUG Engine               - profileName: StringProperty [value: DEFAULT]
08:25:12.389 [FXGL Background Thread 3 ] DEBUG Engine               - randomSeed: -1
08:25:12.389 [FXGL Background Thread 3 ] DEBUG Engine               - runtimeInfo: RuntimeInfo(platform=WINDOWS, version=17.3, build=30.03.2023 11.49)
08:25:12.389 [FXGL Background Thread 3 ] DEBUG Engine               - saveFileExt: sav
08:25:12.389 [FXGL Background Thread 3 ] DEBUG Engine               - scaledHeightProp$fxgl: DoubleProperty [bound, value: 480.0]
08:25:12.389 [FXGL Background Thread 3 ] DEBUG Engine               - scaledWidthProp$fxgl: DoubleProperty [bound, value: 480.0]
08:25:12.390 [FXGL Background Thread 3 ] DEBUG Engine               - sceneFactory: org.example.demo.BombermanApp$1@46b60eea
08:25:12.390 [FXGL Background Thread 3 ] DEBUG Engine               - secondsIn24h: 60
08:25:12.390 [FXGL Background Thread 3 ] DEBUG Engine               - soundMenuBack: menu/back.wav
08:25:12.390 [FXGL Background Thread 3 ] DEBUG Engine               - soundMenuPress: menu/press.wav
08:25:12.390 [FXGL Background Thread 3 ] DEBUG Engine               - soundMenuSelect: menu/select.wav
08:25:12.390 [FXGL Background Thread 3 ] DEBUG Engine               - soundNotification: core/notification.wav
08:25:12.390 [FXGL Background Thread 3 ] DEBUG Engine               - stageStyle: DECORATED
08:25:12.391 [FXGL Background Thread 3 ] DEBUG Engine               - supportedLanguages: [ENGLISH, FRENCH, GERMAN, HUNGARIAN, RUSSIAN]
08:25:12.391 [FXGL Background Thread 3 ] DEBUG Engine               - ticksPerSecond: -1
08:25:12.391 [FXGL Background Thread 3 ] DEBUG Engine               - title: Bomberman Game
08:25:12.391 [FXGL Background Thread 3 ] DEBUG Engine               - urlGithub: https://github.com/AlmasB/FXGL
08:25:12.391 [FXGL Background Thread 3 ] DEBUG Engine               - urlLeaderboard: http://fxgl-top.herokuapp.com/
08:25:12.391 [FXGL Background Thread 3 ] DEBUG Engine               - urlPOM: https://raw.githubusercontent.com/AlmasB/FXGL/release/README.md
08:25:12.391 [FXGL Background Thread 3 ] DEBUG Engine               - userAppClass: class org.example.demo.HelloApplication
08:25:12.391 [FXGL Background Thread 3 ] DEBUG Engine               - version: 1.0
08:25:12.391 [FXGL Background Thread 3 ] DEBUG Engine               - versionCheckDays: 7
08:25:12.392 [FXGL Background Thread 3 ] DEBUG Engine               - width: 480
08:25:12.392 [FXGL Background Thread 3 ] DEBUG Engine               - Logging services
08:25:12.392 [FXGL Background Thread 3 ] DEBUG Engine               - class com.almasb.fxgl.app.services.FXGLAssetLoaderService
08:25:12.392 [FXGL Background Thread 3 ] DEBUG Engine               - class com.almasb.fxgl.app.FXGLApplication$GameApplicationService
08:25:12.392 [FXGL Background Thread 3 ] DEBUG Engine               - class com.almasb.fxgl.app.services.FXGLDialogService
08:25:12.392 [FXGL Background Thread 3 ] DEBUG Engine               - class com.almasb.fxgl.app.services.IOTaskExecutorService
08:25:12.392 [FXGL Background Thread 3 ] DEBUG Engine               - class com.almasb.fxgl.io.FileSystemService
08:25:12.392 [FXGL Background Thread 3 ] DEBUG Engine               - class com.almasb.fxgl.localization.LocalizationService
08:25:12.393 [FXGL Background Thread 3 ] DEBUG Engine               - class com.almasb.fxgl.app.services.SystemBundleService
08:25:12.393 [FXGL Background Thread 3 ] DEBUG Engine               - class com.almasb.fxgl.profile.SaveLoadService
08:25:12.393 [FXGL Background Thread 3 ] DEBUG Engine               - class com.almasb.fxgl.ui.FXGLUIFactoryServiceProvider
08:25:12.393 [FXGL Background Thread 3 ] DEBUG Engine               - class com.almasb.fxgl.ui.FXGLDialogFactoryServiceProvider
08:25:12.393 [FXGL Background Thread 3 ] DEBUG Engine               - class com.almasb.fxgl.audio.AudioPlayer
08:25:12.393 [FXGL Background Thread 3 ] DEBUG Engine               - class com.almasb.fxgl.notification.impl.NotificationServiceProvider
08:25:12.393 [FXGL Background Thread 3 ] DEBUG Engine               - class com.almasb.fxgl.achievement.AchievementService
08:25:12.393 [FXGL Background Thread 3 ] DEBUG Engine               - class com.almasb.fxgl.cutscene.CutsceneService
08:25:12.393 [FXGL Background Thread 3 ] DEBUG Engine               - class com.almasb.fxgl.minigames.MiniGameService
08:25:12.393 [FXGL Background Thread 3 ] DEBUG Engine               - class com.almasb.fxgl.net.NetService
08:25:12.393 [FXGL Background Thread 3 ] DEBUG Engine               - class com.almasb.fxgl.app.services.UpdaterService
08:25:12.394 [FXGL Background Thread 3 ] DEBUG Engine               - class com.almasb.fxgl.dev.DevService
08:25:15.914 [JavaFX Application Thread] DEBUG PrimaryStageWindow   - Push state: DialogSubScene
08:25:15.915 [JavaFX Application Thread] DEBUG Input                - Clearing active input actions
08:25:15.916 [JavaFX Application Thread] DEBUG GameApplicationServi - Removing overlay from GameScene and adding to DialogSubScene
08:25:15.916 [JavaFX Application Thread] DEBUG PrimaryStageWindow   - GameScene -> DialogSubScene
08:25:18.147 [JavaFX Application Thread] DEBUG GameApplicationServi - Starting new game
08:25:18.147 [JavaFX Application Thread] DEBUG PrimaryStageWindow   - Pop state: DialogSubScene
08:25:18.147 [JavaFX Application Thread] DEBUG Input                - Clearing active input actions
08:25:18.148 [JavaFX Application Thread] DEBUG GameApplicationServi - Removing overlay from DialogSubScene and adding to GameScene
08:25:18.148 [JavaFX Application Thread] DEBUG PrimaryStageWindow   - GameScene <- DialogSubScene
08:25:18.148 [JavaFX Application Thread] DEBUG Input                - Clearing active input actions
08:25:18.160 [JavaFX Application Thread] DEBUG GameApplicationServi - Removing overlay from GameScene and adding to FXGLLoadingScene
08:25:18.161 [JavaFX Application Thread] DEBUG PrimaryStageWindow   - GameScene -> FXGLLoadingScene
08:25:18.161 [JavaFX Application Thread] DEBUG GameApplicationServi - Clearing previous game
08:25:18.161 [JavaFX Application Thread] DEBUG GameScene            - Clearing game scene
08:25:18.161 [JavaFX Application Thread] DEBUG GameWorld            - Clearing game world
08:25:18.180 [JavaFX Application Thread] DEBUG PhysicsWorld         - Clearing physics world
08:25:18.181 [FXGL Background Thread 2 ] DEBUG FXGLApplication      - Initializing game
08:25:18.279 [FXGL Background Thread 2 ] DEBUG Input                - Clearing active input actions
08:25:18.281 [JavaFX Application Thread] DEBUG LoopRunner           - Stopping loop
08:25:18.283 [JavaFX Application Thread] FATAL FXGLApplication      - Uncaught Exception:
java.lang.RuntimeException: Initialization failed
	at com.almasb.fxgl.all@17.3/com.almasb.fxgl.app.FXGLApplication$InitAppTask.failed(FXGLApplication.kt:343)
	at javafx.graphics/javafx.concurrent.Task.setState(Task.java:710)
	at javafx.graphics/javafx.concurrent.Task$TaskCallable.lambda$call$2(Task.java:1456)
	at javafx.graphics/com.sun.javafx.application.PlatformImpl.lambda$runLater$10(PlatformImpl.java:457)
	at java.base/java.security.AccessController.doPrivileged(AccessController.java:400)
	at javafx.graphics/com.sun.javafx.application.PlatformImpl.lambda$runLater$11(PlatformImpl.java:456)
	at javafx.graphics/com.sun.glass.ui.InvokeLaterDispatcher$Future.run(InvokeLaterDispatcher.java:96)
	at javafx.graphics/com.sun.glass.ui.win.WinApplication._runLoop(Native Method)
	at javafx.graphics/com.sun.glass.ui.win.WinApplication.lambda$runLoop$3(WinApplication.java:184)
	at java.base/java.lang.Thread.run(Thread.java:1575)
Caused by: java.lang.IllegalArgumentException: Action already exists: Move Up
	at com.almasb.fxgl.core@17.3/com.almasb.fxgl.input.Input.addBinding(Input.kt:511)
	at com.almasb.fxgl.core@17.3/com.almasb.fxgl.input.Input.addAction(Input.kt:507)
	at com.almasb.fxgl.core@17.3/com.almasb.fxgl.input.Input.addAction$default(Input.kt:504)
	at com.almasb.fxgl.core@17.3/com.almasb.fxgl.input.Input.addAction(Input.kt)
	at org.example.demo/org.example.demo.Player.initInput(Player.java:96)
	at org.example.demo/org.example.demo.Player.spawnPlayer(Player.java:89)
	at org.example.demo/org.example.demo.BombermanApp.initGame(BombermanApp.java:157)
	at com.almasb.fxgl.all@17.3/com.almasb.fxgl.app.FXGLApplication$InitAppTask.initGame(FXGLApplication.kt:339)
	at com.almasb.fxgl.all@17.3/com.almasb.fxgl.app.FXGLApplication$InitAppTask.call(FXGLApplication.kt:319)
	at com.almasb.fxgl.all@17.3/com.almasb.fxgl.app.FXGLApplication$InitAppTask.call(FXGLApplication.kt:311)
	at javafx.graphics/javafx.concurrent.Task$TaskCallable.call(Task.java:1426)
	at java.base/java.util.concurrent.FutureTask.run(FutureTask.java:317)
	at java.base/java.util.concurrent.Executors$RunnableAdapter.call(Executors.java:572)
	at java.base/java.util.concurrent.FutureTask.run(FutureTask.java:317)
	at java.base/java.util.concurrent.ThreadPoolExecutor.runWorker(ThreadPoolExecutor.java:1144)
	at java.base/java.util.concurrent.ThreadPoolExecutor$Worker.run(ThreadPoolExecutor.java:642)
	... 1 more

08:25:18.283 [JavaFX Application Thread] FATAL FXGLApplication      - Application will now exit
08:25:18.299 [JavaFX Application Thread] DEBUG PrimaryStageWindow   - Push state: ErrorSubScene
08:25:18.300 [JavaFX Application Thread] DEBUG Input                - Clearing active input actions
08:25:18.301 [JavaFX Application Thread] DEBUG GameApplicationServi - Removing overlay from FXGLLoadingScene and adding to ErrorSubScene
08:25:18.301 [JavaFX Application Thread] DEBUG PrimaryStageWindow   - FXGLLoadingScene -> ErrorSubScene
08:25:28.753 [JavaFX Application Thread] DEBUG FXGLApplication      - Exiting FXGL
08:25:28.754 [JavaFX Application Thread] DEBUG Async                - Shutting down background threads
08:25:28.754 [JavaFX Application Thread] DEBUG PrimaryStageWindow   - Closing main window
08:25:28.788 [JavaFX Application Thread] DEBUG Logger               - Closing Logger
